Using MPI version 4.0, 2 processes
-----------
Initializing structure...
Halving computational cell along direction x
Halving computational cell along direction z
Splitting into 2 chunks by voxels
time for choose_chunkdivision = 0.000749111 s
Working in 3D dimensions.
Computational cell is 12.5 x 5.01667 x 4.13333 with resolution 60
     block, center = (0,0.281,0)
          size (1e+20,0.462,0.14)
          axes (1,0,0), (0,1,0), (0,0,1)
          dielectric constant epsilon diagonal = (4,4,4)
     block, center = (0,-0.281,0)
          size (1e+20,0.462,0.14)
          axes (1,0,0), (0,1,0), (0,0,1)
          dielectric constant epsilon diagonal = (4,4,4)
     cylinder, center = (1.29643,0.281,0)
          radius 0.1155, height 1e+20, axis (0, 0, 1)
          dielectric constant epsilon diagonal = (1,1,1)
     cylinder, center = (-1.29643,0.281,0)
          radius 0.1155, height 1e+20, axis (0, 0, 1)
          dielectric constant epsilon diagonal = (1,1,1)
     cylinder, center = (1.62643,0.281,0)
          radius 0.1155, height 1e+20, axis (0, 0, 1)
          dielectric constant epsilon diagonal = (1,1,1)
     cylinder, center = (-1.62643,0.281,0)
          radius 0.1155, height 1e+20, axis (0, 0, 1)
          dielectric constant epsilon diagonal = (1,1,1)
     cylinder, center = (1.95643,0.281,0)
          radius 0.1155, height 1e+20, axis (0, 0, 1)
          dielectric constant epsilon diagonal = (1,1,1)
     cylinder, center = (-1.95643,0.281,0)
          radius 0.1155, height 1e+20, axis (0, 0, 1)
          dielectric constant epsilon diagonal = (1,1,1)
     cylinder, center = (0.127286,0.281,0)
          radius 0.0891, height 1e+20, axis (0, 0, 1)
          dielectric constant epsilon diagonal = (1,1,1)
     cylinder, center = (-0.127286,0.281,0)
          radius 0.0891, height 1e+20, axis (0, 0, 1)
          dielectric constant epsilon diagonal = (1,1,1)
     ...(+ 44 objects not shown)...
time for set_epsilon = 23.1242 s
-----------
Meep progress: 0.008333333333333333/30.399999618530273 = 0.0% done in 10.4s, 37981.3s to go
on time step 1 (time=0.00833333), 10.4143 s/step
Meep progress: 0.16666666666666666/30.399999618530273 = 0.5% done in 14.4s, 2615.9s to go
on time step 20 (time=0.166667), 0.210849 s/step
Meep progress: 0.325/30.399999618530273 = 1.1% done in 18.4s, 1705.4s to go
on time step 39 (time=0.325), 0.210953 s/step
Meep progress: 0.48333333333333334/30.399999618530273 = 1.6% done in 22.4s, 1388.7s to go
on time step 58 (time=0.483333), 0.210928 s/step
Meep progress: 0.6416666666666666/30.399999618530273 = 2.1% done in 26.5s, 1227.3s to go
on time step 77 (time=0.641667), 0.211932 s/step
Meep progress: 0.8083333333333333/30.399999618530273 = 2.7% done in 30.7s, 1122.7s to go
on time step 97 (time=0.808333), 0.210299 s/step
Meep progress: 0.9666666666666667/30.399999618530273 = 3.2% done in 34.7s, 1055.9s to go
on time step 116 (time=0.966667), 0.210939 s/step
     block, center = (0,0.281,0)
          size (1e+20,0.462,0.14)
          axes (1,0,0), (0,1,0), (0,0,1)
          dielectric constant epsilon diagonal = (4,4,4)
     block, center = (0,-0.281,0)
          size (1e+20,0.462,0.14)
          axes (1,0,0), (0,1,0), (0,0,1)
          dielectric constant epsilon diagonal = (4,4,4)
     cylinder, center = (1.29643,0.281,0)
          radius 0.1155, height 1e+20, axis (0, 0, 1)
          dielectric constant epsilon diagonal = (1,1,1)
     cylinder, center = (-1.29643,0.281,0)
          radius 0.1155, height 1e+20, axis (0, 0, 1)
          dielectric constant epsilon diagonal = (1,1,1)
     cylinder, center = (1.62643,0.281,0)
          radius 0.1155, height 1e+20, axis (0, 0, 1)
          dielectric constant epsilon diagonal = (1,1,1)
     cylinder, center = (-1.62643,0.281,0)
          radius 0.1155, height 1e+20, axis (0, 0, 1)
          dielectric constant epsilon diagonal = (1,1,1)
     cylinder, center = (1.95643,0.281,0)
          radius 0.1155, height 1e+20, axis (0, 0, 1)
          dielectric constant epsilon diagonal = (1,1,1)
     cylinder, center = (-1.95643,0.281,0)
          radius 0.1155, height 1e+20, axis (0, 0, 1)
          dielectric constant epsilon diagonal = (1,1,1)
     cylinder, center = (0.127286,0.281,0)
          radius 0.0891, height 1e+20, axis (0, 0, 1)
          dielectric constant epsilon diagonal = (1,1,1)
     cylinder, center = (-0.127286,0.281,0)
          radius 0.0891, height 1e+20, axis (0, 0, 1)
          dielectric constant epsilon diagonal = (1,1,1)
     ...(+ 44 objects not shown)...
Meep progress: 1.1166666666666667/30.399999618530273 = 3.7% done in 38.8s, 1016.2s to go
on time step 134 (time=1.11667), 0.226287 s/step
Meep progress: 1.275/30.399999618530273 = 4.2% done in 42.8s, 977.3s to go
on time step 153 (time=1.275), 0.212311 s/step
Meep progress: 1.4333333333333333/30.399999618530273 = 4.7% done in 46.8s, 946.0s to go
on time step 172 (time=1.43333), 0.211887 s/step
Meep progress: 1.6/30.399999618530273 = 5.3% done in 51.0s, 918.3s to go
on time step 192 (time=1.6), 0.210281 s/step
Meep progress: 1.7583333333333333/30.399999618530273 = 5.8% done in 55.0s, 896.5s to go
on time step 211 (time=1.75833), 0.211697 s/step
Meep progress: 1.925/30.399999618530273 = 6.3% done in 59.3s, 876.7s to go
on time step 231 (time=1.925), 0.211554 s/step
Meep progress: 2.0833333333333335/30.399999618530273 = 6.9% done in 63.5s, 862.5s to go
on time step 250 (time=2.08333), 0.220449 s/step
Meep progress: 2.2416666666666667/30.399999618530273 = 7.4% done in 67.5s, 847.5s to go
on time step 269 (time=2.24167), 0.2113 s/step
Meep progress: 2.4/30.399999618530273 = 7.9% done in 71.5s, 833.9s to go
on time step 288 (time=2.4), 0.210935 s/step
Meep progress: 2.558333333333333/30.399999618530273 = 8.4% done in 75.5s, 821.7s to go
on time step 307 (time=2.55833), 0.211664 s/step
Meep progress: 2.725/30.399999618530273 = 9.0% done in 79.7s, 809.6s to go
on time step 327 (time=2.725), 0.210496 s/step
Meep progress: 2.8833333333333333/30.399999618530273 = 9.5% done in 83.8s, 799.3s to go
on time step 346 (time=2.88333), 0.212578 s/step
Meep progress: 3.033333333333333/30.399999618530273 = 10.0% done in 87.8s, 792.1s to go
on time step 364 (time=3.03333), 0.224623 s/step
Meep progress: 3.2/30.399999618530273 = 10.5% done in 92.0s, 782.0s to go
on time step 384 (time=3.2), 0.210083 s/step
Meep progress: 3.3583333333333334/30.399999618530273 = 11.0% done in 96.0s, 773.2s to go
on time step 403 (time=3.35833), 0.212283 s/step
Meep progress: 3.5166666666666666/30.399999618530273 = 11.6% done in 100.0s, 764.7s to go
on time step 422 (time=3.51667), 0.210857 s/step
Meep progress: 3.675/30.399999618530273 = 12.1% done in 104.1s, 756.7s to go
on time step 441 (time=3.675), 0.211466 s/step
Meep progress: 3.8333333333333335/30.399999618530273 = 12.6% done in 108.1s, 748.9s to go
on time step 460 (time=3.83333), 0.210872 s/step
Meep progress: 3.9916666666666667/30.399999618530273 = 13.1% done in 112.1s, 741.6s to go
on time step 479 (time=3.99167), 0.212103 s/step
Meep progress: 4.141666666666667/30.399999618530273 = 13.6% done in 116.1s, 736.0s to go
on time step 497 (time=4.14167), 0.222292 s/step
Meep progress: 4.308333333333334/30.399999618530273 = 14.2% done in 120.3s, 728.5s to go
on time step 517 (time=4.30833), 0.20995 s/step
Meep progress: 4.466666666666667/30.399999618530273 = 14.7% done in 124.3s, 721.8s to go
on time step 536 (time=4.46667), 0.211984 s/step
Meep progress: 4.633333333333333/30.399999618530273 = 15.2% done in 128.5s, 714.7s to go
on time step 556 (time=4.63333), 0.210278 s/step
Meep progress: 4.791666666666667/30.399999618530273 = 15.8% done in 132.5s, 708.4s to go
on time step 575 (time=4.79167), 0.211671 s/step
Meep progress: 4.95/30.399999618530273 = 16.3% done in 136.6s, 702.1s to go
on time step 594 (time=4.95), 0.211296 s/step
Meep progress: 5.108333333333333/30.399999618530273 = 16.8% done in 140.7s, 696.8s to go
on time step 613 (time=5.10833), 0.22023 s/step
Meep progress: 5.266666666666667/30.399999618530273 = 17.3% done in 144.8s, 690.9s to go
on time step 632 (time=5.26667), 0.211732 s/step
Meep progress: 5.433333333333334/30.399999618530273 = 17.9% done in 149.0s, 684.6s to go
on time step 652 (time=5.43333), 0.210335 s/step
Meep progress: 5.591666666666667/30.399999618530273 = 18.4% done in 153.0s, 678.7s to go
on time step 671 (time=5.59167), 0.210841 s/step
Meep progress: 5.75/30.399999618530273 = 18.9% done in 157.0s, 673.0s to go
on time step 690 (time=5.75), 0.210783 s/step
Meep progress: 5.908333333333333/30.399999618530273 = 19.4% done in 161.0s, 667.4s to go
on time step 709 (time=5.90833), 0.211922 s/step
Meep progress: 6.066666666666666/30.399999618530273 = 20.0% done in 165.2s, 662.7s to go
on time step 728 (time=6.06667), 0.221501 s/step
Meep progress: 6.233333333333333/30.399999618530273 = 20.5% done in 169.4s, 656.9s to go
on time step 748 (time=6.23333), 0.210482 s/step
Meep progress: 6.391666666666667/30.399999618530273 = 21.0% done in 173.5s, 651.5s to go
on time step 767 (time=6.39167), 0.211786 s/step
Meep progress: 6.558333333333334/30.399999618530273 = 21.6% done in 177.7s, 645.9s to go
on time step 787 (time=6.55833), 0.210269 s/step
Meep progress: 6.716666666666667/30.399999618530273 = 22.1% done in 181.7s, 640.6s to go
on time step 806 (time=6.71667), 0.211314 s/step
Meep progress: 6.875/30.399999618530273 = 22.6% done in 185.7s, 635.4s to go
on time step 825 (time=6.875), 0.21098 s/step
Meep progress: 7.033333333333333/30.399999618530273 = 23.1% done in 189.9s, 630.8s to go
on time step 844 (time=7.03333), 0.219837 s/step
Meep progress: 7.191666666666666/30.399999618530273 = 23.7% done in 193.9s, 625.7s to go
on time step 863 (time=7.19167), 0.212601 s/step
Meep progress: 7.35/30.399999618530273 = 24.2% done in 197.9s, 620.7s to go
on time step 882 (time=7.35), 0.211201 s/step
Meep progress: 7.508333333333333/30.399999618530273 = 24.7% done in 201.9s, 615.7s to go
on time step 901 (time=7.50833), 0.212381 s/step
Meep progress: 7.666666666666667/30.399999618530273 = 25.2% done in 206.0s, 610.7s to go
on time step 920 (time=7.66667), 0.211562 s/step
Meep progress: 7.825/30.399999618530273 = 25.7% done in 210.0s, 605.8s to go
on time step 939 (time=7.825), 0.211594 s/step
Meep progress: 7.983333333333333/30.399999618530273 = 26.3% done in 214.0s, 600.9s to go
on time step 958 (time=7.98333), 0.211854 s/step
Meep progress: 8.141666666666666/30.399999618530273 = 26.8% done in 218.2s, 596.5s to go
on time step 977 (time=8.14167), 0.220226 s/step
Meep progress: 8.3/30.399999618530273 = 27.3% done in 222.2s, 591.7s to go
on time step 996 (time=8.3), 0.212488 s/step
Meep progress: 8.458333333333334/30.399999618530273 = 27.8% done in 226.2s, 586.9s to go
on time step 1015 (time=8.45833), 0.211043 s/step
Meep progress: 8.616666666666667/30.399999618530273 = 28.3% done in 230.3s, 582.2s to go
on time step 1034 (time=8.61667), 0.212305 s/step
Meep progress: 8.783333333333333/30.399999618530273 = 28.9% done in 234.5s, 577.1s to go
on time step 1054 (time=8.78333), 0.210264 s/step
Meep progress: 8.941666666666666/30.399999618530273 = 29.4% done in 238.5s, 572.4s to go
on time step 1073 (time=8.94167), 0.21178 s/step
Meep progress: 9.1/30.399999618530273 = 29.9% done in 242.7s, 568.1s to go
on time step 1092 (time=9.1), 0.220846 s/step
Meep progress: 9.266666666666666/30.399999618530273 = 30.5% done in 246.9s, 563.1s to go
on time step 1112 (time=9.26667), 0.210323 s/step
Meep progress: 9.425/30.399999618530273 = 31.0% done in 250.9s, 558.4s to go
on time step 1131 (time=9.425), 0.211241 s/step
Meep progress: 9.583333333333334/30.399999618530273 = 31.5% done in 254.9s, 553.7s to go
on time step 1150 (time=9.58333), 0.210558 s/step
Meep progress: 9.741666666666667/30.399999618530273 = 32.0% done in 258.9s, 549.1s to go
on time step 1169 (time=9.74167), 0.211415 s/step
Meep progress: 9.9/30.399999618530273 = 32.6% done in 263.0s, 544.6s to go
on time step 1188 (time=9.9), 0.213658 s/step
Meep progress: 10.058333333333334/30.399999618530273 = 33.1% done in 267.2s, 540.4s to go
on time step 1207 (time=10.0583), 0.220876 s/step
Meep progress: 10.216666666666667/30.399999618530273 = 33.6% done in 271.2s, 535.8s to go
on time step 1226 (time=10.2167), 0.212036 s/step
Meep progress: 10.375/30.399999618530273 = 34.1% done in 275.2s, 531.2s to go
on time step 1245 (time=10.375), 0.210534 s/step
Meep progress: 10.533333333333333/30.399999618530273 = 34.6% done in 279.3s, 526.7s to go
on time step 1264 (time=10.5333), 0.212895 s/step
Meep progress: 10.691666666666666/30.399999618530273 = 35.2% done in 283.3s, 522.3s to go
on time step 1283 (time=10.6917), 0.214396 s/step
Meep progress: 10.85/30.399999618530273 = 35.7% done in 287.4s, 517.8s to go
on time step 1302 (time=10.85), 0.211915 s/step
Meep progress: 11.008333333333333/30.399999618530273 = 36.2% done in 291.6s, 513.6s to go
on time step 1321 (time=11.0083), 0.221259 s/step
Meep progress: 11.166666666666666/30.399999618530273 = 36.7% done in 295.6s, 509.1s to go
on time step 1340 (time=11.1667), 0.210932 s/step
Meep progress: 11.325/30.399999618530273 = 37.3% done in 299.6s, 504.6s to go
on time step 1359 (time=11.325), 0.211931 s/step
Meep progress: 11.483333333333333/30.399999618530273 = 37.8% done in 303.6s, 500.2s to go
on time step 1378 (time=11.4833), 0.211234 s/step
Meep progress: 11.641666666666666/30.399999618530273 = 38.3% done in 307.7s, 495.7s to go
on time step 1397 (time=11.6417), 0.211899 s/step
Meep progress: 11.8/30.399999618530273 = 38.8% done in 311.7s, 491.3s to go
on time step 1416 (time=11.8), 0.210883 s/step
Meep progress: 11.958333333333334/30.399999618530273 = 39.3% done in 315.7s, 486.9s to go
on time step 1435 (time=11.9583), 0.212367 s/step
Meep progress: 12.116666666666667/30.399999618530273 = 39.9% done in 319.9s, 482.7s to go
on time step 1454 (time=12.1167), 0.221555 s/step
Meep progress: 12.283333333333333/30.399999618530273 = 40.4% done in 324.1s, 478.0s to go
on time step 1474 (time=12.2833), 0.210811 s/step
Meep progress: 12.441666666666666/30.399999618530273 = 40.9% done in 328.1s, 473.6s to go
on time step 1493 (time=12.4417), 0.210984 s/step
Meep progress: 12.608333333333333/30.399999618530273 = 41.5% done in 332.3s, 469.0s to go
on time step 1513 (time=12.6083), 0.210248 s/step
Meep progress: 12.766666666666666/30.399999618530273 = 42.0% done in 336.4s, 464.6s to go
on time step 1532 (time=12.7667), 0.211559 s/step
Meep progress: 12.924999999999999/30.399999618530273 = 42.5% done in 340.4s, 460.2s to go
on time step 1551 (time=12.925), 0.211171 s/step
Meep progress: 13.083333333333334/30.399999618530273 = 43.0% done in 344.6s, 456.1s to go
on time step 1570 (time=13.0833), 0.220851 s/step
Meep progress: 13.241666666666667/30.399999618530273 = 43.6% done in 348.6s, 451.7s to go
on time step 1589 (time=13.2417), 0.211429 s/step
Meep progress: 13.4/30.399999618530273 = 44.1% done in 352.6s, 447.3s to go
on time step 1608 (time=13.4), 0.211427 s/step
Meep progress: 13.558333333333334/30.399999618530273 = 44.6% done in 356.6s, 443.0s to go
on time step 1627 (time=13.5583), 0.21164 s/step
Meep progress: 13.725/30.399999618530273 = 45.1% done in 360.8s, 438.4s to go
on time step 1647 (time=13.725), 0.210185 s/step
Meep progress: 13.883333333333333/30.399999618530273 = 45.7% done in 364.8s, 434.0s to go
on time step 1666 (time=13.8833), 0.211112 s/step
Meep progress: 14.041666666666666/30.399999618530273 = 46.2% done in 369.0s, 429.9s to go
on time step 1685 (time=14.0417), 0.221451 s/step
Meep progress: 14.2/30.399999618530273 = 46.7% done in 373.1s, 425.6s to go
on time step 1704 (time=14.2), 0.211104 s/step
Meep progress: 14.358333333333333/30.399999618530273 = 47.2% done in 377.1s, 421.3s to go
on time step 1723 (time=14.3583), 0.212786 s/step
Meep progress: 14.516666666666666/30.399999618530273 = 47.8% done in 381.1s, 417.0s to go
on time step 1742 (time=14.5167), 0.211276 s/step
Meep progress: 14.674999999999999/30.399999618530273 = 48.3% done in 385.1s, 412.7s to go
on time step 1761 (time=14.675), 0.212579 s/step
Meep progress: 14.833333333333334/30.399999618530273 = 48.8% done in 389.2s, 408.4s to go
on time step 1780 (time=14.8333), 0.210977 s/step
Meep progress: 14.991666666666667/30.399999618530273 = 49.3% done in 393.2s, 404.1s to go
on time step 1799 (time=14.9917), 0.21151 s/step
Meep progress: 15.141666666666666/30.399999618530273 = 49.8% done in 397.2s, 400.2s to go
on time step 1817 (time=15.1417), 0.222746 s/step
Meep progress: 15.299999999999999/30.399999618530273 = 50.3% done in 401.2s, 396.0s to go
on time step 1836 (time=15.3), 0.211249 s/step
Meep progress: 15.458333333333334/30.399999618530273 = 50.8% done in 405.2s, 391.7s to go
on time step 1855 (time=15.4583), 0.212191 s/step
Meep progress: 15.625/30.399999618530273 = 51.4% done in 409.4s, 387.2s to go
on time step 1875 (time=15.625), 0.21005 s/step
Meep progress: 15.783333333333333/30.399999618530273 = 51.9% done in 413.4s, 382.9s to go
on time step 1894 (time=15.7833), 0.21148 s/step
Meep progress: 15.95/30.399999618530273 = 52.5% done in 417.7s, 378.4s to go
on time step 1914 (time=15.95), 0.211262 s/step
Meep progress: 16.108333333333334/30.399999618530273 = 53.0% done in 421.9s, 374.3s to go
on time step 1933 (time=16.1083), 0.221346 s/step
Meep progress: 16.266666666666666/30.399999618530273 = 53.5% done in 425.9s, 370.1s to go
on time step 1952 (time=16.2667), 0.212113 s/step
Meep progress: 16.425/30.399999618530273 = 54.0% done in 429.9s, 365.8s to go
on time step 1971 (time=16.425), 0.211721 s/step
Meep progress: 16.583333333333332/30.399999618530273 = 54.6% done in 434.0s, 361.6s to go
on time step 1990 (time=16.5833), 0.212314 s/step
Meep progress: 16.741666666666667/30.399999618530273 = 55.1% done in 438.0s, 357.3s to go
on time step 2009 (time=16.7417), 0.211672 s/step
Meep progress: 16.9/30.399999618530273 = 55.6% done in 442.0s, 353.1s to go
on time step 2028 (time=16.9), 0.211664 s/step
Meep progress: 17.058333333333334/30.399999618530273 = 56.1% done in 446.2s, 349.0s to go
on time step 2047 (time=17.0583), 0.221901 s/step
Meep progress: 17.225/30.399999618530273 = 56.7% done in 450.4s, 344.5s to go
on time step 2067 (time=17.225), 0.210221 s/step
Meep progress: 17.383333333333333/30.399999618530273 = 57.2% done in 454.5s, 340.3s to go
on time step 2086 (time=17.3833), 0.2119 s/step
Meep progress: 17.55/30.399999618530273 = 57.7% done in 458.7s, 335.8s to go
on time step 2106 (time=17.55), 0.210006 s/step
Meep progress: 17.708333333333332/30.399999618530273 = 58.3% done in 462.7s, 331.6s to go
on time step 2125 (time=17.7083), 0.212714 s/step
Meep progress: 17.875/30.399999618530273 = 58.8% done in 466.9s, 327.2s to go
on time step 2145 (time=17.875), 0.21171 s/step
Meep progress: 18.03333333333333/30.399999618530273 = 59.3% done in 471.1s, 323.1s to go
on time step 2164 (time=18.0333), 0.22061 s/step
Meep progress: 18.191666666666666/30.399999618530273 = 59.8% done in 475.1s, 318.9s to go
on time step 2183 (time=18.1917), 0.211395 s/step
Meep progress: 18.35/30.399999618530273 = 60.4% done in 479.1s, 314.6s to go
on time step 2202 (time=18.35), 0.210579 s/step
Meep progress: 18.508333333333333/30.399999618530273 = 60.9% done in 483.2s, 310.4s to go
on time step 2221 (time=18.5083), 0.211902 s/step
Meep progress: 18.666666666666668/30.399999618530273 = 61.4% done in 487.2s, 306.2s to go
on time step 2240 (time=18.6667), 0.210545 s/step
Meep progress: 18.825/30.399999618530273 = 61.9% done in 491.2s, 302.0s to go
on time step 2259 (time=18.825), 0.212434 s/step
Meep progress: 18.983333333333334/30.399999618530273 = 62.4% done in 495.3s, 297.9s to go
on time step 2278 (time=18.9833), 0.214128 s/step
Meep progress: 19.141666666666666/30.399999618530273 = 63.0% done in 499.5s, 293.8s to go
on time step 2297 (time=19.1417), 0.22094 s/step
Meep progress: 19.3/30.399999618530273 = 63.5% done in 503.5s, 289.6s to go
on time step 2316 (time=19.3), 0.211271 s/step
Meep progress: 19.458333333333332/30.399999618530273 = 64.0% done in 507.5s, 285.4s to go
on time step 2335 (time=19.4583), 0.21065 s/step
Meep progress: 19.616666666666667/30.399999618530273 = 64.5% done in 511.5s, 281.2s to go
on time step 2354 (time=19.6167), 0.211538 s/step
Meep progress: 19.775/30.399999618530273 = 65.0% done in 515.5s, 277.0s to go
on time step 2373 (time=19.775), 0.211434 s/step
Meep progress: 19.933333333333334/30.399999618530273 = 65.6% done in 519.6s, 272.8s to go
on time step 2392 (time=19.9333), 0.212607 s/step
Meep progress: 20.083333333333332/30.399999618530273 = 66.1% done in 523.6s, 269.0s to go
on time step 2410 (time=20.0833), 0.224483 s/step
Meep progress: 20.241666666666667/30.399999618530273 = 66.6% done in 527.6s, 264.8s to go
on time step 2429 (time=20.2417), 0.21096 s/step
Meep progress: 20.4/30.399999618530273 = 67.1% done in 531.6s, 260.6s to go
on time step 2448 (time=20.4), 0.211992 s/step
Meep progress: 20.558333333333334/30.399999618530273 = 67.6% done in 535.7s, 256.4s to go
on time step 2467 (time=20.5583), 0.21242 s/step
Meep progress: 20.716666666666665/30.399999618530273 = 68.1% done in 539.7s, 252.3s to go
on time step 2486 (time=20.7167), 0.21216 s/step
Meep progress: 20.875/30.399999618530273 = 68.7% done in 543.7s, 248.1s to go
on time step 2505 (time=20.875), 0.211079 s/step
Meep progress: 21.025/30.399999618530273 = 69.2% done in 547.7s, 244.2s to go
on time step 2523 (time=21.025), 0.22305 s/step
Meep progress: 21.183333333333334/30.399999618530273 = 69.7% done in 551.8s, 240.1s to go
on time step 2542 (time=21.1833), 0.212825 s/step
Meep progress: 21.341666666666665/30.399999618530273 = 70.2% done in 555.8s, 235.9s to go
on time step 2561 (time=21.3417), 0.211016 s/step
Meep progress: 21.5/30.399999618530273 = 70.7% done in 559.8s, 231.7s to go
on time step 2580 (time=21.5), 0.212687 s/step
Meep progress: 21.65833333333333/30.399999618530273 = 71.2% done in 563.8s, 227.6s to go
on time step 2599 (time=21.6583), 0.211251 s/step
Meep progress: 21.816666666666666/30.399999618530273 = 71.8% done in 567.9s, 223.4s to go
on time step 2618 (time=21.8167), 0.211746 s/step
Meep progress: 21.975/30.399999618530273 = 72.3% done in 571.9s, 219.3s to go
on time step 2637 (time=21.975), 0.211621 s/step
Meep progress: 22.125/30.399999618530273 = 72.8% done in 575.9s, 215.4s to go
on time step 2655 (time=22.125), 0.22324 s/step
Meep progress: 22.28333333333333/30.399999618530273 = 73.3% done in 580.0s, 211.2s to go
on time step 2674 (time=22.2833), 0.212955 s/step
Meep progress: 22.441666666666666/30.399999618530273 = 73.8% done in 584.0s, 207.1s to go
on time step 2693 (time=22.4417), 0.21121 s/step
Meep progress: 22.6/30.399999618530273 = 74.3% done in 588.0s, 202.9s to go
on time step 2712 (time=22.6), 0.212246 s/step
Meep progress: 22.766666666666666/30.399999618530273 = 74.9% done in 592.2s, 198.6s to go
on time step 2732 (time=22.7667), 0.210812 s/step
Meep progress: 22.925/30.399999618530273 = 75.4% done in 596.2s, 194.4s to go
on time step 2751 (time=22.925), 0.211716 s/step
Meep progress: 23.083333333333332/30.399999618530273 = 75.9% done in 600.4s, 190.3s to go
on time step 2770 (time=23.0833), 0.221475 s/step
Meep progress: 23.241666666666667/30.399999618530273 = 76.5% done in 604.5s, 186.2s to go
on time step 2789 (time=23.2417), 0.212508 s/step
Meep progress: 23.4/30.399999618530273 = 77.0% done in 608.5s, 182.0s to go
on time step 2808 (time=23.4), 0.212868 s/step
Meep progress: 23.558333333333334/30.399999618530273 = 77.5% done in 612.5s, 177.9s to go
on time step 2827 (time=23.5583), 0.210703 s/step
Meep progress: 23.716666666666665/30.399999618530273 = 78.0% done in 616.6s, 173.7s to go
on time step 2846 (time=23.7167), 0.212797 s/step
Meep progress: 23.875/30.399999618530273 = 78.5% done in 620.6s, 169.6s to go
on time step 2865 (time=23.875), 0.210941 s/step
Meep progress: 24.025/30.399999618530273 = 79.0% done in 624.6s, 165.7s to go
on time step 2883 (time=24.025), 0.223593 s/step
Meep progress: 24.183333333333334/30.399999618530273 = 79.6% done in 628.6s, 161.6s to go
on time step 2902 (time=24.1833), 0.211814 s/step
Meep progress: 24.341666666666665/30.399999618530273 = 80.1% done in 632.7s, 157.5s to go
on time step 2921 (time=24.3417), 0.211938 s/step
Meep progress: 24.5/30.399999618530273 = 80.6% done in 636.7s, 153.3s to go
on time step 2940 (time=24.5), 0.212338 s/step
Meep progress: 24.65833333333333/30.399999618530273 = 81.1% done in 640.7s, 149.2s to go
on time step 2959 (time=24.6583), 0.211537 s/step
Meep progress: 24.816666666666666/30.399999618530273 = 81.6% done in 644.8s, 145.1s to go
on time step 2978 (time=24.8167), 0.212743 s/step
Meep progress: 24.975/30.399999618530273 = 82.2% done in 648.8s, 140.9s to go
on time step 2997 (time=24.975), 0.213483 s/step
Meep progress: 25.125/30.399999618530273 = 82.6% done in 652.8s, 137.1s to go
on time step 3015 (time=25.125), 0.222442 s/step
Meep progress: 25.28333333333333/30.399999618530273 = 83.2% done in 656.8s, 132.9s to go
on time step 3034 (time=25.2833), 0.211178 s/step
Meep progress: 25.441666666666666/30.399999618530273 = 83.7% done in 660.9s, 128.8s to go
on time step 3053 (time=25.4417), 0.213366 s/step
Meep progress: 25.6/30.399999618530273 = 84.2% done in 664.9s, 124.7s to go
on time step 3072 (time=25.6), 0.213069 s/step
Meep progress: 25.758333333333333/30.399999618530273 = 84.7% done in 668.9s, 120.5s to go
on time step 3091 (time=25.7583), 0.21128 s/step
Meep progress: 25.916666666666668/30.399999618530273 = 85.3% done in 673.0s, 116.4s to go
on time step 3110 (time=25.9167), 0.211377 s/step
Meep progress: 26.075/30.399999618530273 = 85.8% done in 677.2s, 112.3s to go
on time step 3129 (time=26.075), 0.22086 s/step
Meep progress: 26.233333333333334/30.399999618530273 = 86.3% done in 681.2s, 108.2s to go
on time step 3148 (time=26.2333), 0.212159 s/step
Meep progress: 26.391666666666666/30.399999618530273 = 86.8% done in 685.2s, 104.1s to go
on time step 3167 (time=26.3917), 0.21112 s/step
Meep progress: 26.55/30.399999618530273 = 87.3% done in 689.2s, 99.9s to go
on time step 3186 (time=26.55), 0.213138 s/step
Meep progress: 26.708333333333332/30.399999618530273 = 87.9% done in 693.3s, 95.8s to go
on time step 3205 (time=26.7083), 0.21223 s/step
Meep progress: 26.866666666666667/30.399999618530273 = 88.4% done in 697.3s, 91.7s to go
on time step 3224 (time=26.8667), 0.211235 s/step
Meep progress: 27.025/30.399999618530273 = 88.9% done in 701.5s, 87.6s to go
on time step 3243 (time=27.025), 0.221063 s/step
Meep progress: 27.183333333333334/30.399999618530273 = 89.4% done in 705.5s, 83.5s to go
on time step 3262 (time=27.1833), 0.210684 s/step
Meep progress: 27.341666666666665/30.399999618530273 = 89.9% done in 709.5s, 79.4s to go
on time step 3281 (time=27.3417), 0.210916 s/step
Meep progress: 27.5/30.399999618530273 = 90.5% done in 713.5s, 75.2s to go
on time step 3300 (time=27.5), 0.212286 s/step
Meep progress: 27.666666666666668/30.399999618530273 = 91.0% done in 717.7s, 70.9s to go
on time step 3320 (time=27.6667), 0.20996 s/step
Meep progress: 27.825/30.399999618530273 = 91.5% done in 721.7s, 66.8s to go
on time step 3339 (time=27.825), 0.210989 s/step
Meep progress: 27.991666666666667/30.399999618530273 = 92.1% done in 725.9s, 62.5s to go
on time step 3359 (time=27.9917), 0.210035 s/step
Meep progress: 28.141666666666666/30.399999618530273 = 92.6% done in 730.0s, 58.6s to go
on time step 3377 (time=28.1417), 0.222483 s/step
Meep progress: 28.3/30.399999618530273 = 93.1% done in 734.0s, 54.5s to go
on time step 3396 (time=28.3), 0.210935 s/step
Meep progress: 28.458333333333332/30.399999618530273 = 93.6% done in 738.0s, 50.4s to go
on time step 3415 (time=28.4583), 0.212386 s/step
Meep progress: 28.616666666666667/30.399999618530273 = 94.1% done in 742.0s, 46.2s to go
on time step 3434 (time=28.6167), 0.21203 s/step
Meep progress: 28.775/30.399999618530273 = 94.7% done in 746.0s, 42.1s to go
on time step 3453 (time=28.775), 0.21121 s/step
Meep progress: 28.933333333333334/30.399999618530273 = 95.2% done in 750.1s, 38.0s to go
on time step 3472 (time=28.9333), 0.212058 s/step
Meep progress: 29.091666666666665/30.399999618530273 = 95.7% done in 754.3s, 33.9s to go
on time step 3491 (time=29.0917), 0.220748 s/step
Meep progress: 29.25/30.399999618530273 = 96.2% done in 758.3s, 29.8s to go
on time step 3510 (time=29.25), 0.211654 s/step
Meep progress: 29.40833333333333/30.399999618530273 = 96.7% done in 762.3s, 25.7s to go
on time step 3529 (time=29.4083), 0.210892 s/step
Meep progress: 29.566666666666666/30.399999618530273 = 97.3% done in 766.3s, 21.6s to go
on time step 3548 (time=29.5667), 0.211606 s/step
Meep progress: 29.724999999999998/30.399999618530273 = 97.8% done in 770.4s, 17.5s to go
on time step 3567 (time=29.725), 0.213583 s/step
Meep progress: 29.891666666666666/30.399999618530273 = 98.3% done in 774.6s, 13.2s to go
on time step 3587 (time=29.8917), 0.209867 s/step
Meep progress: 30.041666666666668/30.399999618530273 = 98.8% done in 778.6s, 9.3s to go
on time step 3605 (time=30.0417), 0.222285 s/step
Meep progress: 30.2/30.399999618530273 = 99.3% done in 782.6s, 5.2s to go
on time step 3624 (time=30.2), 0.210834 s/step
Meep progress: 30.358333333333334/30.399999618530273 = 99.9% done in 786.6s, 1.1s to go
on time step 3643 (time=30.3583), 0.211319 s/step
creating output file "./nanobeam-eps-000003648.h5"...
creating output file "./nanobeam-ey-000003648.h5"...
harminv0:, frequency, imag. freq., Q, |amp|, amplitude, error
harminv0:, 1.3408115911277285, -0.005206646356008195, 128.7596179429877, 5.621818054790639, 1.0468182213633317+5.523496162087172i, 9.856030057883983e-07+0.0i
harminv0:, 1.4539330436499192, -0.010541576470368123, 68.9618411314881, 0.27237247859279795, 0.15162910839827717+0.22626396217941486i, 0.0017897412969959225+0.0i
harminv0:, frequency, imag. freq., Q, |amp|, amplitude, error
harminv0:, 1.3445956149947507, -0.001257966964624192, 534.4320052937313, 5.473496895118291, 2.7508555253295714+4.7320145963039195i, 2.9726536321577496e-06+0.0i
run 0 finished at t = 30.4 (3648 timesteps)
Generating MP4...
flux1:, 1.1764705882352942, 0.013116796780125593, 7.397563068829747e-05, 0.0016206549323242209, -0.00692731716577354, 0.0043828015908814535
flux1:, 1.1774529451058982, 0.013428222128353866, 7.648247285587707e-05, 0.0016749063160012467, -0.006994739705246025, 0.004412429012200285
flux1:, 1.1784353019765021, 0.013748731621146187, 7.934528082962632e-05, 0.0017288202115249686, -0.007061569799046406, 0.004441485718513532
flux1:, 1.179417658847106, 0.014077153275750143, 8.25728713521212e-05, 0.001782006901213006, -0.007127441533167924, 0.004469854547063835
flux1:, 1.18040001571771, 0.014412164192079609, 8.617107426747598e-05, 0.0018340654430827421, -0.0071919974261495925, 0.004497431772090291
flux1:, 1.181382372588314, 0.014752292799946092, 9.014245926554242e-05, 0.0018845898344696723, -0.00725489665022699, 0.0045241313116350795
flux1:, 1.182364729458918, 0.015095922885570942, 9.448608137167301e-05, 0.0019331758984296233, -0.007315823643296973, 0.00454988902512869
flux1:, 1.183347086329522, 0.015441299492106117, 9.91972496629948e-05, 0.001979428846687796, -0.007374496976678994, 0.004574667022054548
flux1:, 1.1843294432001257, 0.015786536774997372, 0.00010426732373107563, 0.002022971456673216, -0.007430678326867411, 0.004598457893862196
flux1:, 1.1853118000707297, 0.0161296278771176, 0.00010968354239235953, 0.0020634527835886244, -0.007484181384181414, 0.00462128877415844
flux1:, 1.1862941569413337, 0.016468456870697288, 0.00011542888907150387, 0.002100557311662952, -0.007534880518081368, 0.004643225126425169
flux1:, 1.1872765138119377, 0.01680081279326317, 0.00012148199814308117, 0.0021340144321044707, -0.007582719008085794, 0.004664374154128728
flux1:, 1.1882588706825417, 0.01712440578309237, 0.0001278171063110805, 0.0021636081190831496, -0.007627716641364685, 0.004684887725528995
flux1:, 1.1892412275531457, 0.01743688529630345, 0.000134404052833626, 0.002189186659646951, -0.007669976473575857, 0.004704964704901233
flux1:, 1.1902235844237494, 0.01773586036267742, 0.00014120833205712028, 0.002210672279214209, -0.00770969054853249, 0.004724852583380276
flux1:, 1.1912059412943534, 0.018018921810884738, 0.00014819120131267125, 0.0022280704915249843, -0.007747144375521686, 0.004744848306577517
flux1:, 1.1921882981649574, 0.01828366636614, 0.00015530984674671405, 0.0022414789910141625, -0.007782719970523492, 0.0047652982024507665
flux1:, 1.1931706550355614, 0.018527722494673327, 0.00016251760910797672, 0.0022510958969509365, -0.00781689727959486, 0.004786596921875935
flux1:, 1.1941530119061654, 0.01874877784002767, 0.00016976427089863294, 0.0022572271525880916, -0.007850253819403703, 0.00480918531596251
flux1:, 1.1951353687767692, 0.01894460806642801, 0.00017699640562046973, 0.0022602928795246837, -0.007883462391399561, 0.0048335471884015605
flux1:, 1.1961177256473732, 0.01911310689446829, 0.00018415778911116506, 0.002260832487572366, -0.007917286752351994, 0.004860204878040432
flux1:, 1.1971000825179772, 0.019252317084726744, 0.00019118987217959022, 0.0022595083442000434, -0.007952575154877817, 0.004889713646216733
flux1:, 1.1980824393885812, 0.019360462095744088, 0.0001980323129153845, 0.0022571078151265977, -0.007990251706949409, 0.004922654865203676
flux1:, 1.1990647962591852, 0.019435978114632373, 0.00020462356617742883, 0.0022545434991684027, -0.008031305538786143, 0.004959628027979312
flux1:, 1.200047153129789, 0.019477546131795836, 0.00021090152686634837, 0.0022528514961338195, -0.008076777808643283, 0.005001241625302095
flux1:, 1.201029510000393, 0.01948412370619585, 0.0002168042226661765, 0.002253187566473896, -0.008127746625279323, 0.005048102963361571
flux1:, 1.202011866870997, 0.01945497604477779, 0.0002222705510135703, 0.0022568210655308156, -0.008185310013562342, 0.005100807023640265
flux1:, 1.202994223741601, 0.019389705999472567, 0.00022724105412788014, 0.002265126563545649, -0.008250567100112412, 0.005159924495646402
flux1:, 1.203976580612205, 0.01928828256803954, 0.00023165872502648824, 0.0022795730948941594, -0.008324597747119212, 0.005225989142300145
flux1:, 1.2049589374828087, 0.019151067471363765, 0.00023546983656977274, 0.002301711016092817, -0.008408440913653859, 0.005299484686444558
flux1:, 1.2059412943534127, 0.01897883937005967, 0.00023862478474226121, 0.0023331564916088134, -0.008503072073797956, 0.005380831434542231
flux1:, 1.2069236512240167, 0.018772815277752708, 0.0002410789365948951, 0.002375573669003753, -0.008609380068698439, 0.0054703728795004805
flux1:, 1.2079060080946207, 0.018534668727647235, 0.00024279347256244457, 0.0024306546498647948, -0.008728143814114468, 0.005568362548099382
flux1:, 1.2088883649652247, 0.018266544253188282, 0.00024373621224462795, 0.002500097409825697, -0.008860009324772959, 0.0056749513788298825
flux1:, 1.2098707218358287, 0.01797106775324881, 0.0002438824122124612, 0.00258558186883491, -0.00900546755118646, 0.005790175932778262
flux1:, 1.2108530787064324, 0.01765135232744034, 0.00024321552398761217, 0.00268874436121214, -0.009164833551568538, 0.005913947752249754
flux1:, 1.2118354355770364, 0.01731099918824557, 0.00024172790005546786, 0.002811150802743628, -0.00933822754093248, 0.006046044189193852
flux1:, 1.2128177924476404, 0.016954093283759047, 0.0002394214356232618, 0.00295426889842493, -0.009525558369416834, 0.006186101026924845
flux1:, 1.2138001493182444, 0.01658519329812862, 0.00023630813383699006, 0.0031194397783826365, -0.009726509982040315, 0.006333607214038504
flux1:, 1.2147825061888484, 0.016209315736287744, 0.0002324105823326616, 0.003307849489946238, -0.00994053140118777, 0.006487902018123149
flux1:, 1.2157648630594522, 0.0158319128453768, 0.00022776232932865555, 0.0035205008098378393, -0.010166830750704669, 0.0066481748885816
flux1:, 1.2167472199300562, 0.015458844177116588, 0.00022240814797585705, 0.0037581858708605675, -0.010404373805790398, 0.006813468292287375
flux1:, 1.2177295768006602, 0.015096341653441096, 0.00021640417837130054, 0.004021460121347928, -0.010651887505807003, 0.006982683752836279
flux1:, 1.2187119336712642, 0.014750968061372282, 0.00020981793751802583, 0.004310618151887098, -0.010907868807344283, 0.007154591283752673
flux1:, 1.2196942905418682, 0.014429568972433542, 0.00020272818857638056, 0.004625671931630352, -0.011170599182576266, 0.007327842358276392
flux1:, 1.220676647412472, 0.014139218156223864, 0.00019522466199963656, 0.004966331994867203, -0.0114381649836369, 0.007500986503744225
flux1:, 1.221659004283076, 0.013887156636792856, 0.00018740762257629673, 0.005331992106805206, -0.011708483797730568, 0.007672491547262661
flux1:, 1.22264136115368, 0.013680725623537745, 0.0001793872780057142, 0.005721717915007989, -0.011979336811294768, 0.007840767472262184
flux1:, 1.223623718024284, 0.013527293634863205, 0.00017128302640340476, 0.006134240059181837, -0.012248407085604198, 0.008004193773178122
flux1:, 1.224606074894888, 0.013434178222120228, 0.0001632225420569821, 0.006567952166742075, -0.012513323522500345, 0.008161150119003526
flux1:, 1.2255884317654917, 0.013408562792507617, 0.00015534070081428157, 0.007020914104660459, -0.012771710168990376, 0.008310050056857544
flux1:, 1.2265707886360957, 0.01345740912188512, 0.00014777834867129794, 0.007490860789636354, -0.013021240375435655, 0.008449377405246877
flux1:, 1.2275531455066997, 0.013587366240792868, 0.0001406809194100257, 0.007975216778953244, -0.013259695186213095, 0.008577724904882457
flux1:, 1.2285355023773037, 0.013804676468465768, 0.00013419690949949433, 0.008471116774091762, -0.013485025206430407, 0.008693834614086156
flux1:, 1.2295178592479077, 0.014115079459177825, 0.00012847622088743454, 0.008975432069113332, -0.013695415056415926, 0.008796639457842996
flux1:, 1.2305002161185117, 0.014523715211683547, 0.0001236683847476771, 0.009484802866986268, -0.013889349399789518, 0.008885305265877877
flux1:, 1.2314825729891155, 0.015035027074896075, 0.0001199206816830081, 0.009995676270980062, -0.014065679414296515, 0.008959272567820782
flux1:, 1.2324649298597194, 0.015652665859774505, 0.00011737617627402577, 0.010504349636352429, -0.014223688469820639, 0.009018297354081575
flux1:, 1.2334472867303234, 0.0163793962378006, 0.00011617168619237378, 0.011007018841895493, -0.014363155688414463, 0.00906248996149237
flux1:, 1.2344296436009274, 0.01721700666902327, 0.00011643570831107897, 0.011499830913440257, -0.014484415989593439, 0.009092351204727215
flux1:, 1.2354120004715314, 0.018166224156298802, 0.00011828632632014609, 0.011978940304576769, -0.01458841517337668, 0.009108804849674539
flux1:, 1.2363943573421352, 0.019226635165928093, 0.00012182912625600199, 0.012440568016054955, -0.01467675856639054, 0.009113225514909794
flux1:, 1.2373767142127392, 0.020396614087242092, 0.00012715514803459814, 0.012881062617370808, -0.014751751755099907, 0.009107461093558703
flux1:, 1.2383590710833432, 0.021673260623667482, 0.00013433890251577933, 0.013296962124621814, -0.01481643195706306, 0.009093848811352317
flux1:, 1.2393414279539472, 0.023052347514583633, 0.0001434364847763658, 0.013685055590842857, -0.01487458863785344, 0.009075224078651228
flux1:, 1.2403237848245512, 0.02452827997968157, 0.0001544838151051351, 0.014042443181523121, -0.014930772069159657, 0.009054921355217616
flux1:, 1.241306141695155, 0.02609406825495601, 0.00016749503972121585, 0.014366593441895784, -0.014990288643518123, 0.009036766327103197
flux1:, 1.242288498565759, 0.027741314551023338, 0.0001824611233273484, 0.014655396416652562, -0.015059181913390462, 0.009025058795180904
flux1:, 1.243270855436363, 0.02946021570961889, 0.00019934866531963274, 0.014907211259758607, -0.015144198506667865, 0.009024545794432137
flux1:, 1.244253212306967, 0.03123958276243428, 0.00021809897076466382, 0.015120906974492823, -0.015252738286153849, 0.00904038460131565
flux1:, 1.245235569177571, 0.033066878507549795, 0.00023862740609943654, 0.015295894954125993, -0.01539278836571039, 0.009078095442506276
flux1:, 1.2462179260481747, 0.03492827411250446, 0.0002608230678992513, 0.015432152053585491, -0.015572840868214663, 0.00914350389043335
flux1:, 1.2472002829187787, 0.03680872562951493, 0.00028454879099570614, 0.015530233013774885, -0.015801794607441452, 0.009242673117602556
flux1:, 1.2481826397893827, 0.03869207116772546, 0.00030964151968538873, 0.015591271184034503, -0.016088841193807032, 0.009381826380336735
flux1:, 1.2491649966599867, 0.040561149310025905, 0.00033591306277793993, 0.015616966645099026, -0.016443336398306026, 0.009567260310696244
flux1:, 1.2501473535305907, 0.04239793918856064, 0.00036315124978214086, 0.01560956102512234, -0.016874657955249808, 0.009805249809947432
flux1:, 1.2511297104011945, 0.044183722444273994, 0.0003911215016416416, 0.015571798524203779, -0.017392051336746372, 0.010101945554560777
flux1:, 1.2521120672717985, 0.04589926709283776, 0.0004195688251324293, 0.015506872917313008, -0.01800446538472163, 0.01046326534283874
flux1:, 1.2530944241424025, 0.04752503310311654, 0.00044822023534427785, 0.015418360589768993, -0.018720380032790817, 0.010894780722776734
flux1:, 1.2540767810130065, 0.04904139926653951, 0.0004767876056277522, 0.015310139970837728, -0.01954762868390251, 0.011401600545618552
flux1:, 1.2550591378836105, 0.050428910697845976, 0.0005049709390385484, 0.015186298066426344, -0.02049321812327044, 0.01198825328047367
flux1:, 1.2560414947542144, 0.05166854606150943, 0.0005324620496972006, 0.015051025147277932, -0.02156314913235149, 0.012658570098876838
flux1:, 1.2570238516248182, 0.052742003365739934, 0.0005589486366571851, 0.014908499019746745, -0.022762241221391567, 0.013415570889982107
flux1:, 1.2580062084954222, 0.053632002909396945, 0.0005841187269064827, 0.014762760686928498, -0.02409396510804679, 0.01426135549283753
flux1:, 1.2589885653660262, 0.05432260570883501, 0.0006076654580688752, 0.014617583592477577, -0.02556028673094501, 0.015197002527693987
flux1:, 1.2599709222366302, 0.054799545474071384, 0.0006292921653018113, 0.014476339021361653, -0.0271615266932797, 0.01622247826978909
flux1:, 1.2609532791072342, 0.055050571949251274, 0.00064871773087739, 0.014341860603862205, -0.028896239076335775, 0.01733655803265962
flux1:, 1.261935635977838, 0.05506580318402438, 0.0006656821490565217, 0.01421631122380863, -0.030761113541229665, 0.018536762510863586
flux1:, 1.262917992848442, 0.054838084062758495, 0.0006799522532120461, 0.014101055961311431, -0.0327509045443175, 0.019819311471230214
flux1:, 1.263900349719046, 0.05436334819046025, 0.0006913275467960445, 0.013996544996019699, -0.034858391324037, 0.021179097075188866
flux1:, 1.26488270658965, 0.05364098002062305, 0.0006996460747684012, 0.013902210650875314, -0.037074372072152334, 0.022609678961193105
flux1:, 1.265865063460254, 0.05267417391397247, 0.0007047902675930817, 0.013816382960064072, -0.03938769537885215, 0.024103303014740618
flux1:, 1.266847420330858, 0.05147028664089656, 0.0007066926859388354, 0.01373622829038267, -0.0417853316390135, 0.025650945504219102
flux1:, 1.2678297772014617, 0.050041179687182614, 0.0007053415908775594, 0.01365771562464541, -0.04425248662755002, 0.027242383964649397
flux1:, 1.2688121340720657, 0.04840354759518771, 0.0007007862617334998, 0.01357561512165072, -0.04677275889802281, 0.02886629587013864
flux1:, 1.2697944909426697, 0.04657922847319154, 0.0006931419818619962, 0.013483533492984078, -0.049328342034556695, 0.03051038575207625
flux1:, 1.2707768478132737, 0.04459549273709998, 0.0006825946116065496, 0.013373990576387123, -0.05190027209914863, 0.03216154099763327
flux1:, 1.2717592046838777, 0.042485306112902355, 0.0006694046675460145, 0.013238541234034062, -0.054468719870902925, 0.033806016105968055
flux1:, 1.2727415615544815, 0.040287562927394556, 0.0006539108279517736, 0.01306794635715983, -0.057013326681001224, 0.03542964469390357
flux1:, 1.2737239184250855, 0.0380472857506035, 0.00063653278618371, 0.012852396314446568, -0.05951358181579492, 0.037018078033859175
flux1:, 1.2747062752956895, 0.035815787527362426, 0.00061777337657067, 0.012581789638173564, -0.06194923860338413, 0.03855704838250342
flux1:, 1.2756886321662935, 0.03365079244895911, 0.0005982199011952042, 0.012246069100537962, -0.06430076542853927, 0.04003265482612057
flux1:, 1.2766709890368975, 0.03161651196949079, 0.000578544590927545, 0.011835616594014267, -0.06654982705063359, 0.04143166883647353
flux1:, 1.2776533459075012, 0.029783672566039563, 0.0005595041400279834, 0.011341707398281, -0.06867979074463479, 0.04274185620805534
flux1:, 1.2786357027781052, 0.028229492077242173, 0.0005419382606556578, 0.01075702349733678, -0.07067625096117801, 0.04395231154320551
flux1:, 1.2796180596487092, 0.027037601730869918, 0.0005267672116488655, 0.010076224611310957, -0.0725275654243804, 0.045053800975045445
flux1:, 1.2806004165193132, 0.02629791128716635, 0.0005149882649333546, 0.009296574537360977, -0.07422539487168878, 0.04603910837961784
flux1:, 1.2815827733899172, 0.02610641507972767, 0.0005076710828287851, 0.008418619263948622, -0.07576523800422479, 0.04690337993691589
flux1:, 1.282565130260521, 0.026564937128192374, 0.000505951990272815, 0.007446912145425698, -0.07714695267539202, 0.04764446156601299
flux1:, 1.283547487131125, 0.02778081392498815, 0.000511027137496758, 0.006390780213986121, -0.07837525391380946, 0.0482632234900392
flux1:, 1.284529844001729, 0.02986651395957081, 0.0005241445608678732, 0.005265124479596966, -0.0794601790695796, 0.048763865992036984
flux1:, 1.285512200872333, 0.03293919353507489, 0.0005465951623484552, 0.0040912458433169235, -0.08041751020198304, 0.04915420030935497
flux1:, 1.286494557742937, 0.03712018895109287, 0.0005797026411969723, 0.0028976870442645165, -0.08126914380453926, 0.049445898589719595
flux1:, 1.2874769146135407, 0.042534445668638836, 0.0006248124250121175, 0.0017210798955930601, -0.0820433980987293, 0.04965470690183555
flux1:, 1.2884592714841447, 0.04930988563531347, 0.0006832796608642509, 0.0006069859607724937, -0.08277524842849787, 0.049800615461786435
flux1:, 1.2894416283547487, 0.057576714526180586, 0.0007564563409120522, -0.0003892821999836242, -0.08350648175920393, 0.04990798050692896
flux1:, 1.2904239852253527, 0.06746667124386287, 0.0008456776504135746, -0.0012018730006765673, -0.08428576192937694, 0.05000559262272296
flux1:, 1.2914063420959567, 0.07911222261528618, 0.0009522476392427291, -0.0017536555968886744, -0.085168598121655, 0.05012668680518676
flux1:, 1.2923886989665605, 0.09264570681705081, 0.0010774243307517964, -0.001955542672980823, -0.08621721000743715, 0.05030889012048723
flux1:, 1.2933710558371645, 0.10819842965115399, 0.0012224043939036652, -0.0017058919491538614, -0.0875002841727452, 0.05059410350040338
flux1:, 1.2943534127077685, 0.12589971837216443, 0.001388307515869302, -0.0008900023980090906, -0.08909261774061597, 0.05102831498220317
flux1:, 1.2953357695783725, 0.14587593833047163, 0.0015761606225749899, 0.0006202787553363526, -0.09107464655715844, 0.051661342557421254
flux1:, 1.2963181264489765, 0.1682494782378872, 0.0017868821038283282, 0.0029668223122553045, -0.09353185688819653, 0.05254650572663096
flux1:, 1.2973004833195805, 0.1931377103761686, 0.002021266207495335, 0.006305341093258849, -0.09655408126396182, 0.053740225856519816
flux1:, 1.2982828401901843, 0.22065193254978113, 0.0022799677735857804, 0.010805356697005403, -0.10023468088909619, 0.055301556488657685
flux1:, 1.2992651970607882, 0.2508962990268429, 0.00256348748390895, 0.016649994951449688, -0.10466961888189864, 0.05729164584323718
flux1:, 1.3002475539313922, 0.2839667481096086, 0.0028721578060340244, 0.02403559711592417, -0.10995643049361377, 0.05977313487999459
flux1:, 1.3012299108019962, 0.3199499343245204, 0.0032061298115423744, 0.033171135287659984, -0.11619309835877684, 0.06280949540685879
flux1:, 1.3022122676726002, 0.3589221735156948, 0.0035653610478808932, 0.04427742212066872, -0.12347684271152232, 0.06646431384712909
flux1:, 1.303194624543204, 0.4009484093603254, 0.0039496046404433015, 0.057586106872975426, -0.13190283833975522, 0.0708005273703578
flux1:, 1.304176981413808, 0.44608120999591605, 0.004358399796763115, 0.07333845194997633, -0.14156287180804716, 0.07587962014229312
flux1:, 1.305159338284412, 0.49435980355337156, 0.004791063877860073, 0.09178388649291118, -0.15254395412910493, 0.08176078843670168
flux1:, 1.306141695155016, 0.5458091614238453, 0.005246686192836119, 0.11317833615394791, -0.1649269055716956, 0.08850008425840529
flux1:, 1.30712405202562, 0.6004391380471231, 0.005724123661750938, 0.13778233098008139, -0.17878493062803014, 0.09614954793396797
flux1:, 1.308106408896224, 0.6582436758948483, 0.00622199847870874, 0.16585889627111158, -0.19418220229886493, 0.10475634081834348
flux1:, 1.3090887657668278, 0.7192000841293369, 0.006738697891944542, 0.19767123435126865, -0.21117247575831763, 0.11436188982409799
flux1:, 1.3100711226374318, 0.7832683991487387, 0.007272376200669055, 0.23348020836548006, -0.22979775211179382, 0.12500105589247582
flux1:, 1.3110534795080357, 0.8503908348813879, 0.007820959049578673, 0.2735416424427904, -0.25008701333326844, 0.1367013387773234
flux1:, 1.3120358363786397, 0.9204913302661724, 0.008382150081411346, 0.31810345581983046, -0.27205504954605186, 0.14948213059430177
flux1:, 1.3130181932492437, 0.9934752008535838, 0.008953439985902645, 0.36740265174383385, -0.29570139957634495, 0.16335403048864927
flux1:, 1.3140005501198475, 1.0692289008854041, 0.009532117960135329, 0.42166218513183207, -0.3210094251532864, 0.1783182324901967
flux1:, 1.3149829069904515, 1.1476199015631738, 0.010115285570805906, 0.4810877360049777, -0.3479455382440537, 0.1943659981496559
flux1:, 1.3159652638610555, 1.2284966904981762, 0.01069987298355981, 0.5458644185942011, -0.37645859979661456, 0.21147822488439996
flux1:, 1.3169476207316595, 1.311688896555965, 0.01128265749854312, 0.6161534586809313, -0.4064795066222865, 0.2296251201088576
flux1:, 1.3179299776022635, 1.397007543468047, 0.011860284304924808, 0.692088874144258, -0.4379209812901145, 0.24876599018723336
flux1:, 1.3189123344728673, 1.4842454346905534, 0.012429289340657823, 0.7737741957889, -0.47067757774405217, 0.2688491520346817
flux1:, 1.3198946913434713, 1.5731776710483962, 0.012986124117426133, 0.8612792672810221, -0.5046259129081232, 0.2898119738179338
flux1:, 1.3208770482140753, 1.6635623017226824, 0.01352718234492494, 0.9546371643805326, -0.5396251318422798, 0.31158104968214523
flux1:, 1.3218594050846793, 1.7551411081247723, 0.014048828163561393, 1.0538412745896306, -0.5755176110805589, 0.3340725117752536
flux1:, 1.3228417619552832, 1.8476405191605756, 0.014547425770735842, 1.1588425788029935, -0.6121299016593305, 0.3571924810732822
flux1:, 1.323824118825887, 1.9407726553318287, 0.015019370203305392, 1.2695471765159094, -0.6492739100673919, 0.3808376566547646
flux1:, 1.324806475696491, 2.0342364980573855, 0.015461119017978212, 1.3858140955993563, -0.6867483119618766, 0.4048960411509257
flux1:, 1.325788832567095, 2.127719179532372, 0.015869224592517356, 1.507453426562953, -0.7243401900446498, 0.42924779814090996
flux1:, 1.326771189437699, 2.2208973873896043, 0.016240366754016942, 1.6342248195913371, -0.7618268840304991, 0.4537662352939202
flux1:, 1.327753546308303, 2.3134388773935672, 0.01657138542643659, 1.7658363804472352, -0.7989780372138863, 0.4783189051128802
flux1:, 1.3287359031789068, 2.40500408639037, 0.016859312978242308, 1.9019439985888857, -0.8355578208064283, 0.5027688132367898
flux1:, 1.3297182600495108, 2.4952478367702104, 0.017101405942686814, 2.0421511375613814, -0.8713273140298031, 0.526975722442499
flux1:, 1.3307006169201148, 2.5838211227783305, 0.017295175778087982, 2.18600911390768, -0.906047014957871, 0.5507975387795103
flux1:, 1.3316829737907188, 2.670372968147079, 0.017438418333662567, 2.3330178865303393, -0.9394794543622246, 0.5740917647052257
flux1:, 1.3326653306613228, 2.754552343722173, 0.017529241688128028, 2.4826273736541435, -0.9713918823757114, 0.5967170026879401
flux1:, 1.3336476875319265, 2.8360101330326115, 0.017566092033526617, 2.6342393093339185, -1.0015589956976427, 0.6185344915402812
flux1:, 1.3346300444025305, 2.9144011331091533, 0.017547777285599173, 2.787209645868419, -1.0297656713635657, 0.6394096567580374
flux1:, 1.3356124012731345, 2.9893860773017615, 0.017473488114551884, 2.9408515025766215, -1.055809671831469, 0.659213655391075
flux1:, 1.3365947581437385, 3.0606336663872984, 0.017342816106251657, 3.094438655229897, -1.0795042853311778, 0.6778248954840829
flux1:, 1.3375771150143425, 3.127822593900551, 0.01715576878361163, 3.2472095540808406, -1.1006808651052837, 0.6951305099055236
flux1:, 1.3385594718849465, 3.1906435513703433, 0.01691278124118044, 3.3983718519576946, -1.1191912313670715, 0.7110277644508735
flux1:, 1.3395418287555503, 3.2488011990014805, 0.016614724172512866, 3.547107417384804, -1.134909900520679, 0.7254253804614857
flux1:, 1.3405241856261543, 3.3020160873176905, 0.016262908099635577, 3.6925778012231945, -1.147736107439863, 0.7382447528508363
flux1:, 1.3415065424967583, 3.350026515369709, 0.01585908364656262, 3.833930118982942, -1.1575955883806481, 0.7494210453698041
flux1:, 1.3424888993673623, 3.3925903113221727, 0.015405437734206202, 3.9703033048320426, -1.1644420944033436, 0.7589041461692625
flux1:, 1.3434712562379663, 3.429486521558848, 0.01490458561165327, 4.10083468749429, -1.1682586079717594, 0.7666594682152496
flux1:, 1.34445361310857, 3.460516994890657, 0.014359558678603291, 4.224666832777875, -1.1690582386720978, 0.7726685808710887
flux1:, 1.345435969979174, 3.4855078490112885, 0.013773788095120894, 4.340954592492687, -1.1668847776958056, 0.7769296609531139
flux1:, 1.346418326849778, 3.5043108070192415, 0.013151084217576358, 4.448872295070912, -1.1618128948344655, 0.7794577537761809
flux1:, 1.347400683720382, 3.5168043926081443, 0.012495611943167994, 4.547621009383735, -1.153947966178967, 0.7802848370979404
flux1:, 1.348383040590986, 3.522894973415027, 0.01181186208941258, 4.6364358101077086, -1.1434255254497256, 0.7794596834182806
flux1:, 1.34936539746159, 3.5225176430022893, 0.011104618978853618, 4.714592970609491, -1.130410336841746, 0.7770475187553456
flux1:, 1.3503477543321938, 3.5156369330271486, 0.010378924442678288, 4.78141700773018, -1.1150950923865302, 0.7731294787678004
flux1:, 1.3513301112027978, 3.502247348313974, 0.009640038499313374, 4.836287502115984, -1.0976987420339697, 0.767801865881157
flux1:, 1.3523124680734018, 3.482373718781866, 0.008893397005002643, 4.878645617887279, -1.078464469870673, 0.7611752138656979
flux1:, 1.3532948249440058, 3.456071363482082, 0.008144566612364451, 4.908000246493166, -1.0576573350378558, 0.7533731690620672
flux1:, 1.3542771818146098, 3.423426063358278, 0.007399197409485876, 4.92393370157383, -1.035561600916377, 0.7445312001159148
flux1:, 1.3552595386852135, 3.3845538407448457, 0.006662973645820522, 4.92610689455186, -1.0124777809263106, 0.7347951506226582
flux1:, 1.3562418955558175, 3.339600545054275, 0.005941562981554376, 4.9142639244847475, -0.9887194337746366, 0.7243196514584931
flux1:, 1.3572242524264215, 3.2887412455621297, 0.005240564723814895, 4.888236020410129, -0.964609745098446, 0.7132664117441804
flux1:, 1.3582066092970255, 3.232179433664247, 0.004565457535689741, 4.847944779969867, -0.9404779361268881, 0.7018024093191104
flux1:, 1.3591889661676295, 3.1701460384442903, 0.003921547122227343, 4.793404654460669, -0.916655543156073, 0.6900980032589087
flux1:, 1.3601713230382333, 3.1028982608371765, 0.003313914411024918, 4.724724637566892, -0.8934726142446829, 0.6783249923255404
flux1:, 1.3611536799088373, 3.0307182330939963, 0.0027473647534951686, 4.642109122816776, -0.8712538715393945, 0.6666546442650069
flux1:, 1.3621360367794413, 2.9539115116323766, 0.002226378676156294, 4.545857903186379, -0.850314888988133, 0.6552557215462322
flux1:, 1.3631183936500453, 2.872805412682628, 0.0017550647091808173, 4.436365295160293, -0.8309583358649326, 0.6442925294505117
flux1:, 1.3641007505206493, 2.787747201402229, 0.0013371148118996516, 4.314118378851474, -0.8134703364876886, 0.6339230123629638
flux1:, 1.365083107391253, 2.69910214631699, 0.0009757629018558438, 4.179694355373438, -0.7981169957486219, 0.6242969236834872
flux1:, 1.366065464261857, 2.6072514520460515, 0.0006737469754172957, 4.033757032430813, -0.7851411385933812, 0.615554093964668
flux1:, 1.367047821132461, 2.5125900842717437, 0.00043327528392556654, 3.8770524589384294, -0.7747593093909186, 0.6078228207076941
flux1:, 1.368030178003065, 2.41552450181111, 0.00025599700000916015, 3.710403739262646, -0.7671590742495256, 0.6012184017169174
flux1:, 1.369012534873669, 2.316470311428833, 0.00014297777422141498, 3.5347050672866285, -0.7624966657890819, 0.5958418320494545
flux1:, 1.3699948917442728, 2.2158498616912543, 9.468054279230575e-05, 3.3509150298063344, -0.7608950057153644, 0.5917786824227114
flux1:, 1.3709772486148768, 2.114089792694519, 0.00011095190336717874, 3.1600492376439147, -0.7624421358135585, 0.5890981744905683
flux1:, 1.3719596054854808, 2.011618558897284, 0.00019101432743063142, 2.963172351203541, -0.7671900827438181, 0.5878524657023575
flux1:, 1.3729419623560848, 1.908863942549861, 0.0003334644261468331, 2.761389574874786, -0.7751541763541032, 0.5880761535577673
flux1:, 1.3739243192266888, 1.806250575331664, 0.0005362774310348746, 2.5558377016073504, -0.7863128352025026, 0.5897860060074108
flux1:, 1.3749066760972926, 1.7041974857873736, 0.000796817992706029, 2.347675795038048, -0.800607826684422, 0.5929809215692209
flux1:, 1.3758890329678966, 1.6031156899851606, 0.0011118573404182205, 2.1380756016521083, -0.8179450026836399, 0.5976421194832404
flux1:, 1.3768713898385005, 1.5034058425152752, 0.0014775967829820102, 1.9282117895400668, -0.8381955050982542, 0.6037335569607218
flux1:, 1.3778537467091045, 1.4054559644990168, 0.001889697468218185, 1.7192521132916658, -0.861197429035132, 0.611202567348778
flux1:, 1.3788361035797085, 1.309639264694445, 0.0023433162543255266, 1.512347606400681, -0.8867579250116255, 0.6199807098792436
flux1:, 1.3798184604503125, 1.2163120690704057, 0.002833147482850362, 1.3086229032078722, -0.9146557152513736, 0.6299848186480561
flux1:, 1.3808008173209163, 1.125811873378538, 0.003353470380050241, 1.1091667918501478, -0.9446439932040057, 0.6411182356288017
flux1:, 1.3817831741915203, 1.0384555322917581, 0.003898201752058379, 0.9150230979123022, -0.9764536698501055, 0.6532722099037228
flux1:, 1.3827655310621243, 0.9545375976072225, 0.0044609535799507655, 0.7271819955025508, -1.0097969252575785, 0.6663274429415587
flux1:, 1.3837478879327283, 0.8743288168369556, 0.0050350950642993495, 0.5465718383139412, -1.0443710193129367, 0.6801557576990905
flux1:, 1.3847302448033323, 0.7980748022444168, 0.005613818615656082, 0.3740515979357864, -1.0798623116350983, 0.6946218676070365
flux1:, 1.3857126016739363, 0.7259948790386468, 0.006190209238276123, 0.21040399029836276, -1.1159504374518674, 0.7095852201484736
flux1:, 1.38669495854454, 0.6582811200215931, 0.006757316709786787, 0.05632936373808828, -1.1523125837317385, 0.7249018887689325
flux1:, 1.387677315415144, 0.5950975725104478, 0.00730822992002148, -0.08755958615422357, -1.1886278081631156, 0.7404264862910482
flux1:, 1.388659672285748, 0.5365796818401308, 0.00783615269830325, -0.22074221889111384, -1.2245813426842207, 0.7560140728492816
flux1:, 1.389642029156352, 0.48283391420066973, 0.008334480430538495, -0.34279342251929057, -1.2598688232119615, 0.7715220316157626
flux1:, 1.390624386026956, 0.43393757999893795, 0.008796876745950068, -0.45338612246237836, -1.294200388001687, 0.7868118862529234
flux1:, 1.3916067428975598, 0.38993885736170736, 0.00921734953843156, -0.5522928010639919, -1.3273045886829742, 0.8017510350906211
flux1:, 1.3925890997681638, 0.35085701383605555, 0.009590325579635982, -0.6393860144004485, -1.3589320604422168, 0.816214378468213
flux1:, 1.3935714566387678, 0.3166828228043988, 0.009910722980157162, -0.7146379044074057, -1.3888589010260797, 0.8300858174817678
flux1:, 1.3945538135093718, 0.28737916962807575, 0.010174020761677937, -0.7781187158926219, -1.4168897121766524, 0.8432596045040275
flux1:, 1.3955361703799758, 0.2628818410804942, 0.01037632481676791, -0.8299943394324574, -1.442860261724854, 0.8556415282644596
flux1:, 1.3965185272505796, 0.24310049023872288, 0.010514429554063032, -0.8705229123358796, -1.466639729793024, 0.867149918949729
flux1:, 1.3975008841211836, 0.22791976768346625, 0.010585874554786935, -0.9000505206597852, -1.4881325083193375, 0.8777164616668975
flux1:, 1.3984832409917876, 0.21720060862375337, 0.010588995601750641, -0.9190060555328965, -1.5072795293257004, 0.8872868096550246
flux1:, 1.3994655978623916, 0.21078166442320018, 0.010522969483853766, -0.9278952866653236, -1.5240591039196336, 0.8958209917865735
flux1:, 1.4004479547329955, 0.20848086597011986, 0.010387852027402604, -0.927294224758556, -1.5384872608486388, 0.9032936121146039
flux1:, 1.4014303116035993, 0.21009710541151924, 0.010184608859807045, -0.9178418524761066, -1.550617580413282, 0.9096938424447665
flux1:, 1.4024126684742033, 0.2154120219693497, 0.009915138471018157, -0.9002323105848148, -1.5605405265864247, 0.9150252120870631
flux1:, 1.4033950253448073, 0.224191876881754, 0.009582287202860671, -0.8752066317424372, -1.5683822871778454, 0.9193052020221982
flux1:, 1.4043773822154113, 0.23618950196817645, 0.009189855865627192, -0.8435441191153701, -1.5743031387194037, 0.922564653648331
flux1:, 1.4053597390860153, 0.25114630590845205, 0.008742597754313214, -0.8060534705010797, -1.5784953593249946, 0.9248470050104287
flux1:, 1.406342095956619, 0.26879432205508763, 0.00824620791301695, -0.7635637508617293, -1.5811807190053728, 0.9262073699117409
flux1:, 1.407324452827223, 0.28885828146642234, 0.0077073035745603485, -0.716915317122231, -1.5826075826946338, 0.9267114775241134
flux1:, 1.408306809697827, 0.3110576948555875, 0.0071333957826161766, -0.6669507987404668, -1.583047666492291, 0.9264344920179609
flux1:, 1.409289166568431, 0.33510892729571223, 0.0065328522847432485, -0.6145062359268987, -1.5827924922614058, 0.925459733292066
flux1:, 1.410271523439035, 0.36072724980243204, 0.005914851865987909, -0.5604024745037461, -1.582149589685483, 0.9238773210759619
flux1:, 1.4112538803096388, 0.38762885232703204, 0.005289330373279181, -0.5054369122922837, -1.5814384981159462, 0.9217827654853318
flux1:, 1.4122362371802428, 0.41553280323244096, 0.00466691876001447, -0.4503756866603211, -1.5809866229950544, 0.9192755275234328
flux1:, 1.4132185940508468, 0.44416294098402737, 0.0040588735571237145, -0.39594638652536196, -1.5811250032821935, 0.9164575730356024
flux1:, 1.4142009509214508, 0.4732496845599267, 0.0034770002508286595, -0.34283136478227194, -1.5821840471249713, 0.9134319432417044
flux1:, 1.4151833077920548, 0.5025317499642868, 0.0029335701175510825, -0.29166171890751463, -1.5844892929950527, 0.9103013642040748
flux1:, 1.4161656646626586, 0.5317577612013383, 0.002441231132164604, -0.24301199850250427, -1.5883572526556824, 0.907166916452126
flux1:, 1.4171480215332626, 0.5606877451299213, 0.002012913626514267, -0.19739568889438472, -1.594091390664951, 0.9041267845017456
flux1:, 1.4181303784038666, 0.5890945007552775, 0.0016617314301019435, -0.15526150975205433, -1.6019782926763184, 0.9012751042080388
flux1:, 1.4191127352744706, 0.6167648347173995, 0.001400879273550932, -0.11699055712971926, -1.6122840716189184, 0.8987009238067212
flux1:, 1.4200950921450746, 0.6435006559913922, 0.0012435272774292071, -0.08289430656674655, -1.6252510569816092, 0.8964872921725494
flux1:, 1.4210774490156786, 0.6691199241121808, 0.0012027133837354564, -0.05321348399280962, -1.641094807947745, 0.8947104852947352
flux1:, 1.4220598058862823, 0.6934574465627085, 0.0012912346145011796, -0.028117800357098238, -1.660001486109701, 0.8934393792862292
flux1:, 1.4230421627568863, 0.7163655223083374, 0.001521538061252827, -0.007706535261016598, -1.6821256180136768, 0.8927349754544686
flux1:, 1.4240245196274903, 0.7377144298080388, 0.001905612520229975, 0.007990055433471647, -1.707588271933274, 0.8926500801159917
flux1:, 1.4250068764980943, 0.757392759173576, 0.0024548816912063854, 0.01900854289289156, -1.7364756671410828, 0.8932291389873043
flux1:, 1.4259892333686983, 0.7753075894688, 0.0031800998523724856, 0.02544938362640993, -1.768838227633928, 0.8945082231800892
flux1:, 1.4269715902393023, 0.7913845134304865, 0.004091250910079061, 0.02747328550320586, -1.8046900858709967, 0.8965151611200115
flux1:, 1.427953947109906, 0.80556751313952, 0.005197451700404685, 0.025296941890446012, -1.8440090357024221, 0.8992698081425202
flux1:, 1.42893630398051, 0.8178186913649357, 0.0065068603896413215, 0.0191882011656946, -1.8867369273950045, 0.9027844431407697
flux1:, 1.429918660851114, 0.8281178644342049, 0.008026590783205839, 0.009460744710783613, -1.9327804915989064, 0.9070642794914027
flux1:, 1.430901017721718, 0.8364620235414657, 0.009762633307458093, -0.0035316486999876287, -1.9820125733310714, 0.9121080755999619
flux1:, 1.431883374592322, 0.842864672382861, 0.011719783376881343, -0.019401170496245762, -2.034273751663783, 0.9179088288207508
flux1:, 1.4328657314629258, 0.8473550498972178, 0.013901577800513758, -0.03773229769436988, -2.0893743158763316, 0.9244545352426172
flux1:, 1.4338480883335298, 0.8499772476840576, 0.016310239816959563, -0.05808827044038894, -2.14709656442325, 0.931728996912066
flux1:, 1.4348304452041338, 0.8507892323645343, 0.018946633277316847, -0.08001764580880188, -2.207197389250722, 0.9397126575023615
flux1:, 1.4358128020747378, 0.8498617837384551, 0.021810226420643616, -0.1030608428121833, -2.2694111048078223, 0.948383447239499
flux1:, 1.4367951589453418, 0.8472773600702124, 0.02489906560775635, -0.1267565955399341, -2.333452478581258, 0.9577176180629716
flux1:, 1.4377775158159456, 0.8431289022041885, 0.028209759296995384, -0.15064823437065084, -2.399019918166727, 0.9676905505260576
flux1:, 1.4387598726865496, 0.8375185884658485, 0.03173747246087229, -0.17428971922911696, -2.4657987687836393, 0.9782775148138994
flux1:, 1.4397422295571536, 0.8305565524476726, 0.03547593155593609, -0.19725135381558684, -2.533464674753639, 0.9894543694592506
flux1:, 1.4407245864277576, 0.8223595758096208, 0.03941744007066566, -0.21912511553713654, -2.601686958781649, 1.0011981828415368
flux1:, 1.4417069432983616, 0.8130497681452392, 0.04355290458840984, -0.23952954242279856, -2.6701319738879485, 1.013487764333649
flux1:, 1.4426893001689653, 0.8027532457778829, 0.04787187121524486, -0.2581141255046303, -2.738466384505184, 1.0263040939797494
flux1:, 1.4436716570395693, 0.791598821062298, 0.05236257213686728, -0.2745631628820981, -2.806360335540205, 1.0396306418052197
flux1:, 1.4446540139101733, 0.7797167133792029, 0.05701198198495525, -0.28859903984279545, -2.8734904710510674, 1.053453570236474
flux1:, 1.4456363707807773, 0.7672372925293269, 0.06180588361286486, -0.2999849078674125, -2.9395427675534274, 1.067761815597338
flux1:, 1.4466187276513813, 0.7542898646672609, 0.06672894280338158, -0.3085267439780751, -3.0042151507775476, 1.082547047203529
flux1:, 1.447601084521985, 0.7410015102683455, 0.07176479135857194, -0.31407478057470045, -3.0672198688770784, 1.0978035051503916
flux1:, 1.448583441392589, 0.7274959829048867, 0.0768961179540451, -0.3165243045227486, -3.1282855995714596, 1.1135277204321024
flux1:, 1.449565798263193, 0.7138926768268612, 0.08210476607768535, -0.315815832689328, -3.1871592733999243, 1.129718123497795
flux1:, 1.450548155133797, 0.7003056705067856, 0.08737183831681822, -0.3119346792604265, -3.243607600101857, 1.1463745496941091
flux1:, 1.451530512004401, 0.6868428524279475, 0.09267780620821138, -0.3049099379038876, -3.2974182900306532, 1.163497652223102
flux1:, 1.4525128688750049, 0.6736051344780346, 0.0980026248226797, -0.29481290907173, -3.348400967374842, 1.1810882352181362
flux1:, 1.4534952257456089, 0.6606857573670545, 0.10332585122072396, -0.2817550093725769, -3.3963877767271557, 1.1991465212729535
flux1:, 1.4544775826162128, 0.648169691527545, 0.10862676588791499, -0.2658852059110743, -3.4412336891290574, 1.2176713692196637
flux1:, 1.4554599394868168, 0.6361331359868803, 0.11388449623867207, -0.24738702371898985, -3.4828165180591792, 1.236659459112142
flux1:, 1.4564422963574208, 0.6246431167352445, 0.11907814126497299, -0.22647517883588542, -3.5210366598616494, 1.2561044622131186
flux1:, 1.4574246532280246, 0.6137571851567548, 0.12418689640226199, -0.2033918931937371, -3.5558165767695304, 1.2759962142898018
flux1:, 1.4584070100986286, 0.6035232161556187, 0.12919017768850466, -0.178402950188787, -3.5871000439170713, 1.2963199106867271
flux1:, 1.4593893669692326, 0.5939793047009907, 0.13406774430373136, -0.15179355166875685, -3.6148511845125606, 1.3170553414612571
flux1:, 1.4603717238398366, 0.5851537586424282, 0.1387998185964238, -0.12386403802075255, -3.6390533196272346, 1.3381761843429565
flux1:, 1.4613540807104406, 0.5770651848193828, 0.14336720272952427, -0.09492553312316299, -3.6597076608214523, 1.3596493724199912
flux1:, 1.4623364375810444, 0.5697226647099595, 0.14775139111220945, -0.06529557514593644, -3.676831875064142, 1.3814345522822697
flux1:, 1.4633187944516486, 0.563126015142465, 0.1519346778237013, -0.035293792580811126, -3.690458552098441, 1.403483646881152
flux1:, 1.4643011513222524, 0.5572661289333702, 0.15590025828171128, -0.00523768250064785, -3.7006336045730297, 1.4257405356278028
flux1:, 1.4652835081928564, 0.5521253897220929, 0.15963232446026213, 0.024561455060045055, -3.707414630905492, 1.4481408622774097
flux1:, 1.4662658650634603, 0.5476781547504177, 0.1631161530188753, 0.05380237647891821, -3.710869269994886, 1.470611978968416
flux1:, 1.4672482219340643, 0.5438912988853393, 0.16633818576722204, 0.0821975019071907, -3.711073575587246, 1.4930730324471098
flux1:, 1.4682305788046683, 0.5407248128114618, 0.16928610195531543, 0.10947622971991172, -3.7081104363519075, 1.5154351960455477
flux1:, 1.4692129356752721, 0.538132448023747, 0.17194888194882144, 0.1353879224515067, -3.7020680656010647, 1.5376020484423645
flux1:, 1.470195292545876, 0.5360624010348248, 0.17431686192133952, 0.1597045342483423, -3.6930385821189526, 1.559470097664409
flux1:, 1.47117764941648, 0.5344580290725651, 0.17638177926978482, 0.1822228557536133, -3.6811167008234333, 1.5809294462273669
flux1:, 1.472160006287084, 0.5332585894827881, 0.1781368085348092, 0.2027663583820432, -3.666398549012821, 1.601864590811952
flux1:, 1.473142363157688, 0.5323999950670822, 0.17957658768460788, 0.22118662605029799, -3.648980620816544, 1.6221553474706079
flux1:, 1.4741247200282919, 0.5318155776745237, 0.18069723469703974, 0.23736436851448323, -3.6289588792315137, 1.6416778911015901
flux1:, 1.4751070768988959, 0.5314368525256499, 0.18149635445082468, 0.25121001644229013, -3.60642801184522, 1.6603058958494692
flux1:, 1.4760894337694999, 0.5311942759738361, 0.18197303601121237, 0.26266390413084323, -3.581480843084225, 1.6779117612316101
flux1:, 1.4770717906401039, 0.5310179896990577, 0.18212784046824798, 0.2716960512960773, -3.5542079026388103, 1.6943679071784488
flux1:, 1.4780541475107078, 0.5308385446772089, 0.18196277955591547, 0.2783055605330061, -3.5246971466587236, 1.7095481198405034
flux1:, 1.4790365043813116, 0.530587598669894, 0.18148128534758054, 0.2825196518158997, -3.493033825439346, 1.7233289289774063
flux1:, 1.4800188612519156, 0.5301985814289052, 0.18068817138669074, 0.28439235971638566, -3.459300488670519, 1.7355909970228844
flux1:, 1.4810012181225196, 0.5296073223012118, 0.1795895856710816, 0.28400292281848866, -3.423577116942728, 1.7462204995238388
flux1:, 1.4819835749931236, 0.5287526354475321, 0.17819295596413656, 0.2814538980645831, -3.3859413661320583, 1.7551104765893606
flux1:, 1.4829659318637276, 0.5275768584451842, 0.176506927956065, 0.27686903544473784, -3.346468909543143, 1.7621621352548478
flux1:, 1.4839482887343314, 0.5260263406260374, 0.174541296843214, 0.2703909505260082, -3.3052338613037615, 1.7672860832634767
flux1:, 1.4849306456049354, 0.5240518780983477, 0.17230693293256383, 0.2621786337954959, -3.2623092634860154, 1.7704034756790232
flux1:, 1.4859130024755394, 0.5216090930092829, 0.16981570191194906, 0.2524048366622742, -3.2177676187877897, 1.7714470569567369
flux1:, 1.4868953593461434, 0.5186587552175513, 0.16708038045401935, 0.24125337423509996, -3.171681450343072, 1.77036208258755
flux1:, 1.4878777162167474, 0.5151670451559961, 0.16411456784340706, 0.22891638468329273, -3.1241238703353824, 1.7671071061736527
flux1:, 1.4888600730873511, 0.5111057572671828, 0.1609325943319118, 0.21559158412065957, -3.075169139551212, 1.7616546197567433
flux1:, 1.4898424299579551, 0.5064524439840024, 0.15754942693573085, 0.2014795545603053, -3.024893200809823, 1.7539915373729273
flux1:, 1.4908247868285591, 0.5011905007981037, 0.15398057339201673, 0.18678110060965109, -2.9733741703206125, 1.7441195141134498
flux1:, 1.4918071436991631, 0.4953091935053825, 0.1502419849892886, 0.17169470825564645, -2.920692772413855, 1.7320550953889158
flux1:, 1.4927895005697671, 0.4888036292358701, 0.14634995897779518, 0.15641413637938956, -2.8669327047365565, 1.7178296935877277
flux1:, 1.4937718574403709, 0.481674673360727, 0.14232104125185868, 0.1411261685912759, -2.8121809228594445, 1.7014893918449623
flux1:, 1.4947542143109749, 0.4739288148180109, 0.13817192997697336, 0.12600854964999253, -2.7565278352661213, 1.6830945771556485
flux1:, 1.4957365711815789, 0.4655779828081101, 0.13391938081008492, 0.11122812717958495, -2.7000674018473703, 1.662719407535985
flux1:, 1.4967189280521829, 0.4566393181763814, 0.12958011433253275, 0.0969392156900522, -2.642897131256682, 1.640451120317145
flux1:, 1.4977012849227869, 0.44713490312306364, 0.12517072628189976, 0.08328219609777902, -2.585117974756118, 1.616389190913945
flux1:, 1.4986836417933906, 0.43709145315589676, 0.12070760113188574, 0.07038236009431828, -2.526834116447841, 1.5906443535075172
flux1:, 1.4996659986639946, 0.4265399754295879, 0.11620682952868881, 0.058349004881338026, -2.468152662004625, 1.5633374969872271
flux1:, 1.5006483555345986, 0.41551539779609153, 0.11168413004882169, 0.04727478003496888, -2.4091832301423244, 1.534598451183667
flux1:, 1.5016307124052026, 0.40405617302160945, 0.10715477569707674, 0.037235284633678464, -2.35003745307889, 1.5045646798680339
flux1:, 1.5026130692758066, 0.3922038627101171, 0.10263352551510567, 0.02828890933113716, -2.2908283940650187, 1.4733798981715558
flux1:, 1.5035954261464104, 0.3800027055095512, 0.09813456162118986, 0.020476914822476086, -2.231669891720807, 1.4411926329809284
flux1:, 1.5045777830170146, 0.3674991741681299, 0.09367143195080363, 0.013823735177620644, -2.1726758423415635, 1.4081547454762027
flux1:, 1.5055601398876184, 0.3547415259544546, 0.08925699891584843, 0.00833749183338682, -2.113959432526814, 1.3744199352948925
flux1:, 1.5065424967582224, 0.3417793508596372, 0.08490339414856962, 0.004010701674115838, -2.0556323354173935, 1.340142245826558
flux1:, 1.5075248536288264, 0.32866312186483215, 0.08062197944458864, 0.0008211606103455116, -1.997803884492637, 1.3054745898725686
flux1:, 1.5085072104994304, 0.31544375138509223, 0.07642331396850345, -0.0012670175970013187, -1.9405802392671732, 1.270567314351549
flux1:, 1.5094895673700344, 0.30217215779488826, 0.0723171277357177, -0.002302228814673027, -1.884063557342515, 1.2355668219085865
flux1:, 1.5104719242406381, 0.2888988457039419, 0.06831230133584412, -0.0023440947889351166, -1.828351187110703, 1.2006142662103536
flux1:, 1.5114542811112421, 0.2756735033884244, 0.06441685181659984, -0.0014620911977499956, -1.7735348949876955, 1.1658443364023463
flux1:, 1.5124366379818461, 0.26254462049543875, 0.06063792460287031, 0.0002658892760692422, -1.7197001403848111, 1.131384144689672
flux1:, 1.5134189948524501, 0.24955912883172943, 0.056981791283930966, 0.0027550157846332607, -1.6669254107257263, 1.0973522293098943
flux1:, 1.5144013517230541, 0.2367620687245881, 0.05345385306292326, 0.005915017486508162, -1.6152816277068265, 1.0638576833229543
flux1:, 1.515383708593658, 0.2241962831078798, 0.05005864962681765, 0.009651679262398627, -1.564831634702099, 1.0309994176803214
flux1:, 1.516366065464262, 0.2119021411424754, 0.0467998731624795, 0.013868314263753234, -1.5156297737612243, 0.9988655649882713
flux1:, 1.5173484223348659, 0.19991729283241408, 0.04368038721529513, 0.01846719391334499, -1.4677215590678838, 0.9675330282785113
flux1:, 1.5183307792054699, 0.18827645574869573, 0.04070225006114449, 0.02335091752955608, -1.421143452047699, 0.9370671769808266
flux1:, 1.5193131360760739, 0.17701123462625679, 0.03786674224051703, 0.02842370548683258, -1.375922741572553, 0.9075216901859136
flux1:, 1.5202954929466777, 0.16614997425879352, 0.035174397885310155, 0.033592601720005125, -1.3320775309343773, 0.8789385452285311
flux1:, 1.5212778498172816, 0.15571764578448777, 0.03262503945425358, 0.038768573392242975, -1.28961683148683, 0.8513481476378996
flux1:, 1.5222602066878856, 0.14573576613609543, 0.030217815482093277, 0.043867497641058656, -1.2485407611125285, 0.8247695966272336
flux1:, 1.5232425635584896, 0.1362223501238708, 0.027951240940483475, 0.04881102745715679, -1.2088408439922724, 0.7992110785486707
flux1:, 1.5242249204290936, 0.12719189433230466, 0.025823239804986894, 0.05352733090291779, -1.1705004065642102, 0.7746703791529443
flux1:, 1.5252072772996974, 0.11865539174321234, 0.023831189422483717, 0.05795170000790358, -1.1334950630860645, 0.7511355040798169
flux1:, 1.5261896341703014, 0.11062037575089888, 0.021971966276582284, 0.0620270277558415, -1.0977932828798225, 0.7285853957874946
flux1:, 1.5271719910409054, 0.10309099201107638, 0.020241992755107237, 0.06570415357316456, -1.0633570301628013, 0.7069907341178696
flux1:, 1.5281543479115094, 0.09606809636541168, 0.01863728453320001, 0.06894207961597543, -1.0301424663688852, 0.6863148068999787
flux1:, 1.5291367047821134, 0.0895493769090724, 0.017153498197894638, 0.07170806190778886, -0.9981007040542464, 0.6665144364242782
flux1:, 1.5301190616527172, 0.08352949812018413, 0.015785978754906865, 0.0739775819835963, -0.9671786008690018, 0.6475409472756473
flux1:, 1.5311014185233212, 0.07800026484780373, 0.014529806675598857, 0.07573420613061307, -0.9373195816685056, 0.6293411608939
flux1:, 1.5320837753939252, 0.07295080385952482, 0.013379844161453979, 0.0769693405686136, -0.9084644766361734, 0.6118584023318474
flux1:, 1.5330661322645291, 0.06836776058045677, 0.012330780324547864, 0.07768189197348474, -0.8805523632915264, 0.5950335049944318
flux1:, 1.5340484891351331, 0.06423550861209638, 0.011377175005302248, 0.0778778436102, -0.8535214004585636, 0.5788057996569423
flux1:, 1.535030846005737, 0.06053636960154554, 0.010513500972872071, 0.07756975800283453, -0.8273096426612975, 0.5631140747626203
flux1:, 1.536013202876341, 0.057250841037933736, 0.00973418427864671, 0.07677621753007223, -0.801855823982675, 0.5478974958713853
flux1:, 1.536995559746945, 0.054357829582697983, 0.00903364255926599, 0.07552121459837284, -0.7771001011586318, 0.533096473156357
flux1:, 1.537977916617549, 0.051834887591887306, 0.008406321111946016, 0.07383350311818758, -0.7529847465592271, 0.5186534669987231
flux1:, 1.538960273488153, 0.049658450561132494, 0.007846726591612237, 0.07174592290022937, -0.729454782719933, 0.5045137229960022
flux1:, 1.5399426303587567, 0.0478040733148667, 0.007349458206011802, 0.06929470831092982, -0.7064585512027439, 0.49062592904790164
flux1:, 1.5409249872293607, 0.0462466628698597, 0.00690923631143425, 0.0665187920917184, -0.6839482097708914, 0.4769427885956073
flux1:, 1.5419073440999647, 0.04496070602673729, 0.00652092833769507, 0.06345911467186352, -0.66188015312677, 0.4634215055398099
flux1:, 1.5428897009705687, 0.04392048988023576, 0.006179571996355485, 0.06015794860541723, -0.6402153537695707, 0.4500241778266046
flux1:, 1.5438720578411727, 0.04310031358750392, 0.00588039575066892, 0.05665824695772615, -0.6189196208525931, 0.43671809814534396
flux1:, 1.5448544147117764, 0.04247468989172629, 0.005618836549168397, 0.053003023574144714, -0.5979637762377491, 0.4234759616060979
flux1:, 1.5458367715823806, 0.04201853506372123, 0.005390554847083432, 0.049234772202425066, -0.5773237482356143, 0.41027598163596624
flux1:, 1.5468191284529844, 0.04170734609506135, 0.005191446960684348, 0.04539493042938655, -0.5569805847615746, 0.3971019166335364
flux1:, 1.5478014853235884, 0.04151736415051527, 0.005017654819102117, 0.041523393350815244, -0.5369203888136093, 0.3839430111313007
flux1:, 1.5487838421941924, 0.04142572346354835, 0.004865573196071509, 0.03765808083944247, -0.5171341802685924, 0.3707938563223466
flux1:, 1.5497661990647964, 0.04141058503418531, 0.004731854520275749, 0.03383456122629336, -0.49761768898414654, 0.35765417579561265
flux1:, 1.5507485559354004, 0.04145125466215915, 0.004613411377508659, 0.03008573318231403, -0.47837108507153, 0.3445285431833896
flux1:, 1.5517309128060042, 0.04152828501814809, 0.004507416830625942, 0.026441566594904823, -0.4593986529592078, 0.3314260391470231
flux1:, 1.5527132696766082, 0.041623561620656814, 0.0044113026942534175, 0.022928902291264007, -0.4407084164890992, 0.318359855705804
flux1:, 1.5536956265472122, 0.04172037274416223, 0.004322755910398477, 0.01957130957940462, -0.4223117227726174, 0.30534685634653896
flux1:, 1.5546779834178162, 0.041803463434387844, 0.004239713178518197, 0.016388999768524953, -0.4042227928772857, 0.2924071006364312
flux1:, 1.5556603402884202, 0.0418590739477629, 0.004160353999242589, 0.013398793101655097, -0.38645824761798475, 0.27956334220154316
flux1:, 1.556642697159024, 0.04187496306329278, 0.004083092294871773, 0.01061413589176282, -0.3690366167895259, 0.2668405089300898
flux1:, 1.557625054029628, 0.04184041683551203, 0.004006566772028155, 0.008045164102701898, -0.35197784010501326, 0.2542651741213493
flux1:, 1.558607410900232, 0.041746243465928236, 0.003929630192506092, 0.005698809161581027, -0.3353027679027626, 0.24186502703394477
flux1:, 1.559589767770836, 0.04158475506727828, 0.0038513377175078676, 0.003578941430623742, -0.3190326693615988, 0.22966835090191765
flux1:, 1.56057212464144, 0.04134973717924926, 0.003770934488174498, 0.0016865465039594485, -0.3031887555304581, 0.21770351599416368
flux1:, 1.5615544815120437, 0.041036406965998654, 0.0036878426017084324, 1.9929326344018776e-05, -0.28779172394422253, 0.20599849470506124
flux1:, 1.5625368383826477, 0.040641361084928, 0.003601647637560789, -0.0014250589471381594, -0.2728613309774464, 0.19458040499525905
flux1:, 1.5635191952532517, 0.040162514262281096, 0.0035120848822062407, -0.002654776422977164, -0.2584159973929063, 0.1834750877647114
flux1:, 1.5645015521238557, 0.039599029645030565, 0.0034190253941097613, -0.0036775332569279335, -0.24447245178910432, 0.17270672295135292
flux1:, 1.5654839089944597, 0.03895124201997988, 0.0033224620426776795, -0.004503326579495891, -0.23104541585356247, 0.1622974883220227
flux1:, 1.5664662658650634, 0.038220575000813224, 0.003222495646439713, -0.0051435721531801855, -0.2181473345018257, 0.15226726407248475
flux1:, 1.5674486227356674, 0.03740945328213622, 0.0031193213265313584, -0.0056108370694404166, -0.20578815314133772, 0.1426333854956951
flux1:, 1.5684309796062714, 0.036521211047396133, 0.0030132151818668858, -0.005918577458155226, -0.19397514345839303, 0.13341044512538738
flux1:, 1.5694133364768754, 0.03555999759517748, 0.0029045213823309063, -0.006080884806706181, -0.18271277829896737, 0.12461014492883118
flux1:, 1.5703956933474794, 0.03453068121686679, 0.0027936397659892504, -0.006112244078810676, -0.17200265541453535, 0.11624119832138255
flux1:, 1.5713780502180832, 0.03343875231858641, 0.002681014015842759, -0.006027306393647767, -0.16184346908257322, 0.10830928101665843
flux1:, 1.5723604070886872, 0.032290226732751906, 0.0025671204811258297, -0.00584067858250719, -0.15223102790023046, 0.10081702902041058
flux1:, 1.5733427639592912, 0.03109155011016926, 0.0024524576976918643, -0.005566731491374294, -0.14315831639795065, 0.09376408143234134
flux1:, 1.5743251208298952, 0.0298495042234665, 0.0023375366517238228, -0.005219428451495694, -0.13461559753524863, 0.08714716514494074
flux1:, 1.5753074777004992, 0.02857111594763209, 0.0022228718209525307, -0.004812174903435533, -0.12659055263086383, 0.08096021802857868
flux1:, 1.576289834571103, 0.027263569614366368, 0.0021089730178348192, -0.0043576897399006075, -0.11906845484861932, 0.07519454677124189
flux1:, 1.577272191441707, 0.025934123364952037, 0.001996338049821121, -0.003867898534864902, -0.11203237201184878, 0.06983901520264821
flux1:, 1.578254548312311, 0.024590030052148132, 0.001885446202980868, -0.003353848456135163, -0.10546339425623992, 0.06488025867745334
flux1:, 1.579236905182915, 0.023238463166103417, 0.0017767525469257824, -0.0028256443199951584, -0.09934088185211297, 0.06030291992034965
flux1:, 1.580219262053519, 0.02188644818340301, 0.0016706830512070484, -0.002292404943239737, -0.0936427284331237, 0.05608990164607201
flux1:, 1.5812016189241227, 0.02054079966284657, 0.0015676304962253644, -0.0017622386824822536, -0.08834563485578997, 0.05222263125683887
flux1:, 1.5821839757947267, 0.019208064337037763, 0.0014679511551847482, -0.0012422368247868233, -0.08342538897942336, 0.048681332984175464
flux1:, 1.5831663326653307, 0.017894470376286796, 0.0013719622177969996, -0.0007384833084266925, -0.07885714679469717, 0.045445302977312495
flux1:, 1.5841486895359347, 0.016605882931113636, 0.0012799399212926265, -0.00025607910806367496, -0.07461571053486632, 0.04249318303965335
flux1:, 1.5851310464065387, 0.015347765992442452, 0.001192118349837678, 0.00020082048567815003, -0.07067579967005475, 0.0398032289722705
flux1:, 1.5861134032771425, 0.01412515054495349, 0.0011086888596898415, 0.0006289575276120021, -0.06701231100454774, 0.03735356979110905
flux1:, 1.5870957601477467, 0.012942608929343659, 0.001029800084341595, 0.0010259138839308875, -0.06360056446196996, 0.03512245443548763
flux1:, 1.5880781170183504, 0.01180423527397276, 0.0009555584714883051, 0.0013900463596690222, -0.06041653154485659, 0.033088482970965984
flux1:, 1.5890604738889544, 0.010713631805659107, 0.0008860293018905318, 0.0017204163060530356, -0.05743704388515644, 0.031230819701870527
flux1:, 1.5900428307595584, 0.009673900803699844, 0.0008212381390643624, 0.002016715458674778, -0.054639979752197934, 0.02952938603952375
flux1:, 1.5910251876301624, 0.00868764192049818, 0.0007611726581864417, 0.002279189664604088, -0.052004426845522464, 0.02796503141315873
flux1:, 1.5920075445007664, 0.0077569545567481735, 0.0007057848026215297, 0.002508562041973422, -0.049510820164164325, 0.02651968095417246
flux1:, 1.5929899013713702, 0.006883444948948062, 0.000654993217015718, 0.0027059569830418517, -0.047141054203130014, 0.025176459123140472
flux1:, 1.5939722582419742, 0.00606823760206146, 0.000608685906925814, 0.0028728262650585083, -0.0448785691745757, 0.023919788875893206
flux1:, 1.5949546151125782, 0.005311990680437783, 0.0005667230764158772, 0.0030108783761769696, -0.04270841137903311, 0.022735466373787417
flux1:, 1.5959369719831822, 0.004614914955441649, 0.0005289400969107315, 0.0031220119999661117, -0.040617268254432064, 0.021610711628138907
flux1:, 1.5969193288537862, 0.003976795898515138, 0.0004951505628026454, 0.0032082544351699958, -0.03859347900258206, 0.020534195824808178
flux1:, 1.59790168572439, 0.003397018503440499, 0.00046514939181522343, 0.0032717055607146012, -0.036627022029500744, 0.01949604639782486
flux1:, 1.598884042594994, 0.0028745944210250072, 0.00043871593089582717, 0.003314487792528471, -0.03470948073370084, 0.01848783120724533
flux1:, 1.599866399465598, 0.002408190993204048, 0.00041561703137796974, 0.0033387023213585017, -0.03283398943267942, 0.017502523423672804
flux1:, 1.600848756336202, 0.001996161781157838, 0.00039561006029444166, 0.003346391771853731, -0.03099516143010013, 0.016534448928026448
flux1:, 1.601831113206806, 0.001636578193315729, 0.00037844581797919267, 0.00333950928488575, -0.029189001393634714, 0.015579218199343502
flux1:, 1.6028134700774097, 0.0013272618336073367, 0.0003638713354268463, 0.0033198938990708212, -0.027412804335703367, 0.014633644785389931
flux1:, 1.6037958269480137, 0.0010658172077391017, 0.0003516325282524633, 0.0032892519951856444, -0.025665043566997496, 0.013695652531006287
flux1:, 1.6047781838186177, 0.0008496644452293085, 0.00034147668745919656, 0.0032491444696077887, -0.0239452500268198, 0.012764173778728167
flux1:, 1.6057605406892217, 0.0006760717170594988, 0.00033315479055433077, 0.00320097922069862, -0.02225388538698842, 0.011839040757012469
flux1:, 1.6067428975598257, 0.0005421870527535199, 0.000326423619814914, 0.003146008465557483, -0.020592211279692584, 0.010920872335676773
flux1:, 1.6077252544304295, 0.00044506928607245054, 0.00032104767766473843, 0.003085330353698186, -0.018962156917400292, 0.010010958258852808
flux1:, 1.6087076113010335, 0.00038171788500358534, 0.00031680089215888995, 0.003019894308701014, -0.01736618725817754, 0.009111142865972198
flux1:, 1.6096899681716375, 0.00034910144894310827, 0.0003134681084564309, 0.0029505095081640183, -0.015807173726357995, 0.008223710184680003
flux1:, 1.6106723250422414, 0.00034418468361750075, 0.0003108463648765332, 0.002877855905448793, -0.014288269330703922, 0.0073512721299072185
flux1:, 1.6116546819128454, 0.00036395369203748605, 0.0003087459546581178, 0.0028024972028266046, -0.012812789834013082, 0.006496661374503809
flux1:, 1.6126370387834492, 0.00040543944733035955, 0.00030699127686963963, 0.0027248952034309897, -0.011384102424347767, 0.0056628302730385455
flux1:, 1.6136193956540532, 0.00046573934038801477, 0.0003054214820290427, 0.0026454249975698734, -0.010005523122740912, 0.00485275702553539
flux1:, 1.6146017525246572, 0.0005420367216384303, 0.0003038909198860139, 0.002564390476037249, -0.008680223939944215, 0.004069360066114575
flux1:, 1.6155841093952612, 0.0006316183816820431, 0.00030226939848974573, 0.002482039707585914, -0.007411150569654042, 0.003315421456599023
flux1:, 1.6165664662658652, 0.0007318899398120585, 0.0003004422651073854, 0.002398579768113977, -0.006200951181643257, 0.0025935198607819586
flux1:, 1.617548823136469, 0.0008403891324047152, 0.0002983103207761483, 0.0023141906638827012, -0.005051916659234423, 0.0019059734747758645
flux1:, 1.618531180007073, 0.0009547970146537124, 0.00029578958126707426, 0.002229038048769407, -0.003965932414756746, 0.0012547930956494288
flux1:, 1.619513536877677, 0.0010729471090069362, 0.00029281089801652584, 0.0021432844945930545, -0.0029444417174169725, 0.0006416453275093766
flux1:, 1.620495893748281, 0.0011928325518704669, 0.0002893194531493327, 0.002057099132785141, -0.0019884202827154204, 6.78257534633795e-05
flux1:, 1.621478250618885, 0.0013126113065472847, 0.0002852741430851368, 0.001970665543655108, -0.0010983617037900939, -0.00046575825407383167
flux1:, 1.6224606074894887, 0.001430609524989393, 0.0002806468653975737, 0.0018841878252643936, -0.00027427315442916456, -0.0009585955520179297
flux1:, 1.6234429643600927, 0.0015453231536781764, 0.0002754217235942921, 0.0017978948263797246, 0.0004843193375223545, -0.001410570663575987
flux1:, 1.6244253212306967, 0.0016554178898368229, 0.00026959416432323146, 0.0017120425763149534, 0.0011783568579613324, -0.001821955326407364
flux1:, 1.6254076781013007, 0.0017597276032215608, 0.00026317006119269443, 0.0016269149879965914, 0.0018092257163829723, -0.002193392929281705
flux1:, 1.6263900349719047, 0.0018572513459683107, 0.00025616475894311205, 0.0015428229487401501, 0.0023787286665111936, -0.002525876679643841
flux1:, 1.6273723918425085, 0.0019471490784426322, 0.000248602091134902, 0.0014601019456339007, 0.002889050253297801, -0.002820722390540916
flux1:, 1.6283547487131127, 0.0020287362428103054, 0.00024051338384062463, 0.0013791083988083928, 0.0033427173281456155, -0.0030795368027340952
flux1:, 1.6293371055837165, 0.00210147731821397, 0.00023193645706150949, 0.0013002148961931087, 0.0037425557809913535, -0.0033041823674357083
flux1:, 1.6303194624543205, 0.0021649784920566018, 0.00022291463474695636, 0.0012238045375755806, 0.004091644526252763, -0.0034967394079516018
flux1:, 1.6313018193249245, 0.0022189795811147946, 0.00021349577339509174, 0.001150264604113557, 0.004393267751051243, -0.0036594665558428723
flux1:, 1.6322841761955285, 0.002263345334077908, 0.00020373131826520135, 0.0010799797721286763, 0.004650866390226791, -0.003794760320566644
flux1:, 1.6332665330661325, 0.0022980562438305588, 0.0001936753952581969, 0.0010133250874253897, 0.004867989735322193, -0.0039051146025032677
flux1:, 1.6342488899367362, 0.0023231989933575996, 0.00018338394552625773, 0.0009506589089589644, 0.005048248015741655, -0.003993080899533569
flux1:, 1.6352312468073402, 0.0023389566538640147, 0.00017291390887437422, 0.0008923160189533391, 0.005195266711795264, -0.004061229888725812
flux1:, 1.6362136036779442, 0.002345598747479522, 0.00016232246102557742, 0.0008386010811192515, 0.005312643273307126, -0.00411211498906004
flux1:, 1.6371959605485482, 0.0023434712800638555, 0.0001516663088467125, 0.0007897826100051042, 0.005403906825909601, -0.004148238430234536
flux1:, 1.6381783174191522, 0.0023329868421567428, 0.00014100104668724608, 0.0007460875934351624, 0.005472481352095747, -0.004172020268355027
flux1:, 1.639160674289756, 0.0023146148681828, 0.00013038057607037628, 0.0007076968870083026, 0.005521652737489661, -0.004185770703377283
flux1:, 1.64014303116036, 0.0022888721357802707, 0.00011985659011260713, 0.0006747414754111936, 0.005554539976328713, -0.004191665967189004
flux1:, 1.641125388030964, 0.0022563135785840065, 0.00010947812322903545, 0.0006472996704621858, 0.0055740707356583315, -0.0041917279667792965
flux1:, 1.642107744901568, 0.002217523477212423, 9.929116592378884e-05, 0.0006253952908974837, 0.005582961386681159, -0.004187807785397989
flux1:, 1.643090101772172, 0.0021731070845156836, 8.933834376271012e-05, 0.000608996844489938, 0.005583701525378896, -0.004181573067183125
flux1:, 1.6440724586427757, 0.0021236827326098543, 7.965865899134413e-05, 0.0005980177096850221, 0.005578542924321876, -0.004174499238629887
flux1:, 1.6450548155133797, 0.0020698744607513023, 7.028729268921062e-05, 0.0005923172918746412, 0.005569492784172515, -0.004167864454194989
flux1:, 1.6460371723839837, 0.00201230519495447, 6.125546484949838e-05, 0.0005917031092551997, 0.005558311087973146, -0.004162748094312756
flux1:, 1.6470195292545877, 0.0019515905023297904, 5.259034933833367e-05, 0.0005959337450819341, 0.005546511804096071, -0.004160032592384778
flux1:, 1.6480018861251917, 0.0018883329356214156, 4.431504032123018e-05, 0.0006047225873688062, 0.005535367635368527, -0.004160408323521779
flux1:, 1.6489842429957955, 0.0018231169762899823, 3.644856644353444e-05, 0.0006177422638961524, 0.005525917972585769, -0.004164381252104079
flux1:, 1.6499665998663995, 0.0017565045778348378, 2.9005948817073928e-05, 0.0006346296698250759, 0.005518979680250641, -0.0041722830075838855
flux1:, 1.6509489567370035, 0.001689031304900586, 2.199829869312243e-05, 0.0006549914773839474, 0.005515160321020652, -0.004184283038383105
flux1:, 1.6519313136076075, 0.0016212030580591275, 1.5432950588534077e-05, 0.0006784100119781576, 0.005514873412582446, -0.004200402481948189
flux1:, 1.6529136704782115, 0.0015534933690686582, 9.313626576057605e-06, 0.000704449376603545, 0.005518355306140356, -0.004220529384675149
flux1:, 1.6538960273488152, 0.0014863412468712602, 3.640627446605744e-06, 0.000732661706522737, 0.0055256832788824085, -0.004244434908031405
flux1:, 1.6548783842194192, 0.0014201495506034423, -1.588953503858537e-06, 0.0007625934386161335, 0.005536794442960136, -0.004271790166212916
flux1:, 1.6558607410900232, 0.0013552838624609099, -6.380998221056106e-06, 0.00079379148449281, 0.005551505090152206, -0.004302183355504696
flux1:, 1.6568430979606272, 0.0012920718304059468, -1.0744117201534616e-05, 0.0008258092030573568, 0.0055695301134144155, -0.00433513685535126
flux1:, 1.6578254548312312, 0.0012308029483468824, -1.4689392228971144e-05, 0.0008582120765806659, 0.0055905021734195415, -0.004370124005370793
flux1:, 1.658807811701835, 0.0011717287396207606, -1.8230112207759333e-05, 0.0008905830040998516, 0.005613990308890442, -0.004406585290315369
flux1:, 1.659790168572439, 0.0011150633082920127, -2.1381505543885912e-05, 0.0009225271369539841, 0.005639517723341466, -0.004443943695594736
flux1:, 1.660772525443043, 0.0010609842219359885, -2.4160472280895733e-05, 0.0009536761930633584, 0.005666578516717832, -0.004481619028549934
flux1:, 1.661754882313647, 0.0010096336891865848, -2.6585318941040533e-05, 0.0009836921990258702, 0.0056946531678096985, -0.004519041034622569
flux1:, 1.662737239184251, 0.0009611199953410232, -2.86754987509918e-05, 0.0010122706218205712, 0.005723222611118849, -0.0045556611719926934
flux1:, 1.6637195960548548, 0.0009155191597204744, -3.0451359651697472e-05, 0.0010391428647054547, 0.005751780789595813, -0.004590962942646512
flux1:, 1.6647019529254587, 0.0008728767792235385, -3.193390221000972e-05, 0.0010640781144923455, 0.005779845601550611, -0.004624470711491153
flux1:, 1.6656843097960627, 0.0008332100235701765, -3.314454926415029e-05, 0.001086884539494854, 0.005806968195371782, -0.004655756977441182
flux1:, 1.6666666666666667, 0.0007965097490643965, -3.4104928854488954e-05, 0.0011074098489877332, 0.0058327405991927825, -0.004684448091026999

Elapsed run time = 861.2942 s
