Using MPI version 4.0, 2 processes
-----------
Initializing structure...
Halving computational cell along direction x
Halving computational cell along direction z
Splitting into 2 chunks by voxels
time for choose_chunkdivision = 0.00119495 s
Working in 3D dimensions.
Computational cell is 12.5 x 5.41667 x 4.13333 with resolution 60
     block, center = (0,0.481,0)
          size (1e+20,0.462,0.14)
          axes (1,0,0), (0,1,0), (0,0,1)
          dielectric constant epsilon diagonal = (4,4,4)
     block, center = (0,-0.481,0)
          size (1e+20,0.462,0.14)
          axes (1,0,0), (0,1,0), (0,0,1)
          dielectric constant epsilon diagonal = (4,4,4)
     cylinder, center = (1.29643,0.481,0)
          radius 0.1155, height 1e+20, axis (0, 0, 1)
          dielectric constant epsilon diagonal = (1,1,1)
     cylinder, center = (-1.29643,0.481,0)
          radius 0.1155, height 1e+20, axis (0, 0, 1)
          dielectric constant epsilon diagonal = (1,1,1)
     cylinder, center = (1.62643,0.481,0)
          radius 0.1155, height 1e+20, axis (0, 0, 1)
          dielectric constant epsilon diagonal = (1,1,1)
     cylinder, center = (-1.62643,0.481,0)
          radius 0.1155, height 1e+20, axis (0, 0, 1)
          dielectric constant epsilon diagonal = (1,1,1)
     cylinder, center = (1.95643,0.481,0)
          radius 0.1155, height 1e+20, axis (0, 0, 1)
          dielectric constant epsilon diagonal = (1,1,1)
     cylinder, center = (-1.95643,0.481,0)
          radius 0.1155, height 1e+20, axis (0, 0, 1)
          dielectric constant epsilon diagonal = (1,1,1)
     cylinder, center = (0.127286,0.481,0)
          radius 0.0891, height 1e+20, axis (0, 0, 1)
          dielectric constant epsilon diagonal = (1,1,1)
     cylinder, center = (-0.127286,0.481,0)
          radius 0.0891, height 1e+20, axis (0, 0, 1)
          dielectric constant epsilon diagonal = (1,1,1)
     ...(+ 44 objects not shown)...
time for set_epsilon = 24.7098 s
-----------
Meep progress: 0.008333333333333333/30.399999618530273 = 0.0% done in 11.1s, 40483.8s to go
on time step 1 (time=0.00833333), 11.1004 s/step
Meep progress: 0.15833333333333333/30.399999618530273 = 0.5% done in 15.2s, 2903.3s to go
on time step 19 (time=0.158333), 0.227783 s/step
Meep progress: 0.30833333333333335/30.399999618530273 = 1.0% done in 19.3s, 1885.1s to go
on time step 37 (time=0.308333), 0.228592 s/step
Meep progress: 0.4583333333333333/30.399999618530273 = 1.5% done in 23.4s, 1530.2s to go
on time step 55 (time=0.458333), 0.228206 s/step
Meep progress: 0.6083333333333333/30.399999618530273 = 2.0% done in 27.6s, 1349.4s to go
on time step 73 (time=0.608333), 0.229451 s/step
Meep progress: 0.7583333333333333/30.399999618530273 = 2.5% done in 31.7s, 1237.8s to go
on time step 91 (time=0.758333), 0.22851 s/step
Meep progress: 0.9083333333333333/30.399999618530273 = 3.0% done in 35.8s, 1162.4s to go
on time step 109 (time=0.908333), 0.229772 s/step
     block, center = (0,0.481,0)
          size (1e+20,0.462,0.14)
          axes (1,0,0), (0,1,0), (0,0,1)
          dielectric constant epsilon diagonal = (4,4,4)
     block, center = (0,-0.481,0)
          size (1e+20,0.462,0.14)
          axes (1,0,0), (0,1,0), (0,0,1)
          dielectric constant epsilon diagonal = (4,4,4)
     cylinder, center = (1.29643,0.481,0)
          radius 0.1155, height 1e+20, axis (0, 0, 1)
          dielectric constant epsilon diagonal = (1,1,1)
     cylinder, center = (-1.29643,0.481,0)
          radius 0.1155, height 1e+20, axis (0, 0, 1)
          dielectric constant epsilon diagonal = (1,1,1)
     cylinder, center = (1.62643,0.481,0)
          radius 0.1155, height 1e+20, axis (0, 0, 1)
          dielectric constant epsilon diagonal = (1,1,1)
     cylinder, center = (-1.62643,0.481,0)
          radius 0.1155, height 1e+20, axis (0, 0, 1)
          dielectric constant epsilon diagonal = (1,1,1)
     cylinder, center = (1.95643,0.481,0)
          radius 0.1155, height 1e+20, axis (0, 0, 1)
          dielectric constant epsilon diagonal = (1,1,1)
     cylinder, center = (-1.95643,0.481,0)
          radius 0.1155, height 1e+20, axis (0, 0, 1)
          dielectric constant epsilon diagonal = (1,1,1)
     cylinder, center = (0.127286,0.481,0)
          radius 0.0891, height 1e+20, axis (0, 0, 1)
          dielectric constant epsilon diagonal = (1,1,1)
     cylinder, center = (-0.127286,0.481,0)
          radius 0.0891, height 1e+20, axis (0, 0, 1)
          dielectric constant epsilon diagonal = (1,1,1)
     ...(+ 44 objects not shown)...
Meep progress: 1.05/30.399999618530273 = 3.5% done in 40.0s, 1117.0s to go
on time step 126 (time=1.05), 0.244538 s/step
Meep progress: 1.2/30.399999618530273 = 3.9% done in 44.1s, 1073.0s to go
on time step 144 (time=1.2), 0.229846 s/step
Meep progress: 1.35/30.399999618530273 = 4.4% done in 48.2s, 1037.2s to go
on time step 162 (time=1.35), 0.227993 s/step
Meep progress: 1.5/30.399999618530273 = 4.9% done in 52.3s, 1008.2s to go
on time step 180 (time=1.5), 0.229381 s/step
Meep progress: 1.65/30.399999618530273 = 5.4% done in 56.5s, 983.9s to go
on time step 198 (time=1.65), 0.229698 s/step
Meep progress: 1.8/30.399999618530273 = 5.9% done in 60.6s, 962.6s to go
on time step 216 (time=1.8), 0.228793 s/step
Meep progress: 1.95/30.399999618530273 = 6.4% done in 64.7s, 944.3s to go
on time step 234 (time=1.95), 0.230199 s/step
Meep progress: 2.091666666666667/30.399999618530273 = 6.9% done in 68.8s, 931.2s to go
on time step 251 (time=2.09167), 0.239698 s/step
Meep progress: 2.2416666666666667/30.399999618530273 = 7.4% done in 72.9s, 916.3s to go
on time step 269 (time=2.24167), 0.230083 s/step
Meep progress: 2.3916666666666666/30.399999618530273 = 7.9% done in 77.1s, 902.4s to go
on time step 287 (time=2.39167), 0.228777 s/step
Meep progress: 2.5416666666666665/30.399999618530273 = 8.4% done in 81.2s, 889.9s to go
on time step 305 (time=2.54167), 0.229626 s/step
Meep progress: 2.6916666666666664/30.399999618530273 = 8.9% done in 85.3s, 878.2s to go
on time step 323 (time=2.69167), 0.228809 s/step
Meep progress: 2.841666666666667/30.399999618530273 = 9.3% done in 89.5s, 867.5s to go
on time step 341 (time=2.84167), 0.230077 s/step
Meep progress: 2.9916666666666667/30.399999618530273 = 9.8% done in 93.6s, 857.1s to go
on time step 359 (time=2.99167), 0.228 s/step
Meep progress: 3.1333333333333333/30.399999618530273 = 10.3% done in 97.7s, 849.8s to go
on time step 376 (time=3.13333), 0.240666 s/step
Meep progress: 3.283333333333333/30.399999618530273 = 10.8% done in 101.8s, 840.6s to go
on time step 394 (time=3.28333), 0.229493 s/step
Meep progress: 3.433333333333333/30.399999618530273 = 11.3% done in 105.9s, 832.0s to go
on time step 412 (time=3.43333), 0.230055 s/step
Meep progress: 3.5833333333333335/30.399999618530273 = 11.8% done in 110.1s, 823.7s to go
on time step 430 (time=3.58333), 0.230122 s/step
Meep progress: 3.7333333333333334/30.399999618530273 = 12.3% done in 114.2s, 815.7s to go
on time step 448 (time=3.73333), 0.229742 s/step
Meep progress: 3.8833333333333333/30.399999618530273 = 12.8% done in 118.3s, 807.9s to go
on time step 466 (time=3.88333), 0.228453 s/step
Meep progress: 4.025/30.399999618530273 = 13.2% done in 122.4s, 801.9s to go
on time step 483 (time=4.025), 0.238604 s/step
Meep progress: 4.175/30.399999618530273 = 13.7% done in 126.5s, 794.7s to go
on time step 501 (time=4.175), 0.230265 s/step
Meep progress: 4.325/30.399999618530273 = 14.2% done in 130.6s, 787.6s to go
on time step 519 (time=4.325), 0.22873 s/step
Meep progress: 4.475/30.399999618530273 = 14.7% done in 134.8s, 780.8s to go
on time step 537 (time=4.475), 0.229869 s/step
Meep progress: 4.625/30.399999618530273 = 15.2% done in 138.9s, 774.0s to go
on time step 555 (time=4.625), 0.228883 s/step
Meep progress: 4.775/30.399999618530273 = 15.7% done in 143.0s, 767.5s to go
on time step 573 (time=4.775), 0.22984 s/step
Meep progress: 4.925/30.399999618530273 = 16.2% done in 147.1s, 761.0s to go
on time step 591 (time=4.925), 0.227528 s/step
Meep progress: 5.066666666666666/30.399999618530273 = 16.7% done in 151.2s, 756.1s to go
on time step 608 (time=5.06667), 0.241463 s/step
Meep progress: 5.216666666666667/30.399999618530273 = 17.2% done in 155.3s, 749.9s to go
on time step 626 (time=5.21667), 0.228397 s/step
Meep progress: 5.366666666666666/30.399999618530273 = 17.7% done in 159.5s, 743.9s to go
on time step 644 (time=5.36667), 0.229996 s/step
Meep progress: 5.516666666666667/30.399999618530273 = 18.1% done in 163.6s, 738.0s to go
on time step 662 (time=5.51667), 0.229743 s/step
Meep progress: 5.666666666666667/30.399999618530273 = 18.6% done in 167.7s, 732.1s to go
on time step 680 (time=5.66667), 0.228337 s/step
Meep progress: 5.816666666666666/30.399999618530273 = 19.1% done in 171.8s, 726.3s to go
on time step 698 (time=5.81667), 0.229289 s/step
Meep progress: 5.966666666666667/30.399999618530273 = 19.6% done in 176.0s, 720.6s to go
on time step 716 (time=5.96667), 0.228746 s/step
Meep progress: 6.108333333333333/30.399999618530273 = 20.1% done in 180.1s, 716.0s to go
on time step 733 (time=6.10833), 0.240526 s/step
Meep progress: 6.258333333333333/30.399999618530273 = 20.6% done in 184.2s, 710.4s to go
on time step 751 (time=6.25833), 0.228127 s/step
Meep progress: 6.408333333333333/30.399999618530273 = 21.1% done in 188.3s, 705.0s to go
on time step 769 (time=6.40833), 0.230134 s/step
Meep progress: 6.558333333333334/30.399999618530273 = 21.6% done in 192.4s, 699.6s to go
on time step 787 (time=6.55833), 0.22995 s/step
Meep progress: 6.708333333333333/30.399999618530273 = 22.1% done in 196.6s, 694.2s to go
on time step 805 (time=6.70833), 0.229351 s/step
Meep progress: 6.858333333333333/30.399999618530273 = 22.6% done in 200.7s, 688.9s to go
on time step 823 (time=6.85833), 0.228354 s/step
Meep progress: 7.0/30.399999618530273 = 23.0% done in 204.8s, 684.6s to go
on time step 840 (time=7), 0.241612 s/step
Meep progress: 7.1499999999999995/30.399999618530273 = 23.5% done in 208.9s, 679.4s to go
on time step 858 (time=7.15), 0.229364 s/step
Meep progress: 7.3/30.399999618530273 = 24.0% done in 213.0s, 674.1s to go
on time step 876 (time=7.3), 0.229033 s/step
Meep progress: 7.45/30.399999618530273 = 24.5% done in 217.2s, 669.0s to go
on time step 894 (time=7.45), 0.229459 s/step
Meep progress: 7.6/30.399999618530273 = 25.0% done in 221.3s, 663.9s to go
on time step 912 (time=7.6), 0.228781 s/step
Meep progress: 7.75/30.399999618530273 = 25.5% done in 225.4s, 658.9s to go
on time step 930 (time=7.75), 0.23041 s/step
Meep progress: 7.8999999999999995/30.399999618530273 = 26.0% done in 229.6s, 653.8s to go
on time step 948 (time=7.9), 0.228593 s/step
Meep progress: 8.041666666666666/30.399999618530273 = 26.5% done in 233.6s, 649.6s to go
on time step 965 (time=8.04167), 0.240422 s/step
Meep progress: 8.191666666666666/30.399999618530273 = 26.9% done in 237.8s, 644.6s to go
on time step 983 (time=8.19167), 0.228649 s/step
Meep progress: 8.341666666666667/30.399999618530273 = 27.4% done in 241.9s, 639.6s to go
on time step 1001 (time=8.34167), 0.22953 s/step
Meep progress: 8.491666666666667/30.399999618530273 = 27.9% done in 246.0s, 634.6s to go
on time step 1019 (time=8.49167), 0.227633 s/step
Meep progress: 8.641666666666666/30.399999618530273 = 28.4% done in 250.1s, 629.7s to go
on time step 1037 (time=8.64167), 0.229196 s/step
Meep progress: 8.791666666666666/30.399999618530273 = 28.9% done in 254.2s, 624.8s to go
on time step 1055 (time=8.79167), 0.228042 s/step
Meep progress: 8.941666666666666/30.399999618530273 = 29.4% done in 258.3s, 619.9s to go
on time step 1073 (time=8.94167), 0.228537 s/step
Meep progress: 9.083333333333334/30.399999618530273 = 29.9% done in 262.4s, 615.8s to go
on time step 1090 (time=9.08333), 0.240529 s/step
Meep progress: 9.233333333333333/30.399999618530273 = 30.4% done in 266.5s, 611.0s to go
on time step 1108 (time=9.23333), 0.229306 s/step
Meep progress: 9.383333333333333/30.399999618530273 = 30.9% done in 270.7s, 606.2s to go
on time step 1126 (time=9.38333), 0.228626 s/step
Meep progress: 9.533333333333333/30.399999618530273 = 31.4% done in 274.8s, 601.5s to go
on time step 1144 (time=9.53333), 0.229112 s/step
Meep progress: 9.683333333333334/30.399999618530273 = 31.9% done in 278.9s, 596.7s to go
on time step 1162 (time=9.68333), 0.22983 s/step
Meep progress: 9.833333333333334/30.399999618530273 = 32.3% done in 283.0s, 591.9s to go
on time step 1180 (time=9.83333), 0.226801 s/step
Meep progress: 9.983333333333333/30.399999618530273 = 32.8% done in 287.1s, 587.2s to go
on time step 1198 (time=9.98333), 0.228646 s/step
Meep progress: 10.125/30.399999618530273 = 33.3% done in 291.2s, 583.1s to go
on time step 1215 (time=10.125), 0.239983 s/step
Meep progress: 10.275/30.399999618530273 = 33.8% done in 295.3s, 578.4s to go
on time step 1233 (time=10.275), 0.229288 s/step
Meep progress: 10.425/30.399999618530273 = 34.3% done in 299.4s, 573.7s to go
on time step 1251 (time=10.425), 0.228306 s/step
Meep progress: 10.575/30.399999618530273 = 34.8% done in 303.6s, 569.1s to go
on time step 1269 (time=10.575), 0.229725 s/step
Meep progress: 10.725/30.399999618530273 = 35.3% done in 307.7s, 564.5s to go
on time step 1287 (time=10.725), 0.228993 s/step
Meep progress: 10.875/30.399999618530273 = 35.8% done in 311.8s, 559.8s to go
on time step 1305 (time=10.875), 0.228909 s/step
Meep progress: 11.016666666666666/30.399999618530273 = 36.2% done in 315.9s, 555.8s to go
on time step 1322 (time=11.0167), 0.240044 s/step
Meep progress: 11.166666666666666/30.399999618530273 = 36.7% done in 320.0s, 551.2s to go
on time step 1340 (time=11.1667), 0.228516 s/step
Meep progress: 11.316666666666666/30.399999618530273 = 37.2% done in 324.1s, 546.6s to go
on time step 1358 (time=11.3167), 0.228834 s/step
Meep progress: 11.466666666666667/30.399999618530273 = 37.7% done in 328.3s, 542.0s to go
on time step 1376 (time=11.4667), 0.229096 s/step
Meep progress: 11.616666666666667/30.399999618530273 = 38.2% done in 332.4s, 537.4s to go
on time step 1394 (time=11.6167), 0.229111 s/step
Meep progress: 11.766666666666666/30.399999618530273 = 38.7% done in 336.5s, 532.8s to go
on time step 1412 (time=11.7667), 0.227919 s/step
Meep progress: 11.916666666666666/30.399999618530273 = 39.2% done in 340.6s, 528.3s to go
on time step 1430 (time=11.9167), 0.229959 s/step
Meep progress: 12.058333333333334/30.399999618530273 = 39.7% done in 344.7s, 524.3s to go
on time step 1447 (time=12.0583), 0.239681 s/step
Meep progress: 12.208333333333334/30.399999618530273 = 40.2% done in 348.8s, 519.8s to go
on time step 1465 (time=12.2083), 0.23005 s/step
Meep progress: 12.358333333333333/30.399999618530273 = 40.7% done in 352.9s, 515.2s to go
on time step 1483 (time=12.3583), 0.227964 s/step
Meep progress: 12.508333333333333/30.399999618530273 = 41.1% done in 357.1s, 510.7s to go
on time step 1501 (time=12.5083), 0.229705 s/step
Meep progress: 12.658333333333333/30.399999618530273 = 41.6% done in 361.2s, 506.3s to go
on time step 1519 (time=12.6583), 0.229549 s/step
Meep progress: 12.808333333333334/30.399999618530273 = 42.1% done in 365.3s, 501.7s to go
on time step 1537 (time=12.8083), 0.227662 s/step
Meep progress: 12.958333333333334/30.399999618530273 = 42.6% done in 369.4s, 497.2s to go
on time step 1555 (time=12.9583), 0.228013 s/step
Meep progress: 13.1/30.399999618530273 = 43.1% done in 373.5s, 493.3s to go
on time step 1572 (time=13.1), 0.241144 s/step
Meep progress: 13.25/30.399999618530273 = 43.6% done in 377.6s, 488.8s to go
on time step 1590 (time=13.25), 0.229314 s/step
Meep progress: 13.4/30.399999618530273 = 44.1% done in 381.8s, 484.3s to go
on time step 1608 (time=13.4), 0.229207 s/step
Meep progress: 13.549999999999999/30.399999618530273 = 44.6% done in 385.9s, 479.9s to go
on time step 1626 (time=13.55), 0.230195 s/step
Meep progress: 13.7/30.399999618530273 = 45.1% done in 390.0s, 475.4s to go
on time step 1644 (time=13.7), 0.22736 s/step
Meep progress: 13.85/30.399999618530273 = 45.6% done in 394.1s, 470.9s to go
on time step 1662 (time=13.85), 0.228818 s/step
Meep progress: 14.0/30.399999618530273 = 46.1% done in 398.4s, 466.7s to go
on time step 1680 (time=14), 0.240043 s/step
Meep progress: 14.15/30.399999618530273 = 46.5% done in 402.6s, 462.3s to go
on time step 1698 (time=14.15), 0.228963 s/step
Meep progress: 14.299999999999999/30.399999618530273 = 47.0% done in 406.7s, 457.9s to go
on time step 1716 (time=14.3), 0.229783 s/step
Meep progress: 14.45/30.399999618530273 = 47.5% done in 410.8s, 453.4s to go
on time step 1734 (time=14.45), 0.228305 s/step
Meep progress: 14.6/30.399999618530273 = 48.0% done in 414.9s, 449.0s to go
on time step 1752 (time=14.6), 0.228676 s/step
Meep progress: 14.75/30.399999618530273 = 48.5% done in 419.0s, 444.6s to go
on time step 1770 (time=14.75), 0.229114 s/step
Meep progress: 14.9/30.399999618530273 = 49.0% done in 423.2s, 440.2s to go
on time step 1788 (time=14.9), 0.229348 s/step
Meep progress: 15.041666666666666/30.399999618530273 = 49.5% done in 427.2s, 436.2s to go
on time step 1805 (time=15.0417), 0.23956 s/step
Meep progress: 15.191666666666666/30.399999618530273 = 50.0% done in 431.4s, 431.9s to go
on time step 1823 (time=15.1917), 0.229678 s/step
Meep progress: 15.341666666666667/30.399999618530273 = 50.5% done in 435.5s, 427.5s to go
on time step 1841 (time=15.3417), 0.228826 s/step
Meep progress: 15.491666666666667/30.399999618530273 = 51.0% done in 439.6s, 423.1s to go
on time step 1859 (time=15.4917), 0.228876 s/step
Meep progress: 15.641666666666666/30.399999618530273 = 51.5% done in 443.7s, 418.7s to go
on time step 1877 (time=15.6417), 0.227829 s/step
Meep progress: 15.791666666666666/30.399999618530273 = 51.9% done in 447.8s, 414.3s to go
on time step 1895 (time=15.7917), 0.229288 s/step
Meep progress: 15.941666666666666/30.399999618530273 = 52.4% done in 452.0s, 409.9s to go
on time step 1913 (time=15.9417), 0.228175 s/step
Meep progress: 16.083333333333332/30.399999618530273 = 52.9% done in 456.1s, 406.0s to go
on time step 1930 (time=16.0833), 0.242101 s/step
Meep progress: 16.233333333333334/30.399999618530273 = 53.4% done in 460.2s, 401.6s to go
on time step 1948 (time=16.2333), 0.229964 s/step
Meep progress: 16.383333333333333/30.399999618530273 = 53.9% done in 464.3s, 397.2s to go
on time step 1966 (time=16.3833), 0.22871 s/step
Meep progress: 16.53333333333333/30.399999618530273 = 54.4% done in 468.4s, 392.9s to go
on time step 1984 (time=16.5333), 0.229252 s/step
Meep progress: 16.683333333333334/30.399999618530273 = 54.9% done in 472.6s, 388.5s to go
on time step 2002 (time=16.6833), 0.228689 s/step
Meep progress: 16.833333333333332/30.399999618530273 = 55.4% done in 476.7s, 384.2s to go
on time step 2020 (time=16.8333), 0.228842 s/step
Meep progress: 16.983333333333334/30.399999618530273 = 55.9% done in 480.8s, 379.8s to go
on time step 2038 (time=16.9833), 0.228455 s/step
Meep progress: 17.125/30.399999618530273 = 56.3% done in 484.9s, 375.9s to go
on time step 2055 (time=17.125), 0.240888 s/step
Meep progress: 17.275/30.399999618530273 = 56.8% done in 489.0s, 371.5s to go
on time step 2073 (time=17.275), 0.228442 s/step
Meep progress: 17.425/30.399999618530273 = 57.3% done in 493.1s, 367.2s to go
on time step 2091 (time=17.425), 0.228984 s/step
Meep progress: 17.575/30.399999618530273 = 57.8% done in 497.2s, 362.8s to go
on time step 2109 (time=17.575), 0.228015 s/step
Meep progress: 17.725/30.399999618530273 = 58.3% done in 501.4s, 358.5s to go
on time step 2127 (time=17.725), 0.228912 s/step
Meep progress: 17.875/30.399999618530273 = 58.8% done in 505.5s, 354.2s to go
on time step 2145 (time=17.875), 0.230406 s/step
Meep progress: 18.016666666666666/30.399999618530273 = 59.3% done in 509.6s, 350.3s to go
on time step 2162 (time=18.0167), 0.240828 s/step
Meep progress: 18.166666666666668/30.399999618530273 = 59.8% done in 513.7s, 345.9s to go
on time step 2180 (time=18.1667), 0.229547 s/step
Meep progress: 18.316666666666666/30.399999618530273 = 60.3% done in 517.8s, 341.6s to go
on time step 2198 (time=18.3167), 0.229142 s/step
Meep progress: 18.466666666666665/30.399999618530273 = 60.7% done in 522.0s, 337.3s to go
on time step 2216 (time=18.4667), 0.229332 s/step
Meep progress: 18.616666666666667/30.399999618530273 = 61.2% done in 526.1s, 333.0s to go
on time step 2234 (time=18.6167), 0.227328 s/step
Meep progress: 18.766666666666666/30.399999618530273 = 61.7% done in 530.2s, 328.7s to go
on time step 2252 (time=18.7667), 0.229464 s/step
Meep progress: 18.916666666666668/30.399999618530273 = 62.2% done in 534.3s, 324.4s to go
on time step 2270 (time=18.9167), 0.229144 s/step
Meep progress: 19.058333333333334/30.399999618530273 = 62.7% done in 538.4s, 320.4s to go
on time step 2287 (time=19.0583), 0.242176 s/step
Meep progress: 19.208333333333332/30.399999618530273 = 63.2% done in 542.6s, 316.1s to go
on time step 2305 (time=19.2083), 0.228502 s/step
Meep progress: 19.358333333333334/30.399999618530273 = 63.7% done in 546.7s, 311.8s to go
on time step 2323 (time=19.3583), 0.229577 s/step
Meep progress: 19.508333333333333/30.399999618530273 = 64.2% done in 550.8s, 307.5s to go
on time step 2341 (time=19.5083), 0.228023 s/step
Meep progress: 19.65833333333333/30.399999618530273 = 64.7% done in 554.9s, 303.2s to go
on time step 2359 (time=19.6583), 0.229529 s/step
Meep progress: 19.808333333333334/30.399999618530273 = 65.2% done in 559.1s, 298.9s to go
on time step 2377 (time=19.8083), 0.230268 s/step
Meep progress: 19.958333333333332/30.399999618530273 = 65.7% done in 563.2s, 294.6s to go
on time step 2395 (time=19.9583), 0.228985 s/step
Meep progress: 20.1/30.399999618530273 = 66.1% done in 567.3s, 290.7s to go
on time step 2412 (time=20.1), 0.241595 s/step
Meep progress: 20.25/30.399999618530273 = 66.6% done in 571.4s, 286.4s to go
on time step 2430 (time=20.25), 0.227558 s/step
Meep progress: 20.4/30.399999618530273 = 67.1% done in 575.5s, 282.1s to go
on time step 2448 (time=20.4), 0.229499 s/step
Meep progress: 20.55/30.399999618530273 = 67.6% done in 579.7s, 277.8s to go
on time step 2466 (time=20.55), 0.2301 s/step
Meep progress: 20.7/30.399999618530273 = 68.1% done in 583.8s, 273.6s to go
on time step 2484 (time=20.7), 0.229549 s/step
Meep progress: 20.85/30.399999618530273 = 68.6% done in 587.9s, 269.3s to go
on time step 2502 (time=20.85), 0.229305 s/step
Meep progress: 21.0/30.399999618530273 = 69.1% done in 592.3s, 265.1s to go
on time step 2520 (time=21), 0.242521 s/step
Meep progress: 21.15/30.399999618530273 = 69.6% done in 596.4s, 260.8s to go
on time step 2538 (time=21.15), 0.228698 s/step
Meep progress: 21.3/30.399999618530273 = 70.1% done in 600.5s, 256.6s to go
on time step 2556 (time=21.3), 0.22876 s/step
Meep progress: 21.45/30.399999618530273 = 70.6% done in 604.7s, 252.3s to go
on time step 2574 (time=21.45), 0.23001 s/step
Meep progress: 21.6/30.399999618530273 = 71.1% done in 608.8s, 248.0s to go
on time step 2592 (time=21.6), 0.22944 s/step
Meep progress: 21.75/30.399999618530273 = 71.5% done in 612.9s, 243.8s to go
on time step 2610 (time=21.75), 0.229354 s/step
Meep progress: 21.9/30.399999618530273 = 72.0% done in 617.1s, 239.5s to go
on time step 2628 (time=21.9), 0.229825 s/step
Meep progress: 22.041666666666668/30.399999618530273 = 72.5% done in 621.2s, 235.6s to go
on time step 2645 (time=22.0417), 0.242038 s/step
Meep progress: 22.191666666666666/30.399999618530273 = 73.0% done in 625.3s, 231.3s to go
on time step 2663 (time=22.1917), 0.22893 s/step
Meep progress: 22.341666666666665/30.399999618530273 = 73.5% done in 629.4s, 227.0s to go
on time step 2681 (time=22.3417), 0.229106 s/step
Meep progress: 22.491666666666667/30.399999618530273 = 74.0% done in 633.5s, 222.8s to go
on time step 2699 (time=22.4917), 0.228412 s/step
Meep progress: 22.641666666666666/30.399999618530273 = 74.5% done in 637.7s, 218.5s to go
on time step 2717 (time=22.6417), 0.229086 s/step
Meep progress: 22.791666666666668/30.399999618530273 = 75.0% done in 641.8s, 214.2s to go
on time step 2735 (time=22.7917), 0.229843 s/step
Meep progress: 22.941666666666666/30.399999618530273 = 75.5% done in 645.9s, 210.0s to go
on time step 2753 (time=22.9417), 0.230779 s/step
Meep progress: 23.083333333333332/30.399999618530273 = 75.9% done in 650.0s, 206.0s to go
on time step 2770 (time=23.0833), 0.240371 s/step
Meep progress: 23.233333333333334/30.399999618530273 = 76.4% done in 654.2s, 201.8s to go
on time step 2788 (time=23.2333), 0.230475 s/step
Meep progress: 23.383333333333333/30.399999618530273 = 76.9% done in 658.3s, 197.5s to go
on time step 2806 (time=23.3833), 0.229183 s/step
Meep progress: 23.53333333333333/30.399999618530273 = 77.4% done in 662.4s, 193.3s to go
on time step 2824 (time=23.5333), 0.229005 s/step
Meep progress: 23.683333333333334/30.399999618530273 = 77.9% done in 666.6s, 189.0s to go
on time step 2842 (time=23.6833), 0.230717 s/step
Meep progress: 23.833333333333332/30.399999618530273 = 78.4% done in 670.7s, 184.8s to go
on time step 2860 (time=23.8333), 0.229178 s/step
Meep progress: 23.983333333333334/30.399999618530273 = 78.9% done in 674.8s, 180.5s to go
on time step 2878 (time=23.9833), 0.229194 s/step
Meep progress: 24.125/30.399999618530273 = 79.4% done in 678.9s, 176.6s to go
on time step 2895 (time=24.125), 0.240624 s/step
Meep progress: 24.275/30.399999618530273 = 79.9% done in 683.1s, 172.3s to go
on time step 2913 (time=24.275), 0.230182 s/step
Meep progress: 24.425/30.399999618530273 = 80.3% done in 687.2s, 168.1s to go
on time step 2931 (time=24.425), 0.228398 s/step
Meep progress: 24.575/30.399999618530273 = 80.8% done in 691.3s, 163.9s to go
on time step 2949 (time=24.575), 0.229788 s/step
Meep progress: 24.725/30.399999618530273 = 81.3% done in 695.4s, 159.6s to go
on time step 2967 (time=24.725), 0.228921 s/step
Meep progress: 24.875/30.399999618530273 = 81.8% done in 699.6s, 155.4s to go
on time step 2985 (time=24.875), 0.231059 s/step
Meep progress: 25.016666666666666/30.399999618530273 = 82.3% done in 703.7s, 151.4s to go
on time step 3002 (time=25.0167), 0.240068 s/step
Meep progress: 25.166666666666668/30.399999618530273 = 82.8% done in 707.8s, 147.2s to go
on time step 3020 (time=25.1667), 0.228869 s/step
Meep progress: 25.316666666666666/30.399999618530273 = 83.3% done in 711.9s, 142.9s to go
on time step 3038 (time=25.3167), 0.22957 s/step
Meep progress: 25.466666666666665/30.399999618530273 = 83.8% done in 716.0s, 138.7s to go
on time step 3056 (time=25.4667), 0.228225 s/step
Meep progress: 25.616666666666667/30.399999618530273 = 84.3% done in 720.2s, 134.5s to go
on time step 3074 (time=25.6167), 0.230054 s/step
Meep progress: 25.766666666666666/30.399999618530273 = 84.8% done in 724.3s, 130.2s to go
on time step 3092 (time=25.7667), 0.229628 s/step
Meep progress: 25.916666666666668/30.399999618530273 = 85.3% done in 728.5s, 126.0s to go
on time step 3110 (time=25.9167), 0.230294 s/step
Meep progress: 26.058333333333334/30.399999618530273 = 85.7% done in 732.5s, 122.1s to go
on time step 3127 (time=26.0583), 0.240776 s/step
Meep progress: 26.208333333333332/30.399999618530273 = 86.2% done in 736.7s, 117.8s to go
on time step 3145 (time=26.2083), 0.230264 s/step
Meep progress: 26.358333333333334/30.399999618530273 = 86.7% done in 740.8s, 113.6s to go
on time step 3163 (time=26.3583), 0.229211 s/step
Meep progress: 26.508333333333333/30.399999618530273 = 87.2% done in 745.0s, 109.4s to go
on time step 3181 (time=26.5083), 0.23046 s/step
Meep progress: 26.65833333333333/30.399999618530273 = 87.7% done in 749.1s, 105.1s to go
on time step 3199 (time=26.6583), 0.228994 s/step
Meep progress: 26.808333333333334/30.399999618530273 = 88.2% done in 753.3s, 100.9s to go
on time step 3217 (time=26.8083), 0.231547 s/step
Meep progress: 26.958333333333332/30.399999618530273 = 88.7% done in 757.4s, 96.7s to go
on time step 3235 (time=26.9583), 0.230152 s/step
Meep progress: 27.099999999999998/30.399999618530273 = 89.1% done in 761.5s, 92.7s to go
on time step 3252 (time=27.1), 0.240269 s/step
Meep progress: 27.25/30.399999618530273 = 89.6% done in 765.6s, 88.5s to go
on time step 3270 (time=27.25), 0.230252 s/step
Meep progress: 27.4/30.399999618530273 = 90.1% done in 769.8s, 84.3s to go
on time step 3288 (time=27.4), 0.229025 s/step
Meep progress: 27.55/30.399999618530273 = 90.6% done in 773.9s, 80.1s to go
on time step 3306 (time=27.55), 0.229666 s/step
Meep progress: 27.7/30.399999618530273 = 91.1% done in 778.0s, 75.8s to go
on time step 3324 (time=27.7), 0.229561 s/step
Meep progress: 27.849999999999998/30.399999618530273 = 91.6% done in 782.2s, 71.6s to go
on time step 3342 (time=27.85), 0.229669 s/step
Meep progress: 28.0/30.399999618530273 = 92.1% done in 786.5s, 67.4s to go
on time step 3360 (time=28), 0.241071 s/step
Meep progress: 28.15/30.399999618530273 = 92.6% done in 790.6s, 63.2s to go
on time step 3378 (time=28.15), 0.230511 s/step
Meep progress: 28.3/30.399999618530273 = 93.1% done in 794.8s, 59.0s to go
on time step 3396 (time=28.3), 0.229412 s/step
Meep progress: 28.45/30.399999618530273 = 93.6% done in 798.9s, 54.8s to go
on time step 3414 (time=28.45), 0.230261 s/step
Meep progress: 28.599999999999998/30.399999618530273 = 94.1% done in 803.1s, 50.5s to go
on time step 3432 (time=28.6), 0.230228 s/step
Meep progress: 28.75/30.399999618530273 = 94.6% done in 807.2s, 46.3s to go
on time step 3450 (time=28.75), 0.229661 s/step
Meep progress: 28.9/30.399999618530273 = 95.1% done in 811.3s, 42.1s to go
on time step 3468 (time=28.9), 0.229805 s/step
Meep progress: 29.041666666666668/30.399999618530273 = 95.5% done in 815.4s, 38.1s to go
on time step 3485 (time=29.0417), 0.241011 s/step
Meep progress: 29.191666666666666/30.399999618530273 = 96.0% done in 819.6s, 33.9s to go
on time step 3503 (time=29.1917), 0.230222 s/step
Meep progress: 29.341666666666665/30.399999618530273 = 96.5% done in 823.7s, 29.7s to go
on time step 3521 (time=29.3417), 0.228825 s/step
Meep progress: 29.491666666666667/30.399999618530273 = 97.0% done in 827.8s, 25.5s to go
on time step 3539 (time=29.4917), 0.22881 s/step
Meep progress: 29.641666666666666/30.399999618530273 = 97.5% done in 831.9s, 21.3s to go
on time step 3557 (time=29.6417), 0.228097 s/step
Meep progress: 29.791666666666668/30.399999618530273 = 98.0% done in 836.1s, 17.1s to go
on time step 3575 (time=29.7917), 0.229795 s/step
Meep progress: 29.941666666666666/30.399999618530273 = 98.5% done in 840.2s, 12.9s to go
on time step 3593 (time=29.9417), 0.229145 s/step
Meep progress: 30.083333333333332/30.399999618530273 = 99.0% done in 844.3s, 8.9s to go
on time step 3610 (time=30.0833), 0.242078 s/step
Meep progress: 30.233333333333334/30.399999618530273 = 99.5% done in 848.4s, 4.7s to go
on time step 3628 (time=30.2333), 0.22831 s/step
Meep progress: 30.383333333333333/30.399999618530273 = 99.9% done in 852.5s, 0.5s to go
on time step 3646 (time=30.3833), 0.228764 s/step
creating output file "./nanobeam-eps-000003648.h5"...
creating output file "./nanobeam-ey-000003648.h5"...
harminv0:, frequency, imag. freq., Q, |amp|, amplitude, error
harminv0:, 1.3680500478754098, 0.0008209856010910454, -833.1754211385348, 9.792663502226501, -9.523060087461287+2.2820133738523167i, 2.7824034830085083e-06+0.0i
harminv0:, frequency, imag. freq., Q, |amp|, amplitude, error
harminv0:, 1.367821354335474, -0.0029180731623249957, 234.37064087276903, 7.941965571751407, -7.730949998258331+1.8185789142388524i, 1.1491215231326928e-06+0.0i
run 0 finished at t = 30.4 (3648 timesteps)
Generating MP4...
flux1:, 1.1764705882352942, 0.007410205880513903, -0.0001445710705821802, 0.0016041632919424585, -0.0035471072180298757, 0.0009229808344946943
flux1:, 1.1774529451058982, 0.007434965649152897, -0.00015965937514144532, 0.0016227849924734658, -0.0035795333119039057, 0.0009272989550407851
flux1:, 1.1784353019765021, 0.007471094697382708, -0.0001752140705567507, 0.0016429938776996687, -0.0036140901341579802, 0.0009311890790779744
flux1:, 1.179417658847106, 0.007519949632731665, -0.00019111009641291086, 0.0016648405394808364, -0.0036507963618565686, 0.0009346320911720686
flux1:, 1.18040001571771, 0.007582889760845098, -0.00020720525859385566, 0.0016883630887293947, -0.0036896490096194174, 0.0009376144336438556
flux1:, 1.181382372588314, 0.007661263819591288, -0.00022334001565314148, 0.0017135858389755378, -0.003730622305607819, 0.0009401290170829304
flux1:, 1.182364729458918, 0.007756395767965923, -0.00023933741939727128, 0.0017405180835856097, -0.0037736668627569997, 0.000942176139208473
flux1:, 1.183347086329522, 0.007869569710247057, -0.0002550032223336594, 0.001769152990600023, -0.0038187091806358795, 0.0009437643987338726
flux1:, 1.1843294432001257, 0.008002014051877069, -0.0002701261637728041, 0.0017994666389372278, -0.0038656515101630367, 0.0009449115895593559
flux1:, 1.1853118000707297, 0.008154884999740408, -0.00028447844531169454, 0.0018314172190798943, -0.003914372109425264, 0.0009456455593935916
flux1:, 1.1862941569413337, 0.008329249535659734, -0.00029781640516661967, 0.0018649444202872602, -0.0039647259140358606, 0.0009460050158184928
flux1:, 1.1872765138119377, 0.008526068007830552, -0.00030988139936558685, 0.001899969024846945, -0.0040165456398443536, 0.0009460402618938476
flux1:, 1.1882588706825417, 0.008746176500424916, -0.0003204008961593095, 0.0019363927279019253, -0.004069643329448674, 0.0009458138426947035
flux1:, 1.1892412275531457, 0.008990269156429741, -0.00032908978817026367, 0.0019740981989353045, -0.004123812346845537, 0.0009454010836916563
flux1:, 1.1902235844237494, 0.009258880642746225, -0.0003356519247764004, 0.0020129493981097036, -0.004178829816879153, 0.0009448905016938995
flux1:, 1.1912059412943534, 0.009552368959502375, -0.00033978186503845026, 0.002052792157331128, -0.004234459497868967, 0.0009443840691602827
flux1:, 1.1921882981649574, 0.009870898807040685, -0.00034116684913540577, 0.002093455032182096, -0.004290455067142986, 0.0009439973131161028
flux1:, 1.1931706550355614, 0.010214425734100181, -0.000339488983788393, 0.0021347504267872574, -0.004346563790255602, 0.0009438592306937085
flux1:, 1.1941530119061654, 0.010582681298885538, -0.00033442763455463127, 0.0021764759892678536, -0.004402530535557366, 0.0009441120044698253
flux1:, 1.1951353687767692, 0.010975159480934098, -0.00032566201517544646, 0.0022184162707873907, -0.004458102086712466, 0.0009449105023228953
flux1:, 1.1961177256473732, 0.011391104585679157, -0.0003128739613940034, 0.002260344636347025, -0.0045130316968947405, 0.0009464215484991373
flux1:, 1.1971000825179772, 0.0118295008850784, -0.0002957508738508508, 0.002302025410529837, -0.004567083819880817, 0.0009488229549419847
flux1:, 1.1980824393885812, 0.012289064236595008, -0.0002739888118384381, 0.0023432162364087996, -0.004620038945348264, 0.0009523023047315616
flux1:, 1.1990647962591852, 0.012768235918868808, -0.0002472957168939412, 0.002383670620916342, -0.004671698458550828, 0.0009570554826788835
flux1:, 1.200047153129789, 0.01326517891545922, -0.00021539474245555566, 0.0024231406352133583, -0.004721889438383632, 0.0009632849517131527
flux1:, 1.201029510000393, 0.013777776868048824, -0.00017802766314621858, 0.0024613797341050373, -0.004770469302853613, 0.0009711977776632465
flux1:, 1.202011866870997, 0.014303635907175998, -0.00013495833470808123, 0.002498145654426839, -0.004817330207373657, 0.0009810034093490447
flux1:, 1.202994223741601, 0.014840089552028738, -8.597617323531099e-05, 0.0025332033486804365, -0.004862403099223763, 0.00099291122551033
flux1:, 1.203976580612205, 0.015384206850877236, -3.08996201771116e-05, 0.002566327907129664, -0.00490566133117871, 0.0010071278649710915
flux1:, 1.2049589374828087, 0.01593280391044946, 3.042044235740898e-05, 0.0025973074191914876, -0.004947123738817607, 0.0010238543615116971
flux1:, 1.2059412943534127, 0.016482458935906292, 9.809736312187647e-05, 0.002625945723350566, -0.004986857089537152, 0.0010432831101250426
flux1:, 1.2069236512240167, 0.017029530873192006, 0.00017220551856706858, 0.0026520649940984303, -0.0050249778168659385, 0.0010655946966034082
flux1:, 1.2079060080946207, 0.017570181712463377, 0.0002527772744750217, 0.002675508114614905, -0.00506165296141128, 0.0010909546276514665
flux1:, 1.2088883649652247, 0.0181004024752458, 0.0003398001525135619, 0.0026961407851409267, -0.00509710024964553, 0.0011195100038605915
flux1:, 1.2098707218358287, 0.018616042869118343, 0.00043321424204532683, 0.0027138533192995647, -0.0051315872538040645, 0.0011513861828246707
flux1:, 1.2108530787064324, 0.019112844552249666, 0.0005329098973145504, 0.0027285620840082386, -0.0051654295902554435, 0.0011866834843034459
flux1:, 1.2118354355770364, 0.019586477906485017, 0.0006387257594633087, 0.0027402105431654426, -0.005198988129859986, 0.001225473993578864
flux1:, 1.2128177924476404, 0.020032582172014937, 0.00075044714167174, 0.002748769870910297, -0.005232665211757661, 0.0012677985228637793
flux1:, 1.2138001493182444, 0.020446808749497634, 0.0008678048140815657, 0.0027542391069760473, -0.005266899871600645, 0.0013136637937133783
flux1:, 1.2147825061888484, 0.020824867427236153, 0.0009904742230120503, 0.0027566448344073895, -0.005302162116219118, 0.0013630399057657572
flux1:, 1.2157648630594522, 0.021162575242045147, 0.0011180751763421363, 0.0027560403686110856, -0.005338946298739017, 0.0014158581586653483
flux1:, 1.2167472199300562, 0.021455907633389917, 0.001250172023764346, 0.002752504456266917, -0.00537776367095483, 0.0014720092946330268
flux1:, 1.2177295768006602, 0.02170105150164127, 0.0013862743569936424, 0.0027461394929083668, -0.005419134212894895, 0.0015313422287176594
flux1:, 1.2187119336712642, 0.02189445973363734, 0.0015258382508698716, 0.0027370692788348714, -0.00546357786257806, 0.001593663332236675
flux1:, 1.2196942905418682, 0.02203290671251874, 0.0016682680617294133, 0.002725436344268128, -0.005511605291481305, 0.0016587363321904835
flux1:, 1.220676647412472, 0.022113544284913418, 0.0018129187943953435, 0.0027113988861115273, -0.005563708392746839, 0.001726282885477793
flux1:, 1.221659004283076, 0.02213395761738034, 0.0019590990437370797, 0.002695127370098139, -0.005620350669129767, 0.001795983881484057
flux1:, 1.22264136115368, 0.02209222033638659, 0.002106074510985253, 0.002676800863272332, -0.005681957725599494, 0.0018674815200448842
flux1:, 1.223623718024284, 0.021986948312592288, 0.002253072088920041, 0.0026566031724103855, -0.005748908086862512, 0.001940382203892075
flux1:, 1.224606074894888, 0.021817351421447927, 0.002399284503728429, 0.002634718873856847, -0.005821524572301044, 0.002014260275471609
flux1:, 1.2255884317654917, 0.021583282588820276, 0.0025438754948213216, 0.0026113293290988757, -0.005900066469479015, 0.0020886626175353478
flux1:, 1.2265707886360957, 0.02128528341303042, 0.002685985507248584, 0.00258660878791974, -0.005984722751923193, 0.0021631141251913662
flux1:, 1.2275531455066997, 0.0209246256440341, 0.0028247378646675822, 0.0025607206869226813, -0.006075606586947114, 0.00223712404424413
flux1:, 1.2285355023773037, 0.020503347796940765, 0.002959245384132943, 0.00253381425533529, -0.006172751374468026, 0.0023101931567819306
flux1:, 1.2295178592479077, 0.020024286181222973, 0.003088617387398491, 0.002506021542029036, -0.006276108547671592, 0.002381821780181975
flux1:, 1.2305002161185117, 0.01949109963927021, 0.003211967057019329, 0.002477454977446831, -0.006385547350917213, 0.0024515185302100085
flux1:, 1.2314825729891155, 0.018908287308702466, 0.003328419079402112, 0.002448205581373439, -0.006500856789088416, 0.002518809782825741
flux1:, 1.2324649298597194, 0.018281198752533402, 0.0034371175111468934, 0.002418341922100702, -0.0066217499157897085, 0.0025832497529278873
flux1:, 1.2334472867303234, 0.01761603583996692, 0.0035372337996685, 0.0023879099243798415, -0.0067478705952708565, 0.002644431091769569
flux1:, 1.2344296436009274, 0.016919845808565648, 0.003627974884228055, 0.002356933612562121, -0.006878802834974174, 0.0027019958884473582
flux1:, 1.2354120004715314, 0.016200504995832143, 0.003708591299243646, 0.0023254168614762843, -0.007014082742330969, 0.00275564694494509
flux1:, 1.2363943573421352, 0.015466692794740309, 0.0037783851981717837, 0.00229334621090726, -0.007153213111332239, 0.002805159179019373
flux1:, 1.2373767142127392, 0.01472785546349676, 0.003836718213407113, 0.002260694780133684, -0.007295680591944699, 0.002850390995023077
flux1:, 1.2383590710833432, 0.013994159504367004, 0.0038830190656264246, 0.002227427296973508, -0.007440975339265125, 0.002891295449900238
flux1:, 1.2393414279539472, 0.013276434419568063, 0.003916790834858644, 0.00219350623144763, -0.007588612980221823, 0.00292793103035354
flux1:, 1.2403237848245512, 0.012586104753447722, 0.003937617805346238, 0.0021588989977304805, -0.0077381586744393665, 0.0029604718478973453
flux1:, 1.241306141695155, 0.011935111438905676, 0.003945171797026548, 0.0021235861599156903, -0.0078892529836661, 0.0029892170514726492
flux1:, 1.242288498565759, 0.011335822581516348, 0.003939217898239178, 0.002087570547664408, -0.008041639201925887, 0.0030145992527986793
flux1:, 1.243270855436363, 0.01080093393635612, 0.003919619517067866, 0.002050887157529504, -0.00819519173757129, 0.0030371917579551937
flux1:, 1.244253212306967, 0.010343359459086822, 0.0038863426726134164, 0.0020136136851806575, -0.008349945079895461, 0.0030577144000815864
flux1:, 1.245235569177571, 0.009976112443454485, 0.003839459452390148, 0.001975881503488101, -0.0085061228282012, 0.003077037772747103
flux1:, 1.2462179260481747, 0.009712177890849116, 0.00377915056800811, 0.0019378868720997726, -0.008664166211666493, 0.0030961856717160543
flux1:, 1.2472002829187787, 0.009564376892701268, 0.003705706948304588, 0.0018999021364315765, -0.008824761485284976, 0.0031163355646165215
flux1:, 1.2481826397893827, 0.009545223941954704, 0.003619530317023407, 0.0018622866485793201, -0.008988865551951402, 0.003138816923532778
flux1:, 1.2491649966599867, 0.009666778224234627, 0.0035211327110637445, 0.0018254971202953582, -0.009157729134843574, 0.0031651072748552335
flux1:, 1.2501473535305907, 0.009940490071179512, 0.0034111349050773023, 0.0017900970995386994, -0.009332916808721042, 0.003196825843786606
flux1:, 1.2511297104011945, 0.010377043886122586, 0.003290263718736985, 0.0017567652479492364, -0.009516323194960211, 0.0032357246977071075
flux1:, 1.2521120672717985, 0.01098619897443235, 0.0031593481942883113, 0.001726302087571294, -0.009710184633978278, 0.00328367732296753
flux1:, 1.2530944241424025, 0.011776629825657466, 0.0030193146438098387, 0.001699634881955082, -0.00991708567123527, 0.003342664603466921
flux1:, 1.2540767810130065, 0.01275576750056924, 0.002871180577983567, 0.0016778203199213863, -0.010139959729775676, 0.0034147582062617286
flux1:, 1.2550591378836105, 0.013929643871702143, 0.0027160475408525963, 0.0016620446803986603, -0.010382083394033986, 0.0035021014191799534
flux1:, 1.2560414947542144, 0.015302740549365661, 0.0025550928879760583, 0.0016536211741897103, -0.010647063796449665, 0.0036068875275195892
flux1:, 1.2570238516248182, 0.016877844394905053, 0.0023895605583924037, 0.0016539841837063523, -0.010938818680578557, 0.0037313358609853604
flux1:, 1.2580062084954222, 0.018655911577617867, 0.0022207509037436533, 0.0016646801548003496, -0.011261548811439155, 0.0038776656874917334
flux1:, 1.2589885653660262, 0.020635942169818667, 0.0020500096506345824, 0.001687354935945635, -0.011619702515420969, 0.004048068176772708
flux1:, 1.2599709222366302, 0.022814867294801904, 0.0018787160846301465, 0.0017237374091340824, -0.012017932257294877, 0.004244676703229677
flux1:, 1.2609532791072342, 0.025187450843551687, 0.0017082705561008848, 0.0017756193137388437, -0.01246104329965064, 0.0044695358034360765
flux1:, 1.261935635977838, 0.027746207757029392, 0.0015400814192265651, 0.001844831228920532, -0.01295393463892357, 0.0047245691484488865
flux1:, 1.262917992848442, 0.030481340830752837, 0.0013755515257069374, 0.0019332147513914089, -0.013501532570422622, 0.005011546933811205
flux1:, 1.263900349719046, 0.033380697936339236, 0.001216064403974565, 0.0020425909827902493, -0.014108717400254591, 0.005332053130035147
flux1:, 1.26488270658965, 0.03642975147030029, 0.0010629702627736677, 0.002174725523721861, -0.01478024399249572, 0.0056874530726574914
flux1:, 1.265865063460254, 0.03961160173305656, 0.0009175719647657147, 0.002331290258630261, -0.015520657012801102, 0.006078861902841078
flux1:, 1.266847420330858, 0.04290700581090514, 0.0007811111211801338, 0.0025138223059008426, -0.016334201901900866, 0.006507114396141411
flux1:, 1.2678297772014617, 0.04629443338047251, 0.0006547544623642646, 0.002723680599578136, -0.01722473278116874, 0.006972736737726587
flux1:, 1.2688121340720657, 0.04975015067929739, 0.0005395806412723008, 0.0029620006613381767, -0.01819561865433922, 0.007475920816252364
flux1:, 1.2697944909426697, 0.053248333688264524, 0.0004365676274066191, 0.0032296482122472865, -0.01924964942119559, 0.008016501615116143
flux1:, 1.2707768478132737, 0.05676121135221574, 0.0003465808474032823, 0.003527172361611559, -0.020388943357145063, 0.008593938278268804
flux1:, 1.2717592046838777, 0.06025923942560255, 0.0002703622253027085, 0.003854759193105891, -0.021614857833665437, 0.009207299417670988
flux1:, 1.2727415615544815, 0.06371130527123547, 0.00020852027052221378, 0.004212186644382657, -0.02292790515508268, 0.009855253210316753
flux1:, 1.2737239184250855, 0.06708496366427358, 0.00016152135466866252, 0.004598781643711869, -0.024327675463890478, 0.010536062804259578
flux1:, 1.2747062752956895, 0.07034670336172782, 0.000129682309589723, 0.0050133805238387645, -0.02581276871647452, 0.011247587514951458
flux1:, 1.2756886321662935, 0.07346224389241436, 0.00011316446851849646, 0.005454293777375005, -0.027380737750853208, 0.011987290245399709
flux1:, 1.2766709890368975, 0.07639686170552167, 0.00011196925987439869, 0.0059192762477993655, -0.02902804445524076, 0.012752251506195243
flux1:, 1.2776533459075012, 0.07911574449031536, 0.00012593544933911537, 0.006405503863788153, -0.030750030998504953, 0.013539190344526855
flux1:, 1.2786357027781052, 0.08158437214768371, 0.00015473811032442456, 0.006909558020623276, -0.03254090799921821, 0.014344492415248782
flux1:, 1.2796180596487092, 0.08376892255910778, 0.00019788938604459796, 0.007427418689332572, -0.03439376138746811, 0.015164245342383075
flux1:, 1.2806004165193132, 0.0856366999633479, 0.0002547410882366789, 0.007954467290932583, -0.03630057955227341, 0.015994281426791598
flux1:, 1.2815827733899172, 0.08715658341857443, 0.00032448915831489094, 0.008485500308607057, -0.038252302166839586, 0.016830227655933245
flux1:, 1.282565130260521, 0.08829949250172044, 0.00040617999661150274, 0.009014754524362727, -0.04023889184476626, 0.0176675628656542
flux1:, 1.283547487131125, 0.08903886708017307, 0.0004987186445251363, 0.009535944658182529, -0.042249429503406405, 0.018501681792913078
flux1:, 1.284529844001729, 0.08935115768767621, 0.0006008787831320981, 0.010042314057093722, -0.04427223399795633, 0.019327965643532535
flux1:, 1.285512200872333, 0.08921632274956712, 0.0007113144903234596, 0.010526698929170932, -0.046295006243872124, 0.020141858681888017
flux1:, 1.286494557742937, 0.08861832863578684, 0.0008285736770757208, 0.010981606444142842, -0.048304997669206054, 0.020938950231408078
flux1:, 1.2874769146135407, 0.08754564827712588, 0.0009511131023022338, 0.01139930682914792, -0.05028920243628021, 0.021715061357516167
flux1:, 1.2884592714841447, 0.08599175386395702, 0.001077314845109724, 0.011771939376813608, -0.052234572448562486, 0.02246633538991174
flux1:, 1.2894416283547487, 0.08395559896080264, 0.0012055040934885854, 0.012091632055382516, -0.05412825371895123, 0.023189331330658255
flux1:, 1.2904239852253527, 0.0814420852173686, 0.00133396808971823, 0.012350634169298701, -0.055957842225721977, 0.023881119090215553
flux1:, 1.2914063420959567, 0.07846250874034175, 0.0014609760553542992, 0.012541461266509533, -0.05771165692890815, 0.024539375397230393
flux1:, 1.2923886989665605, 0.07503498111264556, 0.0015847999028178491, 0.012657051228839065, -0.059379027169783015, 0.025162479141419
flux1:, 1.2933710558371645, 0.0711848200107628, 0.0017037355265345363, 0.01269093021767462, -0.06095059123647835, 0.025749604833947136
flux1:, 1.2943534127077685, 0.06694490437817804, 0.0018161244545393468, 0.012637386882867863, -0.06241860245800301, 0.026300812808285265
flux1:, 1.2953357695783725, 0.062355989165681185, 0.0019203756316124136, 0.012491652982209382, -0.06377723879421633, 0.026817134738027867
flux1:, 1.2963181264489765, 0.05746697474892484, 0.0020149870975536455, 0.012250088306529098, -0.06502291152912147, 0.02730065301831014
flux1:, 1.2973004833195805, 0.052335126281247604, 0.002098567319289512, 0.011910367565954264, -0.06615456835703218, 0.027754572545532236
flux1:, 1.2982828401901843, 0.047026238435772305, 0.0021698559332114674, 0.011471666670686886, -0.06717398588329232, 0.028183283437327337
flux1:, 1.2992651970607882, 0.04161474123610059, 0.0022277436546520113, 0.010934845639682141, -0.06808604635128045, 0.028592413262141732
flux1:, 1.3002475539313922, 0.036183742968521206, 0.002271291114667314, 0.010302625197265988, -0.0688989932617104, 0.02898886739607321
flux1:, 1.3012299108019962, 0.0308250065105814, 0.00229974639043537, 0.009579753975756047, -0.0696246604759432, 0.029380856194399334
flux1:, 1.3022122676726002, 0.025638855799579523, 0.0023125610045348077, 0.00877316313574029, -0.07027866939718859, 0.02977790775662047
flux1:, 1.303194624543204, 0.020734009598688426, 0.002309404180118014, 0.007892105148979917, -0.07088058890740338, 0.03019086517686161
flux1:, 1.304176981413808, 0.01622734019570671, 0.0022901751534620844, 0.006948273465617449, -0.07145405290695996, 0.030631867305722902
flux1:, 1.305159338284412, 0.012243555187483633, 0.00225501336244954, 0.005955899810757846, -0.07202683056159065, 0.031114312204449456
flux1:, 1.306141695155016, 0.008914801058667628, 0.0022043063490565736, 0.004931825928317606, -0.07263084470820132, 0.03165280264660291
flux1:, 1.30712405202562, 0.006380187853276301, 0.00213869523572688, 0.0038955467144955853, -0.07330213430802324, 0.032263073214886674
flux1:, 1.308106408896224, 0.004785234857546328, 0.00205907765937869, 0.002869221860779172, -0.0740807573612825, 0.03296189874983341
flux1:, 1.3090887657668278, 0.004281237858345392, 0.0019666080724673875, 0.0018776533578679182, -0.07501063130894386, 0.03376698413053391
flux1:, 1.3100711226374318, 0.005024559208392018, 0.0018626953477620207, 0.0009482264973141557, -0.0761393086407366, 0.034696835603448106
flux1:, 1.3110534795080357, 0.0071758426123755175, 0.0017489976519763086, 0.00011081234616497393, -0.07751768619824134, 0.03577061412076598
flux1:, 1.3120358363786397, 0.010899155241526974, 0.001627414582799236, -0.0006023699401625324, -0.07919964750069718, 0.03700797140215329
flux1:, 1.3130181932492437, 0.01636106048241889, 0.0015000765938893662, -0.0011569321626835527, -0.08124163832060527, 0.03842886968983011
flux1:, 1.3140005501198475, 0.02372962532281788, 0.0013693317626435261, -0.0015165381929763133, -0.08370217668607681, 0.040053386423595044
flux1:, 1.3149829069904515, 0.03317336706722341, 0.0012377299856894026, -0.0016431673428540107, -0.08664129947616145, 0.041901505316198635
flux1:, 1.3159652638610555, 0.044860144750804104, 0.0011080047167059844, -0.0014974196144326845, -0.09011994879134821, 0.04399289555680073
flux1:, 1.3169476207316595, 0.058956001276603304, 0.0009830523899798844, -0.001038861864180843, -0.09419930231059644, 0.04634668110757223
flux1:, 1.3179299776022635, 0.07562396293069942, 0.000865909700691544, -0.00022641330016466175, -0.09894005287411575, 0.04898120228209961
flux1:, 1.3189123344728673, 0.09502280352677697, 0.0007597289389534914, 0.0009812318982473204, -0.10440164354243535, 0.05191377200057601
flux1:, 1.3198946913434713, 0.11730578098960186, 0.0006677515987267802, 0.00262514768625757, -0.11064146536122169, 0.055160429302182165
flux1:, 1.3208770482140753, 0.14261935469936626, 0.0005932805046240408, 0.004745688469085869, -0.11771402599195054, 0.05873569285626758
flux1:, 1.3218594050846793, 0.17110189238053594, 0.0005396507189493595, 0.007381974736405689, -0.12567009823451275, 0.06265231734761971
flux1:, 1.3228417619552832, 0.2028823757234218, 0.0005101995078643899, 0.010571356730482689, -0.13455585825323094, 0.06692105571428816
flux1:, 1.323824118825887, 0.23807911426919176, 0.0005082356590575777, 0.014348861438263832, -0.14441202400703979, 0.07155043028641334
flux1:, 1.324806475696491, 0.27679847736496194, 0.0005370084535291734, 0.018746628733569606, -0.15527300496281216, 0.07654651590898173
flux1:, 1.325788832567095, 0.31913365419930717, 0.0005996766009132485, 0.023793342982107984, -0.1671660746239226, 0.08191273812827263
flux1:, 1.326771189437699, 0.36516345205736395, 0.0006992774510214724, 0.029513666849780056, -0.1801105777215683, 0.08764968947961284
flux1:, 1.327753546308303, 0.41495114298453684, 0.0008386967939156005, 0.03592768441452319, -0.19411718408273695, 0.09375496683170284
flux1:, 1.3287359031789068, 0.4685433690160068, 0.0010206395567819784, 0.04305036096529094, -0.20918720119634973, 0.10022303261971136
flux1:, 1.3297182600495108, 0.5259691160133486, 0.0012476016981685142, 0.050891027070522586, -0.2253119573403337, 0.10704510263546592
flux1:, 1.3307006169201148, 0.587238765948832, 0.0015218435888451952, 0.059452894605968365, -0.24247226680181502, 0.11420906283897714
flux1:, 1.3316829737907188, 0.6523432371915088, 0.0018453651537383043, 0.0687326124416732, -0.26063798821693684, 0.12169941741226643
flux1:, 1.3326653306613228, 0.7212532219751411, 0.0022198830312599744, 0.07871986939528589, -0.2797676863746796, 0.1294972699955521
flux1:, 1.3336476875319265, 0.7939185297710873, 0.0026468099850173476, 0.0893970518603721, -0.29980840697334304, 0.1375803397297577
flux1:, 1.3346300444025305, 0.8702675447464268, 0.003127236778741413, 0.10073896321125848, -0.3206955727923789, 0.1459230133805801
flux1:, 1.3356124012731345, 0.9502068048644062, 0.0036619166983945296, 0.11271261166950289, -0.34235300855342504, 0.15449643444132283
flux1:, 1.3365947581437385, 1.03362070948246, 0.004251252876347673, 0.12527707279213235, -0.36469310040325686, 0.16326862970845854
flux1:, 1.3375771150143425, 1.1203713615269115, 0.004895288541413737, 0.13838343211025186, -0.3876170944690549, 0.17220467339932968
flux1:, 1.3385594718849465, 1.2102985494768916, 0.005593700285925488, 0.15197481271267113, -0.41101553732910284, 0.18126688844058045
flux1:, 1.3395418287555503, 1.3032198734788587, 0.006345794407273622, 0.16598649173801971, -0.43476885952659083, 0.1904150841038592
flux1:, 1.3405241856261543, 1.3989310189445008, 0.0071505063468451325, 0.18034610881801347, -0.45874810145093525, 0.19960682870743446
flux1:, 1.3415065424967583, 1.4972061799622596, 0.008006403214558951, 0.19497396851207133, -0.48281577904091444, 0.20879775564437963
flux1:, 1.3424888993673623, 1.5977986337873082, 0.008911689352627997, 0.20978343770034374, -0.5068268848520084, 0.2179419005458714
flux1:, 1.3434712562379663, 1.700441466572054, 0.00986421485829368, 0.22468143776946206, -0.5306300181002991, 0.22699206694767343
flux1:, 1.34445361310857, 1.8048484493677701, 0.01086148695245195, 0.2395690302462501, -0.5540686353751879, 0.23590021740547723
flux1:, 1.345435969979174, 1.9107150622768956, 0.011900684049824688, 0.25434209332298047, -0.5769824118286278, 0.2446178866059187
flux1:, 1.346418326849778, 2.0177196634747117, 0.012978672357040687, 0.2688920854892809, -0.599208700829077, 0.25309661265116246
flux1:, 1.347400683720382, 2.1255247986567354, 0.014092024798085906, 0.28310689125569516, -0.6205840783408944, 0.26128838236123875
flux1:, 1.348383040590986, 2.233778645314055, 0.015237042042391317, 0.29687174273936556, -0.6409459566814776, 0.2691460861451361
flux1:, 1.34936539746159, 2.3421165851038244, 0.01640977538976581, 0.3100702096998523, -0.6601342508477706, 0.2766239777443024
flux1:, 1.3503477543321938, 2.450162896475815, 0.01760605124869998, 0.32258524948047385, -0.6779930793143129, 0.2836781339546894
flux1:, 1.3513301112027978, 2.5575325586458306, 0.018821496930544666, 0.33430030724405607, -0.6943724801123626, 0.29026690929007204
flux1:, 1.3523124680734018, 2.6638331569867284, 0.020051567471867256, 0.34510045590917776, -0.7091301221252128, 0.2963513804633481
flux1:, 1.3532948249440058, 2.7686668789436215, 0.021291573191207745, 0.35487356430954076, -0.7221329908982891, 0.3018957755363603
flux1:, 1.3542771818146098, 2.8716325886818814, 0.02253670768431871, 0.36351148133056366, -0.7332590278809695, 0.30686788262470216
flux1:, 1.3552595386852135, 2.9723279678538437, 0.023782075964197968, 0.3709112231380176, -0.7423987019038515, 0.3112394331428354
flux1:, 1.3562418955558175, 3.0703517091317214, 0.025022722458441372, 0.37697615011634944, -0.7494564918609398, 0.31498645473736747
flux1:, 1.3572242524264215, 3.165305748504581, 0.026253658586777483, 0.38161711979071067, -0.7543522600172095, 0.31808958928160896
flux1:, 1.3582066092970255, 3.256797521787272, 0.02746988965595008, 0.3847536018264523, -0.7570224961016166, 0.32053437159174747
flux1:, 1.3591889661676295, 3.3444422303434993, 0.028666440827087827, 0.3863147411903226, -0.7574214133710712, 0.32231146487146795
flux1:, 1.3601713230382333, 3.4278651006878134, 0.02983838193223682, 0.3862403557246955, -0.7555218791391515, 0.3234168492951036
flux1:, 1.3611536799088373, 3.506703622409614, 0.03098085094136926, 0.38448185473298524, -0.7513161638415826, 0.32385196059517674
flux1:, 1.3621360367794413, 3.580609748758494, 0.03208907590872956, 0.3810030657019232, -0.7448164945479286, 0.3236237760242752
flux1:, 1.3631183936500453, 3.649252044247205, 0.03315839525731047, 0.37578095699293607, -0.7360554009053086, 0.32274484560813166
flux1:, 1.3641007505206493, 3.71231776376776, 0.03418427629212466, 0.36880624521643995, -0.7250858437942558, 0.32123326719024253
flux1:, 1.365083107391253, 3.769514847979659, 0.035162331866425034, 0.36008387705293177, -0.7119811194640913, 0.3191126043826208
flux1:, 1.366065464261857, 3.820573820115759, 0.036088335159428865, 0.3496333764938398, -0.6968345345648839, 0.31641174717410747
flux1:, 1.367047821132461, 3.8652495698586433, 0.036958232558941755, 0.3374890498320335, -0.6797588502738815, 0.31316471560032644
flux1:, 1.368030178003065, 3.9033230105684673, 0.03776815467719828, 0.32370004222252224, -0.6608854965921407, 0.30941040753975396
flux1:, 1.369012534873669, 3.934602596885931, 0.038514425562313506, 0.30833024124187736, -0.6403635608220277, 0.3051922923597927
flux1:, 1.3699948917442728, 3.9589256905891137, 0.03919357020086242, 0.2914580245827767, -0.6183585571939052, 0.300558052788025
flux1:, 1.3709772486148768, 3.9761597635424732, 0.03980232043830604, 0.2731758508069457, -0.5950509875447184, 0.29555917801720866
flux1:, 1.3719596054854808, 3.98620342763634, 0.04033761947309365, 0.2535896939246975, -0.5706347058269108, 0.2902505116610149
flux1:, 1.3729419623560848, 3.988987282766149, 0.040796625106612895, 0.23281832444935452, -0.545315101999072, 0.2846897587526295
flux1:, 1.3739243192266888, 3.9844745751348376, 0.041176711954118914, 0.21099244146544027, -0.5193071234787306, 0.2789369565115412
flux1:, 1.3749066760972926, 3.9726616594710236, 0.04147547284146206, 0.1882536621275433, -0.49283315478780665, 0.27305391408977464
flux1:, 1.3758890329678966, 3.953578260127419, 0.041690719627615405, 0.16475337684492514, -0.46612077824772075, 0.2671036269380454
flux1:, 1.3768713898385005, 3.9272875274513908, 0.04182048370432507, 0.14065148018304927, -0.4394004405564028, 0.2611496718014317
flux1:, 1.3778537467091045, 3.8938858872874467, 0.04186301643053857, 0.11611498920001108, -0.41290305176443143, 0.25525558865553855
flux1:, 1.3788361035797085, 3.8535026829714436, 0.041816789760996786, 0.09131656251097499, -0.3868575445368356, 0.2494842561243062
flux1:, 1.3798184604503125, 3.806299610694652, 0.04168049732504952, 0.06643293481384266, -0.3614884226147511, 0.2438972670756847
flux1:, 1.3808008173209163, 3.7524699506402115, 0.04145305620344924, 0.04164328289266109, -0.33701332805493406, 0.2385543111679616
flux1:, 1.3817831741915203, 3.6922375978132496, 0.04113360963756826, 0.017127540222129624, -0.31364065711113925, 0.2335125711166744
flux1:, 1.3827655310621243, 3.6258558979859434, 0.0407215308871998, -0.006935321790544042, -0.29156725451624516, 0.22882613936796276
flux1:, 1.3837478879327283, 3.5536062956475867, 0.04021642843016502, -0.03036902718717039, -0.27097621542423683, 0.22454546170006584
flux1:, 1.3847302448033323, 3.4757968022745196, 0.039618152669332815, -0.05300172424383414, -0.2520348233737954, 0.2207168140307651
flux1:, 1.3857126016739363, 3.3927602946051456, 0.03892680428101417, -0.07466769019190655, -0.2348926513493218, 0.21738181838841203
flux1:, 1.38669495854454, 3.3048526539074747, 0.038142744303039176, -0.09520899239866569, -0.21967985134751764, 0.21457700360971815
flux1:, 1.387677315415144, 3.2124507584498025, 0.0372666060219379, -0.11447708676649279, -0.20650565582831168, 0.2123334158643371
flux1:, 1.388659672285748, 3.1159503425215944, 0.03629930867677968, -0.13233433458861374, -0.1954571120580437, 0.21067628357881793
flux1:, 1.389642029156352, 3.015763736385632, 0.03524207295311614, -0.148655419820289, -0.1865980676678769, 0.2096247407472739
flux1:, 1.390624386026956, 2.912317502472514, 0.03409643819462394, -0.1633286496800905, -0.17996842278399758, 0.2091916119799478
flux1:, 1.3916067428975598, 2.80604998393814, 0.03286428121322797, -0.17625712267846425, -0.17558366087383304, 0.20938326196120322
flux1:, 1.3925890997681638, 2.697408782394142, 0.031547836531207636, -0.18735974956620946, -0.1734346670363077, 0.2101995112739779
flux1:, 1.3935714566387678, 2.586848182179809, 0.03014971784202065, -0.1965721142894978, -0.1734878388859548, 0.21163361980645806
flux1:, 1.3945538135093718, 2.4748265389659005, 0.028672940430725227, -0.2038471638114065, -0.17568549148983942, 0.2136723381985015
flux1:, 1.3955361703799758, 2.3618036507663236, 0.027120944251059136, -0.2091557175915948, -0.1799465540595984, 0.21629602701888895
flux1:, 1.3965185272505796, 2.248238129576766, 0.0254976173147509, -0.21248678958243333, -0.18616755233071264, 0.21947884259956438
flux1:, 1.3975008841211836, 2.134584791856981, 0.023807319010558166, -0.2138477177757668, -0.19422386682841575, 0.2231889876993198
flux1:, 1.3984832409917876, 2.0212920859311736, 0.022054902936363856, -0.21326409859211715, -0.20397125357559137, 0.2273890244356701
flux1:, 1.3994655978623916, 1.9087995740919952, 0.020245738797998215, -0.2107795257149933, -0.21524761029421602, 0.2320362462196729
flux1:, 1.4004479547329955, 1.7975354867673379, 0.018385732904141822, -0.20645513530703752, -0.22787496783759212, 0.23708310476250327
flux1:, 1.4014303116035993, 1.6879143655426774, 0.016481346767932063, -0.2003689618717242, -0.24166168351327355, 0.2424776876030582
flux1:, 1.4024126684742033, 1.5803348111350095, 0.014539613313518027, -0.1926151113139345, -0.256404810160531, 0.24816424104044327
flux1:, 1.4033950253448073, 1.4751773515888345, 0.012568150179984567, -0.1833027599743413, -0.27189261237268797, 0.25408373285047875
flux1:, 1.4043773822154113, 1.3728024450195542, 0.010575169616236205, -0.17255499053701143, -0.2879071991405907, 0.2601744487280863
flux1:, 1.4053597390860153, 1.2735486301726129, 0.008569484468851083, -0.16050747770816645, -0.304227240470446, 0.26637261603199985
flux1:, 1.406342095956619, 1.1777308369061132, 0.006560509780631907, -0.14730703841024614, -0.3206307342245331, 0.272613048119718
flux1:, 1.407324452827223, 1.0856388674492303, 0.004558259540822355, -0.13311006290357658, -0.33689778856823305, 0.2788298023517689
flux1:, 1.408306809697827, 0.9975360579527411, 0.002573338158519501, -0.1180808447163717, -0.352813384995483, 0.2849568447175858
flux1:, 1.409289166568431, 0.9136581284377943, 0.0006169262686904734, -0.1023898285114001, -0.3681700869573253, 0.29092871399180004
flux1:, 1.410271523439035, 0.8342122277807411, -0.001299239474912871, -0.08621179602805398, -0.3827706596359918, 0.2966811783695097
flux1:, 1.4112538803096388, 0.7593761788554916, -0.0031628929140894257, -0.0697240109974101, -0.3964305673858125, 0.3021518776510282
flux1:, 1.4122362371802428, 0.6892979274048066, -0.004961271444020657, -0.053104344424724614, -0.40898031679209346, 0.3072809442490095
flux1:, 1.4132185940508468, 0.6240951966396049, -0.006681155787315592, -0.03652940186140377, -0.42026761516158684, 0.31201159656998806
flux1:, 1.4142009509214508, 0.563855347985855, -0.008308916588234237, -0.02017267424376675, -0.4301593165309461, 0.3162906986749763
flux1:, 1.4151833077920548, 0.5086354468242998, -0.009830567857888273, -0.004202733558863601, -0.4385431299328371, 0.3200692805441249
flux1:, 1.4161656646626586, 0.4584625305127809, -0.011231827224417394, 0.011218505987382988, -0.4453290676576853, 0.3233030137531533
flux1:, 1.4171480215332626, 0.41333407445599957, -0.0124981828624508, 0.02593744147033384, -0.4504506145543452, 0.3259526379079242
flux1:, 1.4181303784038666, 0.3732186505091189, -0.013614966894573565, 0.039810330680168184, -0.45386560297857254, 0.3279843337701894
flux1:, 1.4191127352744706, 0.3380567705776947, -0.014567434974878423, 0.05270472008341573, -0.45555678177818093, 0.3293700396355323
flux1:, 1.4200950921450746, 0.3077619069224457, -0.015340851682069931, 0.06450073545302049, -0.455532071645243, 0.3300877081845189
flux1:, 1.4210774490156786, 0.28222167940225434, -0.01592058126786244, 0.07509222104924287, -0.45382450321602835, 0.33012150171255306
flux1:, 1.4220598058862823, 0.2612991987038432, -0.016292183226737967, 0.08438771514792298, -0.4504918384025815, 0.3294619243433526
flux1:, 1.4230421627568863, 0.24483455352048364, -0.01644151207637738, 0.09231125177347554, -0.44561587954027476, 0.32810589053728
flux1:, 1.4240245196274903, 0.2326464286645752, -0.01635482066535335, 0.09880298067357293, -0.4393014749767205, 0.326056729909525
flux1:, 1.4250068764980943, 0.22453384023616244, -0.0160188662568556, 0.10381959984184731, -0.43167523365422505, 0.32332412906637004
flux1:, 1.4259892333686983, 0.22027797322892181, -0.015421018575319178, 0.1073345972234165, -0.4228839649962681, 0.3199240118417676
flux1:, 1.4269715902393023, 0.2196441063417816, -0.014549368947660452, 0.10933830059464551, -0.4130928639472982, 0.3158783599634368
flux1:, 1.427953947109906, 0.2223836082822196, -0.01339283962329945, 0.1098377369619747, -0.4024834642860682, 0.31121497679031257
flux1:, 1.42893630398051, 0.22823598949956628, -0.011941292317837708, 0.10885630514370191, -0.3912513862913259, 0.305967197334272
flux1:, 1.429918660851114, 0.23693099307502383, -0.010185634995118596, 0.10643326745270282, -0.3796039074451987, 0.3001735483029233
flux1:, 1.430901017721718, 0.24819070842005514, -0.00811792588162269, 0.10262306855797201, -0.367757387078914, 0.29387736237099343
flux1:, 1.431883374592322, 0.26173169149552367, -0.005731473696616098, 0.09749449164039242, -0.3559345776683848, 0.2871263513009456
flux1:, 1.4328657314629258, 0.277267075458761, -0.003020933081132406, 0.09112966384735195, -0.34436185685037335, 0.27997214288526606
flux1:, 1.4338480883335298, 0.2945086559712858, 1.7605780667602555e-05, 0.08362292476780948, -0.3332664151358732, 0.272469786970245
flux1:, 1.4348304452041338, 0.3131689358517905, 0.0033865343330394724, 0.07507957317296268, -0.3228734347362007, 0.2646772360421334
flux1:, 1.4358128020747378, 0.3329631143327218, 0.00708665056645728, 0.06561450857905327, -0.3134032948838861, 0.2566548060100052
flux1:, 1.4367951589453418, 0.3536110068662664, 0.011117092592403333, 0.055350785273181914, -0.30506883852891714, 0.24846462290550853
flux1:, 1.4377775158159456, 0.37483888222154216, 0.015475281732778538, 0.04441809728772631, -0.2980727343292311, 0.24017006123853607
flux1:, 1.4387598726865496, 0.3963812045091385, 0.020156875918566994, 0.03295121340562707, -0.2926049664491799, 0.2318351797009761
flux1:, 1.4397422295571536, 0.4179822687538779, 0.02515573411957982, 0.021088381622349443, -0.288840482852139, 0.22352415980090307
flux1:, 1.4407245864277576, 0.4393977197018198, 0.030463892445609337, 0.008969722578959768, -0.2869370305522631, 0.21530075283954636
flux1:, 1.4417069432983616, 0.46039594468218775, 0.03607155246919149, -0.0032643686834156085, -0.28703320370700136, 0.20722774041701728
flux1:, 1.4426893001689653, 0.48075933253903924, 0.041967082222978555, -0.015474793709038545, -0.28924672752648706, 0.19936641337473557
flux1:, 1.4436716570395693, 0.5002853918888527, 0.04813703022066486, -0.027525276064427794, -0.293672997788337, 0.1917760737573163
flux1:, 1.4446540139101733, 0.5187877232377761, 0.05456615274088741, -0.039283823814734255, -0.30038389232419305, 0.18451356401015584
flux1:, 1.4456363707807773, 0.5360968407944909, 0.06123745449957803, -0.05062411271630946, -0.30942686723545154, 0.17763282722659857
flux1:, 1.4466187276513813, 0.5520608411286139, 0.06813224271876005, -0.06142677508398903, -0.32082434685121763, 0.17118450182663283
flux1:, 1.447601084521985, 0.5665459171396954, 0.07523019448019254, -0.07158058074748629, -0.3345734126142147, 0.16521555359375145
flux1:, 1.448583441392589, 0.5794367171058804, 0.08250943713171777, -0.08098349811833093, -0.3506457922229018, 0.15976894752406792
flux1:, 1.449565798263193, 0.590636549862815, 0.08994664139372789, -0.08954362512285391, -0.36898814652377976, 0.154883361458705
flux1:, 1.450548155133797, 0.600067438411577, 0.09751712669429145, -0.09717998159263716, -0.3895226478882188, 0.15059294298274145
flux1:, 1.451530512004401, 0.607670025458827, 0.10519497814543653, -0.10382315661471404, -0.41214784017493156, 0.14692711058792957
flux1:, 1.4525128688750049, 0.6134033355426546, 0.1129531744607441, -0.10941580630264934, -0.43673976691852223, 0.14391039961763769
flux1:, 1.4534952257456089, 0.617244399485061, 0.12076372600740469, -0.11391299942902397, -0.46315335114360145, 0.14156235304667736
flux1:, 1.4544775826162128, 0.6191877479273324, 0.12859782208510992, -0.11728241033258455, -0.4912240072227339, 0.13989745670068512
flux1:, 1.4554599394868168, 0.619244781640694, 0.1364259864306893, -0.11950436045277539, -0.5207694625128729, 0.13892511809442631
flux1:, 1.4564422963574208, 0.6174430271541522, 0.14421823986235907, -0.12057171172477471, -0.5515917641515005, 0.13864968766978797
flux1:, 1.4574246532280246, 0.613825286998566, 0.1519442689016554, -0.12048961686526913, -0.5834794443976077, 0.13907052084594865
flux1:, 1.4584070100986286, 0.6084486945256821, 0.1595735991455885, -0.11927513327014204, -0.6162098162864409, 0.14018207895920037
flux1:, 1.4593893669692326, 0.6013836838191886, 0.16707577210667207, -0.11695670880924634, -0.6495513701465607, 0.14197406687088338
flux1:, 1.4603717238398366, 0.5927128856685644, 0.17442052419525933, -0.11357354922188875, -0.6832662407134844, 0.14443160476029768
flux1:, 1.4613540807104406, 0.5825299609238093, 0.1815779664873942, -0.10917487807330044, -0.7171127141722821, 0.14753543139696906
flux1:, 1.4623364375810444, 0.5709383827891211, 0.18851876390229633, -0.10381910131379064, -0.7508477444677403, 0.15126213600364544
flux1:, 1.4633187944516486, 0.5580501797461116, 0.19521431240740889, -0.0975728893774891, -0.7842294486312964, 0.15558441567812478
flux1:, 1.4643011513222524, 0.5439846508237567, 0.20163691287522317, -0.09051019045887357, -0.8170195516740055, 0.1604713552380115
flux1:, 1.4652835081928564, 0.5288670648540911, 0.20775994023529162, -0.0827111891073447, -0.8489857527678533, 0.1658887262868589
flux1:, 1.4662658650634603, 0.5128273551741851, 0.21355800659636073, -0.0742612245813197, -0.8799039859593906, 0.17179930227139406
flux1:, 1.4672482219340643, 0.49599882095831005, 0.2190071170575863, -0.06524968350402126, -0.909560550504724, 0.17816318630590458
flux1:, 1.4682305788046683, 0.4785168459956065, 0.22408481698348062, -0.0557688812673717, -0.9377540880497982, 0.1849381485792573
flux1:, 1.4692129356752721, 0.4605176452728193, 0.22877032958441046, -0.045912946344492014, -0.9642973862710658, 0.19207997022963988
flux1:, 1.470195292545876, 0.4421370491847818, 0.23304468272220732, -0.0357767212039212, -0.9890189912007429, 0.19954279066972375
flux1:, 1.47117764941648, 0.42350933458502943, 0.23689082394820424, -0.025454692881620042, -1.0117646132476643, 0.20727945546685062
flux1:, 1.472160006287084, 0.4047661112113871, 0.24029372287773396, -0.015039965472978669, -1.032398314847565, 0.21524186202681456
flux1:, 1.473142363157688, 0.3860352712859474, 0.24324046011007983, -0.004623285872346377, -1.0508034706921818, 0.22338130049179572
flux1:, 1.4741247200282919, 0.3674400093018752, 0.24572030201479236, 0.005707866971531168, -1.066883494552282, 0.2316487874404969
flux1:, 1.4751070768988959, 0.3490979181818189, 0.24772476082328437, 0.015870120180604318, -1.0805623297809828, 0.23999539016786267
flux1:, 1.4760894337694999, 0.3311201671310408, 0.24924763958733828, 0.02578496460090456, -1.0917847036205663, 0.2483725395199864
flux1:, 1.4770717906401039, 0.31361076562240175, 0.250285061692713, 0.03537942545010664, -1.1005161483953214, 0.25673232946411856
flux1:, 1.4780541475107078, 0.2966659170497015, 0.25083548474465667, 0.04458664078883046, -1.106742795517595, 0.2650278017807356
flux1:, 1.4790365043813116, 0.280373464677737, 0.2508996987722942, 0.05334634403482626, -1.1104709509276014, 0.2732132144723625
flux1:, 1.4800188612519156, 0.2648124316118165, 0.2504808088285577, 0.06160524813388539, -1.1117264630963717, 0.2812442926893397
flux1:, 1.4810012181225196, 0.2500526556144732, 0.24958420219094277, 0.06931733038122082, -1.1105538970157447, 0.28907846117414254
flux1:, 1.4819835749931236, 0.2361545187202456, 0.2482175004942806, 0.07644401823374472, -1.1070155296544315, 0.2966750574210555
flux1:, 1.4829659318637276, 0.22316877074942626, 0.24639049724885284, 0.08295427774853653, -1.1011901841514051, 0.3039955249355383
flux1:, 1.4839482887343314, 0.21113644500487527, 0.24411508131460138, 0.08882460750977703, -1.0931719215321902, 0.311003586155932
flux1:, 1.4849306456049354, 0.20008886365985282, 0.24140514701336022, 0.0940389420500351, -1.0830686099543536, 0.31766539476834915
flux1:, 1.4859130024755394, 0.19004772961528263, 0.2382764916655481, 0.0985884698187187, -1.0710003924091542, 0.32394966730270086
flux1:, 1.4868953593461434, 0.18102530092724742, 0.2347467014340195, 0.10247137168938714, -1.0570980744215592, 0.3298277940435132
flux1:, 1.4878777162167474, 0.17302464328524678, 0.23083502644568085, 0.10569248681832809, -1.0415014536022098, 0.3352739294229943
flux1:, 1.4888600730873511, 0.166039955462771, 0.2265622462395265, 0.10826291336231036, -1.0243576129166043, 0.34026506218560876
flux1:, 1.4898424299579551, 0.16005696216738963, 0.2219505266579124, 0.11019955212793246, -1.0058191992575631, 0.3447810657238649
flux1:, 1.4908247868285591, 0.1550533682911925, 0.21702326935534125, 0.11152460165510264, -0.9860427083506573, 0.3488047290835657
flux1:, 1.4918071436991631, 0.1509993682053254, 0.21180495514531542, 0.11226501353193352, -0.9651867962045403, 0.3523217692249428
flux1:, 1.4927895005697671, 0.14785820345664952, 0.20632098244093497, 0.11245191689805695, -0.9434106362588117, 0.35532082520340086
flux1:, 1.4937718574403709, 0.14558676201001355, 0.2005975020682221, 0.11212002112126682, -0.920872340103831, 0.3577934350019618
flux1:, 1.4947542143109749, 0.14413621203680474, 0.1946612497430866, 0.11130700553266874, -0.8977274581752734, 0.35973399580638815
flux1:, 1.4957365711815789, 0.1434526631779492, 0.1885393775030812, 0.11005290488476534, -0.8741275751870156, 0.3611397085653511
flux1:, 1.4967189280521829, 0.1434778482061493, 0.18225928537390254, 0.10839949886301682, -0.8502190132891765, 0.3620105077219862
flux1:, 1.4977012849227869, 0.14414981807567934, 0.17584845452842943, 0.1063897135434139, -0.8261416540521358, 0.36234897704080926
flux1:, 1.4986836417933906, 0.14540364347563442, 0.1693342831630403, 0.10406704215748533, -0.8020278884133352, 0.3621602524859994
flux1:, 1.4996659986639946, 0.14717211619096293, 0.16274392627271797, 0.10147499191293625, -0.778001701710581, 0.36145191313422104
flux1:, 1.5006483555345986, 0.14938644382102956, 0.15610414045354168, 0.0986565629354951, -0.754177898895386, 0.3602338611280214
flux1:, 1.5016307124052026, 0.15197693170371365, 0.14944113479928806, 0.09565376465812954, -0.7306614729994854, 0.3585181916949892
flux1:, 1.5026130692758066, 0.15487364623928263, 0.14278042888855574, 0.09250717420097508, -0.7075471179463958, 0.35631905427374777
flux1:, 1.5035954261464104, 0.1580070541977951, 0.13614671878133713, 0.08925554047244853, -0.6849188848842953, 0.35365250580071594
flux1:, 1.5045777830170146, 0.16130863302105025, 0.12956375185963656, 0.08593543689231763, -0.662849979389995, 0.3505363572218739
flux1:, 1.5055601398876184, 0.1647114475899218, 0.12305421125685743, 0.08258096480405441, -0.6414026951794217, 0.3469900143012007
flux1:, 1.5065424967582224, 0.1681506894144661, 0.11663961052605326, 0.07922350881917213, -0.6206284783774026, 0.3430343138025768
flux1:, 1.5075248536288264, 0.17156417471193122, 0.11034019909887804, 0.07589154453228755, -0.6005681149661627, 0.338691356124016
flux1:, 1.5085072104994304, 0.17489279836087304, 0.10417487898589718, 0.07261049827350913, -0.5812520327608238, 0.33398433546261186
flux1:, 1.5094895673700344, 0.17808094125256108, 0.0981611330661803, 0.06940265783452382, -0.56270070816442, 0.32893736858471734
flux1:, 1.5104719242406381, 0.18107682909776882, 0.0923149652105739, 0.06628713242561349, -0.5449251670415174, 0.3235753232685677
flux1:, 1.5114542811112421, 0.18383284128289928, 0.08665085237979092, 0.06327985950058322, -0.5279275683240299, 0.31792364747551966
flux1:, 1.5124366379818461, 0.18630576889855094, 0.08118170873640013, 0.06039365553199723, -0.5117018584280748, 0.31200820029059817
flux1:, 1.5134189948524501, 0.18845702158138436, 0.07591886170990464, 0.05763830733545808, -0.4962344842153195, 0.30585508565307296
flux1:, 1.5144013517230541, 0.1902527833116741, 0.07087203985727654, 0.055020700133115094, -0.4815051520735821, 0.2994904898726273
flux1:, 1.515383708593658, 0.19166411778978043, 0.06604937226822488, 0.05254497821567458, -0.4674876207128924, 0.2929405238961558
flux1:, 1.516366065464262, 0.19266702447123693, 0.06145739917622251, 0.05021273381042883, -0.45415051546655566, 0.286231071253839
flux1:, 1.5173484223348659, 0.19324244676810276, 0.05710109335316938, 0.048023219590239766, -0.441458152241767, 0.27938764257087284
flux1:, 1.5183307792054699, 0.193376234321129, 0.052983891788623005, 0.04597358016383943, -0.4293713597675622, 0.2724352374825253
flux1:, 1.5193131360760739, 0.1930590616096765, 0.049107737083942726, 0.04405909786894568, -0.41784828942588226, 0.2653982147352414
flux1:, 1.5202954929466777, 0.19228630549245168, 0.04547312792827538, 0.04227344824313861, -0.4068452027085246, 0.25830017119535875
flux1:, 1.5212778498172816, 0.19105788455989525, 0.042079177967193515, 0.04060896066878501, -0.39631722720154255, 0.25116383041926
flux1:, 1.5222602066878856, 0.1893780634268782, 0.038923682326525655, 0.03905687987235337, -0.3862190729425182, 0.24401094136551155
flux1:, 1.5232425635584896, 0.18725522530183086, 0.03600319101351211, 0.037607624199114016, -0.3765057020064013, 0.2368621877500871
flux1:, 1.5242249204290936, 0.1847016163344766, 0.033313088385251495, 0.03625103687504163, -0.36713294523483697, 0.22973710846164663
flux1:, 1.5252072772996974, 0.18173306536925285, 0.030847677850267947, 0.03497662680148879, -0.3580580611133415, 0.2226540293646378
flux1:, 1.5261896341703014, 0.17836868281564444, 0.0286002709531803, 0.033773795797486246, -0.34924023290341216, 0.21563000672518134
flux1:, 1.5271719910409054, 0.17463054239070994, 0.02656327998459071, 0.03263204960183166, -0.34064100123525376, 0.20868078239867974
flux1:, 1.5281543479115094, 0.17054334949420152, 0.024728313258313126, 0.03154119036449506, -0.3322246304451972, 0.20182075081974546
flux1:, 1.5291367047821134, 0.16613409994454495, 0.023086272205746005, 0.030491488786903817, -0.3239584079853735, 0.19506293773560587
flux1:, 1.5301190616527172, 0.16143173273624886, 0.021627449452162145, 0.029473834505684568, -0.3158128772275731, 0.18841899052443842
flux1:, 1.5311014185233212, 0.15646678037816783, 0.020341627061558547, 0.028479863747325133, -0.3077620049167162, 0.1818991798412103
flux1:, 1.5320837753939252, 0.15127102024015404, 0.01921817416513853, 0.027502063705153443, -0.29978328539074084, 0.17551241223682887
flux1:, 1.5330661322645291, 0.1458771301750751, 0.018246143222887007, 0.026533853498690602, -0.2918577844641222, 0.16926625330268394
flux1:, 1.5340484891351331, 0.14031835149737817, 0.017414364207601053, 0.025569641963054678, -0.28397012656441123, 0.1631669608033363
flux1:, 1.535030846005737, 0.13462816219080412, 0.016711536045557314, 0.024604862877557254, -0.2761084293091384, 0.15721952717599844
flux1:, 1.536013202876341, 0.1288399629899225, 0.016126314697106688, 0.023635988573490196, -0.2682641902106263, 0.1514277306979286
flux1:, 1.536995559746945, 0.12298677873576133, 0.0156473973133755, 0.022660523157684923, -0.26043213059644454, 0.1457941945527317
flux1:, 1.537977916617549, 0.11710097714828904, 0.015263601961132538, 0.021676976847676874, -0.2526100021326302, 0.1403204529646149
flux1:, 1.538960273488153, 0.111214006891124, 0.014963942466269286, 0.020684823134158037, -0.24479836153712908, 0.13500702351712074
flux1:, 1.5399426303587567, 0.10535615652943559, 0.014737697986487164, 0.019684440665310634, -0.23700031917428038, 0.12985348472997388
flux1:, 1.5409249872293607, 0.09955633570415207, 0.014574476985086647, 0.01867704188493232, -0.22922126723156735, 0.12485855793518322
flux1:, 1.5419073440999647, 0.09384187956683729, 0.01446427533963873, 0.017664590552082738, -0.22146859310306086, 0.12002019247211052
flux1:, 1.5428897009705687, 0.08823837724312321, 0.014397528381065217, 0.016649710324882862, -0.21375138344557618, 0.11533565321057716
flux1:, 1.5438720578411727, 0.08276952482107884, 0.01436515671981122, 0.015635586606639357, -0.2060801241415535, 0.11080160941198869
flux1:, 1.5448544147117764, 0.07745700309670836, 0.014358605775707281, 0.014625863830388797, -0.19846640110435795, 0.10641422395033688
flux1:, 1.5458367715823806, 0.07232038005472083, 0.014369878986312945, 0.01362454030088301, -0.19092260650651216, 0.10216924193801298
flux1:, 1.5468191284529844, 0.06737703782041296, 0.014391564724531748, 0.012635862623806417, -0.18346165460765054, 0.09806207783502285
flux1:, 1.5478014853235884, 0.06264212359034423, 0.014416857009612198, 0.011664221633934858, -0.1760967109164615, 0.09408790016404521
flux1:, 1.5487838421941924, 0.05812852383704696, 0.014439570145935715, 0.010714051590655893, -0.16884093794897298, 0.0902417130072456
flux1:, 1.5497661990647964, 0.05384686088754637, 0.014454147470866737, 0.00978973424456348, -0.16170726035330926, 0.0865184335229404
flux1:, 1.5507485559354004, 0.04980551079859047, 0.01445566443611736, 0.00889550919671843, -0.15470815166778015, 0.08291296479027233
flux1:, 1.5517309128060042, 0.04601064129378346, 0.014439826286273296, 0.008035391776703087, -0.14785544447373478, 0.07942026336710464
flux1:, 1.5527132696766082, 0.04246626839032422, 0.014402960633176719, 0.007213099460835039, -0.14116016520506894, 0.07603540102910307
flux1:, 1.5536956265472122, 0.039174330226008344, 0.014342005255559764, 0.0064319876418588865, -0.13463239439037258, 0.07275362024542105
flux1:, 1.5546779834178162, 0.036134776500892106, 0.01425449147962557, 0.0056949953499508404, -0.12828115263853612, 0.0695703830372698
flux1:, 1.5556603402884202, 0.03334567187267858, 0.014138523518044956, 0.005004601315673214, -0.12211431224041643, 0.06648141295872294
flux1:, 1.556642697159024, 0.030803311589895615, 0.013992754162174787, 0.004362790561967301, -0.11613853385307073, 0.06348273003300223
flux1:, 1.557625054029628, 0.028502347612337074, 0.013816357235104201, 0.0037710315175848203, -0.11035922736408875, 0.06057067857109986
flux1:, 1.558607410900232, 0.026435923453005963, 0.013608997221633667, 0.003230263461324738, -0.10478053570494118, 0.05774194789158602
flux1:, 1.559589767770836, 0.024595815979362362, 0.013370796495467617, 0.0027408939375199635, -0.0994053400969613, 0.05499358604954063
flux1:, 1.56057212464144, 0.022972582433010525, 0.013102300564002708, 0.0023028056304790784, -0.09423528497346595, 0.052323006767813436
flux1:, 1.5615544815120437, 0.021555710965050674, 0.012804441747265489, 0.001915372050766927, -0.08927082062754581, 0.049727989843949674
flux1:, 1.5625368383826477, 0.0203337730376677, 0.01247850170004676, 0.0015774812705279643, -0.08451126148730097, 0.04720667538030245
flux1:, 1.5635191952532517, 0.019294576110258706, 0.012126073175297292, 0.0012875668494087013, -0.07995485781833551, 0.04475755225214934
flux1:, 1.5645015521238557, 0.018425315108597594, 0.011749021412724825, 0.0010436450175538767, -0.07559887859547877, 0.042379441288274755
flux1:, 1.5654839089944597, 0.01771272126714121, 0.011349445519496133, 0.0008433571276576707, -0.07143970327033608, 0.04007147368989654
flux1:, 1.5664662658650634, 0.01714320703573979, 0.010929640190336647, 0.0006840163539540903, -0.06747292018535406, 0.03783306525645549
flux1:, 1.5674486227356674, 0.016703005851429555, 0.010492058092458033, 0.0005626576016606794, -0.06369342944576889, 0.0356638870202715
flux1:, 1.5684309796062714, 0.016378305691857838, 0.01003927321692445, 0.00047608959492378056, -0.06009554815454731, 0.033563832916329764
flux1:, 1.5694133364768754, 0.01615537544790398, 0.00957394547264431, 0.00042094813346015074, -0.05667311603807892, 0.03153298512815583
flux1:, 1.5703956933474794, 0.016020683277419713, 0.009098786772479488, 0.0003937495465212359, -0.053419599638136354, 0.02957157775621603
flux1:, 1.5713780502180832, 0.015961006228474444, 0.008616528833284717, 0.0003909434258437022, -0.0503281934140195, 0.027679959451561854
flux1:, 1.5723604070886872, 0.015963530547456743, 0.00812989288341084, 0.0004089637851005769, -0.04739191628342446, 0.025858555644862835
flux1:, 1.5733427639592912, 0.016015942213511783, 0.007641561442556244, 0.00044427787017372515, -0.044603702327272426, 0.024107830980107995
flux1:, 1.5743251208298952, 0.01610650736488427, 0.007154152310207043, 0.000493431930284113, -0.04195648458797702, 0.022428252533496576
flux1:, 1.5753074777004992, 0.016224142403475143, 0.006670194870496274, 0.0005530933526514917, -0.03944327109851435, 0.020820254362207868
flux1:, 1.576289834571103, 0.016358473680228146, 0.006192108793411132, 0.0006200886608860783, -0.037057212487105265, 0.019284203885446334
flux1:, 1.577272191441707, 0.016499886775008032, 0.005722185185172635, 0.0006914369776823321, -0.03479166070577991, 0.0178203705523186
flux1:, 1.578254548312311, 0.016639565489175435, 0.005262570214459482, 0.0007643786537664407, -0.0326402186272335, 0.016428897198558837
flux1:, 1.579236905182915, 0.01676952076682564, 0.004815251216223877, 0.000836398865502218, -0.030596780440189004, 0.015109774437764234
flux1:, 1.580219262053519, 0.01688260985044326, 0.004382045251273003, 0.0009052460814433762, -0.028655562946393362, 0.013862818373670305
flux1:, 1.5812016189241227, 0.01697254605851652, 0.0039645900777818465, 0.0009689453918660234, -0.026811128020268804, 0.012687651858951337
flux1:, 1.5821839757947267, 0.017033899645664093, 0.003564337470530629, 0.0010258067834913395, -0.025058396633235936, 0.011583689464101878
flux1:, 1.5831663326653307, 0.017062090269911828, 0.003182548805097901, 0.0010744285230409004, -0.023392654967616403, 0.010550126258057495
flux1:, 1.5841486895359347, 0.01705337164675436, 0.0028202928075243532, 0.0011136958869253145, -0.021809553248782802, 0.009585930441238372
flux1:, 1.5851310464065387, 0.017004809015415765, 0.002478445355185011, 0.001142775539392088, -0.020305098008463984, 0.008689839812570837
flux1:, 1.5861134032771425, 0.016914250079291013, 0.0021576912017908065, 0.001161105917300067, -0.01887563855655575, 0.007860361995468412
flux1:, 1.5870957601477467, 0.01678029011016508, 0.001858527488613511, 0.0011683840258424607, -0.017517848483866148, 0.0070957782945989655
flux1:, 1.5880781170183504, 0.01660223192448101, 0.0015812688951795382, 0.0011645490858510658, -0.016228703044355496, 0.006394151006069056
flux1:, 1.5890604738889544, 0.01638004145022204, 0.0013260542757779106, 0.001149763499715796, -0.015005453273632723, 0.0057533339590843564
flux1:, 1.5900428307595584, 0.01611429960498144, 0.0010928546231603134, 0.0011243916195880703, -0.013845597691836718, 0.005170986027652461
flux1:, 1.5910251876301624, 0.01580615120025207, 0.0008814821976639393, 0.001088976808719847, -0.012746852414954109, 0.0046445873168569195
flux1:, 1.5920075445007664, 0.015457251574146054, 0.0006916006586577878, 0.0010442172849871748, -0.011707120460719046, 0.004171457699971145
flux1:, 1.5929899013713702, 0.01506971163533055, 0.0005227360355290246, 0.000990941225422401, -0.010724460985182581, 0.003748777360381906
flux1:, 1.5939722582419742, 0.014646041975575622, 0.0003742883773601713, 0.0009300815926651341, -0.0097970591257061, 0.0033736089760447218
flux1:, 1.5949546151125782, 0.014189096677387217, 0.00024554392383413493, 0.0008626511194187378, -0.008923197057362508, 0.0030429211740026075
flux1:, 1.5959369719831822, 0.013702017407671118, 0.00013568764464960383, 0.000789717856135795, -0.008101226794465422, 0.0027536128782644376
flux1:, 1.5969193288537862, 0.013188178348700853, 4.381600069976218e-05, 0.0007123816512003444, -0.007329545189160884, 0.0025025381759167143
flux1:, 1.59790168572439, 0.012651132474502797, -3.1050212678627153e-05, 0.0006317518927444944, -0.0066065714963759615, 0.002286531333387957
flux1:, 1.598884042594994, 0.012094559635056335, -8.995307206348242e-05, 0.0005489267979559366, -0.005930727790953415, 0.002102431607065818
flux1:, 1.599866399465598, 0.011522216862723205, -0.0001339849047663594, 0.0004649744902242491, -0.005300422439962235, 0.0019471075094954294
flux1:, 1.600848756336202, 0.010937891266022461, -0.00016427595346029368, 0.0003809160577205968, -0.004714036752658915, 0.0018174802137547743
flux1:, 1.601831113206806, 0.010345355825704979, -0.0001819824299248535, 0.0002977107398898526, -0.004169914853638354, 0.0017105458037697124
flux1:, 1.6028134700774097, 0.009748328357713868, -0.00018827505076689737, 0.00021624334174108074, -0.003666356752708355, 0.0016233961067797951
flux1:, 1.6037958269480137, 0.009150433857600435, -0.0001843281372573995, 0.00013731393053152254, -0.0032016145189170267, 0.0015532378753093962
flux1:, 1.6047781838186177, 0.008555170391770143, -0.00017130935055795988, 6.162982617102011e-05, -0.002773891406783927, 0.0014974101192395505
flux1:, 1.6057605406892217, 0.007965878653150156, -0.00015037012271258132, -1.02001439133143e-05, -0.0023813437309297657, 0.0014533994233479014
flux1:, 1.6067428975598257, 0.007385715252803552, -0.0001226368329719014, -7.76691920971662e-05, -0.0020220852412802717, 0.0014188531213465254
flux1:, 1.6077252544304295, 0.006817629775141197, -8.920276839435223e-05, -0.0001403740204057513, -0.0016941937152817998, 0.001391590233474693
flux1:, 1.6087076113010335, 0.0062643455830467595, -5.112089733638669e-05, -0.00019801430289968823, -0.0013957194561021802, 0.001369610110476681
flux1:, 1.6096899681716375, 0.005728344320665687, -9.397474480514447e-06, -0.00025039035597417724, -0.0011246953666507581, 0.0013510987618323188
flux1:, 1.6106723250422414, 0.005211854026090344, 3.501351345691829e-05, -0.0002973991728423693, -0.0008791482581339848, 0.001334432879867491
flux1:, 1.6116546819128454, 0.004716840733945067, 8.121506118488733e-05, -0.00033902901481930466, -0.0006571110484872862, 0.00131818160343811
flux1:, 1.6126370387834492, 0.004245003418970557, 0.0001283710257190988, -0.00037535276382407573, -0.00045663550989030993, 0.0013011060948192948
flux1:, 1.6136193956540532, 0.003797772106339563, 0.00017570919071919355, -0.0004065202478792879, -0.0002758052350573783, 0.0012821570308885922
flux1:, 1.6146017525246572, 0.0033763089525823122, 0.00022252353742776903, -0.0004327497544544272, -0.00011274850853076044, 0.0012604701343937002
flux1:, 1.6155841093952612, 0.0029815120827047918, 0.0002681757517696351, -0.0004543189455243429, 3.4349209084704065e-05, 0.0012353598927541294
flux1:, 1.6165664662658652, 0.002614021954310564, 0.0003120960028622086, -0.0004715553834748415, 0.00016723344979686043, 0.0012063116303196947
flux1:, 1.617548823136469, 0.00227423000822194, 0.00035378303315109427, -0.0004848268688267371, 0.0002875697958423019, 0.001172972115143369
flux1:, 1.618531180007073, 0.0019622893571011944, 0.00039280360461379046, -0.0004945317795548431, 0.0003969340296648884, 0.0011351388930662225
flux1:, 1.619513536877677, 0.0016781272588626253, 0.0004287913489676614, -0.0005010895879419715, 0.0004968035451086504, 0.0010927485502422037
flux1:, 1.620495893748281, 0.0014214591199239587, 0.00046144507260248544, -0.0005049317148811565, 0.0005885501529614936, 0.001045864110193374
flux1:, 1.621478250618885, 0.0011918037745689842, 0.0004905265690325615, -0.0005064928637468823, 0.0006734343779301958, 0.000994661773175276
flux1:, 1.6224606074894887, 0.0009884997905072594, 0.0005158579930678289, -0.0005062029568504176, 0.0007526013084244139, 0.0009394172041816772
flux1:, 1.6234429643600927, 0.0008107225570423205, 0.0005373188516614809, -0.0005044797775117118, 0.0008270780258982579, 0.000880491571519371
flux1:, 1.6244253212306967, 0.0006575019207403276, 0.0005548426665399608, -0.0005017224003466849, 0.0008977726075243713, 0.000818317530741843
flux1:, 1.6254076781013007, 0.0005277401440040341, 0.0005684133632958002, -0.0004983054718808126, 0.0009654746652059312, 0.000753385339105366
flux1:, 1.6263900349719047, 0.0004202299741295585, 0.0005780614406729036, -0.0004945743834515036, 0.0010308573558293435, 0.0006862292738752884
flux1:, 1.6273723918425085, 0.0003336726241134468, 0.0005838599723379638, -0.0004908413588763146, 0.001094480772581355, 0.0006174145140580004
flux1:, 1.6283547487131127, 0.00026669548135262015, 0.0005859204915574245, -0.0004873824608709299, 0.001156796605410586, 0.0005475246297785601
flux1:, 1.6293371055837165, 0.0002178693762426333, 0.0005843888069427249, -0.0004844355029584537, 0.00121815394049309, 0.0004771498068849828
flux1:, 1.6303194624543205, 0.0001857252592542281, 0.0005794407948253302, -0.00048219883785575253, 0.0012788060540097638, 0.0004068759167557028
flux1:, 1.6313018193249245, 0.00016877015214152816, 0.0005712782109416073, -0.00048083097922915665, 0.0013389180446692934, 0.0003372745230453204
flux1:, 1.6322841761955285, 0.00016550225627655745, 0.0005601245609771902, -0.00048045100143326845, 0.001398575142212791, 0.0002688938985341673
flux1:, 1.6332665330661325, 0.00017442511849315777, 0.0005462210662125043, -0.0004811396514786487, 0.0014577915255256778, 0.00020225110664293347
flux1:, 1.6342488899367362, 0.000194060772079136, 0.000529822757047849, -0.0004829410990628303, 0.0015165194837321906, 0.00013782518384237294
flux1:, 1.6352312468073402, 0.00022296178748233426, 0.0005111947236379406, -0.00048586524407600413, 0.001574658756623496, 7.605144136955423e-05
flux1:, 1.6362136036779442, 0.00025972218373069276, 0.000490608549252169, -0.0004898904965313808, 0.0016320658966625008, 1.7316887612522905e-05
flux1:, 1.6371959605485482, 0.0003029871673658742, 0.0004683389483639624, -0.000494966941296975, 0.00168856350328627, -3.8043243532085883e-05
flux1:, 1.6381783174191522, 0.0003514616807168327, 0.00044466062787167223, -0.0005010197992650247, 0.0017439491910340352, -8.974788791890803e-05
flux1:, 1.639160674289756, 0.0004039177554804274, 0.00041984538632921364, -0.0005079530975411358, 0.0017980041657349353, -0.00013757151317662287
flux1:, 1.64014303116036, 0.0004592006807457821, 0.00039415946261972155, -0.0005156534637428961, 0.0018505012972600784, -0.0001813445027318353
flux1:, 1.641125388030964, 0.0005162340067013295, 0.00036786114219725856, -0.0005239939634126006, 0.0019012125928108004, -0.00022095262760466895
flux1:, 1.642107744901568, 0.0005740234162617795, 0.0003411986258536818, -0.0005328379046816852, 0.0019499159909806866, -0.00025633568064447476
flux1:, 1.643090101772172, 0.0006316595066870296, 0.00031440816297463033, -0.0005420425405126334, 0.001996401413557962, -0.00028748535510611826
flux1:, 1.6440724586427757, 0.0006883195319151689, 0.00028771244844875434, -0.0005514626058748371, 0.0020404760288623923, -0.000314442455013403
flux1:, 1.6450548155133797, 0.0007432681637846146, 0.0002613192797972605, -0.0005609536349122849, 0.002081968697014653, -0.0003372935286433456
flux1:, 1.6460371723839837, 0.0007958573365921328, 0.00023542046871299132, -0.0005703750113253939, 0.0021207335836350154, -0.0003561670187280022
flux1:, 1.6470195292545877, 0.0008455252445149211, 0.0002101909990552786, -0.0005795927136389653, 0.0021566529437565644, -0.0003712290236784798
flux1:, 1.6480018861251917, 0.0008917945653770722, 0.00018578842142904958, -0.0005884817255787419, 0.002189639092013031, -0.0003826787633714413
flux1:, 1.6489842429957955, 0.0009342699870733191, 0.0001623524728045264, -0.0005969280902749141, 0.0022196355882259837, -0.0003907438409146306
flux1:, 1.6499665998663995, 0.0009726351147520537, 0.00014000490819524765, -0.0006048305952766473, 0.002246617679165251, -0.00039567538843026826
flux1:, 1.6509489567370035, 0.0010066488376461753, 0.00011884953021370043, -0.0006121020832778626, 0.002270592047409842, -0.00039774318040707176
flux1:, 1.6519313136076075, 0.0010361412342963542, 9.897240135679002e-05, -0.0006186703908889359, 0.002291595926794055, -0.0003972307927130315
flux1:, 1.6529136704782115, 0.0010610090939068334, 8.044222312618746e-05, -0.0006244789246390474, 0.0023096956508143573, -0.0003944308790730925
flux1:, 1.6538960273488152, 0.0010812111297945062, 6.33108655703533e-05, -0.0006294868895655753, 0.0023249847055921645, -0.0003896406298554892
flux1:, 1.6548783842194192, 0.0010967629583895412, 4.761403051146934e-05, -0.0006336691911985911, 0.0023375813625982128, -0.000383157470541495
flux1:, 1.6558607410900232, 0.0011077319141426956, 3.3372031599839083e-05, -0.0006370160363853053, 0.0023476259682563057, -0.00037527504939140476
flux1:, 1.6568430979606272, 0.0011142317670370494, 2.059067439774395e-05, -0.0006395322622486123, 0.0023552779680429967, -0.0003662795557697315
flux1:, 1.6578254548312312, 0.0011164174052887934, 9.262219923504308e-06, -0.0006412364255680789, 0.002360712741652523, -0.00035644640243325714
flux1:, 1.658807811701835, 0.0011144795413346113, -6.335845316877558e-07, -0.0006421596870571509, 0.002364118323511725, -0.0003460372970026396
flux1:, 1.659790168572439, 0.0011086394944271193, -9.12842298007723e-06, -0.0006423445263802897, 0.002365692079423635, -0.00033529771992249274
flux1:, 1.660772525443043, 0.0010991440981379843, -1.6264291727321894e-05, -0.0006418433243480348, 0.002365637405574477, -0.0003244548185934865
flux1:, 1.661754882313647, 0.0010862607759479835, -2.2092358046113233e-05, -0.0006407168486051724, 0.002364160510758399, -0.00031371572013440735
flux1:, 1.662737239184251, 0.001070272822850034, -2.6671809957987683e-05, -0.0006390326783154484, 0.002361467336520717, -0.00030326625848017797
flux1:, 1.6637195960548548, 0.0010514749256789343, -3.0068709629297162e-05, -0.0006368636019388215, 0.0023577606632651737, -0.0002932701053297065
flux1:, 1.6647019529254587, 0.0010301689496774113, -3.2354861904041874e-05, -0.0006342860202452892, 0.002353237443297159, -0.0002838682888740954
flux1:, 1.6656843097960627, 0.0010066600137479827, -3.360670847339264e-05, -0.0006313783842980853, 0.0023480863944882174, -0.0002751790793169801
flux1:, 1.6666666666666667, 0.0009812528718913297, -3.3904257116177984e-05, -0.0006282196953456966, 0.0023424858808773884, -0.0002672982159682232

Elapsed run time = 911.5981 s
