-----------
Initializing structure...
Halving computational cell along direction x
Halving computational cell along direction z
time for choose_chunkdivision = 0.000459909 s
Working in 3D dimensions.
Computational cell is 14.7 x 5.125 x 4.85 with resolution 40
     block, center = (0,0.331,0)
          size (1e+20,0.462,0.14)
          axes (1,0,0), (0,1,0), (0,0,1)
          dielectric constant epsilon diagonal = (4,4,4)
     block, center = (0,-0.331,0)
          size (1e+20,0.462,0.14)
          axes (1,0,0), (0,1,0), (0,0,1)
          dielectric constant epsilon diagonal = (4,4,4)
     cylinder, center = (1.29643,0.331,0)
          radius 0.1155, height 1e+20, axis (0, 0, 1)
          dielectric constant epsilon diagonal = (1,1,1)
     cylinder, center = (-1.29643,0.331,0)
          radius 0.1155, height 1e+20, axis (0, 0, 1)
          dielectric constant epsilon diagonal = (1,1,1)
     cylinder, center = (1.62643,0.331,0)
          radius 0.1155, height 1e+20, axis (0, 0, 1)
          dielectric constant epsilon diagonal = (1,1,1)
     cylinder, center = (-1.62643,0.331,0)
          radius 0.1155, height 1e+20, axis (0, 0, 1)
          dielectric constant epsilon diagonal = (1,1,1)
     cylinder, center = (1.95643,0.331,0)
          radius 0.1155, height 1e+20, axis (0, 0, 1)
          dielectric constant epsilon diagonal = (1,1,1)
     cylinder, center = (-1.95643,0.331,0)
          radius 0.1155, height 1e+20, axis (0, 0, 1)
          dielectric constant epsilon diagonal = (1,1,1)
     cylinder, center = (2.28643,0.331,0)
          radius 0.1155, height 1e+20, axis (0, 0, 1)
          dielectric constant epsilon diagonal = (1,1,1)
     cylinder, center = (-2.28643,0.331,0)
          radius 0.1155, height 1e+20, axis (0, 0, 1)
          dielectric constant epsilon diagonal = (1,1,1)
     ...(+ 68 objects not shown)...
time for set_epsilon = 17.6904 s
-----------
Meep progress: 0.0125/30.399999618530273 = 0.0% done in 5.3s, 12818.8s to go
on time step 1 (time=0.0125), 5.27305 s/step
Meep progress: 0.28750000000000003/30.399999618530273 = 0.9% done in 9.3s, 973.7s to go
on time step 23 (time=0.2875), 0.182866 s/step
Meep progress: 0.55/30.399999618530273 = 1.8% done in 13.4s, 725.1s to go
on time step 44 (time=0.55), 0.193524 s/step
Meep progress: 0.8250000000000001/30.399999618530273 = 2.7% done in 17.4s, 623.8s to go
on time step 66 (time=0.825), 0.183708 s/step
     block, center = (0,0.331,0)
          size (1e+20,0.462,0.14)
          axes (1,0,0), (0,1,0), (0,0,1)
          dielectric constant epsilon diagonal = (4,4,4)
     block, center = (0,-0.331,0)
          size (1e+20,0.462,0.14)
          axes (1,0,0), (0,1,0), (0,0,1)
          dielectric constant epsilon diagonal = (4,4,4)
     cylinder, center = (1.29643,0.331,0)
          radius 0.1155, height 1e+20, axis (0, 0, 1)
          dielectric constant epsilon diagonal = (1,1,1)
     cylinder, center = (-1.29643,0.331,0)
          radius 0.1155, height 1e+20, axis (0, 0, 1)
          dielectric constant epsilon diagonal = (1,1,1)
     cylinder, center = (1.62643,0.331,0)
          radius 0.1155, height 1e+20, axis (0, 0, 1)
          dielectric constant epsilon diagonal = (1,1,1)
     cylinder, center = (-1.62643,0.331,0)
          radius 0.1155, height 1e+20, axis (0, 0, 1)
          dielectric constant epsilon diagonal = (1,1,1)
     cylinder, center = (1.95643,0.331,0)
          radius 0.1155, height 1e+20, axis (0, 0, 1)
          dielectric constant epsilon diagonal = (1,1,1)
     cylinder, center = (-1.95643,0.331,0)
          radius 0.1155, height 1e+20, axis (0, 0, 1)
          dielectric constant epsilon diagonal = (1,1,1)
     cylinder, center = (2.28643,0.331,0)
          radius 0.1155, height 1e+20, axis (0, 0, 1)
          dielectric constant epsilon diagonal = (1,1,1)
     cylinder, center = (-2.28643,0.331,0)
          radius 0.1155, height 1e+20, axis (0, 0, 1)
          dielectric constant epsilon diagonal = (1,1,1)
     ...(+ 68 objects not shown)...
Meep progress: 1.1/30.399999618530273 = 3.6% done in 21.6s, 575.3s to go
on time step 88 (time=1.1), 0.190766 s/step
Meep progress: 1.375/30.399999618530273 = 4.5% done in 25.6s, 541.1s to go
on time step 110 (time=1.375), 0.1835 s/step
Meep progress: 1.6500000000000001/30.399999618530273 = 5.4% done in 29.7s, 516.7s to go
on time step 132 (time=1.65), 0.18272 s/step
Meep progress: 1.925/30.399999618530273 = 6.3% done in 33.7s, 498.0s to go
on time step 154 (time=1.925), 0.182308 s/step
Meep progress: 2.2/30.399999618530273 = 7.2% done in 37.7s, 483.7s to go
on time step 176 (time=2.2), 0.185042 s/step
Meep progress: 2.475/30.399999618530273 = 8.1% done in 41.8s, 471.3s to go
on time step 198 (time=2.475), 0.183407 s/step
Meep progress: 2.75/30.399999618530273 = 9.0% done in 45.8s, 460.5s to go
on time step 220 (time=2.75), 0.183087 s/step
Meep progress: 3.0250000000000004/30.399999618530273 = 10.0% done in 49.8s, 451.1s to go
on time step 242 (time=3.025), 0.183995 s/step
Meep progress: 3.3000000000000003/30.399999618530273 = 10.9% done in 53.9s, 442.5s to go
on time step 264 (time=3.3), 0.183214 s/step
Meep progress: 3.575/30.399999618530273 = 11.8% done in 57.9s, 434.5s to go
on time step 286 (time=3.575), 0.18303 s/step
Meep progress: 3.85/30.399999618530273 = 12.7% done in 61.9s, 427.1s to go
on time step 308 (time=3.85), 0.182971 s/step
Meep progress: 4.125/30.399999618530273 = 13.6% done in 66.0s, 420.4s to go
on time step 330 (time=4.125), 0.185267 s/step
Meep progress: 4.4/30.399999618530273 = 14.5% done in 70.0s, 413.9s to go
on time step 352 (time=4.4), 0.18317 s/step
Meep progress: 4.675/30.399999618530273 = 15.4% done in 74.1s, 407.6s to go
on time step 374 (time=4.675), 0.183296 s/step
Meep progress: 4.95/30.399999618530273 = 16.3% done in 78.1s, 401.5s to go
on time step 396 (time=4.95), 0.183061 s/step
Meep progress: 5.2250000000000005/30.399999618530273 = 17.2% done in 82.2s, 396.0s to go
on time step 418 (time=5.225), 0.185591 s/step
Meep progress: 5.5/30.399999618530273 = 18.1% done in 86.2s, 390.2s to go
on time step 440 (time=5.5), 0.182726 s/step
Meep progress: 5.775/30.399999618530273 = 19.0% done in 90.2s, 384.7s to go
on time step 462 (time=5.775), 0.183094 s/step
Meep progress: 6.050000000000001/30.399999618530273 = 19.9% done in 94.3s, 379.6s to go
on time step 484 (time=6.05), 0.186022 s/step
Meep progress: 6.325/30.399999618530273 = 20.8% done in 98.3s, 374.3s to go
on time step 506 (time=6.325), 0.182106 s/step
Meep progress: 6.6000000000000005/30.399999618530273 = 21.7% done in 102.3s, 369.0s to go
on time step 528 (time=6.6), 0.182471 s/step
Meep progress: 6.875/30.399999618530273 = 22.6% done in 106.4s, 363.9s to go
on time step 550 (time=6.875), 0.182487 s/step
Meep progress: 7.15/30.399999618530273 = 23.5% done in 110.4s, 359.0s to go
on time step 572 (time=7.15), 0.184341 s/step
Meep progress: 7.425000000000001/30.399999618530273 = 24.4% done in 114.4s, 354.1s to go
on time step 594 (time=7.425), 0.182882 s/step
Meep progress: 7.7/30.399999618530273 = 25.3% done in 118.5s, 349.2s to go
on time step 616 (time=7.7), 0.182893 s/step
Meep progress: 7.9750000000000005/30.399999618530273 = 26.2% done in 122.5s, 344.4s to go
on time step 638 (time=7.975), 0.182892 s/step
Meep progress: 8.25/30.399999618530273 = 27.1% done in 126.6s, 339.8s to go
on time step 660 (time=8.25), 0.185264 s/step
Meep progress: 8.525/30.399999618530273 = 28.0% done in 130.6s, 335.1s to go
on time step 682 (time=8.525), 0.183828 s/step
Meep progress: 8.8/30.399999618530273 = 28.9% done in 134.6s, 330.5s to go
on time step 704 (time=8.8), 0.183732 s/step
Meep progress: 9.075000000000001/30.399999618530273 = 29.9% done in 138.7s, 326.0s to go
on time step 726 (time=9.075), 0.18569 s/step
Meep progress: 9.35/30.399999618530273 = 30.8% done in 142.8s, 321.4s to go
on time step 748 (time=9.35), 0.183282 s/step
Meep progress: 9.625/30.399999618530273 = 31.7% done in 146.8s, 316.8s to go
on time step 770 (time=9.625), 0.181831 s/step
Meep progress: 9.9/30.399999618530273 = 32.6% done in 150.8s, 312.2s to go
on time step 792 (time=9.9), 0.18286 s/step
Meep progress: 10.175/30.399999618530273 = 33.5% done in 154.9s, 307.8s to go
on time step 814 (time=10.175), 0.185603 s/step
Meep progress: 10.450000000000001/30.399999618530273 = 34.4% done in 158.9s, 303.3s to go
on time step 836 (time=10.45), 0.183025 s/step
Meep progress: 10.725000000000001/30.399999618530273 = 35.3% done in 162.9s, 298.9s to go
on time step 858 (time=10.725), 0.182565 s/step
Meep progress: 11.0/30.399999618530273 = 36.2% done in 167.0s, 294.5s to go
on time step 880 (time=11), 0.185745 s/step
Meep progress: 11.275/30.399999618530273 = 37.1% done in 171.0s, 290.1s to go
on time step 902 (time=11.275), 0.183699 s/step
Meep progress: 11.55/30.399999618530273 = 38.0% done in 175.1s, 285.7s to go
on time step 924 (time=11.55), 0.183831 s/step
Meep progress: 11.825000000000001/30.399999618530273 = 38.9% done in 179.1s, 281.4s to go
on time step 946 (time=11.825), 0.183648 s/step
Meep progress: 12.100000000000001/30.399999618530273 = 39.8% done in 183.2s, 277.1s to go
on time step 968 (time=12.1), 0.186153 s/step
Meep progress: 12.375/30.399999618530273 = 40.7% done in 187.3s, 272.8s to go
on time step 990 (time=12.375), 0.183577 s/step
Meep progress: 12.65/30.399999618530273 = 41.6% done in 191.3s, 268.4s to go
on time step 1012 (time=12.65), 0.183859 s/step
Meep progress: 12.925/30.399999618530273 = 42.5% done in 195.3s, 264.1s to go
on time step 1034 (time=12.925), 0.18374 s/step
Meep progress: 13.200000000000001/30.399999618530273 = 43.4% done in 199.5s, 259.9s to go
on time step 1056 (time=13.2), 0.18714 s/step
Meep progress: 13.475000000000001/30.399999618530273 = 44.3% done in 203.5s, 255.6s to go
on time step 1078 (time=13.475), 0.183537 s/step
Meep progress: 13.75/30.399999618530273 = 45.2% done in 207.5s, 251.3s to go
on time step 1100 (time=13.75), 0.183867 s/step
Meep progress: 14.025/30.399999618530273 = 46.1% done in 211.7s, 247.1s to go
on time step 1122 (time=14.025), 0.187335 s/step
Meep progress: 14.3/30.399999618530273 = 47.0% done in 215.7s, 242.9s to go
on time step 1144 (time=14.3), 0.183372 s/step
Meep progress: 14.575000000000001/30.399999618530273 = 47.9% done in 219.7s, 238.6s to go
on time step 1166 (time=14.575), 0.182981 s/step
Meep progress: 14.850000000000001/30.399999618530273 = 48.8% done in 223.8s, 234.3s to go
on time step 1188 (time=14.85), 0.183147 s/step
Meep progress: 15.125/30.399999618530273 = 49.8% done in 227.8s, 230.1s to go
on time step 1210 (time=15.125), 0.185284 s/step
Meep progress: 15.4/30.399999618530273 = 50.7% done in 231.9s, 225.8s to go
on time step 1232 (time=15.4), 0.183585 s/step
Meep progress: 15.675/30.399999618530273 = 51.6% done in 235.9s, 221.6s to go
on time step 1254 (time=15.675), 0.183418 s/step
Meep progress: 15.950000000000001/30.399999618530273 = 52.5% done in 239.9s, 217.4s to go
on time step 1276 (time=15.95), 0.18334 s/step
Meep progress: 16.225/30.399999618530273 = 53.4% done in 244.0s, 213.2s to go
on time step 1298 (time=16.225), 0.1867 s/step
Meep progress: 16.5/30.399999618530273 = 54.3% done in 248.1s, 209.0s to go
on time step 1320 (time=16.5), 0.183401 s/step
Meep progress: 16.775000000000002/30.399999618530273 = 55.2% done in 252.2s, 204.8s to go
on time step 1342 (time=16.775), 0.185712 s/step
Meep progress: 17.05/30.399999618530273 = 56.1% done in 256.3s, 200.7s to go
on time step 1364 (time=17.05), 0.187929 s/step
Meep progress: 17.325/30.399999618530273 = 57.0% done in 260.3s, 196.5s to go
on time step 1386 (time=17.325), 0.182859 s/step
Meep progress: 17.6/30.399999618530273 = 57.9% done in 264.3s, 192.3s to go
on time step 1408 (time=17.6), 0.182847 s/step
Meep progress: 17.875/30.399999618530273 = 58.8% done in 268.4s, 188.1s to go
on time step 1430 (time=17.875), 0.185724 s/step
Meep progress: 18.150000000000002/30.399999618530273 = 59.7% done in 272.5s, 183.9s to go
on time step 1452 (time=18.15), 0.186882 s/step
Meep progress: 18.425/30.399999618530273 = 60.6% done in 276.6s, 179.8s to go
on time step 1474 (time=18.425), 0.184718 s/step
Meep progress: 18.7/30.399999618530273 = 61.5% done in 280.7s, 175.6s to go
on time step 1496 (time=18.7), 0.184452 s/step
Meep progress: 18.975/30.399999618530273 = 62.4% done in 284.7s, 171.4s to go
on time step 1518 (time=18.975), 0.183507 s/step
Meep progress: 19.25/30.399999618530273 = 63.3% done in 288.8s, 167.3s to go
on time step 1540 (time=19.25), 0.187127 s/step
Meep progress: 19.525000000000002/30.399999618530273 = 64.2% done in 292.9s, 163.1s to go
on time step 1562 (time=19.525), 0.183857 s/step
Meep progress: 19.8/30.399999618530273 = 65.1% done in 296.9s, 158.9s to go
on time step 1584 (time=19.8), 0.1836 s/step
Meep progress: 20.075000000000003/30.399999618530273 = 66.0% done in 301.1s, 154.8s to go
on time step 1606 (time=20.075), 0.188458 s/step
Meep progress: 20.35/30.399999618530273 = 66.9% done in 305.1s, 150.7s to go
on time step 1628 (time=20.35), 0.183196 s/step
Meep progress: 20.625/30.399999618530273 = 67.8% done in 309.1s, 146.5s to go
on time step 1650 (time=20.625), 0.182988 s/step
Meep progress: 20.900000000000002/30.399999618530273 = 68.8% done in 313.1s, 142.3s to go
on time step 1672 (time=20.9), 0.183642 s/step
Meep progress: 21.175/30.399999618530273 = 69.7% done in 317.3s, 138.2s to go
on time step 1694 (time=21.175), 0.188854 s/step
Meep progress: 21.450000000000003/30.399999618530273 = 70.6% done in 321.4s, 134.1s to go
on time step 1716 (time=21.45), 0.185165 s/step
Meep progress: 21.725/30.399999618530273 = 71.5% done in 325.4s, 130.0s to go
on time step 1738 (time=21.725), 0.18466 s/step
Meep progress: 22.0/30.399999618530273 = 72.4% done in 329.5s, 125.8s to go
on time step 1760 (time=22), 0.18688 s/step
Meep progress: 22.275000000000002/30.399999618530273 = 73.3% done in 333.6s, 121.7s to go
on time step 1782 (time=22.275), 0.184249 s/step
Meep progress: 22.55/30.399999618530273 = 74.2% done in 337.7s, 117.5s to go
on time step 1804 (time=22.55), 0.184006 s/step
Meep progress: 22.825000000000003/30.399999618530273 = 75.1% done in 341.7s, 113.4s to go
on time step 1826 (time=22.825), 0.184045 s/step
Meep progress: 23.1/30.399999618530273 = 76.0% done in 345.8s, 109.3s to go
on time step 1848 (time=23.1), 0.188576 s/step
Meep progress: 23.375/30.399999618530273 = 76.9% done in 349.9s, 105.2s to go
on time step 1870 (time=23.375), 0.184576 s/step
Meep progress: 23.650000000000002/30.399999618530273 = 77.8% done in 354.0s, 101.0s to go
on time step 1892 (time=23.65), 0.186075 s/step
Meep progress: 23.925/30.399999618530273 = 78.7% done in 358.4s, 97.0s to go
on time step 1914 (time=23.925), 0.200917 s/step
Meep progress: 24.200000000000003/30.399999618530273 = 79.6% done in 362.7s, 92.9s to go
on time step 1936 (time=24.2), 0.19314 s/step
Meep progress: 24.475/30.399999618530273 = 80.5% done in 366.7s, 88.8s to go
on time step 1958 (time=24.475), 0.183803 s/step
Meep progress: 24.75/30.399999618530273 = 81.4% done in 370.8s, 84.6s to go
on time step 1980 (time=24.75), 0.183403 s/step
Meep progress: 25.025000000000002/30.399999618530273 = 82.3% done in 374.9s, 80.5s to go
on time step 2002 (time=25.025), 0.18778 s/step
Meep progress: 25.3/30.399999618530273 = 83.2% done in 378.9s, 76.4s to go
on time step 2024 (time=25.3), 0.183024 s/step
Meep progress: 25.575000000000003/30.399999618530273 = 84.1% done in 383.1s, 72.3s to go
on time step 2046 (time=25.575), 0.190104 s/step
Meep progress: 25.85/30.399999618530273 = 85.0% done in 387.3s, 68.2s to go
on time step 2068 (time=25.85), 0.189235 s/step
Meep progress: 26.125/30.399999618530273 = 85.9% done in 391.5s, 64.1s to go
on time step 2090 (time=26.125), 0.194276 s/step
Meep progress: 26.400000000000002/30.399999618530273 = 86.8% done in 395.6s, 59.9s to go
on time step 2112 (time=26.4), 0.184639 s/step
Meep progress: 26.675/30.399999618530273 = 87.7% done in 399.6s, 55.8s to go
on time step 2134 (time=26.675), 0.183877 s/step
Meep progress: 26.950000000000003/30.399999618530273 = 88.7% done in 403.7s, 51.7s to go
on time step 2156 (time=26.95), 0.183976 s/step
Meep progress: 27.225/30.399999618530273 = 89.6% done in 407.8s, 47.6s to go
on time step 2178 (time=27.225), 0.188481 s/step
Meep progress: 27.5/30.399999618530273 = 90.5% done in 411.9s, 43.4s to go
on time step 2200 (time=27.5), 0.183391 s/step
Meep progress: 27.775000000000002/30.399999618530273 = 91.4% done in 415.9s, 39.3s to go
on time step 2222 (time=27.775), 0.183321 s/step
Meep progress: 28.05/30.399999618530273 = 92.3% done in 420.0s, 35.2s to go
on time step 2244 (time=28.05), 0.188671 s/step
Meep progress: 28.325000000000003/30.399999618530273 = 93.2% done in 424.1s, 31.1s to go
on time step 2266 (time=28.325), 0.186418 s/step
Meep progress: 28.6/30.399999618530273 = 94.1% done in 428.2s, 27.0s to go
on time step 2288 (time=28.6), 0.185981 s/step
Meep progress: 28.875/30.399999618530273 = 95.0% done in 432.3s, 22.8s to go
on time step 2310 (time=28.875), 0.185541 s/step
Meep progress: 29.150000000000002/30.399999618530273 = 95.9% done in 436.5s, 18.7s to go
on time step 2332 (time=29.15), 0.18763 s/step
Meep progress: 29.425/30.399999618530273 = 96.8% done in 440.5s, 14.6s to go
on time step 2354 (time=29.425), 0.183786 s/step
Meep progress: 29.700000000000003/30.399999618530273 = 97.7% done in 444.6s, 10.5s to go
on time step 2376 (time=29.7), 0.184978 s/step
Meep progress: 29.975/30.399999618530273 = 98.6% done in 448.6s, 6.4s to go
on time step 2398 (time=29.975), 0.183905 s/step
Meep progress: 30.25/30.399999618530273 = 99.5% done in 452.8s, 2.2s to go
on time step 2420 (time=30.25), 0.188703 s/step
creating output file "./nanobeam-eps-000030.40.h5"...
creating output file "./nanobeam-ey-000030.40.h5"...
harminv0:, frequency, imag. freq., Q, |amp|, amplitude, error
harminv0:, 1.3826622533249664, 0.0003386991211917127, -2041.1364642164851, 1.66128536857511, 1.6256576736773236+0.3422078372214348i, 3.261171299982258e-05+0.0i
harminv0:, frequency, imag. freq., Q, |amp|, amplitude, error
harminv0:, 1.3818516913458179, 0.0005147533810708634, -1342.246347630678, 1.658495035779865, -1.6176903769546684-0.3656277177878042i, 3.4182929650820455e-05+0.0i
harminv0:, 1.5609146816660506, -0.010172209069255672, 76.72446914130654, 1.1034119528620578, -0.027539007914053597-1.103068239394993i, 0.0004751709447215233+0.0i
run 0 finished at t = 30.400000000000002 (2432 timesteps)
Generating MP4...
flux1:, 1.1764705882352942, 0.0005820925685055009, 0.0005971277624620238, -0.0002012798484210857, -0.0020711456884857115, 0.0021326315722660317
flux1:, 1.1774529451058982, 0.0005966357370647933, 0.0006123138120488132, -0.00020729561923978358, -0.0021823454553218835, 0.0022416128020137367
flux1:, 1.1784353019765021, 0.0006116060167401598, 0.0006279483248870352, -0.00021291876894128346, -0.0023015488437291326, 0.0023589855550760507
flux1:, 1.179417658847106, 0.0006269989076232734, 0.00064402571621475, -0.00021804625204765077, -0.0024309871015263775, 0.0024870361041808655
flux1:, 1.18040001571771, 0.0006428087232817874, 0.0006605390445118391, -0.00022257396505056902, -0.002573179476232247, 0.002628335444997848
flux1:, 1.181382372588314, 0.0006590285724068108, 0.0006774799884588842, -0.00022639833592563198, -0.002730936698371753, 0.0027857415834322582
flux1:, 1.182364729458918, 0.0006756503473314221, 0.0006948388314108098, -0.00022941803136402537, -0.002907361712860459, 0.0029623990341557764
flux1:, 1.183347086329522, 0.0006926647203578548, 0.0007126044543961472, -0.00023153576090528284, -0.003105847555800398, 0.003161735444124235
flux1:, 1.1843294432001257, 0.0007100611488854131, 0.0007307643387099038, -0.00023266015373012903, -0.003330072316527506, 0.0033874552990018256
flux1:, 1.1853118000707297, 0.000727827890381101, 0.0007493045792202516, -0.00023270768062679052, -0.0035839911705288358, 0.0036435307176847873
flux1:, 1.1862941569413337, 0.0007459520282791729, 0.0007682099095554705, -0.00023160459066104102, -0.003871825517362833, 0.003934189389925711
flux1:, 1.1872765138119377, 0.0007644195099270688, 0.0007874637403704416, -0.00022928882943245145, -0.004198049308051169, 0.004263899763446696
flux1:, 1.1882588706825417, 0.0007832151977230024, 0.0008070482119208274, -0.00022571190356431627, -0.004567372697858081, 0.0046373536391486605
flux1:, 1.1892412275531457, 0.0008023229346025364, 0.0008269442621857057, -0.00022084065433618542, -0.004984723211945332, 0.005059446385057456
flux1:, 1.1902235844237494, 0.0008217256250276509, 0.0008471317117752386, -0.00021465890218391373, -0.005455224662094432, 0.005535255030465038
flux1:, 1.1912059412943534, 0.0008414053326261147, 0.0008675893668533426, -0.00020716892324426712, -0.0059841741016143065, 0.006070014550390507
flux1:, 1.1921882981649574, 0.0008613433955861862, 0.000888295141260598, -0.0001983927192614267, -0.006577017151458735, 0.006669092695736109
flux1:, 1.1931706550355614, 0.0008815205608742522, 0.0009092261989821328, -0.00018837304304860977, -0.007239322072678805, 0.007337963765536119
flux1:, 1.1941530119061654, 0.0009019171382710864, 0.000930359118029412, -0.00017717414336507672, -0.007976752997256706, 0.008082181753112221
flux1:, 1.1951353687767692, 0.0009225131751354168, 0.0009516700767123427, -0.0001648821955356694, -0.008795042760490786, 0.008907353327120145
flux1:, 1.1961177256473732, 0.0009432886527034774, 0.0009731350631716029, -0.000151605387440927, -0.009699965802124712, 0.009819111130110698
flux1:, 1.1971000825179772, 0.0009642237045965135, 0.0009947301088962229, -0.00013747363462558637, -0.010697311619785418, 0.010823087890770753
flux1:, 1.1980824393885812, 0.0009852988580705546, 0.0010164315468042075, -0.00012263790320828663, -0.011792859266042843, 0.011924891850517589
flux1:, 1.1990647962591852, 0.0010064952983653969, 0.0010382162942754712, -0.00010726912498416194, -0.012992353379111457, 0.01313008400017804
flux1:, 1.200047153129789, 0.0010277951563244573, 0.001060062161328153, -9.155669554963368e-05, -0.014301482226316177, 0.014444157607583835
flux1:, 1.201029510000393, 0.0010491818192494295, 0.0010819481839071461, -7.570655336990004e-05, -0.015725858218699273, 0.01587252049181714
flux1:, 1.202011866870997, 0.0010706402647211201, 0.0011038549820047954, -5.993884538370929e-05, -0.017271001324522674, 0.017420480464611338
flux1:, 1.202994223741601, 0.0010921574168802218, 0.001125765142078111, -4.4485192866114245e-05, -0.018942325769113654, 0.01909323431424471
flux1:, 1.203976580612205, 0.0011137225243994142, 0.0011476636229446671, -2.9585579757451772e-05, -0.02074513035867302, 0.02089586065244281
flux1:, 1.2049589374828087, 0.0011353275591093365, 0.0011695381840490901, -1.5484894353401344e-05, -0.022684592707322447, 0.022833316881348154
flux1:, 1.2059412943534127, 0.0011569676339625024, 0.001191379834690543, -2.4291640034297468e-06, -0.024765767580246085, 0.024910440466094166
flux1:, 1.2069236512240167, 0.0011786414387346858, 0.0012131833024924762, 9.338468896815328e-06, -0.02699358949279635, 0.027131954620479116
flux1:, 1.2079060080946207, 0.0012003516915799878, 0.0012349475190866488, 1.9581972965218824e-05, -0.02937287962690247, 0.029502478429828775
flux1:, 1.2088883649652247, 0.0012221056042715558, 0.0012566761206721053, 2.8076791396575348e-05, -0.031908357043950404, 0.032026541348301574
flux1:, 1.2098707218358287, 0.001243915358689533, 0.0012783779608111841, 3.4614271221823806e-05, -0.03460465408903729, 0.03470860191936642
flux1:, 1.2108530787064324, 0.0012657985918546782, 0.0013000676325327105, 3.900608004503583e-05, -0.0374663357972801, 0.037553070480031384
flux1:, 1.2118354355770364, 0.0012877788865717915, 0.0013217659965486176, 4.108852664227883e-05, -0.0404979230309682, 0.040564335524250345
flux1:, 1.2128177924476404, 0.0013098862645235443, 0.0013435007121374949, 4.0726697611488856e-05, -0.04370391899871787, 0.04374679332050982
flux1:, 1.2138001493182444, 0.001332157678477071, 0.0013653067670405946, 3.781831944299786e-05, -0.04708883873740369, 0.047104880306252817
flux1:, 1.2147825061888484, 0.0013546375001160724, 0.0013872270025377413, 3.229725407858091e-05, -0.0506572410763372, 0.05064310771924039
flux1:, 1.2157648630594522, 0.0013773779999083865, 0.0014093126297397582, 2.4136536394787434e-05, -0.054413762553916646, 0.05436609787633311
flux1:, 1.2167472199300562, 0.0014004398153665651, 0.0014316237330553527, 1.3350864188029716e-05, -0.058363152721865215, 0.058278621475641626
flux1:, 1.2177295768006602, 0.0014238924040565688, 0.0014542297567635741, -1.5447480907409628e-09, -0.06251031025369634, 0.062385635281019154
flux1:, 1.2187119336712642, 0.0014478144777802324, 0.001477209970671266, -1.5817807929446572e-05, -0.06686031927423894, 0.06669231955060055
flux1:, 1.2196942905418682, 0.0014722944144805387, 0.0015006539109394675, -3.395001745079996e-05, -0.07141848534775823, 0.07120411459542339
flux1:, 1.220676647412472, 0.0014974306446288894, 0.0015246617923569204, -5.4205724964792666e-05, -0.07619037060537688, 0.07592675590188118
flux1:, 1.221659004283076, 0.0015233320091221235, 0.001549344888596024, -7.63493223824734e-05, -0.08118182755878812, 0.08086630732378824
flux1:, 1.22264136115368, 0.001550118086087624, 0.0015748258773498123, -0.00010010435475780369, -0.08639903123811477, 0.08602919194735173
flux1:, 1.223623718024284, 0.0015779194844187418, 0.0016012391476705207, -0.0001251567865951635, -0.09184850940732817, 0.09142222035555007
flux1:, 1.224606074894888, 0.0016068781024061484, 0.0016287310673769506, -0.00015115922607140573, -0.09753717075042377, 0.09705261616680276
flux1:, 1.2255884317654917, 0.0016371473504154803, 0.0016574602089926213, -0.00017773609362398867, -0.10347233108565161, 0.10292803889625828
flux1:, 1.2265707886360957, 0.0016688923372724636, 0.0016875975334029372, -0.00020448970225025995, -0.1096617378512011, 0.10905660438430577
flux1:, 1.2275531455066997, 0.0017022900207737282, 0.0017193265312004241, -0.00023100719701274873, -0.11611359331270815, 0.11544690325458525
flux1:, 1.2285355023773037, 0.0017375293235960077, 0.001752843322571213, -0.0002568682809298124, -0.12283657716772012, 0.12210801809972917
flux1:, 1.2295178592479077, 0.0017748112167961226, 0.0017883567175340435, -0.00028165363405769343, -0.12983986946151493, 0.12904954034388683
flux1:, 1.2305002161185117, 0.0018143487740713718, 0.0018260882393659823, -0.00030495391246802893, -0.13713317497906644, 0.1362815879930788
flux1:, 1.2314825729891155, 0.0018563672010004498, 0.0018662721151532196, -0.0003263791944401158, -0.144726750533583, 0.14381482575183538
flux1:, 1.2324649298597194, 0.00190110384456159, 0.001909155238543759, -0.00034556872291631696, -0.15263143682974498, 0.15166048925354042
flux1:, 1.2334472867303234, 0.0019488081893465762, 0.001954997110970756, -0.00036220077653043514, -0.16085869683131596, 0.15983041541457668
flux1:, 1.2344296436009274, 0.001999741848028565, 0.0020040697688322485, -0.00037600248676741886, -0.16942066280437185, 0.1683370811742963
flux1:, 1.2354120004715314, 0.002054178554778953, 0.002056657705335649, -0.00038675940643500477, -0.17833019443020057, 0.1771936531151832
flux1:, 1.2363943573421352, 0.002112404171463593, 0.0021130577969432907, -0.00039432462505092875, -0.18760095058051945, 0.1864140506647593
flux1:, 1.2373767142127392, 0.0021747167175397964, 0.0021735792455456625, -0.0003986272203292736, -0.1972474775137123, 0.19601302575410262
flux1:, 1.2383590710833432, 0.0022414264356200317, 0.0022385435486393284, -0.00039967983205452636, -0.2072853163775469, 0.20600626194055327
flux1:, 1.2393414279539472, 0.0023128559056433636, 0.0023082845108723725, -0.00039758514554029216, -0.21773113298377406, 0.21641049608640006
flux1:, 1.2403237848245512, 0.0023893402214682745, 0.0023831483113085083, -0.00039254107683763277, -0.22860287284580774, 0.2272436657137279
flux1:, 1.241306141695155, 0.0024712272444552636, 0.002463493641634635, -0.00038484446109075197, -0.23991994443569165, 0.23852508512123552
flux1:, 1.242288498565759, 0.0025588779492265027, 0.002549691931276768, -0.00037489305904306005, -0.2517034335143241, 0.2502756532453511
flux1:, 1.243270855436363, 0.0026526668772378506, 0.0026421276759598113, -0.0003631857147131531, -0.26397635121355695, 0.2625180960691263
flux1:, 1.244253212306967, 0.0027529827140503646, 0.002741198886620306, -0.00035032051970139514, -0.2767639182956548, 0.27527724612368126
flux1:, 1.245235569177571, 0.0028602290062469623, 0.0028473176757602037, -0.0003369908662968803, -0.2900938876803495, 0.2885803612840183
flux1:, 1.2462179260481747, 0.002974825033737513, 0.00296091099824377, -0.0003239793023448787, -0.30399690690969866, 0.3024574846310488
flux1:, 1.2472002829187787, 0.00309720685275811, 0.0030824215632140914, -0.00031214913542883206, -0.3185069217147879, 0.3169418466334258
flux1:, 1.2481826397893827, 0.003227828524143653, 0.003212308933183438, -0.00030243377192785764, -0.33366162125539145, 0.33207031029584716
flux1:, 1.2491649966599867, 0.003367163540438093, 0.0033510508254330526, -0.00029582381745428603, -0.34950292492562274, 0.34788385922629644
flux1:, 1.2501473535305907, 0.0035157064640810283, 0.003499144629617351, -0.00029335200852296866, -0.3660775098586854, 0.36442812779718675
flux1:, 1.2511297104011945, 0.003673974787259914, 0.003657109153891303, -0.0002960760904068706, -0.38343737742651063, 0.38175397171855213
flux1:, 1.2521120672717985, 0.00384251102204686, 0.003825486609967615, -0.00030505980228558984, -0.4016404561217975, 0.3999180764126922
flux1:, 1.2530944241424025, 0.004021885027114709, 0.004004844845228437, -0.000321352177227174, -0.42075123723993985, 0.4189835995879265
flux1:, 1.2540767810130065, 0.004212696574689185, 0.004195779827403157, -0.0003459654104177402, -0.44084143875588483, 0.43902084336429326
flux1:, 1.2550591378836105, 0.0044155781584052055, 0.004398918384339005, -0.0003798515935392383, -0.4619906917291426, 0.4601079502193917
flux1:, 1.2560414947542144, 0.004631198039421008, 0.004614921198061171, -0.00042387865530169044, -0.484287242481846, 0.4823316159114508
flux1:, 1.2570238516248182, 0.0048602635245367995, 0.004844486048672111, -0.00047880588706698346, -0.5078286626969271, 0.5057878114163706
flux1:, 1.2580062084954222, 0.005103524466134231, 0.00508835129964655, -0.0005452594672294712, -0.5327225584916755, 0.5305825048017883
flux1:, 1.2589885653660262, 0.0053617769695768255, 0.005347299611814121, -0.0006237084277221673, -0.5590872684558884, 0.5568323728747804
flux1:, 1.2599709222366302, 0.005635867289287394, 0.005622161868783064, -0.00071444152979172, -0.5870525396228211, 0.5846654913993755
flux1:, 1.2609532791072342, 0.005926695890080985, 0.005913821291780518, -0.0008175455332441696, -0.6167601693855416, 0.6142219917076277
flux1:, 1.261935635977838, 0.006235221645547512, 0.006223217716932913, -0.000932885352936348, -0.6483646005029372, 0.6456546706444454
flux1:, 1.262917992848442, 0.0065624661403637045, 0.006551352002900616, -0.0010600865977781555, -0.6820334555800432, 0.6791295400148399
flux1:, 1.263900349719046, 0.006909518038436793, 0.006899290531583521, -0.0011985209803158049, -0.7179479967773271, 0.7148263010630876
flux1:, 1.26488270658965, 0.007277537473810973, 0.007268169759395344, -0.0013472950686944467, -0.7563034960271958, 0.7529387290309416
flux1:, 1.265865063460254, 0.007667760416328155, 0.007659200771393241, -0.001505242827161031, -0.7973095007295949, 0.7936749525335905
flux1:, 1.266847420330858, 0.008081502959242847, 0.008073673785462372, -0.001670922356122335, -0.8411899797868451, 0.8372576123820297
flux1:, 1.2678297772014617, 0.008520165471374073, 0.008512962548821173, -0.0018426171981606309, -0.8881833349347591, 0.8839238845825018
flux1:, 1.2688121340720657, 0.008985236552034145, 0.008978528564432535, -0.0020183425224864675, -0.938542262651241, 0.9339253525784197
flux1:, 1.2697944909426697, 0.009478296722978325, 0.009471925080557475, -0.0021958564374957145, -0.9925334524881286, 0.987527714377478
flux1:, 1.2707768478132737, 0.010001021788035616, 0.009994800772735117, -0.0023726766099084005, -1.0504371084889614, 1.0450103110425188
flux1:, 1.2717592046838777, 0.010555185788008585, 0.010548903044021892, -0.002546102290154285, -1.1125462814312312, 1.1066654641215548
flux1:, 1.2727415615544815, 0.011142663475937249, 0.011136080866444359, -0.00271324175813692, -1.1791660009737504, 1.172797610961133
flux1:, 1.2737239184250855, 0.011765432235975417, 0.011758287084382932, -0.0028710451122863317, -1.250612198397917, 1.243722228483733
flux1:, 1.2747062752956895, 0.01242557336803891, 0.012417580099127553, -0.0030163422292604726, -1.3272104125013742, 1.3197645379131253
flux1:, 1.2756886321662935, 0.013125272660079975, 0.013116124853157508, -0.003145885623012229, -1.4092942733315388, 1.4012579850952442
flux1:, 1.2766709890368975, 0.013866820170430151, 0.013856193032914634, -0.003256397831814796, -1.497203760817328, 1.4885424934714344
flux1:, 1.2776533459075012, 0.014652609144169776, 0.014640162409996622, -0.0033446228618741153, -1.5912832379593025, 1.5819624894021787
flux1:, 1.2786357027781052, 0.015485133990004233, 0.015470515242884184, -0.0034073811179773632, -1.6918792610469948, 1.6818647023891788
flux1:, 1.2796180596487092, 0.016366987247664982, 0.016349835664543524, -0.0034416271571384633, -1.7993381723659658, 1.7885957457789396
flux1:, 1.2806004165193132, 0.01730085548051527, 0.01728080598562761, -0.0034445095120948597, -1.9140034840030744, 1.9024994867189704
flux1:, 1.2815827733899172, 0.018289514033757358, 0.01826620184847514, -0.003413431749736984, -2.036213064626157, 2.0239142174456277
flux1:, 1.282565130260521, 0.019335820605525616, 0.019308886173793078, -0.0033461138567359825, -2.1662961444615116, 2.1531696433700747
flux1:, 1.283547487131125, 0.020442707586138118, 0.020411801849742877, -0.003240652982782686, -2.30457015708621, 2.2905837068586172
flux1:, 1.284529844001729, 0.02161317312988567, 0.021577963122154518, -0.003095582522195805, -2.451337440034834, 2.4364592690219333
flux1:, 1.285512200872333, 0.02285027093397154, 0.0228104456547823, -0.0029099284792380976, -2.60688181955751, 2.5910806751929774
flux1:, 1.286494557742937, 0.024157098710447873, 0.024112375239762524, -0.002683262042118872, -2.7714651080989565, 2.754710233035783
flux1:, 1.2874769146135407, 0.02553678534929777, 0.025486915150815997, -0.0024157472869206493, -2.945323546149379, 2.9275846353247776
flux1:, 1.2884592714841447, 0.026992476783977072, 0.02693725214504996, -0.0021081829464531703, -3.1286642229926604, 3.10991136232913
flux1:, 1.2894416283547487, 0.028527320584803905, 0.02846658113350381, -0.001762037210544029, -3.321661513496689, 3.3018651013599776
flux1:, 1.2904239852253527, 0.030144449320365745, 0.030078088555655226, -0.0013794745749955845, -3.5244535703976085, 3.503584223351588
flux1:, 1.2914063420959567, 0.03184696274251152, 0.03177493450886071, -0.0009633738251451805, -3.7371389134763553, 3.7151673582861253
flux1:, 1.2923886989665605, 0.033637908866448095, 0.03356023370009687, -0.0005173363276320072, -3.9597731585647917, 3.936670112799553
flux1:, 1.2933710558371645, 0.0355202640336581, 0.035437035304073, -4.568390962900702e-05, -4.1923659304012535, 4.168101974369071
flux1:, 1.2943534127077685, 0.03749691206184491, 0.037408301828858764, 0.00044655427258560865, -4.434878003940773, 4.409423447039027
flux1:, 1.2953357695783725, 0.03957062260251972, 0.039476887107234813, 0.0009536663348888056, -4.68721871878145, 4.6605434636637
flux1:, 1.2963181264489765, 0.041744028843132094, 0.041645513548979544, 0.0014692940421589147, -4.949243710853877, 4.921317119089214
flux1:, 1.2973004833195805, 0.04401960470652976, 0.0439167488059782, 0.00198648110032442, -5.2207530044230355, 5.191543767548848
flux1:, 1.2982828401901843, 0.04639964171584375, 0.046292982018190994, 0.0024977333261492346, -5.5014895057398485, 5.470965525776876
flux1:, 1.2992651970607882, 0.048886225707428906, 0.04877639982395423, 0.002995090472069438, -5.791137937357894, 5.759266220964145
flux1:, 1.3002475539313922, 0.05148121358799716, 0.05136896233253232, 0.003470209292238055, -6.089324249177761, 6.056070819658833
flux1:, 1.3012299108019962, 0.05418621034439241, 0.05407237927014218, 0.003914457241962323, -6.395615538726873, 6.360945370085344
flux1:, 1.3022122676726002, 0.057002546525317936, 0.056888086522537795, 0.004319016008671947, -6.709520509017933, 6.6733974861215515
flux1:, 1.303194624543204, 0.059931256423532094, 0.05981722330748672, 0.004674993881712905, -7.0304904875983505, 6.992877396360685
flux1:, 1.304176981413808, 0.06297305719440913, 0.0628606102189006, 0.0049735457838490935, -7.3579210251267435, 7.318779576333399
flux1:, 1.305159338284412, 0.06612832915206462, 0.0660187283907168, 0.005205999612483633, -7.691154086041907, 7.650444976115292
flux1:, 1.306141695155016, 0.06939709748733465, 0.06929170003276701, 0.005363987376557536, -8.029480837672862, 7.987163849251917
flux1:, 1.30712405202562, 0.07277901565256904, 0.07267927059254105, 0.005439579469067013, -8.372145037531919, 8.328179182254468
flux1:, 1.308106408896224, 0.07627335065631774, 0.07618079279584924, 0.005425420288288591, -8.718347011621669, 8.672690716935824
flux1:, 1.3090887657668278, 0.07987897050646027, 0.07979521281578851, 0.005314863315191584, -9.067248209422406, 9.019859550629542
flux1:, 1.3100711226374318, 0.08359433403292052, 0.08352105881287182, 0.005102103674370901, -9.41797631391501, 9.368813291967841
flux1:, 1.3110534795080357, 0.08741748331094046, 0.0873564320798073, 0.004782306151293936, -9.769630877613567, 9.718651742459693
flux1:, 1.3120358363786397, 0.09134603889270498, 0.09129900101193648, 0.00435172661364687, -10.121289448228467, 10.068453066720808
flux1:, 1.3130181932492437, 0.09537719803901508, 0.09534599810885595, 0.003807824789401738, -10.472014140350298, 10.417280406944705
flux1:, 1.3140005501198475, 0.09950773612368823, 0.09949422019422516, 0.003149366390771114, -10.820858602542204, 10.764188890185443
flux1:, 1.3149829069904515, 0.10373401136143004, 0.10374003201920631, 0.0023765126412680013, -11.166875322553802, 11.108232970338634
flux1:, 1.3159652638610555, 0.1080519729852147, 0.1080793733905153, 0.0014908953644733255, -11.509123207118646, 11.448474040465431
flux1:, 1.3169476207316595, 0.1124571729717569, 0.11250776993671677, 0.0004956759250144081, -11.846675367077987, 11.783988245405183
flux1:, 1.3179299776022635, 0.11694478138377153, 0.11702034759645376, -0.0006044135232204841, -12.178627033481229, 12.113874419561569
flux1:, 1.3189123344728673, 0.12150960536535947, 0.12161185087974799, -0.001803047833733194, -12.504103525926494, 12.437262070409494
flux1:, 1.3198946913434713, 0.1261461117925169, 0.1262766649187884, -0.0030923068393833436, -12.822268190834178, 12.75331932475857
flux1:, 1.3208770482140753, 0.13084845354450064, 0.13100884128782506, -0.00446269438362544, -13.132330224637165, 13.061260752177832
flux1:, 1.3218594050846793, 0.1356104993240223, 0.13580212753332332, -0.005903179025894382, -13.433552295132168, 13.360354978330024
flux1:, 1.3228417619552832, 0.1404258669152823, 0.14065000031567484, -0.007401256747677469, -13.725257873479613, 13.649932000306388
flux1:, 1.323824118825887, 0.14528795972898328, 0.14554570202285913, -0.008943035682570643, -14.006838189652049, 13.929390116480436
flux1:, 1.324806475696491, 0.15019000644333394, 0.15048228067507294, -0.010513342578705768, -14.277758725526544, 14.19820238490466
flux1:, 1.325788832567095, 0.15512510350966896, 0.15545263289759412, -0.01209585038091686, -14.537565162315797, 14.455922526911362
flux1:, 1.326771189437699, 0.16008626025157102, 0.1604495496978452, -0.013673225996605552, -14.785888702645419, 14.702190196318378
flux1:, 1.327753546308303, 0.16506644624738867, 0.16546576474193744, -0.015227296989187207, -15.022450692309258, 14.936735539507284
flux1:, 1.3287359031789068, 0.17005864064851187, 0.170494004786611, -0.01673923563044362, -15.247066472526978, 15.159382977574964
flux1:, 1.3297182600495108, 0.175055883049968, 0.17552704188471677, -0.018189758444289956, -15.459648400369096, 15.370054148743778
flux1:, 1.3307006169201148, 0.18005132549657168, 0.18055774694697607, -0.019559339092517298, -15.660207982838646, 15.568769957178446
flux1:, 1.3316829737907188, 0.18503828517725385, 0.18557914420997815, -0.02082843219542389, -15.848857078831005, 15.755651683230873
flux1:, 1.3326653306613228, 0.19001029733284763, 0.1905844661307713, -0.021977705448446204, -16.025808132763412, 15.930921119832142
flux1:, 1.3336476875319265, 0.19496116787917933, 0.19556720820263898, -0.022988277197352136, -16.191373413953343, 16.094899710164327
flux1:, 1.3346300444025305, 0.19988502522781185, 0.20052118316482462, -0.023841956470538366, -16.345963246743228, 16.248006672775755
flux1:, 1.3356124012731345, 0.20477637077215227, 0.20544057406193925, -0.024521482343010624, -16.490083227764472, 16.390756111796478
flux1:, 1.3365947581437385, 0.20963012749677606, 0.21031998559656645, -0.02501075942433268, -16.62433043850593, 16.523753121772984
flux1:, 1.3375771150143425, 0.21444168616344866, 0.21515449321187122, -0.025295086225161023, -16.74938867332231, 16.647688908672922
flux1:, 1.3385594718849465, 0.21920694852840106, 0.21993968933981423, -0.025361373165977953, -16.86602271506369, 16.763334960723448
flux1:, 1.3395418287555503, 0.22392236705256496, 0.22467172625552004, -0.0251983470473817, -16.975071702465005, 16.871536314711424
flux1:, 1.3405241856261543, 0.2285849805794954, 0.22934735498928194, -0.024796738904981363, -17.07744164513339, 16.973203975110415
flux1:, 1.3415065424967583, 0.23319244547505935, 0.23396395976506623, -0.024149452323432265, -17.17409715327708, 17.069306554670455
flux1:, 1.3424888993673623, 0.23774306174852183, 0.23851958745814078, -0.023251709480823446, -17.266052460043984, 17.160861215818663
flux1:, 1.3434712562379663, 0.24223579370649206, 0.24301297159465007, -0.022101172436301865, -17.354361824364407, 17.248924002168035
flux1:, 1.34445361310857, 0.24667028472927793, 0.24744355045263375, -0.020698037456995784, -17.440109411324478, 17.33457965850666
flux1:, 1.345435969979174, 0.25104686580319563, 0.2518114788668095, -0.019045100501391327, -17.52439875525088, 17.41893104567316
flux1:, 1.346418326849778, 0.25536655749243614, 0.25611763338853233, -0.017147792332535515, -17.608341917674228, 17.50308826360514
flux1:, 1.347400683720382, 0.2596310650894995, 0.2603636105071093, -0.015014182119108908, -17.693048458095216, 17.588157601447726
flux1:, 1.348383040590986, 0.2638427667439007, 0.26455171769895336, -0.012654948792937794, -17.77961433985762, 17.675230437839037
flux1:, 1.34936539746159, 0.26800469443428704, 0.2686849571364015, -0.010083319859816881, -17.869110896374735, 17.76537221724269
flux1:, 1.3503477543321938, 0.27212050771874224, 0.2727670019579099, -0.007314977802191432, -17.962573984382598, 17.859611629438962
flux1:, 1.3513301112027978, 0.27619446027133676, 0.2768021650751781, -0.004367934660088082, -18.060993450746643, 17.958930118928645
flux1:, 1.3523124680734018, 0.28023135928931775, 0.2807953605699616, -0.0012623758242883629, -18.16530303761897, 18.06425184905583
flux1:, 1.3532948249440058, 0.2842365179338755, 0.28475205781311397, 0.0019795254833171773, -18.2763708473916, 18.176434242082124
flux1:, 1.3542771818146098, 0.288215701047621, 0.28867822852015834, 0.005333821140346973, -18.394990483958033, 18.29625921128781
flux1:, 1.3552595386852135, 0.2921750644726347, 0.2925802870402871, 0.008775026156491308, -18.521872980299808, 18.42442519444034
flux1:, 1.3562418955558175, 0.29612108837377904, 0.29646502425873705, 0.012276379119010274, -18.65763961441308, 18.561540089754512
flux1:, 1.3572242524264215, 0.3000605050515093, 0.30033953557459575, 0.015810122014563822, -18.802815706165088, 18.70811518581367
flux1:, 1.3582066092970255, 0.30400022180626335, 0.30421114349672, 0.019347796081667756, -18.957825476918305, 18.864560165963447
flux1:, 1.3591889661676295, 0.30794723949133307, 0.3080873154784373, 0.022860550082555824, -19.122988041801538, 19.031179255530052
flux1:, 1.3601713230382333, 0.3119085674621698, 0.31197557768611045, 0.026319457166331828, -19.2985145914629, 19.20816856699097
flux1:, 1.3611536799088373, 0.3158911356964813, 0.31588342546669085, 0.029695836329702012, -19.48450680620331, 19.395614684117298
flux1:, 1.3621360367794413, 0.3199017049201482, 0.3198182313438895, 0.03296157437123006, -19.680956530665956, 19.593494511258175
flux1:, 1.3631183936500453, 0.3239467756281853, 0.32378715143083836, 0.036089444183664075, -19.887746722006145, 19.801676398549315
flux1:, 1.3641007505206493, 0.32803249693680125, 0.32779703119811016, 0.039053415233591564, -20.10465366880095, 20.0199225380918
flux1:, 1.365083107391253, 0.33216457624123785, 0.331854311578893, 0.04182895214513287, -20.331350462148542, 20.247892610260738
flux1:, 1.366065464261857, 0.336348190683843, 0.3359649364272925, 0.04439329742785527, -20.567411684605187, 20.48514864348259
flux1:, 1.367047821132461, 0.3405879014569427, 0.34013426237025557, 0.04672573457333673, -20.81231926706279, 20.73116103526327
flux1:, 1.368030178003065, 0.3448875719751609, 0.3443669721080968, 0.04880782798157759, -21.065469448554893, 20.98531566718413
flux1:, 1.369012534873669, 0.3492502909510997, 0.3486669922223271, 0.05062363647110918, -21.326180759532033, 21.246922032183246
flux1:, 1.3699948917442728, 0.3536783013965984, 0.3530374165419988, 0.052159897464617494, -21.59370293554385, 21.51522227894881
flux1:, 1.3709772486148768, 0.3581729365487218, 0.3574804361009856, 0.053406179326913314, -21.8672266557025, 21.78940106581123
flux1:, 1.3719596054854808, 0.3627345636849988, 0.36199727668791437, 0.05435499975278332, -22.14589398896015, 22.068596105344938
flux1:, 1.3729419623560848, 0.3673625367462308, 0.3665881449481185, 0.055001908557793425, -22.4288094212883, 22.351909271130445
flux1:, 1.3739243192266888, 0.3720551586274794, 0.37125218394278864, 0.05534553370487122, -22.715051328405252, 22.638418129908484
flux1:, 1.3749066760972926, 0.37680965392872084, 0.37598743900461534, 0.05538758989900668, -23.00368375194738, 22.927187755841153
flux1:, 1.3758890329678966, 0.3816221528766678, 0.3807908346521827, 0.05513284959286077, -23.293768331975816, 23.217282678867065
flux1:, 1.3768713898385005, 0.386487687038545, 0.3856581632371765, 0.05458907676076023, -23.584376245565622, 23.50777881625229
flux1:, 1.3778537467091045, 0.39140019734809434, 0.390584085900116, 0.053766924309360566, -23.874599999988227, 23.797775235521783
flux1:, 1.3788361035797085, 0.39635255485418913, 0.39556214630215025, 0.05267979649218579, -24.163564929712035, 24.086405597951043
flux1:, 1.3798184604503125, 0.40133659448424996, 0.4005847974835214, 0.05134367817621509, -24.45044024910815, 24.37284913479662
flux1:, 1.3808008173209163, 0.4063431619889058, 0.4056434420742993, 0.049776933262191, -24.73444951735831, 24.656341013336863
flux1:, 1.3817831741915203, 0.41136217410235, 0.4107284859513305, 0.04800007498235198, -25.01488037855378, 24.936181956623393
flux1:, 1.3827655310621243, 0.41638269181553345, 0.41582940529771667, 0.046035511179836, -25.291093448292955, 25.211746989452884
flux1:, 1.3837478879327283, 0.4213930065181871, 0.42093482687928435, 0.0439072680129674, -25.562530228147896, 25.482493193418208
flux1:, 1.3847302448033323, 0.42638073862196063, 0.42603262120745167, 0.04164069581159068, -25.828719941006373, 25.747966365813944
flux1:, 1.3857126016739363, 0.43133294813206663, 0.4311100081111964, 0.03926216104751557, -26.08928519344089, 26.007806490580947
flux1:, 1.38669495854454, 0.43623625649033426, 0.43615367409395583, 0.036798728554252993, -26.343946385667564, 26.26175194408908
flux1:, 1.387677315415144, 0.44107697887000047, 0.4411499007058566, 0.034277838245658554, -26.592524805221608, 26.50964237435813
flux1:, 1.388659672285748, 0.44584126596336143, 0.4460847030190655, 0.031726980636975155, -26.834944356943183, 26.751420208918148
flux1:, 1.389642029156352, 0.4505152541693508, 0.45094397715612367, 0.029173375459650173, -27.07123189905571, 26.987130763872337
flux1:, 1.390624386026956, 0.45508522296053877, 0.45571365568925987, 0.02664365759128485, -27.301516172804533, 27.216920944476833
flux1:, 1.3916067428975598, 0.45953775808969965, 0.46037986960453126, 0.024163574388879, -27.526025331053383, 27.44103654557526
flux1:, 1.3925890997681638, 0.46385991918636804, 0.4649291154098134, 0.02175769832194479, -27.745083089211118, 27.659818178189113
flux1:, 1.3935714566387678, 0.4680394101951677, 0.46934842586147235, 0.019449158556591434, -27.959103539612588, 27.8736958663321
flux1:, 1.3945538135093718, 0.4720647510216141, 0.4736255426926975, 0.017259394844147555, -28.168584687786375, 28.083182375340357
flux1:, 1.3955361703799758, 0.47592544867869985, 0.4777490896479738, 0.015207936723668332, -28.374100785689535, 28.28886534956761
flux1:, 1.3965185272505796, 0.47961216617011726, 0.4817087440644098, 0.013312210664030821, -28.576293552724493, 28.491398352891068
flux1:, 1.3975008841211836, 0.48311688730468016, 0.48549540519292383, 0.011587377351100825, -28.775862390000693, 28.691490919940176
flux1:, 1.3984832409917876, 0.48643307561188853, 0.4891013574210389, 0.01004620087910453, -28.973553706642896, 28.88989773909291
flux1:, 1.3994655978623916, 0.48955582552186533, 0.4925204265457688, 0.008698951136344286, -29.17014948881714, 29.087407099896044
flux1:, 1.4004479547329955, 0.49248200398434977, 0.4957481272498417, 0.007553340193694372, -29.36645525236998, 29.28482874752852
flux1:, 1.4014303116035993, 0.49521038073164, 0.4987817999582313, 0.006614493015900745, -29.56328752843575, 29.48298129507986
flux1:, 1.4024126684742033, 0.49774174543952626, 0.5016207352946355, 0.005884952328630219, -29.761461037944244, 29.68267935066051
flux1:, 1.4033950253448073, 0.5000790101084597, 0.5042662844195064, 0.005364716995318777, -29.96177571553999, 29.88472052062059
flux1:, 1.4043773822154113, 0.5022272950741928, 0.5067219536122697, 0.005051312795845246, -30.165003746001965, 30.089872452349844
flux1:, 1.4053597390860153, 0.504193997162723, 0.5089934815601748, 0.004939894058329411, -30.371876776719784, 30.298860080268856
flux1:, 1.406342095956619, 0.5059888386278857, 0.511088897934446, 0.0050233741836854875, -30.583073468203118, 30.512353236649574
flux1:, 1.407324452827223, 0.5076238956507114, 0.5130185619702083, 0.005292582729053037, -30.799207540931825, 30.730954784902735
flux1:, 1.408306809697827, 0.5091136053366887, 0.5147951799191377, 0.005736446376054312, -31.02081647120624, 30.955189426935426
flux1:, 1.409289166568431, 0.5104747503193466, 0.5164338004121233, 0.0063421908230729684, -31.248350981026935, 31.185493328251734
flux1:, 1.410271523439035, 0.511726420264497, 0.5179517869516597, 0.00709556039511379, -31.482165457613867, 31.422204694694635
flux1:, 1.4112538803096388, 0.5128899497679233, 0.5193687669492107, 0.007981051974999792, -31.722509427002397, 31.665555423273386
flux1:, 1.4122362371802428, 0.5139888323483665, 0.5207065569296551, 0.008982159721778182, -31.969520193423033, 31.915663936520403
flux1:, 1.4132185940508468, 0.5150486104555402, 0.5219890637410454, 0.010081626960061332, -32.22321674205642, 32.17252929545284
flux1:, 1.4142009509214508, 0.5160967416377773, 0.5232421618318803, 0.011261701595440432, -32.48349498739018, 32.43602667066145
flux1:, 1.4151833077920548, 0.5171624412437752, 0.5244935468875727, 0.012504391438692884, -32.750124433050765, 32.70590423450952
flux1:, 1.4161656646626586, 0.5182765022651928, 0.5257725663504377, 0.013791715902027227, -33.02274629180094, 32.98178152012841
flux1:, 1.4171480215332626, 0.5194710931600682, 0.5271100275818058, 0.015105950659976497, -33.30087309664956, 33.26314927506223
flux1:, 1.4181303784038666, 0.5207795347280547, 0.5285379846575513, 0.016429862047994327, -33.58388981589073, 33.54937081923998
flux1:, 1.4191127352744706, 0.5222360573357419, 0.5300895050180133, 0.017746928193281532, -33.87105646667674, 33.839684898742945
flux1:, 1.4200950921450746, 0.5238755400109053, 0.5317984174168828, 0.019041544134813668, -34.16151220358478, 34.13321000874698
flux1:, 1.4210774490156786, 0.5257332331366638, 0.533699042829401, 0.020299208487501934, -34.45428084086134, 34.428950141313386
flux1:, 1.4220598058862823, 0.527844466677384, 0.5358259101853626, 0.02150668953033478, -34.74827774980386, 34.725801896627864
flux1:, 1.4230421627568863, 0.5302443460560909, 0.5382134589851957, 0.02265216894937551, -35.042318056293034, 35.02256288000093
flux1:, 1.4240245196274903, 0.5329674379755847, 0.5408957310351263, 0.02372536183320567, -35.33512604802073, 35.31794129169095
flux1:, 1.4250068764980943, 0.53604744863068, 0.5439060536985826, 0.024717611897229194, -35.625345686681996, 35.610566602564006
flux1:, 1.4259892333686983, 0.5395168968950047, 0.5472767172032887, 0.02562196129721666, -35.91155210742629, 35.89900119593346
flux1:, 1.4269715902393023, 0.5434067851808885, 0.551038648665263, 0.026433194774770158, -36.192263976444536, 36.18175284476403
flux1:, 1.427953947109906, 0.5477462707635623, 0.5552210855906831, 0.027147858253673704, -36.46595656771908, 36.45728788394127
flux1:, 1.42893630398051, 0.5525623404298061, 0.5598512516927737, 0.027764252369292808, -36.73107541190418, 36.72404492955893
flux1:, 1.429918660851114, 0.5578794913551437, 0.5649540379123792, 0.028282401756580297, -36.986050364066635, 36.98044899129187
flux1:, 1.430901017721718, 0.5637194211318771, 0.5705516915567015, 0.028704001246990338, -37.22930993263582, 37.22492581993645
flux1:, 1.431883374592322, 0.5701007298619262, 0.5766635164701814, 0.029032340415688467, -37.45929570953415, 37.45591633012257
flux1:, 1.4328657314629258, 0.5770386371932309, 0.5833055871239802, 0.02927220818746, -37.67447674095109, 37.671890938117365
flux1:, 1.4338480883335298, 0.584544717116148, 0.5904904794560394, 0.02942977943492972, -37.87336367970847, 37.871363656430866
flux1:, 1.4348304452041338, 0.5926266532471165, 0.598227021212055, 0.029512485697743805, -38.054522563522326, 38.05290579063634
flux1:, 1.4358128020747378, 0.6012880172108831, 0.6065200644292744, 0.029528872302318765, -38.216588068671165, 38.21515908935308
flux1:, 1.4367951589453418, 0.610528072590978, 0.6153702825705537, 0.029488444276299465, -38.35827609553614, 38.356848205570515
flux1:, 1.4377775158159456, 0.6203416067510414, 0.624773994656035, 0.029401503524379362, -38.47839555109329, 38.47679233639171
flux1:, 1.4387598726865496, 0.6307187926390528, 0.634723018555727, 0.02927897976387602, -38.57585920359652, 38.573915918642555
flux1:, 1.4397422295571536, 0.6416450824730305, 0.6452045553990695, 0.02913225771532061, -38.649693496203525, 38.64725826953337
flux1:, 1.4407245864277576, 0.6531011349728442, 0.6562011068292186, 0.028973002995253933, -38.69904721908371, 38.695982074501245
flux1:, 1.4417069432983616, 0.6650627775494123, 0.6676904265817218, 0.028812989083417423, -38.723198953372666, 38.7193806382893
flux1:, 1.4426893001689653, 0.6775010045926775, 0.6796455076019724, 0.028663927622311805, -38.72156321505102, 38.71688383015417
flux1:, 1.4436716570395693, 0.6903820127149463, 0.6920346056351172, 0.02853730416653323, -38.69369524224186, 38.68806266951867
flux1:, 1.4446540139101733, 0.7036672735090501, 0.7048212999284077, 0.028444221333482442, -38.63929438531206, 38.63263251429135
flux1:, 1.4456363707807773, 0.7173136440745006, 0.717964591382533, 0.028395251115979916, -38.55820607538482, 38.55045483025395
flux1:, 1.4466187276513813, 0.7312735152508789, 0.7314190381766922, 0.02840029791210505, -38.45042236316504, 38.44153753612391
flux1:, 1.447601084521985, 0.7454949971800486, 0.7451349285759821, 0.028468473606420623, -38.316081036184976, 38.30603393499207
flux1:, 1.448583441392589, 0.7599221414999063, 0.7590584903116104, 0.028607985806658576, -38.15546333849259, 38.14424025858526
flux1:, 1.449565798263193, 0.774495199154625, 0.7731321356068047, 0.028826040105893513, -37.96899033224448, 37.95659186605444
flux1:, 1.450548155133797, 0.7891509124937252, 0.7872947406080726, 0.02912875700384327, -37.75721795544237, 37.743658153543294
flux1:, 1.451530512004401, 0.803822840026659, 0.8014819576745946, 0.029521103889625047, -37.52083084399773, 37.506136244490655
flux1:, 1.4525128688750049, 0.8184417119045838, 0.8156265586816231, 0.03000684226263286, -37.26063499929967, 37.24484354333876
flux1:, 1.4534952257456089, 0.8329358139186872, 0.8296588072089013, 0.03058849015390898, -36.977549394323404, 36.96070924687877
flux1:, 1.4544775826162128, 0.8472313975383944, 0.8435068572159311, 0.03126729951025528, -36.67259662191219, 36.65476491778772
flux1:, 1.4554599394868168, 0.8612531132647163, 0.8570971755541247, 0.032043248117975334, -36.3468926981701, 36.328134233861775
flux1:, 1.4564422963574208, 0.8749244643467029, 0.8703549854343323, 0.03291504547967853, -36.001636141711614, 35.982022033977934
flux1:, 1.4574246532280246, 0.8881682777048393, 0.8832047277592922, 0.03388015191150318, -35.63809645586477, 35.617702787829366
flux1:, 1.4584070100986286, 0.9009071887260965, 0.8955705370461934, 0.03493481000579005, -35.257602145688004, 35.23650862093909
flux1:, 1.4593893669692326, 0.9130641364425466, 0.9073767285061829, 0.036074087504812065, -34.86152840486002, 34.83981702936365
flux1:, 1.4603717238398366, 0.9245628654819062, 0.9185482927179085, 0.037291930554005995, -34.45128460909426, 34.42903841978559
flux1:, 1.4613540807104406, 0.9353284310835962, 0.929011394231314, 0.03858122624959422, -34.028301752736276, 34.00560361046035
flux1:, 1.4623364375810444, 0.9452877034105169, 0.9386938703677513, 0.03993387336412499, -33.59401996365003, 33.57095142666341
flux1:, 1.4633187944516486, 0.9543698673544158, 0.9475257264434969, 0.04134086012298406, -33.14987622843515, 33.126516521013784
flux1:, 1.4643011513222524, 0.9625069140325502, 0.9554396236366394, 0.04279234791568154, -32.697292455486, 32.67371754433702
flux1:, 1.4652835081928564, 0.969634120205381, 0.9623713557422884, 0.04427775985283124, -32.23766399751424, 32.21394578666443
flux1:, 1.4662658650634603, 0.9756905119085382, 0.968260311117652, 0.045785873123885, -31.77234874797579, 31.74855440069006
flux1:, 1.4672482219340643, 0.980619308688159, 0.9730499162072651, 0.04730491416930095, -31.302656917484175, 31.27884831153116
flux1:, 1.4682305788046683, 0.9843683449547234, 0.9766880571578327, 0.04882265574852859, -30.82984158687523, 30.806074907196226
flux1:, 1.4692129356752721, 0.9868904651266039, 0.97912747618151, 0.05032651506392438, -30.355090123252776, 30.33141559378443
flux1:, 1.470195292545876, 0.9881438894194546, 0.9803261395046649, 0.05180365218405226, -29.87951653417689, 29.855978288331457
flux1:, 1.47117764941648, 0.9880925473489712, 0.9802475739443121, 0.05324106809665899, -29.40415482339178, 29.380790910457407
flux1:, 1.472160006287084, 0.9867063762516894, 0.9788611693855055, 0.05462570180987118, -28.929953399147312, 28.906795921768133
flux1:, 1.473142363157688, 0.9839615823884197, 0.9761424446870882, 0.05594452600592321, -28.457770573542447, 28.434845949417294
flux1:, 1.4741247200282919, 0.9798408624760405, 0.9720732748190656, 0.05718464083413434, -27.988371178415875, 27.965700517503915
flux1:, 1.4751070768988959, 0.9743335837928964, 0.9666420773293842, 0.05833336550587622, -27.522424310401927, 27.50002389723909
flux1:, 1.4760894337694999, 0.9674359213184336, 0.9598439565487918, 0.05937832742278319, -27.06050220491424, 27.038384074170395
flux1:, 1.4770717906401039, 0.9591509506964273, 0.9516808042670881, 0.06030754862834809, -26.603080226232148, 26.581252818358696
flux1:, 1.4780541475107078, 0.9494886961499209, 0.9421613559493455, 0.06110952942179647, -26.150537948602654, 26.12900683141068
flux1:, 1.4790365043813116, 0.9384661328224375, 0.9313012019039464, 0.06177332901026988, -25.703161291557333, 25.68192993276545
flux1:, 1.4800188612519156, 0.9261071433703526, 0.9191227531622008, 0.06228864310127801, -25.26114566151232, 25.24021623678397
flux1:, 1.4810012181225196, 0.9124424289836047, 0.9056551621794255, 0.06264587835036874, -24.824600041350692, 24.80397426206852
flux1:, 1.4819835749931236, 0.8975093753615533, 0.8909341988156664, 0.06283622358204208, -24.39355196013898, 24.37323190514521
flux1:, 1.4829659318637276, 0.881351874516783, 0.8750020823991381, 0.06285171769201307, -23.967953266512254, 23.94794220228874
flux1:, 1.4839482887343314, 0.8640201036167786, 0.8579072710122507, 0.06268531412077277, -23.547686621664038, 23.52798979590191
flux1:, 1.4849306456049354, 0.8455702624007513, 0.8397042094674723, 0.06233094175952432, -23.132572621322147, 23.113198015552832
flux1:, 1.4859130024755394, 0.8260642710226662, 0.8204530377546865, 0.06178356211518965, -22.72237745069694, 22.703336478585292
flux1:, 1.4868953593461434, 0.8055694304688826, 0.8002192620401041, 0.06103922251874676, -22.316820972117682, 22.298129111146768
flux1:, 1.4878777162167474, 0.7841580479782934, 0.779073390577849, 0.060095105117203826, -21.915585142026114, 21.897262487612412
flux1:, 1.4888600730873511, 0.7619070301513431, 0.7570905371557867, 0.058949571341299814, -21.518322652121284, 21.50039438465535
flux1:, 1.4898424299579551, 0.7388974466694744, 0.7343499949348103, 0.057602201494339186, -21.124665688791787, 21.107162445681297
flux1:, 1.4908247868285591, 0.7152140677579457, 0.710934783754901, 0.056053829063246643, -20.734234705484567, 20.717192851970076
flux1:, 1.4918071436991631, 0.6909448787088665, 0.6869311741684413, 0.05430656931085159, -20.34664710434353, 20.330108898595466
flux1:, 1.4927895005697671, 0.6661805749384447, 0.6624281916218412, 0.05236384167520338, -19.961525726234875, 19.94553937604928
flux1:, 1.4937718574403709, 0.6410140411799788, 0.6375171043378339, 0.0502303854743376, -19.57850705214996, 19.563126662355565
flux1:, 1.4947542143109749, 0.6155398185122036, 0.612290898552946, 0.04791226839870916, -19.197249023831127, 19.182534435317596
flux1:, 1.4957365711815789, 0.5898535629905838, 0.5868437448368476, 0.04541688726764932, -18.817438397284366, 18.803454920296982
flux1:, 1.4967189280521829, 0.5640514996858134, 0.5612704592613723, 0.042752960533324266, -18.43879754949324, 18.425615595515353
flux1:, 1.4977012849227869, 0.5382298759405846, 0.5356659631983467, 0.0399305120360305, -18.061090666084667, 18.048785284202026
flux1:, 1.4986836417933906, 0.5124844176315145, 0.510124745505896, 0.03696084554904285, -17.684129245808226, 17.672779570899827
flux1:, 1.4996659986639946, 0.48690979216905583, 0.4847403308134816, 0.03385650970012694, -17.30777686637021, 17.297465487780542
flux1:, 1.5006483555345986, 0.461599081885374, 0.45960475753790364, 0.030631252920377956, -16.931953165324362, 16.922765425828203
flux1:, 1.5016307124052026, 0.4366432713487247, 0.4348080691557154, 0.027299968147856624, -16.556636999253744, 16.54866023509535
flux1:, 1.5026130692758066, 0.41213075200485116, 0.41043782212422736, 0.023878627105256074, -16.181868754254317, 16.175191487833906
flux1:, 1.5035954261464104, 0.38814684738236954, 0.3865786136842984, 0.020384204073090335, -15.807751790672427, 15.802462888047025
flux1:, 1.5045777830170146, 0.3647733619119336, 0.3633116325954673, 0.016834589195299843, -15.43445301501813, 15.430640820773997
flux1:, 1.5055601398876184, 0.34208815619993654, 0.3407142356492709, 0.013248491477220532, -15.062202581886472, 15.059954044124737
flux1:, 1.5065424967582224, 0.32016475136832473, 0.3188595525816316, 0.009645331768377903, -14.691292738441819, 14.690692536607768
flux1:, 1.5075248536288264, 0.2990719648261979, 0.2978161217632949, 0.006045126159279199, -14.322075833489281, 14.323205521556593
flux1:, 1.5085072104994304, 0.2788735795765316, 0.2776475587887096, 0.0024683603624624448, -13.954961522231287, 13.957898699347155
flux1:, 1.5094895673700344, 0.2596280488869371, 0.2584122598129422, -0.0010641442105613283, -13.590413206429346, 13.595230726537327
flux1:, 1.5104719242406381, 0.24138823786824531, 0.24016314120430843, -0.004531371824556943, -13.228943757757609, 13.235708988960821
flux1:, 1.5114542811112421, 0.2242012032117417, 0.2229474167905447, -0.00791226025979518, -12.871110579579701, 12.879884723092683
flux1:, 1.5124366379818461, 0.20810801203760543, 0.20680641368077246, -0.011185853998053184, -12.517510069111319, 12.528347546605014
flux1:, 1.5134189948524501, 0.19314360050601767, 0.19177542734690808, -0.014331461517384986, -12.168771547910657, 12.181719464895082
flux1:, 1.5144013517230541, 0.17933667254144484, 0.1778836163493734, -0.017328815349010648, -11.825550733808623, 11.840648425431771
flux1:, 1.515383708593658, 0.16670963872145023, 0.16515393679467086, -0.02015823345468774, -11.488522831677393, 11.505801495995563
flux1:, 1.516366065464262, 0.1552785950875294, 0.15360311632009793, -0.022800780403494626, -11.15837532385883, 11.177857746241614
flux1:, 1.5173484223348659, 0.14505334134834857, 0.14324166711502254, -0.025238426765849746, -10.835800543553779, 10.857500914477793
flux1:, 1.5183307792054699, 0.13603743766821932, 0.13407393721154667, -0.027454205099993943, -10.521488116035666, 10.545411943101307
flux1:, 1.5193131360760739, 0.1282282989673847, 0.12609819901181957, -0.029432360884882915, -10.216117353166611, 10.242261466769458
flux1:, 1.5202954929466777, 0.12161732540825473, 0.11930677376717441, -0.03115849675314273, -9.920349686386961, 9.948702337110895
flux1:, 1.5212778498172816, 0.11619006750404222, 0.11368619048669854, -0.032619708400063854, -9.634821222116319, 9.665362266611016
flux1:, 1.5222602066878856, 0.11192642406611171, 0.10921737753254482, -0.03380471058899279, -9.360135501387441, 9.392836672263629
flux1:, 1.5232425635584896, 0.10880087100402379, 0.10587588495651963, -0.03470395174051153, -9.096856542555694, 9.131681796700917
flux1:, 1.5242249204290936, 0.10678271881012937, 0.10363213544971248, -0.03530971568156416, -8.845502242135648, 8.882408180833643
flux1:, 1.5252072772996974, 0.10583639639877702, 0.10245170161422774, -0.03561620924043972, -8.606538204263694, 8.64547455760115
flux1:, 1.5261896341703014, 0.10592175883031027, 0.10229560712510113, -0.03561963450348389, -8.380372064021286, 8.42128223130986
flux1:, 1.5271719910409054, 0.10699441633227466, 0.10312064923141405, -0.03531824469728817, -8.167348363961723, 8.210170001285048
flux1:, 1.5281543479115094, 0.10900608193530342, 0.10487973994918974, -0.034712382825014244, -7.967744036704674, 8.012409682239113
flux1:, 1.5291367047821134, 0.11190493496918687, 0.10752226322504058, -0.03380450236454284, -7.781764539514999, 7.828202266960814
flux1:, 1.5301190616527172, 0.11563599761559178, 0.11099444529872438, -0.03259916952756395, -7.60954067940398, 7.6576747697141485
flux1:, 1.5311014185233212, 0.12014152168791141, 0.11523973546484116, -0.031103046779552865, -7.451126159596285, 7.500877781191149
flux1:, 1.5320837753939252, 0.12536138280497877, 0.12019919442816056, -0.02932485752848406, -7.306495870273899, 7.357783758083355
flux1:, 1.5330661322645291, 0.13123347914385436, 0.1258118874634089, -0.02727533210165742, -7.175544938414158, 7.228286062388944
flux1:, 1.5340484891351331, 0.13769413199639838, 0.13201527962768023, -0.02496713534370732, -7.058088543396396, 7.112198757566847
flux1:, 1.535030846005737, 0.14467848541428832, 0.1387456303313287, -0.02241477637886365, -6.953862496924928, 7.009257160647859
flux1:, 1.536013202876341, 0.1521209023064573, 0.14593838465024656, -0.01963450128812345, -6.862524577811352, 6.919119141523469
flux1:, 1.536995559746945, 0.1599553544501739, 0.1535285588573679, -0.016644169649866567, -6.783656604344259, 6.8413671529250655
flux1:, 1.537977916617549, 0.16811580399138212, 0.1614511177633364, -0.01346311608130511, -6.716767219452484, 6.775510967160632
flux1:, 1.538960273488153, 0.17653657413938154, 0.1696413415834233, -0.010111998093268789, -6.661295356690535, 6.720991088581646
flux1:, 1.5399426303587567, 0.18515270690461108, 0.17803518018919742, -0.006612631731128376, -6.616614348341184, 6.677182804065323
flux1:, 1.5409249872293607, 0.19390030588412285, 0.18656959275702775, -0.0029878166165311507, -6.582036630685271, 6.643400827595132
flux1:, 1.5419073440999647, 0.2027168622659224, 0.19518287098988096, 0.0007388478720637597, -6.556818995810126, 6.61890448936146
flux1:, 1.5428897009705687, 0.21154156239901642, 0.20381494426241129, 0.004543153440935747, -6.540168334256351, 6.602903414738769
flux1:, 1.5438720578411727, 0.22031557545880745, 0.21240766522007043, 0.00840047882603542, -6.531247808396357, 6.5945636340753
flux1:, 1.5448544147117764, 0.2289823199260443, 0.2209050745495275, 0.01228598886759007, -6.529183392724938, 6.593014060488488
flux1:, 1.5458367715823806, 0.2374877077897946, 0.2292536438280508, 0.01617483470885205, -6.533070714261306, 6.597353269835372
flux1:, 1.5468191284529844, 0.24578036557947938, 0.23740249555225956, 0.02004235310696721, -6.541982124027417, 6.606656514733901
flux1:, 1.5478014853235884, 0.2538118315260175, 0.24530359963993897, 0.023864262861385953, -6.554973929099994, 6.6199829029721435
flux1:, 1.5487838421941924, 0.26153672834599495, 0.25291194589087695, 0.027616856407062088, -6.571093714033215, 6.636382669859323
flux1:, 1.5497661990647964, 0.2689129113340804, 0.26018569208247466, 0.03127718468484534, -6.589387680505885, 6.654904474039527
flux1:, 1.5507485559354004, 0.2759015916361535, 0.2670862875617525, 0.03482323348884847, -6.608907934869734, 6.674602647005718
flux1:, 1.5517309128060042, 0.28246743475706937, 0.2735785723755309, 0.03823408959912613, -6.628719654808608, 6.694544327985236
flux1:, 1.5527132696766082, 0.28857863453205057, 0.2796308521544999, 0.0414900951357531, -6.647908068573186, 6.713816418004733
flux1:, 1.5536956265472122, 0.294206962957464, 0.28521494913260326, 0.044572988715956795, -6.665585183158919, 6.731532289737538
flux1:, 1.5546779834178162, 0.2993277964346463, 0.29030622984014365, 0.04746603215644668, -6.680896201332763, 6.74683819315506
flux1:, 1.5556603402884202, 0.30392011912819883, 0.2948836101559766, 0.050154121637312234, -6.693025571519666, 6.758919300998097
flux1:, 1.556642697159024, 0.307966504277208, 0.29892953854050197, 0.052623882428364535, -6.701202619181652, 6.767005342594395
flux1:, 1.557625054029628, 0.3114530744232462, 0.30242995839599224, 0.05486374647173618, -6.704706713409536, 6.770375779530179
flux1:, 1.558607410900232, 0.3143694416322546, 0.3053742506135736, 0.056864012312996357, -6.702871927919581, 6.768364482053042
flux1:, 1.559589767770836, 0.3167086288881229, 0.30775515746655513, 0.05861688707451299, -6.6950911614534405, 6.760363870800739
flux1:, 1.56057212464144, 0.31846697392343243, 0.3095686890972037, 0.060116510366534155, -6.680819688641157, 6.7458284944218185
flux1:, 1.5615544815120437, 0.3196440168275011, 0.31081401391858093, 0.06135896023090757, -6.659578118628581, 6.72427801982765
flux1:, 1.5625368383826477, 0.3202423728331027, 0.3114933343142977, 0.06234224140726044, -6.6309547451358934, 6.695299618110593
flux1:, 1.5635191952532517, 0.32026759173149594, 0.3116117490673079, 0.06306625639891043, -6.594607278007513, 6.658549735507618
flux1:, 1.5645015521238557, 0.3197280054003676, 0.3111771039840308, 0.06353275999406047, -6.550263952686993, 6.613755245120783
flux1:, 1.5654839089944597, 0.31863456495165404, 0.31019983220266856, 0.063745298064585, -6.497724020319217, 6.560713981344531
flux1:, 1.5664662658650634, 0.3170006690159874, 0.3086927856846722, 0.06370913161813777, -6.436857627284265, 6.499294665037222
flux1:, 1.5674486227356674, 0.314841984678312, 0.30667105938656064, 0.06343114721774944, -6.367605098841156, 6.429436233342295
flux1:, 1.5684309796062714, 0.31217626256560493, 0.3041518095960814, 0.06291975500520497, -6.289975647142236, 6.351146593656331
flux1:, 1.5694133364768754, 0.309023147562995, 0.301154067892668, 0.06218477566900384, -6.204045529115146, 6.264500826496067
flux1:, 1.5703956933474794, 0.305403986599875, 0.2976985521580221, 0.06123731778396551, -6.109955684555187, 6.169638866891801
flux1:, 1.5713780502180832, 0.30134163490340915, 0.2938074760190929, 0.06008964701658054, -6.0079088891740415, 6.066762698378447
flux1:, 1.5723604070886872, 0.29686026206386407, 0.28950435805351515, 0.058755048738092536, -5.898166461276409, 5.9561330976320015
flux1:, 1.5733427639592912, 0.2919851591954731, 0.2848138320275466, 0.057247685615593326, -5.781044564161362, 5.838065971279369
flux1:, 1.5743251208298952, 0.2867425484087347, 0.2797614593695753, 0.055582451760567655, -5.656910149224121, 5.712928329354573
flux1:, 1.5753074777004992, 0.28115939573617416, 0.27437354500920774, 0.053774825004590854, -5.526176587074504, 5.5811339422878135
flux1:, 1.576289834571103, 0.2752632285743923, 0.26867695763361066, 0.05184071884407294, -5.389299035756511, 5.443138730152912
flux1:, 1.577272191441707, 0.2690819586217668, 0.2626989553302108, 0.04979633555090875, -5.246769596360532, 5.299435934189295
flux1:, 1.578254548312311, 0.2626437112041943, 0.25646701749879103, 0.04765802188466336, -5.099112306957832, 5.150551121329614
flux1:, 1.579236905182915, 0.2559766617916985, 0.2500086838273701, 0.045442128765860804, -4.946878025869857, 4.997037072634469
flux1:, 1.580219262053519, 0.2491088804174292, 0.24335140103590092, 0.043164876180566775, -4.790639254829708, 4.839468606154304
flux1:, 1.5812016189241227, 0.24206818461854493, 0.23652237800072543, 0.04084222448496603, -4.630984951610158, 4.678437383844174
flux1:, 1.5821839757947267, 0.23488200142596405, 0.2295484497811447, 0.03848975316731916, -4.4685153802238045, 4.514546750758695
flux1:, 1.5831663326653307, 0.22757723883862563, 0.22245595097907586, 0.03612254800453163, -4.3038370448642045, 4.3484066528946705
flux1:, 1.5841486895359347, 0.22018016712745478, 0.21527059877323393, 0.033755097424101065, -4.1375577513936355, 4.180628677753895
flux1:, 1.5851310464065387, 0.21271631022622658, 0.20801738588219562, 0.031401198750745964, -3.9702818374359943, 4.011821259013612
flux1:, 1.5861134032771425, 0.20521034738085758, 0.2007204836259403, 0.0290738748825438, -3.8026056090379847, 3.8425850836546163
flux1:, 1.5870957601477467, 0.19768602514648773, 0.19340315517417125, 0.02678530180582691, -3.6351130184724316, 3.6735087365562236
flux1:, 1.5880781170183504, 0.19016607974306862, 0.18608767899193412, 0.02454674722291623, -3.4683716141154948, 3.5051646139679056
flux1:, 1.5890604738889544, 0.18267216970582661, 0.17879528241952003, 0.022368520433826592, -3.302928789485877, 3.338105133458244
flux1:, 1.5900428307595584, 0.1752248186971372, 0.17154608525461812, 0.020259933483942855, -3.1393083545439264, 3.1728592639761803
flux1:, 1.5910251876301624, 0.16784336828144547, 0.1643590531405353, 0.01822927346565509, -2.978007448253018, 3.0099293955830273
flux1:, 1.5920075445007664, 0.16054594040497788, 0.15725196050513204, 0.01628378574450742, -2.8194938072604483, 2.849788564277595
flux1:, 1.5929899013713702, 0.15334940926768614, 0.15024136274152683, 0.014429667770810868, -2.6642034014099543, 2.6928780431924864
flux1:, 1.5939722582419742, 0.14626938222585975, 0.14334257727323357, 0.012672073036655778, -2.5125384426946757, 2.5396053073287317
flux1:, 1.5949546151125782, 0.1393201893205415, 0.13656967310371682, 0.011015124647081757, -2.364865770245657, 2.390342374970467
flux1:, 1.5959369719831822, 0.1325148809891538, 0.12993546841317524, 0.009461937893239182, -2.221515610069489, 2.245424525015258
flux1:, 1.5969193288537862, 0.12586523348574544, 0.12345153573386379, 0.008014651145385666, -2.0827807045379467, 2.105149385718664
flux1:, 1.59790168572439, 0.11938176150863195, 0.11712821420910076, 0.006674464324907384, -1.9489158031246465, 1.96977638680976
flux1:, 1.598884042594994, 0.11307373751323999, 0.11097462842054673, 0.005441684167338153, -1.8201375026158793, 1.8395265636262892
flux1:, 1.599866399465598, 0.10694921717214118, 0.104998713252878, 0.004315775452730852, -1.6966244220201423, 1.7145826988721797
flux1:, 1.600848756336202, 0.10101507043359843, 0.09920724425463069, 0.003295417355568092, -1.5785176946824062, 1.595089784834362
flux1:, 1.601831113206806, 0.09527701762420865, 0.09360587294850033, 0.002378564053387646, -1.4659217577037424, 1.4811557864389684
flux1:, 1.6028134700774097, 0.0897396700400716, 0.08819916654344576, 0.0015625087311813182, -1.3589054166782353, 1.3728526833864139
flux1:, 1.6037958269480137, 0.08440657447419674, 0.08299065150437804, 0.0008439501267538442, -1.2575031620059673, 1.2702177677970896
flux1:, 1.6047781838186177, 0.07928026113510842, 0.0779828604425776, 0.00021906078007031719, -1.161716711622239, 1.1732551723265472
flux1:, 1.6057605406892217, 0.07436229442270102, 0.07317738180112675, -0.00031644382354929096, -1.0715167539052686, 1.0819376025765863
flux1:, 1.6067428975598257, 0.06965332604189449, 0.06857491182415947, -0.000767235991540059, -0.9868448637828369, 0.9962082468334921
flux1:, 1.6077252544304295, 0.06515314995213337, 0.06417530831618283, -0.0011383071763578366, -0.907615564644186, 0.9159828356991647
flux1:, 1.6087076113010335, 0.060860758671134906, 0.05997764571801305, -0.001434900626035945, -0.8337185085700992, 0.841151824038082
flux1:, 1.6096899681716375, 0.05677440047395635, 0.05598027104840214, -0.0016624459630413101, -0.7650207476050835, 0.7715826678272599
flux1:, 1.6106723250422414, 0.05289163705317463, 0.05218086028499972, -0.001826496262818373, -0.701369069294084, 0.7071221689529433
flux1:, 1.6116546819128454, 0.04920940123240318, 0.04857647478451556, -0.0019326681413238509, -0.6425923704742772, 0.6475988617259988
flux1:, 1.6126370387834492, 0.04572405435320842, 0.0451636173695534, -0.0019865852962528832, -0.5885040443271348, 0.5928254158684882
flux1:, 1.6136193956540532, 0.042431442984275085, 0.041938287738096804, -0.00199382588049755, -0.5389043569314445, 0.5426010319294252
flux1:, 1.6146017525246572, 0.03932695463130948, 0.03889603688096828, -0.0019598740195998793, -0.4935827909936674, 0.49671380649773206
flux1:, 1.6155841093952612, 0.036405572156112766, 0.036032020222192276, -0.001890075718414766, -0.45232033603452115, 0.45494304616326287
flux1:, 1.6165664662658652, 0.03366192664347354, 0.03334104922705436, -0.001789599336733116, -0.4148917060589704, 0.4170615109095017
flux1:, 1.617548823136469, 0.03109034848452889, 0.030817641252272876, -0.0016634007499956255, -0.3810674675978853, 0.3828375694725466
flux1:, 1.618531180007073, 0.028684916474958872, 0.02845606744201175, -0.0015161932501203857, -0.35061606295894576, 0.35203725114535317
flux1:, 1.619513536877677, 0.02643950475548853, 0.02625039850216851, -0.0013524221835500476, -0.32330571553296705, 0.3244261805140228
flux1:, 1.620495893748281, 0.02434782745045763, 0.024194548213221707, -0.0011762442693724234, -0.29890620604197604, 0.2997713836578523
flux1:, 1.621478250618885, 0.02240348088761754, 0.0222823145688933, -0.0009915114902980173, -0.27719051066368827, 0.27784295640135726
flux1:, 1.6224606074894887, 0.0205999833085215, 0.02050741845364086, -0.000801759403753609, -0.25793629399628776, 0.25841558724867264
flux1:, 1.6234429643600927, 0.0189308120038232, 0.01886353979650081, -0.0006101996796330697, -0.2409272518157644, 0.24126992963533048
flux1:, 1.6244253212306967, 0.01738943783140775, 0.017344351161963537, -0.00041971663560871127, -0.22595430050478313, 0.22619382007884906
flux1:, 1.6254076781013007, 0.01596935709735006, 0.015943548760189687, -0.00023286751042335418, -0.212816611875836, 0.21298334067584831
flux1:, 1.6263900349719047, 0.014664120800260767, 0.014654880879001431, -5.18861903505036e-05, -0.20132249385753367, 0.20144372616456588
flux1:, 1.6273723918425085, 0.013467361258507006, 0.013472173758578022, 0.00012130991602361764, -0.19129011914371996, 0.19139011742945203
flux1:, 1.6283547487131127, 0.01237281615709288, 0.012389354946660948, 0.0002851101744418604, -0.18254810540957594, 0.18264816485759025
flux1:, 1.6293371055837165, 0.01137435006660212, 0.011400474187281217, 0.00043819852270441387, -0.1749359520663335, 0.17505448635373017
flux1:, 1.6303194624543205, 0.010465973500562737, 0.010499721909584219, 0.0005795391043148374, -0.1683043397471808, 0.16845698607206933
flux1:, 1.6313018193249245, 0.009641859589904399, 0.009681445395260467, 0.0007083600735161735, -0.1625152997874905, 0.1627150410238086
flux1:, 1.6322841761955285, 0.008896358463846683, 0.008940162713396527, 0.0008241359036264534, -0.15744226187802376, 0.15769956366545138
flux1:, 1.6332665330661325, 0.008224009435641232, 0.00827057452030714, 0.000926568523160449, -0.15296998882820806, 0.15329294936082766
flux1:, 1.6342488899367362, 0.007619551099151601, 0.007667573829149645, 0.0010155675932878507, -0.14899440798097813, 0.14938891824301154
flux1:, 1.6352312468073402, 0.007077929448324607, 0.007126253859897425, 0.001091230226132063, -0.1454223492704528, 0.1458922614793836
flux1:, 1.6362136036779442, 0.006594304136286455, 0.006641914084654913, 0.0011538204266686668, -0.14217120021636284, 0.14271850227164742
flux1:, 1.6371959605485482, 0.006164052994130367, 0.006210064586382898, 0.0012037485219292556, -0.13916848830844009, 0.1397934821057733
flux1:, 1.6381783174191522, 0.0057827749315875815, 0.005826428851004564, 0.0012415508203017813, -0.13635140125893858, 0.13705288281377492
flux1:, 1.639160674289756, 0.005446291342693777, 0.005486945113585636, 0.0012678697213237553, -0.1336662554997297, 0.13444169492700087
flux1:, 1.64014303116036, 0.005150646139470558, 0.005187766379017306, 0.0012834344729140208, -0.13106792308269508, 0.13191364260030033
flux1:, 1.641125388030964, 0.004892104535540303, 0.004925259236383377, 0.0012890427488661982, -0.1285192268187144, 0.12943057507760966
flux1:, 1.642107744901568, 0.004667150699633361, 0.004696001584112357, 0.001285543194984114, -0.12599031307259922, 0.1269618342638373
flux1:, 1.643090101772172, 0.004472484396208086, 0.004496779380181629, 0.001273819067859883, -0.12345801113135459, 0.12448360747762313
flux1:, 1.6440724586427757, 0.004305016726964348, 0.0043245825281289264, 0.0012547730662497987, -0.1209051874924481, 0.12197827389587176
flux1:, 1.6450548155133797, 0.004161865083014475, 0.0041766000055629806, 0.0012293134316342265, -0.11832010279032783, 0.11943375257722184
flux1:, 1.6460371723839837, 0.004040347412938117, 0.00405021433730341, 0.0011983413720741908, -0.11569577840495603, 0.11684285927922634
flux1:, 1.6470195292545877, 0.003937975907004641, 0.0039429955103341754, 0.0011627398421561212, -0.1130293790875096, 0.11420267857547269
flux1:, 1.6480018861251917, 0.003852450192549656, 0.0038526944224776443, 0.0011233636918257651, -0.11032161720776278, 0.11151395704574146
flux1:, 1.6489842429957955, 0.0037816501299589417, 0.003777235951201007, 0.001081031178424191, -0.1075761834851024, 0.10878052256572786
flux1:, 1.6499665998663995, 0.0037236282929772407, 0.003714711723288269, 0.0010365168193730403, -0.10479920832205586, 0.10600873397352666
flux1:, 1.6509489567370035, 0.00367660221121386, 0.003663372660340046, 0.0009905455478212966, -0.1019987571244324, 0.10320696464762158
flux1:, 1.6519313136076075, 0.003638946446820274, 0.003621621369256561, 0.0009437881202089632, -0.09918436227531077, 0.10038512280518935
flux1:, 1.6529136704782115, 0.003609184571419, 0.0035880044410677246, 0.0008968577131741901, -0.09636659373836994, 0.09755421062730951
flux1:, 1.6538960273488152, 0.0035859811035264754, 0.0035612047157549957, 0.0008503076375281853, -0.0935566696072917, 0.09472592364766372
flux1:, 1.6548783842194192, 0.003568133460975743, 0.003540033565100751, 0.0008046300891228969, -0.0907661072976258, 0.0919122912086911
flux1:, 1.6558607410900232, 0.0035545639772556863, 0.003523423240150469, 0.000760255850310678, -0.08800641550100133, 0.0891253582000538
flux1:, 1.6568430979606272, 0.003544312025273007, 0.0035104193246080937, 0.0007175548512537765, -0.08528882649306484, 0.0863769077526041
flux1:, 1.6578254548312312, 0.0035365262868390394, 0.0035001733304341706, 0.0006768374975302962, -0.08262406790903412, 0.08367822407025438
flux1:, 1.658807811701835, 0.0035304572012171648, 0.0034919354671077603, 0.0006383566691738465, -0.08002217267658435, 0.08103989414483591
flux1:, 1.659790168572439, 0.0035254496213622745, 0.0034850476114702466, 0.0006023102963858276, -0.07749232542627274, 0.0784716467163656
flux1:, 1.660772525443043, 0.0035209357020249033, 0.003478936500774837, 0.0005688444185337422, -0.07504274338520031, 0.0759822265140245
flux1:, 1.661754882313647, 0.003516428039758945, 0.003473107167595739, 0.0005380566355751259, -0.07268058950009053, 0.07357930154136462
flux1:, 1.662737239184251, 0.0035115130809745933, 0.0034671366315189717, 0.0005099998645781697, -0.07041191532965214, 0.07126940095150512
flux1:, 1.6637195960548548, 0.0035058448106245078, 0.003460667859145256, 0.0004846863184197852, -0.06824163109242636, 0.06905788089347391
flux1:, 1.6647019529254587, 0.00349913873081022, 0.00345340400079499, 0.00046209162887620174, -0.06617350015152146, 0.06694891559619891
flux1:, 1.6656843097960627, 0.0034911661356088653, 0.003445102909474278, 0.00044215904205439433, -0.06421015516027435, 0.06494551089019443
flux1:, 1.6666666666666667, 0.003481748685711563, 0.0034355719451039657, 0.0004248036202982332, -0.062353133078620025, 0.06304953734463391

Elapsed run time = 475.2163 s
