Using MPI version 4.0, 2 processes
-----------
Initializing structure...
Padding z to even number of grid points.
Halving computational cell along direction x
Halving computational cell along direction z
Splitting into 2 chunks by voxels
time for choose_chunkdivision = 0.00107193 s
Working in 3D dimensions.
Computational cell is 12.5 x 5.01667 x 4.41667 with resolution 60
     block, center = (0,0.281,0)
          size (1e+20,0.462,0.14)
          axes (1,0,0), (0,1,0), (0,0,1)
          dielectric constant epsilon diagonal = (4,4,4)
     block, center = (0,-0.281,0)
          size (1e+20,0.462,0.14)
          axes (1,0,0), (0,1,0), (0,0,1)
          dielectric constant epsilon diagonal = (4,4,4)
     cylinder, center = (1.29643,0.281,0)
          radius 0.1155, height 1e+20, axis (0, 0, 1)
          dielectric constant epsilon diagonal = (1,1,1)
     cylinder, center = (-1.29643,0.281,0)
          radius 0.1155, height 1e+20, axis (0, 0, 1)
          dielectric constant epsilon diagonal = (1,1,1)
     cylinder, center = (1.62643,0.281,0)
          radius 0.1155, height 1e+20, axis (0, 0, 1)
          dielectric constant epsilon diagonal = (1,1,1)
     cylinder, center = (-1.62643,0.281,0)
          radius 0.1155, height 1e+20, axis (0, 0, 1)
          dielectric constant epsilon diagonal = (1,1,1)
     cylinder, center = (1.95643,0.281,0)
          radius 0.1155, height 1e+20, axis (0, 0, 1)
          dielectric constant epsilon diagonal = (1,1,1)
     cylinder, center = (-1.95643,0.281,0)
          radius 0.1155, height 1e+20, axis (0, 0, 1)
          dielectric constant epsilon diagonal = (1,1,1)
     cylinder, center = (0.127286,0.281,0)
          radius 0.0891, height 1e+20, axis (0, 0, 1)
          dielectric constant epsilon diagonal = (1,1,1)
     cylinder, center = (-0.127286,0.281,0)
          radius 0.0891, height 1e+20, axis (0, 0, 1)
          dielectric constant epsilon diagonal = (1,1,1)
     ...(+ 44 objects not shown)...
time for set_epsilon = 23.4704 s
-----------
Meep progress: 0.008333333333333333/30.399999618530273 = 0.0% done in 10.3s, 37561.5s to go
on time step 1 (time=0.00833333), 10.2992 s/step
Meep progress: 0.16666666666666666/30.399999618530273 = 0.5% done in 14.3s, 2595.0s to go
on time step 20 (time=0.166667), 0.21085 s/step
Meep progress: 0.31666666666666665/30.399999618530273 = 1.0% done in 18.4s, 1744.6s to go
on time step 38 (time=0.316667), 0.225476 s/step
Meep progress: 0.48333333333333334/30.399999618530273 = 1.6% done in 22.5s, 1393.6s to go
on time step 58 (time=0.483333), 0.207556 s/step
Meep progress: 0.6416666666666666/30.399999618530273 = 2.1% done in 26.7s, 1238.6s to go
on time step 77 (time=0.641667), 0.220671 s/step
Meep progress: 0.8083333333333333/30.399999618530273 = 2.7% done in 30.9s, 1131.3s to go
on time step 97 (time=0.808333), 0.209744 s/step
Meep progress: 0.9666666666666667/30.399999618530273 = 3.2% done in 35.1s, 1068.8s to go
on time step 116 (time=0.966667), 0.220961 s/step
     block, center = (0,0.281,0)
          size (1e+20,0.462,0.14)
          axes (1,0,0), (0,1,0), (0,0,1)
          dielectric constant epsilon diagonal = (4,4,4)
     block, center = (0,-0.281,0)
          size (1e+20,0.462,0.14)
          axes (1,0,0), (0,1,0), (0,0,1)
          dielectric constant epsilon diagonal = (4,4,4)
     cylinder, center = (1.29643,0.281,0)
          radius 0.1155, height 1e+20, axis (0, 0, 1)
          dielectric constant epsilon diagonal = (1,1,1)
     cylinder, center = (-1.29643,0.281,0)
          radius 0.1155, height 1e+20, axis (0, 0, 1)
          dielectric constant epsilon diagonal = (1,1,1)
     cylinder, center = (1.62643,0.281,0)
          radius 0.1155, height 1e+20, axis (0, 0, 1)
          dielectric constant epsilon diagonal = (1,1,1)
     cylinder, center = (-1.62643,0.281,0)
          radius 0.1155, height 1e+20, axis (0, 0, 1)
          dielectric constant epsilon diagonal = (1,1,1)
     cylinder, center = (1.95643,0.281,0)
          radius 0.1155, height 1e+20, axis (0, 0, 1)
          dielectric constant epsilon diagonal = (1,1,1)
     cylinder, center = (-1.95643,0.281,0)
          radius 0.1155, height 1e+20, axis (0, 0, 1)
          dielectric constant epsilon diagonal = (1,1,1)
     cylinder, center = (0.127286,0.281,0)
          radius 0.0891, height 1e+20, axis (0, 0, 1)
          dielectric constant epsilon diagonal = (1,1,1)
     cylinder, center = (-0.127286,0.281,0)
          radius 0.0891, height 1e+20, axis (0, 0, 1)
          dielectric constant epsilon diagonal = (1,1,1)
     ...(+ 44 objects not shown)...
Meep progress: 1.1083333333333334/30.399999618530273 = 3.6% done in 39.2s, 1035.6s to go
on time step 133 (time=1.10833), 0.240133 s/step
Meep progress: 1.275/30.399999618530273 = 4.2% done in 43.3s, 990.0s to go
on time step 153 (time=1.275), 0.207831 s/step
Meep progress: 1.4333333333333333/30.399999618530273 = 4.7% done in 47.5s, 960.8s to go
on time step 172 (time=1.43333), 0.22104 s/step
Meep progress: 1.6/30.399999618530273 = 5.3% done in 51.7s, 930.4s to go
on time step 192 (time=1.6), 0.207304 s/step
Meep progress: 1.7583333333333333/30.399999618530273 = 5.8% done in 55.9s, 910.2s to go
on time step 211 (time=1.75833), 0.220703 s/step
Meep progress: 1.925/30.399999618530273 = 6.3% done in 60.3s, 891.5s to go
on time step 231 (time=1.925), 0.219395 s/step
Meep progress: 2.0833333333333335/30.399999618530273 = 6.9% done in 64.4s, 875.6s to go
on time step 250 (time=2.08333), 0.218688 s/step
Meep progress: 2.2416666666666667/30.399999618530273 = 7.4% done in 68.6s, 862.1s to go
on time step 269 (time=2.24167), 0.221271 s/step
Meep progress: 2.408333333333333/30.399999618530273 = 7.9% done in 72.8s, 845.9s to go
on time step 289 (time=2.40833), 0.207393 s/step
Meep progress: 2.5666666666666664/30.399999618530273 = 8.4% done in 77.0s, 834.6s to go
on time step 308 (time=2.56667), 0.220586 s/step
Meep progress: 2.7333333333333334/30.399999618530273 = 9.0% done in 81.2s, 821.5s to go
on time step 328 (time=2.73333), 0.209548 s/step
Meep progress: 2.8916666666666666/30.399999618530273 = 9.5% done in 85.3s, 811.9s to go
on time step 347 (time=2.89167), 0.220578 s/step
Meep progress: 3.0416666666666665/30.399999618530273 = 10.0% done in 89.5s, 804.8s to go
on time step 365 (time=3.04167), 0.229157 s/step
Meep progress: 3.2083333333333335/30.399999618530273 = 10.6% done in 93.6s, 793.6s to go
on time step 385 (time=3.20833), 0.208079 s/step
Meep progress: 3.3666666666666667/30.399999618530273 = 11.1% done in 97.8s, 785.6s to go
on time step 404 (time=3.36667), 0.221055 s/step
Meep progress: 3.533333333333333/30.399999618530273 = 11.6% done in 102.0s, 775.7s to go
on time step 424 (time=3.53333), 0.209049 s/step
Meep progress: 3.6916666666666664/30.399999618530273 = 12.1% done in 106.2s, 768.2s to go
on time step 443 (time=3.69167), 0.218916 s/step
Meep progress: 3.85/30.399999618530273 = 12.7% done in 110.3s, 760.8s to go
on time step 462 (time=3.85), 0.21797 s/step
Meep progress: 4.008333333333333/30.399999618530273 = 13.2% done in 114.4s, 753.2s to go
on time step 481 (time=4.00833), 0.214797 s/step
Meep progress: 4.166666666666667/30.399999618530273 = 13.7% done in 118.5s, 746.4s to go
on time step 500 (time=4.16667), 0.218299 s/step
Meep progress: 4.333333333333333/30.399999618530273 = 14.3% done in 122.7s, 737.9s to go
on time step 520 (time=4.33333), 0.20607 s/step
Meep progress: 4.491666666666666/30.399999618530273 = 14.8% done in 126.8s, 731.6s to go
on time step 539 (time=4.49167), 0.219351 s/step
Meep progress: 4.658333333333333/30.399999618530273 = 15.3% done in 131.0s, 723.8s to go
on time step 559 (time=4.65833), 0.206964 s/step
Meep progress: 4.816666666666666/30.399999618530273 = 15.8% done in 135.1s, 717.7s to go
on time step 578 (time=4.81667), 0.218705 s/step
Meep progress: 4.975/30.399999618530273 = 16.4% done in 139.3s, 711.8s to go
on time step 597 (time=4.975), 0.218521 s/step
Meep progress: 5.133333333333333/30.399999618530273 = 16.9% done in 143.4s, 705.9s to go
on time step 616 (time=5.13333), 0.217377 s/step
Meep progress: 5.291666666666667/30.399999618530273 = 17.4% done in 147.6s, 700.1s to go
on time step 635 (time=5.29167), 0.21795 s/step
Meep progress: 5.458333333333333/30.399999618530273 = 18.0% done in 151.7s, 693.3s to go
on time step 655 (time=5.45833), 0.208325 s/step
Meep progress: 5.616666666666666/30.399999618530273 = 18.5% done in 155.9s, 688.0s to go
on time step 674 (time=5.61667), 0.22078 s/step
Meep progress: 5.775/30.399999618530273 = 19.0% done in 160.1s, 682.6s to go
on time step 693 (time=5.775), 0.219913 s/step
Meep progress: 5.941666666666666/30.399999618530273 = 19.5% done in 164.2s, 676.1s to go
on time step 713 (time=5.94167), 0.207223 s/step
Meep progress: 6.091666666666667/30.399999618530273 = 20.0% done in 168.4s, 671.9s to go
on time step 731 (time=6.09167), 0.229402 s/step
Meep progress: 6.258333333333333/30.399999618530273 = 20.6% done in 172.5s, 665.5s to go
on time step 751 (time=6.25833), 0.207779 s/step
Meep progress: 6.416666666666667/30.399999618530273 = 21.1% done in 176.7s, 660.3s to go
on time step 770 (time=6.41667), 0.217625 s/step
Meep progress: 6.583333333333333/30.399999618530273 = 21.7% done in 180.8s, 654.0s to go
on time step 790 (time=6.58333), 0.206576 s/step
Meep progress: 6.741666666666666/30.399999618530273 = 22.2% done in 185.0s, 649.1s to go
on time step 809 (time=6.74167), 0.220054 s/step
Meep progress: 6.8999999999999995/30.399999618530273 = 22.7% done in 189.1s, 644.1s to go
on time step 828 (time=6.9), 0.217877 s/step
Meep progress: 7.058333333333334/30.399999618530273 = 23.2% done in 193.2s, 639.0s to go
on time step 847 (time=7.05833), 0.216537 s/step
Meep progress: 7.216666666666667/30.399999618530273 = 23.7% done in 197.4s, 634.2s to go
on time step 866 (time=7.21667), 0.221416 s/step
Meep progress: 7.383333333333333/30.399999618530273 = 24.3% done in 201.6s, 628.4s to go
on time step 886 (time=7.38333), 0.206771 s/step
Meep progress: 7.533333333333333/30.399999618530273 = 24.8% done in 205.6s, 624.0s to go
on time step 904 (time=7.53333), 0.22238 s/step
Meep progress: 7.7/30.399999618530273 = 25.3% done in 210.0s, 619.0s to go
on time step 924 (time=7.7), 0.220009 s/step
Meep progress: 7.866666666666666/30.399999618530273 = 25.9% done in 214.2s, 613.4s to go
on time step 944 (time=7.86667), 0.209569 s/step
Meep progress: 8.016666666666666/30.399999618530273 = 26.4% done in 218.4s, 609.7s to go
on time step 962 (time=8.01667), 0.232889 s/step
Meep progress: 8.175/30.399999618530273 = 26.9% done in 222.4s, 604.7s to go
on time step 981 (time=8.175), 0.214068 s/step
Meep progress: 8.325/30.399999618530273 = 27.4% done in 226.5s, 600.5s to go
on time step 999 (time=8.325), 0.224081 s/step
Meep progress: 8.483333333333333/30.399999618530273 = 27.9% done in 230.5s, 595.4s to go
on time step 1018 (time=8.48333), 0.211321 s/step
Meep progress: 8.633333333333333/30.399999618530273 = 28.4% done in 234.5s, 591.2s to go
on time step 1036 (time=8.63333), 0.223617 s/step
Meep progress: 8.791666666666666/30.399999618530273 = 28.9% done in 238.6s, 586.3s to go
on time step 1055 (time=8.79167), 0.21395 s/step
Meep progress: 8.95/30.399999618530273 = 29.4% done in 242.8s, 581.8s to go
on time step 1074 (time=8.95), 0.221278 s/step
Meep progress: 9.1/30.399999618530273 = 29.9% done in 246.9s, 578.0s to go
on time step 1092 (time=9.1), 0.232417 s/step
Meep progress: 9.258333333333333/30.399999618530273 = 30.5% done in 251.0s, 573.1s to go
on time step 1111 (time=9.25833), 0.212109 s/step
Meep progress: 9.408333333333333/30.399999618530273 = 30.9% done in 255.0s, 569.0s to go
on time step 1129 (time=9.40833), 0.224821 s/step
Meep progress: 9.566666666666666/30.399999618530273 = 31.5% done in 259.0s, 564.1s to go
on time step 1148 (time=9.56667), 0.210751 s/step
Meep progress: 9.716666666666667/30.399999618530273 = 32.0% done in 263.0s, 559.9s to go
on time step 1166 (time=9.71667), 0.222577 s/step
Meep progress: 9.883333333333333/30.399999618530273 = 32.5% done in 267.2s, 554.7s to go
on time step 1186 (time=9.88333), 0.209601 s/step
Meep progress: 10.033333333333333/30.399999618530273 = 33.0% done in 271.4s, 551.0s to go
on time step 1204 (time=10.0333), 0.23287 s/step
Meep progress: 10.183333333333334/30.399999618530273 = 33.5% done in 275.5s, 546.9s to go
on time step 1222 (time=10.1833), 0.22516 s/step
Meep progress: 10.35/30.399999618530273 = 34.0% done in 279.7s, 541.8s to go
on time step 1242 (time=10.35), 0.209236 s/step
Meep progress: 10.5/30.399999618530273 = 34.5% done in 283.7s, 537.6s to go
on time step 1260 (time=10.5), 0.223201 s/step
Meep progress: 10.666666666666666/30.399999618530273 = 35.1% done in 287.9s, 532.6s to go
on time step 1280 (time=10.6667), 0.21011 s/step
Meep progress: 10.816666666666666/30.399999618530273 = 35.6% done in 291.9s, 528.5s to go
on time step 1298 (time=10.8167), 0.223639 s/step
Meep progress: 10.975/30.399999618530273 = 36.1% done in 295.9s, 523.8s to go
on time step 1317 (time=10.975), 0.211911 s/step
Meep progress: 11.125/30.399999618530273 = 36.6% done in 300.1s, 519.9s to go
on time step 1335 (time=11.125), 0.23078 s/step
Meep progress: 11.275/30.399999618530273 = 37.1% done in 304.1s, 515.8s to go
on time step 1353 (time=11.275), 0.223775 s/step
Meep progress: 11.441666666666666/30.399999618530273 = 37.6% done in 308.3s, 510.8s to go
on time step 1373 (time=11.4417), 0.209425 s/step
Meep progress: 11.591666666666667/30.399999618530273 = 38.1% done in 312.3s, 506.8s to go
on time step 1391 (time=11.5917), 0.223694 s/step
Meep progress: 11.758333333333333/30.399999618530273 = 38.7% done in 316.5s, 501.8s to go
on time step 1411 (time=11.7583), 0.209909 s/step
Meep progress: 11.908333333333333/30.399999618530273 = 39.2% done in 320.5s, 497.7s to go
on time step 1429 (time=11.9083), 0.222539 s/step
Meep progress: 12.066666666666666/30.399999618530273 = 39.7% done in 324.7s, 493.3s to go
on time step 1448 (time=12.0667), 0.216793 s/step
Meep progress: 12.225/30.399999618530273 = 40.2% done in 328.8s, 488.8s to go
on time step 1467 (time=12.225), 0.217956 s/step
Meep progress: 12.383333333333333/30.399999618530273 = 40.7% done in 332.9s, 484.4s to go
on time step 1486 (time=12.3833), 0.217824 s/step
Meep progress: 12.55/30.399999618530273 = 41.3% done in 337.1s, 479.4s to go
on time step 1506 (time=12.55), 0.206451 s/step
Meep progress: 12.708333333333334/30.399999618530273 = 41.8% done in 341.2s, 475.0s to go
on time step 1525 (time=12.7083), 0.219111 s/step
Meep progress: 12.875/30.399999618530273 = 42.4% done in 345.4s, 470.1s to go
on time step 1545 (time=12.875), 0.208413 s/step
Meep progress: 13.025/30.399999618530273 = 42.8% done in 349.5s, 466.3s to go
on time step 1563 (time=13.025), 0.230164 s/step
Meep progress: 13.191666666666666/30.399999618530273 = 43.4% done in 353.7s, 461.4s to go
on time step 1583 (time=13.1917), 0.208297 s/step
Meep progress: 13.35/30.399999618530273 = 43.9% done in 357.9s, 457.1s to go
on time step 1602 (time=13.35), 0.219897 s/step
Meep progress: 13.508333333333333/30.399999618530273 = 44.4% done in 362.0s, 452.7s to go
on time step 1621 (time=13.5083), 0.217709 s/step
Meep progress: 13.674999999999999/30.399999618530273 = 45.0% done in 366.1s, 447.8s to go
on time step 1641 (time=13.675), 0.206592 s/step
Meep progress: 13.833333333333334/30.399999618530273 = 45.5% done in 370.3s, 443.5s to go
on time step 1660 (time=13.8333), 0.218659 s/step
Meep progress: 14.0/30.399999618530273 = 46.1% done in 374.6s, 438.8s to go
on time step 1680 (time=14), 0.216041 s/step
Meep progress: 14.158333333333333/30.399999618530273 = 46.6% done in 378.8s, 434.5s to go
on time step 1699 (time=14.1583), 0.217902 s/step
Meep progress: 14.316666666666666/30.399999618530273 = 47.1% done in 382.9s, 430.2s to go
on time step 1718 (time=14.3167), 0.218693 s/step
Meep progress: 14.483333333333333/30.399999618530273 = 47.6% done in 387.0s, 425.3s to go
on time step 1738 (time=14.4833), 0.205951 s/step
Meep progress: 14.641666666666666/30.399999618530273 = 48.2% done in 391.2s, 421.0s to go
on time step 1757 (time=14.6417), 0.217681 s/step
Meep progress: 14.808333333333334/30.399999618530273 = 48.7% done in 395.3s, 416.2s to go
on time step 1777 (time=14.8083), 0.206196 s/step
Meep progress: 14.966666666666667/30.399999618530273 = 49.2% done in 399.5s, 411.9s to go
on time step 1796 (time=14.9667), 0.219065 s/step
Meep progress: 15.125/30.399999618530273 = 49.8% done in 403.8s, 407.8s to go
on time step 1815 (time=15.125), 0.228314 s/step
Meep progress: 15.291666666666666/30.399999618530273 = 50.3% done in 407.9s, 403.0s to go
on time step 1835 (time=15.2917), 0.204745 s/step
Meep progress: 15.45/30.399999618530273 = 50.8% done in 412.0s, 398.7s to go
on time step 1854 (time=15.45), 0.218165 s/step
Meep progress: 15.616666666666667/30.399999618530273 = 51.4% done in 416.2s, 394.0s to go
on time step 1874 (time=15.6167), 0.206717 s/step
Meep progress: 15.775/30.399999618530273 = 51.9% done in 420.3s, 389.7s to go
on time step 1893 (time=15.775), 0.218176 s/step
Meep progress: 15.941666666666666/30.399999618530273 = 52.4% done in 424.5s, 385.0s to go
on time step 1913 (time=15.9417), 0.207681 s/step
Meep progress: 16.091666666666665/30.399999618530273 = 52.9% done in 428.7s, 381.2s to go
on time step 1931 (time=16.0917), 0.233203 s/step
Meep progress: 16.25/30.399999618530273 = 53.5% done in 432.9s, 376.9s to go
on time step 1950 (time=16.25), 0.220667 s/step
Meep progress: 16.416666666666668/30.399999618530273 = 54.0% done in 437.0s, 372.2s to go
on time step 1970 (time=16.4167), 0.206127 s/step
Meep progress: 16.575/30.399999618530273 = 54.5% done in 441.1s, 368.0s to go
on time step 1989 (time=16.575), 0.219213 s/step
Meep progress: 16.741666666666667/30.399999618530273 = 55.1% done in 445.3s, 363.3s to go
on time step 2009 (time=16.7417), 0.209349 s/step
Meep progress: 16.891666666666666/30.399999618530273 = 55.6% done in 449.4s, 359.4s to go
on time step 2027 (time=16.8917), 0.223674 s/step
Meep progress: 17.05/30.399999618530273 = 56.1% done in 453.8s, 355.3s to go
on time step 2046 (time=17.05), 0.232715 s/step
Meep progress: 17.216666666666665/30.399999618530273 = 56.6% done in 458.0s, 350.7s to go
on time step 2066 (time=17.2167), 0.209728 s/step
Meep progress: 17.366666666666667/30.399999618530273 = 57.1% done in 462.0s, 346.7s to go
on time step 2084 (time=17.3667), 0.222976 s/step
Meep progress: 17.525/30.399999618530273 = 57.6% done in 466.1s, 342.4s to go
on time step 2103 (time=17.525), 0.21483 s/step
Meep progress: 17.683333333333334/30.399999618530273 = 58.2% done in 470.3s, 338.2s to go
on time step 2122 (time=17.6833), 0.220651 s/step
Meep progress: 17.85/30.399999618530273 = 58.7% done in 474.5s, 333.6s to go
on time step 2142 (time=17.85), 0.210059 s/step
Meep progress: 18.0/30.399999618530273 = 59.2% done in 478.7s, 329.8s to go
on time step 2160 (time=18), 0.234694 s/step
Meep progress: 18.15/30.399999618530273 = 59.7% done in 482.7s, 325.8s to go
on time step 2178 (time=18.15), 0.22288 s/step
Meep progress: 18.316666666666666/30.399999618530273 = 60.3% done in 486.9s, 321.2s to go
on time step 2198 (time=18.3167), 0.208149 s/step
Meep progress: 18.475/30.399999618530273 = 60.8% done in 491.1s, 317.0s to go
on time step 2217 (time=18.475), 0.22022 s/step
Meep progress: 18.641666666666666/30.399999618530273 = 61.3% done in 495.2s, 312.3s to go
on time step 2237 (time=18.6417), 0.207324 s/step
Meep progress: 18.8/30.399999618530273 = 61.8% done in 499.4s, 308.1s to go
on time step 2256 (time=18.8), 0.218703 s/step
Meep progress: 18.966666666666665/30.399999618530273 = 62.4% done in 503.5s, 303.5s to go
on time step 2276 (time=18.9667), 0.20703 s/step
Meep progress: 19.116666666666667/30.399999618530273 = 62.9% done in 507.6s, 299.6s to go
on time step 2294 (time=19.1167), 0.23082 s/step
Meep progress: 19.275/30.399999618530273 = 63.4% done in 511.8s, 295.4s to go
on time step 2313 (time=19.275), 0.220206 s/step
Meep progress: 19.441666666666666/30.399999618530273 = 64.0% done in 516.0s, 290.8s to go
on time step 2333 (time=19.4417), 0.206873 s/step
Meep progress: 19.6/30.399999618530273 = 64.5% done in 520.1s, 286.6s to go
on time step 2352 (time=19.6), 0.219689 s/step
Meep progress: 19.766666666666666/30.399999618530273 = 65.0% done in 524.3s, 282.0s to go
on time step 2372 (time=19.7667), 0.207748 s/step
Meep progress: 19.925/30.399999618530273 = 65.5% done in 528.5s, 277.8s to go
on time step 2391 (time=19.925), 0.21987 s/step
Meep progress: 20.075/30.399999618530273 = 66.0% done in 532.6s, 273.9s to go
on time step 2409 (time=20.075), 0.229818 s/step
Meep progress: 20.241666666666667/30.399999618530273 = 66.6% done in 536.8s, 269.4s to go
on time step 2429 (time=20.2417), 0.208337 s/step
Meep progress: 20.4/30.399999618530273 = 67.1% done in 540.9s, 265.2s to go
on time step 2448 (time=20.4), 0.218881 s/step
Meep progress: 20.566666666666666/30.399999618530273 = 67.7% done in 545.1s, 260.6s to go
on time step 2468 (time=20.5667), 0.207796 s/step
Meep progress: 20.725/30.399999618530273 = 68.2% done in 549.3s, 256.4s to go
on time step 2487 (time=20.725), 0.219731 s/step
Meep progress: 20.891666666666666/30.399999618530273 = 68.7% done in 553.4s, 251.9s to go
on time step 2507 (time=20.8917), 0.207176 s/step
Meep progress: 21.041666666666668/30.399999618530273 = 69.2% done in 557.6s, 248.0s to go
on time step 2525 (time=21.0417), 0.22994 s/step
Meep progress: 21.191666666666666/30.399999618530273 = 69.7% done in 561.6s, 244.0s to go
on time step 2543 (time=21.1917), 0.222929 s/step
Meep progress: 21.358333333333334/30.399999618530273 = 70.3% done in 565.8s, 239.5s to go
on time step 2563 (time=21.3583), 0.20924 s/step
Meep progress: 21.508333333333333/30.399999618530273 = 70.8% done in 569.8s, 235.5s to go
on time step 2581 (time=21.5083), 0.222979 s/step
Meep progress: 21.666666666666668/30.399999618530273 = 71.3% done in 573.8s, 231.3s to go
on time step 2600 (time=21.6667), 0.211288 s/step
Meep progress: 21.825/30.399999618530273 = 71.8% done in 578.0s, 227.1s to go
on time step 2619 (time=21.825), 0.221753 s/step
Meep progress: 21.991666666666667/30.399999618530273 = 72.3% done in 582.2s, 222.6s to go
on time step 2639 (time=21.9917), 0.208815 s/step
Meep progress: 22.133333333333333/30.399999618530273 = 72.8% done in 586.2s, 218.9s to go
on time step 2656 (time=22.1333), 0.236196 s/step
Meep progress: 22.28333333333333/30.399999618530273 = 73.3% done in 590.2s, 215.0s to go
on time step 2674 (time=22.2833), 0.222481 s/step
Meep progress: 22.45/30.399999618530273 = 73.8% done in 594.4s, 210.5s to go
on time step 2694 (time=22.45), 0.209727 s/step
Meep progress: 22.6/30.399999618530273 = 74.3% done in 598.4s, 206.5s to go
on time step 2712 (time=22.6), 0.224868 s/step
Meep progress: 22.766666666666666/30.399999618530273 = 74.9% done in 602.6s, 202.0s to go
on time step 2732 (time=22.7667), 0.209237 s/step
Meep progress: 22.916666666666668/30.399999618530273 = 75.4% done in 606.7s, 198.1s to go
on time step 2750 (time=22.9167), 0.226162 s/step
Meep progress: 23.075/30.399999618530273 = 75.9% done in 610.8s, 193.9s to go
on time step 2769 (time=23.075), 0.218999 s/step
Meep progress: 23.225/30.399999618530273 = 76.4% done in 614.9s, 190.0s to go
on time step 2787 (time=23.225), 0.225196 s/step
Meep progress: 23.375/30.399999618530273 = 76.9% done in 618.9s, 186.0s to go
on time step 2805 (time=23.375), 0.22453 s/step
Meep progress: 23.541666666666668/30.399999618530273 = 77.4% done in 623.1s, 181.5s to go
on time step 2825 (time=23.5417), 0.210138 s/step
Meep progress: 23.691666666666666/30.399999618530273 = 77.9% done in 627.2s, 177.6s to go
on time step 2843 (time=23.6917), 0.222833 s/step
Meep progress: 23.858333333333334/30.399999618530273 = 78.5% done in 631.4s, 173.1s to go
on time step 2863 (time=23.8583), 0.209678 s/step
Meep progress: 24.008333333333333/30.399999618530273 = 79.0% done in 635.5s, 169.2s to go
on time step 2881 (time=24.0083), 0.231282 s/step
Meep progress: 24.175/30.399999618530273 = 79.5% done in 639.7s, 164.7s to go
on time step 2901 (time=24.175), 0.207354 s/step
Meep progress: 24.333333333333332/30.399999618530273 = 80.0% done in 643.8s, 160.5s to go
on time step 2920 (time=24.3333), 0.218694 s/step
Meep progress: 24.491666666666667/30.399999618530273 = 80.6% done in 648.0s, 156.3s to go
on time step 2939 (time=24.4917), 0.21971 s/step
Meep progress: 24.65833333333333/30.399999618530273 = 81.1% done in 652.1s, 151.9s to go
on time step 2959 (time=24.6583), 0.207458 s/step
Meep progress: 24.816666666666666/30.399999618530273 = 81.6% done in 656.3s, 147.7s to go
on time step 2978 (time=24.8167), 0.218226 s/step
Meep progress: 24.983333333333334/30.399999618530273 = 82.2% done in 660.4s, 143.2s to go
on time step 2998 (time=24.9833), 0.207202 s/step
Meep progress: 25.133333333333333/30.399999618530273 = 82.7% done in 664.6s, 139.3s to go
on time step 3016 (time=25.1333), 0.231179 s/step
Meep progress: 25.3/30.399999618530273 = 83.2% done in 669.0s, 134.9s to go
on time step 3036 (time=25.3), 0.218696 s/step
Meep progress: 25.466666666666665/30.399999618530273 = 83.8% done in 673.1s, 130.4s to go
on time step 3056 (time=25.4667), 0.207075 s/step
Meep progress: 25.625/30.399999618530273 = 84.3% done in 677.3s, 126.2s to go
on time step 3075 (time=25.625), 0.219051 s/step
Meep progress: 25.791666666666668/30.399999618530273 = 84.8% done in 681.4s, 121.8s to go
on time step 3095 (time=25.7917), 0.206752 s/step
Meep progress: 25.95/30.399999618530273 = 85.4% done in 685.6s, 117.6s to go
on time step 3114 (time=25.95), 0.219241 s/step
Meep progress: 26.108333333333334/30.399999618530273 = 85.9% done in 689.8s, 113.4s to go
on time step 3133 (time=26.1083), 0.220437 s/step
Meep progress: 26.266666666666666/30.399999618530273 = 86.4% done in 694.0s, 109.2s to go
on time step 3152 (time=26.2667), 0.220678 s/step
Meep progress: 26.416666666666668/30.399999618530273 = 86.9% done in 698.0s, 105.2s to go
on time step 3170 (time=26.4167), 0.222562 s/step
Meep progress: 26.583333333333332/30.399999618530273 = 87.4% done in 702.2s, 100.8s to go
on time step 3190 (time=26.5833), 0.209857 s/step
Meep progress: 26.733333333333334/30.399999618530273 = 87.9% done in 706.2s, 96.9s to go
on time step 3208 (time=26.7333), 0.222907 s/step
Meep progress: 26.9/30.399999618530273 = 88.5% done in 710.4s, 92.4s to go
on time step 3228 (time=26.9), 0.209685 s/step
Meep progress: 27.05/30.399999618530273 = 89.0% done in 714.6s, 88.5s to go
on time step 3246 (time=27.05), 0.232708 s/step
Meep progress: 27.216666666666665/30.399999618530273 = 89.5% done in 718.7s, 84.1s to go
on time step 3266 (time=27.2167), 0.209239 s/step
Meep progress: 27.375/30.399999618530273 = 90.0% done in 722.9s, 79.9s to go
on time step 3285 (time=27.375), 0.218772 s/step
Meep progress: 27.53333333333333/30.399999618530273 = 90.6% done in 727.1s, 75.7s to go
on time step 3304 (time=27.5333), 0.220569 s/step
Meep progress: 27.7/30.399999618530273 = 91.1% done in 731.2s, 71.3s to go
on time step 3324 (time=27.7), 0.207687 s/step
Meep progress: 27.858333333333334/30.399999618530273 = 91.6% done in 735.4s, 67.1s to go
on time step 3343 (time=27.8583), 0.219961 s/step
Meep progress: 28.016666666666666/30.399999618530273 = 92.2% done in 739.6s, 62.9s to go
on time step 3362 (time=28.0167), 0.218141 s/step
Meep progress: 28.166666666666668/30.399999618530273 = 92.7% done in 743.6s, 59.0s to go
on time step 3380 (time=28.1667), 0.225131 s/step
Meep progress: 28.325/30.399999618530273 = 93.2% done in 747.8s, 54.8s to go
on time step 3399 (time=28.325), 0.220105 s/step
Meep progress: 28.491666666666667/30.399999618530273 = 93.7% done in 752.0s, 50.4s to go
on time step 3419 (time=28.4917), 0.207738 s/step
Meep progress: 28.65/30.399999618530273 = 94.2% done in 756.1s, 46.2s to go
on time step 3438 (time=28.65), 0.219772 s/step
Meep progress: 28.816666666666666/30.399999618530273 = 94.8% done in 760.3s, 41.8s to go
on time step 3458 (time=28.8167), 0.209185 s/step
Meep progress: 28.974999999999998/30.399999618530273 = 95.3% done in 764.5s, 37.6s to go
on time step 3477 (time=28.975), 0.219081 s/step
Meep progress: 29.133333333333333/30.399999618530273 = 95.8% done in 768.6s, 33.4s to go
on time step 3496 (time=29.1333), 0.217875 s/step
Meep progress: 29.291666666666668/30.399999618530273 = 96.4% done in 772.8s, 29.2s to go
on time step 3515 (time=29.2917), 0.221122 s/step
Meep progress: 29.45/30.399999618530273 = 96.9% done in 777.0s, 25.1s to go
on time step 3534 (time=29.45), 0.220127 s/step
Meep progress: 29.616666666666667/30.399999618530273 = 97.4% done in 781.1s, 20.7s to go
on time step 3554 (time=29.6167), 0.207292 s/step
Meep progress: 29.775/30.399999618530273 = 97.9% done in 785.3s, 16.5s to go
on time step 3573 (time=29.775), 0.220343 s/step
Meep progress: 29.941666666666666/30.399999618530273 = 98.5% done in 789.5s, 12.1s to go
on time step 3593 (time=29.9417), 0.207406 s/step
Meep progress: 30.091666666666665/30.399999618530273 = 99.0% done in 793.6s, 8.1s to go
on time step 3611 (time=30.0917), 0.231699 s/step
Meep progress: 30.25/30.399999618530273 = 99.5% done in 797.9s, 4.0s to go
on time step 3630 (time=30.25), 0.221722 s/step
creating output file "./nanobeam-eps-000003648.h5"...
creating output file "./nanobeam-ey-000003648.h5"...
harminv0:, frequency, imag. freq., Q, |amp|, amplitude, error
harminv0:, 1.3408116191003856, -0.0052066257031314865, 128.76013137394958, 5.621816409089419, 1.046822721781621+5.523493634165678i, 9.85547395420539e-07+0.0i
harminv0:, 1.4539259193955174, -0.010550135773988412, 68.90555489248788, 0.2724795300691696, 0.1517311632244544+0.2263244317639381i, 0.0017903523171585957+0.0i
harminv0:, frequency, imag. freq., Q, |amp|, amplitude, error
harminv0:, 1.3445956198809053, -0.0012579402252947387, 534.4433673570868, 5.47349355289787, 2.7508554305828357+4.732010785453418i, 2.9727833366028726e-06+0.0i
run 0 finished at t = 30.4 (3648 timesteps)
Generating MP4...
flux1:, 1.1764705882352942, 0.013116688433333912, 7.396917511221147e-05, 0.0038527411211106946, -0.010002532662064129, 0.011714535126167947
flux1:, 1.1774529451058982, 0.013428112375614459, 7.64756676847509e-05, 0.003982885484567479, -0.010103001494592567, 0.011802820547313792
flux1:, 1.1784353019765021, 0.0137486204622613, 7.933805947340356e-05, 0.004111550315866363, -0.010203047963927446, 0.011891895168151244
flux1:, 1.179417658847106, 0.014077040717541418, 8.256516652511558e-05, 0.0042377265115455314, -0.010302175387122473, 0.011981605757412993
flux1:, 1.18040001571771, 0.014412050248766461, 8.61628187153142e-05, 0.004360380085632359, -0.010399896806097165, 0.012071819018798996
flux1:, 1.181382372588314, 0.014752177493472452, 9.013358655066383e-05, 0.004478467703228246, -0.010495746120658338, 0.012162429121393826
flux1:, 1.182364729458918, 0.015095806245872891, 9.447652671280528e-05, 0.004590953931126805, -0.010589289769814365, 0.012253365402218719
flux1:, 1.183347086329522, 0.015441181557312838, 9.918695082301159e-05, 0.004696830083865275, -0.01068013877966167, 0.012344600082386978
flux1:, 1.1843294432001257, 0.01578641759155859, 0.00010425622194661404, 0.004795134504912698, -0.01076796097330839, 0.012436155822372485
flux1:, 1.1853118000707297, 0.016129507499850305, 0.00010967158333754948, 0.0048849740833278935, -0.010852493117518609, 0.012528112928191431
flux1:, 1.1862941569413337, 0.016468335362745574, 0.00011541602384714642, 0.004965546766566922, -0.010933552762884572, 0.012620616009549983
flux1:, 1.1872765138119377, 0.016800690225965233, 0.00012146818428162991, 0.005036164791085011, -0.011011049519560522, 0.012713879883314263
flux1:, 1.1882588706825417, 0.017124282235749296, 0.0001278023087868294, 0.0050962783146139105, -0.011084995499864714, 0.012808194511918293
flux1:, 1.1892412275531457, 0.017436760855845425, 0.00013438824506661862, 0.005145499098264647, -0.011155514652842596, 0.012903928766813837
flux1:, 1.1902235844237494, 0.017735735123223458, 0.00014119149689848035, 0.005183623853831138, -0.011222850714454967, 0.013001532811981997
flux1:, 1.1912059412943534, 0.01801879587319349, 0.00014817333199831348, 0.005210656842662274, -0.011287373501317007, 0.013101538912674002
flux1:, 1.1921882981649574, 0.018283539836949653, 0.00015529094780577181, 0.005226831288002328, -0.011349583285867805, 0.013204560489666152
flux1:, 1.1931706550355614, 0.018527595485930456, 0.00016249769721176662, 0.005232629143838737, -0.011410113006986421, 0.01331128925999699
flux1:, 1.1941530119061654, 0.018748650468005296, 0.00016974337563559284, 0.00522879875054125, -0.011469728092595154, 0.013422490331205324
flux1:, 1.1951353687767692, 0.018944480450735376, 0.00017697457018228137, 0.005216369902164914, -0.011529323699766182, 0.01353899514762931
flux1:, 1.1961177256473732, 0.019112979156955392, 0.00018413507087519204, 0.005196665852360208, -0.01158991921324488, 0.013661692224204746
flux1:, 1.1971000825179772, 0.019252189348288776, 0.00019116634317286677, 0.005171311796678518, -0.011652649884978824, 0.013791515644930422
flux1:, 1.1980824393885812, 0.01936033448303207, 0.0001980080601456781, 0.005142239388694979, -0.011718755544976506, 0.013929431349764834
flux1:, 1.1990647962591852, 0.019435850746677703, 0.00020459869181737794, 0.005111686876499615, -0.011789566367011981, 0.014076421284174776
flux1:, 1.200047153129789, 0.01947741912655865, 0.00021087614827736232, 0.005082194484974508, -0.011866485730886125, 0.01423346553950067
flux1:, 1.201029510000393, 0.019483997177047616, 0.00021677847224968016, 0.005056594717997003, -0.011950970285395006, 0.014401522668875599
flux1:, 1.202011866870997, 0.019454850098931067, 0.0002222445758782795, 0.0050379973132266475, -0.012044507381875716, 0.014581508421577143
flux1:, 1.202994223741601, 0.01938958073637162, 0.00022721501556312377, 0.00502976865032043, -0.012148590116245868, 0.014774273197495037
flux1:, 1.203976580612205, 0.019288158077727303, 0.00023163279777312312, 0.005035505490773647, -0.012264690286605562, 0.014980578581569867
flux1:, 1.2049589374828087, 0.019150943832841993, 0.00023544420788199096, 0.005059003013533083, -0.012394229642498467, 0.01520107337445413
flux1:, 1.2059412943534127, 0.01897871664965987, 0.0002385996532355419, 0.005104217204227535, -0.012538549869365914, 0.015436269588788907
flux1:, 1.2069236512240167, 0.01877269352753717, 0.00024105451087749855, 0.005175221756299318, -0.01269888181611399, 0.01568651892906644
flux1:, 1.2079060080946207, 0.01853454798386009, 0.00024276996965017997, 0.005276159748117697, -0.012876314533619487, 0.015951990315694047
flux1:, 1.2088883649652247, 0.01826642453477711, 0.00024371385576112378, 0.005411190470121938, -0.01307176474546286, 0.016232649048745686
flux1:, 1.2098707218358287, 0.017970949060478532, 0.0002438614303798096, 0.005584431887991723, -0.013285947418342839, 0.016528238233491716
flux1:, 1.2108530787064324, 0.01765123464062057, 0.00024319614741503265, 0.005799899340671042, -0.013519348135786214, 0.016838263105244996
flux1:, 1.2118354355770364, 0.017310882466593888, 0.0002417103593365119, 0.006061441182953026, -0.013772198004725376, 0.01716197889593113
flux1:, 1.2128177924476404, 0.016953977464421382, 0.0002394059587550156, 0.006372672189699676, -0.014044451837631542, 0.017498382876212894
flux1:, 1.2138001493182444, 0.016585078295378256, 0.00023629494347773443, 0.0067369056401046495, -0.014335770352700236, 0.017846211185108474
flux1:, 1.2147825061888484, 0.01620920144092392, 0.00023239989291743272, 0.007157085093302017, -0.014645507119458813, 0.018203941022491593
flux1:, 1.2157648630594522, 0.0158317991243423, 0.00022775434406512788, 0.007635716948858569, -0.01497270094641213, 0.018569798728184567
flux1:, 1.2167472199300562, 0.01545873087335305, 0.00022240305574587718, 0.008174804954671546, -0.015316074360009108, 0.018941774204158362
flux1:, 1.2177295768006602, 0.015096228585998918, 0.00021640215056619466, 0.008775787878355423, -0.015674038760142492, 0.019317642053644633
flux1:, 1.2187119336712642, 0.014750855025790356, 0.00020981912483847317, 0.009439481593855327, -0.016044706756122334, 0.01969498971294797
flux1:, 1.2196942905418682, 0.014429455741401708, 0.00020273271783010342, 0.010166026850948702, -0.01642591208889395, 0.02007125273878451
flux1:, 1.220676647412472, 0.01413910448053863, 0.000195232632932416, 0.010954843989212981, -0.01681523743089132, 0.02044375728751922
flux1:, 1.221659004283076, 0.013887042246614177, 0.00018741910477378237, 0.011804595828629345, -0.017210050224728435, 0.02080976968319641
flux1:, 1.22264136115368, 0.013680610229951646, 0.00017940230790516802, 0.012713159914621937, -0.017607546577788142, 0.021166552821173377
flux1:, 1.223623718024284, 0.013527176931751757, 0.0001713016044558246, 0.013677611215098412, -0.018004803072759704, 0.02151142899490564
flux1:, 1.224606074894888, 0.013434059888336772, 0.00016324463008097323, 0.014694216260378474, -0.018398836186780003, 0.02184184856764464
flux1:, 1.2255884317654917, 0.013408442494351648, 0.0001553662195835341, 0.015758439583533054, -0.018786668836052817, 0.022155463741015388
flux1:, 1.2265707886360957, 0.013457286515867082, 0.00014780717577756846, 0.016864963159015884, -0.01916540338167319, 0.022450206501623535
flux1:, 1.2275531455066997, 0.013587240976675177, 0.00014071288744306123, 0.01800771935232645, -0.019532300248901045, 0.02272436965849447
flux1:, 1.2285355023773037, 0.013804548192562348, 0.00013423180458437174, 0.019179937684304135, -0.019884861129489617, 0.0229766897213267
flux1:, 1.2295178592479077, 0.014114947817889908, 0.00012851378161828138, 0.020374205482548965, -0.020220915558911697, 0.023206430216497737
flux1:, 1.2305002161185117, 0.014523579855245619, 0.00012370830155468263, 0.021582542241685043, -0.02053870949070572, 0.023413463897677927
flux1:, 1.2314825729891155, 0.015034887661301392, 0.00011996259666702487, 0.022796487247441332, -0.02083699433338183, 0.023598352185383406
flux1:, 1.2324649298597194, 0.015652522058845514, 0.00011741968353986717, 0.02400719973998188, -0.02111511477471432, 0.023762420068031188
flux1:, 1.2334472867303234, 0.016379247735365646, 0.00011621633270818541, 0.025205570604374745, -0.02137309359845456, 0.023907824620347243
flux1:, 1.2344296436009274, 0.01721685317115734, 0.00011648099531685569, 0.026382344285062944, -0.021611711603188342, 0.024037615246783592
flux1:, 1.2354120004715314, 0.018166065393581874, 0.00011833171130364641, 0.02752824933226401, -0.021832580666223213, 0.0241557837412464
flux1:, 1.2363943573421352, 0.019226470897672543, 0.00012187402550896964, 0.028634135706901508, -0.022038207960651292, 0.024267302273289017
flux1:, 1.2373767142127392, 0.020396444105636326, 0.00012719893979638662, 0.02969111670325793, -0.022232049334273484, 0.02437814746732592
flux1:, 1.2383590710833432, 0.021673084757781833, 0.00013438093070522938, 0.03069071310126597, -0.0224185498978628, 0.02449530883772851
flux1:, 1.2393414279539472, 0.02305216563418162, 0.00014347606330613696, 0.03162499693984688, -0.02260316994966653, 0.024626779980572798
flux1:, 1.2403237848245512, 0.02452809199877845, 0.00015452023276573226, 0.03248673211546843, -0.022792394484790684, 0.024781531102971852
flux1:, 1.241306141695155, 0.026093874135066353, 0.00016752756561469475, 0.033269508862795186, -0.02299372470342503, 0.024969461693883217
flux1:, 1.242288498565759, 0.027741114304037643, 0.00018248901282325134, 0.03396786907316428, -0.023215650141017702, 0.025201332405204252
flux1:, 1.243270855436363, 0.02946000940025139, 0.0001993711664981301, 0.03457741935786665, -0.023467600296276446, 0.025488675517744874
flux1:, 1.244253212306967, 0.031239370510183963, 0.00021811533130426658, 0.035094928772185896, -0.02375987492772893, 0.02584368371067244
flux1:, 1.245235569177571, 0.033066660488119126, 0.0002386368805590773, 0.03551840818820956, -0.0241035525246903, 0.026279077232460778
flux1:, 1.2462179260481747, 0.034928050558623004, 0.00026082492533710094, 0.0358471684434607, -0.02451037683048311, 0.026807949981858474
flux1:, 1.2472002829187787, 0.03680849683111823, 0.0002845423228598856, 0.036081854602031754, -0.024992621700955914, 0.02744359544414006
flux1:, 1.2481826397893827, 0.03869183747144401, 0.0003096260479048748, 0.03622445394761472, -0.025562935014544073, 0.028199313884939927
flux1:, 1.2491649966599867, 0.04056091111794393, 0.0003358879479755091, 0.03627827568438596, -0.02623416280566654, 0.029088202674608536
flux1:, 1.2501473535305907, 0.04239769695621069, 0.00036311589952528597, 0.036247900752740515, -0.02701915526458636, 0.030122932092942322
flux1:, 1.2511297104011945, 0.04418347667783886, 0.00039107537864210384, 0.03613910067047571, -0.027930556726114993, 0.03131550943878384
flux1:, 1.2521120672717985, 0.045899018345540346, 0.0004195114553004299, 0.03595872488355181, -0.02898058224912487, 0.03267703473314951
flux1:, 1.2530944241424025, 0.04752478197078451, 0.00044815121559977814, 0.035714556749791085, -0.030180783859399568, 0.034217451748394884
flux1:, 1.2540767810130065, 0.049041146382341555, 0.0004767066113682407, 0.035415138977568754, -0.031541809980944156, 0.03594529851024342
flux1:, 1.2550591378836105, 0.05042865672620549, 0.0005048777311609996, 0.03506957009242777, -0.03307316200579031, 0.03786746179444495
flux1:, 1.2560414947542144, 0.05166829169121124, 0.0005323564810710676, 0.034687274298437404, -0.03478295233959778, 0.039988940465389235
flux1:, 1.2570238516248182, 0.05274174930225565, 0.0005588306579456415, 0.03427774792719725, -0.03667766860021544, 0.04231262277070484
flux1:, 1.2580062084954222, 0.05363174986646629, 0.0005839883916346629, 0.033850286513687246, -0.038761948928916164, 0.04483908290430754
flux1:, 1.2589885653660262, 0.05432235439934995, 0.0006075229268406579, 0.03341369739088693, -0.041038373589923204, 0.047566402271541464
flux1:, 1.2599709222366302, 0.05479929660032251, 0.0006291377090707241, 0.03297600353950535, -0.04350727817421516, 0.050490020926368805
flux1:, 1.2609532791072342, 0.05505032619260603, 0.0006485517331825614, 0.03254414524916331, -0.04616659377993947, 0.053602624594020834
flux1:, 1.261935635977838, 0.05506556119411834, 0.0006655051071412535, 0.03212368692611436, -0.04901171950716164, 0.05689407253795521
flux1:, 1.262917992848442, 0.054837846446291125, 0.0006797647779505183, 0.031718537102239514, -0.05203543247279557, 0.060351371272013093
flux1:, 1.263900349719046, 0.05436311549969904, 0.0006911303613628435, 0.03133069034267104, -0.05522784031720882, 0.06395869875403153
flux1:, 1.26488270658965, 0.053640752741726624, 0.0006994400119960183, 0.030960000296559317, -0.058576380834348456, 0.06769748322474785
flux1:, 1.265865063460254, 0.05267395245525693, 0.0007045762659741072, 0.03060399356888336, -0.062065872910009486, 0.07154654027496427
flux1:, 1.266847420330858, 0.05147007132117454, 0.000706471784242284, 0.030257734393154857, -0.06567862239820724, 0.07548227103731434
flux1:, 1.2678297772014617, 0.05004097072431464, 0.0007051149213624685, 0.029913750238338095, -0.06939458590543801, 0.07947892361006366
flux1:, 1.2688121340720657, 0.048403345094990655, 0.0007005550419575423, 0.029562028472207312, -0.07319159469099386, 0.08350891893576612
flux1:, 1.2697944909426697, 0.046579032418857, 0.0006929075050982468, 0.02919009401350073, -0.07704564003366285, 0.08754324138472347
flux1:, 1.2707768478132737, 0.04459530297927606, 0.0006823582358975705, 0.028783177523527416, -0.08093122047026585, 0.09155189324316577
flux1:, 1.2717592046838777, 0.042485122360600425, 0.000669167803440972, 0.028324483104863598, -0.08482175028804068, 0.09550441118972103
flux1:, 1.2727415615544815, 0.040287384739878314, 0.0006536749249891232, 0.02779556368085256, -0.0886900275650576, 0.09937044167747497
flux1:, 1.2737239184250855, 0.03804711253042264, 0.0006362993181990217, 0.027176811221845096, -0.09250875891227053, 0.10312037093576767
flux1:, 1.2747062752956895, 0.03581561851468766, 0.0006175438259261331, 0.02644806775847667, -0.09625113689554897, 0.10672600408631813
flux1:, 1.2756886321662935, 0.03365062671737417, 0.0005979957420440918, 0.025589361682053724, -0.0998914649222563, 0.1101612866496656
flux1:, 1.2766709890368975, 0.031616348423389534, 0.0005783272716432478, 0.02458177218106273, -0.10340582318411888, 0.11340306052115828
flux1:, 1.2776533459075012, 0.029783509939770265, 0.0005592950649428997, 0.023408422810876583, -0.10677276807635534, 0.11643184534209963
flux1:, 1.2786357027781052, 0.028229328936131674, 0.000541738771270078, 0.022055603153359256, -0.10997405638381935, 0.11923263510329359
flux1:, 1.2796180596487092, 0.027037436474248, 0.0005265785674837579, 0.020514015311409842, -0.11299538445915977, 0.12179569881643117
flux1:, 1.2806004165193132, 0.026297742153498734, 0.0005148116242135241, 0.0187801396215912, -0.11582713163907758, 0.12411737319739251
flux1:, 1.2815827733899172, 0.026106240153950366, 0.0005075074831939188, 0.016857711481105528, -0.11846509627318595, 0.1262008345438547
flux1:, 1.282565130260521, 0.026564754351323678, 0.0005058023297234101, 0.014759298602051274, -0.12091121199893774, 0.1280568363814877
flux1:, 1.283547487131125, 0.027780621106075137, 0.0005108921557894616, 0.012507965359518966, -0.1231742313043577, 0.12970439901462838
flux1:, 1.284529844001729, 0.029866308790008126, 0.0005240248215804185, 0.010139008226074659, -0.1252703629994447, 0.13117143686989072
flux1:, 1.285512200872333, 0.032938973605310624, 0.0005464910358377901, 0.007701743623393687, -0.12722384998286404, 0.13249530947806606
flux1:, 1.286494557742937, 0.037119951769714346, 0.0005796142886753483, 0.005261326913759012, -0.1290674736601963, 0.13372328211571757
flux1:, 1.2874769146135407, 0.04253418868380569, 0.0006247397839646476, 0.0029005787445374985, -0.13084297155578328, 0.1349128825330378
flux1:, 1.2884592714841447, 0.04930960625848084, 0.000683222432027705, 0.0007217925927645507, -0.13260135507285706, 0.13613214083650824
flux1:, 1.2894416283547487, 0.057576410158028134, 0.0007564139770283324, -0.0011515048177221108, -0.13440311500361785, 0.13745970047750847
flux1:, 1.2904239852253527, 0.06746633930232074, 0.00084564934696241, -0.0025728704907296528, -0.13631830327567798, 0.1389847894217184
flux1:, 1.2914063420959567, 0.07911186056551786, 0.0009522323273465545, -0.003371371439069102, -0.13842648054393414, 0.14080704193501342
flux1:, 1.2923886989665605, 0.09264531220323054, 0.0010774206724316665, -0.0033501535081700857, -0.14081652059383895, 0.14303616301195338
flux1:, 1.2933710558371645, 0.10819800012984504, 0.001222410779848305, -0.0022851869217247476, -0.1435862641051646, 0.145791429281245
flux1:, 1.2943534127077685, 0.125899251747082, 0.0013883220658602348, 7.577674301356241e-05, -0.14684201612217007, 0.14920102223192838
flux1:, 1.2953357695783725, 0.14587543258838326, 0.0015761811886890616, 0.004014001369788325, -0.15069788357114197, 0.1534011917952155
flux1:, 1.2963181264489765, 0.16824893158538526, 0.0017869062765152196, 0.009840282542835064, -0.1552749513383006, 0.15853525066467994
flux1:, 1.2973004833195805, 0.1931371212770207, 0.0020212913246016925, 0.017895149779157057, -0.16070029774621272, 0.16475240221458942
flux1:, 1.2982828401901843, 0.22065129976254505, 0.0022799909323699213, 0.028548722794078798, -0.16710585271624362, 0.1722064074500935
flux1:, 1.2992651970607882, 0.2508956216424119, 0.0025635055560607237, 0.04220019186960068, -0.1746271044473165, 0.181054099060171
flux1:, 1.3002475539313922, 0.2839660255883381, 0.0028721674556836272, 0.05927689498939505, -0.18340166304122768, 0.19145375330522724
flux1:, 1.3012299108019962, 0.3199491665325678, 0.0032061275162101315, 0.08023296756534266, -0.19356769212505923, 0.20356333311817193
flux1:, 1.3022122676726002, 0.35892136076019354, 0.0035653431222874045, 0.1055475443014697, -0.20526222212147088, 0.2175386183872825
flux1:, 1.303194624543204, 0.4009475524230117, 0.003949567263066175, 0.1357224970064496, -0.21861936135579313, 0.23353124187922464
flux1:, 1.304176981413808, 0.44608031016480465, 0.004358339038993512, 0.171279696950932, -0.23376842362244948, 0.2516866516079401
flux1:, 1.305159338284412, 0.4943588626520976, 0.004790975735579116, 0.21275779563771277, -0.2508319931182906, 0.272142022615755
flux1:, 1.306141695155016, 0.5458081818382647, 0.0052465666201991544, 0.2607085235684914, -0.2699239497445963, 0.2950241430663167
flux1:, 1.30712405202562, 0.6004381227487962, 0.005723968606936041, 0.31569251269858833, -0.29114747963846255, 0.32044730121144205
flux1:, 1.308106408896224, 0.6582426284610098, 0.006221803921356129, 0.3782746547115341, -0.31459309738179136, 0.3485112011519731
flux1:, 1.3090887657668278, 0.7191990087590049, 0.006738459881985333, 0.44901901394922694, -0.34033670760708873, 0.37929893632501877
flux1:, 1.3100711226374318, 0.7832673006745913, 0.007272090898215596, 0.5284833207242297, -0.3684377346463603, 0.41287505029121535
flux1:, 1.3110534795080357, 0.8503897187770935, 0.007820622765525212, 0.61721307773661, -0.39893734941545705, 0.4492837146349351
flux1:, 1.3120358363786397, 0.920490202648863, 0.00838175931837316, 0.7157353193275849, -0.4318568228681129, 0.48854705360812345
flux1:, 1.3130181932492437, 0.9934740684811985, 0.008952991479103918, 0.8245520702320106, -0.467196035067792, 0.5306636445271613
flux1:, 1.3140005501198475, 1.0692277711486562, 0.009531608717842189, 0.9441335572420618, -0.5049321681982659, 0.5756072218635611
flux1:, 1.3149829069904515, 1.1476187824719446, 0.010114712913890546, 1.0749112336671358, -0.5450186106546564, 0.6233256114499045
flux1:, 1.3159652638610555, 1.2284955906621609, 0.010699234583775303, 1.2172706825583184, -0.5873840977212065, 0.6737399192534944
flux1:, 1.3169476207316595, 1.3116878251594528, 0.011281951415086236, 1.3715444702683568, -0.6319321122596704, 0.7267439967681701
flux1:, 1.3179299776022635, 1.3970065102387563, 0.011859509018866645, 1.5380050269275962, -0.6785405663084039, 0.7822042022511039
flux1:, 1.3189123344728673, 1.4842444498625138, 0.012428443786828045, 1.7168576347388647, -0.7270617815510657, 0.8399594738169079
flux1:, 1.3198946913434713, 1.5731767453188545, 0.012985207713348693, 1.9082336085353362, -0.7773227832783047, 0.899821726826702
flux1:, 1.3208770482140753, 1.6635614462031825, 0.013526195016418342, 2.112183755714768, -0.82912591877211, 0.9615765841126517
flux1:, 1.3218594050846793, 1.7551403342864653, 0.014047770366637053, 2.3286722043829187, -0.8822498070286142, 1.0249844434102078
flux1:, 1.3228417619552832, 1.847639838773998, 0.014546298509453394, 2.557570689233231, -0.9364506224508498, 1.0897818819733247
flux1:, 1.323824118825887, 1.940772080401377, 0.015018175043272393, 2.7986533843022596, -0.9914637106408078, 1.155683393794041
flux1:, 1.324806475696491, 2.034236040750794, 0.015459858095216019, 3.0515923702224925, -1.0470055297568417, 1.2223834501817157
flux1:, 1.325788832567095, 2.1277188521055197, 0.015867900617451334, 3.3159538208999604, -1.1027759061460713, 1.2895588697598572
flux1:, 1.326771189437699, 2.2208972021071145, 0.01623898301039152, 3.591194990673543, -1.158460588174772, 1.356871479271031
flux1:, 1.327753546308303, 2.3134388464456075, 0.016569945764999258, 3.8766620779362118, -1.213734077438155, 1.4239710420128113
flux1:, 1.3287359031789068, 2.4050042218062067, 0.01685782180508872, 4.171589034940568, -1.2682627119009318, 1.4904984263360812
flux1:, 1.3297182600495108, 2.4952481503290627, 0.01709986820220913, 4.475097386099967, -1.3217079710822468, 1.5560889824893405
flux1:, 1.3307006169201148, 2.5838216259181217, 0.01729359693052064, 4.786197108560784, -1.3737299692199927, 1.6203760922578703
flux1:, 1.3316829737907188, 2.670373671871751, 0.017436804327274017, 5.103788619247733, -1.4239910985056132, 1.6829948523958747
flux1:, 1.3326653306613228, 2.7545532585082553, 0.017527598926161327, 5.4266659020123065, -1.472159781037898, 1.743585849841247
flux1:, 1.3336476875319265, 2.836011268735706, 0.01756442733604784, 5.753520797089078, -1.5179142851718632, 1.801798984198292
flux1:, 1.3346300444025305, 2.9144024988711896, 0.0175460978464676, 6.082948462840406, -1.5609465594918248, 1.8572972910263914
flux1:, 1.3356124012731345, 2.9893876814596445, 0.017471801453781508, 6.413454006916908, -1.6009660357751896, 1.909760718121122
flux1:, 1.3365947581437385, 3.0606355163838423, 0.017341130018085862, 6.743460270593314, -1.6377033510800492, 1.9588898062701123
flux1:, 1.3375771150143425, 3.1278246961984615, 0.01715409128068648, 7.071316736313125, -1.670913938524905, 2.004409225917336
flux1:, 1.3385594718849465, 3.1906459113699945, 0.016911120495199928, 7.39530951455485, -1.7003814364610033, 2.0460711218169894
flux1:, 1.3395418287555503, 3.2488038209633174, 0.01661308845190645, 7.713672352185759, -1.7259208665916137, 2.0836582190949122
flux1:, 1.3405241856261543, 3.3020189742900405, 0.016261305704711043, 8.024598590672522, -1.7473815331721538, 2.1169866461674736
flux1:, 1.3415065424967583, 3.350029669122701, 0.0158575228427061, 8.326253989053923, -1.7646495977321435, 2.1459084326799927
flux1:, 1.3424888993673623, 3.392593732288587, 0.015403926683714732, 8.616790313634313, -1.7776502867859658, 2.1703136440027673
flux1:, 1.3434712562379663, 3.4294902087824846, 0.01490313230481449, 8.894359584104656, -1.7863496937095344, 2.1901321178111655
flux1:, 1.34445361310857, 3.460520945982981, 0.014358170864660251, 9.15712885443334, -1.790756140337455, 2.205334772861167
flux1:, 1.345435969979174, 3.4855120601168887, 0.013772473213776792, 9.403295396542601, -1.7909210688124266, 2.215934465167394
flux1:, 1.346418326849778, 3.5043152727907065, 0.013149849331705555, 9.63110214570307, -1.7869394397609581, 2.22198637235718
flux1:, 1.347400683720382, 3.5168091061908373, 0.012494463673404028, 9.838853258847413, -1.7789496188930454, 2.2235878929273367
flux1:, 1.348383040590986, 3.5228999264421788, 0.01181080655128145, 10.024929630809106, -1.7671327405647035, 2.2208780533951726
flux1:, 1.34936539746159, 3.5225228256007877, 0.01110366172311185, 10.1878042089286, -1.7517115436090718, 2.2140364228166463
flux1:, 1.3503477543321938, 3.5156423338342813, 0.01037807039949889, 10.326056943675601, -1.7329486817500412, 2.203281540767627
flux1:, 1.3513301112027978, 3.502252954505368, 0.009639291926939905, 10.438389211966825, -1.7111445180603793, 2.1888688715305085
flux1:, 1.3523124680734018, 3.482379516110695, 0.00889276144346159, 10.52363755081, -1.6866344201142796, 2.171088303820983
flux1:, 1.3532948249440058, 3.45607733632959, 0.008144044842789952, 10.580786541818732, -1.6597855796072478, 2.1502612218129875
flux1:, 1.3542771818146098, 3.423432194795557, 0.007398791419567164, 10.608980692005906, -1.6309933871718463, 2.1267371793865313
flux1:, 1.3552595386852135, 3.384560112605706, 0.006662684601833525, 10.607535163120804, -1.6006773997929444, 2.1008902153268734
flux1:, 1.3562418955558175, 3.339606938018941, 0.005941391207384533, 10.57594521057057, -1.5692769445232289, 2.073114852561298
flux1:, 1.3572242524264215, 3.288747739251458, 0.005240509687316751, 10.51389420362365, -1.5372464080171386, 2.0438218293358212
flux1:, 1.3582066092970255, 3.2321860067439725, 0.004565517842665082, 10.421260111040816, -1.5050502666416976, 2.013433614434199
flux1:, 1.3591889661676295, 3.170152668738818, 0.003921720518233605, 10.298120350410663, -1.4731579164946504, 1.9823797620482326
flux1:, 1.3601713230382333, 3.1029049254522594, 0.0033141977911529553, 10.144754915137426, -1.4420383664962326, 1.9510921646630421
flux1:, 1.3611536799088373, 3.030724908547604, 0.0027477541801799277, 9.961647710089828, -1.4121548607296872, 1.9200002642722187
flux1:, 1.3621360367794413, 2.9539181739929825, 0.002226869405005939, 9.749486045187497, -1.383959498348367, 1.8895262833392528
flux1:, 1.3631183936500453, 2.872812037714009, 0.0017556512227306009, 9.509158255455931, -1.357887920579815, 1.860080537154154
flux1:, 1.3641007505206493, 2.7877537647138637, 0.00133779086111716, 9.241749436147058, -1.3343541346160666, 1.8320568885791173
flux1:, 1.365083107391253, 2.6991086235190274, 0.0009765215551446567, 8.948535302113314, -1.3137455434592533, 1.8058284046338082
flux1:, 1.366065464261857, 2.607257818907775, 0.0006745806747875283, 8.630974201524749, -1.2964182490844631, 1.781743271954807
flux1:, 1.367047821132461, 2.512596316882446, 0.00043417590792346755, 8.290697334975391, -1.2826926936018501, 1.7601210249008472
flux1:, 1.368030178003065, 2.415530576742193, 0.00025695593292381704, 7.929497251758087, -1.2728496994645813, 1.7412491360077247
flux1:, 1.369012534873669, 2.3164762058958983, 0.00014398598101668627, 7.54931471534363, -1.2671269652231267, 1.725380013676459
flux1:, 1.3699948917442728, 2.215855553715039, 9.572864914592919e-05, 7.152224049626247, -1.2657160679139934, 1.7127284464765462
flux1:, 1.3709772486148768, 2.1140952612593633, 0.0001120302801384191, 6.740417096010017, -1.2687600169691475, 1.70346952733225
flux1:, 1.3719596054854808, 2.011623784105918, 0.00019211317882279072, 6.316185928698239, -1.276351397610689, 1.6977370842345176
flux1:, 1.3729419623560848, 1.908868905773303, 0.00033457388078234014, 5.881904491325117, -1.2885311341512025, 1.69562263706955
flux1:, 1.3739243192266888, 1.8062552593529138, 0.0005373876351194676, 5.440009332170683, -1.3052878955561829, 1.6971748927906036
flux1:, 1.3749066760972926, 1.7042018749378165, 0.0007979192044245665, 4.9929796273762745, -1.3265581571462357, 1.70239978359059
flux1:, 1.3758890329678966, 1.6031197702724256, 0.001112940024679015, 4.543316691665425, -1.3522269235517976, 1.711261045072819
flux1:, 1.3768713898385005, 1.5034096017414833, 0.0014786517056093406, 4.093523183936696, -1.382129109095058, 1.72368132378646
flux1:, 1.3778537467091045, 1.4054593923683503, 0.001890715788684182, 3.6460822205675556, -1.4160515628045751, 1.7395437960062623
flux1:, 1.3788361035797085, 1.3096423529090233, 0.0023442896161130727, 3.203436612274755, -1.4537357163856663, 1.758694272413783
flux1:, 1.3798184604503125, 1.2163148114135824, 0.002834068100548341, 2.76796844085557, -1.4948808248143077, 1.780943756486069
flux1:, 1.3808008173209163, 1.1258142657847512, 0.0033543311223011275, 2.3419791900233133, -1.5391477609170618, 1.8060714180317514
flux1:, 1.3817831741915203, 1.0384575729022325, 0.003898996219505988, 1.9276706398758487, -1.5861633174717182, 1.833827937528729
flux1:, 1.3827655310621243, 0.9545392868108321, 0.004461676177372644, 1.5271267273148175, -1.6355249631297604, 1.863939171807037
flux1:, 1.3837478879327283, 0.87433015729577, 0.005035741066153606, 1.1422965650351145, -1.6868059919339424, 1.8961100872638084
flux1:, 1.3847302448033323, 0.7980757989034611, 0.005614384224325936, 0.7749787996276315, -1.7395610004815607, 1.930028903264504
flux1:, 1.3857126016739363, 0.7259955391196045, 0.006190691634356951, 0.42680747502034017, -1.7933316219592559, 1.965371385733054
flux1:, 1.38669495854454, 0.6582814530002561, 0.0067577140938289764, 0.0992395510789524, -1.8476524424152359, 2.0018052292014663
flux1:, 1.387677315415144, 0.5950975900778515, 0.007308541545217684, -0.20645579110745524, -1.9020570218176758, 2.0389944648085674
flux1:, 1.388659672285748, 0.536579397847468, 0.007836378893690132, -0.4892059456916, -1.9560839407020825, 2.076603831916488
flux1:, 1.389642029156352, 0.4828333445881614, 0.008334622614369205, -0.7481416901222296, -2.0092827925801187, 2.1143030521484256
flux1:, 1.390624386026956, 0.4339367427090018, 0.008796937428984736, -0.9826019371820327, -2.0612200427776624, 2.1517709467256916
flux1:, 1.3916067428975598, 0.3899377722368727, 0.009217332316987311, -1.1921363868598946, -2.11148467598171, 2.1886993409542477
flux1:, 1.3925890997681638, 0.35085570250220577, 0.009590235118335016, -1.3765060579491837, -2.1596935574949603, 2.22479670354178
flux1:, 1.3935714566387678, 0.3166813085400471, 0.009910564984409663, -1.5356817035948556, -2.2054964369787005, 2.2597914730401327
flux1:, 1.3945538135093718, 0.2873774772204887, 0.010173801940035863, -1.6698401393337103, -2.2485805282552542, 2.2934350290353387
flux1:, 1.3955361703799758, 0.2628799966695943, 0.010376052833384379, -1.7793585361518824, -2.2886746044828037, 2.325504271659429
flux1:, 1.3965185272505796, 0.24309852114980496, 0.01051411297158934, -1.8648067544389622, -2.3255525546060523, 2.3558037794734528
flux1:, 1.3975008841211836, 0.22791770224986377, 0.010585522768133994, -1.9269378171346767, -2.3590363543534623, 2.384167522659417
flux1:, 1.3984832409917876, 0.21719847600067493, 0.01058861876323358, -1.966676641557294, -2.3889984130624984, 2.410460115657018
flux1:, 1.3994655978623916, 0.21077949439403917, 0.010522578420325002, -1.9851071691047386, -2.415363266174882, 2.4345776007538635
flux1:, 1.4004479547329955, 0.2084786887466091, 0.01038745815006133, -1.9834580499700678, -2.438108592204768, 2.456447761579054
flux1:, 1.4014303116035993, 0.21009495142916987, 0.010184224067448566, -1.9630870559894633, -2.457265542235394, 2.4760299728230297
flux1:, 1.4024126684742033, 0.21540992167964615, 0.009914775047555446, -1.9254644085334944, -2.4729183793837217, 2.4933145997027957
flux1:, 1.4033950253448073, 0.22418986054263024, 0.00958195771001203, -1.8721552197917155, -2.48520343507147, 2.5083219675808257
flux1:, 1.4043773822154113, 0.23618759943431478, 0.009189573031716584, -1.8048012547388104, -2.494307398199419, 2.521100928624863
flux1:, 1.4053597390860153, 0.25114454642295697, 0.008742374360174382, -1.7251022274023722, -2.5004649623151027, 2.5317270583548868
flux1:, 1.406342095956619, 0.2687927340440963, 0.008246056676026393, -1.6347968487004323, -2.5039558644554774, 2.540300520267557
flux1:, 1.407324452827223, 0.2888568923381852, 0.007707237031849881, -1.535643844045586, -2.5051013574128547, 2.5469436413710023
flux1:, 1.408306809697827, 0.3110565308055414, 0.007133426174530043, -1.429403157117241, -2.5042601645972353, 2.551798245334683
flux1:, 1.409289166568431, 0.3351080131190257, 0.006532991439609597, -1.3178175517234876, -2.5018239733498113, 2.5550227929958895
flux1:, 1.410271523439035, 0.36072660871544704, 0.005915111087268338, -1.2025948165781843, -2.498212528395971, 2.5567893821264756
flux1:, 1.4112538803096388, 0.3876285057989717, 0.005289720330144182, -1.0853907682129182, -2.49386839205003, 2.5572806596173274
flux1:, 1.4122362371802428, 0.4155327708286779, 0.004667449382365803, -0.9677932352708445, -2.4892514417078284, 2.5566866995705997
flux1:, 1.4132185940508468, 0.44416324022211656, 0.004059553936048551, -0.8513071932591988, -2.484833178065209, 2.5552019002072694
flux1:, 1.4142009509214508, 0.4732503307795264, 0.0034778385454241954, -0.7373412026685212, -2.4810909193179573, 2.5530219510128482
flux1:, 1.4151833077920548, 0.5025327562119714, 0.002934573469002945, -0.6271952854310174, -2.47850195734003, 2.550340919193154
flux1:, 1.4161656646626586, 0.5317591381312058, 0.002442405585898473, -0.522050355233089, -2.477537751483967, 2.5473485013454327
flux1:, 1.4171480215332626, 0.5606895009207766, 0.0020142640631679483, -0.42295929648511726, -2.4786582342260335, 2.544227482327707
flux1:, 1.4181303784038666, 0.5890966410450421, 0.001663261505985723, -0.33083976507713087, -2.482306300418739, 2.5411514387077223
flux1:, 1.4191127352744706, 0.6167673625552712, 0.0014025913711780181, -0.2464687616948173, -2.488902548464309, 2.5382827189791577
flux1:, 1.4200950921450746, 0.6435035718081416, 0.0012454224666062783, -0.17047900575025057, -2.498840337347654, 2.5357707270461267
flux1:, 1.4210774490156786, 0.6691232257088251, 0.0012047913936066841, -0.10335711519212318, -2.5124812182440968, 2.5337505293954248
flux1:, 1.4220598058862823, 0.6934611291176741, 0.0012934938168387082, -0.0454435749090355, -2.530150793433444, 2.5323418000239912
flux1:, 1.4230421627568863, 0.7163695784030704, 0.00152397546518321, 0.003065545580014914, -2.5521350486102756, 2.531648110665119
flux1:, 1.4240245196274903, 0.7377188494708774, 0.0019082237784810434, 0.04211518564985322, -2.578677197488455, 2.5317565672949054
flux1:, 1.4250068764980943, 0.7573975299415739, 0.002457661117852742, 0.07178627891535576, -2.609975069969819, 2.5327377874097183
flux1:, 1.4259892333686983, 0.7753126964670299, 0.0031830404519523825, 0.09228922976099892, -2.646179067211332, 2.5346462062610584
flux1:, 1.4269715902393023, 0.7913899394682364, 0.004094344417850602, 0.10395599758857527, -2.687390698794542, 2.537520694234879
flux1:, 1.427953947109906, 0.8055732388226581, 0.005200688633407384, 0.1072309206979354, -2.733661709014668, 2.541385461967106
flux1:, 1.42893630398051, 0.8178246952235987, 0.00651023010812998, 0.10266042512330469, -2.7849937911786675, 2.546251224696516
flux1:, 1.429918660851114, 0.8281241230648299, 0.00803008156192939, 0.09088177502720587, -2.8413388808578848, 2.5521165928592238
flux1:, 1.430901017721718, 0.836468511762123, 0.009766232416166401, 0.07261103028694119, -2.9026000114003083, 2.5589696521017533
flux1:, 1.431883374592322, 0.8428713634006899, 0.011723477169359934, 0.04863038360438712, -2.9686327077739425, 2.5667896927959224
flux1:, 1.4328657314629258, 0.8473619154867154, 0.013905351811369919, 0.019775053774576445, -3.039246888094218, 2.5755490468298317
flux1:, 1.4338480883335298, 0.8499842583748783, 0.01631407886531444, -0.013080086357789282, -3.1142092360744407, 2.585214987964515
flux1:, 1.4348304452041338, 0.850796357637395, 0.018950521576497355, -0.04903396923070501, -3.193246002204939, 2.5957516513986327
flux1:, 1.4358128020747378, 0.8498689922276657, 0.021814147692916883, -0.08717270402114202, -3.27604618679077, 2.6071219283914027
flux1:, 1.4367951589453418, 0.8472846197713453, 0.02490300320310593, -0.12658269019001422, -3.3622650541048116, 2.6192892928346696
flux1:, 1.4377775158159456, 0.8431361806853117, 0.0282136963149064, -0.16636331037709332, -3.4515279238874195, 2.6322195185245256
flux1:, 1.4387598726865496, 0.8375258530807983, 0.03174139187406934, -0.20563904922664095, -3.543434184278018, 2.6458822485157953
flux1:, 1.4397422295571536, 0.8305637705497575, 0.03547981633500448, -0.24357089590746245, -3.6375614689926956, 2.6602523812969077
flux1:, 1.4407245864277576, 0.8223667149642185, 0.039421273308484876, -0.27936690094674116, -3.7334699411834134, 2.67531124253187
flux1:, 1.4417069432983616, 0.8130567963397354, 0.043556669623333856, -0.31229177231743266, -3.830706626892584, 2.6910475157077927
flux1:, 1.4426893001689653, 0.8027601316274157, 0.047875551751982964, -0.3416754112804908, -3.9288097423365604, 2.7074579100993468
flux1:, 1.4436716570395693, 0.7916055340098753, 0.05236615236404421, -0.36692030504392, -4.027312961354322, 2.724547549939109
flux1:, 1.4446540139101733, 0.7797232238887295, 0.05701544668836756, -0.387507710614006, -4.125749572201253, 2.7423300744410235
flux1:, 1.4456363707807773, 0.7672435722702082, 0.06180921828349487, -0.4030025820243293, -4.22365647637882, 2.760827444273171
flux1:, 1.4466187276513813, 0.7542958866893094, 0.0667321337392833, -0.4130572111773065, -4.320577986294638, 2.7800694560913715
flux1:, 1.447601084521985, 0.7410072491657794, 0.07176782575980707, -0.41741357056563455, -4.416069383161188, 2.8000929727258947
flux1:, 1.448583441392589, 0.7275014149683312, 0.076898984009914, -0.4159043639077137, -4.5097002015767975, 2.820940882440633
flux1:, 1.449565798263193, 0.7138977801823478, 0.08210745304557335, -0.40845280798739647, -4.601057212595535, 2.842660806257988
flux1:, 1.450548155133797, 0.7003104252408614, 0.08737433659206027, -0.3950711855071792, -4.689747082679186, 2.8653035775565274
flux1:, 1.451530512004401, 0.686847240698123, 0.092680107384461, -0.37585822432859706, -4.775398691653977, 2.888921522906256
flux1:, 1.4525128688750049, 0.6736091406079098, 0.09800472174235997, -0.3509953728902595, -4.8576650985399805, 2.9135665773295756
flux1:, 1.4534952257456089, 0.6606893679255952, 0.10332773801523071, -0.320742054683119, -4.936225149825373, 2.939288270777528
flux1:, 1.4544775826162128, 0.6481728953921085, 0.108628438007334, -0.28542999627625215, -5.010784730289272, 2.96613162553225
flux1:, 1.4554599394868168, 0.6361359243897103, 0.11388595047087324, -0.24545673339198149, -5.081077661780512, 2.9941350064395147
flux1:, 1.4564422963574208, 0.6246454832933024, 0.11907937574403603, -0.2012784078267317, -5.1468662603398245, 3.0233279672852342
flux1:, 1.4574246532280246, 0.6137591258848539, 0.1241879106062847, -0.15340197452777182, -5.207941566638042, 3.0537291372550714
flux1:, 1.4584070100986286, 0.6035247294629957, 0.12919097242693958, -0.10237694281802988, -5.264123268841995, 3.085344191224217
flux1:, 1.4593893669692326, 0.5939803913715426, 0.1340683216944863, -0.04878677859070727, -5.315259340636653, 3.1181639466331608
flux1:, 1.4603717238398366, 0.5851544217989675, 0.13880018203305075, 0.006759904719121378, -5.361225420220613, 3.1521626279312858
flux1:, 1.4613540807104406, 0.57706542987241, 0.14336735683890223, 0.06363823940566418, -5.4019239585690215, 3.187296337038736
flux1:, 1.4623364375810444, 0.5697224992915277, 0.1477513417032092, 0.12121595660425197, -5.43728316716506, 3.2235017650425686
flux1:, 1.4633187944516486, 0.5631254490258351, 0.1519344318273906, 0.17886207908943555, -5.467255796665242, 3.2606951764643948
flux1:, 1.4643011513222524, 0.5572651739392601, 0.15589982368372282, 0.23595533941677174, -5.491817778642902, 3.29877169296874
flux1:, 1.4652835081928564, 0.5521240596124021, 0.1596317102260164, 0.29189221631581486, -5.5109667626172465, 3.3376048984280393
flux1:, 1.4662658650634603, 0.5476764651103955, 0.1631153690123889, 0.34609449078649346, -5.5247205800805, 3.377046781884978
flux1:, 1.4672482219340643, 0.5438892669952453, 0.16633724266429048, 0.39801623303394146, -5.533115666179215, 3.4169280292683712
flux1:, 1.4682305788046683, 0.5407224575088153, 0.1692850111518874, 0.4471501420254017, -5.536205468170845, 3.4570586688166345
flux1:, 1.4692129356752721, 0.5381297895573431, 0.1719476554654145, 0.4930331708862351, -5.534058867768646, 3.49722906914615
flux1:, 1.470195292545876, 0.5360594609117, 0.17431551230436643, 0.5352513833865841, -5.526758642103, 3.537211282884494
flux1:, 1.47117764941648, 0.5344548298991753, 0.1763803194906726, 0.5734439992106933, -5.514399985285452, 3.57676072285869
flux1:, 1.472160006287084, 0.5332551548016397, 0.17813525188779408, 0.607306598359726, -5.497089109574365, 3.615618152108463
flux1:, 1.473142363157688, 0.5323963491901007, 0.17957494768409024, 0.6365934677256766, -5.474941941925238, 3.653511963564203
flux1:, 1.4741247200282919, 0.5318117455144362, 0.18069552497536326, 0.6611190854031118, -5.44808292838297, 3.6901607201962885
flux1:, 1.4751070768988959, 0.531432859426645, 0.18149458865732793, 0.6807587505036845, -5.416643955364634, 3.7252759218791693
flux1:, 1.4760894337694999, 0.5311901475427493, 0.18197122771337462, 0.6954483779353924, -5.38076339349196, 3.7585649612080014
flux1:, 1.4770717906401039, 0.5310137516383087, 0.18212600305571225, 0.7051834886536599, -5.340585266304098, 3.789734227115876
flux1:, 1.4780541475107078, 0.5308342226206675, 0.18196092614813025, 0.7100174361420639, -5.296258542990545, 3.8184923124285195
flux1:, 1.4790365043813116, 0.5305832180228179, 0.1814794287057597, 0.7100589192142449, -5.247936551282428, 3.8445532794935118
flux1:, 1.4800188612519156, 0.5301941672130259, 0.18068632383072936, 0.7054688395388621, -5.195776503885379, 3.867639936778197
flux1:, 1.4810012181225196, 0.5296028990059899, 0.17958775900201815, 0.6964565694864844, -5.139939129362482, 3.8874870788526783
flux1:, 1.4819835749931236, 0.528748226888539, 0.17819116139267732, 0.6832757019158503, -5.080588396242345, 3.9038446424619795
flux1:, 1.4829659318637276, 0.5275724876304783, 0.1765051760376339, 0.6662193583028313, -5.017891317340599, 3.916480732453498
flux1:, 1.4839482887343314, 0.52602202963133, 0.17453959741991443, 0.6456151351452522, -4.952017819883476, 3.925184473120318
flux1:, 1.4849306456049354, 0.5240476479516695, 0.17230529508236953, 0.6218197708360087, -4.883140666026782, 3.9297686430304246
flux1:, 1.4859130024755394, 0.5216049635857729, 0.16981413390537303, 0.5952136161984873, -4.811435407755784, 3.9300720545788574
flux1:, 1.4868953593461434, 0.5186547451448876, 0.16707888971843463, 0.5661949916494968, -4.737080359966542, 3.9259616432772857
flux1:, 1.4878777162167474, 0.5151631717309039, 0.1641131609351222, 0.5351745125410065, -4.660256575720025, 3.9173342361138057
flux1:, 1.4888600730873511, 0.511102036383358, 0.1609312769160305, 0.5025694616960855, -4.581147808240637, 3.904117973094019
flux1:, 1.4898424299579551, 0.5064488900716851, 0.1575482037737578, 0.468798284571727, -4.499940445156799, 3.886273361248511
flux1:, 1.4908247868285591, 0.5011871267754483, 0.15397944833710203, 0.43427527794312304, -4.416823401731044, 3.863793945852577
flux1:, 1.4918071436991631, 0.49530601074167124, 0.15024096098893977, 0.3994055376095255, -4.331987961368472, 3.836706589279375
flux1:, 1.4927895005697671, 0.48880064752652197, 0.1463490380838209, 0.3645802244838516, -4.245627553472543, 3.8050713536917753
flux1:, 1.4937718574403709, 0.48167190091396556, 0.14232022463725397, 0.3301722016617909, -4.157937460707928, 3.7689809895831083
flux1:, 1.4947542143109749, 0.47392625825298107, 0.1381712179593971, 0.2965320877964771, -4.069114449868635, 3.728560037907021
flux1:, 1.4957365711815789, 0.4655756471641143, 0.13391877288153795, 0.2639847644559829, -3.9793563228015696, 3.683963559100622
flux1:, 1.4967189280521829, 0.4566372069328719, 0.12957960919479408, 0.2328263672429619, -3.888861386134371, 3.6353755076153207
flux1:, 1.4977012849227869, 0.44713301822992335, 0.12517032188724234, 0.20332178243090576, -3.7978278408719004, 3.583006775546932
flux1:, 1.4986836417933906, 0.43708979507348233, 0.12070729472856208, 0.1757026628495265, -3.706453095190895, 3.527092933520225
flux1:, 1.4996659986639946, 0.426538543177953, 0.11620661771064467, 0.15016596884345207, -3.6149330059384943, 3.467891701075128
flux1:, 1.5006483555345986, 0.41551418901274173, 0.11168400880907575, 0.1268730324564093, -3.523461056390364, 3.40568018234762
flux1:, 1.5016307124052026, 0.4040551840271066, 0.10715474048419035, 0.10594913565250558, -3.4322274796893906, 3.3407519058094257
flux1:, 1.5026130692758066, 0.392203088580796, 0.10263357129215372, 0.08748358648075613, -3.3414183390505103, 3.2734137091701134
flux1:, 1.5035954261464104, 0.3800021401565856, 0.09813468292664096, 0.07153027069980691, -3.251214577236879, 3.203982512235002
flux1:, 1.5045777830170146, 0.3674988104221491, 0.09367162296071811, 0.05810865058243514, -3.161791048964551, 3.132782021534379
flux1:, 1.5055601398876184, 0.35474135565491316, 0.08925725350681134, 0.04720517747702327, -3.0733155507613175, 3.0601394108859536
flux1:, 1.5065424967582224, 0.3417793649480976, 0.08490370596078578, 0.038775080264814965, -2.9859478633695695, 2.9863820217287147
flux1:, 1.5075248536288264, 0.32866331048134123, 0.08062234194458337, 0.032744488154741874, -2.899838822044027, 2.911834126094676
flux1:, 1.5085072104994304, 0.31544410396681793, 0.07642372051089942, 0.0290128433272811, -2.815129430037588, 2.8368137934802538
flux1:, 1.5094895673700344, 0.3021726631762042, 0.07231757162357703, 0.0274555567850997, -2.7319500302174293, 2.7616299006906786
flux1:, 1.5104719242406381, 0.2888994922171502, 0.06831277587909976, 0.02792685939219014, -2.6504195490925277, 2.686579320994314
flux1:, 1.5114542811112421, 0.2756742789643341, 0.06441735038813297, 0.030262799471421437, -2.5706448266093416, 2.6119443256959487
flux1:, 1.5124366379818461, 0.2625455127630512, 0.060638440691825744, 0.0342843384586016, -2.4927200438737676, 2.5379902275797623
flux1:, 1.5134189948524501, 0.24956012521629856, 0.056982318545902404, 0.03980049694623325, -2.4167262595379904, 2.464963291646296
flux1:, 1.5144013517230541, 0.23676315654337676, 0.05345438536668276, 0.0466115049478357, -2.3427310639587065, 2.3930889342470927
flux1:, 1.515383708593658, 0.22419744966296382, 0.05005918109730402, 0.05451191232206043, -2.270788358438929, 2.3225702271781863
flux1:, 1.516366065464262, 0.2119033738100002, 0.04680039821980799, 0.06329361795605745, -2.200938264924584, 2.253586718601235
flux1:, 1.5173484223348659, 0.1999185791477525, 0.04368090060959231, 0.07274877945451497, -2.133207169500468, 2.186293577901577
flux1:, 1.5183307792054699, 0.18827778348701263, 0.04070274690306099, 0.08267256864510097, -2.0676079009336585, 2.120821066837211
flux1:, 1.5193131360760739, 0.1770125918780366, 0.03786721802731273, 0.09286574211850518, -2.0041400434020606, 2.0572743346529014
flux1:, 1.5202954929466777, 0.16615134949994678, 0.035174848522453124, 0.10313700019898403, -1.94279038045077, 1.9957335303097323
flux1:, 1.5212778498172816, 0.15571902794070336, 0.032625461272516705, 0.1133051121107516, -1.8835334651792432, 1.9362542206638231
flux1:, 1.5222602066878856, 0.14573714464117601, 0.03021820525017468, 0.12320078959384134, -1.826332309718674, 1.8788680994004754
flux1:, 1.5232425635584896, 0.13622371497183247, 0.02795159587321689, 0.13266829575432001, -1.771139185234223, 1.823583967822382
flux1:, 1.5242249204290936, 0.12719323612309297, 0.025823557567247284, 0.14156678043821622, -1.7178965220259172, 1.7703889652769704
flux1:, 1.5252072772996974, 0.11865670172193393, 0.023831468128927873, 0.14977133782887608, -1.6665378978178376, 1.719250024109227
flux1:, 1.5261896341703014, 0.11062164584053179, 0.021972204487398467, 0.15717378621956862, -1.616989101055322, 1.6701155215892198
flux1:, 1.5271719910409054, 0.10309221483867222, 0.020242189467977376, 0.1636831739523001, -1.5691692549798928, 1.6229170993050672
flux1:, 1.5281543479115094, 0.09606926528185464, 0.018637439171705836, 0.1692260192858985, -1.5229919874479523, 1.5775716190549467
flux1:, 1.5291367047821134, 0.0895504860025135, 0.017153610596622015, 0.17374629541978492, -1.4783666309067978, 1.5339832233195252
flux1:, 1.5301190616527172, 0.08353054222331052, 0.015786049141524202, 0.17720517501411537, -1.4351994366436696, 1.4920454679528274
flux1:, 1.5311014185233212, 0.07800123953915164, 0.014529835650201921, 0.17958055128467837, -1.3933947873883172, 1.4516434947819064
flux1:, 1.5320837753939252, 0.07295170545908121, 0.013379832673483241, 0.18086635508703106, -1.35285639256566, 1.4126562123460227
flux1:, 1.5330661322645291, 0.06836858613983247, 0.012330729647594798, 0.18107168932467416, -1.313488450961192, 1.3749584539989974
flux1:, 1.5340484891351331, 0.06423625589958683, 0.011377086710127582, 0.18021980351238276, -1.275196766258767, 1.3384230840281195
flux1:, 1.535030846005737, 0.060537037082423195, 0.01051337689896218, 0.17834693239680327, -1.2378898018304385, 1.302923024260831
flux1:, 1.536013202876341, 0.05725142785034073, 0.00973402650463496, 0.17550102318834218, -1.2014796622722064, 1.2683331758045036
flux1:, 1.536995559746945, 0.054358335509527796, 0.009033453372542105, 0.1717403762030167, -1.1658829904744896, 1.23453221304392
flux1:, 1.537977916617549, 0.05183531302906205, 0.0084061029777708, 0.16713222356883967, -1.1310217704601164, 1.2014042297606977
flux1:, 1.538960273488153, 0.04965879648269262, 0.007846482122046115, 0.16175127014034357, -1.0968240277913022, 1.1688402201826162
flux1:, 1.5399426303587567, 0.04780434123529901, 0.007349190128954054, 0.15567821991718428, -1.0632244210117934, 1.1367393808711435
flux1:, 1.5409249872293607, 0.046246854804094115, 0.0069089474400558385, 0.148998310107193, -1.0301647193217183, 1.1050102225543101
flux1:, 1.5419073440999647, 0.04496082444824172, 0.006520621540532024, 0.14179987354831888, -0.9975941634485501, 1.0735714842567372
flux1:, 1.5428897009705687, 0.04392053767763626, 0.006179250168311766, 0.13417294854329737, -0.9654697084516929, 1.0423528453196955
flux1:, 1.5438720578411727, 0.04310029402014952, 0.005880061785158123, 0.12620795330536316, -0.9337561489489314, 1.0112954340847982
flux1:, 1.5448544147117764, 0.042474606544608266, 0.005618493311602444, 0.11799444020303212, -0.9024261289511787, 0.9803521350954609
flux1:, 1.5458367715823806, 0.04201839180214231, 0.005390205149894614, 0.10961994286707671, -0.87146004011617, 0.9494876995985765
flux1:, 1.5468191284529844, 0.04170714701943503, 0.005191093540043602, 0.101168927023433, -0.8408458137512866, 0.9186786668694723
flux1:, 1.5478014853235884, 0.04151711355165631, 0.005017300313473325, 0.09272185368068246, -0.8105786132933217, 0.8879131063981143
flux1:, 1.5487838421941924, 0.04142542577879424, 0.004865220126717389, 0.08435436106791487, -0.780660435246773, 0.857190193234677
flux1:, 1.5497661990647964, 0.04141024480466555, 0.00473150527380692, 0.07613656952249584, -0.7510996276583956, 0.8265196307680128
flux1:, 1.5507485559354004, 0.041450876491505126, 0.0046130681905438295, 0.06813251140095235, -0.7219103361267926, 0.7959209368881962
flux1:, 1.5517309128060042, 0.04152787353290848, 0.004507081776607615, 0.060399686059226715, -0.6931118880879914, 0.7654226108421665
flux1:, 1.5527132696766082, 0.04162312143265821, 0.0044109776724406205, 0.05298873804705816, -0.6647281266683817, 0.7350611991268853
flux1:, 1.5536956265472122, 0.04171990841502519, 0.00432244263703633, 0.045943254908344056, -0.6367867057572401, 0.704880279470684
flux1:, 1.5546779834178162, 0.04180297944238006, 0.004239413180162757, 0.039299679393611495, -0.6093183581185964, 0.6749293823336238
flux1:, 1.5556603402884202, 0.0418585746571432, 0.004160068608199953, 0.03308732948777903, -0.5823561483428571, 0.6452628694213749
flux1:, 1.556642697159024, 0.04187445269626984, 0.004082822646691676, 0.027328518447084435, -0.555934722236016, 0.6159387884626898
flux1:, 1.557625054029628, 0.0418398994469133, 0.004006313804975403, 0.022038766031013332, -0.530089563870584, 0.5870177229691168
flux1:, 1.558607410900232, 0.04174572292064738, 0.003929394648917534, 0.01722709131197277, -0.5048562709861126, 0.5585616548953104
flux1:, 1.559589767770836, 0.041584235020540865, 0.003851120146928896, 0.01289637684734128, -0.4802698587466843, 0.530632857073903
flux1:, 1.56057212464144, 0.041349221059711595, 0.0037707352521567134, 0.009043793601934726, -0.4563641010487388, 0.5032928310393191
flux1:, 1.5615544815120437, 0.0410358979616678, 0.0036876618801398586, 0.005661275807846949, -0.43317091764844345, 0.47660130440726073
flux1:, 1.5625368383826477, 0.040640862131869494, 0.0036014854363912814, 0.002736034933073613, -0.41071981435815746, 0.45061530037525505
flux1:, 1.5635191952532517, 0.040162028036056056, 0.0035119410424238563, 0.00025110208945106245, -0.3890373824678712, 0.42538829018410834
flux1:, 1.5645015521238557, 0.03959855855478532, 0.003418899601818783, -0.0018141114707703587, -0.36814686240084277, 0.40096943756640935
flux1:, 1.5654839089944597, 0.03895078820509139, 0.0033223538401255534, -0.0034832456567254555, -0.3480677754321033, 0.37740294233831845
flux1:, 1.5664662658650634, 0.03822014032997629, 0.0032224044438385157, -0.004782423935410339, -0.3288156261050609, 0.3547274883963862
flux1:, 1.5674486227356674, 0.037409039354764036, 0.003119246414519288, -0.00573969541920852, -0.31040167679486064, 0.33297579949631273
flux1:, 1.5684309796062714, 0.036520819197191516, 0.003013155744456728, -0.0063844944507990675, -0.2928327947063978, 0.31217430434256355
flux1:, 1.5694133364768754, 0.03555962889572171, 0.0029044765101953916, -0.006747124630615482, -0.2761113704767534, 0.2923429107363891
flux1:, 1.5703956933474794, 0.03453033648906298, 0.0027936084699375, -0.006858273319052898, -0.26023530649416565, 0.2734948868401666
flux1:, 1.5713780502180832, 0.03343843213978739, 0.002680995240347394, -0.006748561699389573, -0.245198072061432, 0.25563684604095976
flux1:, 1.5723604070886872, 0.032289931447396836, 0.002567113117767232, -0.006448134526256298, -0.23098882163511966, 0.2387688304554195
flux1:, 1.5733427639592912, 0.031091279841749888, 0.0024524605983934676, -0.005986292725355347, -0.21759257157292528, 0.22288448682951817
flux1:, 1.5743251208298952, 0.029849258887641825, 0.0023375486416609983, -0.005391171069098697, -0.20499043012934987, 0.2079713274618144
flux1:, 1.5753074777004992, 0.028570895266310653, 0.0022228917110268987, -0.00468946224463991, -0.19315987486087866, 0.19401106783020028
flux1:, 1.576289834571103, 0.0272633731305767, 0.0021089996166156594, -0.003906187768095768, -0.18207507114111585, 0.18098003183410244
flux1:, 1.577272191441707, 0.025933950458324723, 0.0019963701748659775, -0.003064515393513167, -0.17170722514459894, 0.16884961498160833
flux1:, 1.578254548312311, 0.024589879954838228, 0.0018854826914581732, -0.002185621926432333, -0.1620249644382004, 0.1575867954537644
flux1:, 1.579236905182915, 0.023238334978986988, 0.0017767922654732754, -0.0012885996880333825, -0.15299473921608803, 0.1471546827628978
flux1:, 1.580219262053519, 0.021886340892389618, 0.0016707249049708252, -0.00039040429241867566, -0.14458123722716482, 0.13751309368295406
flux1:, 1.5812016189241227, 0.020540712155156644, 0.0015676734370354106, 0.0004941590989343426, -0.13674780556607605, 0.12861914525912235
flux1:, 1.5821839757947267, 0.019207995417303763, 0.001467994188833809, 0.0013524142929052475, -0.1294568727227329, 0.1204278549898455
flux1:, 1.5831663326653307, 0.01789441878234627, 0.001372004410400177, 0.002173760921463877, -0.12267036460402801, 0.11289273870444551
flux1:, 1.5841486895359347, 0.016605847349373416, 0.0012799804047155612, 0.0029495934466358467, -0.11635010864374298, 0.10596639721914146
flux1:, 1.5851310464065387, 0.015347745072703598, 0.0011921563261910342, 0.0036731962726829328, -0.11045822059320289, 0.09960108352718221
flux1:, 1.5861134032771425, 0.014125142914598463, 0.001108723604897229, 0.004339618995189971, -0.10495746912385359, 0.09374924304745351
flux1:, 1.5870957601477467, 0.012942613206798959, 0.0010298309507969351, 0.004945535811325329, -0.09981161396270097, 0.0883640203035118
flux1:, 1.5880781170183504, 0.011804250081371447, 0.0009555848898268388, 0.005489093039801877, -0.09498571390941035, 0.08339972631212754
flux1:, 1.5890604738889544, 0.010713655780640345, 0.0008860507819051785, 0.005969748559703289, -0.09044640173831482, 0.0788122619094536
flux1:, 1.5900428307595584, 0.009673932610293368, 0.0008212542698059639, 0.006388106781697925, -0.08616212365765599, 0.07455949321601045
flux1:, 1.5910251876301624, 0.008687680259054024, 0.0007611831072924326, 0.0067457525211163305, -0.08210334166955033, 0.07060157642059854
flux1:, 1.5920075445007664, 0.00775699817288238, 0.0007057893149228636, 0.007045086857908731, -0.07824269783756427, 0.06690123003229144
flux1:, 1.5929899013713702, 0.006883492641486552, 0.0006549916124762949, 0.007289167752051401, -0.07455514011296226, 0.06342395369284493
flux1:, 1.5939722582419742, 0.006068288229974131, 0.0006086780779723669, 0.007481557842659149, -0.071018009986338, 0.060138193544820785
flux1:, 1.5949546151125782, 0.005312043168764952, 0.0005667089847191202, 0.007626181502940006, -0.06761109281016797, 0.0570154550012106
flux1:, 1.5959369719831822, 0.004614968300224023, 0.0005289197696806621, 0.007727192859082111, -0.06431663217169221, 0.05403036454859707
flux1:, 1.5969193288537862, 0.00397684917074704, 0.0004951240886622572, 0.007788856116282878, -0.061119310178362814, 0.05116068292895603
flux1:, 1.59790168572439, 0.00339707085207396, 0.0004651169163174577, 0.00781543917648899, -0.058006195944773874, 0.048387272677151295
flux1:, 1.598884042594994, 0.002874645075059317, 0.0004386776517485199, 0.007811121185927661, -0.05496666493593256, 0.045694023536053424
flux1:, 1.599866399465598, 0.0024082392629017004, 0.0004155731934408029, 0.007779914321837059, -0.05199229212496985, 0.04306773972540038
flux1:, 1.600848756336202, 0.001996207058433419, 0.00039556095041053184, 0.007725599821558569, -0.04907672216154955, 0.04049799340126556
flux1:, 1.601831113206806, 0.0016366199513489631, 0.00037839175970204325, 0.0076516779774333955, -0.046215519920589025, 0.03797694891003205
flux1:, 1.6028134700774097, 0.0013272996257355496, 0.0003638126837009308, 0.007561331570742056, -0.043406004909721636, 0.03549916261530244
flux1:, 1.6037958269480137, 0.0010658506656874868, 0.0003515696641028287, 0.007457401999776704, -0.04064707306031296, 0.03306136316050675
flux1:, 1.6047781838186177, 0.0008496932767399115, 0.00034141001274215916, 0.007342377172537466, -0.03793900941330995, 0.030662217028376317
flux1:, 1.6057605406892217, 0.0006760957029814547, 0.00033308472281770265, 0.007218390084292986, -0.0352832951415527, 0.0283020841761718
flux1:, 1.6067428975598257, 0.0005422060436581413, 0.0003263505873122633, 0.007087226884608028, -0.03268241222860305, 0.02598276836874387
flux1:, 1.6077252544304295, 0.00044508319845705513, 0.0003209721145640106, 0.006950343156638972, -0.03013964895585791, 0.02370726660762664
flux1:, 1.6087076113010335, 0.0003817266971476552, 0.00031672323398140644, 0.006808887082562561, -0.02765890913999742, 0.021479521771257604
flux1:, 1.6096899681716375, 0.00034910519647946405, 0.0003133887877777995, 0.00666372815115639, -0.025244527817762694, 0.019304182247557873
flux1:, 1.6106723250422414, 0.00034418345487973666, 0.00031076580731650576, 0.006515490074557124, -0.022901095800865134, 0.017186371964547545
flux1:, 1.6116546819128454, 0.0003639476232429585, 0.00030866457518188937, 0.00636458661864046, -0.020633295226491183, 0.01513147381615249
flux1:, 1.6126370387834492, 0.0004054287176556298, 0.00030690947641858596, 0.0062112591123419875, -0.018445747915287396, 0.013144929048299833
flux1:, 1.6136193956540532, 0.0004657241669908612, 0.00030533964449448443, 0.006055614482421066, -0.01634287802458882, 0.011232054723439579
flux1:, 1.6146017525246572, 0.0005420173546774181, 0.0003038094094352907, 0.005897662758470153, -0.014328790156424161, 0.00939788092855174
flux1:, 1.6155841093952612, 0.000631595099381208, 0.0003021885572497554, 0.00573735310499631, -0.012407163753146927, 0.007647008940611223
flux1:, 1.6165664662658652, 0.0007318630436146142, 0.00030036241120680513, 0.005574607559728343, -0.010581164293744127, 0.005983491122054861
flux1:, 1.617548823136469, 0.0008403589422558494, 0.0002982317467438263, 0.005409351786654897, -0.008853371496156583, 0.004410732894150062
flux1:, 1.618531180007073, 0.0009547638644485468, 0.0002957125527806302, 0.005241542285583794, -0.007225724439420291, 0.002931416734183898
flux1:, 1.619513536877677, 0.0010729113422356655, 0.00029273565299198906, 0.005071189633883294, -0.005699483248460541, 0.0015474477691807603
flux1:, 1.620495893748281, 0.0011927945174885985, 0.00028924620115975064, 0.004898377468156941, -0.004275206736725695, 0.0002599201982165608
flux1:, 1.621478250618885, 0.001312571355094755, 0.0002852030650934745, 0.004723277040882628, -0.002952745180826443, -0.0009308965281039316
flux1:, 1.6224606074894887, 0.001430568004978322, 0.00028057811378694197, 0.004546157307624409, -0.0017312472085384931, -0.002025553106603443
flux1:, 1.6234429643600927, 0.0015452804082650015, 0.0002753554224765545, 0.004367390612099953, -0.0006091796186343254, -0.003025398917049126
flux1:, 1.6244253212306967, 0.001655374253790702, 0.0002695304101053936, 0.004187454137613606, 0.00041564118106128913, -0.003932545432164885
flux1:, 1.6254076781013007, 0.0017596834001972039, 0.00026310892337913397, 0.004006927382842132, 0.001346007532188637, -0.004749816377000584
flux1:, 1.6263900349719047, 0.0018572068860878987, 0.0002561062811506732, 0.0038264859966840913, 0.002185270166118359, -0.005480686606952098
flux1:, 1.6273723918425085, 0.0019471046561880343, 0.00024854629229716725, 0.0036468923702820517, 0.002937280651753968, -0.006129211727018986
flux1:, 1.6283547487131127, 0.0020286921352237835, 0.00024046025957722239, 0.0034689834339783985, 0.0036063281884669515, -0.006699950488658522
flux1:, 1.6293371055837165, 0.0021014337834025865, 0.0002318859811881729, 0.0032936561430167476, 0.004197072266783921, -0.0071978819776246285
flux1:, 1.6303194624543205, 0.0021649357679929464, 0.00022286676090215726, 0.003121851158335458, 0.004714472679542781, -0.007628319549186318
flux1:, 1.6313018193249245, 0.002218937884724203, 0.00021345043675941519, 0.002954535238492865, 0.0051637183037977095, -0.007996823379478565
flux1:, 1.6322841761955285, 0.0022633048606003027, 0.0002036884373502159, 0.0027926828562646576, 0.005550155991380777, -0.008309113387201134
flux1:, 1.6332665330661325, 0.002298017166443062, 0.00019363487374235346, 0.002637257539762184, 0.005879220806580076, -0.008570984142336644
flux1:, 1.6342488899367362, 0.002323161463042632, 0.0001833456741163211, 0.002489193414094115, 0.006156368735590337, -0.008788223221992575
flux1:, 1.6352312468073402, 0.00233892079950609, 0.0001728777671720226, 0.0023493773868928846, 0.006387012867369018, -0.008966534302079669
flux1:, 1.6362136036779442, 0.0023455646761730963, 0.00016228831938007476, 0.002218632380792301, 0.006576463912132103, -0.009111466091479557
flux1:, 1.6371959605485482, 0.0023434390776135437, 0.00015163403017595244, 0.0020977019694528266, 0.006729875784865427, -0.009228348026432912
flux1:, 1.6381783174191522, 0.002332956573750855, 0.00014097048825094372, 0.0019872367225770918, 0.006852196839733034, -0.009322233451251943
flux1:, 1.639160674289756, 0.0023145865792207065, 0.00013035159118074575, 0.0018877825107735207, 0.00694812719986139, -0.009397850820597575
flux1:, 1.64014303116036, 0.002288845852834004, 0.00011982902976947338, 0.00179977096456818, 0.007022082487936246, -0.009459563271814056
flux1:, 1.641125388030964, 0.0022562893104746285, 0.00010945183766796634, 0.0017235122246839383, 0.0070781641288923, -0.00951133673643001
flux1:, 1.642107744901568, 0.0022175012161819376, 9.926600606748708e-05, 0.0016591900640719236, 0.007120136268584706, -0.00955671659051544
flux1:, 1.643090101772172, 0.002173086807475785, 8.931416256755429e-05, 0.0016068594072640083, 0.007151409233399205, -0.009598812686432505
flux1:, 1.6440724586427757, 0.0021236644024492956, 7.963531268258396e-05, 0.0015664462205354718, 0.007175029347049601, -0.009640292465897248
flux1:, 1.6450548155133797, 0.002069858027684589, 7.026464187990973e-05, 0.0015377496977688416, 0.007193674823088431, -0.009683381727177377
flux1:, 1.6460371723839837, 0.0020122905978953143, 6.12333755398454e-05, 0.0015204466229522665, 0.007209657366396403, -0.009729872509689355
flux1:, 1.6470195292545877, 0.0019515776702737702, 5.256869379340112e-05, 0.0015140977511621193, 0.007224929044213059, -0.009781137467085662
flux1:, 1.6480018861251917, 0.0018883217890234168, 4.429369782664996e-05, 0.0015181560163570107, 0.007241093927819333, -0.009838150026215976
flux1:, 1.6489842429957955, 0.0018231074284230562, 3.642742393985e-05, 0.0015319763467024673, 0.007259423959882724, -0.009901509573921616
flux1:, 1.6499665998663995, 0.001756496536118298, 2.898490141473459e-05, 0.0015548268465073406, 0.007280878469321161, -0.009971470875990356
flux1:, 1.6509489567370035, 0.0016890246721864238, 2.1977250071178093e-05, 0.00158590108833948, 0.007306126735274827, -0.010047976912449007
flux1:, 1.6519313136076075, 0.0016211977338670693, 1.5411813281086792e-05, 0.0016243312494240362, 0.007335572993617787, -0.01013069430962487
flux1:, 1.6529136704782115, 0.0015534892507613539, 9.292322151400766e-06, 0.0016692018227836513, 0.007369383282710178, -0.010219050561012138
flux1:, 1.6538960273488152, 0.0014863382307624639, 3.6190865847549213e-06, 0.001719563635504599, 0.007407513538889698, -0.010312272254554458
flux1:, 1.6548783842194192, 0.0014201475329931497, -1.6107910288870035e-06, 0.001774447913575005, 0.007449738375409134, -0.010409423562050978
flux1:, 1.6558607410900232, 0.0013552827405926835, -6.4031836473180105e-06, 0.0018328801445649293, 0.007495680010257512, -0.01050944429546677
flux1:, 1.6568430979606272, 0.0012920715033427814, -1.0766692966250203e-05, 0.0018938935053598933, 0.007544836846960223, -0.010611186893061713
flux1:, 1.6578254548312312, 0.0012308033177630495, -1.471239222897985e-05, 0.0019565416417558763, 0.0075966112572272634, -0.01071345176396556
flux1:, 1.658807811701835, 0.001171729710508179, -1.8253562125459173e-05, 0.002019910609270684, 0.0076503361636222535, -0.010815020491140397
flux1:, 1.659790168572439, 0.0011150647895805804, -2.1405423230658157e-05, 0.0020831298095343944, 0.007705300073269607, -0.010914686468084243
flux1:, 1.660772525443043, 0.0010609861270283146, -2.4184868189986185e-05, 0.0021453817832270718, 0.007760770268475458, -0.011011282622110317
flux1:, 1.661754882313647, 0.0010096359364083261, -2.6610196601927915e-05, 0.0022059107484212795, 0.007816013916268448, -0.01110370595545367
flux1:, 1.662737239184251, 0.0009611225083088431, -2.8700855277412464e-05, 0.0022640298014326063, 0.00787031691467257, -0.011190938712814335
flux1:, 1.6637195960548548, 0.0009155218676302906, -3.047718627570847e-05, 0.0023191267255454713, 0.007923000348437362, -0.01127206605927024
flux1:, 1.6647019529254587, 0.0008728796170623562, -3.1960184834749054e-05, 0.0023706683806426, 0.007973434479809083, -0.011346290224376544
flux1:, 1.6656843097960627, 0.0008332129322552932, -3.317126902829094e-05, 0.0024182036732378585, 0.00802105024985643, -0.011412941135517104
flux1:, 1.6666666666666667, 0.0007965126755142479, -3.4132062701768885e-05, 0.0024613651315124165, 0.00806534831250647, -0.011471483625647797

Elapsed run time = 840.6975 s
