Using MPI version 4.0, 2 processes
-----------
Initializing structure...
Padding x to even number of grid points.
Halving computational cell along direction x
Halving computational cell along direction z
Splitting into 2 chunks by voxels
time for choose_chunkdivision = 0.000751972 s
Working in 3D dimensions.
Computational cell is 14.7 x 5.12 x 4.84 with resolution 50
     block, center = (0,0.331,0)
          size (1e+20,0.462,0.14)
          axes (1,0,0), (0,1,0), (0,0,1)
          dielectric constant epsilon diagonal = (4,4,4)
     block, center = (0,-0.331,0)
          size (1e+20,0.462,0.14)
          axes (1,0,0), (0,1,0), (0,0,1)
          dielectric constant epsilon diagonal = (4,4,4)
     cylinder, center = (1.29643,0.331,0)
          radius 0.1155, height 1e+20, axis (0, 0, 1)
          dielectric constant epsilon diagonal = (1,1,1)
     cylinder, center = (-1.29643,0.331,0)
          radius 0.1155, height 1e+20, axis (0, 0, 1)
          dielectric constant epsilon diagonal = (1,1,1)
     cylinder, center = (1.62643,0.331,0)
          radius 0.1155, height 1e+20, axis (0, 0, 1)
          dielectric constant epsilon diagonal = (1,1,1)
     cylinder, center = (-1.62643,0.331,0)
          radius 0.1155, height 1e+20, axis (0, 0, 1)
          dielectric constant epsilon diagonal = (1,1,1)
     cylinder, center = (1.95643,0.331,0)
          radius 0.1155, height 1e+20, axis (0, 0, 1)
          dielectric constant epsilon diagonal = (1,1,1)
     cylinder, center = (-1.95643,0.331,0)
          radius 0.1155, height 1e+20, axis (0, 0, 1)
          dielectric constant epsilon diagonal = (1,1,1)
     cylinder, center = (0.127286,0.331,0)
          radius 0.0891, height 1e+20, axis (0, 0, 1)
          dielectric constant epsilon diagonal = (1,1,1)
     cylinder, center = (-0.127286,0.331,0)
          radius 0.0891, height 1e+20, axis (0, 0, 1)
          dielectric constant epsilon diagonal = (1,1,1)
     ...(+ 44 objects not shown)...
time for set_epsilon = 18.947 s
-----------
Meep progress: 0.01/20.499999618530275 = 0.0% done in 9.0s, 18391.8s to go
on time step 1 (time=0.01), 8.97589 s/step
Meep progress: 0.25/20.499999618530275 = 1.2% done in 13.0s, 1052.2s to go
on time step 25 (time=0.25), 0.167245 s/step
Meep progress: 0.48/20.499999618530275 = 2.3% done in 17.1s, 711.8s to go
on time step 48 (time=0.48), 0.177212 s/step
Meep progress: 0.71/20.499999618530275 = 3.5% done in 21.1s, 589.4s to go
on time step 71 (time=0.71), 0.177333 s/step
Meep progress: 0.9400000000000001/20.499999618530275 = 4.6% done in 25.2s, 524.7s to go
on time step 94 (time=0.94), 0.176907 s/step
     block, center = (0,0.331,0)
          size (1e+20,0.462,0.14)
          axes (1,0,0), (0,1,0), (0,0,1)
          dielectric constant epsilon diagonal = (4,4,4)
     block, center = (0,-0.331,0)
          size (1e+20,0.462,0.14)
          axes (1,0,0), (0,1,0), (0,0,1)
          dielectric constant epsilon diagonal = (4,4,4)
     cylinder, center = (1.29643,0.331,0)
          radius 0.1155, height 1e+20, axis (0, 0, 1)
          dielectric constant epsilon diagonal = (1,1,1)
     cylinder, center = (-1.29643,0.331,0)
          radius 0.1155, height 1e+20, axis (0, 0, 1)
          dielectric constant epsilon diagonal = (1,1,1)
     cylinder, center = (1.62643,0.331,0)
          radius 0.1155, height 1e+20, axis (0, 0, 1)
          dielectric constant epsilon diagonal = (1,1,1)
     cylinder, center = (-1.62643,0.331,0)
          radius 0.1155, height 1e+20, axis (0, 0, 1)
          dielectric constant epsilon diagonal = (1,1,1)
     cylinder, center = (1.95643,0.331,0)
          radius 0.1155, height 1e+20, axis (0, 0, 1)
          dielectric constant epsilon diagonal = (1,1,1)
     cylinder, center = (-1.95643,0.331,0)
          radius 0.1155, height 1e+20, axis (0, 0, 1)
          dielectric constant epsilon diagonal = (1,1,1)
     cylinder, center = (0.127286,0.331,0)
          radius 0.0891, height 1e+20, axis (0, 0, 1)
          dielectric constant epsilon diagonal = (1,1,1)
     cylinder, center = (-0.127286,0.331,0)
          radius 0.0891, height 1e+20, axis (0, 0, 1)
          dielectric constant epsilon diagonal = (1,1,1)
     ...(+ 44 objects not shown)...
Meep progress: 1.16/20.499999618530275 = 5.7% done in 29.3s, 489.2s to go
on time step 116 (time=1.16), 0.187665 s/step
Meep progress: 1.4000000000000001/20.499999618530275 = 6.8% done in 33.6s, 458.0s to go
on time step 140 (time=1.4), 0.176257 s/step
Meep progress: 1.6400000000000001/20.499999618530275 = 8.0% done in 37.6s, 432.4s to go
on time step 164 (time=1.64), 0.167887 s/step
Meep progress: 1.87/20.499999618530275 = 9.1% done in 41.7s, 415.3s to go
on time step 187 (time=1.87), 0.177381 s/step
Meep progress: 2.09/20.499999618530275 = 10.2% done in 45.8s, 403.1s to go
on time step 209 (time=2.09), 0.185265 s/step
Meep progress: 2.32/20.499999618530275 = 11.3% done in 49.8s, 390.6s to go
on time step 232 (time=2.32), 0.17761 s/step
Meep progress: 2.5500000000000003/20.499999618530275 = 12.4% done in 53.9s, 379.5s to go
on time step 255 (time=2.55), 0.17667 s/step
Meep progress: 2.79/20.499999618530275 = 13.6% done in 57.9s, 367.8s to go
on time step 279 (time=2.79), 0.168023 s/step
Meep progress: 3.0100000000000002/20.499999618530275 = 14.7% done in 62.0s, 360.3s to go
on time step 301 (time=3.01), 0.184849 s/step
Meep progress: 3.24/20.499999618530275 = 15.8% done in 66.1s, 352.1s to go
on time step 324 (time=3.24), 0.177421 s/step
Meep progress: 3.47/20.499999618530275 = 16.9% done in 70.2s, 344.3s to go
on time step 347 (time=3.47), 0.17705 s/step
Meep progress: 3.7/20.499999618530275 = 18.0% done in 74.2s, 337.1s to go
on time step 370 (time=3.7), 0.177089 s/step
Meep progress: 3.93/20.499999618530275 = 19.2% done in 78.3s, 330.2s to go
on time step 393 (time=3.93), 0.177123 s/step
Meep progress: 4.16/20.499999618530275 = 20.3% done in 82.3s, 323.4s to go
on time step 416 (time=4.16), 0.175255 s/step
Meep progress: 4.39/20.499999618530275 = 21.4% done in 86.4s, 317.1s to go
on time step 439 (time=4.39), 0.176674 s/step
Meep progress: 4.62/20.499999618530275 = 22.5% done in 90.5s, 311.0s to go
on time step 462 (time=4.62), 0.177228 s/step
Meep progress: 4.8500000000000005/20.499999618530275 = 23.7% done in 94.5s, 305.1s to go
on time step 485 (time=4.85), 0.176986 s/step
Meep progress: 5.07/20.499999618530275 = 24.7% done in 98.6s, 300.1s to go
on time step 507 (time=5.07), 0.185012 s/step
Meep progress: 5.3100000000000005/20.499999618530275 = 25.9% done in 102.6s, 293.6s to go
on time step 531 (time=5.31), 0.16777 s/step
Meep progress: 5.54/20.499999618530275 = 27.0% done in 106.7s, 288.2s to go
on time step 554 (time=5.54), 0.177371 s/step
Meep progress: 5.7700000000000005/20.499999618530275 = 28.1% done in 110.8s, 282.8s to go
on time step 577 (time=5.77), 0.1756 s/step
Meep progress: 6.0/20.499999618530275 = 29.3% done in 115.0s, 277.9s to go
on time step 600 (time=6), 0.184285 s/step
Meep progress: 6.23/20.499999618530275 = 30.4% done in 119.1s, 272.8s to go
on time step 623 (time=6.23), 0.177448 s/step
Meep progress: 6.46/20.499999618530275 = 31.5% done in 123.2s, 267.7s to go
on time step 646 (time=6.46), 0.177738 s/step
Meep progress: 6.7/20.499999618530275 = 32.7% done in 127.2s, 262.0s to go
on time step 670 (time=6.7), 0.167957 s/step
Meep progress: 6.93/20.499999618530275 = 33.8% done in 131.3s, 257.1s to go
on time step 693 (time=6.93), 0.177731 s/step
Meep progress: 7.15/20.499999618530275 = 34.9% done in 135.3s, 252.7s to go
on time step 715 (time=7.15), 0.184049 s/step
Meep progress: 7.38/20.499999618530275 = 36.0% done in 139.4s, 247.9s to go
on time step 738 (time=7.38), 0.177239 s/step
Meep progress: 7.61/20.499999618530275 = 37.1% done in 143.5s, 243.0s to go
on time step 761 (time=7.61), 0.177195 s/step
Meep progress: 7.84/20.499999618530275 = 38.2% done in 147.6s, 238.3s to go
on time step 784 (time=7.84), 0.177626 s/step
Meep progress: 8.07/20.499999618530275 = 39.4% done in 151.6s, 233.5s to go
on time step 807 (time=8.07), 0.174217 s/step
Meep progress: 8.3/20.499999618530275 = 40.5% done in 155.7s, 228.8s to go
on time step 830 (time=8.3), 0.17698 s/step
Meep progress: 8.53/20.499999618530275 = 41.6% done in 159.7s, 224.1s to go
on time step 853 (time=8.53), 0.176375 s/step
Meep progress: 8.76/20.499999618530275 = 42.7% done in 163.8s, 219.5s to go
on time step 876 (time=8.76), 0.177891 s/step
Meep progress: 8.99/20.499999618530275 = 43.9% done in 167.9s, 214.9s to go
on time step 899 (time=8.99), 0.176967 s/step
Meep progress: 9.22/20.499999618530275 = 45.0% done in 171.9s, 210.3s to go
on time step 922 (time=9.22), 0.174547 s/step
Meep progress: 9.450000000000001/20.499999618530275 = 46.1% done in 176.0s, 205.8s to go
on time step 945 (time=9.45), 0.176973 s/step
Meep progress: 9.68/20.499999618530275 = 47.2% done in 180.0s, 201.3s to go
on time step 968 (time=9.68), 0.177887 s/step
Meep progress: 9.91/20.499999618530275 = 48.3% done in 184.1s, 196.7s to go
on time step 991 (time=9.91), 0.176654 s/step
Meep progress: 10.13/20.499999618530275 = 49.4% done in 188.2s, 192.7s to go
on time step 1013 (time=10.13), 0.185574 s/step
Meep progress: 10.36/20.499999618530275 = 50.5% done in 192.2s, 188.2s to go
on time step 1036 (time=10.36), 0.176064 s/step
Meep progress: 10.6/20.499999618530275 = 51.7% done in 196.3s, 183.3s to go
on time step 1060 (time=10.6), 0.167649 s/step
Meep progress: 10.83/20.499999618530275 = 52.8% done in 200.3s, 178.9s to go
on time step 1083 (time=10.83), 0.177272 s/step
Meep progress: 11.05/20.499999618530275 = 53.9% done in 204.4s, 174.8s to go
on time step 1105 (time=11.05), 0.184992 s/step
Meep progress: 11.28/20.499999618530275 = 55.0% done in 208.5s, 170.4s to go
on time step 1128 (time=11.28), 0.177271 s/step
Meep progress: 11.51/20.499999618530275 = 56.1% done in 212.6s, 166.0s to go
on time step 1151 (time=11.51), 0.176875 s/step
Meep progress: 11.75/20.499999618530275 = 57.3% done in 216.6s, 161.3s to go
on time step 1175 (time=11.75), 0.168184 s/step
Meep progress: 11.98/20.499999618530275 = 58.4% done in 220.7s, 156.9s to go
on time step 1198 (time=11.98), 0.177538 s/step
Meep progress: 12.200000000000001/20.499999618530275 = 59.5% done in 224.8s, 152.9s to go
on time step 1220 (time=12.2), 0.185138 s/step
Meep progress: 12.43/20.499999618530275 = 60.6% done in 228.8s, 148.6s to go
on time step 1243 (time=12.43), 0.17713 s/step
Meep progress: 12.66/20.499999618530275 = 61.8% done in 232.9s, 144.2s to go
on time step 1266 (time=12.66), 0.177091 s/step
Meep progress: 12.89/20.499999618530275 = 62.9% done in 237.0s, 139.9s to go
on time step 1289 (time=12.89), 0.177123 s/step
Meep progress: 13.120000000000001/20.499999618530275 = 64.0% done in 241.0s, 135.6s to go
on time step 1312 (time=13.12), 0.174986 s/step
Meep progress: 13.35/20.499999618530275 = 65.1% done in 245.1s, 131.3s to go
on time step 1335 (time=13.35), 0.176685 s/step
Meep progress: 13.58/20.499999618530275 = 66.2% done in 249.1s, 127.0s to go
on time step 1358 (time=13.58), 0.177433 s/step
Meep progress: 13.81/20.499999618530275 = 67.4% done in 253.2s, 122.7s to go
on time step 1381 (time=13.81), 0.17669 s/step
Meep progress: 14.030000000000001/20.499999618530275 = 68.4% done in 257.3s, 118.6s to go
on time step 1403 (time=14.03), 0.184978 s/step
Meep progress: 14.27/20.499999618530275 = 69.6% done in 261.3s, 114.1s to go
on time step 1427 (time=14.27), 0.167939 s/step
Meep progress: 14.5/20.499999618530275 = 70.7% done in 265.4s, 109.8s to go
on time step 1450 (time=14.5), 0.177521 s/step
Meep progress: 14.73/20.499999618530275 = 71.9% done in 269.4s, 105.5s to go
on time step 1473 (time=14.73), 0.175764 s/step
Meep progress: 14.96/20.499999618530275 = 73.0% done in 273.5s, 101.3s to go
on time step 1496 (time=14.96), 0.177538 s/step
Meep progress: 15.18/20.499999618530275 = 74.0% done in 277.6s, 97.3s to go
on time step 1518 (time=15.18), 0.185055 s/step
Meep progress: 15.41/20.499999618530275 = 75.2% done in 281.7s, 93.0s to go
on time step 1541 (time=15.41), 0.177255 s/step
Meep progress: 15.65/20.499999618530275 = 76.3% done in 285.7s, 88.5s to go
on time step 1565 (time=15.65), 0.167895 s/step
Meep progress: 15.88/20.499999618530275 = 77.5% done in 289.8s, 84.3s to go
on time step 1588 (time=15.88), 0.176739 s/step
Meep progress: 16.1/20.499999618530275 = 78.5% done in 293.8s, 80.3s to go
on time step 1610 (time=16.1), 0.184869 s/step
Meep progress: 16.330000000000002/20.499999618530275 = 79.7% done in 297.9s, 76.1s to go
on time step 1633 (time=16.33), 0.177424 s/step
Meep progress: 16.56/20.499999618530275 = 80.8% done in 302.0s, 71.9s to go
on time step 1656 (time=16.56), 0.177572 s/step
Meep progress: 16.8/20.499999618530275 = 82.0% done in 306.2s, 67.4s to go
on time step 1680 (time=16.8), 0.177122 s/step
Meep progress: 17.03/20.499999618530275 = 83.1% done in 310.3s, 63.2s to go
on time step 1703 (time=17.03), 0.175215 s/step
Meep progress: 17.26/20.499999618530275 = 84.2% done in 314.3s, 59.0s to go
on time step 1726 (time=17.26), 0.17697 s/step
Meep progress: 17.490000000000002/20.499999618530275 = 85.3% done in 318.4s, 54.8s to go
on time step 1749 (time=17.49), 0.176559 s/step
Meep progress: 17.72/20.499999618530275 = 86.4% done in 322.5s, 50.6s to go
on time step 1772 (time=17.72), 0.177251 s/step
Meep progress: 17.95/20.499999618530275 = 87.6% done in 326.6s, 46.4s to go
on time step 1795 (time=17.95), 0.17742 s/step
Meep progress: 18.18/20.499999618530275 = 88.7% done in 330.6s, 42.2s to go
on time step 1818 (time=18.18), 0.175999 s/step
Meep progress: 18.41/20.499999618530275 = 89.8% done in 334.7s, 38.0s to go
on time step 1841 (time=18.41), 0.176641 s/step
Meep progress: 18.64/20.499999618530275 = 90.9% done in 338.8s, 33.8s to go
on time step 1864 (time=18.64), 0.177259 s/step
Meep progress: 18.87/20.499999618530275 = 92.0% done in 342.8s, 29.6s to go
on time step 1887 (time=18.87), 0.1764 s/step
Meep progress: 19.09/20.499999618530275 = 93.1% done in 346.9s, 25.6s to go
on time step 1909 (time=19.09), 0.184906 s/step
Meep progress: 19.32/20.499999618530275 = 94.2% done in 350.9s, 21.4s to go
on time step 1932 (time=19.32), 0.176758 s/step
Meep progress: 19.56/20.499999618530275 = 95.4% done in 355.0s, 17.1s to go
on time step 1956 (time=19.56), 0.167949 s/step
Meep progress: 19.79/20.499999618530275 = 96.5% done in 359.1s, 12.9s to go
on time step 1979 (time=19.79), 0.177354 s/step
Meep progress: 20.01/20.499999618530275 = 97.6% done in 363.1s, 8.9s to go
on time step 2001 (time=20.01), 0.185587 s/step
Meep progress: 20.240000000000002/20.499999618530275 = 98.7% done in 367.2s, 4.7s to go
on time step 2024 (time=20.24), 0.177202 s/step
Meep progress: 20.47/20.499999618530275 = 99.9% done in 371.3s, 0.5s to go
on time step 2047 (time=20.47), 0.177153 s/step
creating output file "./nanobeam-eps-000020.50.h5"...
creating output file "./nanobeam-ey-000020.50.h5"...
harminv0:, frequency, imag. freq., Q, |amp|, amplitude, error
harminv0:, frequency, imag. freq., Q, |amp|, amplitude, error
run 0 finished at t = 20.5 (2050 timesteps)
Generating MP4...
flux1:, 1.1764705882352942, 0.006219031648788053, 0.0007560947935296505, 0.054159295373079036, -0.0008426706182196242, -0.016388598518356105
flux1:, 1.1774529451058982, 0.006238266496796207, 0.0007432688051157469, 0.054704995155689384, -0.001506330532947982, -0.016080992192027677
flux1:, 1.1784353019765021, 0.006257071675901269, 0.0007295778344795474, 0.055275755774067646, -0.0021796151955471143, -0.01575998285297895
flux1:, 1.179417658847106, 0.006275470192025339, 0.0007150000533204592, 0.0558737966464572, -0.0028613578507721725, -0.01542591858036662
flux1:, 1.18040001571771, 0.0062934889093935065, 0.0006995143893608155, 0.05650144265734634, -0.003550406301228571, -0.015079196442562323
flux1:, 1.181382372588314, 0.006311158776883152, 0.0006831006296715007, 0.05716112108089896, -0.0042456443579321195, -0.014720259135892698
flux1:, 1.182364729458918, 0.00632851506003638, 0.0006657395279208887, 0.05785535771189332, -0.0049460158777174055, -0.014349590610957171
flux1:, 1.183347086329522, 0.006345597578549118, 0.0006474129154547031, 0.058586772177650306, -0.005650551519904495, -0.01396771059425576
flux1:, 1.1843294432001257, 0.006362450949014422, 0.000628103816097736, 0.059358072408802816, -0.006358398352161157, -0.013575167909762091
flux1:, 1.1853118000707297, 0.006379124832681675, 0.0006077965645466996, 0.060172048252314043, -0.00706885243261451, -0.013172532502363145
flux1:, 1.1862941569413337, 0.0063956741879758194, 0.0005864769282065911, 0.061031564216067376, -0.007781394490795514, -0.012760386062708228
flux1:, 1.1872765138119377, 0.006412159527476247, 0.0005641322323009193, 0.06193955134103399, -0.00849572882519953, -0.012339311150770287
flux1:, 1.1882588706825417, 0.006428647179051102, 0.0005407514880668254, 0.0628989982043529, -0.009211825529274723, -0.011909878713645277
flux1:, 1.1892412275531457, 0.006445209550806235, 0.0005163255238232043, 0.0639129410646077, -0.009929966150774874, -0.011472633891676028
flux1:, 1.1902235844237494, 0.006461925399473207, 0.0004908471186806269, 0.0649844531692061, -0.010650792881500734, -0.0110280800059035
flux1:, 1.1912059412943534, 0.006478880101863267, 0.0004643111386362232, 0.06611663325325041, -0.011375361365699718, -0.010576660619219101
flux1:, 1.1921882981649574, 0.006496165928947032, 0.00043671467477851545, 0.06731259326886355, -0.012105197205456228, -0.010118739563425424
flux1:, 1.1931706550355614, 0.006513882322133814, 0.0004080571832991441, 0.06857544539503342, -0.012842356230547237, -0.009654578824751016
flux1:, 1.1941530119061654, 0.006532136171265115, 0.00037834062699092415, 0.06990828838868024, -0.01358948858845702, -0.009184314181139422
flux1:, 1.1951353687767692, 0.006551042093832637, 0.000347569617882719, 0.07131419334986883, -0.01434990669716835, -0.008707928486047185
flux1:, 1.1961177256473732, 0.006570722714891502, 0.00031575156064393305, 0.07279618898619712, -0.01512765708967552, -0.008225222495449259
flux1:, 1.1971000825179772, 0.006591308947120057, 0.0002828967963614133, 0.07435724647407102, -0.0159275961641462, -0.007735783137271627
flux1:, 1.1980824393885812, 0.006612940270446541, 0.0002490187462759455, 0.07600026402817951, -0.016755469838006055, -0.007238949125565038
flux1:, 1.1990647962591852, 0.006635765010644475, 0.00021413405503498812, 0.07772805130389336, -0.017617997087403317, -0.006733773825659876
flux1:, 1.200047153129789, 0.006659940616261661, 0.00017826273300064921, 0.07954331377126361, -0.01852295733587803, -0.006218985280964913
flux1:, 1.201029510000393, 0.006685633933243744, 0.00014142829712626327, 0.08144863721386894, -0.019479281637936597, -0.005692943317057774
flux1:, 1.202011866870997, 0.006713021476558951, 0.00010365790989399348, 0.08344647251973493, -0.020497147583672687, -0.005153593644700991
flux1:, 1.202994223741601, 0.006742289698142902, 6.498251578536992e-05, 0.08553912094663653, -0.021588077831057813, -0.0045984188899311305
flux1:, 1.203976580612205, 0.006773635250429423, 2.54369747330797e-05, 0.0877287200580785, -0.022765042151905626, -0.004024386486352916
flux1:, 1.2049589374828087, 0.006807265244732527, -1.4939808015211606e-05, 0.09001723054118183, -0.02404256285647431, -0.003427893372954292
flux1:, 1.2059412943534127, 0.006843397503719777, -5.610475621101642e-05, 0.09240642413175011, -0.02543682344037299, -0.0028047074491242673
flux1:, 1.2069236512240167, 0.0068822608071859494, -9.801050170343889e-05, 0.09489787288572059, -0.02696578027539436, -0.0021499057481380356
flux1:, 1.2079060080946207, 0.006924095130345671, -0.00014060526894855128, 0.09749294004982612, -0.02864927714429081, -0.0014578092999091704
flux1:, 1.2088883649652247, 0.006969151873816657, -0.00018383276556772408, 0.10019277279731191, -0.030509162396826803, -0.0007219146650176873
flux1:, 1.2098707218358287, 0.00701769408447494, -0.0002276320796114389, 0.10299829710671418, -0.0325694084828286, 6.51778671396791e-05
flux1:, 1.2108530787064324, 0.007069996666341581, -0.0002719375841960177, 0.10591021507335745, -0.03485623359572555, 0.0009118394111375982
flux1:, 1.2118354355770364, 0.0071263465806433715, -0.0003166788501897029, 0.10892900495363407, -0.03739822513815552, 0.0018274909316399754
flux1:, 1.2128177924476404, 0.00718704303419972, -0.0003617805676415219, 0.11205492425171071, -0.04022646470053538, 0.0028226849724844855
flux1:, 1.2138001493182444, 0.007252397655258307, -0.00040716247664274494, 0.11528801616643146, -0.04337465422201339, 0.003909190624454957
flux1:, 1.2147825061888484, 0.007322734655910969, -0.0004527393083272987, 0.11862811972292328, -0.04687924298389099, 0.005100081673587112
flux1:, 1.2157648630594522, 0.007398390980225406, -0.0004984207367133592, 0.12207488391908189, -0.0507795550659545, 0.006409827857126757
flux1:, 1.2167472199300562, 0.00747971643720947, -0.0005441113420943002, 0.12562778622027668, -0.0551179168786115, 0.007854389139756437
flux1:, 1.2177295768006602, 0.007567073817736923, -0.0005897105866820001, 0.12928615573756957, -0.059939784366356295, 0.009451312906850447
flux1:, 1.2187119336712642, 0.007660838994580651, -0.0006351128032056321, 0.13304920142489804, -0.06529386946304588, 0.011219833956891155
flux1:, 1.2196942905418682, 0.007761401004675983, -0.0006802071971601217, 0.1369160456278365, -0.07123226536515154, 0.01318097715860032
flux1:, 1.220676647412472, 0.007869162112787056, -0.0007248778633915342, 0.14088576331241867, -0.07781057017728303, 0.015357662623467412
flux1:, 1.221659004283076, 0.007984537855725372, -0.000769003817692701, 0.14495742729565828, -0.08508800847361762, 0.017774813227701254
flux1:, 1.22264136115368, 0.008107957066305616, -0.0008124590440701755, 0.14913015978940045, -0.09312755031060382, 0.020459464302655907
flux1:, 1.223623718024284, 0.00823986187624498, -0.0008551125583246852, 0.1534031905581669, -0.10199602722030784, 0.023440875296362712
flux1:, 1.224606074894888, 0.008380707697219117, -0.0008968284885658464, 0.15777592197578788, -0.11176424470975284, 0.02675064319405541
flux1:, 1.2255884317654917, 0.008530963179325468, -0.0009374661732613345, 0.16224800124885289, -0.12250709079029294, 0.030422817469876292
flux1:, 1.2265707886360957, 0.008691110146228325, -0.0009768802773888333, 0.1668194000542032, -0.13430364006241818, 0.034494016327501376
flux1:, 1.2275531455066997, 0.008861643506292755, -0.0010149209272337421, 0.17149050181434194, -0.14723725288531592, 0.03900354397306256
flux1:, 1.2285355023773037, 0.00904307113904602, -0.0010514338643391836, 0.1762621968080751, -0.16139566916728018, 0.04399350864996742
flux1:, 1.2295178592479077, 0.009235913756337017, -0.0010862606190774173, 0.1811359852842591, -0.1768710963230651, 0.04950894115240277
flux1:, 1.2305002161185117, 0.00944070473763415, -0.001119238704276688, 0.1861140887139878, -0.19376029095687208, 0.055597913521610906
flux1:, 1.2314825729891155, 0.009657989938892527, -0.001150201829284465, 0.19119956928035026, -0.2121646338456413, 0.06231165761813731
flux1:, 1.2324649298597194, 0.009888327474530436, -0.0011789801348126632, 0.19639645766688407, -0.2321901978166659, 0.0697046832523622
flux1:, 1.2334472867303234, 0.010132287472050132, -0.0012054004488499589, 0.20170988916300914, -0.25394780813531265, 0.07783489554639227
flux1:, 1.2344296436009274, 0.010390451798934023, -0.0012292865638786742, 0.20714624806087933, -0.27755309504475045, 0.08676371119203796
flux1:, 1.2354120004715314, 0.010663413761472597, -0.0012504595355749568, 0.2127133202692602, -0.3031265381275792, 0.09655617326260815
flux1:, 1.2363943573421352, 0.010951777775263018, -0.001268738003110233, 0.21842045402063165, -0.3307935021921418, 0.10728106423022574
flux1:, 1.2373767142127392, 0.011256159007162087, -0.001283938531110062, 0.2242787284933515, -0.3606842644200281, 0.11901101683624785
flux1:, 1.2383590710833432, 0.0115771829885548, -0.0012958759732570903, 0.23030113011566025, -0.3929340325506759, 0.13182262245919624
flux1:, 1.2393414279539472, 0.011915485199861617, -0.0013043638574600364, 0.23650273625992438, -0.42768295391900285, 0.14579653662310219
flux1:, 1.2403237848245512, 0.012271710626277856, -0.0013092147924331262, 0.24290090597515854, -0.46507611520663406, 0.16101758128943922
flux1:, 1.241306141695155, 0.012646513284820915, -0.001310240895458566, 0.24951547734389326, -0.505263532813685, 0.1775748435773637
flux1:, 1.242288498565759, 0.013040555722821243, -0.0013072542410270244, 0.2563689709850909, -0.5484001338068493, 0.19556177056027965
flux1:, 1.243270855436363, 0.013454508488082249, -0.0013000673299673872, 0.2634867991601792, -0.5946457274514275, 0.2150762597919585
flux1:, 1.244253212306967, 0.013889049571018745, -0.0012884935785986262, 0.27089747987225893, -0.644164967388901, 0.23622074522204725
flux1:, 1.245235569177571, 0.01434486381914698, -0.0012723478273516764, 0.2786328552818853, -0.6971273045761945, 0.25910227816939063
flux1:, 1.2462179260481747, 0.014822642324403962, -0.0012514468682176295, 0.2867283136948568, -0.7537069311602607, 0.2838326030314077
flux1:, 1.2472002829187787, 0.01532308178384727, -0.0012256099902985627, 0.295223014309974, -0.8140827155206242, 0.3105282274203567
flux1:, 1.2481826397893827, 0.015846883834371203, -0.0011946595426409442, 0.3041601138477773, -0.878438128770263, 0.33931048643006606
flux1:, 1.2491649966599867, 0.016394754362179707, -0.0011584215134440052, 0.3135869941139341, -0.9469611630670391, 0.3703056007525075
flux1:, 1.2501473535305907, 0.016967402787819923, -0.0011167261246438657, 0.3235554894864935, -1.0198442421464575, 0.4036447283805192
flux1:, 1.2511297104011945, 0.017565541327689674, -0.0010694084407813127, 0.3341221132518808, -1.0972841245469718, 0.4394640096507256
flux1:, 1.2521120672717985, 0.01818988423301784, -0.0010163089909683927, 0.34534828165319453, -1.179481800059518, 0.47790460540126123
flux1:, 1.2530944241424025, 0.018841147007403518, -0.0009572744026770045, 0.35730053445490895, -1.2666423799893103, 0.5191127280400298
flux1:, 1.2540767810130065, 0.019520045604080247, -0.0008921580459822645, 0.37005075077269994, -1.358974981877229, 0.5632396653412798
flux1:, 1.2550591378836105, 0.02022729560418487, -0.0008208206867971322, 0.3836763588637958, -1.4566926093813044, 0.6104417968131123
flux1:, 1.2560414947542144, 0.02096361137737954, -0.0007431311475492533, 0.3982605385253249, -1.560012028072989, 0.6608806025019419
flux1:, 1.2570238516248182, 0.021729705226266, -0.0006589669736606681, 0.4138924147039046, -1.6691536379513525, 0.7147226641270519
flux1:, 1.2580062084954222, 0.02252628651612655, -0.0005682151041009061, 0.43066724088074637, -1.7843413435264441, 0.7721396584640194
flux1:, 1.2589885653660262, 0.023354060791595455, -0.00047077254420300866, 0.4486865707628455, -1.905802422364031, 0.833308342923357
flux1:, 1.2599709222366302, 0.02421372888196786, -0.00036654703884551014, 0.4680584167839464, -2.0337673930238505, 0.8984105332978952
flux1:, 1.2609532791072342, 0.02510598599691031, -0.0002554577440268745, 0.4888973938966749, -2.1684698833558094, 0.9676330736814005
flux1:, 1.261935635977838, 0.026031520814431944, -0.00013743589477923802, 0.511324847124112, -2.310146500147708, 1.0411677985869474
flux1:, 1.262917992848442, 0.026991014563049264, -1.2425467298500175e-05, 0.5354689613316191, -2.459036701140385, 1.1192114873239023
flux1:, 1.263900349719046, 0.02798514010012625, 0.00011961616690399727, 0.5614648516802001, -2.6153826704407894, 1.201965810717228
flux1:, 1.26488270658965, 0.029014560988478967, 0.000258717597083763, 0.5894546332321817, -2.7794291983776103, 1.289637270282586
flux1:, 1.265865063460254, 0.03007993057335557, 0.00040489274189864556, 0.6195874681966977, -2.9514235668400235, 1.3824371299945155
flux1:, 1.266847420330858, 0.031181891061997383, 0.0005581402329667823, 0.6520195893289897, -3.131615441141779, 1.480581340812012
flux1:, 1.2678297772014617, 0.03232107260801345, 0.0007184428157667726, 0.6869142980322712, -3.320256769435242, 1.584290458148732
flux1:, 1.2688121340720657, 0.03349809240286157, 0.0008857667703415599, 0.7244419357550201, -3.517601690682432, 1.6937895524991693
flux1:, 1.2697944909426697, 0.034713553776793686, 0.001060061354306544, 0.7647798273315324, -3.723906452157999, 1.8093081134511864
flux1:, 1.2707768478132737, 0.035968045311614995, 0.0012412582706842479, 0.8081121949755842, -3.9394293374240017, 1.9310799473371143
flux1:, 1.2717592046838777, 0.03726213996769041, 0.0014292711631188496, 0.8546300417111311, -4.164430605666653, 2.0593430687902936
flux1:, 1.2727415615544815, 0.03859639422761407, 0.0016239951410310638, 0.9045310031064093, -4.39917244323, 2.194339586490037
flux1:, 1.2737239184250855, 0.03997134725902618, 0.001825306337286648, 0.9580191662714862, -4.64391892811957, 2.336315583391549
flux1:, 1.2747062752956895, 0.041387520099011615, 0.0020330615009436373, 1.0153048551794726, -4.898936008167727, 2.485520991744169
flux1:, 1.2756886321662935, 0.042845414862591996, 0.002247097627640236, 1.0766043814866144, -5.164491493476218, 2.6422094632104254
flux1:, 1.2766709890368975, 0.04434551397775846, 0.002467231630162691, 1.1421397601444159, -5.440855063654167, 2.806638234403229
flux1:, 1.2776533459075012, 0.0458882794495318, 0.0026932600517052254, 1.2121383892307132, -5.728298290269135, 2.9790679881554603
flux1:, 1.2786357027781052, 0.04747415215548888, 0.002924958824300099, 1.2868326935612582, -6.027094674817894, 3.1597627108372257
flux1:, 1.2796180596487092, 0.04910355117518453, 0.003162083074843926, 1.366459731797064, -6.337519702405704, 3.348989546028818
flux1:, 1.2806004165193132, 0.05077687315586374, 0.003404366981100881, 1.4512607669115238, -6.659850911194388, 3.5470186448473964
flux1:, 1.2815827733899172, 0.052494491716825714, 0.003651523679984224, 1.541480800049242, -6.99436797754322, 3.754123013213603
flux1:, 1.282565130260521, 0.05425675689472537, 0.003903245230356222, 1.6373680679754854, -7.341352816624938, 3.970578356324367
flux1:, 1.283547487131125, 0.0560639946320813, 0.004159202632491951, 1.739173504492351, -7.701089698152011, 4.19666292058309
flux1:, 1.284529844001729, 0.05791650631115504, 0.004419045906260445, 1.847150166378345, -8.073865376686175, 4.432657333209112
flux1:, 1.285512200872333, 0.059814568335327646, 0.004682404229974151, 1.9615526245947579, -8.459969235849211, 4.678844439722028
flux1:, 1.286494557742937, 0.06175843175997568, 0.0049488861417374104, 2.0826363216908925, -8.859693445584755, 4.935509139468469
flux1:, 1.2874769146135407, 0.06374832197479777, 0.005218079805004061, 2.210656896536629, -9.273333131448478, 5.202938219318362
flux1:, 1.2884592714841447, 0.0657844384394226, 0.0054895533399205365, 2.3458694776997864, -9.701186554731255, 5.481420185622157
flux1:, 1.2894416283547487, 0.06786695447400086, 0.005762855221876634, 2.4885279469880617, -10.143555302049101, 5.771245094481558
flux1:, 1.2904239852253527, 0.06999601710643373, 0.006037514748552047, 2.6388841748686658, -10.600744482848565, 6.072704380336683
flux1:, 1.2914063420959567, 0.07217174697766254, 0.006313042576555006, 2.797187229672542, -11.073062933106707, 6.386090682827062
flux1:, 1.2923886989665605, 0.07439423830641702, 0.006588931328611559, 2.9636825626861127, -11.560823423323056, 6.711697671836124
flux1:, 1.2933710558371645, 0.0766635589146021, 0.006864656272048357, 3.1386111714212457, -12.064342868735508, 7.049819870572688
flux1:, 1.2943534127077685, 0.07897975031438761, 0.007139676069150329, 3.322208743540033, -12.583942539502262, 7.400752476488849
flux1:, 1.2953357695783725, 0.08134282785790095, 0.007413433599759593, 3.514704784090956, -13.119948268455921, 7.7647911797803655
flux1:, 1.2963181264489765, 0.083752780950271, 0.007685356856285097, 3.7163217288864923, -13.67269065384593, 8.142231979154278
flux1:, 1.2973004833195805, 0.0862095733265692, 0.00795485991107967, 3.9272740470163408, -14.24250525434765, 8.533370994493163
flux1:, 1.2982828401901843, 0.08871314339305537, 0.008221343955916581, 4.1477673356472415, -14.829732773468583, 8.938504275977769
flux1:, 1.2992651970607882, 0.09126340463292464, 0.008484198413079276, 4.377997410406479, -15.434719230347568, 9.35792760918805
flux1:, 1.3002475539313922, 0.09386024607658461, 0.008742802117346576, 4.6181493947801915, -16.057816113811946, 9.79193631562161
flux1:, 1.3012299108019962, 0.09650353283626117, 0.008996524567910988, 4.868396812078802, -16.69938051645241, 10.240825048024618
flux1:, 1.3022122676726002, 0.09919310670458716, 0.009244727249045483, 5.1289006836327085, -17.359775245376813, 10.704887579871665
flux1:, 1.303194624543204, 0.10192878681657762, 0.009486765018066232, 5.399808636970924, -18.039368906205993, 11.184416588270192
flux1:, 1.304176981413808, 0.10471037037419618, 0.009721987558919223, 5.68125402781859, -18.738535956830376, 11.679703429516275
flux1:, 1.305159338284412, 0.10753763343253978, 0.009949740899443922, 5.973355079805111, -19.457656727368246, 12.19103790647905
flux1:, 1.306141695155016, 0.11041033174640423, 0.010169368990139897, 6.2762140458257445, -20.197117402754312, 12.718708026943721
flux1:, 1.30712405202562, 0.11332820167583246, 0.010380215341990977, 6.589916395015924, -20.957309964362715, 13.262999751997528
flux1:, 1.308106408896224, 0.11629096114897679, 0.010581624720667716, 6.914530029316017, -21.73863208707521, 13.82419673351117
flux1:, 1.3090887657668278, 0.1192983106804442, 0.01077294489416873, 7.250104533580787, -22.54148698823282, 14.402580039730326
flux1:, 1.3100711226374318, 0.12234993444301415, 0.010953528430716295, 7.596670463164044, -23.366283224969653, 14.998427867965265
flux1:, 1.3110534795080357, 0.1254455013904744, 0.01112273454347946, 7.954238672848186, -24.21343443647835, 15.612015243350193
flux1:, 1.3120358363786397, 0.12858466642903435, 0.011279930978454486, 8.322799690921677, -25.083359027870596, 16.243613702620596
flux1:, 1.3130181932492437, 0.13176707163462778, 0.011424495941592915, 8.702323142109503, -25.976479792406373, 16.89349096185941
flux1:, 1.3140005501198475, 0.13499234751313155, 0.011555820061043576, 9.092757222939687, -26.893223469011843, 17.56191056715642
flux1:, 1.3149829069904515, 0.1382601143004057, 0.011673308380140614, 9.4940282330072, -27.834020232171053, 18.2491315271381
flux1:, 1.3159652638610555, 0.14156998329879597, 0.01177638237656414, 9.906040165418379, -28.799303111473492, 18.955407926334864
flux1:, 1.3169476207316595, 0.1449215582465436, 0.011864482002877862, 10.328674359539896, -29.789507338309754, 19.680988518393097
flux1:, 1.3179299776022635, 0.14831443671641528, 0.011937067743459855, 10.761789218963749, -30.80506961745235, 20.42611629815197
flux1:, 1.3189123344728673, 0.151748211539604, 0.01199362268264563, 11.20521999738619, -31.846427321530523, 21.19102805167727
flux1:, 1.3198946913434713, 0.1552224722508308, 0.012033654578724845, 11.658778654861969, -32.91401760668808, 21.975953883370547
flux1:, 1.3208770482140753, 0.15873680655037217, 0.012056697938273242, 12.122253786635516, -34.00827644801586, 22.7811167193608
flux1:, 1.3218594050846793, 0.1622908017786134, 0.012062316085134077, 12.595410626483782, -35.12963759372361, 23.60673178643607
flux1:, 1.3228417619552832, 0.1658840463985457, 0.012050103218237317, 13.077991126206047, -36.27853143731945, 24.453006065886665
flux1:, 1.323824118825887, 0.16951613148148853, 0.012019686452308841, 13.569714112601051, -37.45538380748471, 25.320137721690912
flux1:, 1.324806475696491, 0.17318665219121848, 0.011970727835417569, 14.07027552294812, -38.66061467569709, 26.208315502607796
flux1:, 1.325788832567095, 0.1768952092615398, 0.011902926337202172, 14.579348719677197, -39.89463678209647, 27.11771811784857
flux1:, 1.326771189437699, 0.1806414104622247, 0.011816019801564373, 15.096584884572424, -41.15785418047784, 28.04851358610221
flux1:, 1.327753546308303, 0.18442487204817837, 0.011709786857522442, 15.62161349250323, -42.450660703793694, 29.000858557864316
flux1:, 1.3287359031789068, 0.18824522018661896, 0.01158404878190914, 16.154042864316075, -43.77343835193762, 29.974897611126877
flux1:, 1.3297182600495108, 0.19210209235692666, 0.01143867130754356, 16.693460798151303, -45.126555604118025, 30.970762520649053
flux1:, 1.3307006169201148, 0.19599513871788712, 0.011273566370525569, 17.23943527808835, -46.51036565853863, 31.988571501200813
flux1:, 1.3316829737907188, 0.19992402343688312, 0.011088693790301002, 17.791515258648076, -47.925204602641536, 33.02842842532755
flux1:, 1.3326653306613228, 0.20388842597569404, 0.01088406287618299, 18.349231523301057, -49.37138951761394, 34.09042201636068
flux1:, 1.3336476875319265, 0.20788804232748478, 0.01065973395407271, 18.91209761477419, -50.84921652137081, 35.174625017591815
flux1:, 1.3346300444025305, 0.21192258619960033, 0.010415819807194294, 19.479610834576658, -52.358958754702265, 36.28109333869735
flux1:, 1.3356124012731345, 0.2159917901368396, 0.010152487024752438, 20.05125330880122, -53.90086431574943, 37.4098651807235
flux1:, 1.3365947581437385, 0.22009540657987828, 0.009869957252547213, 20.626493116909696, -55.47515414846051, 38.56096014110009
flux1:, 1.3375771150143425, 0.22423320885365355, 0.009568508339699905, 21.20478547987685, -57.08201989116828, 39.73437830039929
flux1:, 1.3385594718849465, 0.2284049920805319, 0.00924847537582611, 21.78557400372079, -58.7216216918038, 40.930099292709606
flux1:, 1.3395418287555503, 0.232610574013225, 0.008910251613150368, 22.368291974150132, -60.39408599682607, 42.148081361742896
flux1:, 1.3405241856261543, 0.2368497957825612, 0.008554289268268586, 22.952363697743323, -62.09950332125681, 43.388260404976265
flux1:, 1.3415065424967583, 0.24112252255529237, 0.008181100198481017, 23.537205884812728, -63.837926007683336, 44.65054900833128
flux1:, 1.3424888993673623, 0.24542864409733306, 0.007791256447865353, 24.12222906882376, -65.60936598243806, 45.93483547409701
flux1:, 1.3434712562379663, 0.24976807523800448, 0.0073853906585090836, 24.706839057024258, -67.41379251754194, 47.24098284503782
flux1:, 1.34445361310857, 0.2541407562309833, 0.006964196342616651, 25.290438406700318, -69.2511300073173, 48.5688279277484
flux1:, 1.345435969979174, 0.25854665300795965, 0.006528428011487294, 25.872427921302386, -71.12125576885943, 49.91818031857441
flux1:, 1.346418326849778, 0.2629857573211395, 0.006078901157701747, 26.452208160511848, -73.02399787582428, 51.28882143557544
flux1:, 1.347400683720382, 0.2674580867710817, 0.005616492087163769, 27.02918095819349, -74.95913303525627, 52.6805035601648
flux1:, 1.348383040590986, 0.271963684716504, 0.005142137598017528, 27.60275094205003, -76.92638451728439, 54.09294889224682
flux1:, 1.34936539746159, 0.2765026200630554, 0.004656834503824625, 28.172327048747977, -78.92542014775862, 55.5258486228161
flux1:, 1.3503477543321938, 0.28107498692832883, 0.004161638998758313, 28.737324028218833, -80.955850373932, 56.97886202813266
flux1:, 1.3513301112027978, 0.28568090418064396, 0.003657665862984047, 29.29716393082641, -83.01722641340065, 58.45161558968444
flux1:, 1.3523124680734018, 0.29032051484954374, 0.003146087506806555, 29.851277571124502, -85.10903849649804, 59.943702144316646
flux1:, 1.3532948249440058, 0.2949939854061999, 0.0026281328525731896, 30.399105961958654, -87.23071421235436, 61.45468006894478
flux1:, 1.3542771818146098, 0.2997015049123232, 0.0021050860537775926, 30.940101712779, -89.3816169686943, 62.98407250440573
flux1:, 1.3552595386852135, 0.30444328403651394, 0.0015782850512374284, 31.473730386109494, -91.56104457536877, 64.53136662300605
flux1:, 1.3562418955558175, 0.3092195539373725, 0.001049119966687622, 31.999471806314652, -93.76822796143634, 66.09601294443863
flux1:, 1.3572242524264215, 0.3140305650130643, 0.0005190313345713079, 32.516821314942305, -96.00233003532631, 67.67742470469422
flux1:, 1.3582066092970255, 0.31887658551741577, -1.0491826698893528e-05, 33.02529096716725, -98.26244469741252, 69.27497728265774
flux1:, 1.3591889661676295, 0.3237579000430635, -0.000537914102286195, 33.52441066409498, -100.54759601396273, 70.8880076890164
flux1:, 1.3601713230382333, 0.3286748078725225, -0.0010616559250642087, 34.01372921595331, -102.85673756101731, 72.51581412212117
flux1:, 1.3611536799088373, 0.33362762119849704, -0.0015800959736734588, 34.49281533149893, -105.18875194641028, 74.15765559530887
flux1:, 1.3621360367794413, 0.3386166632151706, -0.0020915737213262984, 34.961258529327736, -107.54245051755295, 75.81275164018295
flux1:, 1.3631183936500453, 0.34364226608260756, -0.0025943921317316816, 35.41866996709132, -109.91657326218049, 77.480282090198
flux1:, 1.3641007505206493, 0.34870476876688083, -0.003086820498044248, 35.864683185027545, -112.30978890862104, 79.15938694878248
flux1:, 1.365083107391253, 0.3538045147588849, -0.003567097420247808, 36.29895476062291, -114.7206952315546, 80.84916634603216
flux1:, 1.366065464261857, 0.3589418496752876, -0.0040334339159517115, 36.721164871614555, -117.14781956859416, 82.54868058796309
flux1:, 1.367047821132461, 0.3641171187454907, -0.004484016659114253, 37.13101776501768, -119.58961955224254, 84.25695030189186
flux1:, 1.368030178003065, 0.3693306641888109, -0.004917011340747406, 37.52824213030462, -122.044484061163, 85.97295668151773
flux1:, 1.369012534873669, 0.3745828224866717, -0.005330566145257517, 37.912591375313596, -124.51073439379104, 87.69564183485764
flux1:, 1.3699948917442728, 0.3798739215548197, -0.005722815335619473, 38.28384380399035, -126.98662566664905, 89.4239092380338
flux1:, 1.3709772486148768, 0.3852042778211213, -0.006091882940194755, 38.641802695499685, -129.47034843874397, 91.15662429751396
flux1:, 1.3719596054854808, 0.39057419321484677, -0.006435886533613863, 38.986296284794385, -131.96003056274054, 92.89261502322158
flux1:, 1.3729419623560848, 0.3959839520737219, -0.006752941103748816, 39.31717764516982, -134.45373926249405, 94.63067281443502
flux1:, 1.3739243192266888, 0.40143381797542366, -0.0070411629964689075, 39.6343244738718, -136.94948343590997, 96.36955336024987
flux1:, 1.3749066760972926, 0.4069240305005471, -0.007298673929516153, 39.93763878230197, -139.4452161809236, 98.10797765575069
flux1:, 1.3758890329678966, 0.4124548019344645, -0.007523605066526775, 40.22704649285264, -141.93883754157693, 99.84463313494764
flux1:, 1.3768713898385005, 0.41802631391574385, -0.0077141011419320435, 40.502496944876725, -144.4281974703447, 101.57817492084642
flux1:, 1.3778537467091045, 0.4236387140392003, -0.007868324627201046, 40.763962312782795, -146.91109900166435, 103.30722719280621
flux1:, 1.3788361035797085, 0.42929211242192045, -0.007984459928634875, 41.01143693967366, -149.3853016309921, 105.03038467081939
flux1:, 1.3798184604503125, 0.4349865782408872, -0.008060717606704099, 41.24493659041983, -151.84852489258915, 106.74621421594695
flux1:, 1.3808008173209163, 0.440722136251078, -0.008095338606735298, 41.464497628421405, -154.29845212838185, 108.45325654562481
flux1:, 1.3817831741915203, 0.4464987632931796, -0.008086598490567115, 41.67017612077366, -156.73273443939524, 110.15002806223062
flux1:, 1.3827655310621243, 0.4523163848002811, -0.008032811658674645, 41.86204687685542, -159.14899481030332, 111.83502279270691
flux1:, 1.3837478879327283, 0.4581748713130647, -0.007932335552142487, 42.040202425757165, -161.54483239691635, 113.5067144366546
flux1:, 1.3847302448033323, 0.4640740350132439, -0.007783574823788302, 42.20475193824262, -163.91782696543203, 115.16355851982316
flux1:, 1.3857126016739363, 0.47001362628511945, -0.007584985467697817, 42.355820099246685, -166.2655434716798, 116.80399464949252
flux1:, 1.38669495854454, 0.47599333031520474, -0.007335078896393015, 42.49354593714179, -168.58553676773775, 118.4264488676882
flux1:, 1.387677315415144, 0.4820127637400818, -0.0070324259548936036, 42.618081616252034, -170.87535642262714, 120.02933609788225
flux1:, 1.388659672285748, 0.48807147135255646, -0.006675660860957982, 42.72959119923063, -173.13255164310158, 121.61106268020335
flux1:, 1.389642029156352, 0.49416892287640374, -0.0062634850608701545, 42.828249386110485, -175.35467628007103, 123.1700289899072
flux1:, 1.390624386026956, 0.5003045098198163, -0.005794670990261272, 42.91424023690936, -177.5392939054537, 124.70463213330822
flux1:, 1.3916067428975598, 0.5064775424178285, -0.005268065729551367, 42.98775588476042, -179.68398294394456, 126.21326871507651
flux1:, 1.3925890997681638, 0.5126872466738495, -0.004682594543839112, 43.048995246540905, -181.78634184368366, 127.69433767030499
flux1:, 1.3935714566387678, 0.5189327615102884, -0.0040372642971854234, 43.09816273799778, -183.8439942693284, 129.14624315448503
flux1:, 1.3945538135093718, 0.5252131360383978, -0.0033311667315433354, 43.13546700029728, -185.85459430102608, 130.56739748407668
flux1:, 1.3955361703799758, 0.5315273269570209, -0.0025634816008030686, 43.16111964482985, -187.81583162218456, 131.95622412011514
flux1:, 1.3965185272505796, 0.5378741960899629, -0.0017334796507345155, 43.175334022998264, -189.72543667909565, 133.3111606869578
flux1:, 1.3975008841211836, 0.5442525080715093, -0.0008405254359313897, 43.17832402751985, -191.58118579512828, 134.63066201795678
flux1:, 1.3984832409917876, 0.5506609281892247, 0.00011592003479631711, 43.17030293161174, -193.38090622238082, 135.91320321967487
flux1:, 1.3994655978623916, 0.5570980203931541, 0.0011362968327467296, 43.15148227213638, -195.1224811136216, 137.15728274596725
flux1:, 1.4004479547329955, 0.5635622454799973, 0.00222094383113087, 43.12207078256336, -196.80385439745953, 138.36142547311044
flux1:, 1.4014303116035993, 0.5700519594608315, 0.0033700966216924757, 43.08227338125351, -198.4230355400318, 139.5241857669798
flux1:, 1.4024126684742033, 0.5765654121202469, 0.004583885633017835, 43.03229022026272, -199.97810417657462, 140.64415053316336
flux1:, 1.4033950253448073, 0.5831007457747452, 0.0058623344569402784, 42.97231579947304, -201.46721459677084, 141.71994224078807
flux1:, 1.4043773822154113, 0.5896559942376277, 0.0072053583889297385, 42.90253815047867, -202.88860006803475, 142.75022191081348
flux1:, 1.4053597390860153, 0.5962290819972815, 0.008612763187854922, 42.8231380942301, -204.24057698156741, 143.73369205953543
flux1:, 1.406342095956619, 0.6028178236152665, 0.010084244059953297, 42.73428857598082, -205.52154880633566, 144.66909958799664
flux1:, 1.407324452827223, 0.6094199233502571, 0.011619384871296419, 42.63615408065204, -206.7300098370293, 145.55523860814765
flux1:, 1.408306809697827, 0.6160329750132061, 0.013217657592447727, 42.52889013120969, -207.864548722471, 146.39095319660981
flux1:, 1.409289166568431, 0.6226544620588189, 0.014878421978464425, 42.412642872193345, -208.9238517619712, 147.1751400670989
flux1:, 1.410271523439035, 0.6292817579176982, 0.016600925486739228, 42.28754873999705, -209.9067059576822, 147.90675115268888
flux1:, 1.4112538803096388, 0.6359121265730843, 0.01838430343462638, 42.153734221019604, -210.81200181205577, 148.5847960893083
flux1:, 1.4122362371802428, 0.6425427233855151, 0.020227579398135964, 42.01131569825104, -211.63873586037823, 149.20834459209271
flux1:, 1.4132185940508468, 0.6491705961681031, 0.022129665852376856, 41.860399386367654, -212.38601292918932, 149.7765287165397
flux1:, 1.4142009509214508, 0.6557926865146434, 0.024089365053802894, 41.70108135487981, -213.0530481126438, 150.28854499665283
flux1:, 1.4151833077920548, 0.6624058313820194, 0.026105370163673598, 41.5334476383471, -213.639168459745, 150.74365645270845
flux1:, 1.4161656646626586, 0.6690067649278165, 0.028176266611505487, 41.35757443219404, -214.143814366375, 151.14119446146495
flux1:, 1.4171480215332626, 0.6755921206034815, 0.03030053369668218, 41.17352837212829, -214.56654066748678, 151.48056048234534
flux1:, 1.4181303784038666, 0.6821584335025718, 0.03247654642573531, 40.98136689470824, -214.90701742558596, 151.7612276332052
flux1:, 1.4191127352744706, 0.6887021429631447, 0.034702577582189205, 40.78113867612625, -215.1650304129084, 151.98274211011648
flux1:, 1.4200950921450746, 0.6952195954226127, 0.03697680002526913, 40.572884145808395, -215.3404812860515, 152.14472444570896
flux1:, 1.4210774490156786, 0.7017070475227609, 0.0392972892131338, 40.35663607103423, -215.43338745263185, 152.24687060159255
flux1:, 1.4220598058862823, 0.7081606694619137, 0.04166202594570516, 40.13242020834328, -215.44388163097955, 152.28895289036842
flux1:, 1.4230421627568863, 0.7145765485906983, 0.04406889932159879, 39.900256017142134, -215.37221110494295, 152.27082072384457
flux1:, 1.4240245196274903, 0.7209506932471135, 0.04651570990306402, 39.66015743056579, -215.21873667705432, 152.19240118422329
flux1:, 1.4250068764980943, 0.7272790368259711, 0.04900017308229309, 39.41213367831507, -214.9839313244153, 152.0536994158177
flux1:, 1.4259892333686983, 0.7335574420771831, 0.05151992264194061, 39.15619015594244, -214.66837856281288, 151.85479883543198
flux1:, 1.4269715902393023, 0.7397817056267866, 0.05407251450216212, 38.89232933474851, -214.27277052572404, 151.59586116013432
flux1:, 1.427953947109906, 0.7459475627137697, 0.05665543064595054, 38.6205517063152, -213.79790576575073, 151.27712625170898
flux1:, 1.42893630398051, 0.7520506921354932, 0.05926608321416424, 38.34085675541751, -213.24468678731554, 150.89891177784278
flux1:, 1.429918660851114, 0.7580867213935422, 0.06190181876107805, 38.05324395501978, -212.6141173201803, 150.46161269055483
flux1:, 1.430901017721718, 0.7640512320316659, 0.06455992266096715, 37.75771377687447, -211.9072993445186, 149.96570052311668
flux1:, 1.431883374592322, 0.7699397651564585, 0.06723762365573993, 37.4542687112281, -211.1254298790228, 149.41172250729164
flux1:, 1.4328657314629258, 0.7757478271313496, 0.06993209853335695, 37.142914289071015, -210.2697975443481, 148.8003005133124
flux1:, 1.4338480883335298, 0.7814708954336592, 0.07264047692637327, 36.823660100432804, -209.34177891516097, 148.13212981567622
flux1:, 1.4348304452041338, 0.7871044246640231, 0.07535984621961533, 36.49652080219859, -208.34283467462237, 147.40797768832684
flux1:, 1.4358128020747378, 0.7926438526971993, 0.07808725655580176, 36.16151710910249, -207.2745055857625, 146.6286818335343
flux1:, 1.4367951589453418, 0.7980846069625945, 0.08081972592758924, 35.81867676159112, -206.13840829501163, 145.79514864914248
flux1:, 1.4377775158159456, 0.8034221108426286, 0.0835542453443346, 35.46803546448106, -204.9362309834705, 144.90835133955184
flux1:, 1.4387598726865496, 0.8086517901764876, 0.08628778406170387, 35.10963779048948, -203.66972888199126, 143.96932787627196
flux1:, 1.4397422295571536, 0.8137690798567054, 0.08901729486207485, 34.74353804296597, -202.34071966665363, 142.9791788143492
flux1:, 1.4407245864277576, 0.8187694305054222, 0.0917397193735816, 34.36980107241595, -200.95107875140522, 141.9390649714767
flux1:, 1.4417069432983616, 0.8236483152170477, 0.09445199341557066, 33.98850304169624, -199.50273449481932, 140.85020497702234
flux1:, 1.4426893001689653, 0.8284012363537768, 0.09715105235817226, 33.59973213508283, -197.99766333826878, 139.71387269865207
flux1:, 1.4436716570395693, 0.833023732380161, 0.099833836483715, 33.203589206767795, -196.43788489270128, 138.53139455453731
flux1:, 1.4446540139101733, 0.8375113847226622, 0.10249729633766093, 32.80018836470864, -194.82545699134553, 137.3041467195879
flux1:, 1.4456363707807773, 0.8418598246401882, 0.10513839805690896, 32.389657486146255, -193.16247072547495, 136.03355223434323
flux1:, 1.4466187276513813, 0.846064740091218, 0.10775412866326181, 31.972138661528355, -191.45104548034737, 134.72107802555846
flux1:, 1.447601084521985, 0.850121882583265, 0.11034150131010748, 31.547788563992192, -189.69332398807816, 133.36823184765566
flux1:, 1.448583441392589, 0.8540270739902461, 0.11289756047042913, 31.116778742017303, -187.89146741408854, 131.97655915451625
flux1:, 1.449565798263193, 0.8577762133233742, 0.11541938705448597, 30.679295833303343, -186.0476504931971, 130.54763991112895
flux1:, 1.450548155133797, 0.8613652834412001, 0.11790410344571921, 30.23554169839317, -184.1640567311681, 129.08308535492287
flux1:, 1.451530512004401, 0.864790357684529, 0.12034887844369473, 29.785733473030426, -182.24287368698478, 127.58453471648112
flux1:, 1.4525128688750049, 0.8680476064219982, 0.12275093210315487, 29.33010353870709, -180.28628835048957, 126.05365190956603
flux1:, 1.4534952257456089, 0.8711333034922208, 0.12510754045858613, 28.86889941133249, -178.2964826295847, 124.49212220034927
flux1:, 1.4544775826162128, 0.8740438325287059, 0.1274160401240075, 28.402383548407155, -176.27562896030418, 122.90164886561318
flux1:, 1.4554599394868168, 0.8767756931537796, 0.12967383275811256, 27.930833075569986, -174.22588605260282, 121.28394984978101
flux1:, 1.4564422963574208, 0.879325507028177, 0.13187838938521068, 27.454539433801834, -172.14939478366114, 119.64075443044638
flux1:, 1.4574246532280246, 0.8816900237431046, 0.13402725456288278, 26.973807949051867, -170.0482742500112, 117.97379990191799
flux1:, 1.4584070100986286, 0.8838661265419722, 0.13611805038767352, 26.488957326442854, -167.92461798866321, 116.2848282861748
flux1:, 1.4593893669692326, 0.8858508378593171, 0.13814848033061014, 26.00031907163344, -165.78049037671246, 114.57558308039933
flux1:, 1.4603717238398366, 0.8876413246648579, 0.14011633289481576, 25.50823684232326, -163.6179232179371, 112.84780604999779
flux1:, 1.4613540807104406, 0.8892349036009308, 0.14201948508795492, 25.013065733226018, -161.43891252401377, 111.10323407575247
flux1:, 1.4623364375810444, 0.8906290459021365, 0.14385590570281362, 24.515171498203888, -159.24541549690898, 109.34359606347167
flux1:, 1.4633187944516486, 0.8918213820864326, 0.1456236583997745, 24.01492971358117, -157.0393477182237, 107.57060992410625
flux1:, 1.4643011513222524, 0.8928097064073343, 0.14732090458553324, 23.512724886945293, -154.82258055019827, 105.78597963206681
flux1:, 1.4652835081928564, 0.8935919810575854, 0.14894590608296082, 23.00894951599537, -152.59693875199912, 103.99139236888558
flux1:, 1.4662658650634603, 0.8941663401150098, 0.1504970275875021, 22.504003102283768, -150.36419831421645, 102.18851575921622
flux1:, 1.4672482219340643, 0.89453109322206, 0.15197273890618357, 21.9982911248598, -148.12608451325085, 100.37899520550174
flux1:, 1.4682305788046683, 0.8946847289908232, 0.1533716169757719, 21.492223979023983, -145.88427018646314, 98.56445132734227
flux1:, 1.4692129356752721, 0.8946259181263573, 0.15469234765725765, 20.986215885554834, -143.64037422799075, 96.7464775111058
flux1:, 1.470195292545876, 0.894353516261324, 0.1559337273044342, 20.480683775872485, -141.3959603041592, 94.92663757475147
flux1:, 1.47117764941648, 0.893866566495965, 0.15709466410484857, 19.97604615868812, -139.1525357865658, 93.1064635525076
flux1:, 1.472160006287084, 0.893164301637852, 0.15817417919207888, 19.472721973753565, -136.91155090009397, 91.28745360338597
flux1:, 1.473142363157688, 0.8922461461367034, 0.15917140752880615, 18.97112943831813, -134.6743980820405, 89.47107004715413
flux1:, 1.4741247200282919, 0.8911117177100902, 0.16008559856073362, 18.471684891909042, -132.44241154805087, 87.65873753073056
flux1:, 1.4751070768988959, 0.8897608286566745, 0.16091611664199854, 17.97480164499216, -130.216867059585, 85.8518413275749
flux1:, 1.4760894337694999, 0.8881934868542776, 0.16166244123325402, 17.480888837003832, -127.99898188684776, 84.0517257720907
flux1:, 1.4770717906401039, 0.8864098964407152, 0.16232416687416476, 16.990350309122526, -125.78991496068276, 82.25969283048147
flux1:, 1.4780541475107078, 0.8844104581762177, 0.16290100293260892, 16.503583497033212, -123.59076720606883, 80.47700080913735
flux1:, 1.4790365043813116, 0.8821957694867559, 0.16339277313337253, 16.02097834876519, -121.4025820493038, 78.70486320096236
flux1:, 1.4800188612519156, 0.8797666241884443, 0.16379941486969554, 15.542916272491627, -119.22634609054268, 76.94444766968725
flux1:, 1.4810012181225196, 0.8771240118939166, 0.16412097830145894, 15.069769118975348, -117.06298993273454, 75.19687517166433
flux1:, 1.4819835749931236, 0.874269117102113, 0.16435762524435846, 14.60189820309442, -114.91338915764892, 73.46321921420521
flux1:, 1.4829659318637276, 0.8712033179737834, 0.16450962785480372, 14.139653368648046, -112.7783654392704, 71.74450524902934
flux1:, 1.4839482887343314, 0.8679281847956414, 0.16457736711579676, 13.683372100333239, -110.65868778454862, 70.04171019898834
flux1:, 1.4849306456049354, 0.8644454781367212, 0.164561331129428, 13.233378686516378, -108.55507389119136, 68.35576211579284
flux1:, 1.4859130024755394, 0.8607571467012506, 0.16446211322203313, 12.789983436100519, -106.46819161204911, 66.68753996607154
flux1:, 1.4868953593461434, 0.8568653248829482, 0.16428040986848996, 12.353481952464858, -104.39866051538336, 65.03787354268415
flux1:, 1.4878777162167474, 0.8527723300262675, 0.16401701844241665, 11.924154467119806, -102.3470535303002, 63.40754349790679
flux1:, 1.4888600730873511, 0.8484806594008193, 0.16367283479945077, 11.502265235387066, -100.3138986666013, 61.79728149469007
flux1:, 1.4898424299579551, 0.8439929868956954, 0.16324885070105213, 11.088061996042386, -98.29968079821748, 60.20777047197412
flux1:, 1.4908247868285591, 0.8393121594410722, 0.16274615108658522, 10.6817754965268, -96.30484349958122, 58.63964501964461
flux1:, 1.4918071436991631, 0.8344411931649688, 0.16216591120168944, 10.283619084956149, -94.32979092430249, 57.09349185855837
flux1:, 1.4927895005697671, 0.8293832692937126, 0.1615093935912119, 9.893788369809078, -92.37488971577729, 55.569850420742455
flux1:, 1.4937718574403709, 0.8241417298048749, 0.16077794496514863, 9.51246094781806, -90.44047093950604, 54.069213524717334
flux1:, 1.4947542143109749, 0.818720072842327, 0.15997299294627113, 9.139796200229847, -88.52683202714803, 52.59202814066477
flux1:, 1.4957365711815789, 0.8131219479031704, 0.15909604270824945, 8.775935157259115, -86.63423872271952, 51.1386962400651
flux1:, 1.4967189280521829, 0.8073511508069559, 0.15814867351323722, 8.421000430217344, -84.7629270216088, 49.709575724199304
flux1:, 1.4977012849227869, 0.8014116184578546, 0.15713253515796072, 8.075096210472466, -82.9131050934564, 48.30498142592376
flux1:, 1.4986836417933906, 0.7953074234109584, 0.15604934433749001, 7.738308334073146, -81.08495518045687, 46.92518617895048
flux1:, 1.4996659986639946, 0.7890427682541398, 0.1549008809358763, 7.4107044105632625, -79.27863546292929, 45.57042194885863
flux1:, 1.5006483555345986, 0.7826219798171489, 0.15368898425289226, 7.09233401423466, -77.49428188463017, 44.240881020047794
flux1:, 1.5016307124052026, 0.7760495032201686, 0.15241554917612982, 6.78322893576941, -75.73200993065493, 42.936717232794486
flux1:, 1.5026130692758066, 0.7693298957739356, 0.15108252230765978, 6.483403491983934, -73.99191635137993, 41.65804726464067
flux1:, 1.5035954261464104, 0.7624678207440474, 0.14969189805444594, 6.19285489113708, -72.2740808263531, 40.40495195038238
flux1:, 1.5045777830170146, 0.7554680409921283, 0.14824571469161776, 5.911563651042995, -70.5785675626596, 39.17747763495762
flux1:, 1.5055601398876184, 0.7483354125066822, 0.14674605040762415, 5.639494067036971, -68.90542682283761, 37.97563755367132
flux1:, 1.5065424967582224, 0.7410748778366133, 0.1451950193401635, 5.376594726650362, -67.25469637789209, 36.799413234291166
flux1:, 1.5075248536288264, 0.7336914594404734, 0.14359476761167847, 5.122799067701291, -65.62640288170712, 35.64875591563482
flux1:, 1.5085072104994304, 0.7261902529645485, 0.14194746937301023, 4.878025976367393, -64.02056316355203, 34.52358797750332
flux1:, 1.5094895673700344, 0.7185764204628776, 0.14025532286366146, 4.642180421689386, -62.437185436078686, 33.42380437687931
flux1:, 1.5104719242406381, 0.7108551835723808, 0.1385205464968958, 4.415154122864954, -60.87627041667401, 32.34927408557989
flux1:, 1.5114542811112421, 0.7030318166561397, 0.13674537497770745, 4.196826245619722, -59.337812360697214, 31.299841524681256
flux1:, 1.5124366379818461, 0.695111639927865, 0.13493205546144826, 3.9870641238932842, -57.821800005584244, 30.275327991269336
flux1:, 1.5134189948524501, 0.6871000125704149, 0.13308284376066146, 3.7857240030492085, -56.328217425392054, 29.27553307329384
flux1:, 1.5144013517230541, 0.679002325861197, 0.13120000060738854, 3.5926518008176647, -54.85704479587857, 28.30023604851091
flux1:, 1.515383708593658, 0.6708239963170147, 0.1292857879779666, 3.4076838821849624, -53.40825907066782, 27.349197263744962
flux1:, 1.516366065464262, 0.6625704588708193, 0.12734246548701292, 3.2306478444899986, -51.98183456961246, 26.422159490956815
flux1:, 1.5173484223348659, 0.6542471600925209, 0.12537228685700763, 3.0613633090320205, -50.577743480820814, 25.518849256825874
flux1:, 1.5183307792054699, 0.6458595514659159, 0.12337749646957345, 2.8996427155751445, -49.19595627837056, 24.638978142843907
flux1:, 1.5193131360760739, 0.6374130827332798, 0.12136032600419697, 2.745292116218362, -47.83644205802238, 23.782244053132352
flux1:, 1.5202954929466777, 0.6289131953191907, 0.11932299116985498, 2.598111965214516, -46.499168793720365, 22.948332447491747
flux1:, 1.5212778498172816, 0.620365315844509, 0.11726768853461868, 2.4578979014363527, -45.1841035179728, 22.136917537427653
flux1:, 1.5222602066878856, 0.6117748497413702, 0.11519659245798976, 2.3244415203334743, -43.89121242953114, 21.347663443157877
flux1:, 1.5232425635584896, 0.603147174979523, 0.11311185213037007, 2.1975311323634563, -42.620460932101324, 20.580225309860435
flux1:, 1.5242249204290936, 0.5944876359140184, 0.11101558872369278, 2.076952505054633, -41.37181360806003, 19.834250381685788
flux1:, 1.5252072772996974, 0.5858015372638671, 0.10890989265690952, 1.9624895860193137, -40.14523413138544, 19.109379032277054
flux1:, 1.5261896341703014, 0.5770941382308448, 0.10679682097964245, 1.8539252044260748, -38.94068512421284, 18.405245750811194
flux1:, 1.5271719910409054, 0.568370646767226, 0.10467839487697535, 1.7510417486239973, -37.7581279615821, 17.72148008279339
flux1:, 1.5281543479115094, 0.5596362140007225, 0.10255659729796962, 1.6536218178122517, -36.59752252909926, 17.057707525063847
flux1:, 1.5291367047821134, 0.5508959288245584, 0.10043337071014997, 1.5614488458456077, -35.45882693828867, 16.41355037470369
flux1:, 1.5301190616527172, 0.5421548126599465, 0.09831061498185847, 1.4743076954754804, -34.34199720453695, 15.788628531729172
flux1:, 1.5311014185233212, 0.5334178143980387, 0.09619018539397817, 1.3919852215312276, -33.24698689254234, 15.182560255671417
flux1:, 1.5320837753939252, 0.5246898055276165, 0.09407389078223381, 1.3142708017563083, -32.173746734176554, 14.594962876317226
flux1:, 1.5330661322645291, 0.515975575454556, 0.0919634918108999, 1.2409568342224622, -31.12222422367868, 14.0254534590818
flux1:, 1.5340484891351331, 0.5072798270184519, 0.08986069937841257, 1.1718392004533773, -30.09236319504499, 13.473649425640968
flux1:, 1.535030846005737, 0.4986071722113183, 0.08776717315506256, 1.1067176935935465, -29.08410338636609, 12.939169130609365
flux1:, 1.536013202876341, 0.4899621281027949, 0.08568452025260605, 1.0453964111594412, -28.09737999583425, 12.421632395199383
flux1:, 1.536995559746945, 0.48134911297576666, 0.08361429402534934, 0.9876841121082556, -27.132123233947137, 11.92066099892844
flux1:, 1.537977916617549, 0.47277244267580715, 0.0815579930019142, 0.933394538148886, -26.188257876344565, 11.43587913055673
flux1:, 1.538960273488153, 0.4642363271772316, 0.07951705994662261, 0.8823466994054976, -25.26570282149652, 10.966913799552778
flux1:, 1.5399426303587567, 0.4557448673683504, 0.07749288104916793, 0.8343651247218946, -24.36437065733395, 10.513395209481452
flux1:, 1.5409249872293607, 0.44730205205755413, 0.07548678524092443, 0.7892800770601168, -23.484167240650297, 10.07495709478001
flux1:, 1.5419073440999647, 0.43891175520183023, 0.07350004363602752, 0.7469277346132672, -22.62499129291916, 9.651237022484127
flux1:, 1.5428897009705687, 0.43057773335844607, 0.07153386909508122, 0.7071503383950899, -21.786734015939036, 9.241876660491453
flux1:, 1.5438720578411727, 0.422303623360329, 0.06958941590912861, 0.6697963072150298, -20.96927873044331, 8.846522014039882
flux1:, 1.5448544147117764, 0.4140929402149691, 0.0676677796012678, 0.6347203210745268, -20.17250054059124, 8.464823632077774
flux1:, 1.5458367715823806, 0.4059490752264077, 0.06576999684313233, 0.6017833741393094, -19.396266026974505, 8.096436785251843
flux1:, 1.5468191284529844, 0.39787529433930086, 0.06389704548321389, 0.5708527985495381, -18.640432970499994, 7.74102161724679
flux1:, 1.5478014853235884, 0.38987473670356376, 0.06204984468382253, 0.541802260427232, -17.904850109242105, 7.398243271218208
flux1:, 1.5487838421941924, 0.38195041345784986, 0.06022925516334793, 0.5145117295219134, -17.189356930086724, 7.0677719930549046
flux1:, 1.5497661990647964, 0.37410520672953085, 0.058436079540284055, 0.4888674240113387, -16.493783496681523, 6.749283213193739
flux1:, 1.5507485559354004, 0.3663418688484761, 0.056671062775353505, 0.4647617320322879, -15.817950314965959, 6.4424576086908685
flux1:, 1.5517309128060042, 0.358663021771622, 0.05493489270793924, 0.4420931115678475, -15.161668237246426, 6.1469811472214655
flux1:, 1.5527132696766082, 0.3510711567148645, 0.05322820068292217, 0.4207659703552331, -14.524738405523124, 5.862545114643651
flux1:, 1.5536956265472122, 0.34356863398850346, 0.05155156226389828, 0.40069052750429696, -13.90695223450808, 5.588846127719611
flux1:, 1.5546779834178162, 0.3361576830320607, 0.04990549802868614, 0.3817826585342136, -13.308091434499309, 5.325586133535058
flux1:, 1.5556603402884202, 0.32884040264406933, 0.04829047444294495, 0.3639637255409318, -12.727928074041358, 5.072472397104526
flux1:, 1.556642697159024, 0.3216187614020664, 0.04670690480766946, 0.34716039420275885, -12.166224682036622, 4.829217478589326
flux1:, 1.557625054029628, 0.31449459826769877, 0.045155150276272336, 0.3313044393184382, -11.62273438875369, 4.595539201489591
flux1:, 1.558607410900232, 0.30746962337170847, 0.04363552093693619, 0.31633254054815374, -11.097201104944533, 4.371160613103809
flux1:, 1.559589767770836, 0.3005454189731709, 0.04214827695589615, 0.30218606999527087, -10.589359738075151, 4.15580993847717
flux1:, 1.56057212464144, 0.29372344058723643, 0.04069362977728775, 0.28881087322819143, -10.098936444475608, 3.949220528987774
flux1:, 1.5615544815120437, 0.28700501827532876, 0.03927174337521395, 0.2761570452920485, -9.625648916026151, 3.7511308066424056
flux1:, 1.5625368383826477, 0.28039135809166815, 0.03788273555369149, 0.2641787032077497, -9.169206699829934, 3.5612842050751716
flux1:, 1.5635191952532517, 0.27388354367973045, 0.036526679290157356, 0.25283375639360395, -8.72931154916411, 3.379429108168211
flux1:, 1.5645015521238557, 0.26748253801206745, 0.03520360411824622, 0.24208367637952333, -8.305657803854771, 3.2053187871308433
flux1:, 1.5654839089944597, 0.2611891852669432, 0.033913497545616754, 0.2318932671121613, -7.897932798108564, 3.0387113367984275
flux1:, 1.5664662658650634, 0.25500421283491403, 0.03265630650262134, 0.2222304370751554, -7.505817293703918, 2.8793696118337024
flux1:, 1.5674486227356674, 0.24892823344855297, 0.03143193881771782, 0.21306597436783337, -7.128985936369159, 2.7270611634361654
flux1:, 1.5684309796062714, 0.24296174742836277, 0.03024026471557119, 0.2043733258060283, -6.7671077330816445, 2.581558177093728
flux1:, 1.5694133364768754, 0.23710514503784824, 0.029081118333865848, 0.19612838102329078, -6.419846547966915, 2.4426374118332297
flux1:, 1.5703956933474794, 0.23135870894072139, 0.027954299254967604, 0.18830926246520285, -6.0868616144195835, 2.310080141359372
flux1:, 1.5713780502180832, 0.22572261675319621, 0.02685957404864589, 0.18089612208332848, -5.767808061045889, 2.1836720974031967
flux1:, 1.5723604070886872, 0.22019694368423137, 0.025796677822169725, 0.17387094544775303, -5.462337448999136, 2.0632034155342973
flux1:, 1.5733427639592912, 0.21478166525672795, 0.02476531577422348, 0.1672173639098918, -5.170098318278259, 1.9484685836325113
flux1:, 1.5743251208298952, 0.2094766601025737, 0.023765164749166224, 0.16092047536179097, -4.8907367405732955, 1.8392663931512205
flux1:, 1.5753074777004992, 0.20428171282459387, 0.022795874788317183, 0.1549666740518403, -4.623896876254572, 1.7353998932555563
flux1:, 1.576289834571103, 0.19919651691840995, 0.021857070675044964, 0.14934348983458184, -4.369221533151309, 1.6366763478619504
flux1:, 1.577272191441707, 0.1942206777473719, 0.020948353470573722, 0.14403943714987846, -4.126352724795598, 1.5429071955607094
flux1:, 1.578254548312311, 0.18935371556375355, 0.020069302037573164, 0.1390438739490348, -3.8949322258870747, 1.4539080123606603
flux1:, 1.579236905182915, 0.1845950685695397, 0.019219474548695423, 0.13434687070868637, -3.674602122779109, 1.3694984771512941
flux1:, 1.580219262053519, 0.17994409601021058, 0.018398409977396335, 0.12993908960144931, -3.4650053568873367, 1.28950233974709
flux1:, 1.5812016189241227, 0.17540008129507645, 0.017605629568497184, 0.1258116738230894, -3.2657862589963536, 1.213747391343381
flux1:, 1.5821839757947267, 0.17096223513783296, 0.016840638286091777, 0.12195614701077002, -3.076591072538829, 1.142065437186769
flux1:, 1.5831663326653307, 0.1666296987111839, 0.016102926236550713, 0.11836432262614899, -2.897068464027629, 1.0742922712399363
flux1:, 1.5841486895359347, 0.1624015468094747, 0.015391970064501985, 0.11502822312039063, -2.726870018926049, 1.0102676525993055
flux1:, 1.5851310464065387, 0.1582767910135294, 0.0147072343198394, 0.11194000864531413, -2.565650721361287, 0.9498352834096845
flux1:, 1.5861134032771425, 0.15425438285194587, 0.014048172793919707, 0.10909191502782253, -2.4130694161997246, 0.8928427880051699
flux1:, 1.5870957601477467, 0.15033321695341828, 0.013414229823281299, 0.10647620068094038, -2.268789252133107, 0.8391416929992218
flux1:, 1.5880781170183504, 0.14651213418472367, 0.012804841559347281, 0.10408510208666898, -2.1324781045448384, 0.7885874080394458
flux1:, 1.5890604738889544, 0.1427899247692656, 0.012219437202706249, 0.1019107974516596, -2.003808977057487, 0.7410392069403499
flux1:, 1.5900428307595584, 0.13916533138127204, 0.011657440200728897, 0.09994537810774762, -1.882460380791528, 0.6963602089084389
flux1:, 1.5910251876301624, 0.1356370522109301, 0.011118269407394084, 0.09818082720451861, -1.7681166904972232, 0.6544173595778505
flux1:, 1.5920075445007664, 0.13220374399592963, 0.010601340204336545, 0.09660900522099368, -1.6604684768472522, 0.6150814115792724
flux1:, 1.5929899013713702, 0.1288640250151804, 0.010106065582268642, 0.09522164180796222, -1.5592128143138766, 0.5782269043746058
flux1:, 1.5939722582419742, 0.12561647804057932, 0.009631857182051945, 0.0940103334605329, -1.4640535641764982, 0.5437321431011873
flux1:, 1.5949546151125782, 0.12245965324301167, 0.009178126294821355, 0.09296654651370419, -1.3747016323326822, 0.5114791761797728
flux1:, 1.5959369719831822, 0.11939207104893071, 0.008744284820682652, 0.09208162494961677, -1.290875201711025, 0.4813537714578188
flux1:, 1.5969193288537862, 0.11641222494412423, 0.008329746185636462, 0.09134680250627561, -1.2122999391979628, 0.45324539067370595
flux1:, 1.59790168572439, 0.11351858422147797, 0.007933926216478872, 0.09075321858038352, -1.138709177112347, 0.4270471620460663
flux1:, 1.598884042594994, 0.1107095966697586, 0.007556243973554248, 0.09029193742497155, -1.069844069367169, 0.40265585081074756
flux1:, 1.599866399465598, 0.10798369120069776, 0.007196122541339562, 0.0899539701520063, -1.0054537225674816, 0.3799718275474015
flux1:, 1.600848756336202, 0.10533928041183159, 0.0068529897769321665, 0.08973029906362778, -0.9452953023922831, 0.358899034158299
flux1:, 1.601831113206806, 0.10277476308280241, 0.0065262790166306555, 0.08961190385105004, -0.8891341157044351, 0.33934494738248616
flux1:, 1.6028134700774097, 0.1002885266030561, 0.006215429740869179, 0.08958978921820253, -0.8367436689223622, 0.3212205397501483
flux1:, 1.6037958269480137, 0.09787894932900663, 0.0059198881978740625, 0.0896550135070092, -0.7879057032692555, 0.3044402379026616
flux1:, 1.6047781838186177, 0.09554440286908776, 0.005639107986487933, 0.08979871792330077, -0.7424102075940971, 0.28892187822578563
flux1:, 1.6057605406892217, 0.0932832542951552, 0.005372550598677941, 0.09001215598545553, -0.7000554095285886, 0.2745866597645938
flux1:, 1.6067428975598257, 0.09109386827904753, 0.005119685922339907, 0.0902867228424519, -0.6606477458076548, 0.2613590944087533
flux1:, 1.6077252544304295, 0.08897460915321706, 0.0048799927050592945, 0.09061398413419154, -0.624001812639723, 0.2491669543585089
flux1:, 1.6087076113010335, 0.08692384289459369, 0.004652958979564315, 0.09098570409268633, -0.5899402970625439, 0.2379412169000295
flux1:, 1.6096899681716375, 0.08493993903099685, 0.004438082451676215, 0.09139387261052079, -0.5582938902647707, 0.22761600653862588
flux1:, 1.6106723250422414, 0.0830212724696197, 0.0042348708515938475, 0.09183073102988648, -0.5289011838911001, 0.21812853455624523
flux1:, 1.6116546819128454, 0.08116622524726526, 0.004042842249426636, 0.09228879643325541, -0.5016085503791797, 0.2094190360766427
flux1:, 1.6126370387834492, 0.07937318820221387, 0.0038615253359202016, 0.09276088424411341, -0.47627000840184963, 0.20143070473803132
flux1:, 1.6136193956540532, 0.07764056256773283, 0.0036904596693642104, 0.09324012897340261, -0.452747074505212, 0.1941096250878183
flux1:, 1.6146017525246572, 0.07596676148742854, 0.0035291958897128045, 0.09372000297391712, -0.4309086020464352, 0.1874047028278474
flux1:, 1.6155841093952612, 0.0743502114527833, 0.0033772959009787024, 0.09419433309127229, -0.41063060854104744, 0.1812675930514177
flux1:, 1.6165664662658652, 0.07278935366336255, 0.003234333022988769, 0.09465731512482742, -0.3917960925296796, 0.1756526266242954
flux1:, 1.617548823136469, 0.07128264531030411, 0.0030998921136174027, 0.09510352603694416, -0.37429484107031874, 0.1705167348723405
flux1:, 1.618531180007073, 0.06982856078388806, 0.002973569662629951, 0.09552793387204038, -0.3580232289515343, 0.16581937274665134
flux1:, 1.619513536877677, 0.06842559280603949, 0.0028549738582907863, 0.0959259053688222, -0.34288401070843044, 0.16152244064503654
flux1:, 1.620495893748281, 0.06707225348877924, 0.0027437246278946828, 0.09629321127058506, -0.32878610650231155, 0.15759020507400195
flux1:, 1.621478250618885, 0.06576707531974293, 0.0026394536533985843, 0.09662602935765821, -0.31564438290379015, 0.15398921834084656
flux1:, 1.6224606074894887, 0.06450861207599674, 0.002541804363328484, 0.09692094524446715, -0.3033794295896075, 0.1506882374683702
flux1:, 1.6234429643600927, 0.06329543966745226, 0.002450431902143078, 0.09717495100034058, -0.29191733293424277, 0.14765814252713053
flux1:, 1.6244253212306967, 0.06212615691130899, 0.0023650030782312666, 0.09738544166874478, -0.2811894474423555, 0.14487185458104837
flux1:, 1.6254076781013007, 0.060999386239007525, 0.0022851962917189166, 0.09755020977298531, -0.2711321659314131, 0.1423042534418335
flux1:, 1.6263900349719047, 0.05991377433726913, 0.0022107014432502865, 0.09766743790910136, -0.26168668933444755, 0.1399320954264068
flux1:, 1.6273723918425085, 0.05886799272487294, 0.00214121982490226, 0.09773568953715757, -0.25279879695082885, 0.13773393130897316
flux1:, 1.6283547487131127, 0.05786073826684389, 0.002076463994373233, 0.09775389809121639, -0.24441861792941003, 0.13569002465566546
flux1:, 1.6293371055837165, 0.05689073362787251, 0.002016157633578628, 0.09772135453644118, -0.2365004047235038, 0.13378227072564325
flux1:, 1.6303194624543205, 0.05595672766670643, 0.001960035392760672, 0.09763769350752363, -0.22900230920966397, 0.1319941161165764
flux1:, 1.6313018193249245, 0.055057495773428805, 0.0019078427212059163, 0.09750287816774537, -0.22188616211608508, 0.13031047932670087
flux1:, 1.6322841761955285, 0.05419184015150381, 0.0018593356856409916, 0.09731718393148175, -0.21511725635729168, 0.1287176723983457
flux1:, 1.6332665330661325, 0.053358590046480234, 0.0018142807773519056, 0.09708118119467092, -0.20866413482395774, 0.1272033238003084
flux1:, 1.6342488899367362, 0.05255660192336984, 0.0017724547090488115, 0.09679571721931102, -0.20249838312771715, 0.12575630269814908
flux1:, 1.6352312468073402, 0.051784759594616064, 0.0017336442024711253, 0.09646189731710401, -0.19659442775260863, 0.12436664475262035
flux1:, 1.6362136036779442, 0.05104197430067089, 0.0016976457677002465, 0.0960810654761674, -0.19092934001715625, 0.12302547957730095
flux1:, 1.6371959605485482, 0.050327184745175654, 0.0016642654751169257, 0.09565478457252806, -0.1854826462028659, 0.1217249599765917
flux1:, 1.6381783174191522, 0.049639357086733005, 0.0016333187209109142, 0.09518481630411721, -0.18023614415957626, 0.12045819307576082
flux1:, 1.639160674289756, 0.04897748488930733, 0.001604629987019695, 0.09467310098127915, -0.17517372665173847, 0.11921917344386765
flux1:, 1.64014303116036, 0.0483405890331822, 0.0015780325963394163, 0.09412173730214048, -0.1702812116659338, 0.11800271830062678
flux1:, 1.641125388030964, 0.047727717588566705, 0.0015533684640217254, 0.09353296223598134, -0.16554617985730646, 0.11680440488743245
flux1:, 1.642107744901568, 0.04713794565371355, 0.001530487845632392, 0.09290913113066873, -0.16095781927104927, 0.11562051007253485
flux1:, 1.643090101772172, 0.046570375159590054, 0.0015092490829193101, 0.09225269815390809, -0.1565067774356484, 0.11444795224958164
flux1:, 1.6440724586427757, 0.046024134642990946, 0.0014895183478988473, 0.09156619717009096, -0.15218502088695204, 0.11328423557870944
flux1:, 1.6450548155133797, 0.0454983789900328, 0.0014711693859400861, 0.09085222314723461, -0.14798570214620088, 0.11212739660889387
flux1:, 1.6460371723839837, 0.04499228915188255, 0.001454083258486249, 0.09011341418002117, -0.14390303414133046, 0.11097595331031676
flux1:, 1.6470195292545877, 0.04450507183460285, 0.001438148086028048, 0.0893524342069434, -0.13993217202895503, 0.10982885653577096
flux1:, 1.6480018861251917, 0.04403595916491092, 0.0014232587918980462, 0.08857195649113749, -0.1360691023450154, 0.10868544392060515
flux1:, 1.6489842429957955, 0.04358420833363783, 0.0014093168474315226, 0.08777464792593737, -0.13231053938385315, 0.10754539622141657
flux1:, 1.6499665998663995, 0.043149101218631074, 0.0013962300190013155, 0.08696315421769021, -0.12865382868090763, 0.10640869608520019
flux1:, 1.6509489567370035, 0.042729943988801124, 0.0013839121173999085, 0.08614008599019679, -0.12509685745028648, 0.1052755892320171
flux1:, 1.6519313136076075, 0.04232606669096097, 0.0013722827500146767, 0.08530800584661523, -0.12163797180765955, 0.1041465480264011
flux1:, 1.6529136704782115, 0.04193682282108086, 0.001361267076204186, 0.08446941641677821, -0.11827590058974118, 0.1030222374051775
flux1:, 1.6538960273488152, 0.041561588881521755, 0.0013507955662574044, 0.08362674941000943, -0.11500968556529476, 0.10190348312247423
flux1:, 1.6548783842194192, 0.04119976392575124, 0.0013408037642832758, 0.0827823556858026, -0.11183861781702094, 0.1007912422659054
flux1:, 1.6558607410900232, 0.04085076909202684, 0.0013312320553496367, 0.08193849634778505, -0.10876218006175883, 0.0996865759922262
flux1:, 1.6568430979606272, 0.04051404712744524, 0.0013220254371631795, 0.0810973348590733, -0.10577999466515559, 0.0985906244248877
flux1:, 1.6578254548312312, 0.040189061903749115, 0.0013131332965496722, 0.08026093017121495, -0.10289177709826869, 0.09750458365129906
flux1:, 1.658807811701835, 0.039875297926166314, 0.0013045091909701936, 0.07943123085208437, -0.10009729457653715, 0.09642968475265698
flux1:, 1.659790168572439, 0.039572259836581275, 0.0012961106352804789, 0.07861007019316632, -0.09739632961645313, 0.09536717479580116
flux1:, 1.660772525443043, 0.039279471912229885, 0.0012878988939149774, 0.07779916227093109, -0.09478864824136055, 0.09431829971266201
flux1:, 1.661754882313647, 0.03899647756105987, 0.00127983877865421, 0.07700009893252611, -0.0922739725661923, 0.09328428899014359
flux1:, 1.662737239184251, 0.0387228388148947, 0.0012718984521070881, 0.07621434767164244, -0.08985195749022498, 0.09226634209080203
flux1:, 1.6637195960548548, 0.03845813582139947, 0.0012640492370212903, 0.07544325035654412, -0.08752217122799767, 0.09126561652275778
flux1:, 1.6647019529254587, 0.0382019663359121, 0.0012562654315088928, 0.07468802276922597, -0.0852840794105998, 0.09028321747575019
flux1:, 1.6656843097960627, 0.03795394521400892, 0.0012485241302573088, 0.07394975491126772, -0.08313703249338147, 0.08932018893929873
flux1:, 1.6666666666666667, 0.03771370390576742, 0.001240805051774062, 0.07322941203012553, -0.08108025621002293, 0.08837750621818356

Elapsed run time = 421.6700 s
