Using MPI version 4.0, 2 processes
-----------
Initializing structure...
Padding x to even number of grid points.
Halving computational cell along direction x
Halving computational cell along direction z
Splitting into 2 chunks by voxels
time for choose_chunkdivision = 0.00108814 s
Working in 3D dimensions.
Computational cell is 14.7 x 5.12 x 4.84 with resolution 50
     block, center = (0,0.331,0)
          size (1e+20,0.462,0.14)
          axes (1,0,0), (0,1,0), (0,0,1)
          dielectric constant epsilon diagonal = (4,4,4)
     block, center = (0,-0.331,0)
          size (1e+20,0.462,0.14)
          axes (1,0,0), (0,1,0), (0,0,1)
          dielectric constant epsilon diagonal = (4,4,4)
     cylinder, center = (1.29643,0.331,0)
          radius 0.1155, height 1e+20, axis (0, 0, 1)
          dielectric constant epsilon diagonal = (1,1,1)
     cylinder, center = (-1.29643,0.331,0)
          radius 0.1155, height 1e+20, axis (0, 0, 1)
          dielectric constant epsilon diagonal = (1,1,1)
     cylinder, center = (1.62643,0.331,0)
          radius 0.1155, height 1e+20, axis (0, 0, 1)
          dielectric constant epsilon diagonal = (1,1,1)
     cylinder, center = (-1.62643,0.331,0)
          radius 0.1155, height 1e+20, axis (0, 0, 1)
          dielectric constant epsilon diagonal = (1,1,1)
     cylinder, center = (1.95643,0.331,0)
          radius 0.1155, height 1e+20, axis (0, 0, 1)
          dielectric constant epsilon diagonal = (1,1,1)
     cylinder, center = (-1.95643,0.331,0)
          radius 0.1155, height 1e+20, axis (0, 0, 1)
          dielectric constant epsilon diagonal = (1,1,1)
     cylinder, center = (2.28643,0.331,0)
          radius 0.1155, height 1e+20, axis (0, 0, 1)
          dielectric constant epsilon diagonal = (1,1,1)
     cylinder, center = (-2.28643,0.331,0)
          radius 0.1155, height 1e+20, axis (0, 0, 1)
          dielectric constant epsilon diagonal = (1,1,1)
     ...(+ 48 objects not shown)...
time for set_epsilon = 19.0329 s
-----------
Meep progress: 0.01/20.499999618530275 = 0.0% done in 9.0s, 18492.7s to go
on time step 1 (time=0.01), 9.02516 s/step
Meep progress: 0.24/20.499999618530275 = 1.2% done in 13.1s, 1107.2s to go
on time step 24 (time=0.24), 0.177843 s/step
Meep progress: 0.46/20.499999618530275 = 2.2% done in 17.3s, 751.6s to go
on time step 46 (time=0.46), 0.187989 s/step
Meep progress: 0.68/20.499999618530275 = 3.3% done in 21.4s, 622.9s to go
on time step 68 (time=0.68), 0.187232 s/step
Meep progress: 0.9/20.499999618530275 = 4.4% done in 25.5s, 555.5s to go
on time step 90 (time=0.9), 0.188125 s/step
     block, center = (0,0.331,0)
          size (1e+20,0.462,0.14)
          axes (1,0,0), (0,1,0), (0,0,1)
          dielectric constant epsilon diagonal = (4,4,4)
     block, center = (0,-0.331,0)
          size (1e+20,0.462,0.14)
          axes (1,0,0), (0,1,0), (0,0,1)
          dielectric constant epsilon diagonal = (4,4,4)
     cylinder, center = (1.29643,0.331,0)
          radius 0.1155, height 1e+20, axis (0, 0, 1)
          dielectric constant epsilon diagonal = (1,1,1)
     cylinder, center = (-1.29643,0.331,0)
          radius 0.1155, height 1e+20, axis (0, 0, 1)
          dielectric constant epsilon diagonal = (1,1,1)
     cylinder, center = (1.62643,0.331,0)
          radius 0.1155, height 1e+20, axis (0, 0, 1)
          dielectric constant epsilon diagonal = (1,1,1)
     cylinder, center = (-1.62643,0.331,0)
          radius 0.1155, height 1e+20, axis (0, 0, 1)
          dielectric constant epsilon diagonal = (1,1,1)
     cylinder, center = (1.95643,0.331,0)
          radius 0.1155, height 1e+20, axis (0, 0, 1)
          dielectric constant epsilon diagonal = (1,1,1)
     cylinder, center = (-1.95643,0.331,0)
          radius 0.1155, height 1e+20, axis (0, 0, 1)
          dielectric constant epsilon diagonal = (1,1,1)
     cylinder, center = (2.28643,0.331,0)
          radius 0.1155, height 1e+20, axis (0, 0, 1)
          dielectric constant epsilon diagonal = (1,1,1)
     cylinder, center = (-2.28643,0.331,0)
          radius 0.1155, height 1e+20, axis (0, 0, 1)
          dielectric constant epsilon diagonal = (1,1,1)
     ...(+ 48 objects not shown)...
Meep progress: 1.12/20.499999618530275 = 5.5% done in 29.9s, 517.1s to go
on time step 112 (time=1.12), 0.198886 s/step
Meep progress: 1.35/20.499999618530275 = 6.6% done in 34.0s, 481.8s to go
on time step 135 (time=1.35), 0.17747 s/step
Meep progress: 1.57/20.499999618530275 = 7.7% done in 38.1s, 459.3s to go
on time step 157 (time=1.57), 0.187411 s/step
Meep progress: 1.79/20.499999618530275 = 8.7% done in 42.2s, 441.2s to go
on time step 179 (time=1.79), 0.187417 s/step
Meep progress: 2.0/20.499999618530275 = 9.8% done in 46.3s, 428.6s to go
on time step 200 (time=2), 0.196088 s/step
Meep progress: 2.23/20.499999618530275 = 10.9% done in 50.4s, 413.0s to go
on time step 223 (time=2.23), 0.177307 s/step
Meep progress: 2.45/20.499999618530275 = 12.0% done in 54.6s, 401.9s to go
on time step 245 (time=2.45), 0.188226 s/step
Meep progress: 2.67/20.499999618530275 = 13.0% done in 58.7s, 391.9s to go
on time step 267 (time=2.67), 0.187647 s/step
Meep progress: 2.89/20.499999618530275 = 14.1% done in 62.8s, 382.8s to go
on time step 289 (time=2.89), 0.188086 s/step
Meep progress: 3.1/20.499999618530275 = 15.1% done in 66.9s, 375.6s to go
on time step 310 (time=3.1), 0.195569 s/step
Meep progress: 3.33/20.499999618530275 = 16.2% done in 71.0s, 366.1s to go
on time step 333 (time=3.33), 0.177621 s/step
Meep progress: 3.5500000000000003/20.499999618530275 = 17.3% done in 75.1s, 358.8s to go
on time step 355 (time=3.55), 0.187978 s/step
Meep progress: 3.77/20.499999618530275 = 18.4% done in 79.3s, 351.9s to go
on time step 377 (time=3.77), 0.188294 s/step
Meep progress: 3.99/20.499999618530275 = 19.5% done in 83.4s, 345.2s to go
on time step 399 (time=3.99), 0.188554 s/step
Meep progress: 4.2/20.499999618530275 = 20.5% done in 87.5s, 339.8s to go
on time step 420 (time=4.2), 0.195739 s/step
Meep progress: 4.43/20.499999618530275 = 21.6% done in 91.6s, 332.5s to go
on time step 443 (time=4.43), 0.178283 s/step
Meep progress: 4.65/20.499999618530275 = 22.7% done in 95.8s, 326.5s to go
on time step 465 (time=4.65), 0.188064 s/step
Meep progress: 4.87/20.499999618530275 = 23.8% done in 99.9s, 320.7s to go
on time step 487 (time=4.87), 0.18853 s/step
Meep progress: 5.08/20.499999618530275 = 24.8% done in 104.1s, 315.9s to go
on time step 508 (time=5.08), 0.196795 s/step
Meep progress: 5.3100000000000005/20.499999618530275 = 25.9% done in 108.1s, 309.4s to go
on time step 531 (time=5.31), 0.177235 s/step
Meep progress: 5.53/20.499999618530275 = 27.0% done in 112.3s, 303.9s to go
on time step 553 (time=5.53), 0.187675 s/step
Meep progress: 5.75/20.499999618530275 = 28.0% done in 116.4s, 298.6s to go
on time step 575 (time=5.75), 0.188006 s/step
Meep progress: 5.97/20.499999618530275 = 29.1% done in 120.5s, 293.3s to go
on time step 597 (time=5.97), 0.187218 s/step
Meep progress: 6.18/20.499999618530275 = 30.1% done in 124.6s, 288.8s to go
on time step 618 (time=6.18), 0.196056 s/step
Meep progress: 6.41/20.499999618530275 = 31.3% done in 128.7s, 283.0s to go
on time step 641 (time=6.41), 0.178285 s/step
Meep progress: 6.63/20.499999618530275 = 32.3% done in 132.9s, 278.0s to go
on time step 663 (time=6.63), 0.188132 s/step
Meep progress: 6.8500000000000005/20.499999618530275 = 33.4% done in 137.0s, 273.0s to go
on time step 685 (time=6.85), 0.187919 s/step
Meep progress: 7.0600000000000005/20.499999618530275 = 34.4% done in 141.1s, 268.6s to go
on time step 706 (time=7.06), 0.194847 s/step
Meep progress: 7.28/20.499999618530275 = 35.5% done in 145.3s, 263.8s to go
on time step 728 (time=7.28), 0.188667 s/step
Meep progress: 7.51/20.499999618530275 = 36.6% done in 149.4s, 258.3s to go
on time step 751 (time=7.51), 0.177958 s/step
Meep progress: 7.73/20.499999618530275 = 37.7% done in 153.5s, 253.6s to go
on time step 773 (time=7.73), 0.188364 s/step
Meep progress: 7.95/20.499999618530275 = 38.8% done in 157.6s, 248.9s to go
on time step 795 (time=7.95), 0.188623 s/step
Meep progress: 8.16/20.499999618530275 = 39.8% done in 161.8s, 244.6s to go
on time step 816 (time=8.16), 0.1957 s/step
Meep progress: 8.39/20.499999618530275 = 40.9% done in 165.8s, 239.4s to go
on time step 839 (time=8.39), 0.177984 s/step
Meep progress: 8.61/20.499999618530275 = 42.0% done in 170.0s, 234.7s to go
on time step 861 (time=8.61), 0.18802 s/step
Meep progress: 8.83/20.499999618530275 = 43.1% done in 174.1s, 230.1s to go
on time step 883 (time=8.83), 0.188459 s/step
Meep progress: 9.040000000000001/20.499999618530275 = 44.1% done in 178.3s, 226.0s to go
on time step 904 (time=9.04), 0.196103 s/step
Meep progress: 9.26/20.499999618530275 = 45.2% done in 182.4s, 221.4s to go
on time step 926 (time=9.26), 0.188792 s/step
Meep progress: 9.49/20.499999618530275 = 46.3% done in 186.5s, 216.4s to go
on time step 949 (time=9.49), 0.178432 s/step
Meep progress: 9.71/20.499999618530275 = 47.4% done in 190.6s, 211.8s to go
on time step 971 (time=9.71), 0.187543 s/step
Meep progress: 9.93/20.499999618530275 = 48.4% done in 194.8s, 207.3s to go
on time step 993 (time=9.93), 0.188082 s/step
Meep progress: 10.14/20.499999618530275 = 49.5% done in 198.9s, 203.2s to go
on time step 1014 (time=10.14), 0.195387 s/step
Meep progress: 10.36/20.499999618530275 = 50.5% done in 203.0s, 198.7s to go
on time step 1036 (time=10.36), 0.188339 s/step
Meep progress: 10.59/20.499999618530275 = 51.7% done in 207.1s, 193.8s to go
on time step 1059 (time=10.59), 0.178438 s/step
Meep progress: 10.81/20.499999618530275 = 52.7% done in 211.2s, 189.4s to go
on time step 1081 (time=10.81), 0.18733 s/step
Meep progress: 11.02/20.499999618530275 = 53.8% done in 215.4s, 185.3s to go
on time step 1102 (time=11.02), 0.195751 s/step
Meep progress: 11.24/20.499999618530275 = 54.8% done in 219.5s, 180.8s to go
on time step 1124 (time=11.24), 0.188012 s/step
Meep progress: 11.47/20.499999618530275 = 56.0% done in 223.6s, 176.0s to go
on time step 1147 (time=11.47), 0.178269 s/step
Meep progress: 11.69/20.499999618530275 = 57.0% done in 227.7s, 171.6s to go
on time step 1169 (time=11.69), 0.187653 s/step
Meep progress: 11.91/20.499999618530275 = 58.1% done in 231.9s, 167.2s to go
on time step 1191 (time=11.91), 0.188046 s/step
Meep progress: 12.120000000000001/20.499999618530275 = 59.1% done in 236.0s, 163.2s to go
on time step 1212 (time=12.12), 0.195755 s/step
Meep progress: 12.34/20.499999618530275 = 60.2% done in 240.1s, 158.8s to go
on time step 1234 (time=12.34), 0.188433 s/step
Meep progress: 12.57/20.499999618530275 = 61.3% done in 244.2s, 154.1s to go
on time step 1257 (time=12.57), 0.178111 s/step
Meep progress: 12.790000000000001/20.499999618530275 = 62.4% done in 248.3s, 149.7s to go
on time step 1279 (time=12.79), 0.188008 s/step
Meep progress: 13.0/20.499999618530275 = 63.4% done in 252.5s, 145.6s to go
on time step 1300 (time=13), 0.195596 s/step
Meep progress: 13.22/20.499999618530275 = 64.5% done in 256.6s, 141.3s to go
on time step 1322 (time=13.22), 0.188007 s/step
Meep progress: 13.44/20.499999618530275 = 65.6% done in 260.7s, 137.0s to go
on time step 1344 (time=13.44), 0.187809 s/step
Meep progress: 13.67/20.499999618530275 = 66.7% done in 264.8s, 132.3s to go
on time step 1367 (time=13.67), 0.178005 s/step
Meep progress: 13.89/20.499999618530275 = 67.8% done in 268.9s, 128.0s to go
on time step 1389 (time=13.89), 0.18735 s/step
Meep progress: 14.1/20.499999618530275 = 68.8% done in 273.1s, 123.9s to go
on time step 1410 (time=14.1), 0.196367 s/step
Meep progress: 14.32/20.499999618530275 = 69.9% done in 277.2s, 119.6s to go
on time step 1432 (time=14.32), 0.187551 s/step
Meep progress: 14.55/20.499999618530275 = 71.0% done in 281.3s, 115.0s to go
on time step 1455 (time=14.55), 0.177899 s/step
Meep progress: 14.77/20.499999618530275 = 72.0% done in 285.4s, 110.7s to go
on time step 1477 (time=14.77), 0.188284 s/step
Meep progress: 14.99/20.499999618530275 = 73.1% done in 289.5s, 106.4s to go
on time step 1499 (time=14.99), 0.186429 s/step
Meep progress: 15.200000000000001/20.499999618530275 = 74.1% done in 293.6s, 102.4s to go
on time step 1520 (time=15.2), 0.195876 s/step
Meep progress: 15.42/20.499999618530275 = 75.2% done in 297.8s, 98.1s to go
on time step 1542 (time=15.42), 0.187056 s/step
Meep progress: 15.65/20.499999618530275 = 76.3% done in 301.9s, 93.5s to go
on time step 1565 (time=15.65), 0.178497 s/step
Meep progress: 15.870000000000001/20.499999618530275 = 77.4% done in 306.0s, 89.3s to go
on time step 1587 (time=15.87), 0.186992 s/step
Meep progress: 16.080000000000002/20.499999618530275 = 78.4% done in 310.1s, 85.2s to go
on time step 1608 (time=16.08), 0.196046 s/step
Meep progress: 16.3/20.499999618530275 = 79.5% done in 314.2s, 81.0s to go
on time step 1630 (time=16.3), 0.187528 s/step
Meep progress: 16.52/20.499999618530275 = 80.6% done in 318.3s, 76.7s to go
on time step 1652 (time=16.52), 0.187576 s/step
Meep progress: 16.75/20.499999618530275 = 81.7% done in 322.4s, 72.2s to go
on time step 1675 (time=16.75), 0.177377 s/step
Meep progress: 16.97/20.499999618530275 = 82.8% done in 326.6s, 67.9s to go
on time step 1697 (time=16.97), 0.188548 s/step
Meep progress: 17.18/20.499999618530275 = 83.8% done in 330.7s, 63.9s to go
on time step 1718 (time=17.18), 0.196348 s/step
Meep progress: 17.400000000000002/20.499999618530275 = 84.9% done in 334.8s, 59.7s to go
on time step 1740 (time=17.4), 0.187833 s/step
Meep progress: 17.63/20.499999618530275 = 86.0% done in 338.9s, 55.2s to go
on time step 1763 (time=17.63), 0.178136 s/step
Meep progress: 17.85/20.499999618530275 = 87.1% done in 343.0s, 50.9s to go
on time step 1785 (time=17.85), 0.187469 s/step
Meep progress: 18.06/20.499999618530275 = 88.1% done in 347.2s, 46.9s to go
on time step 1806 (time=18.06), 0.197298 s/step
Meep progress: 18.28/20.499999618530275 = 89.2% done in 351.3s, 42.7s to go
on time step 1828 (time=18.28), 0.187948 s/step
Meep progress: 18.5/20.499999618530275 = 90.2% done in 355.5s, 38.4s to go
on time step 1850 (time=18.5), 0.18771 s/step
Meep progress: 18.73/20.499999618530275 = 91.4% done in 359.5s, 34.0s to go
on time step 1873 (time=18.73), 0.177329 s/step
Meep progress: 18.95/20.499999618530275 = 92.4% done in 363.7s, 29.7s to go
on time step 1895 (time=18.95), 0.187775 s/step
Meep progress: 19.16/20.499999618530275 = 93.5% done in 367.8s, 25.7s to go
on time step 1916 (time=19.16), 0.195822 s/step
Meep progress: 19.38/20.499999618530275 = 94.5% done in 371.9s, 21.5s to go
on time step 1938 (time=19.38), 0.188488 s/step
Meep progress: 19.6/20.499999618530275 = 95.6% done in 376.0s, 17.3s to go
on time step 1960 (time=19.6), 0.187257 s/step
Meep progress: 19.830000000000002/20.499999618530275 = 96.7% done in 380.1s, 12.8s to go
on time step 1983 (time=19.83), 0.177556 s/step
Meep progress: 20.04/20.499999618530275 = 97.8% done in 384.2s, 8.8s to go
on time step 2004 (time=20.04), 0.195547 s/step
Meep progress: 20.26/20.499999618530275 = 98.8% done in 388.4s, 4.6s to go
on time step 2026 (time=20.26), 0.187727 s/step
Meep progress: 20.48/20.499999618530275 = 99.9% done in 392.5s, 0.4s to go
on time step 2048 (time=20.48), 0.188051 s/step
creating output file "./nanobeam-eps-000020.50.h5"...
creating output file "./nanobeam-ey-000020.50.h5"...
harminv0:, frequency, imag. freq., Q, |amp|, amplitude, error
harminv0:, frequency, imag. freq., Q, |amp|, amplitude, error
run 0 finished at t = 20.5 (2050 timesteps)
Generating MP4...
flux1:, 1.1764705882352942, 0.00798702375826431, 0.00033167011662495053, 0.06372614748624467, -0.0024573172811265588, -0.019250283983749353
flux1:, 1.1774529451058982, 0.008030146481602092, 0.00031975669877484423, 0.06431003224985904, -0.003238842927824221, -0.01908343925627321
flux1:, 1.1784353019765021, 0.008071960048545896, 0.0003072775058605894, 0.06492124464897278, -0.004041464529652412, -0.018914026141278326
flux1:, 1.179417658847106, 0.00811236366526645, 0.00029422376649914506, 0.0655622602905734, -0.004864339438536319, -0.018742728010740842
flux1:, 1.18040001571771, 0.008151254188174998, 0.0002805875392248439, 0.06623567159309944, -0.005706600448359224, -0.01857024540064355
flux1:, 1.181382372588314, 0.008188526257710185, 0.0002663617865641476, 0.06694418403786458, -0.006567372270188755, -0.018397287915951025
flux1:, 1.182364729458918, 0.008224072447451677, 0.0002515404510834463, 0.06769061148432354, -0.007445790438485197, -0.018224564918846733
flux1:, 1.183347086329522, 0.008257783429108457, 0.00023611853329029344, 0.06847787051437951, -0.008341022798211422, -0.018052774919961687
flux1:, 1.1843294432001257, 0.008289548153920584, 0.00022009217125639762, 0.06930897377544584, -0.009252293722466276, -0.01788259359124325
flux1:, 1.1853118000707297, 0.008319254050986557, 0.00020345872181402723, 0.07018702229801531, -0.010178911209595489, -0.0177146603187011
flux1:, 1.1862941569413337, 0.008346787243026557, 0.00018621684316611834, 0.07111519676987192, -0.01112029700647267, -0.01754956321308218
flux1:, 1.1872765138119377, 0.008372032780050267, 0.00016836657873355875, 0.07209674775621812, -0.012076019902136345, -0.01738782249664141
flux1:, 1.1882588706825417, 0.008394874891391459, 0.00014990944205063494, 0.07313498486314005, -0.013045832332220998, -0.017229872184784778
flux1:, 1.1892412275531457, 0.008415197256534659, 0.0001308485025020624, 0.07423326485038761, -0.014029710430027237, -0.01707603998232636
flux1:, 1.1902235844237494, 0.008432883295127152, 0.00011118847168321613, 0.07539497870903938, -0.015027897654363912, -0.016926525315469412
flux1:, 1.1912059412943534, 0.008447816476552478, 9.093579014658055e-05, 0.07662353773003203, -0.016040952117770617, -0.01678137542246919
flux1:, 1.1921882981649574, 0.008459880649382977, 7.009871428614186e-05, 0.07792235860015685, -0.017069797730893975, -0.01664045942821307
flux1:, 1.1931706550355614, 0.008468960391012033, 4.8687403092022865e-05, 0.07929484757453614, -0.018115779270017774, -0.01650344033076099
flux1:, 1.1941530119061654, 0.008474941377712748, 2.6714004497005164e-05, 0.08074438378634238, -0.0191807214649527, -0.01636974483107062
flux1:, 1.1951353687767692, 0.008477710775328233, 4.192741017812781e-06, 0.08227430176834247, -0.020266992193247714, -0.016238530940928805
flux1:, 1.1961177256473732, 0.008477157650755839, -1.8860005616821175e-05, 0.08388787327439486, -0.021377569854824457, -0.01610865330838688
flux1:, 1.1971000825179772, 0.00847317340433042, -4.242561117877588e-05, 0.08558828850324843, -0.022516114987624267, -0.01597862620471089
flux1:, 1.1980824393885812, 0.008465652223166328, -6.648312732873789e-05, 0.08737863684256897, -0.02368704617073075, -0.015846584122146106
flux1:, 1.1990647962591852, 0.008454491555452555, -9.100920203493351e-05, 0.08926188726609476, -0.02489562024578706, -0.015710239937612842
flux1:, 1.200047153129789, 0.008439592605650352, -0.00011597800238604512, 0.09124086853289651, -0.02614801687098841, -0.015566840603840431
flux1:, 1.201029510000393, 0.008420860850464822, -0.0001413611401767754, 0.09331824935423982, -0.027451427404574565, -0.015413120336025137
flux1:, 1.202011866870997, 0.008398206575411822, -0.00016712760065579462, 0.09549651870969075, -0.028814148095793628, -0.015245251269650446
flux1:, 1.202994223741601, 0.008371545431726255, -0.0001932436748360939, 0.09777796651123236, -0.030245677542083058, -0.015058791572876744
flux1:, 1.203976580612205, 0.008340799013289407, -0.00021967289577986635, 0.10016466483066076, -0.031756818350578996, -0.014848631004957341
flux1:, 1.2049589374828087, 0.00830589545318885, -0.00024637597927829784, 0.10265844992249308, -0.03335978292080559, -0.014608933921159018
flux1:, 1.2059412943534127, 0.008266770039435914, -0.00027331076935496485, 0.10526090529123328, -0.03506830324340447, -0.014333079733514515
flux1:, 1.2069236512240167, 0.008223365849304722, -0.00030043218902918667, 0.10797334606806033, -0.03689774458683211, -0.014013600846592148
flux1:, 1.2079060080946207, 0.008175634401666116, -0.00032769219678288814, 0.1107968049780795, -0.03886522292100952, -0.013642118096911206
flux1:, 1.2088883649652247, 0.00812353632661881, -0.0003550397491769039, 0.1137320201946615, -0.04098972590254464, -0.013209273735399868
flux1:, 1.2098707218358287, 0.00806704205163016, -0.0003824207700694317, 0.11677942539206934, -0.04329223722249291, -0.012704662002375881
flux1:, 1.2108530787064324, 0.008006132503324057, -0.0004097781268894512, 0.11993914232144466, -0.04579586409287786, -0.012116757355462315
flux1:, 1.2118354355770364, 0.007940799823959071, -0.000437051614417413, 0.1232109762481225, -0.04852596762346711, -0.011432840421938307
flux1:, 1.2128177924476404, 0.007871048101563584, -0.00046417794653045745, 0.12659441459997556, -0.05151029581625769, -0.010638921757845796
flux1:, 1.2138001493182444, 0.007796894112602352, -0.0004910907563569409, 0.13008862918678332, -0.05477911888001519, -0.009719663507702382
flux1:, 1.2147825061888484, 0.0077183680759594815, -0.0005177206052917116, 0.13369248235956155, -0.05836536654363552, -0.008658299069668128
flux1:, 1.2157648630594522, 0.007635514416946351, -0.0005439950013082461, 0.13740453748620823, -0.06230476702295155, -0.007436550882494819
flux1:, 1.2167472199300562, 0.007548392539939904, -0.0005698384270020012, 0.1412230741249344, -0.0666359872730287, -0.006034546461364126
flux1:, 1.2177295768006602, 0.007457077608184154, -0.0005951723777851914, 0.14514610828034125, -0.0714007741351913, -0.004430732821265846
flux1:, 1.2187119336712642, 0.007361661329188095, -0.0006199154106433534, 0.14917141812884543, -0.07664409596706867, -0.002601789436661628
flux1:, 1.2196942905418682, 0.007262252744077056, -0.0006439832038491896, 0.1532965755980509, -0.08241428432351586, -0.0005225398974223533
flux1:, 1.220676647412472, 0.007158979019165979, -0.0006672886280131557, 0.1575189841821197, -0.08876317523751513, 0.001834137569585734
flux1:, 1.221659004283076, 0.007051986237936637, -0.0006897418288304694, 0.1618359233682839, -0.095746249632629, 0.004497400533459381
flux1:, 1.22264136115368, 0.006941440191523967, -0.0007112503218654492, 0.1662446000406363, -0.10342277238278844, 0.007498533558475649
flux1:, 1.223623718024284, 0.006827527165736055, -0.0007317190996896895, 0.1707422072160739, -0.11185592952147082, 0.010871039971947764
flux1:, 1.224606074894888, 0.006710454722553292, -0.0007510507516643666, 0.1753259904512135, -0.1211129630901799, 0.014650733995775461
flux1:, 1.2255884317654917, 0.006590452473980082, -0.0007691455966328098, 0.17999332224168504, -0.1312653031065192, 0.01887583302900822
flux1:, 1.2265707886360957, 0.0064677728460515675, -0.0007859018287537673, 0.1847417847134199, -0.14238869612478888, 0.023587049862531777
flux1:, 1.2275531455066997, 0.0063426918307301515, -0.0008012156766790942, 0.18956926088069717, -0.15456332985711813, 0.028827684601325974
flux1:, 1.2285355023773037, 0.006215509723366161, -0.0008149815762410706, 0.19447403471735594, -0.16787395332094054, 0.03464371606507711
flux1:, 1.2295178592479077, 0.006086551843325606, -0.0008270923567779815, 0.19945490025576365, -0.1824099919792925, 0.04108389243435312
flux1:, 1.2305002161185117, 0.005956169235360303, -0.0008374394411900075, 0.20451127989300863, -0.19826565734382695, 0.048199820906614906
flux1:, 1.2314825729891155, 0.005824739349214188, -0.0008459130597696778, 0.20964335204425327, -0.21554005051702524, 0.056046056125299434
flux1:, 1.2324649298597194, 0.005692666694940525, -0.000852402477815004, 0.2148521882414138, -0.23433725916004378, 0.0646801871444537
flux1:, 1.2334472867303234, 0.005560383471355126, -0.0008567962369800552, 0.2201398997285987, -0.2547664473853204, 0.07416292269242908
flux1:, 1.2344296436009274, 0.005428350165022927, -0.0008589824102733889, 0.2255097935569183, -0.2769419380895484, 0.08455817450020878
flux1:, 1.2354120004715314, 0.005297056117147912, -0.0008588488705638687, 0.23096653812751786, -0.3009832872624199, 0.09593313846334404
flux1:, 1.2363943573421352, 0.005167020055720401, -0.000856283572399576, 0.2365163380765591, -0.32701534982942865, 0.10835837341103025
flux1:, 1.2373767142127392, 0.005038790590263974, -0.0008511748468932801, 0.2421671183353284, -0.3551683366137975, 0.12190787726193619
flux1:, 1.2383590710833432, 0.004912946666516408, -0.0008434117093691588, 0.24792871713711112, -0.38557786203233413, 0.13665916035376516
flux1:, 1.2393414279539472, 0.0047900979783931695, -0.0008328841794112928, 0.25381308767694244, -0.4183849821737864, 0.152693315741914
flux1:, 1.2403237848245512, 0.004670885334579722, -0.0008194836128924861, 0.25983450806238684, -0.4537362229443998, 0.17009508627279973
flux1:, 1.241306141695155, 0.00455598097713705, -0.0008031030455013204, 0.26600979912367634, -0.49178359800622434, 0.18895292824868842
flux1:, 1.242288498565759, 0.00444608884951495, -0.0007836375472272438, 0.2723585495789167, -0.5326846162758032, 0.20935907151300445
flux1:, 1.243270855436363, 0.004341944811422687, -0.0007609845871946965, 0.27890334797603644, -0.5766022787979307, 0.23140957579925303
flux1:, 1.244253212306967, 0.004244316798042349, -0.0007350444081784989, 0.2856700207581952, -0.6237050648581415, 0.2552043832014627
flux1:, 1.245235569177571, 0.0041540049211305835, -0.0007057204100679794, 0.29268787572194394, -0.674166907248943, 0.2808473666400281
flux1:, 1.2462179260481747, 0.004071841509620836, -0.0006729195414776339, 0.29998995006071294, -0.7281671566591245, 0.30844637421375076
flux1:, 1.2472002829187787, 0.003998691087412644, -0.0006365526986437418, 0.30761326210847456, -0.7858905352126909, 0.3381132693474991
flux1:, 1.2481826397893827, 0.003935450286114871, -0.0005965351306768575, 0.3155990658210268, -0.8475270792414326, 0.36996396666283926
flux1:, 1.2491649966599867, 0.003883047690614638, -0.0005527868501754568, 0.3239931069553893, -0.9132720714360539, 0.40411846351954445
flux1:, 1.2501473535305907, 0.0038424436154345025, -0.00050523304814346, 0.33284587983232466, -0.9833259625821078, 0.4407008671957131
flux1:, 1.2511297104011945, 0.00381462980996641, -0.0004538045120892099, 0.34221288349255563, -1.0578942831493097, 0.4798394176949116
flux1:, 1.2521120672717985, 0.0038006290907842658, -0.00039843804612014577, 0.35215487598585826, -1.1371875450670714, 0.5216665061902148
flux1:, 1.2530944241424025, 0.0038014948993811675, -0.00033907689178634627, 0.3627381254618985, -1.2214211340803416, 0.5663186891362504
flux1:, 1.2540767810130065, 0.0038183107838057687, -0.0002756711483683458, 0.3740346566667694, -1.3108151931466612, 0.6139366981017276
flux1:, 1.2550591378836105, 0.0038521898028390667, -0.00020817819124075218, 0.3861224913858244, -1.4055944973947883, 0.6646654453965077
flux1:, 1.2560414947542144, 0.0039042738515039734, -0.00013656308689159234, 0.3990858813159282, -1.5059883212290135, 0.7186540255879698
flux1:, 1.2570238516248182, 0.003975732906874982, -6.0799003123556574e-05, 0.4130155317970679, -1.612230298223233, 0.776055713022338
flux1:, 1.2580062084954222, 0.0040677641933324436, 1.913238709224628e-05, 0.4280088147854672, -1.7245582745066008, 0.8370279554867539
flux1:, 1.2589885653660262, 0.004181591266594362, 0.00010324050968276245, 0.44416996940883857, -1.8432141563997797, 0.9017323641664086
flux1:, 1.2599709222366302, 0.004318463016054309, 0.00019152550308093775, 0.461610288409694, -1.9684437531115198, 0.9703347000696549
flux1:, 1.2609532791072342, 0.004479652585156889, 0.00028397784303549355, 0.4804482887539979, -2.100496615358095, 1.0430048571111274
flux1:, 1.261935635977838, 0.004666456209753617, 0.0003805779803226684, 0.5008098646631208, -2.239625870809993, 1.1199168420573755
flux1:, 1.262917992848442, 0.004880191974599299, 0.0004812959930910035, 0.522828421314558, -2.386088057315086, 1.2012487515544605
flux1:, 1.263900349719046, 0.005122198488373394, 0.0005860912556022197, 0.5466449874534641, -2.5401429548786223, 1.2871827464681995
flux1:, 1.26488270658965, 0.005393833477840706, 0.0006949121251518873, 0.5724083051627902, -2.702053417419407, 1.377905023777867
flux1:, 1.265865063460254, 0.005696472302001469, 0.0008076956489770391, 0.6002748950556567, -2.872085205334791, 1.4736057862722687
flux1:, 1.266847420330858, 0.0060315063873218715, 0.0009243672929684415, 0.630409095177807, -3.050506819937856, 1.5744792103015457
flux1:, 1.2678297772014617, 0.006400341585375001, 0.0010448406940137722, 0.6629830719445823, -3.237589340831189, 1.6807234118419203
flux1:, 1.2688121340720657, 0.006804396454479913, 0.0011690174378029738, 0.6981768014814206, -3.433606267293582, 1.7925404111299157
flux1:, 1.2697944909426697, 0.007245100467165951, 0.0012967868639226885, 0.736178019795856, -3.6388333647477866, 1.9101360961189893
flux1:, 1.2707768478132737, 0.00772389214554874, 0.0014280259000533004, 0.7771821402747183, -3.8535485173702697, 2.0337201850074043
flux1:, 1.2717592046838777, 0.008242217126956733, 0.0015625989270714562, 0.8213921370808857, -4.078031587879407, 2.1635061880748654
flux1:, 1.2727415615544815, 0.008801526162395686, 0.0017003576768331995, 0.8690183931129085, -4.312564285515179, 2.2997113690538553
flux1:, 1.2737239184250855, 0.009403273050703665, 0.0018411411643866225, 0.9202785112943646, -4.557430043185352, 2.4425567062463798
flux1:, 1.2747062752956895, 0.010048912511486329, 0.001984775656320961, 0.9753970880695387, -4.812913904702254, 2.5922668535755866
flux1:, 1.2756886321662935, 0.010739898000184567, 0.0021310746769205636, 1.0346054481097149, -5.079302422988103, 2.7490701017399886
flux1:, 1.2766709890368975, 0.011477679468869656, 0.002279839053736086, 1.0981413393653925, -5.356883570052268, 2.9131983396113883
flux1:, 1.2776533459075012, 0.012263701076600384, 0.0024308570041276386, 1.1662485877482904, -5.64594665948098, 3.084887015987641
flux1:, 1.2786357027781052, 0.013099398853423358, 0.002583904264269168, 1.2391767108801444, -5.94678228208376, 3.2643751017744393
flux1:, 1.2796180596487092, 0.013986198322319692, 0.0027387442620251485, 1.3171804905138957, -6.259682255262133, 3.4519050526390234
flux1:, 1.2806004165193132, 0.014925512083638655, 0.0028951283350358644, 1.400519503404627, -6.584939586558109, 3.6477227721316074
flux1:, 1.2815827733899172, 0.015918737366768403, 0.0030527959952480737, 1.4894576105946928, -6.922848451726206, 3.852077575229688
flux1:, 1.282565130260521, 0.016967253554006412, 0.003211475241041232, 1.5842624052671495, -7.273704187563544, 4.065222152210802
flux1:, 1.283547487131125, 0.018072419681797628, 0.003370882917986612, 1.6852046195233528, -7.637803299600009, 4.287412532710476
flux1:, 1.284529844001729, 0.01923557192468495, 0.003530725129168286, 1.7925574906453408, -8.015443484614917, 4.5189080497674725
flux1:, 1.285512200872333, 0.020458021067513727, 0.0036906976958758038, 1.906596087617041, -8.406923667809279, 4.7599713035998334
flux1:, 1.286494557742937, 0.021741049971581616, 0.003850486669348341, 2.027596598894532, -8.812544054312621, 5.010868124800027
flux1:, 1.2874769146135407, 0.023085911040591565, 0.004009768894119981, 2.155835582638511, -9.23260619454707, 5.271867536575277
flux1:, 1.2884592714841447, 0.024493823692389772, 0.004168212623374879, 2.291589180843538, -9.667413062814745, 5.543241715592069
flux1:, 1.2894416283547487, 0.025965971842611665, 0.004325478186566797, 2.4351322990264994, -10.11726914830986, 5.825265950924102
flux1:, 1.2904239852253527, 0.02750350140646435, 0.004481218709419909, 2.586737753363108, -10.582480557585614, 6.118218600537083
flux1:, 1.2914063420959567, 0.029107517824946194, 0.0046350808862440085, 2.7466753873858742, -11.06335512734245, 6.422381044669724
flux1:, 1.2923886989665605, 0.03077908362191412, 0.0047867058043617626, 2.9152111605809075, -11.560202546223861, 6.738037635413049
flux1:, 1.2933710558371645, 0.03251921599844096, 0.004935729820245361, 3.0926062114442616, -12.073334484138154, 7.0654756417158895
flux1:, 1.2943534127077685, 0.034328884470951525, 0.005081785486807348, 3.2791158977703496, -12.603064727449478, 7.404985188978155
flux1:, 1.2953357695783725, 0.03620900855965027, 0.0052245025310975555, 3.474988817160126, -13.149709318210835, 7.756859192332476
flux1:, 1.2963181264489765, 0.038160455533752136, 0.005363508881478817, 3.6804658109361092, -13.713586695442498, 8.121393282644627
flux1:, 1.2973004833195805, 0.04018403822000826, 0.00549843174316785, 3.8957789548493653, -14.2950178362933, 8.498885724203454
flux1:, 1.2982828401901843, 0.04228051288097306, 0.005628898720832055, 4.121150540143815, -14.894326394762153, 8.88963732301225
flux1:, 1.2992651970607882, 0.04445057716942207, 0.005754538986745561, 4.356792048722561, -15.511838835506783, 9.293951324533715
flux1:, 1.3002475539313922, 0.04669486816519948, 0.005874984492812716, 4.602903126316435, -16.14788456011244, 9.712133299691127
flux1:, 1.3012299108019962, 0.04901396050074089, 0.005989871224564152, 4.859670557704205, -16.80279602306881, 10.14449101787383
flux1:, 1.3022122676726002, 0.05140836458132086, 0.0060988404950475935, 5.127267248164899, -17.47690883455191, 10.591334305660718
flux1:, 1.303194624543204, 0.053878524905989766, 0.0062015402763209064, 5.405851215459987, -18.170561847032374, 11.052974889925668
flux1:, 1.304176981413808, 0.05642481849494268, 0.00629762656607896, 5.6955645967351565, -18.884097222574034, 11.52972622396067
flux1:, 1.305159338284412, 0.05904755342892217, 0.006386764786732921, 5.996532674815839, -19.6178604776502, 12.02190329523098
flux1:, 1.306141695155016, 0.061746967506019386, 0.006468631214083611, 6.308862928427937, -20.372200502192737, 12.529822413348858
flux1:, 1.30712405202562, 0.06452322702100063, 0.006542914432528174, 6.632644110910253, -21.14746954954795, 13.053800976842039
flux1:, 1.308106408896224, 0.06737642567205686, 0.006609316813563875, 6.967945362005602, -21.944023193971574, 13.594157217300145
flux1:, 1.3090887657668278, 0.07030658359959248, 0.006667556014164115, 7.314815357309604, -22.762220252267074, 14.151209919468402
flux1:, 1.3100711226374318, 0.07331364656135234, 0.006717366491427642, 7.673281499927993, -23.6024226661694, 14.725278115889239
flux1:, 1.3110534795080357, 0.07639748524791491, 0.006758501029731729, 8.043349158838248, -24.46499534210301, 15.316680754702903
flux1:, 1.3120358363786397, 0.07955789474221978, 0.006790732276455425, 8.425000958379888, -25.35030594496362, 15.925736339261023
flux1:, 1.3130181932492437, 0.08279459412645548, 0.0068138542821795595, 8.818196123189006, -26.258724642654997, 16.552762538243798
flux1:, 1.3140005501198475, 0.08610722623926215, 0.0068276840411263615, 9.222869882775676, -27.19062379817617, 17.198075765022992
flux1:, 1.3149829069904515, 0.08949535758584021, 0.006832063027454632, 9.638932939784791, -28.146377606171892, 17.86199072509145
flux1:, 1.3159652638610555, 0.09295847840312871, 0.006826858722904942, 10.066271005810158, -29.126361670981844, 18.544819930429572
flux1:, 1.3169476207316595, 0.0964960028818201, 0.0068119661311583524, 10.50474440843514, -30.13095252338673, 19.246873179796935
flux1:, 1.3179299776022635, 0.10010726954656131, 0.006787309274172383, 10.95418777294204, -31.160527073414297, 19.968457004001557
flux1:, 1.3189123344728673, 0.10379154179522936, 0.0067528426656553045, 11.4144097818957, -32.215461996782004, 20.70987407534485
flux1:, 1.3198946913434713, 0.10754800859774122, 0.006708552756753509, 11.885193015533124, -33.2961330527617, 21.47142258051651
flux1:, 1.3208770482140753, 0.11137578535437495, 0.0066544593489613595, 12.366293875599792, -34.40291433152814, 22.253395556383524
flux1:, 1.3218594050846793, 0.11527391491315243, 0.006590616969193674, 12.857442594966052, -35.536177429286134, 23.056080188240557
flux1:, 1.3228417619552832, 0.11924136874531163, 0.0065171162019267695, 13.35834333502152, -36.69629054980091, 23.87975707024017
flux1:, 1.323824118825887, 0.12327704827744217, 0.006434084973277761, 13.868674372499468, -37.883617531259844, 24.72469942788386
flux1:, 1.324806475696491, 0.1273797863783946, 0.006341689781880318, 14.38808837702004, -39.09851679771125, 25.59117230264252
flux1:, 1.325788832567095, 0.13154834899853574, 0.006240136871410487, 14.91621278024706, -40.34134023472566, 26.479431698932395
flux1:, 1.326771189437699, 0.1357814369584889, 0.006129673339646945, 15.452650237177398, -41.61243198925377, 27.389723693882676
flux1:, 1.327753546308303, 0.14007768788398892, 0.006010588178964233, 15.996979179660283, -42.91212719409139, 28.3222835105191
flux1:, 1.3287359031789068, 0.1444356782829916, 0.005883213243228433, 16.54875446182952, -44.24075061772741, 29.277334555205897
flux1:, 1.3297182600495108, 0.14885392576073211, 0.005747924136113978, 17.107508096716163, -45.598615240823264, 30.255087420384143
flux1:, 1.3307006169201148, 0.15333089136790143, 0.005605141015960448, 17.672750082863597, -46.986020760959576, 31.25573885388205
flux1:, 1.3316829737907188, 0.15786498207672864, 0.005455329312381448, 18.243969319351812, -48.40325202777064, 32.27947069628904
flux1:, 1.3326653306613228, 0.16245455337919043, 0.005299000349960279, 18.820634607181272, -49.85057741102318, 33.32644878811258
flux1:, 1.3336476875319265, 0.1670979120012585, 0.005136711874506561, 19.402195734555356, -51.32824710465425, 34.39682184868038
flux1:, 1.3346300444025305, 0.17179331872654074, 0.004969068477502114, 19.98808464314816, -52.83649137027397, 35.49072032896503
flux1:, 1.3356124012731345, 0.17653899132235526, 0.004796721914535697, 20.577716672039234, -54.3755187240689, 36.60825524076211
flux1:, 1.3365947581437385, 0.1813331075608003, 0.004620371313723558, 21.170491875563243, -55.9455140715467, 37.74951696488317
flux1:, 1.3375771150143425, 0.18617380832709207, 0.004440763270308388, 21.765796410928285, -57.546636794988586, 38.91457404125072
flux1:, 1.3385594718849465, 0.19105920080697072, 0.004258691823869893, 22.36300399106778, -59.1790187989837, 40.103471944034006
flux1:, 1.3395418287555503, 0.19598736174473794, 0.0040749983148084075, 22.961477397790752, -60.84276251980284, 41.31623184514459
flux1:, 1.3405241856261543, 0.20095634076311952, 0.0038905711170270736, 23.560570049975475, -62.537938904879546, 42.55284936972037
flux1:, 1.3415065424967583, 0.20596416373585863, 0.0037063452440118604, 24.159627621167814, -64.26458536902275, 43.81329334732791
flux1:, 1.3424888993673623, 0.21100883620369612, 0.0035233018257978584, 24.757989700670468, -66.02270373445229, 45.097504562929785
flux1:, 1.3434712562379663, 0.2160883468241359, 0.0033424674546101768, 25.354991491889166, -67.8122581620911, 46.40539451178291
flux1:, 1.34445361310857, 0.221200670845194, 0.003164913397293697, 25.949965541453892, -69.6331730819467, 47.73684416266878
flux1:, 1.345435969979174, 0.22634377359315982, 0.0029917546729655597, 26.54224349238977, -71.48533113072686, 49.09170273400462
flux1:, 1.346418326849778, 0.2315156139641998, 0.0028241489946844106, 27.131157854405327, -73.36857110519195, 50.469786487571845
flux1:, 1.347400683720382, 0.23671414790957762, 0.002663295574267322, 27.71604378420072, -75.28268593995321, 51.87087754471561
flux1:, 1.348383040590986, 0.24193733190414543, 0.0025104337897673794, 28.29624086855177, -77.22742071879452, 53.294722730040206
flux1:, 1.34936539746159, 0.2471831263876637, 0.002366841715494936, 28.871094902820296, -79.20247072869796, 54.7410324476948
flux1:, 1.3503477543321938, 0.2524494991685989, 0.0022338345148490207, 29.439959657475963, -81.20747956599047, 56.209479595498806
flux1:, 1.3513301112027978, 0.2577344287799329, 0.002112762696621912, 30.0021986251856, -83.24203730418557, 57.69969852215817
flux1:, 1.3523124680734018, 0.26303590777665536, 0.0020050102358413974, 30.55718674101742, -85.30567873315056, 59.2112840329653
flux1:, 1.3532948249440058, 0.2683519459646658, 0.0019119925606151075, 31.104312068377038, -87.39788167932193, 60.74379044934781
flux1:, 1.3542771818146098, 0.27368057355092024, 0.0018351544068554587, 31.64297744334611, -89.51806541669218, 62.29673072766303
flux1:, 1.3552595386852135, 0.27901984420482173, 0.0017759675431757022, 32.1726020702386, -91.66558917825621, 63.86957564265716
flux1:, 1.3562418955558175, 0.28436783802105875, 0.0017359283686664475, 32.69262306134287, -93.83975077756251, 65.46175304091103
flux1:, 1.3572242524264215, 0.2897226643742868, 0.0017165553866657435, 33.20249691400229, -96.03978534980402, 67.07264716960782
flux1:, 1.3582066092970255, 0.2950824646563347, 0.001719386558066204, 33.70170091845206, -98.26486422183811, 68.70159808582075
flux1:, 1.3591889661676295, 0.3004454148869114, 0.0017459765381028166, 34.189734490080696, -100.51409392017801, 70.34790115143919
flux1:, 1.3601713230382333, 0.3058097281890984, 0.0017978938009854395, 34.66612042009008, -102.78651532579092, 72.01080661872213
flux1:, 1.3611536799088373, 0.31117365712128425, 0.0018767176571279323, 35.13040603889862, -105.0811029842433, 73.68951931126922
flux1:, 1.3621360367794413, 0.3165354958575906, 0.0019840351681439357, 35.58216428697485, -107.39676457927229, 75.38319840508284
flux1:, 1.3631183936500453, 0.3218935822092917, 0.0021214379651579253, 36.02099468822129, -109.7323405775511, 77.0909573141121
flux1:, 1.3641007505206493, 0.32724629948011047, 0.0022905189763573006, 36.44652422145814, -112.08660405185928, 78.81186368448775
flux1:, 1.365083107391253, 0.332592078148838, 0.0024928690700986543, 36.85840808601285, -114.45826068946167, 80.54493950136924
flux1:, 1.366065464261857, 0.337929397373193, 0.002730073620224907, 37.25633035793333, -116.84594899182858, 82.28916131204672
flux1:, 1.367047821132461, 0.34325678630939904, 0.0030037090006010654, 37.64000453381966, -119.24824067131281, 84.04346056861951
flux1:, 1.368030178003065, 0.34857282524245153, 0.0033153390162168, 38.00917395984854, -121.663641249754, 85.8067240932883
flux1:, 1.369012534873669, 0.3538761465227762, 0.0036665112785017034, 38.363612144062806, -124.09059086326272, 87.57779466885205
flux1:, 1.3699948917442728, 0.3591654353054135, 0.004058753532818493, 38.703122950619495, -126.52746527676757, 89.35547175673165
flux1:, 1.3709772486148768, 0.36443943008860746, 0.004493569946365369, 39.02754067519465, -128.97257711112232, 91.13851234436812
flux1:, 1.3719596054854808, 0.36969692304930135, 0.004972437364983227, 39.336730001404895, -131.42417728481664, 92.92563192344358
flux1:, 1.3729419623560848, 0.37493676017364547, 0.005496801547612011, 39.6305858386402, -133.88045667154472, 94.71550560000568
flux1:, 1.3739243192266888, 0.380157841181388, 0.006068073387346784, 39.90903304228801, -136.33954797400233, 96.50676933699948
flux1:, 1.3749066760972926, 0.38535911924357863, 0.006687625128246765, 40.17202601797509, -138.7995278134589, 98.2980213294058
flux1:, 1.3758890329678966, 0.3905396004938706, 0.007356786587228957, 40.41954821197113, -141.2584190338206, 100.08782351156736
flux1:, 1.3768713898385005, 0.39569834333421333, 0.008076841390512643, 40.65161149050368, -143.7141932179662, 101.87470319591392
flux1:, 1.3778537467091045, 0.4008344575365765, 0.008849023234209417, 40.868255411309725, -146.1647734132525, 103.65715484170529
flux1:, 1.3788361035797085, 0.40594710314302007, 0.009674512178758657, 41.06954639126085, -148.60803706222183, 105.433641952035
flux1:, 1.3798184604503125, 0.41103548916707194, 0.010554430986961917, 41.25557677446561, -151.04181913363422, 107.20259909667638
flux1:, 1.3808008173209163, 0.416098872100082, 0.01148984151541709, 41.42646380574235, -153.46391544802256, 108.96243405799844
flux1:, 1.3817831741915203, 0.4211365542270383, 0.012481741169176743, 41.58234851484457, -155.87208619114944, 110.71153009658363
flux1:, 1.3827655310621243, 0.426147881756811, 0.013531059429425273, 41.72339451727421, -158.26405960779616, 112.44824833270334
flux1:, 1.3837478879327283, 0.43113224277262774, 0.014638654463932537, 41.84978673795754, -160.6375358675497, 114.17093023929463
flux1:, 1.3847302448033323, 0.43608906500919203, 0.015805309829975606, 41.96173006444282, -162.99019109328106, 115.8779002416401
flux1:, 1.3857126016739363, 0.44101781346347846, 0.017031731279303974, 42.05944793663502, -165.3196815423946, 117.56746841839876
flux1:, 1.38669495854454, 0.4459179878468616, 0.018318543674603647, 42.14318088041627, -167.62364792995177, 119.23793329819235
flux1:, 1.387677315415144, 0.4507891198869466, 0.01966628802675857, 42.21318499278589, -169.89971988214262, 120.88758474556208
flux1:, 1.388659672285748, 0.45563077048785516, 0.021075418661999308, 42.269730386377084, -172.14552050787887, 122.51470692954118
flux1:, 1.389642029156352, 0.4604425267585056, 0.02254630052783992, 42.31309960142398, -174.35867107551124, 124.11758136778468
flux1:, 1.390624386026956, 0.46522399891875194, 0.0240792066464181, 42.343585993410365, -176.5367957812331, 125.69449003873811
flux1:, 1.3916067428975598, 0.4699748170939116, 0.02567431572363559, 42.361492104717684, -178.67752659491143, 127.24371855395856
flux1:, 1.3925890997681638, 0.4746946280086, 0.027331709922125916, 42.36712802869283, -180.7785081688856, 128.7635593823487
flux1:, 1.3935714566387678, 0.4793830915911636, 0.029051372805800366, 42.360809774528455, -182.83740279447747, 130.25231511776158
flux1:, 1.3945538135093718, 0.4840398775006201, 0.03083318746334995, 42.34285764137657, -184.85189539087466, 131.70830178106112
flux1:, 1.3955361703799758, 0.48866466158812694, 0.03267693481769308, 42.31359460996989, -186.81969851043394, 133.1298521476254
flux1:, 1.3965185272505796, 0.49325712230546853, 0.03458229212795988, 42.27334475998073, -188.7385573443396, 134.5153190907437
flux1:, 1.3975008841211836, 0.4978169370733675, 0.036548831690187106, 42.22243172112355, -190.60625471235974, 135.86307893153895
flux1:, 1.3984832409917876, 0.5023437786225301, 0.03857601974242169, 42.16117716580872, -192.42061602011375, 137.17153478556264
flux1:, 1.3994655978623916, 0.5068373113207154, 0.04066321557948907, 42.08989935093547, -194.17951416747147, 138.43911989621094
flux1:, 1.4004479547329955, 0.5112971874990861, 0.042809670882160894, 42.00891171605653, -195.88087439139633, 139.66430094505225
flux1:, 1.4014303116035993, 0.5157230437914706, 0.045014529264975636, 41.918521544851615, -197.5226790268767, 140.8455813289837
flux1:, 1.4024126684742033, 0.5201144974999109, 0.04727682604641055, 41.819028696458744, -199.1029721695908, 141.98150439427886
flux1:, 1.4033950253448073, 0.5244711430002263, 0.04959548824459036, 41.71072441279313, -200.61986422415094, 143.07065661738088
flux1:, 1.4043773822154113, 0.5287925482010486, 0.05196933480112448, 41.593890207545876, -202.07153632213047, 144.11167072263945
flux1:, 1.4053597390860153, 0.5330782510699023, 0.0543970770351399, 41.46879684207508, -203.45624459437994, 145.10322872702864
flux1:, 1.406342095956619, 0.5373277562396274, 0.05687731932894906, 41.33570339287672, -204.772324282588, 146.04406490220188
flux1:, 1.407324452827223, 0.5415405317084667, 0.059408560046248386, 41.19485641483563, -206.01819367546562, 146.9329686443238
flux1:, 1.408306809697827, 0.5457160056467509, 0.06198919268309946, 41.0464892038351, -207.19235785562316, 147.7687872423635
flux1:, 1.409289166568431, 0.5498535633230168, 0.06461750725139495, 40.890821161807, -208.2934122436274, 148.55042853583893
flux1:, 1.410271523439035, 0.5539525441620095, 0.06729169189385387, 40.72805726663594, -209.3200459266196, 149.2768634531965
flux1:, 1.4112538803096388, 0.5580122389467272, 0.07000983472902254, 40.558387648801066, -210.27104475948107, 149.94712842242882
flux1:, 1.4122362371802428, 0.5620318871762562, 0.072769925924126, 40.381987275969244, -211.14529422734537, 150.56032764586652
flux1:, 1.4132185940508468, 0.5660106745907433, 0.07556985999301005, 40.19901574617357, -211.94178205911757, 151.1156352314731
flux1:, 1.4142009509214508, 0.5699477308744026, 0.07840743831583644, 40.00961718958775, -212.65960058257897, 151.61229717343062
flux1:, 1.4151833077920548, 0.5738421275468992, 0.08128037187656027, 39.81392027827088, -213.29794881256015, 152.04963317521
flux1:, 1.4161656646626586, 0.5776928760529512, 0.08418628421364063, 39.612038342678744, -213.85613426459716, 152.42703830892918
flux1:, 1.4171480215332626, 0.5814989260594459, 0.08712271457888675, 39.40406959310936, -214.33357448766938, 152.74398450516955
flux1:, 1.4181303784038666, 0.5852591639686504, 0.09008712129872028, 39.19009744368268, -214.72979831041198, 153.0000218680959
flux1:, 1.4191127352744706, 0.5889724116555766, 0.0930768853316071, 38.97019093587683, -215.04444679649097, 153.19477981123268
flux1:, 1.4200950921450746, 0.5926374254367974, 0.09608931401487815, 38.74440525808713, -215.27727390578727, 153.3279680098399
flux1:, 1.4210774490156786, 0.5962528952773586, 0.09912164499361387, 38.51278235715256, -215.42814685919066, 153.39937716645807
flux1:, 1.4220598058862823, 0.5998174442416621, 0.10217105032375641, 38.27535163729431, -215.4970462059517, 153.408879586788
flux1:, 1.4230421627568863, 0.6033296281934866, 0.10523464074115309, 38.032130741425384, -215.48406559351477, 153.35642956375767
flux1:, 1.4240245196274903, 0.6067879357495085, 0.10830947008773538, 37.78312640936558, -215.38941124118196, 153.24206356819977
flux1:, 1.4250068764980943, 0.6101907884899217, 0.11139253988560963, 37.528335407075396, -215.21340111966154, 153.0659002452975
flux1:, 1.4259892333686983, 0.6135365414288675, 0.11448080404941997, 37.267745520648674, -214.95646384008126, 152.82814021647883
flux1:, 1.4269715902393023, 0.6168234837467418, 0.11757117372694587, 37.00133660850068, -214.6191372568183, 152.52906568737214
flux1:, 1.427953947109906, 0.620049839785382, 0.12066052225749385, 36.72908170484099, -214.20206678979318, 152.169039862698
flux1:, 1.42893630398051, 0.6232137703064917, 0.12374569023738723, 36.450948167333756, -213.7060034726952, 151.74850617000075
flux1:, 1.429918660851114, 0.6263133740126959, 0.12682349068144022, 36.166898861584954, -213.13180173492736, 151.2679872945533
flux1:, 1.430901017721718, 0.6293466893299059, 0.1298907142691177, 35.87689337496591, -212.48041692570993, 150.72808402845848
flux1:, 1.431883374592322, 0.6323116964485942, 0.13294413466374888, 35.58088925216474, -211.7529025899892, 150.12947393761024
flux1:, 1.4328657314629258, 0.6352063196210452, 0.13598051389302093, 35.278843244747165, -210.95040750650756, 149.47290985083015
flux1:, 1.4338480883335298, 0.6380284297105593, 0.13899660777874265, 34.97071256703583, -210.07417249938456, 148.75921817594167
flux1:, 1.4348304452041338, 0.6407758469878898, 0.14198917140370304, 34.65645615058718, -209.12552703521624, 147.98929704830738
flux1:, 1.4358128020747378, 0.6434463441693368, 0.1449549646034025, 34.3360358896286, -208.10588561860334, 147.1641143177806
flux1:, 1.4367951589453418, 0.6460376496901662, 0.1478907574702681, 34.00941786993567, -207.0167439995431, 146.28470538058068
flux1:, 1.4377775158159456, 0.648547451206196, 0.1507933358579488, 33.67657357374048, -205.859675206784, 145.3521708630835
flux1:, 1.4387598726865496, 0.6509733993156054, 0.15365950687328633, 33.33748105350727, -204.63632542195708, 144.36767416507
flux1:, 1.4397422295571536, 0.6533131114924381, 0.15648610434353402, 32.99212606760106, -203.34840970946772, 143.33243887028857
flux1:, 1.4407245864277576, 0.655564176222347, 0.15926999424648097, 32.640503171173066, -201.99770761789125, 142.24774603268148
flux1:, 1.4417069432983616, 0.6577241573305885, 0.16200808009120635, 32.28261675586941, -200.58605866870988, 141.11493134698875
flux1:, 1.4426893001689653, 0.6597905984916105, 0.16469730823731996, 31.918482032357392, -199.1153577486793, 139.93538221274042
flux1:, 1.4436716570395693, 0.6617610279089142, 0.16733467314069664, 31.548125949981937, -197.58755042214227, 138.71053470100455
flux1:, 1.4446540139101733, 0.6636329631532444, 0.16991722251386554, 31.171588048326708, -196.0046281800301, 137.44187043343842
flux1:, 1.4456363707807773, 0.6654039161467885, 0.1724420623895151, 30.788921235858567, -194.36862364189173, 136.13091338350992
flux1:, 1.4466187276513813, 0.6670713982803194, 0.1749063620757138, 30.40019249128476, -192.68160572784913, 134.77922660988096
flux1:, 1.447601084521985, 0.6686329256499363, 0.17730735899183453, 30.00548348376125, -190.94567481675264, 133.38840893205062
flux1:, 1.448583441392589, 0.6700860243995227, 0.17964236337440173, 29.604891108568555, -189.16295790703956, 131.96009155858295
flux1:, 1.449565798263193, 0.6714282361547014, 0.18190876284246288, 29.198527935391834, -187.33560379638962, 130.49593467817402
flux1:, 1.450548155133797, 0.6726571235336972, 0.1841040268124444, 28.786522566858967, -185.4657782959656, 128.99762402387577
flux1:, 1.451530512004401, 0.6737702757202566, 0.18622571075284022, 28.36901990554184, -183.55565949482292, 127.4668674208455
flux1:, 1.4525128688750049, 0.6747653140834684, 0.18827146026950725, 27.946181328150058, -181.60743308946755, 125.90539132781426
flux1:, 1.4534952257456089, 0.6756398978291962, 0.1902390150127852, 27.5181847662008, -179.6232877931361, 124.31493738245639
flux1:, 1.4544775826162128, 0.6763917296676348, 0.19212621239811145, 27.085224692976723, -177.60541083890675, 122.6972589606542
flux1:, 1.4554599394868168, 0.6770185614813615, 0.19393099113232415, 26.647512017135302, -175.55598358995653, 121.05411775953584
flux1:, 1.4564422963574208, 0.6775181999783138, 0.1956513945383101, 26.205273883848108, -173.47717726989035, 119.38728041385555
flux1:, 1.4574246532280246, 0.6778885123139825, 0.19728557367121158, 25.758753384883445, -171.37114882512478, 117.69851515518042
flux1:, 1.4584070100986286, 0.6781274316672105, 0.19883179021993044, 25.30820917952726, -169.24003693075468, 115.98958852289891
flux1:, 1.4593893669692326, 0.6782329627540923, 0.20028841918823598, 24.85391502875359, -167.08595815041994, 114.26226213593638
flux1:, 1.4603717238398366, 0.6782031872645856, 0.2016539513503485, 24.396159245497362, -164.911003260038, 112.51828953357207
flux1:, 1.4613540807104406, 0.6780362692065882, 0.20292699547643653, 23.935244064357228, -162.71723374421902, 110.75941309343494
flux1:, 1.4623364375810444, 0.6777304601425297, 0.20410628032409076, 23.471484934452082, -160.50667847346145, 108.98736103443177
flux1:, 1.4633187944516486, 0.6772841043037968, 0.2051906563923927, 23.005209739571907, -158.2813305693476, 107.2038445118022
flux1:, 1.4643011513222524, 0.6766956435685463, 0.2061790974358282, 22.536757950114794, -156.04314446391814, 105.41055481119231
flux1:, 1.4652835081928564, 0.675963622288957, 0.20707070173590908, 22.06647971165969, -153.7940331585952, 103.60916064804354
flux1:, 1.4662658650634603, 0.6750866919542422, 0.20786469312892783, 21.59473487530612, -151.53586568707638, 101.80130557824498
flux1:, 1.4672482219340643, 0.6740636156763483, 0.2085604217889512, 21.121891975199357, -149.27046478569966, 99.98860552542239
flux1:, 1.4682305788046683, 0.6728932724855193, 0.2091573647657091, 20.648327158893487, -146.99960477374321, 98.17264642971007
flux1:, 1.4692129356752721, 0.6715746614237496, 0.2096551262776564, 20.174423076402437, -144.72500964543497, 96.35498202243645
flux1:, 1.470195292545876, 0.6701069054243749, 0.21005343776111446, 19.700567733953413, -142.44835137425855, 94.5371317305139
flux1:, 1.47117764941648, 0.6684892549669055, 0.21035215767693052, 19.227153318594777, -140.171248429452, 92.72057871387346
flux1:, 1.472160006287084, 0.6667210914966468, 0.21055127107674268, 18.75457499988841, -137.8952645036463, 90.90676803868963
flux1:, 1.473142363157688, 0.6648019305994878, 0.21065088893147968, 18.283229714970606, -135.6219074497048, 89.09710498868337
flux1:, 1.4741247200282919, 0.6627314249226951, 0.21065124722527317, 17.813514943305496, -133.35262842404097, 87.29295351616719
flux1:, 1.4751070768988959, 0.6605093668334865, 0.21055270581855115, 17.345827477397535, -131.08882123291914, 85.49563483403114
flux1:, 1.4760894337694999, 0.6581356908077496, 0.21035574708457355, 16.88056219570431, -128.83182187736534, 83.70642614933936
flux1:, 1.4770717906401039, 0.6556104755420082, 0.21006097432421936, 16.41811084389233, -126.5829082917792, 81.92655953865524
flux1:, 1.4780541475107078, 0.6529339457826447, 0.20966910996431593, 15.958860830442987, -124.34330027042267, 80.15722096476415
flux1:, 1.4790365043813116, 0.6501064738669892, 0.2091809935452885, 15.503194042483726, -122.11415957553002, 78.3995494339083
flux1:, 1.4800188612519156, 0.6471285809718329, 0.20859757950437768, 15.051485687494532, -119.89659022004882, 76.65463629225165
flux1:, 1.4810012181225196, 0.6440009380656398, 0.20791993476109236, 14.60410316637255, -117.69163891753657, 74.92352465973313
flux1:, 1.4819835749931236, 0.640724366561557, 0.20714923611200756, 14.161404983038127, -115.50029569116614, 73.20720899914582
flux1:, 1.4829659318637276, 0.6372998386691867, 0.20628676744238802, 13.72373969554185, -113.32349463346829, 71.50663481772824
flux1:, 1.4839482887343314, 0.6337284774438554, 0.20533391676250073, 13.29144491330959, -111.1621148078696, 69.82269849824908
flux1:, 1.4849306456049354, 0.6300115565329152, 0.20429217307682074, 12.864846344851799, -109.0169812829006, 68.15624725616158
flux1:, 1.4859130024755394, 0.6261504996195204, 0.2031631230946509, 12.44425689994429, -106.88886628952716, 66.5080792190044
flux1:, 1.4868953593461434, 0.6221468795650275, 0.2019484477909753, 12.029975849911892, -104.77849049188889, 64.87894362399793
flux1:, 1.4878777162167474, 0.6180024172520212, 0.20064991882661365, 11.622288049296065, -102.68652436152068, 63.26954112931812
flux1:, 1.4888600730873511, 0.6137189801307531, 0.199269394837003, 11.221463221809993, -100.61358964497624, 61.68052423446485
flux1:, 1.4898424299579551, 0.6092985804725859, 0.19780881759912702, 10.82775531308426, -98.56026091474148, 60.11249780466042
flux1:, 1.4908247868285591, 0.6047433733347045, 0.19627020808630227, 10.441401912325707, -96.52706719321621, 58.56601969418769
flux1:, 1.4918071436991631, 0.6000556542412068, 0.19465566242066867, 10.062623744604425, -94.51449363966151, 57.04160146324879
flux1:, 1.4927895005697671, 0.5952378565864014, 0.19296734773338473, 9.691624235081521, -92.5229832899674, 55.53970918280519
flux1:, 1.4937718574403709, 0.5902925487667086, 0.19120749794259168, 9.328589146099407, -90.55293883931222, 54.06076432174457
flux1:, 1.4947542143109749, 0.5852224310484408, 0.18937840945929332, 8.973686287640938, -88.60472445788012, 52.60514471053636
flux1:, 1.4957365711815789, 0.5800303321792446, 0.18748243683135002, 8.62706530129217, -86.67866763004083, 51.173185575538284
flux1:, 1.4967189280521829, 0.5747192057516809, 0.185521988335766, 8.288857517433163, -84.77506100762935, 49.76518063796936
flux1:, 1.4977012849227869, 0.5692921263279327, 0.18349952152945467, 7.959175885028558, -82.89416426825127, 48.38138327161383
flux1:, 1.4986836417933906, 0.5637522853353607, 0.18141753876863595, 7.638114973005541, -81.03620596988391, 47.02200771324967
flux1:, 1.4996659986639946, 0.5581029867429755, 0.17927858270690616, 7.3257510418670595, -79.20138539335493, 45.68723031986654
flux1:, 1.5006483555345986, 0.5523476425294735, 0.17708523178197297, 7.022142183846924, -77.38987436471625, 44.37719086673224
flux1:, 1.5016307124052026, 0.5464897679540309, 0.17484009570090053, 6.7273285295963845, -75.60181904994216, 43.091993880487614
flux1:, 1.5026130692758066, 0.5405329766412778, 0.17254581093356722, 6.44133251908438, -73.83734171475555, 41.831710001486805
flux1:, 1.5035954261464104, 0.5344809754924809, 0.17020503622387353, 6.164159234123007, -72.09654244297323, 40.59637736976272
flux1:, 1.5045777830170146, 0.528337559435181, 0.16782044812804922, 5.895796789658421, -70.37950080712137, 39.386003029080605
flux1:, 1.5055601398876184, 0.5221066060239021, 0.16539473658919637, 5.636216780738937, -68.68627748566888, 38.200564343728615
flux1:, 1.5065424967582224, 0.5157920699047663, 0.16293060055693243, 5.385374781848847, -67.01691582164423, 37.0400104228543
flux1:, 1.5075248536288264, 0.5093979771572259, 0.16043074366082308, 5.143210895105145, -65.37144331804754, 35.90426354732264
flux1:, 1.5085072104994304, 0.5029284195261148, 0.15789786994593355, 4.909650343660482, -63.749873065858935, 34.79322059430848
flux1:, 1.5094895673700344, 0.49638754855759293, 0.15533467967859216, 4.6846041064870905, -62.15220510108259, 33.70675445500062
flux1:, 1.5104719242406381, 0.48977956965249836, 0.15274386523013148, 4.467969590628596, -60.578427687765966, 32.64471544106322
flux1:, 1.5114542811112421, 0.48310873605082694, 0.15012810704605148, 4.259631336886511, -59.02851852443721, 31.606932675720582
flux1:, 1.5124366379818461, 0.4763793427610516, 0.14749006970771866, 4.0594617548635465, -57.50244587197479, 30.59321546555554
flux1:, 1.5134189948524501, 0.46959572044794845, 0.14483239809334675, 3.8673218832204785, -56.00016960140856, 29.60335464940194
flux1:, 1.5144013517230541, 0.46276222929267397, 0.14215771364467572, 3.6830621710063163, -54.52164216067789, 28.63712392094526
flux1:, 1.515383708593658, 0.4558832528386397, 0.13946861074534597, 3.506523275905975, -53.06680945986092, 27.694281121908823
flux1:, 1.516366065464262, 0.44896319183671685, 0.13676765321664, 3.3375368752930337, -51.635611674857884, 26.774569502975456
flux1:, 1.5173484223348659, 0.44200645810306527, 0.1340573709358196, 3.1759264860142236, -50.22798396999284, 25.877718949869905
flux1:, 1.5183307792054699, 0.43501746840282757, 0.13134025658194165, 3.021508288911901, -48.8438571404459, 25.003447172272597
flux1:, 1.5193131360760739, 0.42800063837253055, 0.1286187625135805, 2.8740919541745966, -47.48315817579696, 24.15146085352949
flux1:, 1.5202954929466777, 0.42096037649398793, 0.1258952977825408, 2.733481463725799, -46.14581074644413, 23.321456759366168
flux1:, 1.5212778498172816, 0.4139010781320419, 0.12317222528718147, 2.599475926979712, -44.831735614955996, 22.51312280408827
flux1:, 1.5222602066878856, 0.4068271196482937, 0.12045185906860172, 2.4718703864492295, -43.54085097482278, 21.72613907300858
flux1:, 1.5232425635584896, 0.39974285260255793, 0.1177364617525067, 2.3504566098423867, -42.27307271935181, 20.960178800073404
flux1:, 1.5242249204290936, 0.39265259805346414, 0.11502824213918243, 2.2350238654678805, -41.028314643778366, 20.21490929994159
flux1:, 1.5252072772996974, 0.38556064096915726, 0.11232935294357901, 2.125359677950217, -39.80648858390621, 19.48999285396117
flux1:, 1.5261896341703014, 0.3784712247587329, 0.1096418886871185, 2.0212505614587384, -38.60750449483932, 18.785087549758792
flux1:, 1.5271719910409054, 0.37138854593450954, 0.10696788374244841, 1.9224827278606935, -37.43127047357507, 18.099848074347836
flux1:, 1.5281543479115094, 0.36431674891484495, 0.1043093105319412, 1.8288427674257104, -36.27769272940888, 17.433926460885036
flux1:, 1.5291367047821134, 0.35725992097665654, 0.10166807788037362, 1.7401182999301765, -35.14667550620873, 16.786972789392145
flux1:, 1.5301190616527172, 0.3502220873664066, 0.09904602952186556, 1.6560985942386335, -34.03812096082933, 16.158635841963196
flux1:, 1.5311014185233212, 0.34320720657766995, 0.09644494276071301, 1.5765751546703235, -32.951929001904986, 15.548563713128162
flux1:, 1.5320837753939252, 0.33621916580298655, 0.09386652728547643, 1.501342272690519, -31.887997093425618, 14.956404376236028
flux1:, 1.5330661322645291, 0.3292617765671094, 0.09131242413527242, 1.430197542699502, -30.8462200274706, 14.381806206843436
flux1:, 1.5340484891351331, 0.32233877054820076, 0.08878420481690176, 1.3629423409259074, -29.82648967049885, 13.82441846425447
flux1:, 1.535030846005737, 0.3154537955930022, 0.0862833705711136, 1.299382266658231, -28.828694687575634, 13.283891732465339
flux1:, 1.536013202876341, 0.3086104119313963, 0.08381135178597729, 1.2393275452759605, -27.85272024888109, 12.759878321894693
flux1:, 1.536995559746945, 0.30181208859527986, 0.08136950755506676, 1.1825933927628174, -26.898447722738272, 12.252032633366456
flux1:, 1.537977916617549, 0.2950622000460153, 0.07895912537781767, 1.1290003415992134, -25.96575435935688, 11.76001148590751
flux1:, 1.538960273488153, 0.28836402301414277, 0.07658142099917706, 1.0783745281384332, -25.054512969320324, 11.283474409990536
flux1:, 1.5399426303587567, 0.2817207335546406, 0.07423753838541562, 1.030547941772938, -24.16459160076166, 10.822083907917612
flux1:, 1.5409249872293607, 0.2751354043201438, 0.0719285498326734, 0.985358636383406, -23.29585321897592, 10.375505683083265
flux1:, 1.5419073440999647, 0.26861100205428007, 0.06965545620464249, 0.9426509047502525, -22.448155392080345, 9.943408839901048
flux1:, 1.5428897009705687, 0.26215038530646784, 0.06741918729551805, 0.9022754167703697, -21.621349986119945, 9.525466056190206
flux1:, 1.5438720578411727, 0.255756302369157, 0.06522060231419903, 0.864089322485334, -20.815282872844207, 9.121353729847842
flux1:, 1.5448544147117764, 0.24943138943777174, 0.0630604904854734, 0.8279563210724633, -20.029793653140906, 8.730752101622944
flux1:, 1.5458367715823806, 0.24317816899324726, 0.06093957176383478, 0.7937466970845617, -19.264715398919577, 8.353345355808184
flux1:, 1.5468191284529844, 0.23699904840641928, 0.05885849765535339, 0.7613373253452556, -18.519874415984148, 7.988821700648189
flux1:, 1.5478014853235884, 0.23089631876299005, 0.05681785214291123, 0.7306116460177196, -17.795090030201816, 7.636873430233636
flux1:, 1.5487838421941924, 0.22487215390742385, 0.054818152710021696, 0.7014596114571681, -17.09017439904793, 7.2971969696219885
flux1:, 1.5497661990647964, 0.21892860970351435, 0.052859851458304234, 0.6737776065432375, -16.404932350332125, 6.96949290488032
flux1:, 1.5507485559354004, 0.21306762350894123, 0.050943336313623334, 0.6474683442542275, -15.739161249689397, 6.653465999694646
flux1:, 1.5517309128060042, 0.20729101386069962, 0.049068932315816056, 0.6224407383038016, -15.09265089815102, 6.348825200140908
flux1:, 1.5527132696766082, 0.20160048036784425, 0.047236902986894, 0.5986097547028311, -14.465183460868216, 6.055283629144009
flux1:, 1.5536956265472122, 0.19599760380755765, 0.04544745177253925, 0.5758962441384913, -13.85653342782149, 5.772558572088118
flux1:, 1.5546779834178162, 0.19048384642016897, 0.04370072355169791, 0.5542267570823477, -13.266467607092599, 5.500371454970344
flux1:, 1.5556603402884202, 0.18506055239838493, 0.04199680620907575, 0.5335333435441479, -12.69474515105369, 5.238447816412666
flux1:, 1.556642697159024, 0.1797289485656389, 0.04033573226531605, 0.5137533393817317, -12.141117615581681, 4.986517274769765
flux1:, 1.557625054029628, 0.17449014523810422, 0.03871748055967396, 0.49482914106205644, -11.605329052196753, 4.744313491487783
flux1:, 1.558607410900232, 0.16934513726465059, 0.03714197798002599, 0.47670797074057114, -11.087116132800364, 4.511574131788221
flux1:, 1.559589767770836, 0.1642948052387302, 0.03560910123509945, 0.4593416334880779, -10.586208306479591, 4.288040823664706
flux1:, 1.56057212464144, 0.15933991687585933, 0.03411867866384214, 0.4426862684496431, -10.102327987663585, 4.073459116094006
flux1:, 1.5615544815120437, 0.15448112855018947, 0.03267049207694199, 0.42670209566319917, -9.635190774713452, 3.8675784372805433
flux1:, 1.5625368383826477, 0.1497189869834182, 0.03126427862557374, 0.41135316020420537, -9.184505697872813, 3.6701520536650394
flux1:, 1.5635191952532517, 0.14505393107909437, 0.02989973269253162, 0.3966070752518408, -8.749975495337301, 3.480937030345478
flux1:, 1.5645015521238557, 0.14048629389516157, 0.02857650780101014, 0.3824347655959286, -8.331296916054187, 3.299694193474732
flux1:, 1.5654839089944597, 0.1360163047475332, 0.027294218536410102, 0.3688102130218661, -7.928161047734761, 3.1261880951181023
flux1:, 1.5664662658650634, 0.13164409143723127, 0.02605244247664263, 0.3557102049245192, -7.5402536684350565, 2.9601869809735195
flux1:, 1.5674486227356674, 0.12736968259365214, 0.024850722126550862, 0.34311408740958943, -7.167255619963842, 2.8014627612839846
flux1:, 1.5684309796062714, 0.12319301012634494, 0.023688566852195274, 0.33100352404824207, -6.808843201276566, 2.649790985194162
flux1:, 1.5694133364768754, 0.11911391177765855, 0.0225654548108661, 0.31936226135297424, -6.464688579938325, 2.504950818735368
flux1:, 1.5703956933474794, 0.11513213376858714, 0.02148083487287005, 0.3081759019436121, -6.134460219677766, 2.366725026554282
flux1:, 1.5713780502180832, 0.11124733353013233, 0.02043412853125992, 0.2974316862734472, -5.817823322000966, 2.234899957440351
flux1:, 1.5723604070886872, 0.10745908251244558, 0.019424731795838826, 0.2871182836840719, -5.514440279796946, 2.1092655336435207
flux1:, 1.5733427639592912, 0.10376686906413442, 0.018452017067947257, 0.2772255934576451, -5.223971140846688, 1.9896152439239438
flux1:, 1.5743251208298952, 0.100170101374058, 0.017515334992677888, 0.26774455643633, -4.946074079134371, 1.8757461402187667
flux1:, 1.5753074777004992, 0.09666811046808313, 0.01661401628536294, 0.2586669776798691, -4.680405871860848, 1.767458837770261
flux1:, 1.576289834571103, 0.09326015325329365, 0.015747373529324638, 0.2499853605372983, -4.426622380081028, 1.664557518513272
flux1:, 1.577272191441707, 0.08994541560226321, 0.014914702942061016, 0.24169275241464921, -4.18437903089899, 1.566849937484429
flux1:, 1.578254548312311, 0.086723015470131, 0.014115286107226805, 0.23378260243067503, -3.9533312992109235, 1.474147431982749
flux1:, 1.579236905182915, 0.08359200603732438, 0.013348391669918054, 0.226248631065242, -3.7331351870106046, 1.3862649331811805
flux1:, 1.580219262053519, 0.08055137887091768, 0.012613276992969321, 0.21908471182248485, -3.5234476983500826, 1.303020979865378
flux1:, 1.5812016189241227, 0.07760006709780076, 0.01190918977213769, 0.21228476485156053, -3.3239273081001284, 1.2242377339570514
flux1:, 1.5821839757947267, 0.0747369485829601, 0.0112353696082211, 0.2058426623937294, -3.1342344227343233, 1.149740997460657
flux1:, 1.5831663326653307, 0.07196084910641003, 0.01059104953434251, 0.19975214585498172, -2.9540318314438725, 1.0793602304648313
flux1:, 1.5841486895359347, 0.06927054553244452, 0.009975457496788112, 0.19400675423907082, -2.782985145972819, 1.012928569817883
flux1:, 1.5851310464065387, 0.0666647689651529, 0.009387817787980287, 0.1885997636159673, -2.6207632276668864, 0.9502828480969374
flux1:, 1.5861134032771425, 0.06414220788429098, 0.00882735243031105, 0.18352413724761324, -2.4670386003173186, 0.8912636124868633
flux1:, 1.5870957601477467, 0.06170151125588128, 0.008293282509745727, 0.17877248594351536, -2.3214878474965803, 0.8357151431907602
flux1:, 1.5880781170183504, 0.059341291612114676, 0.0077848294582610065, 0.17433703817615287, -2.183791993182005, 0.783485470998845
flux1:, 1.5890604738889544, 0.057060128095345324, 0.007301216284333467, 0.17020961944827737, -2.053636864577996, 0.7344263936524629
flux1:, 1.5900428307595584, 0.054856569461278655, 0.006841668750868049, 0.16638164037218026, -1.9307134361599485, 0.6883934906520977
flux1:, 1.5910251876301624, 0.05272913703663608, 0.006405416500087439, 0.1628440928942194, -1.8147181540773965, 0.6452461361737057
flux1:, 1.5920075445007664, 0.050676327626866385, 0.005991694125061062, 0.15958755407626302, -1.7053532401655123, 0.6048475097730641
flux1:, 1.5929899013713702, 0.048696616369713584, 0.005599742187686701, 0.15660219682978996, -1.6023269749351223, 0.5670646045786686
flux1:, 1.5939722582419742, 0.04678845953074692, 0.005228808183083863, 0.15387780698651224, -1.5053539590207083, 0.5317682326940468
flux1:, 1.5949546151125782, 0.044950297237158904, 0.004878147450478845, 0.15140380608358908, -1.4141553526805593, 0.4988330275520647
flux1:, 1.5959369719831822, 0.043180556146450395, 0.004547024030791153, 0.14916927923886755, -1.3284590930557318, 0.46813744298881227
flux1:, 1.5969193288537862, 0.041477652046868034, 0.004234711471258355, 0.14716300749505504, -1.2480000890013325, 0.4395637488285996
flux1:, 1.59790168572439, 0.039839992386706054, 0.003940493577538111, 0.14537350401731577, -1.172520393411507, 0.41299802279776726
flux1:, 1.598884042594994, 0.03826597872986387, 0.0036636651138461855, 0.14378905354034266, -1.1017693530609047, 0.3883301386112194
flux1:, 1.599866399465598, 0.03675400913530473, 0.0034035324517906005, 0.1423977544742881, -1.0355037360844594, 0.36545375010236947
flux1:, 1.600848756336202, 0.03530248045829795, 0.003159414168651541, 0.14118756309687067, -0.9734878373124326, 0.34426627129386755
flux1:, 1.601831113206806, 0.03390979057160766, 0.0029306415959608986, 0.14014633927917944, -0.9154935617667768, 0.32466885233371073
flux1:, 1.6028134700774097, 0.03257434050501887, 0.002716559319308453, 0.13926189321600196, -0.8613004867108754, 0.30656635124805814
flux1:, 1.6037958269480137, 0.03129453650182751, 0.0025165256303894537, 0.1385220326567392, -0.8106959027236676, 0.2898673014877695
flux1:, 1.6047781838186177, 0.030068791991202284, 0.0023299129323794154, 0.1379146101610702, -0.7634748343445636, 0.2744838752720727
flux1:, 1.6057605406892217, 0.028895529475488364, 0.002156108099784924, 0.137427569932612, -0.7194400409040409, 0.26033184275770677
flux1:, 1.6067428975598257, 0.02777318233182543, 0.0019945127939901947, 0.13704899381463953, -0.6784019982177629, 0.24733052708528352
flux1:, 1.6077252544304295, 0.026700196527613795, 0.0018445437357660873, 0.1367671460645235, -0.6401788618802373, 0.23540275537898753
flux1:, 1.6087076113010335, 0.025675032249603495, 0.0017056329360591912, 0.13657051655578292, -0.6045964129445447, 0.2244748057964704
flux1:, 1.6096899681716375, 0.024696165446594916, 0.0015772278864343247, 0.13644786209096982, -0.5714879868206902, 0.21447635074756047
flux1:, 1.6106723250422414, 0.02376208928590641, 0.001458791710561588, 0.13638824554196682, -0.5406943862645199, 0.20534039641928564
flux1:, 1.6116546819128454, 0.022871315523986597, 0.001349803278193697, 0.13638107256865775, -0.5120637793628485, 0.19700321876303467
flux1:, 1.6126370387834492, 0.02202237579172339, 0.0012497572830946501, 0.13641612570051123, -0.4854515834486547, 0.1894042961163266
flux1:, 1.6136193956540532, 0.02121382279515659, 0.0011581642864055026, 0.13648359559933596, -0.46072033590105527, 0.18248623864659472
flux1:, 1.6146017525246572, 0.020444231432501927, 0.001074550726955241, 0.13657410935398914, -0.4377395528028716, 0.17619471481789142
flux1:, 1.6155841093952612, 0.01971219982852105, 0.0009984589000338775, 0.13667875569029084, -0.41638557643892693, 0.1704783750937965
flux1:, 1.6165664662658652, 0.019016350287439754, 0.0009294469061535098, 0.13678910700982103, -0.39654141262337683, 0.16528877309951
flux1:, 1.617548823136469, 0.01835533016574106, 0.0008670885713294454, 0.13689723820173494, -0.3780965588465661, 0.16058028447545472
flux1:, 1.618531180007073, 0.01772781266631186, 0.0008109733404098439, 0.13699574220006078, -0.36094682422647884, 0.15631002366152413
flux1:, 1.619513536877677, 0.017132497555523738, 0.0007607061449816169, 0.13707774228578778, -0.34499414224232, 0.1524377588568448
flux1:, 1.620495893748281, 0.016568111804949884, 0.0007159072473669041, 0.1371369011591383, -0.33014637721351187, 0.1489258254038176
flux1:, 1.621478250618885, 0.016033410159528094, 0.0006762120622178281, 0.13716742683091335, -0.3163171254718208, 0.14573903784789194
flux1:, 1.6224606074894887, 0.015527175634072602, 0.0006412709571974366, 0.13716407540414752, -0.30342551215212166, 0.1428446009254346
flux1:, 1.6234429643600927, 0.015048219940117631, 0.0006107490342181863, 0.13712215083752866, -0.2913959845039518, 0.14021201973164177
flux1:, 1.6244253212306967, 0.01459538384516841, 0.000584325892685188, 0.1370375018008585, -0.2801581025978676, 0.13781300931885054
flux1:, 1.6254076781013007, 0.014167537466491038, 0.0005616953761694503, 0.13690651574911084, -0.269646328270443, 0.13562140397237424
flux1:, 1.6263900349719047, 0.013763580501639594, 0.0005425653039053845, 0.13672611035672125, -0.2597998131187964, 0.1336130664069018
flux1:, 1.6273723918425085, 0.01338244239797947, 0.0005266571884797311, 0.13649372246656435, -0.25056218631980137, 0.13176579712095052
flux1:, 1.6283547487131127, 0.013023082463489424, 0.0005137059410436441, 0.13620729471873338, -0.24188134301215886, 0.1300592441403528
flux1:, 1.6293371055837165, 0.012684489921198795, 0.000503459565350026, 0.13586526003406418, -0.23370923394059073, 0.12847481337447159
flux1:, 1.6303194624543205, 0.012365683909598336, 0.0004956788418748714, 0.13546652413402727, -0.22600165702002148, 0.12699557980011195
flux1:, 1.6313018193249245, 0.012065713431431004, 0.0004901370032498088, 0.13501044628451717, -0.21871805143733275, 0.12560619967925774
flux1:, 1.6322841761955285, 0.011783657253261623, 0.0004866194021913717, 0.13449681845516598, -0.21182129486476262, 0.12429282400649527
flux1:, 1.6332665330661325, 0.011518623758221748, 0.00048492317306922275, 0.13392584308727434, -0.205277504316557, 0.123043013371648
flux1:, 1.6342488899367362, 0.011269750754365234, 0.00048485688821804564, 0.13329810966533098, -0.19905584113677507, 0.12184565441184154
flux1:, 1.6352312468073402, 0.011036205241022508, 0.0004862402100510799, 0.1326145702851146, -0.19312832056278, 0.12069087801563966
flux1:, 1.6362136036779442, 0.010817183135561808, 0.0004889035399923453, 0.13187651440998005, -0.18746962626605373, 0.11956997943006066
flux1:, 1.6371959605485482, 0.010611908962937965, 0.000492687665199198, 0.13108554300335135, -0.182056930228068, 0.11847534040860239
flux1:, 1.6381783174191522, 0.010419635510384875, 0.0004974434040014137, 0.13024354222043089, -0.17686971826776607, 0.11740035352651607
flux1:, 1.639160674289756, 0.0102396434495923, 0.0005030312509402518, 0.12935265683699368, -0.17188962149462672, 0.11633934877623205
flux1:, 1.64014303116036, 0.010071240928654307, 0.0005093210222432007, 0.12841526358579045, -0.167100253921236, 0.11528752254369067
flux1:, 1.641125388030964, 0.009913763136079782, 0.0005161915025279734, 0.12743394456418813, -0.16248705642951508, 0.11424086905338562
flux1:, 1.642107744901568, 0.009766571839060689, 0.000523530093480484, 0.1264114608675425, -0.15803714724665655, 0.11319611435745511
flux1:, 1.643090101772172, 0.009629054898203506, 0.00053123246521128, 0.12535072659454402, -0.15373917904964177, 0.11215065293153169
flux1:, 1.6440724586427757, 0.009500625760842579, 0.0005392022109464393, 0.12425478336054623, -0.14958320278222925, 0.11110248692813254
flux1:, 1.6450548155133797, 0.009380722935028552, 0.0005473505056690202, 0.12312677544534015, -0.14556053823429707, 0.11005016812610653
flux1:, 1.6460371723839837, 0.009268809446204658, 0.0005555957692785737, 0.12196992569101935, -0.14166365140151083, 0.10899274260324623
flux1:, 1.6470195292545877, 0.009164372278560585, 0.0005638633348018189, 0.12078751225518781, -0.13788603861293536, 0.10792969814778658
flux1:, 1.6480018861251917, 0.009066921802960202, 0.0005720851221356831, 0.11958284631383959, -0.13422211738597425, 0.10686091441383218
flux1:, 1.6489842429957955, 0.008975991193301568, 0.0005801993177720854, 0.11835925079732248, -0.13066712394100663, 0.10578661581505741
flux1:, 1.6499665998663995, 0.008891135833092442, 0.0005881500609088795, 0.11712004023177125, -0.12721701728418242, 0.10470732714156264
flux1:, 1.6509489567370035, 0.008811932713964354, 0.0005958871363125552, 0.11586850174779802, -0.12386838974348414, 0.10362383187504487
flux1:, 1.6519313136076075, 0.008737979827779949, 0.0006033656742636186, 0.11460787730727266, -0.12061838382277797, 0.10253713316880414
flux1:, 1.6529136704782115, 0.008668895553921023, 0.0006105458578749358, 0.11334134718883408, -0.11746461521951049, 0.10144841745074012
flux1:, 1.6538960273488152, 0.0086043180432819, 0.0006173926380411663, 0.11207201476240719, -0.11440510183520834, 0.1003590206000085
flux1:, 1.6548783842194192, 0.008543904600405917, 0.0006238754562402238, 0.1108028925732677, -0.11143819859233875, 0.09927039664062781
flux1:, 1.6558607410900232, 0.00848733106516404, 0.0006299679753766348, 0.10953688974682049, -0.10856253785855892, 0.09818408888920599
flux1:, 1.6568430979606272, 0.008434291195270307, 0.0006356478188251811, 0.10827680071609451, -0.10577697526765509, 0.09710170348776564
flux1:, 1.6578254548312312, 0.008384496050891975, 0.0006408963178002737, 0.10702529526579968, -0.10308054071710908, 0.0960248852477405
flux1:, 1.658807811701835, 0.008337673382511852, 0.0006456982671505111, 0.10578490987833965, -0.100472394314212, 0.09495529572607345
flux1:, 1.659790168572439, 0.008293567023161304, 0.0006500416896485196, 0.10455804036016123, -0.09795178703678706, 0.0938945934509123
flux1:, 1.660772525443043, 0.008251936286054114, 0.0006539176088192967, 0.10334693571971791, -0.09551802586954583, 0.09284441621039552
flux1:, 1.661754882313647, 0.008212555368586328, 0.0006573198303279394, 0.10215369326202933, -0.09317044317425498, 0.09180636531542881
flux1:, 1.662737239184251, 0.00817521276361365, 0.0006602447319199518, 0.10098025485919068, -0.09090837005015094, 0.09078199174491042
flux1:, 1.6637195960548548, 0.008139710678832346, 0.000662691061889642, 0.0998284043509699, -0.0887311134406251, 0.08977278408013739
flux1:, 1.6647019529254587, 0.008105864465050698, 0.000664659746027438, 0.09869976602538212, -0.08663793674303669, 0.08878015813378258
flux1:, 1.6656843097960627, 0.00807350205404324, 0.0006661537029800274, 0.09759580412468602, -0.08462804368091509, 0.08780544817821521
flux1:, 1.6666666666666667, 0.008042463406654892, 0.0006671776679377777, 0.09651782331955909, -0.08270056520036556, 0.08684989967737065

Elapsed run time = 464.0682 s
