Using MPI version 4.0, 2 processes
-----------
Initializing structure...
Padding x to even number of grid points.
Halving computational cell along direction x
Halving computational cell along direction z
Splitting into 2 chunks by voxels
time for choose_chunkdivision = 0.00126004 s
Working in 3D dimensions.
Computational cell is 14.7 x 5.12 x 4.84 with resolution 50
     block, center = (0,0.331,0)
          size (1e+20,0.462,0.14)
          axes (1,0,0), (0,1,0), (0,0,1)
          dielectric constant epsilon diagonal = (4,4,4)
     block, center = (0,-0.331,0)
          size (1e+20,0.462,0.14)
          axes (1,0,0), (0,1,0), (0,0,1)
          dielectric constant epsilon diagonal = (4,4,4)
     cylinder, center = (1.29643,0.331,0)
          radius 0.1155, height 1e+20, axis (0, 0, 1)
          dielectric constant epsilon diagonal = (1,1,1)
     cylinder, center = (-1.29643,0.331,0)
          radius 0.1155, height 1e+20, axis (0, 0, 1)
          dielectric constant epsilon diagonal = (1,1,1)
     cylinder, center = (1.62643,0.331,0)
          radius 0.1155, height 1e+20, axis (0, 0, 1)
          dielectric constant epsilon diagonal = (1,1,1)
     cylinder, center = (-1.62643,0.331,0)
          radius 0.1155, height 1e+20, axis (0, 0, 1)
          dielectric constant epsilon diagonal = (1,1,1)
     cylinder, center = (1.95643,0.331,0)
          radius 0.1155, height 1e+20, axis (0, 0, 1)
          dielectric constant epsilon diagonal = (1,1,1)
     cylinder, center = (-1.95643,0.331,0)
          radius 0.1155, height 1e+20, axis (0, 0, 1)
          dielectric constant epsilon diagonal = (1,1,1)
     cylinder, center = (2.28643,0.331,0)
          radius 0.1155, height 1e+20, axis (0, 0, 1)
          dielectric constant epsilon diagonal = (1,1,1)
     cylinder, center = (-2.28643,0.331,0)
          radius 0.1155, height 1e+20, axis (0, 0, 1)
          dielectric constant epsilon diagonal = (1,1,1)
     ...(+ 58 objects not shown)...
time for set_epsilon = 19.3404 s
-----------
Meep progress: 0.01/20.499999618530275 = 0.0% done in 9.0s, 18379.5s to go
on time step 1 (time=0.01), 8.96984 s/step
Meep progress: 0.25/20.499999618530275 = 1.2% done in 13.0s, 1054.3s to go
on time step 25 (time=0.25), 0.168572 s/step
Meep progress: 0.48/20.499999618530275 = 2.3% done in 17.1s, 714.7s to go
on time step 48 (time=0.48), 0.179102 s/step
Meep progress: 0.71/20.499999618530275 = 3.5% done in 21.2s, 592.1s to go
on time step 71 (time=0.71), 0.178605 s/step
Meep progress: 0.9400000000000001/20.499999618530275 = 4.6% done in 25.3s, 527.3s to go
on time step 94 (time=0.94), 0.17821 s/step
     block, center = (0,0.331,0)
          size (1e+20,0.462,0.14)
          axes (1,0,0), (0,1,0), (0,0,1)
          dielectric constant epsilon diagonal = (4,4,4)
     block, center = (0,-0.331,0)
          size (1e+20,0.462,0.14)
          axes (1,0,0), (0,1,0), (0,0,1)
          dielectric constant epsilon diagonal = (4,4,4)
     cylinder, center = (1.29643,0.331,0)
          radius 0.1155, height 1e+20, axis (0, 0, 1)
          dielectric constant epsilon diagonal = (1,1,1)
     cylinder, center = (-1.29643,0.331,0)
          radius 0.1155, height 1e+20, axis (0, 0, 1)
          dielectric constant epsilon diagonal = (1,1,1)
     cylinder, center = (1.62643,0.331,0)
          radius 0.1155, height 1e+20, axis (0, 0, 1)
          dielectric constant epsilon diagonal = (1,1,1)
     cylinder, center = (-1.62643,0.331,0)
          radius 0.1155, height 1e+20, axis (0, 0, 1)
          dielectric constant epsilon diagonal = (1,1,1)
     cylinder, center = (1.95643,0.331,0)
          radius 0.1155, height 1e+20, axis (0, 0, 1)
          dielectric constant epsilon diagonal = (1,1,1)
     cylinder, center = (-1.95643,0.331,0)
          radius 0.1155, height 1e+20, axis (0, 0, 1)
          dielectric constant epsilon diagonal = (1,1,1)
     cylinder, center = (2.28643,0.331,0)
          radius 0.1155, height 1e+20, axis (0, 0, 1)
          dielectric constant epsilon diagonal = (1,1,1)
     cylinder, center = (-2.28643,0.331,0)
          radius 0.1155, height 1e+20, axis (0, 0, 1)
          dielectric constant epsilon diagonal = (1,1,1)
     ...(+ 58 objects not shown)...
Meep progress: 1.1500000000000001/20.499999618530275 = 5.6% done in 29.4s, 493.9s to go
on time step 115 (time=1.15), 0.191131 s/step
Meep progress: 1.3900000000000001/20.499999618530275 = 6.8% done in 33.4s, 459.3s to go
on time step 139 (time=1.39), 0.168915 s/step
Meep progress: 1.62/20.499999618530275 = 7.9% done in 37.5s, 437.2s to go
on time step 162 (time=1.62), 0.17849 s/step
Meep progress: 1.85/20.499999618530275 = 9.0% done in 41.6s, 419.6s to go
on time step 185 (time=1.85), 0.178414 s/step
Meep progress: 2.07/20.499999618530275 = 10.1% done in 45.7s, 407.2s to go
on time step 207 (time=2.07), 0.187095 s/step
Meep progress: 2.3000000000000003/20.499999618530275 = 11.2% done in 49.8s, 394.2s to go
on time step 230 (time=2.3), 0.177444 s/step
Meep progress: 2.5300000000000002/20.499999618530275 = 12.3% done in 53.9s, 383.1s to go
on time step 253 (time=2.53), 0.179097 s/step
Meep progress: 2.77/20.499999618530275 = 13.5% done in 58.0s, 371.2s to go
on time step 277 (time=2.77), 0.169103 s/step
Meep progress: 3.0/20.499999618530275 = 14.6% done in 62.3s, 363.3s to go
on time step 300 (time=3), 0.186037 s/step
Meep progress: 3.23/20.499999618530275 = 15.8% done in 66.4s, 354.9s to go
on time step 323 (time=3.23), 0.178584 s/step
Meep progress: 3.46/20.499999618530275 = 16.9% done in 70.5s, 347.2s to go
on time step 346 (time=3.46), 0.17868 s/step
Meep progress: 3.69/20.499999618530275 = 18.0% done in 74.6s, 339.8s to go
on time step 369 (time=3.69), 0.178243 s/step
Meep progress: 3.92/20.499999618530275 = 19.1% done in 78.7s, 332.8s to go
on time step 392 (time=3.92), 0.178034 s/step
Meep progress: 4.15/20.499999618530275 = 20.2% done in 82.7s, 325.9s to go
on time step 415 (time=4.15), 0.176009 s/step
Meep progress: 4.38/20.499999618530275 = 21.4% done in 86.8s, 319.6s to go
on time step 438 (time=4.38), 0.178311 s/step
Meep progress: 4.61/20.499999618530275 = 22.5% done in 90.9s, 313.4s to go
on time step 461 (time=4.61), 0.177955 s/step
Meep progress: 4.84/20.499999618530275 = 23.6% done in 95.1s, 307.5s to go
on time step 484 (time=4.84), 0.179267 s/step
Meep progress: 5.0600000000000005/20.499999618530275 = 24.7% done in 99.2s, 302.6s to go
on time step 506 (time=5.06), 0.186789 s/step
Meep progress: 5.3/20.499999618530275 = 25.9% done in 103.2s, 296.0s to go
on time step 530 (time=5.3), 0.168465 s/step
Meep progress: 5.53/20.499999618530275 = 27.0% done in 107.3s, 290.5s to go
on time step 553 (time=5.53), 0.178367 s/step
Meep progress: 5.76/20.499999618530275 = 28.1% done in 111.4s, 285.2s to go
on time step 576 (time=5.76), 0.179259 s/step
Meep progress: 5.99/20.499999618530275 = 29.2% done in 115.5s, 279.9s to go
on time step 599 (time=5.99), 0.178628 s/step
Meep progress: 6.21/20.499999618530275 = 30.3% done in 119.6s, 275.3s to go
on time step 621 (time=6.21), 0.186532 s/step
Meep progress: 6.44/20.499999618530275 = 31.4% done in 123.7s, 270.2s to go
on time step 644 (time=6.44), 0.178302 s/step
Meep progress: 6.68/20.499999618530275 = 32.6% done in 127.8s, 264.4s to go
on time step 668 (time=6.68), 0.168943 s/step
Meep progress: 6.91/20.499999618530275 = 33.7% done in 131.9s, 259.4s to go
on time step 691 (time=6.91), 0.178219 s/step
Meep progress: 7.13/20.499999618530275 = 34.8% done in 136.0s, 255.0s to go
on time step 713 (time=7.13), 0.186759 s/step
Meep progress: 7.36/20.499999618530275 = 35.9% done in 140.1s, 250.1s to go
on time step 736 (time=7.36), 0.178611 s/step
Meep progress: 7.59/20.499999618530275 = 37.0% done in 144.2s, 245.3s to go
on time step 759 (time=7.59), 0.178842 s/step
Meep progress: 7.83/20.499999618530275 = 38.2% done in 148.3s, 239.9s to go
on time step 783 (time=7.83), 0.168412 s/step
Meep progress: 8.05/20.499999618530275 = 39.3% done in 152.4s, 235.7s to go
on time step 805 (time=8.05), 0.186433 s/step
Meep progress: 8.28/20.499999618530275 = 40.4% done in 156.5s, 230.9s to go
on time step 828 (time=8.28), 0.177942 s/step
Meep progress: 8.51/20.499999618530275 = 41.5% done in 160.6s, 226.2s to go
on time step 851 (time=8.51), 0.178808 s/step
Meep progress: 8.74/20.499999618530275 = 42.6% done in 164.7s, 221.6s to go
on time step 874 (time=8.74), 0.179058 s/step
Meep progress: 8.97/20.499999618530275 = 43.8% done in 168.8s, 217.0s to go
on time step 897 (time=8.97), 0.178116 s/step
Meep progress: 9.200000000000001/20.499999618530275 = 44.9% done in 172.8s, 212.3s to go
on time step 920 (time=9.2), 0.175112 s/step
Meep progress: 9.43/20.499999618530275 = 46.0% done in 176.9s, 207.7s to go
on time step 943 (time=9.43), 0.178423 s/step
Meep progress: 9.66/20.499999618530275 = 47.1% done in 181.0s, 203.2s to go
on time step 966 (time=9.66), 0.179208 s/step
Meep progress: 9.89/20.499999618530275 = 48.2% done in 185.2s, 198.6s to go
on time step 989 (time=9.89), 0.178693 s/step
Meep progress: 10.11/20.499999618530275 = 49.3% done in 189.3s, 194.5s to go
on time step 1011 (time=10.11), 0.186584 s/step
Meep progress: 10.35/20.499999618530275 = 50.5% done in 193.3s, 189.6s to go
on time step 1035 (time=10.35), 0.168348 s/step
Meep progress: 10.58/20.499999618530275 = 51.6% done in 197.4s, 185.1s to go
on time step 1058 (time=10.58), 0.178105 s/step
Meep progress: 10.81/20.499999618530275 = 52.7% done in 201.5s, 180.6s to go
on time step 1081 (time=10.81), 0.178899 s/step
Meep progress: 11.03/20.499999618530275 = 53.8% done in 205.6s, 176.5s to go
on time step 1103 (time=11.03), 0.187032 s/step
Meep progress: 11.26/20.499999618530275 = 54.9% done in 209.7s, 172.1s to go
on time step 1126 (time=11.26), 0.178612 s/step
Meep progress: 11.49/20.499999618530275 = 56.0% done in 213.8s, 167.7s to go
on time step 1149 (time=11.49), 0.178539 s/step
Meep progress: 11.73/20.499999618530275 = 57.2% done in 217.9s, 162.9s to go
on time step 1173 (time=11.73), 0.169152 s/step
Meep progress: 11.96/20.499999618530275 = 58.3% done in 222.0s, 158.5s to go
on time step 1196 (time=11.96), 0.178619 s/step
Meep progress: 12.18/20.499999618530275 = 59.4% done in 226.1s, 154.5s to go
on time step 1218 (time=12.18), 0.186382 s/step
Meep progress: 12.41/20.499999618530275 = 60.5% done in 230.2s, 150.1s to go
on time step 1241 (time=12.41), 0.178728 s/step
Meep progress: 12.64/20.499999618530275 = 61.7% done in 234.3s, 145.7s to go
on time step 1264 (time=12.64), 0.178344 s/step
Meep progress: 12.88/20.499999618530275 = 62.8% done in 238.6s, 141.2s to go
on time step 1288 (time=12.88), 0.17856 s/step
Meep progress: 13.11/20.499999618530275 = 64.0% done in 242.7s, 136.8s to go
on time step 1311 (time=13.11), 0.176456 s/step
Meep progress: 13.34/20.499999618530275 = 65.1% done in 246.8s, 132.4s to go
on time step 1334 (time=13.34), 0.178147 s/step
Meep progress: 13.57/20.499999618530275 = 66.2% done in 250.9s, 128.1s to go
on time step 1357 (time=13.57), 0.178493 s/step
Meep progress: 13.8/20.499999618530275 = 67.3% done in 255.0s, 123.8s to go
on time step 1380 (time=13.8), 0.178921 s/step
Meep progress: 14.02/20.499999618530275 = 68.4% done in 259.1s, 119.8s to go
on time step 1402 (time=14.02), 0.186981 s/step
Meep progress: 14.26/20.499999618530275 = 69.6% done in 263.1s, 115.1s to go
on time step 1426 (time=14.26), 0.168123 s/step
Meep progress: 14.49/20.499999618530275 = 70.7% done in 267.3s, 110.8s to go
on time step 1449 (time=14.49), 0.179049 s/step
Meep progress: 14.72/20.499999618530275 = 71.8% done in 271.4s, 106.6s to go
on time step 1472 (time=14.72), 0.179228 s/step
Meep progress: 14.950000000000001/20.499999618530275 = 72.9% done in 275.5s, 102.3s to go
on time step 1495 (time=14.95), 0.178593 s/step
Meep progress: 15.17/20.499999618530275 = 74.0% done in 279.6s, 98.2s to go
on time step 1517 (time=15.17), 0.187153 s/step
Meep progress: 15.4/20.499999618530275 = 75.1% done in 283.7s, 94.0s to go
on time step 1540 (time=15.4), 0.178274 s/step
Meep progress: 15.64/20.499999618530275 = 76.3% done in 287.7s, 89.4s to go
on time step 1564 (time=15.64), 0.168289 s/step
Meep progress: 15.870000000000001/20.499999618530275 = 77.4% done in 291.8s, 85.1s to go
on time step 1587 (time=15.87), 0.178061 s/step
Meep progress: 16.09/20.499999618530275 = 78.5% done in 295.9s, 81.1s to go
on time step 1609 (time=16.09), 0.186607 s/step
Meep progress: 16.32/20.499999618530275 = 79.6% done in 300.0s, 76.8s to go
on time step 1632 (time=16.32), 0.177985 s/step
Meep progress: 16.55/20.499999618530275 = 80.7% done in 304.2s, 72.6s to go
on time step 1655 (time=16.55), 0.179392 s/step
Meep progress: 16.79/20.499999618530275 = 81.9% done in 308.2s, 68.1s to go
on time step 1679 (time=16.79), 0.169132 s/step
Meep progress: 17.01/20.499999618530275 = 83.0% done in 312.3s, 64.1s to go
on time step 1701 (time=17.01), 0.186411 s/step
Meep progress: 17.240000000000002/20.499999618530275 = 84.1% done in 316.4s, 59.8s to go
on time step 1724 (time=17.24), 0.177204 s/step
Meep progress: 17.47/20.499999618530275 = 85.2% done in 320.5s, 55.6s to go
on time step 1747 (time=17.47), 0.179162 s/step
Meep progress: 17.7/20.499999618530275 = 86.3% done in 324.6s, 51.4s to go
on time step 1770 (time=17.7), 0.179041 s/step
Meep progress: 17.93/20.499999618530275 = 87.5% done in 328.8s, 47.1s to go
on time step 1793 (time=17.93), 0.179141 s/step
Meep progress: 18.16/20.499999618530275 = 88.6% done in 332.8s, 42.9s to go
on time step 1816 (time=18.16), 0.176442 s/step
Meep progress: 18.39/20.499999618530275 = 89.7% done in 336.9s, 38.7s to go
on time step 1839 (time=18.39), 0.178422 s/step
Meep progress: 18.62/20.499999618530275 = 90.8% done in 341.0s, 34.4s to go
on time step 1862 (time=18.62), 0.178678 s/step
Meep progress: 18.85/20.499999618530275 = 92.0% done in 345.1s, 30.2s to go
on time step 1885 (time=18.85), 0.17879 s/step
Meep progress: 19.07/20.499999618530275 = 93.0% done in 349.3s, 26.2s to go
on time step 1907 (time=19.07), 0.187524 s/step
Meep progress: 19.31/20.499999618530275 = 94.2% done in 353.3s, 21.8s to go
on time step 1931 (time=19.31), 0.168473 s/step
Meep progress: 19.54/20.499999618530275 = 95.3% done in 357.4s, 17.6s to go
on time step 1954 (time=19.54), 0.178579 s/step
Meep progress: 19.77/20.499999618530275 = 96.4% done in 361.5s, 13.3s to go
on time step 1977 (time=19.77), 0.178992 s/step
Meep progress: 20.0/20.499999618530275 = 97.6% done in 365.8s, 9.1s to go
on time step 2000 (time=20), 0.186348 s/step
Meep progress: 20.23/20.499999618530275 = 98.7% done in 369.9s, 4.9s to go
on time step 2023 (time=20.23), 0.178621 s/step
Meep progress: 20.46/20.499999618530275 = 99.8% done in 374.0s, 0.7s to go
on time step 2046 (time=20.46), 0.178527 s/step
creating output file "./nanobeam-eps-000020.50.h5"...
creating output file "./nanobeam-ey-000020.50.h5"...
harminv0:, frequency, imag. freq., Q, |amp|, amplitude, error
harminv0:, frequency, imag. freq., Q, |amp|, amplitude, error
run 0 finished at t = 20.5 (2050 timesteps)
Generating MP4...
flux1:, 1.1764705882352942, 0.0010648086678776772, 0.00026929649879585085, 0.06493057802623703, -0.003984496675161464, -0.02609672390913237
flux1:, 1.1774529451058982, 0.0011045035274425325, 0.000253073309930738, 0.06557765902221566, -0.004686747452573931, -0.025992412050154134
flux1:, 1.1784353019765021, 0.001145609615313088, 0.0002361839305374567, 0.06625462730595041, -0.005406918686364214, -0.025887441699259692
flux1:, 1.179417658847106, 0.0011881501126493807, 0.0002186220190010389, 0.06696417211026189, -0.006144360662397408, -0.02578259009285555
flux1:, 1.18040001571771, 0.001232146899525141, 0.00020038243613841735, 0.06770912034242493, -0.006898432888251704, -0.025678651747549693
flux1:, 1.181382372588314, 0.0012776204346219547, 0.00018146133566186948, 0.06849243359898237, -0.007668522083947863, -0.025576429769361347
flux1:, 1.182364729458918, 0.001324589631744809, 0.00016185625656989396, 0.06931720414756766, -0.008454062517105496, -0.025476725890939366
flux1:, 1.183347086329522, 0.0013730717333142728, 0.00014156621729345193, 0.0701866498260488, -0.00925455881695664, -0.02538032915567075
flux1:, 1.1843294432001257, 0.0014230821810214775, 0.00012059181141405652, 0.07110410781343947, -0.010069611400857117, -0.025288003166651987
flux1:, 1.1853118000707297, 0.001474634483838749, 9.893530474885904e-05, 0.07207302723260951, -0.010898944645732416, -0.02520047181845846
flux1:, 1.1862941569413337, 0.0015277400836059918, 7.660073358456753e-05, 0.0730969605507934, -0.011742437934250755, -0.02511840342976225
flux1:, 1.1872765138119377, 0.0015824082184257829, 5.359400382321109e-05, 0.07417955375099877, -0.012600159702657121, -0.02504239319531094
flux1:, 1.1882588706825417, 0.0016386457841222623, 2.9922990787075822e-05, 0.07532453525516326, -0.013472404613221663, -0.024972943876793986
flux1:, 1.1892412275531457, 0.0016964571940377008, 5.597639411086339e-06, 0.07653570358867906, -0.014359733969470745, -0.02491044465347193
flux1:, 1.1902235844237494, 0.0017558442374573191, -1.9369935464442657e-05, 0.0778169137854059, -0.015263019486646852, -0.024855148055253847
flux1:, 1.1912059412943534, 0.0018168059369760331, -4.496534900603061e-05, 0.07917206254305033, -0.01618349052331508, -0.024807144903221213
flux1:, 1.1921882981649574, 0.0018793384051377288, -7.117184682638058e-05, 0.08060507214969417, -0.017122784872409636, -0.02476633718532454
flux1:, 1.1931706550355614, 0.0019434347006963553, -9.797020629013975e-05, 0.08211987321519561, -0.018083003201513632, -0.02473240879832774
flux1:, 1.1941530119061654, 0.0020090846848695946, -0.00012533863904185818, 0.08372038625360445, -0.019066767222766637, -0.024704794090742326
flux1:, 1.1951353687767692, 0.0020762748779719425, -0.00015325269512803664, 0.08541050217735977, -0.020077281662155583, -0.024682644145836215
flux1:, 1.1961177256473732, 0.0021449883168352286, -0.00018168516910127113, 0.08719406177852944, -0.02111840008672372, -0.024664790748674833
flux1:, 1.1971000825179772, 0.0022152044134394117, -0.00021060600851134897, 0.08907483428785672, -0.022194694635600355, -0.02464970798636779
flux1:, 1.1980824393885812, 0.0022868988151989868, -0.00023998222519952252, 0.09105649511908459, -0.023311529687617516, -0.02463547143661566
flux1:, 1.1990647962591852, 0.002360043267361736, -0.00026977780983086834, 0.09314260292270922, -0.024475139483758776, -0.02461971490605624
flux1:, 1.200047153129789, 0.002434605477998527, -0.0002999536501093108, 0.09533657609102959, -0.025692709707494404, -0.024599584686881698
flux1:, 1.201029510000393, 0.0025105489860741776, -0.00033046745313489265, 0.09764166887467512, -0.026972463010142105, -0.024571691307374636
flux1:, 1.202011866870997, 0.002587833033109558, -0.0003612736723731571, 0.10006094728914065, -0.02832374845108954, -0.024532058760181857
flux1:, 1.202994223741601, 0.002666412438952283, -0.00039232343971796926, 0.10259726500919246, -0.029757134805277762, -0.024476071200507647
flux1:, 1.203976580612205, 0.0027462374821946305, -0.00042356450313784744, 0.10525323946788173, -0.03128450767165767, -0.02439841711501909
flux1:, 1.2049589374828087, 0.0028272537857831725, -0.0004549411704049587, 0.1080312283966015, -0.03291917029722455, -0.02429303097188657
flux1:, 1.2059412943534127, 0.0029094022083788335, -0.00048639425941158864, 0.11093330706191537, -0.0346759480114898, -0.024153032371764988
flux1:, 1.2069236512240167, 0.0029926187420345703, -0.0005178610555852667, 0.11396124647414821, -0.036571296145753385, -0.02397066272993135
flux1:, 1.2079060080946207, 0.0030768344167682463, -0.0005492752769176218, 0.11711649286183898, -0.03862341129121142, -0.023737219529714932
flux1:, 1.2088883649652247, 0.00316197521261306, -0.0005805670471230538, 0.12040014872491014, -0.04085234572823356, -0.023442988198668323
flux1:, 1.2098707218358287, 0.0032479619797342123, -0.0006116628774456791, 0.12381295579728857, -0.0432801248383848, -0.023077171669365057
flux1:, 1.2108530787064324, 0.003334710367206367, -0.0006424856576298033, 0.12735528026734666, -0.045930867289025956, -0.02262781769812049
flux1:, 1.2118354355770364, 0.003422130761047473, -0.0006729546565665826, 0.13102710062081774, -0.0488309077586167, -0.022081744026322594
flux1:, 1.2128177924476404, 0.0035101282321018334, -0.0007029855331252334, 0.13482799848638866, -0.05200892195007852, -0.02142446148020571
flux1:, 1.2138001493182444, 0.003598602494374408, -0.0007324903576669485, 0.13875715287827123, -0.05549605361770763, -0.020640095116665518
flux1:, 1.2147825061888484, 0.003687447874402047, -0.0007613776447340761, 0.14281333824264925, -0.05932604331289145, -0.019711303533889935
flux1:, 1.2157648630594522, 0.0037765532922522473, -0.0007895523973901401, 0.14699492672630843, -0.06353535853320683, -0.018619196477178135
flux1:, 1.2167472199300562, 0.0038658022547304483, -0.00081691616367743, 0.15129989509463895, -0.0681633249402642, -0.017343250881139107
flux1:, 1.2177295768006602, 0.003955072861366065, -0.0008433671056371664, 0.15572583673335083, -0.07325225829237526, -0.015861225500947623
flux1:, 1.2187119336712642, 0.0040442378237380856, -0.0008688000813217114, 0.160269979173802, -0.07884759672064415, -0.014149074295346857
flux1:, 1.2196942905418682, 0.0041331644986889755, -0.0008931067402045252, 0.1649292075836135, -0.0849980329600167, -0.01218085873507049
flux1:, 1.220676647412472, 0.004221714935956906, -0.0009161756323697864, 0.1697000946647031, -0.09175564613152724, -0.009928659219471529
flux1:, 1.221659004283076, 0.004309745940741148, -0.0009378923318365034, 0.17457893739803057, -0.09917603265775193, -0.00736248579418361
flux1:, 1.22264136115368, 0.004397109151697395, -0.0009581395743424047, 0.17956180106782188, -0.10731843588086214, -0.00445018837057334
flux1:, 1.223623718024284, 0.004483651134830192, -0.0009767974098806912, 0.18464457099028242, -0.11624587394208676, -0.0011573666565354182
flux1:, 1.224606074894888, 0.004569213493734942, -0.0009937433702457068, 0.1898230123581442, -0.12602526547217338, 0.0025527199852620796
flux1:, 1.2255884317654917, 0.004653632996608266, -0.0010088526518102134, 0.19509283859746535, -0.13672755263562736, 0.006719242528635872
flux1:, 1.2265707886360957, 0.004736741720416743, -0.0010219983137096196, 0.20044978861347235, -0.14842782106655156, 0.011383891896313192
flux1:, 1.2275531455066997, 0.004818367212586783, -0.0010330514915724922, 0.20588971327902067, -0.161205416231591, 0.01659096796061275
flux1:, 1.2285355023773037, 0.004898332670540376, -0.001041881626884451, 0.2114086714921733, -0.17514405575503333, 0.022387467695939276
flux1:, 1.2295178592479077, 0.004976457139367102, -0.0010483567120281665, 0.21700303609864582, -0.19033193724386718, 0.02882317224435731
flux1:, 1.2305002161185117, 0.005052555727883635, -0.0010523435509886745, 0.22266960993996276, -0.20686184115507975, 0.03595073265396998
flux1:, 1.2314825729891155, 0.005126439843295554, -0.001053708035659565, 0.22840575224865198, -0.2248312282557051, 0.04382575405030366
flux1:, 1.2324649298597194, 0.00519791744462313, -0.0010523154376304543, 0.2342095155694959, -0.24434233123625101, 0.0525068780017433
flux1:, 1.2334472867303234, 0.005266793315024317, -0.0010480307152762652, 0.24007979333779494, -0.265502240051564, 0.062055862842851583
flux1:, 1.2344296436009274, 0.0053328693530838136, -0.0010407188359075946, 0.24601647819511352, -0.2884229805793762, 0.07253766172323921
flux1:, 1.2354120004715314, 0.005395944883103486, -0.0010302451126803474, 0.25202063106691747, -0.3132215862060811, 0.08402049815509537
flux1:, 1.2363943573421352, 0.005455816984366939, -0.001016475555894023, 0.2580946609681948, -0.3400201619712208, 0.09657593883895035
flux1:, 1.2373767142127392, 0.005512280839308981, -0.0009992772382453761, 0.26424251543906874, -0.3689459409273077, 0.1102789635555543
flux1:, 1.2383590710833432, 0.005565130100457535, -0.0009785186735300517, 0.27046988144659107, -0.40013133239945203, 0.12520803192125818
flux1:, 1.2393414279539472, 0.005614157275970419, -0.0009540702082191431, 0.27678439651814346, -0.4337139618602783, 0.14144514681495898
flux1:, 1.2403237848245512, 0.005659154133518906, -0.0009258044252639235, 0.2831958697984218, -0.4698367021690745, 0.15907591429733065
flux1:, 1.241306141695155, 0.005699912122230008, -0.0008935965594048936, 0.28971651264567844, -0.5086476959608061, 0.17818959985649688
flux1:, 1.242288498565759, 0.005736222812321419, -0.0008573249231963344, 0.2963611783029781, -0.5503003690088533, 0.19887918082921366
flux1:, 1.243270855436363, 0.005767878352017651, -0.0008168713428717265, 0.3031476100989073, -0.5949534344275648, 0.22124139486300268
flux1:, 1.244253212306967, 0.005794671941268179, -0.0007721216031093051, 0.3100966975479393, -0.6427708876242799, 0.2453767843021473
flux1:, 1.245235569177571, 0.005816398321725978, -0.000722965899675022, 0.31723273963490245, -0.6939219919559615, 0.2713897363988568
flux1:, 1.2462179260481747, 0.005832854282389599, -0.0006692992988474444, 0.32458371448092443, -0.748581255093392, 0.29938851927047705
flux1:, 1.2472002829187787, 0.005843839180242221, -0.0006110222024520319, 0.33218155450027487, -0.8069283961462932, 0.32948531354452515
flux1:, 1.2481826397893827, 0.005849155475163729, -0.0005480408172603127, 0.3400624260691389, -0.8691483036523446, 0.3617962396541227
flux1:, 1.2491649966599867, 0.005848609278327892, -0.0004802676274296301, 0.3482670126388389, -0.9354309845860039, 0.3964413807689457
flux1:, 1.2501473535305907, 0.005842010913237296, -0.00040762186859198257, 0.35684080013819547, -1.0059715045960802, 0.43354480136940104
flux1:, 1.2511297104011945, 0.005829175488484861, -0.00033003000212557585, 0.3658343634232214, -1.0809699197336966, 0.4732345614944109
flux1:, 1.2521120672717985, 0.005809923481270621, -0.0002474261880739343, 0.37530365244762454, -1.1606311999876595, 0.515642726717027
flux1:, 1.2530944241424025, 0.005784081330648826, -0.00015975275510770804, 0.385310276743916, -1.2451651449953205, 0.5609053739255134
flux1:, 1.2540767810130065, 0.005751482039410901, -6.696066586510559e-05, 0.3959217867269119, -1.3347862923529643, 0.6091625930103068
flux1:, 1.2550591378836105, 0.005711965783466533, 3.099002406480191e-05, 0.4072119502535929, -1.4297138190001848, 0.6605584845816095
flux1:, 1.2560414947542144, 0.0056653805275207365, 0.00013412971530351906, 0.4192610228024667, -1.5301714362039498, 0.7152411538635998
flux1:, 1.2570238516248182, 0.005611582645794577, 0.00024247882383462922, 0.4321560095679772, -1.6363872787169877, 0.7733627009346082
flux1:, 1.2580062084954222, 0.005550437546486517, 0.00035604735204529907, 0.4459909177038985, -1.748593788733601, 0.8350792075032075
flux1:, 1.2589885653660262, 0.005481820298624133, 0.00047483447360211834, 0.4608669968944148, -1.8670275953085285, 0.9005507204300593
flux1:, 1.2599709222366302, 0.00540561625990558, 0.0005988281341505359, 0.47689296638287704, -1.9919293899464008, 0.9699412322250316
flux1:, 1.2609532791072342, 0.0053217217040913605, 0.0007280046698659272, 0.4941852265467102, -2.1235437991102426, 1.0434186587661745
flux1:, 1.261935635977838, 0.005230044446464707, 0.0008623284459156628, 0.512868053074192, -2.2621192544255195, 1.121154814502033
flux1:, 1.262917992848442, 0.005130504465839834, 0.0010017515169200887, 0.533073771774334, -2.4079078613933227, 1.203325385414545
flux1:, 1.263900349719046, 0.005023034521567906, 0.0011462133115239753, 0.5549429120354956, -2.5611652674456145, 1.2901099000289689
flux1:, 1.26488270658965, 0.004907580763955894, 0.0012956403431982667, 0.5786243369435584, -2.722150530198767, 1.3816916987686192
flux1:, 1.265865063460254, 0.004784103336489552, 0.0014499459494122255, 0.6042753480750573, -2.8911259867745294, 1.478257901958371
flux1:, 1.266847420330858, 0.004652576968230125, 0.0016090300613058495, 0.6320617629968709, -3.0683571250674486, 1.5799993767842464
flux1:, 1.2678297772014617, 0.0045129915547307805, 0.0017727790059933856, 0.6621579635308615, -3.254112457837371, 1.6871107035179518
flux1:, 1.2688121340720657, 0.004365352725813768, 0.0019410653436162813, 0.6947469128808992, -3.4486634005063217, 1.7997901413144868
flux1:, 1.2697944909426697, 0.004209682398529805, 0.0021137477412429525, 0.730020139770814, -3.6522841535200654, 1.9182395938830459
flux1:, 1.2707768478132737, 0.004046019313622972, 0.0022906708856794745, 0.7681776878049353, -3.8652515901253808, 2.0426645753250354
flux1:, 1.2717592046838777, 0.0038744195538211387, 0.0024716654372262054, 0.8094280283382747, -4.087845150379703, 2.173274176419999
flux1:, 1.2727415615544815, 0.0036949570422778514, 0.002656548026363823, 0.8539879352329761, -4.320346742181617, 2.310281031623114
flux1:, 1.2737239184250855, 0.0035077240194979088, 0.002845121295304041, 0.9020823199786152, -4.563040650067551, 2.4539012870214947
flux1:, 1.2747062752956895, 0.0033128314970972098, 0.0030371739862720057, 0.9539440257676155, -4.816213452470311, 2.6043545694679104
flux1:, 1.2756886321662935, 0.0031104096867648496, 0.003232481078319987, 1.0098135792461251, -5.080153948077108, 2.7618639570876367
flux1:, 1.2766709890368975, 0.002900608402817923, 0.003430803974393274, 1.069938898798245, -5.355153091862379, 2.9266559513210315
flux1:, 1.2776533459075012, 0.0026835974367726612, 0.003631890740274083, 1.1345749583765226, -5.641503941294577, 3.098960450627693
flux1:, 1.2786357027781052, 0.0024595669023888306, 0.003835476396937161, 1.2039834060529229, -5.939501613131117, 3.2790107259401875
flux1:, 1.2796180596487092, 0.0022287275496828698, 0.004041283267737536, 1.2784321366455422, -6.249443251139465, 3.4670433979126605
flux1:, 1.2806004165193132, 0.0019913110464511723, 0.004249021381743401, 1.3581948179593362, -6.571628004968014, 3.663298415961416
flux1:, 1.2815827733899172, 0.001747570225895235, 0.0044583889343865315, 1.443550370381716, -6.906357020301082, 3.8680190390431477
flux1:, 1.282565130260521, 0.0014977792989965403, 0.004669072806487859, 1.5347823997799344, -7.253933440312749, 4.081451818065198
flux1:, 1.283547487131125, 0.0012422340303451212, 0.004880749142554601, 1.6321785838678469, -7.614662418319336, 4.303846579761683
flux1:, 1.284529844001729, 0.0009812518761955125, 0.005093083989103792, 1.7360300124348422, -7.9888511414083725, 4.5354564118094585
flux1:, 1.285512200872333, 0.0007151720835895351, 0.005305733993607051, 1.8466304820653077, -8.376808864687051, 4.776537648895745
flux1:, 1.286494557742937, 0.00044435574946124953, 0.0055183471644754175, 1.9642757462181795, -8.778846955664095, 5.027349859379777
flux1:, 1.2874769146135407, 0.00016918583871841235, 0.00573056369233567, 2.089262721784265, -9.195278948138036, 5.288155832126441
flux1:, 1.2884592714841447, -0.00010993283962366456, 0.00594201683266327, 2.2218886534885427, -9.62642060481538, 5.559221563014618
flux1:, 1.2894416283547487, -0.0003925736990925621, 0.006152333849637318, 2.362450237762558, -10.072589987748962, 5.840816240553295
flux1:, 1.2904239852253527, -0.0006782884859381098, 0.006361137020906234, 2.5112427079673934, -10.534107535528284, 6.1332122299660625
flux1:, 1.2914063420959567, -0.0009666074334944416, 0.006568044702716605, 2.668558883106306, -11.011296146003485, 6.4366850550264
flux1:, 1.2923886989665605, -0.0012570394612741664, 0.0067726724546875805, 2.834688182422369, -11.504481263182146, 6.75151337685759
flux1:, 1.2933710558371645, -0.0015490724192511979, 0.0069746342232575595, 3.009915608534977, -12.01399096678283, 7.077978968826727
flux1:, 1.2943534127077685, -0.0018421733776781636, 0.007173543582640989, 3.1945207020150077, -12.54015606277546, 7.416366686601595
flux1:, 1.2953357695783725, -0.0021357889626810117, 0.0073690150318892755, 3.3887764705508676, -13.08331017310909, 7.766964432353762
flux1:, 1.2963181264489765, -0.0024293457377649796, 0.00756066534643273, 3.5929482960937094, -13.643789822661011, 8.130063112028866
flux1:, 1.2973004833195805, -0.0027222506312531165, 0.007748114982243348, 3.8072928236032584, -14.22193452133262, 8.50595658453328
flux1:, 1.2982828401901843, -0.0030138914095684905, 0.007930989530527077, 4.032056835237123, -14.818086839052448, 8.894941601620047
flux1:, 1.2992651970607882, -0.003303637196157662, 0.008108921220618076, 4.26747611403653, -15.432592471350084, 9.297317737193628
flux1:, 1.3002475539313922, -0.003590839035733097, 0.008281550468517173, 4.513774301361355, -16.065800293028587, 9.713387304700468
flux1:, 1.3012299108019962, -0.003874830503407757, 0.008448527468269271, 4.771161752505517, -16.718062397366293, 10.143455261213246
flux1:, 1.3022122676726002, -0.004154928358167797, 0.008609513823156638, 5.039834395097132, -17.38973411816227, 10.587829096765939
flux1:, 1.303194624543204, -0.004430433240020437, 0.008764184213431501, 5.319972595033076, -18.08117403188756, 11.04681870746753
flux1:, 1.304176981413808, -0.00470063041004036, 0.008912228097100013, 5.611740034827925, -18.792743937085604, 11.520736250869275
flux1:, 1.305159338284412, -0.0049647905324178955, 0.0090533514400279, 5.915282609373723, -19.524808808136406, 12.00989598204311
flux1:, 1.306141695155016, -0.005222170497506399, 0.009187278471424429, 6.230727344188109, -20.2777367204456, 12.514614068809054
flux1:, 1.30712405202562, -0.005472014284750709, 0.00931375346053276, 6.5581813413000845, -21.051898744075626, 13.035208384525834
flux1:, 1.308106408896224, -0.005713553864269146, 0.00943254251015605, 6.897730757964939, -21.84766880284156, 13.571998276865832
flux1:, 1.3090887657668278, -0.0059460101357592795, 0.009543435362431232, 7.249439823415148, -22.665423495871938, 14.125304310995801
flux1:, 1.3100711226374318, -0.006168593903288319, 0.009646247212070762, 7.613349898848172, -23.50554187868886, 14.695447985603673
flux1:, 1.3110534795080357, -0.006380506884429137, 0.009740820522104636, 7.989478585815987, -24.368405200864668, 15.282751420230051
flux1:, 1.3120358363786397, -0.006580942752111143, 0.009827026836974171, 8.377818888124068, -25.254396597398884, 15.887537012407563
flux1:, 1.3130181932492437, -0.0067690882074506855, 0.009904768587659466, 8.778338432251948, -26.16390073102305, 16.510127063153423
flux1:, 1.3140005501198475, -0.006944124081746308, 0.009973980883369324, 9.190978751194644, -27.09730338275766, 17.15084336941987
flux1:, 1.3149829069904515, -0.007105226465733934, 0.01003463328417114, 9.615654636482379, -28.054990988137227, 17.810006782174792
flux1:, 1.3159652638610555, -0.0072515678641161966, 0.010086731548822623, 10.052253562950458, -29.037350116690728, 18.48793672887465
flux1:, 1.3169476207316595, -0.007382318373306378, 0.01013031935192141, 10.500635190649824, -30.044766892417908, 19.184950699172077
flux1:, 1.3179299776022635, -0.007496646880258056, 0.010165479964419615, 10.960630948036153, -31.07762635316703, 19.90136369282143
flux1:, 1.3189123344728673, -0.007593722280181713, 0.01019233789143951, 11.432043700340195, -32.13631174707306, 20.63748762884738
flux1:, 1.3198946913434713, -0.007672714710901651, 0.010211060461264005, 11.914647506726924, -33.221203764372, 21.39363071518521
flux1:, 1.3208770482140753, -0.007732796801537894, 0.010221859359326941, 12.408187469540247, -34.33267970323013, 22.170096778133928
flux1:, 1.3218594050846793, -0.007773144933168943, 0.010224992100984313, 12.912379678612558, -35.47111256842762, 22.967184551113526
flux1:, 1.3228417619552832, -0.007792940509074668, 0.010220763436836193, 13.426911253236748, -36.636870102080366, 23.785186922402666
flux1:, 1.323824118825887, -0.007791371232138308, 0.010209526684371107, 13.951440484040308, -37.830313745831475, 24.6243901416689
flux1:, 1.324806475696491, -0.007767632386950381, 0.01019168497972328, 14.485597076587577, -39.051797534326184, 25.485072985334305
flux1:, 1.325788832567095, -0.007720928124141806, 0.010167692443374933, 15.028982498120389, -40.30166692006591, 26.36750588098203
flux1:, 1.326771189437699, -0.007650472744459847, 0.01013805525370453, 15.581170428407694, -41.58025753015515, 27.27194999122595
flux1:, 1.327753546308303, -0.007555491980093485, 0.010103332622352705, 16.141707315228864, -42.88789385574695, 28.198656257685084
flux1:, 1.3287359031789068, -0.007435224270750976, 0.010064137665497052, 16.710113034533805, -44.224887875466536, 29.14786440591698
flux1:, 1.3297182600495108, -0.007288922032011832, 0.010021138165233331, 17.285881654865417, -45.5915376144013, 30.119801912392695
flux1:, 1.3307006169201148, -0.007115852913476663, 0.009975057215429033, 17.868482305122495, -46.988125640695344, 31.114682934844662
flux1:, 1.3316829737907188, -0.006915301044265202, 0.009926673746565957, 18.457360144267493, -48.41491750220877, 32.13270720754226
flux1:, 1.3326653306613228, -0.006686568263445504, 0.009876822924287413, 19.05193743106989, -49.872160106060136, 33.174058903309444
flux1:, 1.3336476875319265, -0.006428975333002748, 0.009826396416575584, 19.65161469149085, -51.36008004435045, 34.238905464331935
flux1:, 1.3346300444025305, -0.006141863131006344, 0.009776342524718382, 20.25577198080888, -52.8788818697766, 35.327396404072644
flux1:, 1.3356124012731345, -0.005824593822674441, 0.009727666173476835, 20.86377023710111, -54.428746325215464, 36.439662082851534
flux1:, 1.3365947581437385, -0.005476552007096648, 0.009681428756143688, 21.474952722200225, -56.00982853185539, 37.575812459877774
flux1:, 1.3375771150143425, -0.005097145837430602, 0.00963874783047302, 22.088646545781113, -57.62225614078572, 38.7359358248244
flux1:, 1.3385594718849465, -0.004685808112449364, 0.009600796661787314, 22.7041642677647, -59.2661274534456, 39.920097512240915
flux1:, 1.3395418287555503, -0.004241997337405208, 0.009568803609888696, 23.320805573769682, -60.94150951663568, 41.128338602319815
flux1:, 1.3405241856261543, -0.003765198752237132, 0.009544051356774238, 23.93785901793062, -62.64843619824776, 42.36067461185144
flux1:, 1.3415065424967583, -0.0032549253252228804, 0.009527875972505732, 24.554603826970713, -64.38690625022991, 43.6170941793418
flux1:, 1.3424888993673623, -0.002710718710298494, 0.009521665816999484, 25.17031175905797, -66.15688136559518, 44.89755774852533
flux1:, 1.3434712562379663, -0.002132150166318113, 0.009526860275884053, 25.784249010584393, -67.95828423670855, 46.2019962547422
flux1:, 1.34445361310857, -0.0015188214366431308, 0.009544948329016301, 26.395678163703245, -69.79099662230516, 47.53030981879129
flux1:, 1.345435969979174, -0.0008703655875537532, 0.00957746695066868, 27.003860167141443, -71.65485743104068, 48.882366453101234
flux1:, 1.346418326849778, -0.00018644780405855193, 0.009625999340861674, 27.60805634255012, -73.54966082959203, 50.25800078521295
flux1:, 1.347400683720382, 0.0005332338581972431, 0.009692172987772646, 28.207530408411536, -75.47515438357938, 51.65701280372669
flux1:, 1.348383040590986, 0.001288947766135905, 0.009777657561628206, 28.801550513339933, -77.43103723978524, 53.07916663201289
flux1:, 1.34936539746159, 0.002080928048640006, 0.009884162640974352, 29.389391270442935, -79.416958358264, 54.524189335092565
flux1:, 1.3503477543321938, 0.0029093739831330626, 0.010013435272707564, 29.970335784309032, -81.43251480311793, 55.99176976519938
flux1:, 1.3513301112027978, 0.0037744494301952146, 0.010167257367752293, 30.54367766210143, -83.4772501008084, 57.481557451629406
flux1:, 1.3523124680734018, 0.0046762823169814866, 0.010347442934779839, 31.108723000207892, -85.55065267485142, 58.99316154052373
flux1:, 1.3532948249440058, 0.005614964170080771, 0.010555835154865939, 31.66479233791463, -87.65215436586827, 60.52614979027397
flux1:, 1.3542771818146098, 0.006590549698329222, 0.010794303300506364, 32.211222569625484, -89.7811290458643, 62.080047628256956
flux1:, 1.3552595386852135, 0.00760305642600381, 0.011064739502915392, 32.747368807232235, -91.93689133555834, 63.654337274573145
flux1:, 1.3562418955558175, 0.00865246437668832, 0.011369055372058644, 33.27260618442678, -94.11869543345699, 65.24845693846484
flux1:, 1.3572242524264215, 0.009738715807991533, 0.011709178474363013, 33.786331594871925, -96.32573406529266, 66.86180009297898
flux1:, 1.3582066092970255, 0.010861714997205901, 0.012087048673576593, 34.2879653564495, -98.55713756211551, 68.49371483337839
flux1:, 1.3591889661676295, 0.012021328077862752, 0.012504614340737297, 34.776952794028794, -100.8119730751977, 70.14350332469732
flux1:, 1.3601713230382333, 0.013217382927051456, 0.01296382843971395, 35.252765733541665, -103.08924393556546, 71.81042134364804
flux1:, 1.3611536799088373, 0.014449669103258917, 0.013466644495259238, 35.71490390050037, -105.38788916568781, 73.49367791998243
flux1:, 1.3621360367794413, 0.015717937834381336, 0.014015012451000177, 36.162896216498645, -107.70678315036974, 75.19243508214524
flux1:, 1.3631183936500453, 0.017021902055469773, 0.014610874425249314, 36.59630198767106, -110.04473547366109, 76.90580771187594
flux1:, 1.3641007505206493, 0.018361236495685634, 0.015256160372966203, 37.01471197955371, -112.40049092793407, 78.63286351215774
flux1:, 1.365083107391253, 0.019735577813824196, 0.01595278366263309, 37.41774937330974, -114.77272970093684, 80.37262309259793
flux1:, 1.366065464261857, 0.02114452478170148, 0.016702636577232182, 37.80507059879844, -117.16006774599478, 82.12406017609649
flux1:, 1.367047821132461, 0.022587638514626026, 0.01750758574889084, 38.17636604055202, -119.5610573400075, 83.88610193023075
flux1:, 1.368030178003065, 0.024064442748077793, 0.018369467537153957, 38.53136061331194, -121.97418783324659, 85.65762942652965
flux1:, 1.369012534873669, 0.025574424159642496, 0.019290083361186143, 38.86981420438145, -124.39788659433624, 87.43747823034666
flux1:, 1.3699948917442728, 0.027117032735226813, 0.020271194996539232, 39.191521980691775, -126.8305201530895, 89.22443912372391
flux1:, 1.3709772486148768, 0.028691682178458387, 0.021314519847421196, 39.49631455913742, -129.27039554321718, 91.01725896315654
flux1:, 1.3719596054854808, 0.030297750362151755, 0.022421726205686346, 39.78405803938093, -131.71576184611166, 92.81464167374621
flux1:, 1.3729419623560848, 0.03193457982068632, 0.023594428508010034, 40.05465389901201, -134.16481193627956, 94.61524938082711
flux1:, 1.3739243192266888, 0.033601478282046196, 0.024834182602936967, 40.30803875162326, -136.6156844280764, 96.41770367957812
flux1:, 1.3749066760972926, 0.03529771923828339, 0.026142481039673805, 40.54418396902499, -139.06646582273603, 98.22058704271976
flux1:, 1.3758890329678966, 0.037022542553100626, 0.02752074839067085, 40.76309516953027, -141.51519285375025, 100.02244436592908
flux1:, 1.3768713898385005, 0.038775155105228075, 0.028970336620145663, 40.964811574889545, -143.95985502804317, 101.821784649937
flux1:, 1.3778537467091045, 0.04055473146626327, 0.030492520510799995, 41.149405239084025, -146.39839735928652, 103.6170828179863
flux1:, 1.3788361035797085, 0.042360414611580334, 0.03208849316105827, 41.316980152934384, -148.8287232891643, 105.40678166658842
flux1:, 1.3798184604503125, 0.04419131666295618, 0.03375936156514734, 41.46767122896696, -151.24869779138476, 107.18929394713369
flux1:, 1.3808008173209163, 0.04604651966151759, 0.03550614228834864, 41.601643171711736, -153.6561506524937, 108.96300457530134
flux1:, 1.3817831741915203, 0.04792507636961965, 0.03732975724970445, 41.71908923913032, -156.0488799227773, 110.7262729647401
flux1:, 1.3827655310621243, 0.049826011100268665, 0.03923102962436909, 41.820229901422024, -158.42465552965982, 112.47743548091756
flux1:, 1.3837478879327283, 0.051748320572715514, 0.04121067987767194, 41.90531140400609, -160.7812230453486, 114.2148080105334
flux1:, 1.3847302448033323, 0.05369097479284194, 0.04326932194282177, 41.974604241950914, -163.11630759961488, 115.9366886414178
flux1:, 1.3857126016739363, 0.05565291795700177, 0.045407459553969395, 42.028401553570696, -165.4276179279861, 117.64136044727447
flux1:, 1.38669495854454, 0.05763306937796324, 0.04762548274611035, 42.067017441325326, -167.71285054485048, 119.32709437113789
flux1:, 1.387677315415144, 0.05963032443165782, 0.049923664533081606, 42.09078522853366, -169.9696940303494, 120.99215220103899
flux1:, 1.388659672285748, 0.061643555523449675, 0.05230215777454259, 42.10005566069832, -172.1958334193296, 122.63478963077779
flux1:, 1.389642029156352, 0.06367161307266543, 0.05476099224256052, 42.0951950605747, -174.388954680011, 124.2532593983708
flux1:, 1.390624386026956, 0.0657133265141645, 0.05730007189797555, 42.07658344626055, -176.54674926950906, 125.84581449427372
flux1:, 1.3916067428975598, 0.0677675053157693, 0.05991917238639569, 42.04461262186197, -178.66691875288012, 127.41071143111917
flux1:, 1.3925890997681638, 0.06983294001039923, 0.06261793876315658, 41.99968425029243, -180.74717947185442, 128.94621356632388
flux1:, 1.3935714566387678, 0.07190840324179985, 0.06539588345613703, 41.942207917947144, -182.78526724914636, 130.45059446860526
flux1:, 1.3945538135093718, 0.07399265082279725, 0.0682523844748535, 41.87259920092725, -184.7789421137084, 131.9221413191083
flux1:, 1.3955361703799758, 0.07608442280505, 0.07118668387365969, 41.79127774250232, -186.72599303231624, 133.3591583376622
flux1:, 1.3965185272505796, 0.07818244455930688, 0.07419788647634604, 41.6986653513835, -188.62424263234217, 134.75997022429974
flux1:, 1.3975008841211836, 0.0802854278652388, 0.07728495886887067, 41.59518413025582, -190.47155190061775, 136.12292560612036
flux1:, 1.3984832409917876, 0.08239207200992558, 0.08044672866627588, 41.48125464379614, -192.26582484314366, 137.44640047931776
flux1:, 1.3994655978623916, 0.08450106489415551, 0.08368188405926928, 41.357294135196994, -194.00501309038705, 138.72880163612493
flux1:, 1.4004479547329955, 0.08661108414572108, 0.08698897364523, 41.223714799883524, -195.68712043287303, 139.96857006625265
flux1:, 1.4014303116035993, 0.08872079823891416, 0.09036640654777575, 41.08092212478429, -197.3102072720174, 141.1641843224962
flux1:, 1.4024126684742033, 0.09082886761950582, 0.0938124528282632, 40.929313301129845, -198.8723949711584, 142.314163840004
flux1:, 1.4033950253448073, 0.09293394583452631, 0.09732524419193031, 40.76927571830386, -200.37187009212133, 143.41707219888838
flux1:, 1.4043773822154113, 0.09503468066613051, 0.10090277499062063, 40.601185545818105, -201.8068885027819, 144.471520319824
flux1:, 1.4053597390860153, 0.09712971526898682, 0.10454290352331311, 40.42540640993915, -203.17577934167468, 145.47616958246994
flux1:, 1.406342095956619, 0.0992176893105477, 0.10824335363488446, 40.24228817097334, -204.47694882583016, 146.4297348566488
flux1:, 1.407324452827223, 0.1012972401136654, 0.11200171661282794, 40.05216580662885, -205.7088838887994, 147.33098743644496
flux1:, 1.408306809697827, 0.10336700380098483, 0.11581545338080824, 39.85535840622719, -206.87015563614756, 148.1787578676789
flux1:, 1.409289166568431, 0.10542561644063411, 0.11968189698723888, 39.6521682799664, -207.95942260640086, 148.97193865934676
flux1:, 1.410271523439035, 0.10747171519268339, 0.12359825538622524, 39.44288018671041, -208.97543382599903, 149.7094868700833
flux1:, 1.4112538803096388, 0.1095039394559165, 0.12756161450748632, 39.22776068315922, -209.9170316476745, 150.3904265609878
flux1:, 1.4122362371802428, 0.11152093201444015, 0.1315689416110848, 39.0070575965144, -210.78315436224125, 151.01385110656378
flux1:, 1.4132185940508468, 0.11352134018367245, 0.13561708892200963, 38.780999622111466, -211.5728385746307, 151.5789253558942
flux1:, 1.4142009509214508, 0.11550381695527741, 0.13970279753896525, 38.54979604673323, -212.28522133592722, 152.08488763680174
flux1:, 1.4151833077920548, 0.11746702214057975, 0.14382270161088787, 38.31363659763741, -212.91954202400112, 152.5310515959771
flux1:, 1.4161656646626586, 0.11940962351202504, 0.14797333277402902, 38.072691416644595, -213.4751439661096, 152.91680786883003
flux1:, 1.4171480215332626, 0.1213302979422265, 0.15215112484175608, 37.82711115788764, -213.95147579801585, 153.24162557324067
flux1:, 1.4181303784038666, 0.12322773254014426, 0.15635241873843878, 37.57702720719376, -214.3480925549419, 153.50505362192234
flux1:, 1.4191127352744706, 0.1251006257839072, 0.16057346766817615, 37.32255202036586, -214.66465649076483, 153.70672184890034
flux1:, 1.4200950921450746, 0.1269476886498069, 0.1648104425084502, 37.06377957699149, -214.90093762282845, 153.8463419459636
flux1:, 1.4210774490156786, 0.12876764573694433, 0.16905943741813556, 36.80078594576336, -215.05681400080942, 153.9237082057979
flux1:, 1.4220598058862823, 0.1305592363869856, 0.17331647564869931, 36.53362995673484, -215.13227169898283, 153.9386980690347
flux1:, 1.4230421627568863, 0.13232121579849873, 0.17757751554684753, 36.26235397530226, -215.1274045324357, 153.89127247328142
flux1:, 1.4240245196274903, 0.13405235613524544, 0.18183845673632096, 35.98698477223118, -215.0424134986251, 153.7814760025576
flux1:, 1.4250068764980943, 0.13575144762783434, 0.18609514646601702, 35.70753448348279, -214.87760594686068, 153.60943683663032
flux1:, 1.4259892333686983, 0.1374172996680772, 0.19034338611113863, 35.42400165318355, -214.63339447911625, 153.37536650010688
flux1:, 1.4269715902393023, 0.1390487418953507, 0.1945789378136261, 35.136372352621244, -214.31029558673015, 153.07955941204105
flux1:, 1.427953947109906, 0.14064462527421734, 0.19879753124766494, 34.844621367802766, -213.90892802846963, 152.7223922373533
flux1:, 1.42893630398051, 0.14220382316258412, 0.20299487049577425, 34.54871344775767, -213.43001095627986, 152.30432304214833
flux1:, 1.429918660851114, 0.1437252323695212, 0.20716664102053842, 34.248604605497846, -212.87436179612484, 151.8258902555599
flux1:, 1.430901017721718, 0.1452077742019245, 0.21130851671684697, 33.94424346329997, -212.24289389210395, 151.28771144159526
flux1:, 1.431883374592322, 0.14665039549910472, 0.21541616702914193, 33.63557263382045, -211.53661392281697, 150.69048188489387
flux1:, 1.4328657314629258, 0.14805206965435827, 0.21948526411807093, 33.322530128365635, -210.7566190999249, 150.0349729950557
flux1:, 1.4338480883335298, 0.14941179762252516, 0.2235114900606898, 33.005050783624625, -209.9040941594303, 149.32203053484545
flux1:, 1.4348304452041338, 0.1507286089124845, 0.2274905440682277, 32.68306769808911, -208.9803081570096, 148.55257267802236
flux1:, 1.4358128020747378, 0.1520015625635262, 0.23141814970542174, 32.356513669435756, -207.98661107935237, 147.72758790325608
flux1:, 1.4367951589453418, 0.15322974810444837, 0.23529006209528347, 32.025322624197216, -206.92443028407192, 146.84813273101926
flux1:, 1.4377775158159456, 0.15441228649421113, 0.23910207509322642, 31.689431031203398, -205.79526678129048, 145.91532931091356
flux1:, 1.4387598726865496, 0.15554833104295984, 0.24285002841451137, 31.348779290404888, -204.60069137048112, 144.93036286737797
flux1:, 1.4397422295571536, 0.1566370683121272, 0.24652981469905466, 31.003313088943347, -203.34234064658233, 143.8944790120351
flux1:, 1.4407245864277576, 0.1576777189923456, 0.2501373864977747, 30.652984716580693, -202.0219128897343, 142.80898093158294
flux1:, 1.4417069432983616, 0.15866953875785164, 0.25366876316483006, 30.297754332916536, -200.64116385333458, 141.6752264602499
flux1:, 1.4426893001689653, 0.15961181909601269, 0.2571200376403407, 29.937591179166894, -199.20190246529637, 140.494625046326
flux1:, 1.4436716570395693, 0.16050388811059726, 0.26048738310841624, 29.572474727677182, -197.70598645752875, 139.26863462260317
flux1:, 1.4446540139101733, 0.16134511129737697, 0.26376705951561813, 29.202395762761636, -196.15531793886726, 137.99875839059067
flux1:, 1.4456363707807773, 0.1621348922906378, 0.2669554199353771, 28.827357386921758, -194.5518389265761, 136.68654152889792
flux1:, 1.4466187276513813, 0.16287267357914426, 0.27004891676419057, 28.44737594698977, -192.89752685162807, 135.33356783610077
flux1:, 1.447601084521985, 0.16355793719010905, 0.2730441077359192, 28.062481875264332, -191.19439005277235, 133.9414563186511
flux1:, 1.448583441392589, 0.16419020533968456, 0.2759376617409023, 27.672720441242305, -189.4444632743375, 132.51185773444328
flux1:, 1.449565798263193, 0.1647690410485283, 0.278726364437145, 27.278152410116007, -187.64980318243033, 131.04645110271235
flux1:, 1.450548155133797, 0.16529404872095904, 0.28140712364133436, 26.87885460477418, -185.81248391384727, 129.5469401909541
flux1:, 1.451530512004401, 0.16576487468625534, 0.2839769744880107, 26.474920368670293, -183.93459267186606, 128.01504998945163
flux1:, 1.4525128688750049, 0.16618120770064435, 0.2864330843458014, 26.066459927470852, -182.01822538244883, 126.4525231839799
flux1:, 1.4534952257456089, 0.16654277940856657, 0.28877275748025966, 25.653600648051025, -180.0654824241183, 124.86111663716122
flux1:, 1.4544775826162128, 0.16684936476179607, 0.29099343945345685, 25.236487194000055, -178.07846444415355, 123.24259788866321
flux1:, 1.4554599394868168, 0.16710078239507348, 0.29309272125120966, 24.815281577380954, -176.05926827325283, 121.59874168437123
flux1:, 1.4564422963574208, 0.167296894956892, 0.2950683431294479, 24.39016310713388, -174.00998295017058, 119.93132654434343
flux1:, 1.4574246532280246, 0.16743760939416313, 0.29691819817199205, 23.961328235076994, -171.9326858673134, 118.24213137910695
flux1:, 1.4584070100986286, 0.16752287718951184, 0.29864033555270403, 23.528990301037936, -169.8294390473315, 116.53293216356813
flux1:, 1.4593893669692326, 0.16755269455002123, 0.3002329634957514, 23.0933791792332, -167.70228556043097, 114.80549867743176
flux1:, 1.4603717238398366, 0.16752710254628592, 0.3016944519284726, 22.65474082853985, -165.55324609098093, 113.0615913207019
flux1:, 1.4613540807104406, 0.16744618720073065, 0.3030233348220935, 22.21333674983052, -163.38431566154014, 111.30295801239454
flux1:, 1.4623364375810444, 0.16731007952419555, 0.3042183122163479, 21.769443354051376, -161.19746052141576, 109.53133118019247
flux1:, 1.4633187944516486, 0.16711895549986672, 0.3052782519248261, 21.323351245176596, -158.99461520622276, 107.74842484831728
flux1:, 1.4643011513222524, 0.16687303601374906, 0.30620219091867557, 20.875364422623292, -156.77767977397477, 105.9559318304516
flux1:, 1.4652835081928564, 0.16657258673091668, 0.30698933638708076, 20.42579940811511, -154.54851722245567, 104.15552103397569
flux1:, 1.4662658650634603, 0.16621791791689816, 0.30763906647371514, 19.974984302357807, -152.30895109180986, 102.34883488138921
flux1:, 1.4672482219340643, 0.16580938420364946, 0.3081509306891917, 19.523257777214383, -150.06076325534977, 100.53748685415941
flux1:, 1.4682305788046683, 0.1653473842996751, 0.3085246500002901, 19.07096800938817, -147.80569190091344, 98.72305916378241
flux1:, 1.4692129356752721, 0.16483236064392778, 0.3087601165975397, 18.618471561855195, -145.54542970407056, 96.90710055425929
flux1:, 1.470195292545876, 0.16426479900328225, 0.3088573933435025, 18.16613221952251, -143.28162219382946, 95.09112423963613
flux1:, 1.47117764941648, 0.16364522801344936, 0.30881671290484525, 17.714319785767366, -141.01586631064072, 93.27660597976327
flux1:, 1.472160006287084, 0.1629742186633229, 0.30863847657206267, 17.263408846632746, -138.74970915559862, 91.4649822967618
flux1:, 1.473142363157688, 0.1622523837228975, 0.308323252771433, 16.81377750957133, -136.48464692921573, 89.6576488342546
flux1:, 1.4741247200282919, 0.1614803771149666, 0.3078717752744684, 16.365806123662, -134.22212405713876, 87.85595886076894
flux1:, 1.4751070768988959, 0.16065889323098248, 0.30728494111086746, 15.919875988253832, -131.96353249968976, 86.0612219182391
flux1:, 1.4760894337694999, 0.15978866619155932, 0.3065638081916159, 15.476368056940695, -129.71021124125278, 84.27470261593177
flux1:, 1.4770717906401039, 0.15887046905223262, 0.30570959264951597, 15.035661643732297, -127.46344595507917, 82.49761956968678
flux1:, 1.4780541475107078, 0.157905112955208, 0.3047236659050891, 14.598133138140593, -125.22446883824867, 80.7311444857177
flux1:, 1.4790365043813116, 0.15689344622797957, 0.3036075514663486, 14.164154735796131, -122.99445861117655, 78.97640138783939
flux1:, 1.4800188612519156, 0.15583635342979896, 0.30236292147153104, 13.734093190990354, -120.774540675344, 77.2344659864221
flux1:, 1.4810012181225196, 0.15473475434712464, 0.3009915929844128, 13.308308597358, -118.56578742261577, 75.50636518695133
flux1:, 1.4819835749931236, 0.15358960293928375, 0.29949552405231716, 12.887153202632357, -116.36921868886488, 73.79307673560005
flux1:, 1.4829659318637276, 0.1524018862357412, 0.2978768095374443, 12.470970263161378, -114.18580234444478, 72.09552899878722
flux1:, 1.4839482887343314, 0.15117262318643013, 0.29613767673253966, 12.0600929435385, -112.01645501354015, 70.4146008733113
flux1:, 1.4849306456049354, 0.1499028634667798, 0.29428048077235547, 11.654843266384944, -109.8620429141746, 68.75112182330182
flux1:, 1.4859130024755394, 0.14859368623916475, 0.2923076998527494, 11.255531116960777, -107.72338281043886, 67.10587203974725
flux1:, 1.4868953593461434, 0.14724619887259538, 0.2902219302695512, 10.862453306906357, -105.60124306823722, 65.47958271824422
flux1:, 1.4878777162167474, 0.14586153562261847, 0.2880258812896856, 10.47589270101754, -103.49634480568855, 63.87293645006929
flux1:, 1.4888600730873511, 0.14444085627346592, 0.28572236986724825, 10.096117410556078, -101.40936312928933, 62.286567721623285
flux1:, 1.4898424299579551, 0.14298534474460814, 0.2833143152175274, 9.723380056167837, -99.34092844674919, 60.72106351687663
flux1:, 1.4908247868285591, 0.14149620766396803, 0.2808047332620805, 9.35791710304941, -97.29162784751446, 59.17696401736958
flux1:, 1.4918071436991631, 0.13997467291012053, 0.2781967309581821, 8.999948270571618, -95.26200654192822, 57.65476339402604
flux1:, 1.4927895005697671, 0.13842198812590406, 0.27549350052605615, 8.649676018116066, -93.2525693500926, 56.15491068496314
flux1:, 1.4937718574403709, 0.13683941920595946, 0.27269831358738406, 8.307285108444539, -91.26378223160646, 54.67781075328535
flux1:, 1.4947542143109749, 0.13522824876074505, 0.2698145152286169, 7.972942249472679, -89.29607384743679, 53.22382531883309
flux1:, 1.4957365711815789, 0.13358977455969856, 0.26684551800265965, 7.646795814880301, -87.34983714552153, 51.793274057683746
flux1:, 1.4967189280521829, 0.131925307956206, 0.2637947958824038, 7.328975643561909, -85.42543096172307, 50.38643576326545
flux1:, 1.4977012849227869, 0.130236172297168, 0.26066587817957454, 7.019592917495824, -83.5231816281786, 49.00354956284864
flux1:, 1.4986836417933906, 0.12852370131993707, 0.2574623434422489, 6.71874011719235, -81.64338458133878, 47.644816183252495
flux1:, 1.4996659986639946, 0.1267892375394542, 0.2541878133442313, 6.426491053494812, -79.78630596220572, 46.310399259593105
flux1:, 1.5006483555345986, 0.1250341306284742, 0.2508459465793449, 6.142900974109517, -77.95218420184301, 45.000426681003006
flux1:, 1.5016307124052026, 0.12325973579373539, 0.24744043277349598, 5.8680067428915255, -76.14123158535558, 43.71499196732217
flux1:, 1.5026130692758066, 0.12146741215099632, 0.24397498642709836, 5.601827089553069, -74.35363578814028, 42.45415567087409
flux1:, 1.5035954261464104, 0.1196585211018374, 0.24045334090023238, 5.344362927146272, -72.58956137847221, 41.217946797562114
flux1:, 1.5045777830170146, 0.11783442471513322, 0.23687924245260245, 5.095597734368642, -70.84915128103184, 40.00636424170634
flux1:, 1.5055601398876184, 0.11599648411611045, 0.23325644435004658, 4.855497999456095, -69.1325281963515, 38.81937822917918
flux1:, 1.5065424967582224, 0.11414605788583702, 0.22958870104897441, 4.624013722185548, -67.43979597161619, 37.656931763601875
flux1:, 1.5075248536288264, 0.11228450047404852, 0.2258797624698231, 4.401078970271994, -65.77104091877547, 36.51894207057427
flux1:, 1.5085072104994304, 0.11041316062809298, 0.22213336837013492, 4.186612486253456, -64.12633307631624, 35.40530203512449
flux1:, 1.5094895673700344, 0.10853337984081331, 0.21835324282752686, 3.9805183407769023, -62.50572741156849, 34.31588162780539
flux1:, 1.5104719242406381, 0.10664649082008548, 0.21454308884233136, 3.782686628061022, -60.90926496085451, 33.250529315080676
flux1:, 1.5114542811112421, 0.10475381598271091, 0.21070658306927922, 3.5929941991861445, -59.336973905274014, 32.2090734499773
flux1:, 1.5124366379818461, 0.10285666597528581, 0.20684737068711437, 3.4113054287798494, -57.78887058038857, 31.1913236391206
flux1:, 1.5134189948524501, 0.1009563382245936, 0.20296906041452217, 3.23747301059798, -56.26496041847545, 30.197072082660892
flux1:, 1.5144013517230541, 0.09905411552002379, 0.19907521968031344, 3.0713387774736995, -54.76523882255447, 29.226094883808774
flux1:, 1.515383708593658, 0.09715126463039225, 0.19516936995522507, 2.912734541090854, -53.28969197169948, 28.278153324978092
flux1:, 1.516366065464262, 0.09524903495750049, 0.19125498225225315, 2.761482947065665, -51.83829755770714, 27.352995107841792
flux1:, 1.5173484223348659, 0.09334865722863954, 0.18733547280184265, 2.6173983408563966, -50.41102545346261, 26.450355554876637
flux1:, 1.5183307792054699, 0.0914513422301698, 0.18341419890778504, 2.480287640095428, -49.00783831382503, 25.56995877024657
flux1:, 1.5193131360760739, 0.08955827958419245, 0.1794944549890637, 2.3499512090238657, -47.62869211017696, 24.711518758162054
flux1:, 1.5202954929466777, 0.08767063657022628, 0.1755794688124287, 2.2261837308279206, -46.27353660011808, 23.87474049713412
flux1:, 1.5212778498172816, 0.08578955699368193, 0.17167239791985864, 2.108775073805482, -44.942315734147705, 23.059320968797948
flux1:, 1.5222602066878856, 0.08391616010283026, 0.16777632625457922, 1.9975111474504392, -43.63496800144027, 22.264950140263995
flux1:, 1.5232425635584896, 0.08205153955580173, 0.1638942609887289, 1.8921747447074304, -42.351426717107245, 21.491311899196727
flux1:, 1.5242249204290936, 0.08019676243908591, 0.16002912955525464, 1.7925463668448662, -41.091620253605605, 20.738084941089596
flux1:, 1.5252072772996974, 0.0783528683388101, 0.1561837768860359, 1.6984050275919302, -39.85547221915596, 20.00494360843111
flux1:, 1.5261896341703014, 0.07652086846599739, 0.1523609628577567, 1.6095290334009724, -38.64290158624704, 19.29155868169526
flux1:, 1.5271719910409054, 0.07470174483686053, 0.14856335994649691, 1.5256967369276506, -37.45382277347883, 18.597598122320825
flux1:, 1.5281543479115094, 0.0728964495090289, 0.1447935510914894, 1.4466872610546515, -36.28814568413318, 17.922727768028757
flux1:, 1.5291367047821134, 0.07110590387450061, 0.14105402776798545, 1.3722811910289299, -35.14577570499899, 17.266611981061377
flux1:, 1.5301190616527172, 0.06933099800999387, 0.1373471882687407, 1.3022612325365457, -34.02661366906524, 16.628914250077347
flux1:, 1.5311014185233212, 0.06757259008515966, 0.13367533619301555, 1.23641283379217, -32.930555785767915, 16.00929774663415
flux1:, 1.5320837753939252, 0.0658315058290901, 0.13004067914166992, 1.1745247699770118, -31.857493542527727, 15.40742583734187
flux1:, 1.5330661322645291, 0.06410853805532306, 0.12644532761636756, 1.116389688621663, -30.80731358132201, 14.822962552912081
flux1:, 1.5340484891351331, 0.06240444624548442, 0.1228912941205199, 1.0618046147853903, -29.779897554067226, 14.255573015471626
flux1:, 1.535030846005737, 0.060719956191526904, 0.11938049245915916, 1.0105714151421623, -28.775121960504812, 13.704923825618557
flux1:, 1.536013202876341, 0.0590557596964108, 0.11591473723451388, 0.962497220335295, -27.792857972307417, 13.170683410807342
flux1:, 1.536995559746945, 0.057412514332968304, 0.11249574353372599, 0.9173948052105996, -26.8329712469964, 12.65252233674397
flux1:, 1.537977916617549, 0.0557908432605113, 0.10912512680470174, 0.8750829267809279, -25.89532173520008, 12.150113583543291
flux1:, 1.538960273488153, 0.05419133509866583, 0.10580440291578362, 0.8353866200052351, -24.979763484677942, 11.663132788470525
flux1:, 1.5399426303587567, 0.052614543857787216, 0.10253498839463529, 0.7981374516957309, -24.086144444410614, 11.191258457140968
flux1:, 1.5409249872293607, 0.051060988925158146, 0.09931820084132295, 0.7631737330752322, -23.214306271898927, 10.73417214508053
flux1:, 1.5419073440999647, 0.04953115510612156, 0.09615525951040467, 0.730340691718523, -22.364084146700478, 10.291558611590707
flux1:, 1.5428897009705687, 0.04802549271911414, 0.0930472860564701, 0.6994906037968945, -21.535306593018817, 9.863105947859946
flux1:, 1.5438720578411727, 0.04654441774353625, 0.08999530543740959, 0.6704828877300011, -20.727795314026803, 9.44850568127686
flux1:, 1.5448544147117764, 0.045088312019221324, 0.0870002469693828, 0.6431841605145553, -19.94136504038643, 9.047452857888336
flux1:, 1.5458367715823806, 0.043657523496241545, 0.08406294552734747, 0.6174682581518682, -19.175823395242748, 8.659646104922121
flux1:, 1.5468191284529844, 0.0422523665336342, 0.08118414288474804, 0.5932162217352185, -18.430970777775745, 8.284787675272705
flux1:, 1.5478014853235884, 0.04087312224557806, 0.07836448918582435, 0.5703162508845243, -17.706600267157658, 7.922583475803617
flux1:, 1.5487838421941924, 0.039520038893476016, 0.07560454454389949, 0.5486636263218722, -17.002497548584152, 7.5727430812763705
flux1:, 1.5497661990647964, 0.0381933323222924, 0.07290478075883695, 0.5281606034799738, -16.318440862807652, 7.234979735662734
flux1:, 1.5507485559354004, 0.03689318643945723, 0.07026558314678279, 0.5087162791124894, -15.654200980387763, 6.90901034253237
flux1:, 1.5517309128060042, 0.035619753734557516, 0.06768725247522929, 0.49024643294195336, -15.009541201668736, 6.594555446140209
flux1:, 1.5527132696766082, 0.03437315583800062, 0.06517000699639217, 0.47267334643117753, -14.384217383264543, 6.291339204767007
flux1:, 1.5536956265472122, 0.033153484116768245, 0.06271398457183353, 0.45592560079843614, -13.77797799162212, 5.999089357785526
flux1:, 1.5546779834178162, 0.03196080030532363, 0.0603192448812576, 0.4399378564207669, -13.19056418403103, 5.71753718784174
flux1:, 1.5556603402884202, 0.030795137169730608, 0.05798577170842395, 0.4246506157762512, -12.621709917237903, 5.446417479454853
flux1:, 1.556642697159024, 0.029656499202956627, 0.055713475297114415, 0.4100099720711744, -12.071142083622727, 5.185468475250378
flux1:, 1.557625054029628, 0.028544863349345046, 0.053502194770147754, 0.3959673456807947, -11.538580674707926, 4.9344318309482
flux1:, 1.558607410900232, 0.027460179756197075, 0.051351700604487426, 0.38247921050279676, -11.02373897159025, 4.693052570135578
flux1:, 1.559589767770836, 0.02640237255040058, 0.049261697155573485, 0.3695068122800969, -10.526323761700207, 4.4610790397614215
flux1:, 1.56057212464144, 0.02537134063800847, 0.0472318252240589, 0.35701588089985636, -10.04603558114136, 4.238262867191622
flux1:, 1.5615544815120437, 0.024366958524689095, 0.045261664658280173, 0.34497633861209237, -9.582568981695234, 4.024358919574494
flux1:, 1.5625368383826477, 0.023389077154959175, 0.04335073698588753, 0.33336200604193583, -9.135612821443466, 3.8191252661707824
flux1:, 1.5635191952532517, 0.02243752476811006, 0.041498508068192434, 0.32215030779007536, -8.704850577819666, 3.6223231442120785
flux1:, 1.5645015521238557, 0.02151210776875808, 0.039704390770931804, 0.3113219793295055, -8.289960681780125, 3.4337169287601172
flux1:, 1.5654839089944597, 0.02061261160996149, 0.0379677476453235, 0.300860776813714, -7.89061687167941, 3.2530741069565785
flux1:, 1.5664662658650634, 0.01973880168686288, 0.036287893613424285, 0.29075319131414795, -7.5064885653388975, 3.0801652569629754
flux1:, 1.5674486227356674, 0.01889042423884608, 0.03466409865201342, 0.280988168898931, -7.1372412486980314, 2.9147640318144847
flux1:, 1.5684309796062714, 0.01806720725823457, 0.03309559046939518, 0.2715568378602986, -6.782536879388773, 2.756647148330949
flux1:, 1.5694133364768754, 0.01726886140356745, 0.031581557169699515, 0.262452244285903, -6.4420343034916545, 2.605594381156741
flux1:, 1.5703956933474794, 0.01649508091556095, 0.03012114989949297, 0.2536690970570711, -6.115389683693867, 2.461388561927481
flux1:, 1.5713780502180832, 0.015745544533880235, 0.02871348547170547, 0.24520352324349837, -5.802256937035822, 2.323815583504866
flux1:, 1.5723604070886872, 0.015019916412902743, 0.02735764896208704, 0.2370528347487148, -5.502288180400106, 2.1926644091496774
flux1:, 1.5733427639592912, 0.014317847034710889, 0.026052696273666485, 0.22921530694595654, -5.2151341818942685, 2.067727086457099
flux1:, 1.5743251208298952, 0.013638974117588977, 0.024797656664865865, 0.22168996993137086, -4.9404448162701255, 1.9487987658208656
flux1:, 1.5753074777004992, 0.012982923518372434, 0.02359153523720046, 0.2144764129080302, -4.677869522534159, 1.8356777231495243
flux1:, 1.576289834571103, 0.012349310127047784, 0.02243331537869725, 0.2075746021058461, -4.4270577619276255, 1.7281653865174758
flux1:, 1.577272191441707, 0.011737738752063057, 0.02132196115941318, 0.20098471253412764, -4.187659474477627, 1.626066366395241
flux1:, 1.578254548312311, 0.011147804994879431, 0.020256419675681505, 0.19470697376107912, -3.959325532369307, 1.5291884890754137
flux1:, 1.579236905182915, 0.010579096112354486, 0.01923562333993715, 0.1887415298138669, -3.7417081884270442, 1.4373428328808862
flux1:, 1.580219262053519, 0.010031191865616499, 0.01825849211321971, 0.18308831319831112, -3.5344615180594534, 1.350343766724101
flux1:, 1.5812016189241227, 0.009503665354167103, 0.017323935677697536, 0.17774693294636135, -3.3372418530798966, 1.268008990567081
flux1:, 1.5821839757947267, 0.008996083834006774, 0.01643085554677761, 0.17271657651423208, -3.1497082058879706, 1.1901595773208256
flux1:, 1.5831663326653307, 0.008508009518662834, 0.01557814711062034, 0.16799592527434298, -2.971522682576453, 1.116620015715846
flux1:, 1.5841486895359347, 0.008039000362066152, 0.014764701615090883, 0.16358308327028812, -2.8023508836067728, 1.047218253669891
flux1:, 1.5851310464065387, 0.00758861082229455, 0.013989408072427219, 0.15947551883526564, -2.6418622907900198, 0.9817857416833115
flux1:, 1.5861134032771425, 0.007156392605283937, 0.013251155102116876, 0.15567001861338547, -2.489730639395801, 0.9201574757925925
flux1:, 1.5870957601477467, 0.006741895387670075, 0.012548832700703404, 0.1521626534665953, -2.345634274313452, 0.8621720396255856
flux1:, 1.5880781170183504, 0.006344667518012037, 0.011881333939461626, 0.1489487557012369, -2.2092564892842024, 0.8076716451093986
flux1:, 1.5890604738889544, 0.005964256695703647, 0.011247556589078644, 0.146022907004606, -2.080285848324752, 0.7565021713992611
flux1:, 1.5900428307595584, 0.005600210626976354, 0.010646404670709271, 0.1433789364454004, -1.958416488565572, 0.7085132016130453
flux1:, 1.5910251876301624, 0.005252077657445385, 0.010076789932948511, 0.14100992786133043, -1.843348403831424, 0.6635580569772305
flux1:, 1.5920075445007664, 0.0049194073807447775, 0.009537633254477325, 0.13890823593246027, -1.734787708390055, 0.6214938280111703
flux1:, 1.5929899013713702, 0.004601751222843104, 0.00902786597230636, 0.13706551022090002, -1.6324468804051928, 0.5821814024027255
flux1:, 1.5939722582419742, 0.004298663001731452, 0.0085464311357491, 0.13547272644424685, -1.5360449847258948, 0.5454854892540554
flux1:, 1.5949546151125782, 0.0040096994622124335, 0.00809228468639896, 0.13412022424370598, -1.4453078747483972, 0.5112746394036373
flux1:, 1.5959369719831822, 0.0037344207856067468, 0.0076643965645720085, 0.13299775070560974, -1.359968373184471, 0.47942126156103604
flux1:, 1.5969193288537862, 0.0034723910742510094, 0.007261751742829524, 0.13209450889923402, -1.2797664316656894, 0.4498016340199703
flux1:, 1.59790168572439, 0.0032231788107212602, 0.006883351187338411, 0.13139921070111465, -1.2044492692079467, 0.42229591174676767
flux1:, 1.598884042594994, 0.0029863572917814014, 0.006528212747979365, 0.1309001331899212, -1.133771489649261, 0.3967881286725745
flux1:, 1.599866399465598, 0.002761505037115002, 0.006195371978244405, 0.13058517791207191, -1.0674951782612088, 0.3731661950490128
flux1:, 1.600848756336202, 0.0025482061729495084, 0.005883882886083307, 0.13044193233963336, -1.0053899778159179, 0.3513218897589747
flux1:, 1.601831113206806, 0.002346050790744876, 0.005592818616992836, 0.13045773286630963, -0.9472331444695158, 0.3311508475055718
flux1:, 1.6028134700774097, 0.002154635281164053, 0.005321272070738131, 0.130619728714871, -0.8928095838959437, 0.3125525408332717
flux1:, 1.6037958269480137, 0.0019735626435942954, 0.005068356453202265, 0.13091494615961138, -0.8419118681736197, 0.2954302569654665
flux1:, 1.6047781838186177, 0.0018024427715364606, 0.004833205764961958, 0.13133035250059671, -0.7943402339916256, 0.27969106947284716
flux1:, 1.6057605406892217, 0.0016408927142238742, 0.004614975228255932, 0.1318529192611218, -0.7499025628005838, 0.2652458048151777
flux1:, 1.6067428975598257, 0.0014885369148719442, 0.004412841654109515, 0.13246968411644924, -0.7084143435863408, 0.252009003826654
flux1:, 1.6077252544304295, 0.0013450074260021301, 0.004226003751434255, 0.1331678111003572, -0.6696986189935238, 0.23989887824186049
flux1:, 1.6087076113010335, 0.0012099441023168474, 0.004053682379988655, 0.13393464867464483, -0.6335859155679225, 0.22883726238351573
flux1:, 1.6096899681716375, 0.001082994771643125, 0.0038951207491475784, 0.1347577852871678, -0.5999141589243631, 0.218749560157295
flux1:, 1.6106723250422414, 0.0009638153844840223, 0.003749584564459306, 0.13562510208388281, -0.5685285746784855, 0.20956468752065502
flux1:, 1.6116546819128454, 0.0008520701427544043, 0.0036163621240246436, 0.13652482248100875, -0.5392815760081536, 0.20121501061274263
flux1:, 1.6126370387834492, 0.0007474316083001056, 0.003494764366758045, 0.137445558343561, -0.5120326387309259, 0.19363627975131542
flux1:, 1.6136193956540532, 0.0006495807918216545, 0.0033841248746129195, 0.13837635255638708, -0.4866481648007448, 0.18676755951899923
flux1:, 1.6146017525246572, 0.0005582072228505516, 0.0032837998308823035, 0.1393067178127793, -0.46300133513822006, 0.18055115517625753
flux1:, 1.6155841093952612, 0.0004730090014344422, 0.003193167936689941, 0.14022667148420748, -0.4409719527160616, 0.17493253565196018
flux1:, 1.6165664662658652, 0.00039369283221689247, 0.0031116302877975967, 0.1411267664711397, -0.420446276821888, 0.16986025337304855
flux1:, 1.617548823136469, 0.00031997404159798634, 0.003038610213852806, 0.14199811797111045, -0.4013168494193349, 0.16528586120482336
flux1:, 1.618531180007073, 0.00025157657868102567, 0.0029735530822000886, 0.14283242613415362, -0.38348231452058207, 0.1611638267808503
flux1:, 1.619513536877677, 0.00018823300071831462, 0.0029159260683625176, 0.1436219946077039, -0.3668472314736189, 0.1574514445071879
flux1:, 1.620495893748281, 0.00012968444377267334, 0.0028652178952886832, 0.1443597450042637, -0.35132188305143314, 0.15410874552995535
flux1:, 1.621478250618885, 7.56805793177063e-05, 0.002820938543438504, 0.1450392273533766, -0.33682207921395335, 0.15109840595752994
flux1:, 1.6224606074894887, 2.5979557504179618e-05, 0.002782618933756327, 0.14565462662611134, -0.32326895739045913, 0.1483856536294038
flux1:, 1.6234429643600927, -1.9652062184925162e-05, 0.002749810585548618, 0.1462007654446726, -0.31058878010689195, 0.1459381737228708
flux1:, 1.6244253212306967, -6.143939216608965e-05, 0.0027220852512520447, 0.14667310311228576, -0.29871273075450877, 0.14372601348639594
flux1:, 1.6254076781013007, -9.959930915211232e-05, 0.002699034530039839, 0.147067731118179, -0.2875767082670676, 0.14172148638451487
flux1:, 1.6263900349719047, -0.00013434055700265387, 0.002680269462170489, 0.14738136529070608, -0.2771211214415022, 0.13989907593418216
flux1:, 1.6273723918425085, -0.00016586385931717876, 0.0026654201059459898, 0.14761133478708857, -0.26729068360344427, 0.13823533950570768
flux1:, 1.6283547487131127, -0.0001943620410742629, 0.0026541350990881953, 0.14775556812142815, -0.2580342082830519, 0.13670881235406326
flux1:, 1.6293371055837165, -0.0002200201586264676, 0.002646081206307008, 0.14781257644433393, -0.2493044065304039, 0.13529991213733403
flux1:, 1.6303194624543205, -0.0002430156373742091, 0.002640942854766041, 0.14778143429591026, -0.24105768646038944, 0.13399084416946463
flux1:, 1.6313018193249245, -0.00026351841645477916, 0.002638421659110078, 0.14766175806124626, -0.2332539555795076, 0.13276550764385364
flux1:, 1.6322841761955285, -0.00028169109979405424, 0.0026382359376570966, 0.14745368236231093, -0.22585642640624903, 0.13160940305277238
flux1:, 1.6332665330661325, -0.0002976891128876546, 0.002640120221296121, 0.14715783462276716, -0.21883142585740714, 0.13050954101553128
flux1:, 1.6342488899367362, -0.0003116608646918075, 0.0026438247565829503, 0.14677530804394004, -0.2121482088320467, 0.12945435271559977
flux1:, 1.6352312468073402, -0.00032374791402117005, 0.002649115004454818, 0.1463076332288668, -0.20577877638489786, 0.12843360213347957
flux1:, 1.6362136036779442, -0.000334085139870338, 0.002655771135930713, 0.14575674868919652, -0.19969769884133243, 0.12743830024878186
flux1:, 1.6371959605485482, -0.00034280091509457925, 0.002663587526100696, 0.1451249704660916, -0.19388194416579285, 0.1264606213705582
flux1:, 1.6381783174191522, -0.0003500172829007545, 0.0026723722476429423, 0.14441496109040614, -0.18831071185787687, 0.1254938217413674
flux1:, 1.639160674289756, -0.0003558501356269972, 0.002681946565048627, 0.14362969810125584, -0.18296527261116483, 0.12453216054552001
flux1:, 1.64014303116036, -0.0003604093953012848, 0.002692144430665436, 0.14277244233369743, -0.1778288139334019, 0.12357082343828958
flux1:, 1.641125388030964, -0.00036379919549678813, 0.0027028119836194618, 0.1418467061780905, -0.17288629189060103, 0.1226058486980117
flux1:, 1.642107744901568, -0.0003661180640182106, 0.0027138070525976154, 0.14085622200281972, -0.16812428910268215, 0.12163405608926357
flux1:, 1.643090101772172, -0.0003674591059795101, 0.0027249986634249514, 0.13980491092235914, -0.16353087908485867, 0.1206529785108148
flux1:, 1.6440724586427757, -0.00036791018684949057, 0.0027362665523004417, 0.13869685208049384, -0.15909549699708175, 0.11966079648873867
flux1:, 1.6450548155133797, -0.000367554115067642, 0.002747500685502195, 0.1375362526071279, -0.15480881683334208, 0.11865627556133544
flux1:, 1.6460371723839837, -0.0003664688238515663, 0.00275860078630274, 0.13632741839419563, -0.15066263505362387, 0.11763870658953013
flux1:, 1.6470195292545877, -0.00036472755184185793, 0.0027694758697912013, 0.1350747258237793, -0.14664976063424912, 0.11660784901385622
flux1:, 1.6480018861251917, -0.0003623990222477164, 0.002780043786227562, 0.13378259456842326, -0.1427639114868219, 0.11556387706692062
flux1:, 1.6489842429957955, -0.00035954762018190224, 0.0027902307735077243, 0.13245546157046537, -0.13899961717180997, 0.11450732893845218
flux1:, 1.6499665998663995, -0.00035623356789123015, 0.0027999710192591937, 0.1310977562940935, -0.13535212781150618, 0.11343905887932289
flux1:, 1.6509489567370035, -0.0003525130976138453, 0.0028092062330356262, 0.12971387733087292, -0.1318173290862656, 0.11236019222005308
flux1:, 1.6519313136076075, -0.0003484386218097142, 0.002817885229024839, 0.12830817042633536, -0.1283916631797221, 0.111272083269689
flux1:, 1.6529136704782115, -0.00034405890053536476, 0.002825963519638461, 0.1268849079829188, -0.12507205552189443, 0.11017627605153504
flux1:, 1.6538960273488152, -0.00033941920575232163, 0.0028334029202994474, 0.12544827008180648, -0.12185584716445824, 0.10907446782388279
flux1:, 1.6548783842194192, -0.0003345614823750285, 0.0028401711656982, 0.12400232705460468, -0.11874073260872593, 0.10796847532558015
flux1:, 1.6558607410900232, -0.0003295245058897576, 0.0028462415377444013, 0.1225510236241118, -0.11572470289602603, 0.10686020367950229
flux1:, 1.6568430979606272, -0.00032434403638402737, 0.00285159250539761, 0.12109816462242191, -0.11280599375977135, 0.10575161788000534
flux1:, 1.6578254548312312, -0.0003190529688555739, 0.0028562073765190763, 0.11964740228446209, -0.10998303863065056, 0.10464471678495307
flux1:, 1.658807811701835, -0.00031368147967647487, 0.0028600739618460367, 0.11820222510474622, -0.10725442627937383, 0.1035415095272426
flux1:, 1.659790168572439, -0.0003082571691114652, 0.0028631842511558487, 0.11676594823645332, -0.1046188628765326, 0.10244399425674458
flux1:, 1.660772525443043, -0.0003028051998022967, 0.0028655341016498963, 0.11534170540303734, -0.10207513824503556, 0.10135413911925556
flux1:, 1.661754882313647, -0.000297348431146103, 0.0028671229385525627, 0.11393244228487719, -0.09962209607831848, 0.10027386537601339
flux1:, 1.662737239184251, -0.000291907549510758, 0.002867953467891012, 0.11254091133636634, -0.09725860789639237, 0.09920503256467475
flux1:, 1.6637195960548548, -0.00028650119424259487, 0.002868031401391074, 0.11116966798218406, -0.094983550511728, 0.0981494256005942
flux1:, 1.6647019529254587, -0.00028114607943795325, 0.002867365193396517, 0.1098210681362132, -0.09279578677820595, 0.09710874371584383
flux1:, 1.6656843097960627, -0.0002758571114595083, 0.0028659657896923704, 0.10849726698087156, -0.09069414939875908, 0.09608459113254636
flux1:, 1.6666666666666667, -0.00027064750219361005, 0.002863846388090956, 0.1072002189410206, -0.08867742757009436, 0.09507846936652098

Elapsed run time = 435.6538 s
