Using MPI version 4.0, 2 processes
-----------
Initializing structure...
Halving computational cell along direction x
Halving computational cell along direction z
Splitting into 2 chunks by voxels
time for choose_chunkdivision = 0.00110412 s
Working in 3D dimensions.
Computational cell is 14.7 x 5.125 x 4.85 with resolution 40
     block, center = (0,0.331,0)
          size (1e+20,0.462,0.14)
          axes (1,0,0), (0,1,0), (0,0,1)
          dielectric constant epsilon diagonal = (4,4,4)
     block, center = (0,-0.331,0)
          size (1e+20,0.462,0.14)
          axes (1,0,0), (0,1,0), (0,0,1)
          dielectric constant epsilon diagonal = (4,4,4)
     cylinder, center = (1.29643,0.331,0)
          radius 0.1155, height 1e+20, axis (0, 0, 1)
          dielectric constant epsilon diagonal = (1,1,1)
     cylinder, center = (-1.29643,0.331,0)
          radius 0.1155, height 1e+20, axis (0, 0, 1)
          dielectric constant epsilon diagonal = (1,1,1)
     cylinder, center = (1.62643,0.331,0)
          radius 0.1155, height 1e+20, axis (0, 0, 1)
          dielectric constant epsilon diagonal = (1,1,1)
     cylinder, center = (-1.62643,0.331,0)
          radius 0.1155, height 1e+20, axis (0, 0, 1)
          dielectric constant epsilon diagonal = (1,1,1)
     cylinder, center = (1.95643,0.331,0)
          radius 0.1155, height 1e+20, axis (0, 0, 1)
          dielectric constant epsilon diagonal = (1,1,1)
     cylinder, center = (-1.95643,0.331,0)
          radius 0.1155, height 1e+20, axis (0, 0, 1)
          dielectric constant epsilon diagonal = (1,1,1)
     cylinder, center = (2.28643,0.331,0)
          radius 0.1155, height 1e+20, axis (0, 0, 1)
          dielectric constant epsilon diagonal = (1,1,1)
     cylinder, center = (-2.28643,0.331,0)
          radius 0.1155, height 1e+20, axis (0, 0, 1)
          dielectric constant epsilon diagonal = (1,1,1)
     ...(+ 68 objects not shown)...
time for set_epsilon = 10.5725 s
-----------
Meep progress: 0.0125/45.39999961853027 = 0.0% done in 5.6s, 20178.8s to go
on time step 1 (time=0.0125), 5.55726 s/step
Meep progress: 0.55/45.39999961853027 = 1.2% done in 9.6s, 780.3s to go
on time step 44 (time=0.55), 0.0933025 s/step
     block, center = (0,0.331,0)
          size (1e+20,0.462,0.14)
          axes (1,0,0), (0,1,0), (0,0,1)
          dielectric constant epsilon diagonal = (4,4,4)
     block, center = (0,-0.331,0)
          size (1e+20,0.462,0.14)
          axes (1,0,0), (0,1,0), (0,0,1)
          dielectric constant epsilon diagonal = (4,4,4)
     cylinder, center = (1.29643,0.331,0)
          radius 0.1155, height 1e+20, axis (0, 0, 1)
          dielectric constant epsilon diagonal = (1,1,1)
     cylinder, center = (-1.29643,0.331,0)
          radius 0.1155, height 1e+20, axis (0, 0, 1)
          dielectric constant epsilon diagonal = (1,1,1)
     cylinder, center = (1.62643,0.331,0)
          radius 0.1155, height 1e+20, axis (0, 0, 1)
          dielectric constant epsilon diagonal = (1,1,1)
     cylinder, center = (-1.62643,0.331,0)
          radius 0.1155, height 1e+20, axis (0, 0, 1)
          dielectric constant epsilon diagonal = (1,1,1)
     cylinder, center = (1.95643,0.331,0)
          radius 0.1155, height 1e+20, axis (0, 0, 1)
          dielectric constant epsilon diagonal = (1,1,1)
     cylinder, center = (-1.95643,0.331,0)
          radius 0.1155, height 1e+20, axis (0, 0, 1)
          dielectric constant epsilon diagonal = (1,1,1)
     cylinder, center = (2.28643,0.331,0)
          radius 0.1155, height 1e+20, axis (0, 0, 1)
          dielectric constant epsilon diagonal = (1,1,1)
     cylinder, center = (-2.28643,0.331,0)
          radius 0.1155, height 1e+20, axis (0, 0, 1)
          dielectric constant epsilon diagonal = (1,1,1)
     ...(+ 68 objects not shown)...
Meep progress: 1.075/45.39999961853027 = 2.4% done in 13.6s, 559.8s to go
on time step 86 (time=1.075), 0.0954312 s/step
Meep progress: 1.6125/45.39999961853027 = 3.6% done in 17.6s, 477.4s to go
on time step 129 (time=1.6125), 0.093104 s/step
Meep progress: 2.1375/45.39999961853027 = 4.7% done in 21.6s, 437.4s to go
on time step 171 (time=2.1375), 0.09597 s/step
Meep progress: 2.6750000000000003/45.39999961853027 = 5.9% done in 25.6s, 409.1s to go
on time step 214 (time=2.675), 0.0931247 s/step
Meep progress: 3.2/45.39999961853027 = 7.0% done in 29.7s, 391.1s to go
on time step 256 (time=3.2), 0.0961599 s/step
Meep progress: 3.7375000000000003/45.39999961853027 = 8.2% done in 33.7s, 375.3s to go
on time step 299 (time=3.7375), 0.0933166 s/step
Meep progress: 4.2625/45.39999961853027 = 9.4% done in 37.7s, 363.8s to go
on time step 341 (time=4.2625), 0.0958848 s/step
Meep progress: 4.800000000000001/45.39999961853027 = 10.6% done in 41.7s, 352.7s to go
on time step 384 (time=4.8), 0.0930846 s/step
Meep progress: 5.325/45.39999961853027 = 11.7% done in 45.7s, 344.3s to go
on time step 426 (time=5.325), 0.096298 s/step
Meep progress: 5.862500000000001/45.39999961853027 = 12.9% done in 49.7s, 335.5s to go
on time step 469 (time=5.8625), 0.0931495 s/step
Meep progress: 6.3875/45.39999961853027 = 14.1% done in 53.8s, 328.5s to go
on time step 511 (time=6.3875), 0.0960993 s/step
Meep progress: 6.9375/45.39999961853027 = 15.3% done in 57.9s, 320.8s to go
on time step 555 (time=6.9375), 0.0927558 s/step
Meep progress: 7.4625/45.39999961853027 = 16.4% done in 61.9s, 314.8s to go
on time step 597 (time=7.4625), 0.0964637 s/step
Meep progress: 8.0/45.39999961853027 = 17.6% done in 66.0s, 308.7s to go
on time step 640 (time=8), 0.0959181 s/step
Meep progress: 8.5375/45.39999961853027 = 18.8% done in 70.0s, 302.4s to go
on time step 683 (time=8.5375), 0.093071 s/step
Meep progress: 9.075000000000001/45.39999961853027 = 20.0% done in 74.2s, 296.9s to go
on time step 726 (time=9.075), 0.095914 s/step
Meep progress: 9.625/45.39999961853027 = 21.2% done in 78.2s, 290.8s to go
on time step 770 (time=9.625), 0.0926415 s/step
Meep progress: 10.175/45.39999961853027 = 22.4% done in 82.5s, 285.4s to go
on time step 814 (time=10.175), 0.0956618 s/step
Meep progress: 10.725000000000001/45.39999961853027 = 23.6% done in 86.6s, 279.8s to go
on time step 858 (time=10.725), 0.0931063 s/step
Meep progress: 11.275/45.39999961853027 = 24.8% done in 90.8s, 274.7s to go
on time step 902 (time=11.275), 0.0957058 s/step
Meep progress: 11.825000000000001/45.39999961853027 = 26.0% done in 94.9s, 269.3s to go
on time step 946 (time=11.825), 0.0929554 s/step
Meep progress: 12.3625/45.39999961853027 = 27.2% done in 98.9s, 264.2s to go
on time step 989 (time=12.3625), 0.0930767 s/step
Meep progress: 12.912500000000001/45.39999961853027 = 28.4% done in 102.9s, 259.0s to go
on time step 1033 (time=12.9125), 0.0925353 s/step
Meep progress: 13.4375/45.39999961853027 = 29.6% done in 107.0s, 254.5s to go
on time step 1075 (time=13.4375), 0.0963916 s/step
Meep progress: 13.975000000000001/45.39999961853027 = 30.8% done in 111.0s, 249.6s to go
on time step 1118 (time=13.975), 0.0931082 s/step
Meep progress: 14.5/45.39999961853027 = 31.9% done in 115.0s, 245.1s to go
on time step 1160 (time=14.5), 0.0965367 s/step
Meep progress: 15.025/45.39999961853027 = 33.1% done in 119.1s, 240.7s to go
on time step 1202 (time=15.025), 0.0961117 s/step
Meep progress: 15.5625/45.39999961853027 = 34.3% done in 123.1s, 236.0s to go
on time step 1245 (time=15.5625), 0.0932722 s/step
Meep progress: 16.087500000000002/45.39999961853027 = 35.4% done in 127.1s, 231.7s to go
on time step 1287 (time=16.0875), 0.0966062 s/step
Meep progress: 16.625/45.39999961853027 = 36.6% done in 131.1s, 227.0s to go
on time step 1330 (time=16.625), 0.0930433 s/step
Meep progress: 17.150000000000002/45.39999961853027 = 37.8% done in 135.2s, 222.7s to go
on time step 1372 (time=17.15), 0.0963746 s/step
Meep progress: 17.6875/45.39999961853027 = 39.0% done in 139.2s, 218.1s to go
on time step 1415 (time=17.6875), 0.0933093 s/step
Meep progress: 18.212500000000002/45.39999961853027 = 40.1% done in 143.3s, 213.8s to go
on time step 1457 (time=18.2125), 0.0964943 s/step
Meep progress: 18.75/45.39999961853027 = 41.3% done in 147.3s, 209.3s to go
on time step 1500 (time=18.75), 0.0932134 s/step
Meep progress: 19.275000000000002/45.39999961853027 = 42.5% done in 151.3s, 205.1s to go
on time step 1542 (time=19.275), 0.0966582 s/step
Meep progress: 19.825000000000003/45.39999961853027 = 43.7% done in 155.4s, 200.5s to go
on time step 1586 (time=19.825), 0.0926046 s/step
Meep progress: 20.35/45.39999961853027 = 44.8% done in 159.4s, 196.3s to go
on time step 1628 (time=20.35), 0.0964899 s/step
Meep progress: 20.900000000000002/45.39999961853027 = 46.0% done in 163.6s, 191.7s to go
on time step 1672 (time=20.9), 0.0935891 s/step
Meep progress: 21.4375/45.39999961853027 = 47.2% done in 167.6s, 187.3s to go
on time step 1715 (time=21.4375), 0.0938075 s/step
Meep progress: 21.975/45.39999961853027 = 48.4% done in 171.6s, 183.0s to go
on time step 1758 (time=21.975), 0.0936505 s/step
Meep progress: 22.5/45.39999961853027 = 49.6% done in 175.7s, 178.8s to go
on time step 1800 (time=22.5), 0.0966109 s/step
Meep progress: 23.025000000000002/45.39999961853027 = 50.7% done in 179.8s, 174.7s to go
on time step 1842 (time=23.025), 0.0969199 s/step
Meep progress: 23.5625/45.39999961853027 = 51.9% done in 183.8s, 170.3s to go
on time step 1885 (time=23.5625), 0.0934855 s/step
Meep progress: 24.087500000000002/45.39999961853027 = 53.1% done in 187.8s, 166.2s to go
on time step 1927 (time=24.0875), 0.0969017 s/step
Meep progress: 24.625/45.39999961853027 = 54.2% done in 191.9s, 161.9s to go
on time step 1970 (time=24.625), 0.0936107 s/step
Meep progress: 25.150000000000002/45.39999961853027 = 55.4% done in 195.9s, 157.8s to go
on time step 2012 (time=25.15), 0.0968789 s/step
Meep progress: 25.6875/45.39999961853027 = 56.6% done in 200.0s, 153.5s to go
on time step 2055 (time=25.6875), 0.0936326 s/step
Meep progress: 26.212500000000002/45.39999961853027 = 57.7% done in 204.0s, 149.4s to go
on time step 2097 (time=26.2125), 0.0968468 s/step
Meep progress: 26.75/45.39999961853027 = 58.9% done in 208.1s, 145.1s to go
on time step 2140 (time=26.75), 0.0935377 s/step
Meep progress: 27.275000000000002/45.39999961853027 = 60.1% done in 212.1s, 141.0s to go
on time step 2182 (time=27.275), 0.0968289 s/step
Meep progress: 27.8125/45.39999961853027 = 61.3% done in 216.2s, 136.7s to go
on time step 2225 (time=27.8125), 0.0939199 s/step
Meep progress: 28.337500000000002/45.39999961853027 = 62.4% done in 220.2s, 132.6s to go
on time step 2267 (time=28.3375), 0.0968567 s/step
Meep progress: 28.875/45.39999961853027 = 63.6% done in 224.2s, 128.3s to go
on time step 2310 (time=28.875), 0.0934473 s/step
Meep progress: 29.4125/45.39999961853027 = 64.8% done in 228.3s, 124.1s to go
on time step 2353 (time=29.4125), 0.0934639 s/step
Meep progress: 29.950000000000003/45.39999961853027 = 66.0% done in 232.3s, 119.8s to go
on time step 2396 (time=29.95), 0.0935802 s/step
Meep progress: 30.475/45.39999961853027 = 67.1% done in 236.4s, 115.8s to go
on time step 2438 (time=30.475), 0.0969017 s/step
Meep progress: 31.0/45.39999961853027 = 68.3% done in 240.4s, 111.7s to go
on time step 2480 (time=31), 0.0968985 s/step
Meep progress: 31.5375/45.39999961853027 = 69.5% done in 244.5s, 107.5s to go
on time step 2523 (time=31.5375), 0.0937177 s/step
Meep progress: 32.0625/45.39999961853027 = 70.6% done in 248.5s, 103.4s to go
on time step 2565 (time=32.0625), 0.09644 s/step
Meep progress: 32.6/45.39999961853027 = 71.8% done in 252.5s, 99.2s to go
on time step 2608 (time=32.6), 0.0937205 s/step
Meep progress: 33.125/45.39999961853027 = 73.0% done in 256.6s, 95.1s to go
on time step 2650 (time=33.125), 0.0967837 s/step
Meep progress: 33.6625/45.39999961853027 = 74.1% done in 260.6s, 90.9s to go
on time step 2693 (time=33.6625), 0.093453 s/step
Meep progress: 34.1875/45.39999961853027 = 75.3% done in 264.7s, 86.8s to go
on time step 2735 (time=34.1875), 0.0969991 s/step
Meep progress: 34.725/45.39999961853027 = 76.5% done in 268.7s, 82.6s to go
on time step 2778 (time=34.725), 0.0935184 s/step
Meep progress: 35.25/45.39999961853027 = 77.6% done in 272.8s, 78.5s to go
on time step 2820 (time=35.25), 0.0966781 s/step
Meep progress: 35.7875/45.39999961853027 = 78.8% done in 276.8s, 74.3s to go
on time step 2863 (time=35.7875), 0.09354 s/step
Meep progress: 36.3125/45.39999961853027 = 80.0% done in 280.9s, 70.3s to go
on time step 2905 (time=36.3125), 0.0968417 s/step
Meep progress: 36.85/45.39999961853027 = 81.2% done in 284.9s, 66.1s to go
on time step 2948 (time=36.85), 0.0933024 s/step
Meep progress: 37.3875/45.39999961853027 = 82.4% done in 288.9s, 61.9s to go
on time step 2991 (time=37.3875), 0.093314 s/step
Meep progress: 37.925000000000004/45.39999961853027 = 83.5% done in 292.9s, 57.7s to go
on time step 3034 (time=37.925), 0.0937053 s/step
Meep progress: 38.4375/45.39999961853027 = 84.7% done in 296.9s, 53.8s to go
on time step 3075 (time=38.4375), 0.09764 s/step
Meep progress: 38.975/45.39999961853027 = 85.8% done in 300.9s, 49.6s to go
on time step 3118 (time=38.975), 0.0933197 s/step
Meep progress: 39.5/45.39999961853027 = 87.0% done in 305.0s, 45.6s to go
on time step 3160 (time=39.5), 0.0965878 s/step
Meep progress: 40.025000000000006/45.39999961853027 = 88.2% done in 309.1s, 41.5s to go
on time step 3202 (time=40.025), 0.0967913 s/step
Meep progress: 40.5625/45.39999961853027 = 89.3% done in 313.1s, 37.3s to go
on time step 3245 (time=40.5625), 0.0932768 s/step
Meep progress: 41.087500000000006/45.39999961853027 = 90.5% done in 317.1s, 33.3s to go
on time step 3287 (time=41.0875), 0.0967872 s/step
Meep progress: 41.625/45.39999961853027 = 91.7% done in 321.2s, 29.1s to go
on time step 3330 (time=41.625), 0.0935009 s/step
Meep progress: 42.150000000000006/45.39999961853027 = 92.8% done in 325.2s, 25.1s to go
on time step 3372 (time=42.15), 0.0965575 s/step
Meep progress: 42.6875/45.39999961853027 = 94.0% done in 329.2s, 20.9s to go
on time step 3415 (time=42.6875), 0.093759 s/step
Meep progress: 43.212500000000006/45.39999961853027 = 95.2% done in 333.3s, 16.9s to go
on time step 3457 (time=43.2125), 0.0967014 s/step
Meep progress: 43.75/45.39999961853027 = 96.4% done in 337.3s, 12.7s to go
on time step 3500 (time=43.75), 0.093305 s/step
Meep progress: 44.275000000000006/45.39999961853027 = 97.5% done in 341.4s, 8.7s to go
on time step 3542 (time=44.275), 0.096564 s/step
Meep progress: 44.825/45.39999961853027 = 98.7% done in 345.5s, 4.4s to go
on time step 3586 (time=44.825), 0.0936069 s/step
Meep progress: 45.362500000000004/45.39999961853027 = 99.9% done in 349.5s, 0.3s to go
on time step 3629 (time=45.3625), 0.0936131 s/step
creating output file "./nanobeam-eps-000045.40.h5"...
creating output file "./nanobeam-ey-000045.40.h5"...
harminv0:, frequency, imag. freq., Q, |amp|, amplitude, error
harminv0:, 1.3585620924290291, -0.0034279335258915094, 198.16050722216167, 3.57333223168028, -3.0109501802998637-1.9242874654576398i, 9.188796241665417e-05+0.0i
harminv0:, 1.3857126517083351, 0.004162316395767998, -166.45931254976765, 3.5430081799437905, -2.2215829258441606-2.7599775844644663i, 8.006286832697638e-06+0.0i
harminv0:, 1.491391736550771, 0.013403655222238962, -55.63376973753758, 0.05339238324472338, 0.03765885810060606+0.03784913466791329i, 0.001125308810812895+0.0i
harminv0:, frequency, imag. freq., Q, |amp|, amplitude, error
harminv0:, 1.3603247940970753, -0.000250679275213689, 2713.2773400144074, 3.3007947617496267, -1.7858681740396556-2.7759540565625436i, 1.0027048648508942e-05+0.0i
harminv0:, 1.383950733447618, 0.0008812771144563708, -785.1961152431203, 5.6610247122016535, 3.8245115237452367-4.173764774984056i, 2.599415187171118e-06+0.0i
run 0 finished at t = 45.400000000000006 (3632 timesteps)
Generating MP4...
flux1:, 1.1764705882352942, 0.00016311170506821897, -0.00013548575983244102, -0.046994485850089134, 0.018803773014876637, 0.004317937560320395
flux1:, 1.1774529451058982, 0.00014996270612831352, -9.769029993160301e-05, -0.04737072371825075, 0.017763579593119957, 0.0049954097596111415
flux1:, 1.1784353019765021, 0.00014145970326678015, -5.498836512746342e-05, -0.048038096697238006, 0.016649230710604198, 0.005650567721845957
flux1:, 1.179417658847106, 0.00013846171023445918, -8.250855851879373e-06, -0.04901954920057223, 0.015499503802986373, 0.006269103424341451
flux1:, 1.18040001571771, 0.00014171234542428098, 4.139417522145151e-05, -0.05032466315212506, 0.01435751959312944, 0.0068390807755326485
flux1:, 1.181382372588314, 0.00015180230870854707, 9.257583561771433e-05, -0.05194794624164694, 0.01326889258858316, 0.007351967338050871
flux1:, 1.182364729458918, 0.00016913389205555187, 0.00014370569529359334, -0.05386776107060423, 0.012279569053162201, 0.007803604752957903
flux1:, 1.183347086329522, 0.00019388897162528787, 0.0001930142176465344, -0.0560460136271878, 0.011433431498799659, 0.00819506092442515
flux1:, 1.1843294432001257, 0.00022600193186276383, 0.00023859802875911824, -0.05842869038501024, 0.010769768187853085, 0.008533307476229721
flux1:, 1.1853118000707297, 0.0002651389239659488, 0.00027847727430074196, -0.06094729662260309, 0.010320722412056298, 0.008831669491006344
flux1:, 1.1862941569413337, 0.00031068475962493314, 0.0003106618387181823, -0.0635212055536601, 0.010108848289141078, 0.009110001214164484
flux1:, 1.1872765138119377, 0.0003617385854482918, 0.0003332247296963437, -0.0660608802419755, 0.010144906471511207, 0.009394551213038062
flux1:, 1.1882588706825417, 0.00041711927520274897, 0.00034438048170975697, -0.06847188015565976, 0.010426033650855579, 0.009717493224803211
flux1:, 1.1892412275531457, 0.00047538121905199094, 0.00034256602624707324, -0.07065951403758092, 0.010934413460462445, 0.010116114223400526
flux1:, 1.1902235844237494, 0.0005348408865178253, 0.0003265211333359985, -0.07253395320318348, 0.011636563008917002, 0.01063166853180635
flux1:, 1.1912059412943534, 0.0005936142000018471, 0.000295365269226276, -0.0740155772158161, 0.01248332883848262, 0.01130792538601541
flux1:, 1.1921882981649574, 0.000649664387296335, 0.00024866755667802735, -0.07504028989027697, 0.01341065897130949, 0.012189456364754755
flux1:, 1.1931706550355614, 0.0007008595951594226, 0.00018650648307528466, -0.07556452032398414, 0.014341184641495665, 0.013319727572470028
flux1:, 1.1941530119061654, 0.000745039153684732, 0.0001095160900219502, -0.07556961340483291, 0.01518660744235956, 0.014739078371252068
flux1:, 1.1951353687767692, 0.0007800869958968795, 1.8915604518864275e-05, -0.07506531876428674, 0.015850846425733246, 0.016482682752370244
flux1:, 1.1961177256473732, 0.0008040103724411649, -8.348016022647463e-05, -0.0740921075807229, 0.01623385695936291, 0.018578600105447426
flux1:, 1.1971000825179772, 0.0008150216714188148, -0.0001952717987469742, -0.07272208339794259, 0.01623599090942823, 0.021046028262182864
flux1:, 1.1980824393885812, 0.0008116208720575711, -0.00031350922697695634, -0.07105830577793369, 0.01576272815653239, 0.023893872491090547
flux1:, 1.1990647962591852, 0.0007926759410784208, -0.00043474928305410685, -0.06923241284408559, 0.014729574830758423, 0.027119739033744216
flux1:, 1.200047153129789, 0.0007574983341562234, -0.0005551369267716205, -0.06740050837672344, 0.013066896171808345, 0.030709450493173814
flux1:, 1.201029510000393, 0.0007059107019068935, -0.0006705090203934912, -0.06573736802425004, 0.010724433632502696, 0.03463716289755091
flux1:, 1.202011866870997, 0.0006383039283880503, -0.0007765187024396718, -0.06442911353370989, 0.007675248511650128, 0.03886614088040612
flux1:, 1.202994223741601, 0.0005556807555698278, -0.0008687773877081443, -0.063664599186592, 0.003918839396847418, 0.043350218796588035
flux1:, 1.203976580612205, 0.0004596834721668585, -0.0009430104794817526, -0.06362584588302782, -0.000516801114008144, 0.0480359427233995
flux1:, 1.2049589374828087, 0.00035260346891264417, -0.0009952220040306632, -0.06447794034339246, -0.0055743932847575756, 0.05286535249047885
flux1:, 1.2059412943534127, 0.00023737088082811665, -0.0010218626141156367, -0.06635888449240804, -0.011167998828652836, 0.057779325731540966
flux1:, 1.2069236512240167, 0.00011752304279191286, -0.0010199947971832673, -0.06936992834764404, -0.01718517257071842, 0.06272136927024681
flux1:, 1.2079060080946207, -2.8489330325798096e-06, -0.0009874487026393867, -0.07356694431744608, -0.023490671548114968, 0.06764170890400059
flux1:, 1.2088883649652247, -0.00011917550467883541, -0.0009229618036934517, -0.07895339824351623, -0.029931681141268558, 0.0725014988533872
flux1:, 1.2098707218358287, -0.00022650532938571513, -0.0008262956595479694, -0.08547544043986911, -0.036344438351606535, 0.07727694878295034
flux1:, 1.2108530787064324, -0.0003196218146500306, -0.0006983233619992665, -0.09301957736748832, -0.04256205173527853, 0.08196315119768052
flux1:, 1.2118354355770364, -0.00039317751130026204, -0.0005410818466359516, -0.10141329194428965, -0.04842323971950191, 0.08657738675192445
flux1:, 1.2128177924476404, -0.00044184356655400047, -0.0003577841222932683, -0.1104288599557007, -0.05378163822385717, 0.09116169077360561
flux1:, 1.2138001493182444, -0.00046047079519854995, -0.00015278761163069345, -0.11979046539716053, -0.05851526885658309, 0.09578448184854586
flux1:, 1.2147825061888484, -0.00044425833307928095, 6.848382246500665e-05, -0.12918455425041092, -0.06253571442950193, 0.10054108282038718
flux1:, 1.2157648630594522, -0.00038892533187989697, 0.0002996650000839331, -0.13827319104954905, -0.06579652269846054, 0.10555300562956098
flux1:, 1.2167472199300562, -0.00029088075898792316, 0.000533620780427162, -0.14671000374214216, -0.06830035502384511, 0.11096592298889056
flux1:, 1.2177295768006602, -0.00014738609999908673, 0.000762660875515101, -0.15415812883464028, -0.07010441615977787, 0.11694631027667093
flux1:, 1.2187119336712642, 4.329436012319861e-05, 0.0009787934454812863, -0.1603094101926045, -0.07132374572038876, 0.12367680791223827
flux1:, 1.2196942905418682, 0.00028176096603422455, 0.001174010927961415, -0.1649039707839132, -0.07213202098089672, 0.13135042500210675
flux1:, 1.220676647412472, 0.0005673689204378103, 0.0013405997874999678, -0.16774917631464434, -0.07275961325458133, 0.14016377589897586
flux1:, 1.221659004283076, 0.0008981460346749382, 0.0014714642866068466, -0.168736951377236, -0.07348875355926889, 0.150309608868373
flux1:, 1.22264136115368, 0.0012707421928639972, 0.001560453054319234, -0.16785839920206178, -0.07464579379976158, 0.16196894652424437
flux1:, 1.223623718024284, 0.001680414032734962, 0.0016026762328158408, -0.16521472022966002, -0.07659069221810531, 0.1753032073073355
flux1:, 1.224606074894888, 0.0021210475140810777, 0.0015948003820716906, -0.16102352497473893, -0.07970400034383805, 0.1904467124986586
flux1:, 1.2255884317654917, 0.0025852200878877132, 0.0015353081704965665, -0.15561979280273477, -0.08437177624785969, 0.20750000096667165
flux1:, 1.2265707886360957, 0.00306430311861938, 0.001424710215936539, -0.14945093712563426, -0.09096898816085987, 0.22652437154985058
flux1:, 1.2275531455066997, 0.003548604076264261, 0.001265697290269289, -0.14306569295693886, -0.09984209585191513, 0.2475380489941544
flux1:, 1.2285355023773037, 0.004027546834400731, 0.001063222467425565, -0.1370968356084145, -0.11129159711181388, 0.27051432298540334
flux1:, 1.2295178592479077, 0.004489887219510146, 0.0008245046645699845, -0.13223805768509458, -0.12555539632816712, 0.2953819414182657
flux1:, 1.2305002161185117, 0.0049239597904961905, 0.0005589473639395627, -0.12921566120344075, -0.1427938854778422, 0.32202795017229546
flux1:, 1.2314825729891155, 0.00531795072223651, 0.0002779690521496977, -0.12875604657926124, -0.163077620200839, 0.35030306505902314
flux1:, 1.2324649298597194, 0.005660190658926324, -5.255001997006257e-06, -0.13155028321791115, -0.1863784219067807, 0.38002954114872456
flux1:, 1.2334472867303234, 0.0059394605264646745, -0.00027613668626757663, -0.13821730996742876, -0.2125646399741897, 0.4110113753254186
flux1:, 1.2344296436009274, 0.006145302580145109, -0.00051909830335286, -0.14926752077866967, -0.24140116705220574, 0.44304654547884004
flux1:, 1.2354120004715314, 0.006268328442589059, -0.0007180652960898054, -0.16506862603268999, -0.27255461854576196, 0.47594086071907227
flux1:, 1.2363943573421352, 0.006300515580671211, -0.0008570152607588439, -0.18581573001372254, -0.3056038701298901, 0.5095228782722556
flux1:, 1.2373767142127392, 0.0062354835971522825, -0.0009205670109690329, -0.21150752006833895, -0.34005590236239236, 0.5436592412299757
flux1:, 1.2383590710833432, 0.00606874188422081, -0.0008945908000826002, -0.2419303172898707, -0.37536663890056926, 0.5782697137425529
flux1:, 1.2393414279539472, 0.005797900606935221, -0.0007668186902360541, -0.2766514909966362, -0.41096619590300837, 0.6133411425748857
flux1:, 1.2403237848245512, 0.005422837651866469, -0.0005274325892019397, -0.3150233938589981, -0.4462876975633382, 0.6489395611733471
flux1:, 1.241306141695155, 0.00494581508003475, -0.00016960676377601717, -0.3561985406719966, -0.48079856975313207, 0.6852196781569168
flux1:, 1.242288498565759, 0.004371539745970769, 0.0003100182415837333, -0.3991562461800446, -0.5140330139181742, 0.7224310584169698
flux1:, 1.243270855436363, 0.0037071640618693688, 0.000910952348214282, -0.44274037575871905, -0.5456241996029845, 0.7609204118597612
flux1:, 1.244253212306967, 0.002962224366288093, 0.0016285835082918614, -0.48570727127293173, -0.5753346079756555, 0.80112955026218
flux1:, 1.245235569177571, 0.002148515963664122, 0.002454033452991247, -0.5267823207044635, -0.6030829202889056, 0.8435887526092083
flux1:, 1.2462179260481747, 0.00127990559255708, 0.003374155346677283, -0.5647230742294608, -0.6289658816146338, 0.8889054874159135
flux1:, 1.2472002829187787, 0.00037208381120373634, 0.004371682676341774, -0.5983863024189712, -0.653273685619917, 0.9377486687273557
flux1:, 1.2481826397893827, -0.0005577384889672781, 0.005425533677166481, -0.6267959747801904, -0.6764976212682261, 0.9908288608553759
flux1:, 1.2491649966599867, -0.0014911835671113747, 0.006511270085141037, -0.6492088375376323, -0.6993289939570624, 1.0488750842410548
flux1:, 1.2501473535305907, -0.0024091028817424007, 0.0076017031976102975, -0.6651741132627517, -0.7226486745878921, 1.1126090990363149
flux1:, 1.2511297104011945, -0.0032920068684761327, 0.008667634317192764, -0.6745838513493815, -0.7475070293224897, 1.1827182416720428
flux1:, 1.2521120672717985, -0.0041205184045540084, 0.009678710875081207, -0.6777106403519206, -0.7750944255305215, 1.2598280506870567
flux1:, 1.2530944241424025, -0.004875838948915807, 0.010604374106330795, -0.6752297559541807, -0.8067029776425291, 1.3444760302285008
flux1:, 1.2540767810130065, -0.00554021564831063, 0.011414869313157302, -0.6682233581332924, -0.8436806696330392, 1.4370879532499714
flux1:, 1.2550591378836105, -0.006097397299277858, 0.01208228572411228, -0.6581650549908149, -0.8873794461914556, 1.5379580940752071
flux1:, 1.2560414947542144, -0.006533066972003874, 0.012581589941253633, -0.6468839964380044, -0.9390992789570548, 1.6472346969340008
flux1:, 1.2570238516248182, -0.006835239345659701, 0.012891615140677746, -0.6365086172033715, -1.0000305643689151, 1.7649118317971155
flux1:, 1.2580062084954222, -0.006994611377800036, 0.012995967694864304, -0.6293911761426685, -1.0711974739220176, 1.8908285633334687
flux1:, 1.2589885653660262, -0.007004855825325219, 0.012883813815607107, -0.6280152915393952, -1.1534050366505504, 2.024676068809731
flux1:, 1.2599709222366302, -0.006862848335184416, 0.012550511221124553, -0.6348896990310161, -1.2471927718126605, 2.166012995676624
flux1:, 1.2609532791072342, -0.0065688203041945675, 0.011998054702854848, -0.6524324063118792, -1.3527975960230607, 2.3142889623898357
flux1:, 1.261935635977838, -0.006126431435886971, 0.011235309741032254, -0.6828502329682657, -1.4701284979847857, 2.46887569281238
flux1:, 1.262917992848442, -0.005542757857457415, 0.0102780148696252, -0.7280193532973279, -1.5987551062261607, 2.629104854029205
flux1:, 1.263900349719046, -0.004828193754558066, 0.009148541139269252, -0.7893728586358401, -1.7379117781848312, 2.794311260097915
flux1:, 1.26488270658965, -0.003996266683708726, 0.00787540553722201, -0.8678014854640744, -1.886518226688222, 2.963879731643897
flux1:, 1.265865063460254, -0.003063368975192036, 0.006492544314250348, -0.9635734887927163, -2.0432169929953274, 3.1372935846848375
flux1:, 1.266847420330858, -0.002048409885137889, 0.005038361519471545, -1.0762791622502388, -2.2064273007937545, 3.3141824818859225
flux1:, 1.2678297772014617, -0.0009723953345937611, 0.003554577306834538, -1.2048047164986546, -2.374414014778346, 3.4943672335929654
flux1:, 1.2688121340720657, 0.0001420558728785973, 0.0020849093863044934, -1.3473391413130795, -2.5453696166159725, 3.6778990990942164
flux1:, 1.2697944909426697, 0.001271248591490772, 0.0006736289816608425, -1.5014163250682842, -2.7175063387874006, 3.865091220908615
flux1:, 1.2707768478132737, 0.0023909882301041017, -0.0006359605303538786, -1.6639931353279913, -2.8891549024975682, 4.0565400315864535
flux1:, 1.2717592046838777, 0.0034771842484274075, -0.0018030688168828445, -1.8315624370483905, -3.058865728210087, 4.253134802764828
flux1:, 1.2727415615544815, 0.00450646546191109, -0.0027909306237840063, -2.0002982144250163, -3.225508062265004, 4.456053953030598
flux1:, 1.2737239184250855, 0.005456791687477867, -0.0035682261605208074, -2.1662281522106155, -3.3883622216678955, 4.666747281097807
flux1:, 1.2747062752956895, 0.006308045965751769, -0.004110352048468836, -2.325427312302867, -3.547200126197272, 4.88690392430934
flux1:, 1.2756886321662935, 0.007042591695510225, -0.0044004880267276445, -2.474225003764436, -3.702349479033846, 5.118406534238968
flux1:, 1.2766709890368975, 0.007645779518396361, -0.00443040987286692, -2.6094156792618524, -3.854737381258167, 5.363272881094248
flux1:, 1.2776533459075012, 0.008106389692518116, -0.004201006455140978, -2.72846378154166, -4.005909818410598, 5.623586812896475
flux1:, 1.2786357027781052, 0.008416996978200749, -0.003722468309285899, -2.829691981941607, -4.15802432442753, 5.901421167957569
flux1:, 1.2796180596487092, 0.008574246704072459, -0.0030141263595415977, -2.9124422552106637, -4.313814184121652, 6.198755833295587
flux1:, 1.2806004165193132, 0.008579032653660822, -0.002103932028914785, -2.9771997574742435, -4.476523743730625, 6.517394621753396
flux1:, 1.2815827733899172, 0.00843656966996811, -0.0010275835828869593, -3.0256705304526306, -4.649815714027543, 6.858884974215554
flux1:, 1.282565130260521, 0.008156356368622292, 0.00017268236248408744, -3.0608056330816797, -4.837652717941116, 7.2244446527702815
flux1:, 1.283547487131125, 0.007752026022983928, 0.0014496011938840343, -3.086766362997954, -5.044156694317847, 7.614899554952438
flux1:, 1.284529844001729, 0.0072410864754588345, 0.0027526460991708925, -3.1088277097827053, -5.2734510572822675, 8.030636535426353
flux1:, 1.285512200872333, 0.006644552772569525, 0.004029990616379806, -3.133219988952607, -5.529491661555615, 8.47157466620032
flux1:, 1.286494557742937, 0.005986479048777958, 0.005230598670747984, -3.1669116272502302, -5.81589357495166, 8.937157706522385
flux1:, 1.2874769146135407, 0.005293398926288514, 0.0063063644863731285, -3.2173391738371984, -6.135761352050306, 9.42636970650088
flux1:, 1.2884592714841447, 0.004593686286190508, 0.007214219070725323, -3.292093652910136, -6.4915308877849425, 9.937774662378857
flux1:, 1.2894416283547487, 0.003916850633431234, 0.00791811730713689, -3.3985751978868692, -6.88483096743498, 10.469580014364483
flux1:, 1.2904239852253527, 0.0032927833610798224, 0.008390820314022347, -3.54363036197175, -7.316372294814553, 11.019722576947622
flux1:, 1.2914063420959567, 0.0027509729599066025, 0.008615391784122363, -3.7331884378442446, -7.785871063457138, 11.585974270813578
flux1:, 1.2923886989665605, 0.0023197085658469368, 0.008586334517944934, -3.9719144082280926, -8.292013043496341, 12.166063843853818
flux1:, 1.2933710558371645, 0.0020252921466682766, 0.00831030419179767, -4.262896679042155, -8.832462714790553, 12.757809687901968
flux1:, 1.2943534127077685, 0.0018912800651789364, 0.007806351292635414, -4.60738743648627, -9.403920227451188, 13.359257938686442
flux1:, 1.2953357695783725, 0.0019377746948753697, 0.007105658714411051, -5.004612272491553, -10.002226974193857, 13.968819346686642
flux1:, 1.2963181264489765, 0.00218078619097782, 0.00625076122182132, -5.451663632736321, -10.622518389916985, 14.585397976992706
flux1:, 1.2973004833195805, 0.0026316834328405907, 0.005294253212817445, -5.943489693864463, -11.25942034058262, 15.208504678290419
flux1:, 1.2982828401901843, 0.003296751562074934, 0.004297012223493095, -6.472986551477046, -11.90728322330593, 15.838348483702108
flux1:, 1.2992651970607882, 0.004176871465842188, 0.0033259866214323123, -7.031197220821101, -12.560445775710438, 16.475899683844464
flux1:, 1.3002475539313922, 0.005267334029963267, 0.0024516160888248223, -7.6076160808457285, -13.213518689508078, 17.12291924300055
flux1:, 1.3012299108019962, 0.006557799056877708, 0.0017449719576583015, -8.190592227479087, -13.861676541941318, 17.78195049328581
flux1:, 1.3022122676726002, 0.008032405465146657, 0.001274720402393965, -8.767819969510583, -14.500945391952614, 18.45627060176795
flux1:, 1.303194624543204, 0.009670035826416096, 0.0011040241545578074, -9.326899645193436, -15.128472715424753, 19.149801107057844
flux1:, 1.304176981413808, 0.01144473452813322, 0.0012875071031764633, -9.855947313074186, -15.742766237928876, 19.866978794606414
flux1:, 1.305159338284412, 0.013326274958924859, 0.0018684103315749097, -10.344227927017734, -16.343888705033564, 20.612590239851073
flux1:, 1.306141695155016, 0.01528086718795079, 0.0028760674117815463, -10.782783578296392, -16.933596725865208, 21.391575401135114
flux1:, 1.30712405202562, 0.017271993743427562, 0.004323820903414182, -11.165026484935296, -17.515413524988475, 22.20880758916685
flux1:, 1.308106408896224, 0.019261357385190303, 0.006207490947173025, -11.48726579935154, -18.094627702720675, 23.068858873628816
flux1:, 1.3090887657668278, 0.021209921308009944, 0.008504490769468246, -11.749138109093614, -18.6782128688069, 23.97576141016671
flux1:, 1.3100711226374318, 0.02307901910087935, 0.011173663196443417, -11.953913783218992, -19.27466618662736, 24.932776189830502
flux1:, 1.3110534795080357, 0.024831509112760317, 0.014155887487529694, -12.108655064309595, -19.893767328681083, 25.942181248364886
flux1:, 1.3120358363786397, 0.026432945720783165, 0.017375477704840162, -12.224206949883108, -20.546262962749022, 27.005091362305862
flux1:, 1.3130181932492437, 0.027852738436898956, 0.020742363369406772, -12.315008303352602, -21.243485510777887, 28.121320662152428
flux1:, 1.3140005501198475, 0.029065268886848985, 0.02415501139291317, -12.398718071927554, -21.99691838873036, 29.289298394606714
flux1:, 1.3149829069904515, 0.030050935500651927, 0.02750401639530496, -12.495659692708253, -22.817723082667303, 30.506046278526732
flux1:, 1.3159652638610555, 0.030797096301279924, 0.030676255769548556, -12.628095410761393, -23.71624608593851, 31.76722356416556
flux1:, 1.3169476207316595, 0.03129888148557919, 0.033559477499933724, -12.819350944426164, -24.701525768373166, 33.06724309316558
flux1:, 1.3179299776022635, 0.03155984955842063, 0.036047164014795005, -13.092819316496794, -25.78082054364769, 34.39945846596317
flux1:, 1.3189123344728673, 0.031592463588213424, 0.03804349541478324, -13.470880317719914, -26.959180144273983, 35.75641897709308
flux1:, 1.3198946913434713, 0.031418367660526345, 0.039468221292029815, -13.973778581338905, -28.23908133533136, 37.13018542180238
flux1:, 1.3208770482140753, 0.03106844775846793, 0.04026124289775301, -14.618508250927398, -29.62014796508883, 38.51269636921924
flux1:, 1.3218594050846793, 0.03058266601650975, 0.040386707263653385, -15.417755390594245, -31.098972869975498, 39.896171207199366
flux1:, 1.3228417619552832, 0.030009662483690795, 0.03983642242244711, -16.37895035218841, -32.66905587155178, 41.27353336271455
flux1:, 1.323824118825887, 0.029406124081233557, 0.03863241821309059, -17.50348109295774, -34.32086801493677, 42.63883475416023
flux1:, 1.324806475696491, 0.028835926223096435, 0.036828500108532114, -18.78611483619352, -36.0420474321317, 43.98766088896976
flux1:, 1.325788832567095, 0.028369058448558523, 0.03451067357740474, -20.21466949600518, -37.81772693703894, 45.31749521008665
flux1:, 1.326771189437699, 0.028080351247739558, 0.031796352896442, -21.769968062350546, -39.630987870134234, 46.628021417366675
flux1:, 1.327753546308303, 0.028048026892827663, 0.02883230999623471, -23.4260988897565, -41.46342903181707, 47.92134360807594
flux1:, 1.3287359031789068, 0.028352102366973303, 0.025791364523440014, -25.15099288331083, -43.29583401255296, 49.202106216014016
flux1:, 1.3297182600495108, 0.029072677259006297, 0.022867864296926273, -26.907315355222778, -45.10891508901083, 50.47749885840702
flux1:, 1.3307006169201148, 0.03028814362147234, 0.020272054016326233, -28.653656343351365, -46.88410734824085, 51.75713525348146
flux1:, 1.3316829737907188, 0.03207335813884959, 0.01822347763351718, -30.345989012393716, -48.604383051755896, 53.05280023268919
flux1:, 1.3326653306613228, 0.0344978194035374, 0.016943604360617405, -31.939352013531064, -50.25505365793956, 54.378064378805036
flux1:, 1.3336476875319265, 0.03762389454935528, 0.016647908026838847, -33.38969899054898, -51.824525549647554, 55.74777177347011
flux1:, 1.3346300444025305, 0.04150513986802899, 0.017537662671508764, -34.655847410301824, -53.30497548524718, 57.17741250058076
flux1:, 1.3356124012731345, 0.04618475928026359, 0.019791742297642526, -35.70145014459447, -54.69291317599107, 58.6823976659539
flux1:, 1.3365947581437385, 0.051694242624978924, 0.023558728269599014, -36.49690725386376, -55.98960120453412, 60.27726048471401
flux1:, 1.3375771150143425, 0.0580522226722676, 0.028949632873041864, -37.021132641940405, -57.20130669272165, 61.97481217804883
flux1:, 1.3385594718849465, 0.06526358559308082, 0.036031541366279014, -37.26309097025891, -58.3393645957758, 63.7852857415356
flux1:, 1.3395418287555503, 0.07331886439849737, 0.0448224571284977, -37.223024607319154, -59.42003908005948, 65.71550385014645
flux1:, 1.3405241856261543, 0.08219393869078155, 0.055287605358444195, -36.913298462325216, -60.464176914131, 67.76810903598775
flux1:, 1.3415065424967583, 0.09185005707445922, 0.06733741073465495, -36.358802168577725, -61.4966549018321, 69.94089464398216
flux1:, 1.3424888993673623, 0.1022341909126079, 0.08082731448263514, -35.59686393930835, -62.545631807655575, 72.22627382349106
flux1:, 1.3434712562379663, 0.11327971996002088, 0.09555953778489866, -34.67664805699294, -63.641623637633046, 74.61092089823269
flux1:, 1.34445361310857, 0.12490744195972792, 0.11128683317342711, -33.65802777420961, -64.81642919819345, 77.07561489032595
flux1:, 1.345435969979174, 0.13702688976761296, 0.12771819554682243, -32.609946672951594, -66.10194021545514, 79.59530884555245
flux1:, 1.346418326849778, 0.14953793119689468, 0.14452643210580823, -31.608303424369215, -67.52887662685573, 82.13944107764549
flux1:, 1.347400683720382, 0.16233261878048616, 0.16135741833949463, -30.733416519379894, -69.12549265293818, 84.67249574958423
flux1:, 1.348383040590986, 0.17529724926383697, 0.1778407978607866, -30.067145977360656, -70.91630265920735, 87.15481063288021
flux1:, 1.34936539746159, 0.18831458608543736, 0.19360182003182522, -29.689767366812134, -72.92087741992704, 89.54361977821006
flux1:, 1.3503477543321938, 0.20126619258443884, 0.20827395349944772, -29.676708816236033, -75.15276105773252, 91.79430858094952
flux1:, 1.3513301112027978, 0.21403481938204363, 0.2215118683505027, -30.095273269334978, -77.61855658747398, 93.86184874830786
flux1:, 1.3523124680734018, 0.22650678647677688, 0.23300434669050785, -31.001475382997555, -80.31722365263447, 95.70237139694102
flux1:, 1.3532948249440058, 0.23857429920252743, 0.24248666277188374, -32.43712467376992, -83.23962580148678, 97.2748283503147
flux1:, 1.3542771818146098, 0.25013763741600675, 0.2497519706293021, -34.42728346814783, -86.3683566822996, 98.5426850578694
flux1:, 1.3552595386852135, 0.2611071591574092, 0.25466125028967673, -36.97821979060348, -89.67786509282932, 99.47558377475106
flux1:, 1.3562418955558175, 0.2714050635755677, 0.25715139322844743, -40.07596163740665, -93.13488821833502, 100.05091301315323
flux1:, 1.3572242524264215, 0.28096686308658775, 0.257241053470509, -43.68554046520749, -96.69919101094624, 100.2552190215331
flux1:, 1.3582066092970255, 0.2897425214613809, 0.2550339516218837, -47.75098872173029, -100.32459792299157, 100.0853972960101
flux1:, 1.3591889661676295, 0.2976972226813121, 0.25071939362450146, -52.19612961722168, -103.96029155731303, 99.54960691273263
flux1:, 1.3601713230382333, 0.30481174478832074, 0.2445698520648497, -56.926168015499904, -107.55234169974747, 98.66785772242616
flux1:, 1.3611536799088373, 0.3110824233711238, 0.23693555286395657, -61.830060396896855, -111.04541810665032, 97.4722299965783
flux1:, 1.3621360367794413, 0.31652070051916875, 0.22823611114271447, -66.78361050396138, -114.38463176144064, 96.00669768595293
flux1:, 1.3631183936500453, 0.3211522667571382, 0.21894936368621476, -71.6532067784631, -117.5174424729375, 94.32653967977808
flux1:, 1.3641007505206493, 0.3250158153355476, 0.20959764820308366, -76.30008929994939, -120.39556598800533, 92.49733788945284
flux1:, 1.365083107391253, 0.32816143997095315, 0.20073187787663035, -80.58500886607764, -122.97681148007682, 90.59357610818331
flux1:, 1.366065464261857, 0.3306487183673116, 0.19291384995165917, -84.3731202432848, -125.22678051406868, 88.69686885386639
flux1:, 1.367047821132461, 0.3325445342717466, 0.18669730587045336, -87.53893644939298, -127.12036144148344, 86.89386419588811
flux1:, 1.368030178003065, 0.33392070009826325, 0.18260832462772322, -89.97116200412087, -128.6429586105323, 85.27387830280797
flux1:, 1.369012534873669, 0.3348514499834094, 0.18112567782547673, -91.57722096681009, -129.79140364583148, 83.92633155351511
flux1:, 1.3699948917442728, 0.33541087923940754, 0.18266180215914235, -92.28730058139026, -130.57450612219534, 82.93806599970604
flux1:, 1.3709772486148768, 0.3356704103009671, 0.1875450511476512, -92.05774349473029, -131.0132128972724, 82.39063129143405
flux1:, 1.3719596054854808, 0.33569636722409185, 0.19600387190684276, -90.87364054488671, -131.14035876657834, 82.35763050707328
flux1:, 1.3729419623560848, 0.33554774044533464, 0.20815351446725308, -88.75050148206641, -131.00000548470283, 82.90221839839559
flux1:, 1.3739243192266888, 0.33527422076242597, 0.2239858211254746, -85.7349118669258, -130.64638103117304, 84.07484222562053
flux1:, 1.3749066760972926, 0.33491457633155675, 0.24336256292749886, -81.90411972182078, -130.14244573389465, 85.9113096010607
flux1:, 1.3758890329678966, 0.33449543893783257, 0.2660126916870222, -77.36453401616215, -129.55812593428178, 88.43125870356496
flux1:, 1.3768713898385005, 0.33403055600027437, 0.29153376169745937, -72.2491573114574, -128.96826873848437, 91.63709412220715
flux1:, 1.3778537467091045, 0.3335205529031873, 0.3193976488715933, -66.71401533277484, -128.45038253702518, 95.5134368173114
flux1:, 1.3788361035797085, 0.3329532365534063, 0.3489605603075425, -60.93368528423954, -128.0822369378802, 100.02711974456781
flux1:, 1.3798184604503125, 0.3323044558595182, 0.3794771884915127, -55.09606081797257, -127.93940216741575, 105.12774216697873
flux1:, 1.3808008173209163, 0.3315395184845173, 0.410118726012496, -49.39652321352463, -128.0928115663192, 110.74877624840647
flux1:, 1.3817831741915203, 0.3306151461542059, 0.43999432338411076, -44.031714189256185, -128.60643136338385, 116.8091999021054
flux1:, 1.3827655310621243, 0.3294819334670619, 0.46817544889026574, -39.19312471293809, -129.5351193839369, 123.21561080087805
flux1:, 1.3837478879327283, 0.3280872580311276, 0.49372249962745457, -35.06072532529465, -130.92274879382055, 129.86475867981247
flux1:, 1.3847302448033323, 0.3263785733495863, 0.5157129210711349, -31.796866251638818, -132.80066456392123, 136.64641727921043
flux1:, 1.3857126016739363, 0.3243070006903411, 0.53327002200154, -29.540669692342874, -135.1865293463332, 143.44650412053133
flux1:, 1.38669495854454, 0.3218311226963191, 0.5455916253039543, -28.403122232575456, -138.0836022652102, 150.15034632696725
flux1:, 1.387677315415144, 0.3189208701847231, 0.5519776750782344, -28.463052719488786, -141.48047921602702, 156.64598432249605
flux1:, 1.388659672285748, 0.31556138486834745, 0.5518559278945538, -29.76415097627459, -145.3513071792137, 162.82740276380665
flux1:, 1.389642029156352, 0.31175673497760864, 0.5448048912672959, -32.31314641920469, -149.65646838131784, 168.59757962622825
flux1:, 1.390624386026956, 0.30753335826943035, 0.5305732349247235, -36.07922434521378, -154.34371349935765, 173.8712499677489
flux1:, 1.3916067428975598, 0.3029431078998248, 0.5090949887541381, -40.99471291020678, -159.3497071253629, 178.5772903671145
flux1:, 1.3925890997681638, 0.29806578124416666, 0.48049995304837195, -46.957027325615165, -164.60193399046184, 182.66064305127546
flux1:, 1.3935714566387678, 0.2930110200092061, 0.44511887870967265, -53.8318113557029, -170.02090154856188, 186.08371483057547
flux1:, 1.3945538135093718, 0.28791948182860266, 0.40348312350011445, -61.45717161196285, -175.52256392917653, 188.82720455635945
flux1:, 1.3955361703799758, 0.2829631987986298, 0.35631865079145675, -69.64885916839079, -181.0208843908411, 190.89033321316535
flux1:, 1.3965185272505796, 0.27834505681908467, 0.30453440462972775, -78.20621729030981, -186.43044854214793, 192.29047218561146
flux1:, 1.3975008841211836, 0.27429735077969297, 0.24920526406733207, -86.91868501219086, -191.6690389335706, 193.06218688310202
flux1:, 1.3984832409917876, 0.2710793941042573, 0.1915499452789879, -95.57262509370584, -196.66008322379423, 193.25573393338732
flux1:, 1.3994655978623916, 0.268974186376189, 0.13290437666914542, -103.95823240119135, -201.33489292886597, 192.93506975846535
flux1:, 1.4004479547329955, 0.2682841690896884, 0.07469121493365126, -111.87627553288559, -205.63461758773144, 192.17544576511193
flux1:, 1.4014303116035993, 0.26932612631120545, 0.018386294186887427, -119.14443069499397, -209.51184972474073, 191.06067994188126
flux1:, 1.4024126684742033, 0.27242531346373566, -0.03451709829669693, -125.6029822293989, -212.93182885516316, 189.68020579131775
flux1:, 1.4033950253448073, 0.2779089228096216, -0.08254515086185517, -131.11968821265197, -215.8732074738294, 188.12600680847325
flux1:, 1.4043773822154113, 0.2860990177471003, -0.12428064530399462, -135.5936412630347, -218.3283579293289, 186.48954786780536
flux1:, 1.4053597390860153, 0.2973050890181688, -0.1583992320726642, -138.9579928705842, -220.30321571105387, 184.85881378388567
flux1:, 1.406342095956619, 0.3118164036516595, -0.1837038460638278, -141.18145270709653, -221.81667133517095, 183.31556002183967
flux1:, 1.407324452827223, 0.3298943313075708, -0.19915629193496204, -142.26852078113393, -222.89953908097894, 181.93287127103588
flux1:, 1.408306809697827, 0.35176484209456527, -0.20390510313870663, -142.25845814796205, -223.59314570076685, 180.7731107389091
flux1:, 1.409289166568431, 0.3776113744606353, -0.1973088814455013, -141.22304928067183, -223.9475953536526, 179.8863270919702
flux1:, 1.410271523439035, 0.40756827108007865, -0.17895445049917355, -139.2632542906105, -224.01977791666974, 179.30916761008788
flux1:, 1.4112538803096388, 0.4417149745894872, -0.14866930402576153, -136.5048901834774, -223.87119611484968, 179.0643260660576
flux1:, 1.4122362371802428, 0.48007116351525847, -0.10652799214613337, -133.0935156517154, -223.5656922993429, 179.16053289678473
flux1:, 1.4132185940508468, 0.5225929918936054, -0.052852262770326966, -129.18872216713203, -223.1671580167082, 179.59307423022557
flux1:, 1.4142009509214508, 0.5691705741729678, 0.011795046116324589, -124.95805427279888, -222.73730870175243, 180.3448061050409
flux1:, 1.4151833077920548, 0.619626830424073, 0.08662218888308094, -120.57079323534509, -222.33360195960645, 181.38761156422896
flux1:, 1.4161656646626586, 0.6737177762285453, 0.17062642220840893, -116.19184022492557, -222.00737116665795, 182.68423194721535
flux1:, 1.4171480215332626, 0.7311343075723983, 0.2626171336815772, -111.97592793391333, -221.80223680948401, 184.190390276464
flux1:, 1.4181303784038666, 0.7915054944564758, 0.36124353455019154, -108.06237339510824, -221.7528464870711, 185.8571146412373
flux1:, 1.4191127352744706, 0.8544033586758465, 0.46502613696786416, -104.57056044184236, -221.88398129479177, 187.63316328564656
flux1:, 1.4200950921450746, 0.9193490723148299, 0.572391135162165, -101.59630881779793, -222.2100519189937, 189.46745091671235
flux1:, 1.4210774490156786, 0.9858204750079811, 0.6817067361541347, -99.20924972576249, -222.7349927677459, 191.3113776021787
flux1:, 1.4220598058862823, 1.053260771006534, 0.7913204410626247, -97.45128615812153, -223.45254743009633, 193.12096740389504
flux1:, 1.4230421627568863, 1.1210882326366756, 0.8995962637160674, -96.33617239096041, -224.34692426971807, 194.85873330879937
flux1:, 1.4240245196274903, 1.188706705868827, 1.0049508893853205, -95.85020234817854, -225.3937875653864, 196.4951976486772
flux1:, 1.4250068764980943, 1.2555166874011379, 1.105887822092371, -95.95395296190023, -226.56153780421695, 198.01001248807495
flux1:, 1.4259892333686983, 1.3209267217556644, 1.2010286423490961, -96.58498791684576, -227.81282493968078, 199.3926417514332
flux1:, 1.4269715902393023, 1.3843648521255365, 1.2891405956806998, -97.66139087915617, -229.10623098247203, 200.6425854254301
flux1:, 1.427953947109906, 1.4452898506758307, 1.3691598524650943, -99.0859668831771, -230.3980534403244, 201.76914523811936
flux1:, 1.42893630398051, 1.5032019530953813, 1.4402099174008718, -100.75092713405171, -231.6441189974831, 202.7907499991382
flux1:, 1.429918660851114, 1.557652828630493, 1.5016148177202775, -102.54285692795324, -232.8015574524569, 203.73387652431086
flux1:, 1.430901017721718, 1.6082545306167997, 1.5529068581707755, -104.34775920977421, -233.83046923122146, 204.63161805545647
flux1:, 1.431883374592322, 1.654687193456889, 1.5938288926875153, -106.05596764199151, -234.69542557819943, 205.52196569717535
flux1:, 1.4328657314629258, 1.696705269660246, 1.6243312224587325, -107.56673275649685, -235.36674851929476, 206.44587910848998
flux1:, 1.4338480883335298, 1.7341421343531482, 1.6445633827894441, -108.79230226983287, -235.82152753200333, 207.4452301175249
flux1:, 1.4348304452041338, 1.7669129237742014, 1.654861222159204, -109.66134111239636, -236.0443411212826, 208.56070682301026
flux1:, 1.4358128020747378, 1.7950155177227813, 1.6557298019823654, -110.121567030915, -236.0276637166631, 209.82976600714034
flux1:, 1.4367951589453418, 1.8185296225967336, 1.647822751239841, -110.1415124218041, -235.7719509768517, 211.2847183635678
flux1:, 1.4377775158159456, 1.8376139603056898, 1.6319187934956758, -109.71136082895907, -235.28540920844182, 212.95102434062096
flux1:, 1.4387598726865496, 1.85250161765336, 1.6088962227567276, -108.84284568104755, -234.5834666834924, 214.84586864929872
flux1:, 1.4397422295571536, 1.8634936593764206, 1.579706137935828, -107.56823770921949, -233.68797571839977, 216.9770691440104
flux1:, 1.4407245864277576, 1.8709511545364954, 1.5453452529568676, -105.93848447445289, -232.62618404455583, 219.34236140524496
flux1:, 1.4417069432983616, 1.8752858090419553, 1.506829081269619, -104.02059904872524, -231.4295219176751, 221.92908456602404
flux1:, 1.4426893001689653, 1.8769494354637475, 1.4651662510167125, -101.89442380723952, -230.13225731054183, 224.71427740161195
flux1:, 1.4436716570395693, 1.8764225238502905, 1.4213346423735371, -99.64891839192082, -228.77007523516542, 227.66517713602616
flux1:, 1.4446540139101733, 1.8742022029396321, 1.3762599543903973, -97.37813735393895, -227.37863865585587, 230.74009748723878
flux1:, 1.4456363707807773, 1.8707898991920109, 1.3307972082981767, -95.17707222431774, -225.99218758955132, 233.88964781392207
flux1:, 1.4466187276513813, 1.8666790108144116, 1.2857155814336019, -93.13753455728832, -224.64222993829216, 237.05824241079574
flux1:, 1.447601084521985, 1.8623429150417572, 1.2416868447329084, -91.34425091877726, -223.35637253921888, 240.18583850909312
flux1:, 1.448583441392589, 1.858223619248872, 1.1992775513399532, -89.87132823605366, -222.1573341036602, 243.20983374796972
flux1:, 1.449565798263193, 1.8547213501149007, 1.1589449984928082, -88.77922905469549, -221.06217346391784, 246.06704904469208
flux1:, 1.450548155133797, 1.8521853504283172, 1.1210368635831618, -88.11237198564011, -220.08175721921316, 248.69572103179812
flux1:, 1.451530512004401, 1.850906120830865, 1.085794301958538, -87.89744409744262, -219.22048086704638, 251.03742954121654
flux1:, 1.4525128688750049, 1.8511093047095264, 1.0533581921057826, -88.1424805003411, -218.476247235783, 253.03888986552292
flux1:, 1.4534952257456089, 1.8529513696240483, 1.0237781262778525, -88.83673326157809, -217.84069591016765, 254.6535464628126
flux1:, 1.4544775826162128, 1.856517189346391, 0.9970236737896055, -89.95131850522954, -217.29966775713967, 255.84291403712413
flux1:, 1.4554599394868168, 1.8618195781784916, 0.9729973918643193, -91.44059848045431, -216.83387997652508, 256.57762307693935
flux1:, 1.4564422963574208, 1.868800775196439, 0.9515490261305928, -93.24422584377793, -216.41977963423096, 256.83813946011276
flux1:, 1.4574246532280246, 1.8773358219942229, 0.93249033002915, -95.2897515720179, -216.0305376425739, 256.61514108262037
flux1:, 1.4584070100986286, 1.8872377249344912, 0.9156099391851505, -97.49567679762244, -215.63714082427592, 255.909548070274
flux1:, 1.4593893669692326, 1.8982642433857375, 0.9006877622772589, -99.77481321197637, -215.20953715347008, 254.73221642446077
flux1:, 1.4603717238398366, 1.9101261003879506, 0.8875083925340849, -102.0378070400751, -214.71778855425904, 253.10331740231433
flux1:, 1.4613540807104406, 1.922496372964928, 0.8758731016315723, -104.19667821165814, -214.13318672626343, 251.0514360583375
flux1:, 1.4623364375810444, 1.935020787051608, 0.8656100479345149, -106.16822922958833, -213.42929025885942, 248.61243177023152
flux1:, 1.4633187944516486, 1.9473286176851277, 0.8565824108687718, -107.87718709257803, -212.58284562774205, 245.8281109137019
flux1:, 1.4643011513222524, 1.9590438794434435, 0.8486942496500016, -109.2589559474916, -211.57456032084974, 242.74476691484224
flux1:, 1.4652835081928564, 1.9697964855736119, 0.8418939744374375, -110.26187719068567, -210.3897030511498, 239.41164557290492
flux1:, 1.4662658650634603, 1.9792330570298087, 0.8361754080386, -110.84891659154403, -209.01851348431825, 235.87939379606885
flux1:, 1.4672482219340643, 1.9870270746601248, 0.8315765034838478, -110.99872362117583, -207.45641182232444, 232.1985478142211
flux1:, 1.4682305788046683, 1.9928880886796627, 0.8281758642501682, -110.70603539259918, -205.70400661524278, 228.41811270876755
flux1:, 1.4692129356752721, 1.9965697287249067, 0.8260872870832534, -109.98142527545248, -203.76690700450877, 224.58427899568855
flux1:, 1.470195292545876, 1.9978762943259147, 0.8254526100624578, -108.8504231712011, -201.6553529324289, 220.7393143496942
flux1:, 1.47117764941648, 1.9966677484639563, 0.8264331990375091, -107.35205951918091, -199.3836834148727, 216.92065975212424
flux1:, 1.472160006287084, 1.992862984721439, 0.8292004425878755, -105.53690735266343, -196.96966853706493, 213.16024980345182
flux1:, 1.473142363157688, 1.986441289944012, 0.8339256484730477, -103.46471528741272, -194.433735213428, 209.48406709807384
flux1:, 1.4741247200282919, 1.9774419777833325, 0.8407697429298258, -101.20173853210571, -191.79811982201971, 205.9119308417575
flux1:, 1.4751070768988959, 1.9659622223782138, 0.8498731684124308, -98.81788439205451, -189.08598250855889, 202.45751070662837
flux1:, 1.4760894337694999, 1.9521531741537108, 0.86134635621486, -96.38379304319368, -186.3205182381487, 199.12854862600898
flux1:, 1.4770717906401039, 1.936214489706694, 0.8752611190472984, -93.96797355142994, -183.52409859330172, 195.92726414076392
flux1:, 1.4780541475107078, 1.9183874535266114, 0.8916432666153652, -91.6341093882661, -180.7174759668809, 192.85091325979977
flux1:, 1.4790365043813116, 1.8989469095228217, 0.9104666964263451, -89.438637433437, -177.91907831448916, 189.89246675678464
flux1:, 1.4800188612519156, 1.878192253828536, 0.9316491545059192, -87.42869022460637, -175.14441819067358, 187.0413714796817
flux1:, 1.4810012181225196, 1.856437766162567, 0.9550497986734516, -85.64047372767452, -172.40563460406386, 184.2843576080249
flux1:, 1.4819835749931236, 1.834002574430575, 0.9804686327814552, -84.09813298799698, -169.71118051722755, 181.60625578618854
flux1:, 1.4829659318637276, 1.8112005557760413, 1.0076478161355291, -82.81313658771747, -167.06566282842272, 178.99079055221435
flux1:, 1.4839482887343314, 1.7883304767527106, 1.036274790340245, -81.78418881646924, -164.4698356459897, 176.42132027217937
flux1:, 1.4849306456049354, 1.7656666657730693, 1.065987108054389, -80.99765679525987, -161.92074183603663, 173.8814986337883
flux1:, 1.4859130024755394, 1.7434504928463193, 1.0963787963471996, -80.42847936358578, -159.41199240725763, 171.35583836767978
flux1:, 1.4868953593461434, 1.7218829054699332, 1.1270080430031537, -80.0415061529456, -156.93416848489505, 168.83016394858464
flux1:, 1.4878777162167474, 1.7011182362376465, 1.1574059583817533, -79.79319961836123, -154.47532658015052, 166.2919462736033
flux1:, 1.4888600730873511, 1.681259458334374, 1.1870861391111547, -79.6336204363006, -152.02158470590618, 163.73051842165057
flux1:, 1.4898424299579551, 1.662355020845942, 1.215554743432312, -79.50860799843963, -149.5577647087555, 161.13717729022537
flux1:, 1.4908247868285591, 1.6443973480923832, 1.2423207815064556, -79.36206296325578, -147.0680650249964, 158.50518094042792
flux1:, 1.4918071436991631, 1.6273230374628571, 1.2669063272077485, -79.13823802635825, -144.53673792553414, 155.82965565947768
flux1:, 1.4927895005697671, 1.611014739999816, 1.2888563702772375, -78.78394612226516, -141.94874615476243, 153.1074299246674
flux1:, 1.4937718574403709, 1.5953046587574624, 1.3077480483685016, -78.25060190439083, -139.2903756167789, 150.33681453164695
flux1:, 1.4947542143109749, 1.5799795532074556, 1.3231990263849576, -77.49602215556618, -136.54978331354297, 147.51734909911738
flux1:, 1.4957365711815789, 1.564787095047386, 1.3348748243197832, -76.48592323070977, -133.71746296127162, 144.64953500288337
flux1:, 1.4967189280521829, 1.5494433829215064, 1.34249493315867, -75.19506810808629, -130.7866144517289, 141.73457360041573
flux1:, 1.4977012849227869, 1.533641391848743, 1.345837599807139, -73.60803144757753, -127.75340741886646, 138.7741265030506
flux1:, 1.4986836417933906, 1.5170601084329565, 1.3447432049546018, -71.71956751546868, -124.61713344742661, 135.77011179771193
flux1:, 1.4996659986639946, 1.4993740858420948, 1.339116200814534, -69.53458222984581, -121.3802457483825, 132.72454670187605
flux1:, 1.5006483555345986, 1.4802631434814197, 1.328925617391717, -67.06772623475062, -118.04828926382893, 129.6394433628958
flux1:, 1.5016307124052026, 1.4594219353986786, 1.3142041850602966, -64.34264021030673, -114.62972800171104, 126.51676060044896
flux1:, 1.5026130692758066, 1.4365691186409968, 1.295046156686185, -61.39089603822634, -111.13567980836669, 123.35841055128293
flux1:, 1.5035954261464104, 1.4114558676894158, 1.2716039433855213, -58.250687538170794, -107.57957165610861, 120.16631560660672
flux1:, 1.5045777830170146, 1.3838735031510627, 1.2440837035760328, -54.96533195643345, -103.97673077249947, 116.94250791043305
flux1:, 1.5055601398876184, 1.3536600313121614, 1.2127400447775467, -51.581648035311396, -100.34392851309096, 113.6892611567925
flux1:, 1.5065424967582224, 1.320705424986399, 1.1778700113996636, -48.14827825683378, -96.69889475508482, 110.40924259385743
flux1:, 1.5075248536288264, 1.2849555142320177, 1.1398065394931634, -44.71402179993271, -93.0598207676096, 107.10567208225842
flux1:, 1.5085072104994304, 1.2464143967402246, 1.0989115613113842, -41.3262410527269, -89.4448680244159, 103.78247478928112
flux1:, 1.5094895673700344, 1.205145320740558, 1.0555689388974605, -38.02939846177327, -85.87169931967037, 100.44441461524468
flux1:, 1.5104719242406381, 1.1612700368142665, 1.0101773973074324, -34.86377244400874, -82.35704690075913, 97.0971966882048
flux1:, 1.5114542811112421, 1.114966657759761, 0.96314361515601, -31.864391467438775, -78.91633023440144, 93.74752913875548
flux1:, 1.5124366379818461, 1.0664661063719822, 0.9148756136874711, -29.060214701005815, -75.56333357648147, 90.4031367586893
flux1:, 1.5134189948524501, 1.0160472685277728, 0.8657765663493375, -26.473576342076072, -72.30995083265631, 87.07272191465019
flux1:, 1.5144013517230541, 0.9640310022834401, 0.8162391297318117, -24.119899351119145, -69.16600238964247, 83.76587107460433
flux1:, 1.515383708593658, 0.9107731819098385, 0.7666403745760714, -22.007673334988, -66.13912577807996, 80.49290834897839
flux1:, 1.516366065464262, 0.8566569782168977, 0.7173373731661966, -20.138681159309098, -63.23473930355398, 77.26470039006922
flux1:, 1.5173484223348659, 0.802084592641182, 0.6686634775501431, -18.50844991554329, -60.45607524935077, 74.09241968246715
flux1:, 1.5183307792054699, 0.7474686720847783, 0.6209253023554943, -17.10689442668261, -57.80427699681257, 70.98727556136488
flux1:, 1.5193131360760739, 0.6932236343016471, 0.5744004070386782, -15.919115774055435, -55.27855249536898, 67.96022410461701
flux1:, 1.5202954929466777, 0.6397571298381154, 0.5293356556848967, -14.926313506649693, -52.87637499608114, 65.02166927674699
flux1:, 1.5212778498172816, 0.5874618564461185, 0.48594621828432333, -14.106768306159262, -50.59372087304272, 62.18116830727853
flux1:, 1.5222602066878856, 0.5367079259894167, 0.44441516595621267, -13.436851892655923, -48.425333711521965, 59.447154243728804
flux1:, 1.5232425635584896, 0.48783596279282754, 0.4048936039544381, -12.892022754923067, -46.36500363720444, 56.82668794481481
flux1:, 1.5242249204290936, 0.4411510869265955, 0.367501280437355, -12.447769693447073, -44.40585107801073, 54.32525051670823
flux1:, 1.5252072772996974, 0.3969179069551102, 0.332327605784834, -12.080469931648613, -42.540604753850324, 51.94658541646136
flux1:, 1.5261896341703014, 0.3553566151783933, 0.29943301647691956, -11.768134396471371, -40.7618646333575, 49.69259724755368
flux1:, 1.5271719910409054, 0.31664024536135676, 0.26885061891745987, -11.4910193772802, -39.06234182247417, 47.56331176613166
flux1:, 1.5281543479115094, 0.28089311940078987, 0.2405880517491692, -11.232090812422902, -37.43506879302525, 45.55689892798228
flux1:, 1.5291367047821134, 0.24819047632319968, 0.21462950978706355, -10.977334596971867, -35.873574951173616, 43.66975806657924
flux1:, 1.5301190616527172, 0.21855924538711452, 0.19093787830428555, -10.71591323958137, -34.372024215223675, 41.896661631064475
flux1:, 1.5311014185233212, 0.19197989575185118, 0.16945693265083003, -10.440175635885165, -32.92531295075846, 40.23095145263949
flux1:, 1.5320837753939252, 0.1683892689426785, 0.15011356470770645, -10.14553242431122, -31.52912823352888, 38.66477935820103
flux1:, 1.5330661322645291, 0.14768427783438973, 0.13282000414308723, -9.830214149189844, -30.179967918111746, 37.18938220345092
flux1:, 1.5340484891351331, 0.12972633760348115, 0.11747600856019716, -9.494933130791159, -28.875125332902325, 35.7953801248511
flux1:, 1.535030846005737, 0.11434638042290447, 0.10397100217642741, -9.142472444475226, -27.61264255844401, 34.47308605730357
flux1:, 1.536013202876341, 0.10135029680229546, 0.09218614748016893, -8.777226710774142, -26.391237146662156, 33.212814353407296
flux1:, 1.536995559746945, 0.09052464246305794, 0.08199633826578202, -8.404719519444054, -25.210207784088997, 32.00517666585729
flux1:, 1.537977916617549, 0.08164245038666754, 0.07327210550033263, -8.031121328503968, -24.069324785092412, 30.841354087570775
flux1:, 1.538960273488153, 0.07446899295026545, 0.06588142963755421, -7.66278971342575, -22.968711424491055, 29.713335832714215
flux1:, 1.5399426303587567, 0.06876734850256559, 0.059691454325005604, -7.305851047458774, -21.90872199582878, 28.614116414561863
flux1:, 1.5409249872293607, 0.06430363986149287, 0.05457009705328181, -6.96583925399445, -20.889822133924568, 27.537845246600227
flux1:, 1.5419073440999647, 0.06085182846959875, 0.05038755230955479, -6.647403385277644, -19.912476397446643, 26.479924764081446
flux1:, 1.5428897009705687, 0.05819796668918179, 0.047017682381752315, -6.3540916549707545, -18.977047404193453, 25.437055431010887
flux1:, 1.5438720578411727, 0.05614383127747272, 0.044339290288729676, -6.088215388554766, -18.08370998773816, 24.407228258253085
flux1:, 1.5448544147117764, 0.05450988274978017, 0.0422372685608989, -5.850792346847736, -17.23238294025424, 23.38966761169355
flux1:, 1.5458367715823806, 0.053137517412990894, 0.04060361693286501, -5.6415651958154145, -16.422679964570715, 22.38472904360462
flux1:, 1.5468191284529844, 0.05189060065244501, 0.03933832158478379, -5.459087685620592, -15.653880519163893, 21.393758555939073
flux1:, 1.5478014853235884, 0.050656290944678856, 0.038350088508695375, -5.300868477584773, -14.92492034063405, 20.41892103757897
flux1:, 1.5487838421941924, 0.049345183469083655, 0.03755692397490429, -5.163560598847521, -14.234400602798573, 19.46300656255272
flux1:, 1.5497661990647964, 0.047890819601871026, 0.03688655599260798, -5.043183254587844, -13.580613948236405, 18.529223766393887
flux1:, 1.5507485559354004, 0.046248623582214606, 0.03627669212244463, -4.93536219465234, -12.96158502935888, 17.620989626416847
flux1:, 1.5517309128060042, 0.04439433992562571, 0.035675110993813375, -4.835574989592273, -12.375122737810285, 16.74172467121802
flux1:, 1.5527132696766082, 0.042322054507853646, 0.035039587358995344, -4.739388364463224, -11.818880992358384, 15.894661965794128
flux1:, 1.5536956265472122, 0.04004188854144168, 0.034337653400149167, -4.642676085559338, -11.290424799016906, 15.082677207596396
flux1:, 1.5546779834178162, 0.03757745790475874, 0.03354620218792636, -4.541807693626902, -10.78729828915528, 14.308145985083865
flux1:, 1.5556603402884202, 0.0349631905450829, 0.0326509425452812, -4.4338005108491325, -10.307091572248204, 13.57283276304102
flux1:, 1.556642697159024, 0.03224159213590693, 0.031645717956232736, -4.316429694068933, -9.847503495113669, 12.877814543477154
flux1:, 1.557625054029628, 0.029460545075103196, 0.030531705429806013, -4.188293537770219, -9.40639776031465, 12.223440485157331
flux1:, 1.558607410900232, 0.026670718581575797, 0.029316513237909753, -4.048833626149049, -8.981850301080007, 11.609327125350829
flux1:, 1.559589767770836, 0.02392315845151731, 0.028013199054138887, -3.8983116828394566, -8.572186314796657, 11.034387306120006
flux1:, 1.56057212464144, 0.021267114376574726, 0.026639232104899806, -3.737746972557309, -8.176005897141131, 10.496889528690382
flux1:, 1.5615544815120437, 0.018748151032024474, 0.025215424401785945, -3.5688197920990903, -7.792197769609428, 9.99454329685953
flux1:, 1.5625368383826477, 0.016406576846865126, 0.023764856876749823, -3.393747890295833, -7.41994113110653, 9.524605105600253
flux1:, 1.5635191952532517, 0.014276211895402848, 0.022311826239937063, -3.2151435411407014, -7.058696167834294, 9.083999111744523
flux1:, 1.5645015521238557, 0.012383504106166562, 0.020880837605500625, -3.035859447016008, -6.708184206280798, 8.669446203430073
flux1:, 1.5654839089944597, 0.010746991340540942, 0.01949566639587649, -2.858831676841984, -6.368358876201159, 8.277595163103602
flux1:, 1.5664662658650634, 0.009377096178943169, 0.018178510783161815, -2.6869274738339928, -6.039369952483808, 7.905149880988807
flux1:, 1.5674486227356674, 0.008276230744331916, 0.016949253029416512, -2.5228050433192117, -5.7215217590585095, 7.548987095589139
flux1:, 1.5684309796062714, 0.007439180811477643, 0.015824844642798548, -2.36879141059524, -5.415228140951617, 7.206259878043576
flux1:, 1.5694133364768754, 0.006853731955574968, 0.014818826391899909, -2.226783190290955, -5.120966042633175, 6.874482992901176
flux1:, 1.5703956933474794, 0.006501495682845276, 0.01394099005061599, -2.098173706667859, -4.839229676022594, 6.551597308294859
flux1:, 1.5713780502180832, 0.006358890394703618, 0.013197184424698472, -1.9838084257872184, -4.570487127378673, 6.23601153968127
flux1:, 1.5723604070886872, 0.006398230643426863, 0.012589263888045259, -1.883969181090285, -4.315141048997336, 5.926620738887053
flux1:, 1.5733427639592912, 0.006588878364168687, 0.01211517347895858, -1.7983862644631985, -4.0734948217013445, 5.622802031931034
flux1:, 1.5743251208298952, 0.006898411490875685, 0.0117691607141386, -1.726276178105367, -3.8457252715430696, 5.32438911707058
flux1:, 1.5753074777004992, 0.007293768416758223, 0.011542100798531579, -1.6664017509602425, -3.631862693972514, 5.031627917257563
flux1:, 1.576289834571103, 0.007742330945376968, 0.011421918952274276, -1.6171504573218314, -3.4317785961522507, 4.745116505154608
flux1:, 1.577272191441707, 0.008212913474526854, 0.011394091230801338, -1.5766261614283847, -3.245181227988855, 4.465732959585924
flux1:, 1.578254548312311, 0.008676631925569469, 0.011442203545375066, -1.542749163545854, -3.0716186486658654, 4.194555155129774
flux1:, 1.579236905182915, 0.009107632133599726, 0.011548547637672395, -1.5133593399340273, -2.910488780394771, 3.9327766266650963
flux1:, 1.580219262053519, 0.009483663809657572, 0.011694732535548064, -1.4863173382627715, -2.7610556452493515, 3.6816225929483517
flux1:, 1.5812016189241227, 0.00978649254655619, 0.011862290503318516, -1.4595991874478775, -2.6224707725677843, 3.4422699813558717
flux1:, 1.5821839757947267, 0.010002148453971743, 0.012033257659016193, -1.4313802731505707, -2.493798609354241, 3.215774891263019
flux1:, 1.5831663326653307, 0.010121015689122204, 0.012190711200698782, -1.4001053768685572, -2.374044667682554, 3.003010393906952
flux1:, 1.5841486895359347, 0.010137772237736053, 0.012319247481394846, -1.3645423324588266, -2.2621851021046018, 2.8046169244765364
flux1:, 1.5851310464065387, 0.010051193669077689, 0.012405387899230989, -1.3238177716286557, -2.1571964248795283, 2.6209668130083403
flux1:, 1.5861134032771425, 0.009863838145320374, 0.012437902615107277, -1.277434362088262, -2.058084133662081, 2.45214376097018
flux1:, 1.5870957601477467, 0.009581632650916012, 0.012408045357093753, -1.2252698437402656, -1.9639091393934498, 2.2979373360831943
flux1:, 1.5880781170183504, 0.009213382197380908, 0.012309695897895288, -1.1675589988885449, -1.8738110342356649, 2.1578518625934446
flux1:, 1.5890604738889544, 0.008770224661232878, 0.012139410080420373, -1.104860417382894, -1.787027422004896, 2.031128457749226
flux1:, 1.5900428307595584, 0.008265053965534315, 0.011896380403924298, -1.0380105095216776, -1.7029087374562328, 1.9167784327010364
flux1:, 1.5910251876301624, 0.007711933583104924, 0.011582313066827575, -0.9680676591140928, -1.620928196371982, 1.8136258566068648
flux1:, 1.5920075445007664, 0.007125520908429471, 0.0112012299027898, -0.8962496855180541, -1.5406867362082115, 1.7203567892854907
flux1:, 1.5929899013713702, 0.006520521019859675, 0.010759205770939154, -0.8238678942950728, -1.4619130180132398, 1.6355725265663983
flux1:, 1.5939722582419742, 0.0059111858506198465, 0.010264053614392437, -0.752260946885393, -1.384458756208874, 1.557844173296502
flux1:, 1.5949546151125782, 0.00531087193084695, 0.009724970547801835, -0.6827315831403042, -1.3082898164814278, 1.485765955418645
flux1:, 1.5959369719831822, 0.004731666780565352, 0.009152158958962446, -0.616488905475778, -1.2334736676505804, 1.4180048927901123
flux1:, 1.5969193288537862, 0.004184090850316122, 0.00855643671533421, -0.5545985034711107, -1.1601638866522364, 1.353344762021289
flux1:, 1.59790168572439, 0.0036768787410915976, 0.007948850175966677, -0.49794218993481804, -1.0885824939446467, 1.2907226635740658
flux1:, 1.598884042594994, 0.003216840397445904, 0.00734030286190247, -0.4471885626794799, -1.019000938592462, 1.2292569472423103
flux1:, 1.599866399465598, 0.0028088001531305566, 0.006741211387166836, -0.40277502974439655, -0.9517205584274754, 1.1682657212785885
flux1:, 1.600848756336202, 0.0024556089981508334, 0.006161198663668374, -0.36490136781008564, -0.8870533128888265, 1.1072756491255822
flux1:, 1.601831113206806, 0.0021582232932854735, 0.005608832540831091, -0.3335343500009269, -0.8253035275810268, 1.046021201312396
flux1:, 1.6028134700774097, 0.0019158414285124535, 0.005091416004806353, -0.3084225027497813, -0.7667513044844108, 0.9844349579946756
flux1:, 1.6037958269480137, 0.0017260886328158667, 0.0046148329251389595, -0.2891196502731583, -0.7116381451934518, 0.9226299321707758
flux1:, 1.6047781838186177, 0.001585239304076754, 0.004183451180466652, -0.27501559307699314, -0.6601552122088634, 0.8608751906588072
flux1:, 1.6057605406892217, 0.0014884658320424196, 0.0038000828975169897, -0.2653720522739614, -0.612434521139864, 0.7995662793462154
flux1:, 1.6067428975598257, 0.0014301029123853861, 0.003465999570841386, -0.25936189769331397, -0.5685432207097662, 0.7391921051284234
flux1:, 1.6077252544304295, 0.0014039167601093362, 0.0031809980576395632, -0.256109663195358, -0.5284809835104595, 0.6802999876977446
flux1:, 1.6087076113010335, 0.001403369379616394, 0.002943511914999572, -0.25473143112197943, -0.49218040390137147, 0.6234605723561034
flux1:, 1.6096899681716375, 0.0014218690819660942, 0.0027507613066887144, -0.25437232934182114, -0.45951018504218566, 0.5692341964528224
flux1:, 1.6106723250422414, 0.0014529996967277091, 0.0025989337810033097, -0.2542401156210429, -0.430280798731264, 0.5181401362092053
flux1:, 1.6116546819128454, 0.00149072234289784, 0.002483387625012387, -0.253633609461376, -0.40425222254566223, 0.4706299394877014
flux1:, 1.6126370387834492, 0.0015295451365552862, 0.0023988692357126964, -0.2519650540497241, -0.38114330079467823, 0.42706578721017624
flux1:, 1.6136193956540532, 0.0015646577600163022, 0.0023397360048497498, -0.24877583297251496, -0.3606422400662011, 0.38770453644712466
flux1:, 1.6146017525246572, 0.001592029339946584, 0.0023001765700984144, -0.24374531060737942, -0.3424177367252164, 0.3526877968121084
flux1:, 1.6155841093952612, 0.0016084695275503196, 0.002274420909756977, -0.23669289547113392, -0.3261302417446144, 0.3220380934247577
flux1:, 1.6165664662658652, 0.0016116539972148808, 0.00225693361211468, -0.2275737279343934, -0.31144289600657643, 0.29566088799581147
flux1:, 1.617548823136469, 0.001600116743565185, 0.002242584688994052, -0.2164686556096654, -0.2980317142837101, 0.2733519765341631
flux1:, 1.618531180007073, 0.0015732125325470456, 0.002226793476570949, -0.20356937212016576, -0.28559465550400953, 0.2548095676725545
flux1:, 1.619513536877677, 0.001531053630755932, 0.0022056424243041125, -0.18915975158619233, -0.2738592872240033, 0.23965017710882514
flux1:, 1.620495893748281, 0.0014744254888751959, 0.0021759588636707248, -0.17359450880165891, -0.26258882984555615, 0.22742735599378158
flux1:, 1.621478250618885, 0.0014046863885055765, 0.002135364123288234, -0.15727635349131563, -0.2515864473065969, 0.21765220640387392
flux1:, 1.6224606074894887, 0.001323656183816742, 0.002082290570558774, -0.14063278879428984, -0.24069773213819223, 0.2098146248476737
flux1:, 1.6234429643600927, 0.0012334991942238584, 0.0020159682718306794, -0.1240936342292287, -0.22981141053251913, 0.20340425217894262
flux1:, 1.6244253212306967, 0.0011366060518365174, 0.00193638393936091, -0.10807023892443113, -0.21885836439420633, 0.1979301903062756
flux1:, 1.6254076781013007, 0.0010354789024441529, 0.00184421564715955, -0.09293720046561184, -0.20780912970523804, 0.19293866593472297
flux1:, 1.6263900349719047, 0.0009326238296685625, 0.0017407474301478869, -0.07901722799379844, -0.1966700819266903, 0.18802797115970554
flux1:, 1.6273723918425085, 0.0008304537489331786, 0.0016277683206927039, -0.06656959534925846, -0.1854785581824625, 0.18286018112349112
flux1:, 1.6283547487131127, 0.0007312043323823109, 0.00150746062034543, -0.05578243127548653, -0.17429719183825781, 0.17716933082841332
flux1:, 1.6293371055837165, 0.0006368648085836038, 0.001382282256569477, -0.046768898653398464, -0.16320774762586993, 0.17076591735849664
flux1:, 1.6303194624543205, 0.000549124761091103, 0.0012548479454809085, -0.03956713220916631, -0.15230474506655606, 0.16353777148511592
flux1:, 1.6313018193249245, 0.000469337354551195, 0.0011278135890842467, -0.03414364166126706, -0.14168914554331802, 0.15544750611201152
flux1:, 1.6322841761955285, 0.00039849876957647845, 0.0010037679011034998, -0.030399750862067497, -0.13146235532339082, 0.14652689163047133
flux1:, 1.6332665330661325, 0.0003372430477771381, 0.0008851347050041911, -0.02818053748979988, -0.12172076486998232, 0.13686862482117
flux1:, 1.6342488899367362, 0.0002858510516099375, 0.0007740887094633727, -0.02728566484428326, -0.11255100589111218, 0.12661604484011948
flux1:, 1.6352312468073402, 0.00024427184101676795, 0.0006724868700468216, -0.027481458137569303, -0.10402606389735103, 0.1159514050852161
flux1:, 1.6362136036779442, 0.00021215446671824336, 0.0005818167209661083, -0.028513571542368082, -0.09620233777984544, 0.10508333299788765
flux1:, 1.6371959605485482, 0.00018888798061187493, 0.0005031623363399548, -0.03011961687772657, -0.08911769122701864, 0.09423410227116878
flux1:, 1.6381783174191522, 0.0001736473651318223, 0.0004371878831894134, -0.032041176617838514, -0.08279049569641156, 0.08362730603855552
flux1:, 1.639160674289756, 0.00016544308014144676, 0.00038413808240010113, -0.03403469835999638, -0.0772196229540514, 0.07347645907587932
flux1:, 1.64014303116036, 0.00016317200936072224, 0.00034385431944712185, -0.03588085972498514, -0.0723853084225266, 0.06397497643123211
flux1:, 1.641125388030964, 0.0001656677473700988, 0.00031580466010386067, -0.037392096231509256, -0.06825077595018636, 0.055287880386168366
flux1:, 1.642107744901568, 0.00017174838996547787, 0.0002991256394670587, -0.03841809422645151, -0.0647644909882117, 0.04754548276169767
flux1:, 1.643090101772172, 0.00018026026090445918, 0.0002926734127389934, -0.03884916087940811, -0.06186289303123948, 0.04083918086945945
flux1:, 1.6440724586427757, 0.0001901163121893696, 0.00029508168608877454, -0.03861748840254793, -0.05947344967628745, 0.03521939821436362
flux1:, 1.6450548155133797, 0.0002003282583339391, 0.000304823783977733, -0.03769642551449662, -0.05751787357464121, 0.03069560026182191
flux1:, 1.6460371723839837, 0.000210031833522797, 0.0003202762501904356, -0.036097952000093164, -0.05591534938017889, 0.027238225421804076
flux1:, 1.6470195292545877, 0.0002185048812197656, 0.0003397815143968724, -0.03386861921371788, -0.05458562975587809, 0.024782295297737754
flux1:, 1.6480018861251917, 0.0002251782871597333, 0.0003617073726559076, -0.03108426868689632, -0.053451876604538054, 0.023232408717538188
flux1:, 1.6489842429957955, 0.00022964003905498549, 0.0003845013147483085, -0.027843871764267645, -0.05244314479961423, 0.022468782659336984
flux1:, 1.6499665998663995, 0.00023163293207524555, 0.00040673806801013287, -0.024262845485494722, -0.051496429583504186, 0.022353980497025378
flux1:, 1.6509489567370035, 0.00023104663263648904, 0.0004271591000348922, -0.020466194690176104, -0.0505582242136165, 0.02273996368546776
flux1:, 1.6519313136076075, 0.00022790496078690904, 0.0004447032145916506, -0.016581809235869077, -0.049585560145431, 0.023475115911795325
flux1:, 1.6529136704782115, 0.00022234935213501865, 0.00045852777031412626, -0.012734210579962664, -0.048546526896024025, 0.024410916963580536
flux1:, 1.6538960273488152, 0.00021461951437724364, 0.00046802043507763026, -0.00903899652632051, -0.04742029170966433, 0.025407984635466292
flux1:, 1.6548783842194192, 0.00020503230332867466, 0.00047280174702746817, -0.005598179702891576, -0.04619665938592356, 0.026341254022531596
flux1:, 1.6558607410900232, 0.00019395981273595572, 0.0004727190744022508, -0.0024965574592666208, -0.04487522945670763, 0.02710412138939101
flux1:, 1.6568430979606272, 0.00018180760603435953, 0.0004678328413079247, 0.0002008085483828951, -0.04346422083901455, 0.027611441235336456
flux1:, 1.6578254548312312, 0.00016899392250600254, 0.00045839610858449824, 0.0024499828677051463, -0.04197904288342091, 0.027801327047244903
flux1:, 1.658807811701835, 0.0001559305714889067, 0.0004448287634861499, 0.004228450712357232, -0.04044069632536741, 0.027635765614183808
flux1:, 1.659790168572439, 0.00014300609316365221, 0.00042768767724310844, 0.005534398128947936, -0.03887408816154761, 0.027100109080549634
flux1:, 1.660772525443043, 0.0001305716197768175, 0.0004076342361333765, 0.006385099616965585, -0.037306341221142514, 0.02620155598717712
flux1:, 1.661754882313647, 0.00011892972347340995, 0.00038540064222687437, 0.006814565837782871, -0.035765172630794276, 0.02496677074631716
flux1:, 1.662737239184251, 0.0001083263922263826, 0.000361756319020534, 0.006870625156285588, -0.03427740604416376, 0.023438819216708772
flux1:, 1.6637195960548548, 9.894613901177567e-05, 0.0003374756509747442, 0.006611623928673665, -0.03286767106316506, 0.02167361574545704
flux1:, 1.6647019529254587, 9.091012590635515e-05, 0.00031330814195985657, 0.00610293201200683, -0.031557330403023366, 0.01973608421741006
flux1:, 1.6656843097960627, 8.427707777376627e-05, 0.0002899519040659018, 0.005413432676738231, -0.030363661741084593, 0.017696232792745153
flux1:, 1.6666666666666667, 7.904667227414842e-05, 0.00026803119397969234, 0.004612161061623948, -0.02929930751325399, 0.015625330045412552

Elapsed run time = 370.9192 s
