Using MPI version 4.0, 1 processes
-----------
Initializing structure...
Halving computational cell along direction y
time for choose_chunkdivision = 0.000181913 s
Working in 2D dimensions.
Computational cell is 12.4 x 6 x 0 with resolution 20
     block, center = (0,0,0)
          size (1e+20,1.2,1e+20)
          axes (1,0,0), (0,1,0), (0,0,1)
          dielectric constant epsilon diagonal = (13,13,13)
     cylinder, center = (0.7,0,0)
          radius 0.36, height 1e+20, axis (0, 0, 1)
          dielectric constant epsilon diagonal = (1,1,1)
     cylinder, center = (-0.7,0,0)
          radius 0.36, height 1e+20, axis (0, 0, 1)
          dielectric constant epsilon diagonal = (1,1,1)
     cylinder, center = (1.7,0,0)
          radius 0.36, height 1e+20, axis (0, 0, 1)
          dielectric constant epsilon diagonal = (1,1,1)
     cylinder, center = (-1.7,0,0)
          radius 0.36, height 1e+20, axis (0, 0, 1)
          dielectric constant epsilon diagonal = (1,1,1)
     cylinder, center = (2.7,0,0)
          radius 0.36, height 1e+20, axis (0, 0, 1)
          dielectric constant epsilon diagonal = (1,1,1)
     cylinder, center = (-2.7,0,0)
          radius 0.36, height 1e+20, axis (0, 0, 1)
          dielectric constant epsilon diagonal = (1,1,1)
time for set_epsilon = 0.050678 s
-----------
creating output file "./holey-wvg-cavity-eps-000000.00.h5"...
creating output file "./holey-wvg-cavity-hz-slice.h5"...
     block, center = (0,0,0)
          size (1e+20,1.2,1e+20)
          axes (1,0,0), (0,1,0), (0,0,1)
          dielectric constant epsilon diagonal = (13,13,13)
     cylinder, center = (0.7,0,0)
          radius 0.36, height 1e+20, axis (0, 0, 1)
          dielectric constant epsilon diagonal = (1,1,1)
     cylinder, center = (-0.7,0,0)
          radius 0.36, height 1e+20, axis (0, 0, 1)
          dielectric constant epsilon diagonal = (1,1,1)
     cylinder, center = (1.7,0,0)
          radius 0.36, height 1e+20, axis (0, 0, 1)
          dielectric constant epsilon diagonal = (1,1,1)
     cylinder, center = (-1.7,0,0)
          radius 0.36, height 1e+20, axis (0, 0, 1)
          dielectric constant epsilon diagonal = (1,1,1)
     cylinder, center = (2.7,0,0)
          radius 0.36, height 1e+20, axis (0, 0, 1)
          dielectric constant epsilon diagonal = (1,1,1)
     cylinder, center = (-2.7,0,0)
          radius 0.36, height 1e+20, axis (0, 0, 1)
          dielectric constant epsilon diagonal = (1,1,1)
on time step 1073 (time=26.825), 0.00372788 s/step
field decay(t = 50.025000000000006): 3.9579082047198376e-05 / 3.9579082047198376e-05 = 1.0
on time step 2080 (time=52), 0.00397775 s/step
on time step 3200 (time=80), 0.00364606 s/step
field decay(t = 100.05000000000001): 6.062401894821024e-05 / 6.062401894821024e-05 = 1.0
on time step 4360 (time=109), 0.00354868 s/step
on time step 5480 (time=137), 0.00360645 s/step
field decay(t = 150.07500000000002): 1.773457055369864e-05 / 6.062401894821024e-05 = 0.29253373269180477
on time step 6680 (time=167), 0.00340903 s/step
on time step 7874 (time=196.85), 0.0033501 s/step
field decay(t = 200.10000000000002): 7.468025297259123e-06 / 6.062401894821024e-05 = 0.12318591586016249
on time step 9040 (time=226), 0.00350976 s/step
field decay(t = 250.125): 5.439633091350679e-06 / 6.062401894821024e-05 = 0.08972735865627182
on time step 10200 (time=255), 0.00347474 s/step
on time step 11360 (time=284), 0.00349035 s/step
field decay(t = 300.15000000000003): 4.232911651741265e-06 / 6.062401894821024e-05 = 0.06982235300759833
on time step 12520 (time=313), 0.0035071 s/step
on time step 13680 (time=342), 0.00353889 s/step
field decay(t = 350.175): 3.4766288458243945e-06 / 6.062401894821024e-05 = 0.05734738320127542
on time step 14840 (time=371), 0.00347884 s/step
on time step 16000 (time=400), 0.0035148 s/step
field decay(t = 400.20000000000005): 2.8471346879220673e-06 / 6.062401894821024e-05 = 0.046963806381004065
on time step 17200 (time=430), 0.00342074 s/step
field decay(t = 450.225): 2.328975097970537e-06 / 6.062401894821024e-05 = 0.038416705760799676
on time step 18360 (time=459), 0.0035288 s/step
on time step 19560 (time=489), 0.00344608 s/step
field decay(t = 500.25): 1.9177580551625957e-06 / 6.062401894821024e-05 = 0.03163363446426892
on time step 20720 (time=518), 0.00348078 s/step
on time step 21880 (time=547), 0.00350833 s/step
field decay(t = 550.275): 1.566205128323393e-06 / 6.062401894821024e-05 = 0.02583472946030463
on time step 23040 (time=576), 0.00350747 s/step
field decay(t = 600.3000000000001): 1.2900383339035156e-06 / 6.062401894821024e-05 = 0.021279327175678785
on time step 24200 (time=605), 0.00354129 s/step
on time step 25360 (time=634), 0.00350148 s/step
field decay(t = 650.325): 1.0534058195581604e-06 / 6.062401894821024e-05 = 0.017376047280172266
on time step 26520 (time=663), 0.00346835 s/step
on time step 27720 (time=693), 0.00343862 s/step
field decay(t = 700.35): 8.676272594305272e-07 / 6.062401894821024e-05 = 0.014311609069859291
on time step 28880 (time=722), 0.00352802 s/step
field decay(t = 750.375): 7.087820739724995e-07 / 6.062401894821024e-05 = 0.011691439899060409
on time step 30040 (time=751), 0.00351972 s/step
on time step 31200 (time=780), 0.00346144 s/step
field decay(t = 800.4000000000001): 5.837770400453794e-07 / 6.062401894821024e-05 = 0.009629467827662289
on time step 32360 (time=809), 0.00345026 s/step
on time step 33520 (time=838), 0.00348072 s/step
field decay(t = 850.4250000000001): 4.808205960298487e-07 / 6.062401894821024e-05 = 0.007931189722684058
on time step 34680 (time=867), 0.00352199 s/step
on time step 35840 (time=896), 0.00350228 s/step
field decay(t = 900.45): 3.926812297718569e-07 / 6.062401894821024e-05 = 0.0064773209791207645
on time step 37000 (time=925), 0.00355171 s/step
field decay(t = 950.475): 3.23425965356375e-07 / 6.062401894821024e-05 = 0.00533494761593867
on time step 38160 (time=954), 0.00345685 s/step
on time step 39320 (time=983), 0.0035238 s/step
field decay(t = 1000.5): 2.6407774313354643e-07 / 6.062401894821024e-05 = 0.004355992026182596
on time step 40480 (time=1012), 0.00352944 s/step
on time step 41640 (time=1041), 0.00347844 s/step
field decay(t = 1050.525): 2.1750627194786136e-07 / 6.062401894821024e-05 = 0.0035877903794809805
on time step 42760 (time=1069), 0.00359853 s/step
on time step 43920 (time=1098), 0.00354877 s/step
field decay(t = 1100.55): 1.776896021031848e-07 / 6.062401894821024e-05 = 0.002931009939393512
on time step 45080 (time=1127), 0.00350623 s/step
field decay(t = 1150.575): 1.463534696193178e-07 / 6.062401894821024e-05 = 0.002414116915349085
on time step 46240 (time=1156), 0.00354106 s/step
on time step 47400 (time=1185), 0.00347896 s/step
field decay(t = 1200.6000000000001): 1.19531437597078e-07 / 6.062401894821024e-05 = 0.001971684485305916
on time step 48598 (time=1214.95), 0.00333901 s/step
on time step 49720 (time=1243), 0.00357059 s/step
field decay(t = 1250.625): 9.845036591681586e-08 / 6.062401894821024e-05 = 0.001623949840754039
on time step 50920 (time=1273), 0.0034158 s/step
field decay(t = 1300.65): 8.03871347178964e-08 / 6.062401894821024e-05 = 0.0013259948138141311
on time step 52080 (time=1302), 0.00351529 s/step
on time step 53240 (time=1331), 0.00345595 s/step
field decay(t = 1350.6750000000002): 6.621009853390899e-08 / 6.062401894821024e-05 = 0.0010921430100249675
on time step 54400 (time=1360), 0.00348007 s/step
on time step 55560 (time=1389), 0.00345059 s/step
field decay(t = 1400.7): 5.408528044424508e-08 / 6.062401894821024e-05 = 0.0008921427741445011
run 0 finished at t = 1400.7 (56028 timesteps)
Generating MP4...
flux1:, 0.15, 3.7376858913961835e-06
flux1:, 0.1504008016032064, 2.94779854275628e-06
flux1:, 0.1508016032064128, 4.326266002162294e-06
flux1:, 0.15120240480961925, 3.289267412992171e-06
flux1:, 0.15160320641282565, 4.861419492283461e-06
flux1:, 0.15200400801603206, 3.836496383580104e-06
flux1:, 0.15240480961923847, 5.32692504524909e-06
flux1:, 0.15280561122244488, 4.623955519028113e-06
flux1:, 0.15320641282565128, 5.7395217911754805e-06
flux1:, 0.15360721442885772, 5.65733397446668e-06
flux1:, 0.15400801603206413, 6.155797648080096e-06
flux1:, 0.15440881763527053, 6.9120956104277426e-06
flux1:, 0.15480961923847694, 6.672100803160611e-06
flux1:, 0.15521042084168335, 8.34031573769095e-06
flux1:, 0.15561122244488979, 7.416728741371037e-06
flux1:, 0.1560120240480962, 9.88621078603142e-06
flux1:, 0.1564128256513026, 8.53507270452146e-06
flux1:, 0.156813627254509, 1.1508657082904438e-05
flux1:, 0.15721442885771542, 1.0170465274046608e-05
flux1:, 0.15761523046092185, 1.3207486418783252e-05
flux1:, 0.15801603206412826, 1.2445232795820525e-05
flux1:, 0.15841683366733467, 1.5048879604742729e-05
flux1:, 0.15881763527054107, 1.5447352092859967e-05
flux1:, 0.15921843687374748, 1.7184739012178926e-05
flux1:, 0.1596192384769539, 1.9227958344619567e-05
flux1:, 0.16002004008016033, 1.986155746259503e-05
flux1:, 0.16042084168336673, 2.3813682414407884e-05
flux1:, 0.16082164328657314, 2.3416353052045912e-05
flux1:, 0.16122244488977955, 2.9235340438063086e-05
flux1:, 0.16162324649298596, 2.8259634299865777e-05
flux1:, 0.16202404809619236, 3.5570465494088195e-05
flux1:, 0.1624248496993988, 3.4848205367741776e-05
flux1:, 0.1628256513026052, 4.2993745051788094e-05
flux1:, 0.16322645290581161, 4.3653160031928624e-05
flux1:, 0.16362725450901802, 5.182528914535863e-05
flux1:, 0.16402805611222443, 5.512882259052164e-05
flux1:, 0.16442885771543087, 6.256370249462942e-05
flux1:, 0.16482965931863727, 6.968716101685345e-05
flux1:, 0.16523046092184368, 7.588962932045339e-05
flux1:, 0.1656312625250501, 8.767881837283374e-05
flux1:, 0.1660320641282565, 9.262676153493695e-05
flux1:, 0.16643286573146293, 0.00010937792870226072
flux1:, 0.16683366733466934, 0.00011365288918035827
flux1:, 0.16723446893787575, 0.00013496615285914842
flux1:, 0.16763527054108215, 0.0001397656063636647
flux1:, 0.16803607214428856, 0.00016451607019817244
flux1:, 0.168436873747495, 0.00017152713373394244
flux1:, 0.1688376753507014, 0.0001979862627211092
flux1:, 0.1692384769539078, 0.00020913491089297423
flux1:, 0.16963927855711422, 0.00023525308216033444
flux1:, 0.17004008016032063, 0.0002523766597067435
flux1:, 0.17044088176352704, 0.0002762046664819596
flux1:, 0.17084168336673344, 0.0003007148437370656
flux1:, 0.17124248496993988, 0.00032089850225882173
flux1:, 0.1716432865731463, 0.00035349997850131324
flux1:, 0.1720440881763527, 0.00036974161643928935
flux1:, 0.1724448897795591, 0.0004102567552631477
flux1:, 0.1728456913827655, 0.00042362226304009526
flux1:, 0.17324649298597194, 0.000470955756218429
flux1:, 0.17364729458917835, 0.0004839281229090396
flux1:, 0.17404809619238476, 0.0005361895973705128
flux1:, 0.17444889779559117, 0.0005524188988277673
flux1:, 0.17484969939879758, 0.0006071919775967997
flux1:, 0.175250501002004, 0.0006309407429463419
flux1:, 0.17565130260521042, 0.0006856314822708246
flux1:, 0.17605210420841683, 0.0007209399596024111
flux1:, 0.17645290581162323, 0.000773059735601712
flux1:, 0.17685370741482964, 0.0008226526177647684
flux1:, 0.17725450901803608, 0.0008698197689033655
flux1:, 0.17765531062124248, 0.0009337738836051939
flux1:, 0.1780561122244489, 0.0009732319455669397
flux1:, 0.1784569138276553, 0.0010475283980135254
flux1:, 0.1788577154308617, 0.0010752438317186083
flux1:, 0.17925851703406812, 0.0011507392435398589
flux1:, 0.17965931863727455, 0.001160841739846188
flux1:, 0.18006012024048096, 0.001223953056958114
flux1:, 0.18046092184368737, 0.0012100785693960573
flux1:, 0.18086172344689377, 0.001246656279544791
flux1:, 0.18126252505010018, 0.0012060103926050635
flux1:, 0.1816633266533066, 0.0012075606773100903
flux1:, 0.18206412825651302, 0.001145046204962542
flux1:, 0.18246492985971943, 0.0011126712254762292
flux1:, 0.18286573146292584, 0.0010402965259621705
flux1:, 0.18326653306613225, 0.0009826683967481707
flux1:, 0.18366733466933866, 0.0009138722024860567
flux1:, 0.1840681362725451, 0.0008418228838979718
flux1:, 0.1844689378757515, 0.0007857835188337862
flux1:, 0.1848697394789579, 0.0007085364696069982
flux1:, 0.18527054108216431, 0.0006681995544170879
flux1:, 0.18567134268537072, 0.0005926196441106803
flux1:, 0.18607214428857716, 0.000565876183613074
flux1:, 0.18647294589178356, 0.0004971024903966895
flux1:, 0.18687374749498997, 0.00047907257653899193
flux1:, 0.18727454909819638, 0.00042102669834701955
flux1:, 0.1876753507014028, 0.0004061865111154861
flux1:, 0.18807615230460922, 0.00036155395508917054
flux1:, 0.1884769539078156, 0.00034530428507807725
flux1:, 0.18887775551102204, 0.000315214979623826
flux1:, 0.18927855711422845, 0.000294837610458867
flux1:, 0.18967935871743485, 0.0002785912701874382
flux1:, 0.19008016032064126, 0.0002536147358689627
flux1:, 0.19048096192384767, 0.00024869703446978383
flux1:, 0.1908817635270541, 0.00022071868522420806
flux1:, 0.1912825651302605, 0.00022319782583159878
flux1:, 0.19168336673346692, 0.0001952566269682494
flux1:, 0.19208416833667333, 0.00020051915860949215
flux1:, 0.19248496993987974, 0.00017618628590762271
flux1:, 0.19288577154308617, 0.00017985120477470327
flux1:, 0.19328657314629258, 0.0001622382835020681
flux1:, 0.193687374749499, 0.00016104057025014018
flux1:, 0.1940881763527054, 0.0001519606248200758
flux1:, 0.1944889779559118, 0.00014439325106164964
flux1:, 0.19488977955911824, 0.0001438636663372172
flux1:, 0.19529058116232464, 0.00013041705297199517
flux1:, 0.19569138276553105, 0.0001366203867313328
flux1:, 0.19609218436873746, 0.00011955411844871241
flux1:, 0.19649298597194387, 0.00012926455493922072
flux1:, 0.1968937875751503, 0.00011195878293774545
flux1:, 0.1972945891783567, 0.00012133109760615415
flux1:, 0.19769539078156312, 0.0001073731258787551
flux1:, 0.19809619238476953, 0.00011289676459240817
flux1:, 0.19849699398797593, 0.0001051126310370785
flux1:, 0.19889779559118237, 0.00010449218000531812
flux1:, 0.19929859719438875, 0.0001041905435161935
flux1:, 0.19969939879759518, 9.6930415893896e-05
flux1:, 0.2001002004008016, 0.00010352205037859954
flux1:, 0.200501002004008, 9.104842173527039e-05
flux1:, 0.2009018036072144, 0.0001021700749027243
flux1:, 0.20130260521042082, 8.74572190802674e-05
flux1:, 0.20170340681362725, 9.956927508692791e-05
flux1:, 0.20210420841683366, 8.634821033865058e-05
flux1:, 0.20250501002004007, 9.566305474536854e-05
flux1:, 0.20290581162324647, 8.740875583690449e-05
flux1:, 0.20330661322645288, 9.091473179459467e-05
flux1:, 0.20370741482965932, 8.98739987174516e-05
flux1:, 0.20410821643286572, 8.618616222459045e-05
flux1:, 0.20450901803607213, 9.270663658846345e-05
flux1:, 0.20490981963927854, 8.250563681982887e-05
flux1:, 0.20531062124248495, 9.485892247668771e-05
flux1:, 0.20571142284569138, 8.078382147787547e-05
flux1:, 0.2061122244488978, 9.555649431309755e-05
flux1:, 0.2065130260521042, 8.15494681419991e-05
flux1:, 0.2069138276553106, 9.452095415491733e-05
flux1:, 0.207314629258517, 8.47772074364406e-05
flux1:, 0.20771543086172345, 9.20764380277057e-05
flux1:, 0.20811623246492983, 8.985900415766013e-05
flux1:, 0.20851703406813626, 8.909494295060327e-05
flux1:, 0.20891783567134267, 9.573713030619363e-05
flux1:, 0.20931863727454908, 8.67901191230275e-05
flux1:, 0.2097194388777555, 0.00010117363570031636
flux1:, 0.2101202404809619, 8.640215831948705e-05
flux1:, 0.21052104208416833, 0.00010509288887506999
flux1:, 0.21092184368737474, 8.885205491629739e-05
flux1:, 0.21132264529058115, 0.00010690940874957946
flux1:, 0.21172344689378755, 9.4457464343889e-05
flux1:, 0.21212424849699396, 0.00010674930796162112
flux1:, 0.2125250501002004, 0.00010279427514800681
flux1:, 0.2129258517034068, 0.00010549617959816142
flux1:, 0.2133266533066132, 0.00011275719510420126
flux1:, 0.21372745490981962, 0.00010463090129764204
flux1:, 0.21412825651302603, 0.0001228216390509947
flux1:, 0.21452905811623246, 0.00010588857407984621
flux1:, 0.21492985971943884, 0.0001314576046398548
flux1:, 0.21533066132264528, 0.00011080795622845624
flux1:, 0.21573146292585169, 0.00013759982371959923
flux1:, 0.2161322645290581, 0.00012028723817336437
flux1:, 0.21653306613226453, 0.0001410532116139432
flux1:, 0.2169338677354709, 0.00013426921262678097
flux1:, 0.21733466933867734, 0.00014271353045176141
flux1:, 0.21773547094188375, 0.00015166125466147215
flux1:, 0.21813627254509016, 0.0001445223070678764
flux1:, 0.2185370741482966, 0.00017054791582239338
flux1:, 0.21893787575150297, 0.00014913209552944672
flux1:, 0.2193386773547094, 0.00018868284606669635
flux1:, 0.21973947895791582, 0.00015933510904668816
flux1:, 0.22014028056112223, 0.00020417780719362693
flux1:, 0.22054108216432866, 0.00017737712224539764
flux1:, 0.22094188376753504, 0.00021624090242679828
flux1:, 0.22134268537074148, 0.0002043285042698487
flux1:, 0.22174348697394788, 0.00022579029262240278
flux1:, 0.2221442885771543, 0.00023969892421551593
flux1:, 0.2225450901803607, 0.00023577713239307133
flux1:, 0.2229458917835671, 0.0002814575574242175
flux1:, 0.22334669338677354, 0.0002511086715684207
flux1:, 0.22374749498997995, 0.00032655863618149286
flux1:, 0.22414829659318636, 0.0002781533556432601
flux1:, 0.22454909819639277, 0.00037198806132862525
flux1:, 0.22494989979959917, 0.0003239262428277443
flux1:, 0.2253507014028056, 0.00041627056482598215
flux1:, 0.225751503006012, 0.00039517848183639277
flux1:, 0.22615230460921842, 0.0004613409679799625
flux1:, 0.22655310621242483, 0.0004977398519071151
flux1:, 0.22695390781563124, 0.0005147460992876431
flux1:, 0.22735470941883767, 0.0006366062014321072
flux1:, 0.22775551102204405, 0.0005923948752249142
flux1:, 0.2281563126252505, 0.0008175096130238945
flux1:, 0.2285571142284569, 0.0007227326454484023
flux1:, 0.2289579158316633, 0.0010513370875004598
flux1:, 0.22935871743486974, 0.0009549182867657772
flux1:, 0.22975951903807612, 0.001364659783311107
flux1:, 0.23016032064128256, 0.0013784332308007798
flux1:, 0.23056112224448896, 0.001826020949187011
flux1:, 0.23096192384769537, 0.0021779554350599153
flux1:, 0.2313627254509018, 0.0026225807856925074
flux1:, 0.2317635270541082, 0.0038160150145690546
flux1:, 0.23216432865731462, 0.004344332195024515
flux1:, 0.23256513026052103, 0.007824039795430306
flux1:, 0.23296593186372744, 0.009504575060339773
flux1:, 0.23336673346693385, 0.02224280265200654
flux1:, 0.23376753507014025, 0.038389014355254325
flux1:, 0.2341683366733467, 0.15152219293210006
flux1:, 0.23456913827655307, 0.20343443757579435
flux1:, 0.2349699398797595, 0.07015410596797599
flux1:, 0.2353707414829659, 0.02604595095733446
flux1:, 0.23577154308617232, 0.01290939565764368
flux1:, 0.23617234468937875, 0.008591895054573619
flux1:, 0.23657314629258513, 0.0048322941428353035
flux1:, 0.23697394789579157, 0.004277065691956134
flux1:, 0.23737474949899798, 0.00250159196304397
flux1:, 0.23777555110220439, 0.002533646897675413
flux1:, 0.23817635270541082, 0.0015888011501598255
flux1:, 0.2385771543086172, 0.001638108560751734
flux1:, 0.23897795591182364, 0.0011611432811549573
flux1:, 0.23937875751503004, 0.0011186944374312485
flux1:, 0.23977955911823645, 0.0009267699303151231
flux1:, 0.2401803607214429, 0.0008020097487462456
flux1:, 0.24058116232464927, 0.0007745580183700369
flux1:, 0.2409819639278557, 0.0006085361832218252
flux1:, 0.2413827655310621, 0.0006588914601939007
flux1:, 0.24178356713426852, 0.0004939644559447619
flux1:, 0.24218436873747493, 0.0005620006856950676
flux1:, 0.24258517034068133, 0.0004294402567894534
flux1:, 0.24298597194388777, 0.0004787232379972573
flux1:, 0.24338677354709418, 0.0003944766039741324
flux1:, 0.24378757515030058, 0.0004091501873772988
flux1:, 0.244188376753507, 0.0003744220175504512
flux1:, 0.2445891783567134, 0.00035468032343866735
flux1:, 0.24498997995991983, 0.00035950062428303354
flux1:, 0.24539078156312621, 0.00031593413125404304
flux1:, 0.24579158316633265, 0.0003442053124759301
flux1:, 0.24619238476953906, 0.0002918936565843183
flux1:, 0.24659318637274547, 0.0003265657153735979
flux1:, 0.2469939879759519, 0.00027990243587501756
flux1:, 0.24739478957915828, 0.00030718177735993734
flux1:, 0.24779559118236472, 0.00027621950687636984
flux1:, 0.24819639278557112, 0.00028811031640999017
flux1:, 0.24859719438877753, 0.00027683353702059453
flux1:, 0.24899799599198397, 0.0002717786356266392
flux1:, 0.24939879759519035, 0.00027826941555120005
flux1:, 0.24979959919839678, 0.00026010720654946805
flux1:, 0.2502004008016032, 0.00027817864876105336
flux1:, 0.2506012024048096, 0.0002539712641291876
flux1:, 0.25100200400801603, 0.0002755952521678547
flux1:, 0.2514028056112224, 0.00025305573629750416
flux1:, 0.25180360721442885, 0.00027083933849021046
flux1:, 0.2522044088176353, 0.00025605903335354757
flux1:, 0.25260521042084166, 0.0002651346069288813
flux1:, 0.25300601202404804, 0.00026113552336516296
flux1:, 0.2534068136272545, 0.00026007320589469565
flux1:, 0.2538076152304609, 0.00026642556325503206
flux1:, 0.2542084168336673, 0.00025707936782655384
flux1:, 0.25460921843687373, 0.0002705219014702459
flux1:, 0.2550100200400801, 0.00025700559045441397
flux1:, 0.25541082164328655, 0.0002727584664150716
flux1:, 0.255811623246493, 0.00025994599892095684
flux1:, 0.25621242484969936, 0.000273267883304525
flux1:, 0.2566132264529058, 0.0002652853763356244
flux1:, 0.2570140280561122, 0.0002728187825047933
flux1:, 0.2574148296593186, 0.0002719399437143216
flux1:, 0.25781563126252505, 0.0002725042329497873
flux1:, 0.2582164328657314, 0.0002787036374245912
flux1:, 0.25861723446893786, 0.0002733802875742394
flux1:, 0.25901803607214424, 0.000284590825323824
flux1:, 0.2594188376753507, 0.00027615740094358207
flux1:, 0.2598196392785571, 0.00028908319004887083
flux1:, 0.2602204408817635, 0.0002810235617653191
flux1:, 0.26062124248496993, 0.000292221958885834
flux1:, 0.2610220440881763, 0.00028763377574379714
flux1:, 0.26142284569138274, 0.00029453527748427
flux1:, 0.2618236472945892, 0.0002952530486156572
flux1:, 0.26222444889779556, 0.00029683561315954724
flux1:, 0.262625250501002, 0.0003029966213650389
flux1:, 0.2630260521042084, 0.0002999550943141958
flux1:, 0.2634268537074148, 0.0003100959711063043
flux1:, 0.26382765531062125, 0.0003045000652697149
flux1:, 0.2642284569138276, 0.00031610812039065215
flux1:, 0.26462925851703406, 0.0003106878372286879
flux1:, 0.26503006012024044, 0.00032101702222501067
flux1:, 0.2654308617234469, 0.00031830888826616305
flux1:, 0.2658316633266533, 0.0003252059000932876
flux1:, 0.2662324649298597, 0.0003268150846342126
flux1:, 0.2666332665330661, 0.00032931703478672215
flux1:, 0.2670340681362725, 0.0003354991830049164
flux1:, 0.26743486973947894, 0.00033404688292798
flux1:, 0.2678356713426854, 0.00034370882311277826
flux1:, 0.26823647294589176, 0.00033993738750794095
flux1:, 0.2686372745490982, 0.0003510321832668719
flux1:, 0.2690380761523046, 0.000347225036911929
flux1:, 0.269438877755511, 0.00035740324616879494
flux1:, 0.26983967935871744, 0.00035578606848405753
flux1:, 0.2702404809619238, 0.0003631034802351078
flux1:, 0.27064128256513026, 0.00036518942979997087
flux1:, 0.27104208416833664, 0.00036866124701300694
flux1:, 0.2714428857715431, 0.00037483389699128705
flux1:, 0.2718436873747495, 0.00037468511930585944
flux1:, 0.2722444889779559, 0.0003841295466940376
flux1:, 0.27264529058116227, 0.0003816822386968885
flux1:, 0.2730460921843687, 0.00039266804049174856
flux1:, 0.27344689378757514, 0.0003899132385497602
flux1:, 0.2738476953907815, 0.0004003329604052723
flux1:, 0.27424849699398796, 0.0003993230616125709
flux1:, 0.27464929859719434, 0.00040732156327164345
flux1:, 0.27505010020040077, 0.00040956638878897686
flux1:, 0.2754509018036072, 0.00041407613095624583
flux1:, 0.27585170340681364, 0.00042011520062757704
flux1:, 0.27625250501002, 0.00042114621892156215
flux1:, 0.2766533066132264, 0.00043041555445272344
flux1:, 0.27705410821643284, 0.00042902463070236996
flux1:, 0.2774549098196393, 0.0004400468106302848
flux1:, 0.2778557114228457, 0.00043800446922299854
flux1:, 0.2782565130260521, 0.00044883872484182134
flux1:, 0.27865731462925847, 0.00044809795215691245
flux1:, 0.2790581162324649, 0.000456912688985478
flux1:, 0.27945891783567134, 0.0004590370815660862
flux1:, 0.2798597194388777, 0.0004646390758798092
flux1:, 0.28026052104208415, 0.00047035558866970434
flux1:, 0.28066132264529053, 0.00047252402228397614
flux1:, 0.28106212424849697, 0.00048152540087660454
flux1:, 0.2814629258517034, 0.00048106018924172847
flux1:, 0.2818637274549098, 0.0004921086680648298
flux1:, 0.2822645290581162, 0.0004905851007822583
flux1:, 0.2826653306613226, 0.000501881145601378
flux1:, 0.28306613226452904, 0.0005011850870940462
flux1:, 0.28346693386773547, 0.0005108916173257749
flux1:, 0.28386773547094185, 0.0005126744232337206
flux1:, 0.2842685370741483, 0.0005194456253503491
flux1:, 0.28466933867735467, 0.0005246525022064342
flux1:, 0.2850701402805611, 0.0005280151088622839
flux1:, 0.28547094188376754, 0.0005366210811097476
flux1:, 0.2858717434869739, 0.00053710314813022
flux1:, 0.2862725450901803, 0.0005481279154668626
flux1:, 0.28667334669338673, 0.0005471022425187479
flux1:, 0.28707414829659317, 0.0005588973728089344
flux1:, 0.2874749498997996, 0.0005581869499712415
flux1:, 0.287875751503006, 0.0005689097271314808
flux1:, 0.28827655310621236, 0.0005702698063154214
flux1:, 0.2886773547094188, 0.0005784099130999094
flux1:, 0.28907815631262523, 0.0005830318145615613
flux1:, 0.28947895791583167, 0.0005878398196600428
flux1:, 0.28987975951903805, 0.0005960195142070886
flux1:, 0.29028056112224443, 0.0005977214889974035
flux1:, 0.29068136272545086, 0.0006087803670206412
flux1:, 0.2910821643286573, 0.0006085166737699431
flux1:, 0.29148296593186374, 0.0006209975904025161
flux1:, 0.2918837675350701, 0.0006205087994555507
flux1:, 0.2922845691382765, 0.0006325891986125996
flux1:, 0.29268537074148293, 0.0006337334393245628
flux1:, 0.29308617234468937, 0.0006437419156811406
flux1:, 0.2934869739478958, 0.0006479838235796654
flux1:, 0.2938877755511022, 0.0006548741284016762
flux1:, 0.29428857715430856, 0.0006628831369558566
flux1:, 0.294689378757515, 0.0006665366962382334
flux1:, 0.29509018036072143, 0.0006780068677753194
flux1:, 0.29549098196392787, 0.0006792809343365752
flux1:, 0.29589178356713425, 0.0006930208414062543
flux1:, 0.2962925851703406, 0.0006935297993455389
flux1:, 0.29669338677354706, 0.0007077975101252174
flux1:, 0.2970941883767535, 0.0007094881414725588
flux1:, 0.29749498997995993, 0.0007224798981536328
flux1:, 0.2978957915831663, 0.0007271163303827548
flux1:, 0.2982965931863727, 0.0007374762435714391
flux1:, 0.29869739478957913, 0.0007461749829925572
flux1:, 0.29909819639278556, 0.000753389385399159
flux1:, 0.29949899799599194, 0.0007663293053949965
flux1:, 0.2998997995991984, 0.0007708979915154368
flux1:, 0.30030060120240476, 0.000787283852879159
flux1:, 0.3007014028056112, 0.0007906253415079063
flux1:, 0.30110220440881763, 0.0008089154943004391
flux1:, 0.301503006012024, 0.0008130297947157537
flux1:, 0.30190380761523045, 0.0008313683972142513
flux1:, 0.3023046092184368, 0.000838347277162202
flux1:, 0.30270541082164326, 0.0008550880875301812
flux1:, 0.3031062124248497, 0.0008666014720225493
flux1:, 0.3035070140280561, 0.0008807872690105526
flux1:, 0.30390781563126246, 0.0008976801959752861
flux1:, 0.3043086172344689, 0.0009093536804623951
flux1:, 0.3047094188376753, 0.0009314585023390895
flux1:, 0.30511022044088176, 0.0009417246318939322
flux1:, 0.30551102204408814, 0.0009679383176385536
flux1:, 0.3059118236472945, 0.0009787620983187641
flux1:, 0.30631262525050096, 0.001007368088933098
flux1:, 0.3067134268537074, 0.0010211572695258233
flux1:, 0.30711422845691383, 0.001050311353313211
flux1:, 0.3075150300601202, 0.0010693878665041395
flux1:, 0.3079158316633266, 0.0010976451452665912
flux1:, 0.308316633266533, 0.0011237336743808092
flux1:, 0.30871743486973946, 0.0011504828236805695
flux1:, 0.3091182364729459, 0.0011843367732481628
flux1:, 0.3095190380761523, 0.0012100288550602088
flux1:, 0.30991983967935866, 0.0012512752436760685
flux1:, 0.3103206412825651, 0.001277380732066086
flux1:, 0.3107214428857715, 0.0013246072640138201
flux1:, 0.31112224448897796, 0.0013532984465921588
flux1:, 0.31152304609218434, 0.0014043414827736606
flux1:, 0.3119238476953907, 0.0014379519939276113
flux1:, 0.31232464929859716, 0.0014902911622951404
flux1:, 0.3127254509018036, 0.0015306560364545048
flux1:, 0.31312625250501, 0.0015817972653710617
flux1:, 0.3135270541082164, 0.0016296015175383078
flux1:, 0.3139278557114228, 0.0016773428620599027
flux1:, 0.3143286573146292, 0.0017316180173142916
flux1:, 0.31472945891783566, 0.0017741485229288117
flux1:, 0.3151302605210421, 0.001832056630208788
flux1:, 0.3155310621242485, 0.0018679267415950508
flux1:, 0.31593186372745485, 0.00192495877058061
flux1:, 0.3163326653306613, 0.0019530457119336948
flux1:, 0.3167334669338677, 0.0020037125922064926
flux1:, 0.31713426853707416, 0.0020233246568158872
flux1:, 0.31753507014028054, 0.0020622923040311152
flux1:, 0.3179358717434869, 0.002073453769989078
flux1:, 0.31833667334669336, 0.0020968631554804046
flux1:, 0.3187374749498998, 0.0021006245307800464
flux1:, 0.31913827655310617, 0.002107137486541245
flux1:, 0.3195390781563126, 0.0021056078016677042
flux1:, 0.319939879759519, 0.002096719323616478
flux1:, 0.3203406813627254, 0.0020925996184882416
flux1:, 0.32074148296593186, 0.002072028170926705
flux1:, 0.32114228456913824, 0.0020676861054732504
flux1:, 0.32154308617234467, 0.0020400042341961414
flux1:, 0.32194388777555105, 0.0020363181594315344
flux1:, 0.3223446893787575, 0.002005137885059313
flux1:, 0.3227454909819639, 0.002000277962446866
flux1:, 0.3231462925851703, 0.0019662270116692954
flux1:, 0.3235470941883767, 0.0019544404790696117
flux1:, 0.3239478957915831, 0.0019132714677298117
flux1:, 0.32434869739478955, 0.0018841662652710077
flux1:, 0.324749498997996, 0.0018262600577495733
flux1:, 0.32515030060120237, 0.0017665424950154746
flux1:, 0.32555110220440875, 0.0016807018756778117
flux1:, 0.3259519038076152, 0.0015813113069767766
flux1:, 0.3263527054108216, 0.0014644363383046887
flux1:, 0.32675350701402806, 0.0013309644325808937
flux1:, 0.32715430861723444, 0.0011960706513423544
flux1:, 0.3275551102204408, 0.0010502704798855192
flux1:, 0.32795591182364725, 0.0009202774803937257
flux1:, 0.3283567134268537, 0.0007866067429693519
flux1:, 0.3287575150300601, 0.0006788795897438887
flux1:, 0.3291583166332665, 0.0005710822165499896
flux1:, 0.3295591182364729, 0.0004904241413507385
flux1:, 0.3299599198396793, 0.0004104280190924259
flux1:, 0.33036072144288575, 0.0003530479981966826
flux1:, 0.3307615230460922, 0.0002966660106155929
flux1:, 0.33116232464929857, 0.0002562006192206506
flux1:, 0.33156312625250495, 0.00021782354702188148
flux1:, 0.3319639278557114, 0.00018866861446234777
flux1:, 0.3323647294589178, 0.00016326834916452693
flux1:, 0.33276553106212425, 0.00014151243281960093
flux1:, 0.33316633266533063, 0.00012508680655647187
flux1:, 0.333567134268537, 0.00010834955376876942
flux1:, 0.33396793587174345, 9.783921423572905e-05
flux1:, 0.3343687374749499, 8.480677554320271e-05
flux1:, 0.3347695390781563, 7.793203395754167e-05
flux1:, 0.3351703406813627, 6.790795157942084e-05
flux1:, 0.3355711422845691, 6.304099069856288e-05
flux1:, 0.3359719438877755, 5.560809303500416e-05
flux1:, 0.33637274549098195, 5.167715806050259e-05
flux1:, 0.3367735470941884, 4.648344215017147e-05
flux1:, 0.33717434869739477, 4.288324231747417e-05
flux1:, 0.33757515030060115, 3.9536573253072516e-05
flux1:, 0.3379759519038076, 3.602847101196619e-05
flux1:, 0.338376753507014, 3.4074419096518095e-05
flux1:, 0.3387775551102204, 3.067458541054764e-05
flux1:, 0.33917835671342683, 2.9628187286167032e-05
flux1:, 0.3395791583166332, 2.649277920828133e-05
flux1:, 0.33997995991983965, 2.589560636592578e-05
flux1:, 0.3403807615230461, 2.321693437085212e-05
flux1:, 0.34078156312625246, 2.2694834032299753e-05
flux1:, 0.3411823647294589, 2.0621495994829665e-05
flux1:, 0.3415831663326653, 1.992530618101893e-05
flux1:, 0.3419839679358717, 1.8514590406882806e-05
flux1:, 0.34238476953907815, 1.7534555125414127e-05
flux1:, 0.34278557114228453, 1.67388796895642e-05
flux1:, 0.3431863727454909, 1.5491854807818263e-05
flux1:, 0.34358717434869734, 1.5174431138710242e-05
flux1:, 0.3439879759519038, 1.3769440562204585e-05
flux1:, 0.3443887775551102, 1.3739682911154838e-05
flux1:, 0.3447895791583166, 1.2331798562968331e-05
flux1:, 0.345190380761523, 1.2388843150647947e-05
flux1:, 0.3455911823647294, 1.1132433588249839e-05
flux1:, 0.34599198396793585, 1.1105379618040375e-05
flux1:, 0.3463927855711423, 1.0116327919765898e-05
flux1:, 0.34679358717434866, 9.892827228483475e-06
flux1:, 0.34719438877755504, 9.226081485191173e-06
flux1:, 0.3475951903807615, 8.76471686311795e-06
flux1:, 0.3479959919839679, 8.40928432830046e-06
flux1:, 0.34839679358717435, 7.735465371337616e-06
flux1:, 0.3487975951903807, 7.624962934644161e-06
flux1:, 0.3491983967935871, 6.813788865192153e-06
flux1:, 0.34959919839679354, 6.847752133815422e-06
flux1:, 0.35, 5.99941399837415e-06

Elapsed run time = 203.0299 s
