Using MPI version 4.0, 2 processes
-----------
Initializing structure...
Padding x to even number of grid points.
Halving computational cell along direction x
Halving computational cell along direction z
Splitting into 2 chunks by voxels
time for choose_chunkdivision = 0.000836134 s
Working in 3D dimensions.
Computational cell is 12.5 x 5.22 x 4.84 with resolution 50
     block, center = (0,0.381,0)
          size (1e+20,0.462,0.14)
          axes (1,0,0), (0,1,0), (0,0,1)
          dielectric constant epsilon diagonal = (4,4,4)
     block, center = (0,-0.381,0)
          size (1e+20,0.462,0.14)
          axes (1,0,0), (0,1,0), (0,0,1)
          dielectric constant epsilon diagonal = (4,4,4)
     cylinder, center = (1.29643,0.381,0)
          radius 0.1155, height 1e+20, axis (0, 0, 1)
          dielectric constant epsilon diagonal = (1,1,1)
     cylinder, center = (-1.29643,0.381,0)
          radius 0.1155, height 1e+20, axis (0, 0, 1)
          dielectric constant epsilon diagonal = (1,1,1)
     cylinder, center = (1.62643,0.381,0)
          radius 0.1155, height 1e+20, axis (0, 0, 1)
          dielectric constant epsilon diagonal = (1,1,1)
     cylinder, center = (-1.62643,0.381,0)
          radius 0.1155, height 1e+20, axis (0, 0, 1)
          dielectric constant epsilon diagonal = (1,1,1)
     cylinder, center = (1.95643,0.381,0)
          radius 0.1155, height 1e+20, axis (0, 0, 1)
          dielectric constant epsilon diagonal = (1,1,1)
     cylinder, center = (-1.95643,0.381,0)
          radius 0.1155, height 1e+20, axis (0, 0, 1)
          dielectric constant epsilon diagonal = (1,1,1)
     cylinder, center = (2.28643,0.381,0)
          radius 0.1155, height 1e+20, axis (0, 0, 1)
          dielectric constant epsilon diagonal = (1,1,1)
     cylinder, center = (-2.28643,0.381,0)
          radius 0.1155, height 1e+20, axis (0, 0, 1)
          dielectric constant epsilon diagonal = (1,1,1)
     ...(+ 68 objects not shown)...
time for set_epsilon = 18.0303 s
-----------
Meep progress: 0.01/21.399999618530273 = 0.0% done in 8.0s, 17140.0s to go
on time step 1 (time=0.01), 8.01295 s/step
Meep progress: 0.28/21.399999618530273 = 1.3% done in 12.3s, 925.8s to go
on time step 28 (time=0.28), 0.157806 s/step
Meep progress: 0.55/21.399999618530273 = 2.6% done in 16.3s, 619.4s to go
on time step 55 (time=0.55), 0.150587 s/step
Meep progress: 0.81/21.399999618530273 = 3.8% done in 20.5s, 519.8s to go
on time step 81 (time=0.81), 0.158094 s/step
     block, center = (0,0.381,0)
          size (1e+20,0.462,0.14)
          axes (1,0,0), (0,1,0), (0,0,1)
          dielectric constant epsilon diagonal = (4,4,4)
     block, center = (0,-0.381,0)
          size (1e+20,0.462,0.14)
          axes (1,0,0), (0,1,0), (0,0,1)
          dielectric constant epsilon diagonal = (4,4,4)
     cylinder, center = (1.29643,0.381,0)
          radius 0.1155, height 1e+20, axis (0, 0, 1)
          dielectric constant epsilon diagonal = (1,1,1)
     cylinder, center = (-1.29643,0.381,0)
          radius 0.1155, height 1e+20, axis (0, 0, 1)
          dielectric constant epsilon diagonal = (1,1,1)
     cylinder, center = (1.62643,0.381,0)
          radius 0.1155, height 1e+20, axis (0, 0, 1)
          dielectric constant epsilon diagonal = (1,1,1)
     cylinder, center = (-1.62643,0.381,0)
          radius 0.1155, height 1e+20, axis (0, 0, 1)
          dielectric constant epsilon diagonal = (1,1,1)
     cylinder, center = (1.95643,0.381,0)
          radius 0.1155, height 1e+20, axis (0, 0, 1)
          dielectric constant epsilon diagonal = (1,1,1)
     cylinder, center = (-1.95643,0.381,0)
          radius 0.1155, height 1e+20, axis (0, 0, 1)
          dielectric constant epsilon diagonal = (1,1,1)
     cylinder, center = (2.28643,0.381,0)
          radius 0.1155, height 1e+20, axis (0, 0, 1)
          dielectric constant epsilon diagonal = (1,1,1)
     cylinder, center = (-2.28643,0.381,0)
          radius 0.1155, height 1e+20, axis (0, 0, 1)
          dielectric constant epsilon diagonal = (1,1,1)
     ...(+ 68 objects not shown)...
Meep progress: 1.05/21.399999618530273 = 4.9% done in 24.5s, 474.1s to go
on time step 105 (time=1.05), 0.167163 s/step
Meep progress: 1.31/21.399999618530273 = 6.1% done in 28.6s, 437.9s to go
on time step 131 (time=1.31), 0.157437 s/step
Meep progress: 1.57/21.399999618530273 = 7.3% done in 32.7s, 412.4s to go
on time step 157 (time=1.57), 0.157471 s/step
Meep progress: 1.83/21.399999618530273 = 8.6% done in 36.8s, 393.2s to go
on time step 183 (time=1.83), 0.158304 s/step
Meep progress: 2.08/21.399999618530273 = 9.7% done in 40.9s, 379.5s to go
on time step 208 (time=2.08), 0.163755 s/step
Meep progress: 2.34/21.399999618530273 = 10.9% done in 45.0s, 366.3s to go
on time step 234 (time=2.34), 0.158314 s/step
Meep progress: 2.6/21.399999618530273 = 12.1% done in 49.1s, 355.1s to go
on time step 260 (time=2.6), 0.158737 s/step
Meep progress: 2.86/21.399999618530273 = 13.4% done in 53.2s, 345.0s to go
on time step 286 (time=2.86), 0.158438 s/step
Meep progress: 3.11/21.399999618530273 = 14.5% done in 57.3s, 337.1s to go
on time step 311 (time=3.11), 0.163537 s/step
Meep progress: 3.37/21.399999618530273 = 15.7% done in 61.4s, 328.6s to go
on time step 337 (time=3.37), 0.157978 s/step
Meep progress: 3.64/21.399999618530273 = 17.0% done in 65.7s, 320.4s to go
on time step 364 (time=3.64), 0.157338 s/step
Meep progress: 3.91/21.399999618530273 = 18.3% done in 69.7s, 311.9s to go
on time step 391 (time=3.91), 0.150759 s/step
Meep progress: 4.16/21.399999618530273 = 19.4% done in 73.8s, 306.0s to go
on time step 416 (time=4.16), 0.163716 s/step
Meep progress: 4.42/21.399999618530273 = 20.7% done in 77.9s, 299.3s to go
on time step 442 (time=4.42), 0.157349 s/step
Meep progress: 4.68/21.399999618530273 = 21.9% done in 82.0s, 293.0s to go
on time step 468 (time=4.68), 0.157126 s/step
Meep progress: 4.94/21.399999618530273 = 23.1% done in 86.1s, 287.0s to go
on time step 494 (time=4.94), 0.158172 s/step
Meep progress: 5.19/21.399999618530273 = 24.3% done in 90.2s, 281.7s to go
on time step 519 (time=5.19), 0.163321 s/step
Meep progress: 5.45/21.399999618530273 = 25.5% done in 94.3s, 276.0s to go
on time step 545 (time=5.45), 0.158354 s/step
Meep progress: 5.71/21.399999618530273 = 26.7% done in 98.4s, 270.4s to go
on time step 571 (time=5.71), 0.1574 s/step
Meep progress: 5.97/21.399999618530273 = 27.9% done in 102.5s, 265.0s to go
on time step 597 (time=5.97), 0.158276 s/step
Meep progress: 6.22/21.399999618530273 = 29.1% done in 106.6s, 260.2s to go
on time step 622 (time=6.22), 0.163654 s/step
Meep progress: 6.48/21.399999618530273 = 30.3% done in 110.7s, 254.9s to go
on time step 648 (time=6.48), 0.157909 s/step
Meep progress: 6.74/21.399999618530273 = 31.5% done in 114.8s, 249.7s to go
on time step 674 (time=6.74), 0.157254 s/step
Meep progress: 7.0/21.399999618530273 = 32.7% done in 119.1s, 245.0s to go
on time step 700 (time=7), 0.164123 s/step
Meep progress: 7.2700000000000005/21.399999618530273 = 34.0% done in 123.2s, 239.4s to go
on time step 727 (time=7.27), 0.151268 s/step
Meep progress: 7.53/21.399999618530273 = 35.2% done in 127.3s, 234.5s to go
on time step 753 (time=7.53), 0.159291 s/step
Meep progress: 7.79/21.399999618530273 = 36.4% done in 131.4s, 229.6s to go
on time step 779 (time=7.79), 0.157864 s/step
Meep progress: 8.040000000000001/21.399999618530273 = 37.6% done in 135.5s, 225.2s to go
on time step 804 (time=8.04), 0.164504 s/step
Meep progress: 8.3/21.399999618530273 = 38.8% done in 139.6s, 220.4s to go
on time step 830 (time=8.3), 0.157856 s/step
Meep progress: 8.56/21.399999618530273 = 40.0% done in 143.7s, 215.6s to go
on time step 856 (time=8.56), 0.157979 s/step
Meep progress: 8.82/21.399999618530273 = 41.2% done in 147.8s, 210.8s to go
on time step 882 (time=8.82), 0.15743 s/step
Meep progress: 9.07/21.399999618530273 = 42.4% done in 151.9s, 206.6s to go
on time step 907 (time=9.07), 0.164666 s/step
Meep progress: 9.33/21.399999618530273 = 43.6% done in 156.0s, 201.9s to go
on time step 933 (time=9.33), 0.157692 s/step
Meep progress: 9.59/21.399999618530273 = 44.8% done in 160.2s, 197.2s to go
on time step 959 (time=9.59), 0.15863 s/step
Meep progress: 9.85/21.399999618530273 = 46.0% done in 164.3s, 192.6s to go
on time step 985 (time=9.85), 0.157654 s/step
Meep progress: 10.1/21.399999618530273 = 47.2% done in 168.3s, 188.3s to go
on time step 1010 (time=10.1), 0.162842 s/step
Meep progress: 10.36/21.399999618530273 = 48.4% done in 172.5s, 183.8s to go
on time step 1036 (time=10.36), 0.158114 s/step
Meep progress: 10.63/21.399999618530273 = 49.7% done in 176.5s, 178.8s to go
on time step 1063 (time=10.63), 0.150444 s/step
Meep progress: 10.89/21.399999618530273 = 50.9% done in 180.6s, 174.3s to go
on time step 1089 (time=10.89), 0.158532 s/step
Meep progress: 11.14/21.399999618530273 = 52.1% done in 184.7s, 170.1s to go
on time step 1114 (time=11.14), 0.163978 s/step
Meep progress: 11.4/21.399999618530273 = 53.3% done in 188.8s, 165.6s to go
on time step 1140 (time=11.4), 0.157687 s/step
Meep progress: 11.66/21.399999618530273 = 54.5% done in 192.9s, 161.2s to go
on time step 1166 (time=11.66), 0.157677 s/step
Meep progress: 11.92/21.399999618530273 = 55.7% done in 197.0s, 156.7s to go
on time step 1192 (time=11.92), 0.157869 s/step
Meep progress: 12.17/21.399999618530273 = 56.9% done in 201.2s, 152.6s to go
on time step 1217 (time=12.17), 0.164465 s/step
Meep progress: 12.43/21.399999618530273 = 58.1% done in 205.3s, 148.1s to go
on time step 1243 (time=12.43), 0.158551 s/step
Meep progress: 12.69/21.399999618530273 = 59.3% done in 209.4s, 143.7s to go
on time step 1269 (time=12.69), 0.157756 s/step
Meep progress: 12.950000000000001/21.399999618530273 = 60.5% done in 213.5s, 139.3s to go
on time step 1295 (time=12.95), 0.158259 s/step
Meep progress: 13.200000000000001/21.399999618530273 = 61.7% done in 217.6s, 135.2s to go
on time step 1320 (time=13.2), 0.163856 s/step
Meep progress: 13.46/21.399999618530273 = 62.9% done in 221.7s, 130.8s to go
on time step 1346 (time=13.46), 0.158111 s/step
Meep progress: 13.72/21.399999618530273 = 64.1% done in 225.8s, 126.4s to go
on time step 1372 (time=13.72), 0.157634 s/step
Meep progress: 13.99/21.399999618530273 = 65.4% done in 229.9s, 121.8s to go
on time step 1399 (time=13.99), 0.151053 s/step
Meep progress: 14.24/21.399999618530273 = 66.5% done in 234.0s, 117.6s to go
on time step 1424 (time=14.24), 0.16407 s/step
Meep progress: 14.5/21.399999618530273 = 67.8% done in 238.1s, 113.3s to go
on time step 1450 (time=14.5), 0.158375 s/step
Meep progress: 14.76/21.399999618530273 = 69.0% done in 242.2s, 109.0s to go
on time step 1476 (time=14.76), 0.157748 s/step
Meep progress: 15.01/21.399999618530273 = 70.1% done in 246.3s, 104.9s to go
on time step 1501 (time=15.01), 0.164858 s/step
Meep progress: 15.27/21.399999618530273 = 71.4% done in 250.4s, 100.5s to go
on time step 1527 (time=15.27), 0.158001 s/step
Meep progress: 15.530000000000001/21.399999618530273 = 72.6% done in 254.5s, 96.2s to go
on time step 1553 (time=15.53), 0.157831 s/step
Meep progress: 15.790000000000001/21.399999618530273 = 73.8% done in 258.6s, 91.9s to go
on time step 1579 (time=15.79), 0.157525 s/step
Meep progress: 16.04/21.399999618530273 = 75.0% done in 262.7s, 87.8s to go
on time step 1604 (time=16.04), 0.164358 s/step
Meep progress: 16.3/21.399999618530273 = 76.2% done in 266.8s, 83.5s to go
on time step 1630 (time=16.3), 0.157726 s/step
Meep progress: 16.56/21.399999618530273 = 77.4% done in 271.0s, 79.2s to go
on time step 1656 (time=16.56), 0.158465 s/step
Meep progress: 16.82/21.399999618530273 = 78.6% done in 275.1s, 74.9s to go
on time step 1682 (time=16.82), 0.158653 s/step
Meep progress: 17.080000000000002/21.399999618530273 = 79.8% done in 279.4s, 70.7s to go
on time step 1708 (time=17.08), 0.164969 s/step
Meep progress: 17.35/21.399999618530273 = 81.1% done in 283.4s, 66.2s to go
on time step 1735 (time=17.35), 0.150459 s/step
Meep progress: 17.61/21.399999618530273 = 82.3% done in 287.5s, 61.9s to go
on time step 1761 (time=17.61), 0.158259 s/step
Meep progress: 17.87/21.399999618530273 = 83.5% done in 291.6s, 57.6s to go
on time step 1787 (time=17.87), 0.157117 s/step
Meep progress: 18.12/21.399999618530273 = 84.7% done in 295.8s, 53.5s to go
on time step 1812 (time=18.12), 0.164711 s/step
Meep progress: 18.38/21.399999618530273 = 85.9% done in 299.8s, 49.3s to go
on time step 1838 (time=18.38), 0.157473 s/step
Meep progress: 18.64/21.399999618530273 = 87.1% done in 303.9s, 45.0s to go
on time step 1864 (time=18.64), 0.157744 s/step
Meep progress: 18.900000000000002/21.399999618530273 = 88.3% done in 308.0s, 40.7s to go
on time step 1890 (time=18.9), 0.157253 s/step
Meep progress: 19.150000000000002/21.399999618530273 = 89.5% done in 312.1s, 36.7s to go
on time step 1915 (time=19.15), 0.164296 s/step
Meep progress: 19.41/21.399999618530273 = 90.7% done in 316.2s, 32.4s to go
on time step 1941 (time=19.41), 0.157544 s/step
Meep progress: 19.67/21.399999618530273 = 91.9% done in 320.3s, 28.2s to go
on time step 1967 (time=19.67), 0.157917 s/step
Meep progress: 19.93/21.399999618530273 = 93.1% done in 324.4s, 23.9s to go
on time step 1993 (time=19.93), 0.157617 s/step
Meep progress: 20.18/21.399999618530273 = 94.3% done in 328.6s, 19.9s to go
on time step 2018 (time=20.18), 0.165762 s/step
Meep progress: 20.44/21.399999618530273 = 95.5% done in 332.7s, 15.6s to go
on time step 2044 (time=20.44), 0.158305 s/step
Meep progress: 20.71/21.399999618530273 = 96.8% done in 336.8s, 11.2s to go
on time step 2071 (time=20.71), 0.151825 s/step
Meep progress: 20.97/21.399999618530273 = 98.0% done in 340.9s, 7.0s to go
on time step 2097 (time=20.97), 0.157969 s/step
Meep progress: 21.22/21.399999618530273 = 99.2% done in 345.0s, 2.9s to go
on time step 2122 (time=21.22), 0.165497 s/step
creating output file "./nanobeam-eps-000021.40.h5"...
creating output file "./nanobeam-ey-000021.40.h5"...
harminv0:, frequency, imag. freq., Q, |amp|, amplitude, error
harminv0:, 1.3604040251267, -0.004252836300638334, 159.9407935032097, 9.681236250187712, -8.29676320157565+4.988993456492882i, 1.2020558948190285e-05+0.0i
harminv0:, frequency, imag. freq., Q, |amp|, amplitude, error
harminv0:, 1.3603720158675485, -0.004237007474172774, 160.5345310528565, 9.680261295950588, -8.294588733868562+4.9907170320365495i, 1.2057026033977938e-05+0.0i
run 0 finished at t = 21.400000000000002 (2140 timesteps)
Generating MP4...
flux1:, 1.1764705882352942, 0.0008747378147156193, 0.000878556658733192, 1.2182532605947836e-05, 0.002567513288213693, -0.0025802122980305544
flux1:, 1.1774529451058982, 0.000892192643439565, 0.0008960108495243106, 1.2188124185737622e-05, 0.002535692704690088, -0.002548390764504831
flux1:, 1.1784353019765021, 0.0009098613212565047, 0.0009136763666157948, 1.2200290850012338e-05, 0.002501438659249516, -0.002514125609824313
flux1:, 1.179417658847106, 0.0009277271182738759, 0.0009315363422889507, 1.222015151574966e-05, 0.002464747002816049, -0.0024774122720868
flux1:, 1.18040001571771, 0.0009457719985476511, 0.0009495726013050264, 1.2248891981963415e-05, 0.0024256260722800398, -0.002438258720677133
flux1:, 1.181382372588314, 0.0009639765999510748, 0.0009677656411233954, 1.2287764724254181e-05, 0.002384097578325337, -0.0023966863513901764
flux1:, 1.182364729458918, 0.0009823202171957153, 0.000986094615298775, 1.2338088338821402e-05, 0.0023401974697772796, -0.002352730858386061
flux1:, 1.183347086329522, 0.001000780788245802, 0.0010045373202986969, 1.2401246611462241e-05, 0.0022939767658067267, -0.0023064430742869837
flux1:, 1.1843294432001257, 0.0010193348843701806, 0.0010230701859858453, 1.247868718718297e-05, 0.002245502346931113, -0.0022578897693268374
flux1:, 1.1853118000707297, 0.0010379577040746633, 0.00104166827000808, 1.2571919816226465e-05, 0.002194857695101079, -0.0022071543998129447
flux1:, 1.1862941569413337, 0.0010566230711584435, 0.0010603052563398728, 1.2682514152592234e-05, 0.002142143572792159, -0.0021543377957770073
flux1:, 1.1872765138119377, 0.0010753034371357047, 0.0010789534582161535, 1.281209708164729e-05, 0.002087478630518573, -0.0020995587771962757
flux1:, 1.1882588706825417, 0.0010939698882602748, 0.0010975838256962254, 1.2962349553986002e-05, 0.0020309999318012624, -0.002042954687768392
flux1:, 1.1892412275531457, 0.0011125921573882918, 0.001116165958092348, 1.313500290349448e-05, 0.0019728633842539135, -0.001984681834857887
flux1:, 1.1902235844237494, 0.0011311386409088857, 0.001134668121492543, 1.3331834628486171e-05, 0.0019132440651294393, -0.0019249158238994883
flux1:, 1.1912059412943534, 0.0011495764209647668, 0.0011530572715988906, 1.3554663615901947e-05, 0.0018523364294072177, -0.001863851775286416
flux1:, 1.1921882981649574, 0.0011678712931799758, 0.0011712990820978487, 1.3805344789805538e-05, 0.0017903543883086774, -0.0018017044115662328
flux1:, 1.1931706550355614, 0.0011859878001005016, 0.0011893579787673786, 1.4085763166958372e-05, 0.0017275312459861486, -0.0017387080026275256
flux1:, 1.1941530119061654, 0.0012038892705460897, 0.0012071971795181626, 1.439782730382862e-05, 0.0016641194820696255, -0.001675116156493982
flux1:, 1.1951353687767692, 0.001221537865057689, 0.001224778740552192, 1.4743462121301482e-05, 0.0016003903677601875, -0.001611201443342211
flux1:, 1.1961177256473732, 0.0012388946276138105, 0.0012420636088105773, 1.5124601095438402e-05, 0.0015366334032713173, -0.0015472548404736367
flux1:, 1.1971000825179772, 0.001255919543774905, 0.0012590116808682346, 1.5543177804866188e-05, 0.0014731555646040504, -0.0014835849861475695
flux1:, 1.1980824393885812, 0.0012725716053987599, 0.0012755818684166617, 1.600111682789378e-05, 0.0014102803478933923, -0.0014205172304368658
flux1:, 1.1990647962591852, 0.0012888088820537957, 0.0012917321704599186, 1.6500323985159814e-05, 0.001348346599961034, -0.0013583924716600027
flux1:, 1.200047153129789, 0.0013045885992380073, 0.0013074197523294277, 1.704267592653642e-05, 0.0012877071242060744, -0.0012975657674400725
flux1:, 1.201029510000393, 0.0013198672234927555, 0.0013226010316046456, 1.7630009064152446e-05, 0.0012287270514756959, -0.0012384047099523003
flux1:, 1.202011866870997, 0.001334600554479211, 0.001337231771004989, 1.8264107856769445e-05, 0.001171781966322344, -0.001181287555681757
flux1:, 1.202994223741601, 0.0013487438240623638, 0.0013512671782953544, 1.894669245438318e-05, 0.0011172557798320986, -0.0011266011007976709
flux1:, 1.203976580612205, 0.001362251802425434, 0.0013646620132253613, 1.9679405715600695e-05, 0.001065538341066481, -0.0010747382941025906
flux1:, 1.2049589374828087, 0.0013750789112106402, 0.0013773707014952917, 2.046379961453373e-05, 0.001017022780277562, -0.001026095580639546
flux1:, 1.2059412943534127, 0.0013871793436578378, 0.0013893474557172207, 2.130132105803367e-05, 0.0009721025781185036, -0.000981069970101196
flux1:, 1.2069236512240167, 0.0013985071916844537, 0.0014005464033114388, 2.2193297138632417e-05, 0.0009311683563609423, -0.0009400558254800605
flux1:, 1.2079060080946207, 0.0014090165798220406, 0.0014109217212501107, 2.3140919853105847e-05, 0.000894604386985072, -0.0009034413687537701
flux1:, 1.2088883649652247, 0.0014186618058946564, 0.0014204277775297606, 2.414523032145469e-05, 0.0008627848179877025, -0.0008716049018882067
flux1:, 1.2098707218358287, 0.0014273974882945681, 0.0014290192792243493, 2.520710254605324e-05, 0.0008360696158310921, -0.0008449107430179198
flux1:, 1.2108530787064324, 0.0014351787196787745, 0.0014366514269385548, 2.632722675585644e-05, 0.0008148002261190745, -0.000823704879339975
flux1:, 1.2118354355770364, 0.001441961226878291, 0.0014432800754491484, 2.750609238590273e-05, 0.0007992949559520534, -0.0008083103401235491
flux1:, 1.2128177924476404, 0.0014477015367781077, 0.0014488619002882485, 2.8743970747675457e-05, 0.0007898440831097738, -0.0007990222949458612
flux1:, 1.2138001493182444, 0.0014523571478928625, 0.00145335456998917, 3.0040897451540238e-05, 0.0007867046994285149, -0.0007961028844913658
flux1:, 1.2147825061888484, 0.0014558867073303837, 0.0014567169236826666, 3.1396654647911e-05, 0.0007900952974809882, -0.0007997757929997421
flux1:, 1.2157648630594522, 0.0014582501927973266, 0.001458909153693287, 3.281075315966522e-05, 0.0008001901120304269, -0.0008102205738248613
flux1:, 1.2167472199300562, 0.0014594090992706146, 0.0014598929927549548, 3.428241458382023e-05, 0.0008171132296671277, -0.0008275667415126275
flux1:, 1.2177295768006602, 0.00145932662992027, 0.0014596319054267792, 3.5810553446360434e-05, 0.0008409324824494615, -0.0008518876462302992
flux1:, 1.2187119336712642, 0.001457967890836726, 0.0014580912832573773, 3.739375949959881e-05, 0.0008716531433590107, -0.0008831941483824293
flux1:, 1.2196942905418682, 0.0014553000890786183, 0.0014552386432090977, 3.9030280257257096e-05, 0.0009092114439299319, -0.0009214281138100098
flux1:, 1.220676647412472, 0.0014512927335259315, 0.0014510438288221426, 4.071800386771095e-05, 0.0009534679363366407, -0.0009664557519079562
flux1:, 1.221659004283076, 0.0014459178379853512, 0.0014454792135607448, 4.245444243145822e-05, 0.0010042007247930646, -0.001018060821578665
flux1:, 1.22264136115368, 0.0014391501259664362, 0.001438519905755261, 4.423671587382452e-05, 0.00106109859310138, -0.001075937731940145
flux1:, 1.223623718024284, 0.001430967236509797, 0.001430143954516626, 4.606153648903061e-05, 0.0011237540574786937, -0.0011396845670110765
flux1:, 1.224606074894888, 0.0014213499304210155, 0.0014203325559722908, 4.7925194276347227e-05, 0.0011916563758834018, -0.0012087960657060372
flux1:, 1.2255884317654917, 0.0014102822962320303, 0.0014090702591407723, 4.9823543193477564e-05, 0.0012641845470995998, -0.0012826565905231994
flux1:, 1.2265707886360957, 0.0013977519551821324, 0.0013963451707325152, 5.175198845627117e-05, 0.0013406003347780585, -0.0013605331202677885
flux1:, 1.2275531455066997, 0.0013837502644853303, 0.0013821491581394918, 5.370547501752321e-05, 0.0014200413534701407, -0.0014415683040031415
flux1:, 1.2285355023773037, 0.0013682725181238895, 0.0013664780498491163, 5.5678477360678904e-05, 0.001501514255335487, -0.0015247736150844327
flux1:, 1.2295178592479077, 0.0013513181443845746, 0.0013493318324950896, 5.7664990746927006e-05, 0.0015838880578417452, -0.0016090226457830792
flux1:, 1.2305002161185117, 0.0013328908993309743, 0.001330714843734625, 5.9658524056146924e-05, 0.0016658876539930607, -0.0016930445842436854
flux1:, 1.2314825729891155, 0.0013129990553897772, 0.0013106359601264758, 6.165209436371184e-05, 0.0017460875479455493, -0.001775417916850328
flux1:, 1.2324649298597194, 0.0012916555842064487, 0.0012891087791618062, 6.36382233957346e-05, 0.001822905859701835, -0.0018545643999290807
flux1:, 1.2334472867303234, 0.0012688783329171207, 0.0012661517945917323, 6.56089360055312e-05, 0.0018945986434051507, -0.0019287433455555708
flux1:, 1.2344296436009274, 0.0012446901929662045, 0.001241788564178285, 6.755576081317284e-05, 0.0019592545641628706, -0.0019960462666588517
flux1:, 1.2354120004715314, 0.0012191192605968664, 0.0012160478689935699, 6.946973314856395e-05, 0.0020147899786191826, -0.0020543919269119804
flux1:, 1.2363943573421352, 0.0011921989881297883, 0.0011889638633805011, 7.134140043588913e-05, 0.002058944464386232, -0.002101521840805822
flux1:, 1.2373767142127392, 0.001163968325148588, 0.0011605762146918324, 7.316083015399318e-05, 0.0020892768431294353, -0.0021349962689935433
flux1:, 1.2383590710833432, 0.0011344718487083557, 0.001130930231922747, 7.491762050281344e-05, 0.002103161741457595, -0.0021521907533580114
flux1:, 1.2393414279539472, 0.00110375988168974, 0.001100076982358607, 7.660091390075858e-05, 0.002097786732746129, -0.002150293235240903
flux1:, 1.2403237848245512, 0.0010718885984297686, 0.0010680733953687782, 7.819941343136106e-05, 0.002070150101829744, -0.002126301799083326
flux1:, 1.241306141695155, 0.0010389201167717548, 0.0010349823524889912, 7.97014023502157e-05, 0.002017059272725994, -0.0020770230819559254
flux1:, 1.242288498565759, 0.0010049225756935298, 0.0010008727629522004, 8.109476675449146e-05, 0.0019351299377642973, -0.001999071387673854
flux1:, 1.243270855436363, 0.0009699701976944345, 0.0009658196238495494, 8.23670215076725e-05, 0.0018207859240056627, -0.0018888685416991692
flux1:, 1.244253212306967, 0.0009341433351431431, 0.0009299040641253213, 8.350533950127743e-05, 0.0016702598303277446, -0.0017426445205228696
flux1:, 1.245235569177571, 0.0008975284998189668, 0.0008932133716408141, 8.449658432323644e-05, 0.001479594465452395, -0.0015564388861134732
flux1:, 1.2462179260481747, 0.000860218374912108, 0.0008558410025755836, 8.53273463895365e-05, 0.0012446451139244454, -0.0013261030527463432
flux1:, 1.2472002829187787, 0.0008223118087816672, 0.0008178865724683638, 8.598398258112749e-05, 0.0009610826533340182, -0.0010473034098005907
flux1:, 1.2481826397893827, 0.0007839137898165191, 0.000779455828246981, 8.64526594128919e-05, 0.000624397542126658, -0.0007155253201505536
flux1:, 1.2491649966599867, 0.0007451354017843448, 0.0007406606006373004, 8.671939974443575e-05, 0.00022990469298524684, -0.0003260780094046361
flux1:, 1.2501473535305907, 0.0007060937591067997, 0.0007016187363946724, 8.677013302498165e-05, -0.00022725075777270984, 0.00012589964331407243
flux1:, 1.2511297104011945, 0.0006669119215499662, 0.0006624540098531023, 8.659074904560135e-05, -0.0007520867792328921, 0.000645432407263277
flux1:, 1.2521120672717985, 0.000627718787878969, 0.0006232960133477761, 8.616715515213268e-05, -0.0013497768730085851, 0.0012377010940951734
flux1:, 1.2530944241424025, 0.0005886489680861807, 0.0005842800261278276, 8.548533685129958e-05, -0.002025641603335355, 0.0019080340486877065
flux1:, 1.2540767810130065, 0.0005498426338659283, 0.0005455468614402932, 8.453142172060053e-05, -0.002785139240729569, 0.0026618977472283286
flux1:, 1.2550591378836105, 0.0005114453470827537, 0.0005072426915411045, 8.329174650993506e-05, -0.0036338555354966506, 0.0035048865187087145
flux1:, 1.2560414947542144, 0.00047360786604733613, 0.00046951885045660964, 8.175292729949008e-05, -0.004577492643244619, 0.004442711411891098
flux1:, 1.2570238516248182, 0.00043648592949443977, 0.00043253161440004765, 7.990193255415413e-05, -0.00562185723063522, 0.00548118823591644
flux1:, 1.2580062084954222, 0.0004002400182350419, 0.00039644195982584335, 7.772615889012295e-05, -0.006772847795616212, 0.00662622480877479
flux1:, 1.2589885653660262, 0.0003650350945374293, 0.0003614152991878117, 7.521350934406661e-05, -0.008036441242549732, 0.007883807454067924
flux1:, 1.2599709222366302, 0.00033104031937762255, 0.0003276211945535929, 7.235247390984416e-05, -0.009418678758681074, 0.009259986792562784
flux1:, 1.2609532791072342, 0.0002984287477870357, 0.0002952330493157141, 6.91322120816578e-05, -0.010925651044564888, 0.010760862881253965
flux1:, 1.261935635977838, 0.00026737700261540465, 0.00026442777833042666, 6.554263711714785e-05, -0.012563482956834114, 0.012392569758459981
flux1:, 1.262917992848442, 0.0002380649271188554, 0.00023538545690779544, 6.15745017077689e-05, -0.014338317627728674, 0.014161259459564762
flux1:, 1.263900349719046, 0.0002106752168773104, 0.00020828894917137745, 5.7219484718511825e-05, -0.016256300131189443, 0.01607308557343842
flux1:, 1.26488270658965, 0.00018539303163907822, 0.00018332351639994106, 5.2470278633687924e-05, -0.018323560770868774, 0.01813418641517872
flux1:, 1.265865063460254, 0.00016240558778765556, 0.00016067640606129383, 4.732067732118937e-05, -0.020546198070379496, 0.020350667895821628
flux1:, 1.266847420330858, 0.00014190173222202146, 0.00014053642234494, 4.176566370347826e-05, -0.02293026155091314, 0.022728586174541758
flux1:, 1.2678297772014617, 0.00012407149853715666, 0.00012309347909609676, 3.580149690095634e-05, -0.025481734385669166, 0.02527393018320172
flux1:, 1.2688121340720657, 0.00010910564649004656, 0.00010853813615242074, 2.942579839151482e-05, -0.028206516024396906, 0.027992604117043733
flux1:, 1.2697944909426697, 9.719518583047573e-05, 9.706112017911133e-05, 2.2637636709519696e-05, -0.03111040488493252, 0.030890409988925054
flux1:, 1.2707768478132737, 8.85308856718162e-05, 8.88528311941519e-05, 1.5437610188750362e-05, -0.03419908121132049, 0.03397303034726536
flux1:, 1.2717592046838777, 8.330277067010035e-05, 8.410283606868113e-05, 7.827927236492003e-06, -0.03747809020053146, 0.037246011260335304
flux1:, 1.2727415615544815, 8.169960537066411e-05, 8.299935037857779e-05, -1.875163893485204e-07, -0.040952825501463765, 0.04071474567124897
flux1:, 1.2737239184250855, 8.3908368171833e-05, 8.572871007355161e-05, -8.603063841245103e-06, -0.044628513190977624, 0.044384457229096966
flux1:, 1.2747062752956895, 9.011371643995132e-05, 9.247483451481842e-05, -1.7411227533343478e-05, -0.04851019633195679, 0.04826018470198875
flux1:, 1.2756886321662935, 0.00010049744439436963, 0.00010341868251665816, -2.6602624143412047e-05, -0.05260272021818797, 0.05234676707755617
flux1:, 1.2766709890368975, 0.00011523793545969376, 0.00011873770310566455, -3.616591483168196e-05, -0.05691071840952739, 0.0566488294552358
flux1:, 1.2776533459075012, 0.00013450961085711846, 0.0001386052827857679, -4.6087751245338325e-05, -0.06143859965909214, 0.06117076983288988
flux1:, 1.2786357027781052, 0.00015848237627886898, 0.0001631901911690047, -5.6352727877469796e-05, -0.06619053583133028, 0.06591674688751785
flux1:, 1.2796180596487092, 0.0001873210685526081, 0.00019265602689444832, -6.694334134546407e-05, -0.07117045090646033, 0.07089066884646454
flux1:, 1.2806004165193132, 0.00022118490426550517, 0.00022716066582008907, -7.783995714742944e-05, -0.07638201116237521, 0.07609618354109209
flux1:, 1.2815827733899172, 0.0002602269323686983, 0.0002668557135229461, -8.902078444454786e-05, -0.08182861661989616, 0.08153666972981388
flux1:, 1.282565130260521, 0.00030459349283229394, 0.0003118859641914917, -0.00010046185940343237, -0.08751339383135637, 0.08721522977136194
flux1:, 1.283547487131125, 0.0003544236834615664, 0.00036238886803428947, -0.0001121370376151879, -0.09343919008573541, 0.09313468372245057
flux1:, 1.284529844001729, 0.00040984883701788435, 0.0004184940093608449, -0.00012401799608574479, -0.09960856909582472, 0.0992975649263373
flux1:, 1.285512200872333, 0.0004709920108146, 0.0004803225975165167, -0.0001360742452675063, -0.10602380822480846, 0.1057061171505279
flux1:, 1.286494557742937, 0.0005379674909767559, 0.0005479869728710537, -0.0001482731515723521, -0.11268689730029238, 0.11236229332263739
flux1:, 1.2874769146135407, 0.0006108803135621711, 0.0006215901300679991, -0.00016057997077328077, -0.11959953905423505, 0.11926775590376744
flux1:, 1.2884592714841447, 0.0006898258047453092, 0.0007012252607450051, -0.0001729578926644304, -0.12676315121661558, 0.12642387892810086
flux1:, 1.2894416283547487, 0.0007748891422553122, 0.0007869753179239007, -0.00018536809730838218, -0.1341788702797348, 0.13383175172650383
flux1:, 1.2904239852253527, 0.0008661449402470871, 0.0008789126042556735, -0.00019776982315464382, -0.14184755693837306, 0.14149218434013222
flux1:, 1.2914063420959567, 0.000963656859754566, 0.0009770983862744627, -0.00021012044726398347, -0.14976980319884275, 0.14940571461792318
flux1:, 1.2923886989665605, 0.0010674772468463915, 0.0010815825367844344, -0.00022237557782144355, -0.15794594113764115, 0.15757261697931757
flux1:, 1.2933710558371645, 0.0011776468005537607, 0.0011924032074515068, -0.0002344891590643291, -0.16637605327730445, 0.16599291281055994
flux1:, 1.2943534127077685, 0.00129419427259194, 0.0013095865336221514, -0.00024641358869215157, -0.17505998453407617, 0.1746663824497828
flux1:, 1.2953357695783725, 0.0014171362008307596, 0.0014331463733238574, -0.00025809984776294537, -0.18399735567860576, 0.1835925787025927
flux1:, 1.2963181264489765, 0.0015464766783972435, 0.001563084082328016, -0.000269497643014703, -0.19318757823758667, 0.19277084181660833
flux1:, 1.2973004833195805, 0.0016822071602122666, 0.001699388327073169, -0.0002805555614821722, -0.2026298707507184, 0.2022003158296572
flux1:, 1.2982828401901843, 0.0018243063086669953, 0.0018420349371487516, -0.00029122123720883405, -0.21232327628420383, 0.21187996619316216
flux1:, 1.2992651970607882, 0.0019727398800492464, 0.0019909867989421214, -0.0003014415297805929, -0.22226668108887312, 0.22180859855909943
flux1:, 1.3002475539313922, 0.0021274606532160453, 0.002146193791936123, -0.0003111627143331808, -0.23245883427838174, 0.2319848786059979
flux1:, 1.3012299108019962, 0.0022884084018851107, 0.002307592769019099, -0.0003203306826093079, -0.24289836839037518, 0.2424073527669886
flux1:, 1.3022122676726002, 0.0024555099117995536, 0.0024751075820490537, -0.0003288911545641349, -0.2535838206821076, 0.25307446971123176
flux1:, 1.303194624543204, 0.0026286790438696307, 0.002648649153761498, -0.00033678989994032906, -0.26451365500051144, 0.263984602418671
flux1:, 1.304176981413808, 0.002807816844263905, 0.0028281155969771253, -0.0003439729691555873, -0.27568628405658496, 0.2751360706775641
flux1:, 1.305159338284412, 0.0029928117022543243, 0.0030133923818959907, -0.00035038693276851895, -0.28710009192436076, 0.286527163824782
flux1:, 1.306141695155016, 0.003183539556474807, 0.0032043525521180025, -0.00035597912871144865, -0.2987534565761861, 0.2981561635400349
flux1:, 1.30712405202562, 0.003379864150071032, 0.0034008569898460453, -0.0003606979164036029, -0.3106447722586829, 0.3100213664978151
flux1:, 1.308106408896224, 0.003581637335055064, 0.003602754730562149, -0.0003644929367842832, -0.3227724715072835, 0.32212110667429034
flux1:, 1.3090887657668278, 0.0037886994259947048, 0.0038098833272816645, -0.00036731537723421473, -0.3351350465924108, 0.33445377710130125
flux1:, 1.3100711226374318, 0.00400087960298148, 0.0040220692643028935, -0.0003691182402851943, -0.3477310701865735, 0.34701785085583914
flux1:, 1.3110534795080357, 0.004217996363635411, 0.004239128420182068, -0.0003698566149524133, -0.3605592150394515, 0.35981190107118993
flux1:, 1.3120358363786397, 0.004439858023707325, 0.004460866579464713, -0.00036948794946333656, -0.37361827244742835, 0.37283461975468785
flux1:, 1.3130181932492437, 0.0046662632656443385, 0.004687079992507876, -0.0003679723241001572, -0.38690716930460844, 0.3860848351984161
flux1:, 1.3140005501198475, 0.004897001734284635, 0.0049175559825265225, -0.00036527272282107386, -0.40042498352512207, 0.39956152777086584
flux1:, 1.3149829069904515, 0.005131854678646438, 0.005152073598795121, -0.0003613553022797926, -0.4141709576305912, 0.41326384388221543
flux1:, 1.3159652638610555, 0.005370595638572043, 0.0053904043147299276, -0.00035618965682281643, -0.42814451030234935, 0.42719110792133363
flux1:, 1.3169476207316595, 0.00561299117479231, 0.005632312769380867, -0.0003497490780098138, -0.44234524570582706, 0.44134283197028035
flux1:, 1.3179299776022635, 0.00585880164076446, 0.005877557550648382, -0.0003420108071770904, -0.4567729604037148, 0.4557187231113085
flux1:, 1.3189123344728673, 0.0061077819944465195, 0.006125892018350065, -0.00033295627954428185, -0.47142764768574796, 0.4703186881523635
flux1:, 1.3198946913434713, 0.006359682647963925, 0.006377065165053101, -0.0003225713583535301, -0.48630949915551636, 0.4851428356100334
flux1:, 1.3208770482140753, 0.006614250352944379, 0.006630822512408686, -0.0003108465575277427, -0.5014189034297265, 0.5001914748031412
flux1:, 1.3218594050846793, 0.006871229119084684, 0.006886907040511215, -0.00029777725133996267, -0.5167564418208666, 0.5154651119264387
flux1:, 1.3228417619552832, 0.007130361163352563, 0.0071450601476441555, -0.0002833638696009064, -0.5323228808928857, 0.530964442991866
flux1:, 1.323824118825887, 0.007391387887024549, 0.007405022637572207, -0.00026761207689498444, -0.5481191617977967, 0.5466903435436281
flux1:, 1.324806475696491, 0.007654050877608146, 0.007666535731385863, -0.00025053293442846996, -0.5641463863231363, 0.5626438550748384
flux1:, 1.325788832567095, 0.007918092932512936, 0.007929342100721671, -0.00023214304309683822, -0.5804057996011344, 0.5788261680950416
flux1:, 1.326771189437699, 0.008183259101196572, 0.008193186919042098, -0.00021246466642897748, -0.5968987694551995, 0.595238601821847
flux1:, 1.327753546308303, 0.008449297742347255, 0.008457818927495123, -0.00019152583212922935, -0.6136267623823364, 0.6118825804939402
flux1:, 1.3287359031789068, 0.00871596159254508, 0.008722991511755108, -0.0001693604110097357, -0.6305913161974208, 0.6287596063291627
flux1:, 1.3297182600495108, 0.008983008842698448, 0.008988463786100277, -0.00014600817218499425, -0.6477940093899656, 0.6458712291767577
flux1:, 1.3307006169201148, 0.009250204218456836, 0.009254001680888548, -0.00012151481349341258, -0.6652364272723383, 0.6632190129409028
flux1:, 1.3316829737907188, 0.009517320060684686, 0.009519379029477588, -9.593196620742794e-05, -0.6829201250251778, 0.6808044988796371
flux1:, 1.3326653306613228, 0.009784137401999354, 0.009784378650553982, -6.931717320533503e-05, -0.7008465877744714, 0.6986291659121077
flux1:, 1.3336476875319265, 0.010050447035298919, 0.010048793421760632, -4.17338398914939e-05, -0.7190171878616437, 0.7166943880938836
flux1:, 1.3346300444025305, 0.010316050570144248, 0.010312427340451936, -1.3251157280132466e-05, -0.7374331394975265, 0.7350013894500836
flux1:, 1.3356124012731345, 0.010580761472812963, 0.010575096567360023, 1.605600321272823e-05, -0.7560954510173856, 0.7535511963818834
flux1:, 1.3365947581437385, 0.01084440608581463, 0.010836630448929659, 4.610722358238668e-05, -0.7750048749824088, 0.7723445878908509
flux1:, 1.3375771150143425, 0.011106824622637233, 0.011096872514061698, 7.681670182161789e-05, -0.7941618563994807, 0.7913820438918648
flux1:, 1.3385594718849465, 0.011367872133503414, 0.011355681441015215, 0.00010809344329687245, -0.813566479356251, 0.8106636919107664
flux1:, 1.3395418287555503, 0.011627419437921116, 0.011612931990226751, 0.00013984148077336516, -0.8332184123941279, 0.8301892524885165
flux1:, 1.3405241856261543, 0.011885354019859287, 0.01186851589885376, 0.0001719601227871851, -0.8531168529635833, 0.8499579836358552
flux1:, 1.3415065424967583, 0.012141580881424538, 0.012122342732896958, 0.00020434422989886418, -0.8732604713300323, 0.8699686247058166
flux1:, 1.3424888993673623, 0.012396023350982409, 0.012374340692825583, 0.00023688451819637348, -0.8936473543156673, 0.8902193400699717
flux1:, 1.3434712562379663, 0.012648623841753543, 0.012624457368720763, 0.0002694678892450991, -0.9142749492838073, 0.9107076630039779
flux1:, 1.34445361310857, 0.012899344557022706, 0.012872660441061057, 0.0003019777855172856, -0.9351400087854399, 0.9314304402028194
flux1:, 1.345435969979174, 0.013148168138203034, 0.013118938323381969, 0.00033429457016292616, -0.9562385363027888, 0.9523837773603968
flux1:, 1.346418326849778, 0.01339509825215486, 0.013363300743201818, 0.000366295929817623, -0.977565733535298, 0.9735629862594265
flux1:, 1.347400683720382, 0.013640160114293089, 0.013605779257743037, 0.00039785729898187354, -0.9991159496814693, 0.9949625338255706
flux1:, 1.348383040590986, 0.01388340094419408, 0.013846427701159337, 0.0004288523043436257, -1.0208826331758336, 1.0165759936058922
flux1:, 1.34936539746159, 0.014124890350600732, 0.014085322560169006, 0.0004591532272636559, -1.0428582863425144, 1.0383960001338377
flux1:, 1.3503477543321938, 0.014364720642918372, 0.01432256327519229, 0.0004886314824927051, -1.0650344234268305, 1.060414206643338
flux1:, 1.3513301112027978, 0.014603007066505377, 0.014558272464306113, 0.0005171581110490445, -1.0874015324614288, 1.0826212465898706
flux1:, 1.3523124680734018, 0.014839887959310172, 0.014792596067579347, 0.0005446042850530497, -1.1099490414181186, 1.105006699430693
flux1:, 1.3532948249440058, 0.015075524827627279, 0.015025703409576898, 0.0005708418221891437, -1.1326652890845241, 1.1275590611050854
flux1:, 1.3542771818146098, 0.015310102339008718, 0.015257787178088173, 0.0005957437073546119, -1.1555375010914792, 1.1502657196425856
flux1:, 1.3552595386852135, 0.015543828230641115, 0.015489063317412424, 0.0006191846189516363, -1.178551771501003, 1.1731129363096795
flux1:, 1.3562418955558175, 0.0157769331317704, 0.015719770834808765, 0.0006410414571911424, -1.2016930503418697, 1.1960858326854007
flux1:, 1.3572242524264215, 0.01600967029903993, 0.015950171519005834, 0.0006611938716978627, -1.224945137458457, 1.2191683840323877
flux1:, 1.3582066092970255, 0.0162423152639207, 0.01618054956998236, 0.0006795247856494249, -1.248290683009037, 1.242343419302171
flux1:, 1.3591889661676295, 0.016475165391699416, 0.016411211139519984, 0.0006959209136293175, -1.2717111949212625, 1.2655926280846657
flux1:, 1.3601713230382333, 0.01670853935182435, 0.016642483782367917, 0.0007102732703484335, -1.29518705357772, 1.2888965747767844
flux1:, 1.3611536799088373, 0.016942776499703358, 0.01687471581815517, 0.000722477667369983, -1.3186975339679117, 1.3122347202094313
flux1:, 1.3621360367794413, 0.0171782361703944, 0.017108275604536802, 0.0007324351949773476, -1.3422208355051144, 1.3355854509330822
flux1:, 1.3631183936500453, 0.017415296884942554, 0.01734355072237567, 0.0007400526863441429, -1.3657341196628539, 1.3589261163195694
flux1:, 1.3641007505206493, 0.01765435547044944, 0.01758094707409714, 0.0007452431612019004, -1.3892135555419785, 1.3822330735936366
flux1:, 1.365083107391253, 0.01789582609529433, 0.01782088789668955, 0.0007479262462517825, -1.412634373433469, 1.4054817408613505
flux1:, 1.366065464261857, 0.018140139221249154, 0.018063812691149123, 0.0007480285696481103, -1.435970926391467, 1.4286466581527761
flux1:, 1.367047821132461, 0.018387740474564974, 0.01831017607050521, 0.0007454841269626502, -1.4591967597830358, 1.4517015564482065
flux1:, 1.368030178003065, 0.018639089438434567, 0.018560446528892008, 0.0007402346161541754, -1.4822846887277763, 1.4746194346025463
flux1:, 1.369012534873669, 0.018894658369535015, 0.018815105134433383, 0.0007322297391877853, -1.505206883288142, 1.4973726440317585
flux1:, 1.3699948917442728, 0.01915493084170435, 0.01907464414905977, 0.0007214274680979483, -1.5279349612169522, 1.5199329809704196
flux1:, 1.3709772486148768, 0.019420400320088883, 0.01933956557866032, 0.0007077942734434187, -1.5504400880162441, 1.542271786056104
flux1:, 1.3719596054854808, 0.01969156866938933, 0.0196103796572669, 0.0006913053132823636, -1.5726930840044413, 1.5643600509398992
flux1:, 1.3729419623560848, 0.019968944600172154, 0.019887603269304773, 0.0006719445809848986, -1.5946645380381221, 1.5861685315718719
flux1:, 1.3739243192266888, 0.020253042057421816, 0.020171758314157545, 0.0006497050104061331, -1.6163249274781486, 1.6076678677526695
flux1:, 1.3749066760972926, 0.02054437855584192, 0.02046337001762404, 0.0006245885371668484, -1.6376447439397381, 1.628828708492743
flux1:, 1.3758890329678966, 0.020843473466624896, 0.020762965195059407, 0.000596606115010062, -1.6585946243141703, 1.6496218426685154
flux1:, 1.3768713898385005, 0.021150846260671048, 0.021071070471253672, 0.0005657776864604787, -1.679145486499503, 1.6700183344147794
flux1:, 1.3778537467091045, 0.02146701471345183, 0.0213882104623139, 0.0005321321072524593, -1.6992686692323784, 1.6899896626461448
flux1:, 1.3788361035797085, 0.021792493076926173, 0.021714905925032134, 0.0004957070242598722, -1.718936075366167, 1.7095078640544563
flux1:, 1.3798184604503125, 0.022127790224102648, 0.02205167187940269, 0.0004565487069342752, -1.738120317900032, 1.7285456788873657
flux1:, 1.3808008173209163, 0.022473407772025132, 0.02239901571013822, 0.00041471183252288907, -1.7567948680242178, 1.7470766987746618
flux1:, 1.3817831741915203, 0.02282983818908554, 0.02275743525315807, 0.0003702592256228602, -1.7749342044105365, 1.765075515831655
flux1:, 1.3827655310621243, 0.02319756289273884, 0.023127416873193373, 0.00032326155290700147, -1.7925139629477247, 1.7825178722398407
flux1:, 1.3837478879327283, 0.023577050343765043, 0.023509433538721217, 0.0002737969741366126, -1.8095110860912602, 1.799380809474532
flux1:, 1.3847302448033323, 0.023968754143348786, 0.023903942900564693, 0.00022195075085329962, -1.8259039709760867, 1.8156428163284468
flux1:, 1.3857126016739363, 0.02437311113928582, 0.024311385380532742, 0.0001678148144269831, -1.841672615421427, 1.8312839748598915
flux1:, 1.38669495854454, 0.024790539547697787, 0.024732182276542405, 0.00011148729539545038, -1.8567987609434786, 1.846286103380931
flux1:, 1.387677315415144, 0.02522143709663715, 0.02516673389066644, 5.307201630793831e-05, -1.8712660318837109, 1.860632895593461
flux1:, 1.388659672285748, 0.02566617919797905, 0.025615417686559026, -7.322049467791322e-06, -1.8850600697561573, 1.8743100549749454
flux1:, 1.389642029156352, 0.026125117153968598, 0.02607858648268356, -6.958135026815175e-05, -1.8981686619216855, 1.8873054235218083
flux1:, 1.390624386026956, 0.026598576404729814, 0.02655656668769994, -0.00013358835704284518, -1.910581863701404, 1.8996091039611145
flux1:, 1.3916067428975598, 0.027086854823016773, 0.027049656584339592, -0.0001992221894939884, -1.9222921130588773, 1.9112135745591747
flux1:, 1.3925890997681638, 0.027590221062321448, 0.02755812466792886, -0.0002663592640835937, -1.9332943369961155, 1.9221137956705212
flux1:, 1.3935714566387678, 0.028108912964417886, 0.0280822080456805, -0.0003348739603591749, -1.9435860488352414, 1.93230730719812
flux1:, 1.3945538135093718, 0.028643136032213568, 0.02862211090266259, -0.0004046393018845484, -1.9531674355868787, 1.9417943161637548
flux1:, 1.3955361703799758, 0.029193061973652866, 0.029178003040222993, -0.00047552764791526994, -1.962041434642692, 1.9505777736245293
flux1:, 1.3965185272505796, 0.029758827322234605, 0.02975001849246136, -0.0005474113918304819, -1.9702137990704864, 1.9586634402116365
flux1:, 1.3975008841211836, 0.030340532139469963, 0.030338254226100505, -0.0006201636622343603, -1.9776931508360094, 1.966059939614505
flux1:, 1.3984832409917876, 0.030938238804419076, 0.030942768928916113, -0.0006936590225591061, -1.9844910213287548, 1.9727787993845145
flux1:, 1.3994655978623916, 0.0315519708951674, 0.031563581891603715, -0.0007677741649500541, -1.9906218786243397, 1.9788344784893563
flux1:, 1.4004479547329955, 0.03218171216685712, 0.03220067198770946, -0.0008423885941829041, -1.9961031409773495, 1.9842443811093808
flux1:, 1.4014303116035993, 0.0328274056305792, 0.032853976755938985, -0.0009173852973636674, -2.000955176104378, 1.9890288562342369
flux1:, 1.4024126684742033, 0.033488952737165435, 0.03352339158888682, -0.0009926513951836475, -2.0052012858858, 1.9932111826848968
flux1:, 1.4033950253448073, 0.03416621266957452, 0.03420876903187814, -0.0010680787705579695, -2.0088676761896562, 1.996817539263405
flux1:, 1.4043773822154113, 0.034859001747235885, 0.0349099181952818, -0.0011435646705478914, -2.0119834115940187, 1.9998769598035862
flux1:, 1.4053597390860153, 0.035567092945375106, 0.035626604283306995, -0.00121901227757969, -2.014580354868127, 2.0024212729811954
flux1:, 1.406342095956619, 0.03629021553198957, 0.03635854824193628, -0.001294331246099881, -2.016693091149799, 2.0044850268191436
flux1:, 1.407324452827223, 0.03702805482475884, 0.03710542652826103, -0.0013694382009688927, -2.0183588368439156, 2.006105397909767
flux1:, 1.408306809697827, 0.0377802520697838, 0.037866871003086916, -0.0014442571940742, -2.019617333349162, 2.0073220854596916
flux1:, 1.409289166568431, 0.0385464044437076, 0.03864246894833452, -0.0015187201158601705, -2.0205107258090047, 2.00817719035137
flux1:, 1.410271523439035, 0.0393260651802965, 0.03943176321027907, -0.0015927670586971285, -2.021083427166713, 2.0087150794989217
flux1:, 1.4112538803096388, 0.040118743822236194, 0.04023425246934725, -0.0016663466292725802, -2.0213819678934577, 2.0089822358660134
flux1:, 1.4122362371802428, 0.040923906598426395, 0.0410493916367114, -0.0017394162074632357, -2.0214548318429224, 2.00902709459669
flux1:, 1.4132185940508468, 0.04174097692668842, 0.0418765923775493, -0.0018119421494416496, -2.0213522787710367, 2.008899865797475
flux1:, 1.4142009509214508, 0.04256933604136862, 0.04271522376040302, -0.001883899933089189, -2.0211261541439125, 2.008652344591063
flux1:, 1.4151833077920548, 0.04340832374492146, 0.04356461303166514, -0.0019552742441161265, -2.02082968693577, 2.0083377091435124
flux1:, 1.4161656646626586, 0.04425723928213526, 0.044424046513799095, -0.002026059001637991, -2.020517276200034, 2.008010307445702
flux1:, 1.4171480215332626, 0.0451153423352647, 0.045292770625495075, -0.0020962573223142476, -2.020244267269477, 2.007725433705086
flux1:, 1.4181303784038666, 0.045981854137942216, 0.04616999302156965, -0.00216588142252711, -2.020066718514034, 2.0075390952748817
flux1:, 1.4191127352744706, 0.04685595870532022, 0.04705488384999394, -0.002234952458451873, -2.0200411596519943, 2.0075077711165608
flux1:, 1.4200950921450746, 0.04773680417754662, 0.04794657712308091, -0.0023035003042584895, -2.0202243426728796, 2.007688162852293
flux1:, 1.4210774490156786, 0.04862350427326738, 0.048844172199454694, -0.002371563269065699, -2.020672986487588, 2.0081369395241886
flux1:, 1.4220598058862823, 0.04951513984949404, 0.049746735373060506, -0.0024391877536620674, -2.0214435164739823, 2.008910477227249
flux1:, 1.4230421627568863, 0.050410760563837524, 0.050653301565144034, -0.0025064278483875515, -2.0225918001310856, 2.0100645948299825
flux1:, 1.4240245196274903, 0.051309386634742916, 0.05156287611475016, -0.0025733448739605072, -2.0241728800970615, 2.0116542870377407
flux1:, 1.4250068764980943, 0.05221001069503619, 0.05247443666297394, -0.002640006867402079, -2.0262407058162104, 2.0137334560846636
flux1:, 1.4259892333686983, 0.053111599733825246, 0.05338693512592349, -0.002706488015582405, -2.0288478651704707, 2.0163546433702817
flux1:, 1.4269715902393023, 0.054013097121446876, 0.05429929975100028, -0.0027728680392665826, -2.0320453174071638, 2.019568762373264
flux1:, 1.427953947109906, 0.05491342471189997, 0.05521043725085611, -0.002839231530878451, -2.0358821287085744, 2.0234248341886425
flux1:, 1.42893630398051, 0.05581148501698962, 0.05611923500916268, -0.0029056672495276293, -2.0404052117534084, 2.027969727039943
flux1:, 1.429918660851114, 0.05670616344609374, 0.05702456335202354, -0.0029722673771511296, -2.0456590706169844, 2.0332479011140197
flux1:, 1.430901017721718, 0.05759633060532043, 0.05792527787870762, -0.0030391267399057734, -2.051685552347264, 2.0393011600569437
flux1:, 1.431883374592322, 0.05848084464958801, 0.05882022184515477, -0.003106341999211929, -2.0585236065351182, 2.046168410450773
flux1:, 1.4328657314629258, 0.05935855368101501, 0.059708228593552744, -0.003174010817088656, -2.0662090541726625, 2.0538854305668277
flux1:, 1.4338480883335298, 0.0602282981868475, 0.060588124021132415, -0.0032422310006300767, -2.074774367059874, 2.0624846496569424
flux1:, 1.4348304452041338, 0.06108891351001406, 0.06145872908118557, -0.0033110996306586742, -2.084248458979028, 2.071994939003918
flux1:, 1.4358128020747378, 0.061939232345338324, 0.06231886230925765, -0.00338071217974564, -2.0946564898108893, 2.082441415906741
flux1:, 1.4367951589453418, 0.06277808725432035, 0.0631673423673433, -0.003451161624912256, -2.1060196837090466, 2.093845261719364
flux1:, 1.4377775158159456, 0.06360431319136214, 0.06400299059888492, -0.0035225375604163796, -2.1183551623911145, 2.106223555002651
flux1:, 1.4387598726865496, 0.06441675003430185, 0.06482463358736275, -0.0035949253160911937, -2.13167579453559, 2.1195891207803066
flux1:, 1.4397422295571536, 0.06521424511208171, 0.06563110571122692, -0.0036684050867251093, -2.1459900622003145, 2.1339503968173132
flux1:, 1.4407245864277576, 0.06599565572242708, 0.06642125168797917, -0.0037430510779665007, -2.1613019451001105, 2.1493113177591963
flux1:, 1.4417069432983616, 0.06675985163245347, 0.06719392910025346, -0.0038189306741927527, -2.1776108234962988, 2.165671217886883
flux1:, 1.4426893001689653, 0.06750571755515536, 0.06794801089678372, -0.0038961036337097203, -2.1949114003609123, 2.1830247531524547
flux1:, 1.4436716570395693, 0.06823215559488612, 0.06868238786130637, -0.003974621316534042, -2.2131936433867954, 2.2013618430671253
flux1:, 1.4446540139101733, 0.0689380876549705, 0.06939597104248196, -0.004054525949869251, -2.2324427473164965, 2.220667632917524
flux1:, 1.4456363707807773, 0.06962245780082015, 0.07008769413814914, -0.004135849936211173, -2.25263911696249, 2.2409224766833598
flux1:, 1.4466187276513813, 0.07028423457199058, 0.07075651582730176, -0.004218615208807354, -2.2737583711899174, 2.262101940929381
flux1:, 1.447601084521985, 0.07092241323687691, 0.07140142204343562, -0.004302832638957772, -2.2957713680256235, 2.2841768298363867
flux1:, 1.448583441392589, 0.07153601798389006, 0.07202142818306732, -0.004388501499375668, -2.3186442509539833, 2.307113231433688
flux1:, 1.449565798263193, 0.07212410404320518, 0.07261558124347371, -0.004475608987529615, -2.342338516349561, 2.330872584983454
flux1:, 1.450548155133797, 0.07268575973340204, 0.07318296188394001, -0.004564129812566889, -2.3668111018920945, 2.3554117693636347
flux1:, 1.451530512004401, 0.0732201084275752, 0.07372268640506265, -0.004654025849067953, -2.39201449570073, 2.380683212187042
flux1:, 1.4525128688750049, 0.07372631043376396, 0.07423390864092984, -0.004745245860516412, -2.4178968658182503, 2.406635019288625
flux1:, 1.4534952257456089, 0.0742035647848392, 0.07471582175929697, -0.004837725294974915, -2.444402209573725, 2.433211124108759
flux1:, 1.4544775826162128, 0.0746511109332786, 0.0751676599651689, -0.004931386155052037, -2.4714705222468263, 2.460351456396553
flux1:, 1.4554599394868168, 0.0750682303466037, 0.07558870010355105, -0.00502613694382229, -2.4990379843602524, 2.4879921295613454
flux1:, 1.4564422963574208, 0.0754542479995378, 0.07597826315741892, -0.005121872687925281, -2.527037166830556, 2.516065645899407
flux1:, 1.4574246532280246, 0.0758085337593174, 0.07633571563733542, -0.005218475038622799, -2.555397253113402, 2.5445011188355187
flux1:, 1.4584070100986286, 0.07613050366091131, 0.07666047085947, -0.005315812451143452, -2.5840442773963828, 2.573224511228925
flux1:, 1.4593893669692326, 0.07641962106928103, 0.07695199010915825, -0.00541374044218234, -2.6129013778036345, 2.602158888710401
flux1:, 1.4603717238398366, 0.0766753977261419, 0.07720978368746961, -0.005512101924967211, -2.6418890635069854, 2.6312246869420544
flux1:, 1.4613540807104406, 0.07689739467908091, 0.07743341183865532, -0.005610727620843707, -2.6709254945602035, 2.6603399916172723
flux1:, 1.4623364375810444, 0.07708522309125387, 0.07762248555671157, -0.005709436545877748, -2.6999267732132526, 2.6894208299565205
flux1:, 1.4633187944516486, 0.07723854493022916, 0.07777666726965299, -0.005808036570527361, -2.7288072454016055, 2.7183814723927893
flux1:, 1.4643011513222524, 0.07735707353495558, 0.07789567140049462, -0.005906325049998103, -2.7574798110580074, 2.7471347430925945
flux1:, 1.4652835081928564, 0.07744057406018429, 0.07797926480430313, -0.006004089522472645, -2.7858562418457375, 2.775592337911551
flux1:, 1.4662658650634603, 0.0774888637980345, 0.07802726708104289, -0.006101108471994638, -2.8138475048806497, 2.803665148348761
flux1:, 1.4672482219340643, 0.07750181237680101, 0.07803955076434647, -0.006197152152396293, -2.841364090976039, 2.8312635900348035
flux1:, 1.4682305788046683, 0.07747934183742582, 0.07801604138667614, -0.0062919834682871965, -2.868316345927178, 2.858297934265398
flux1:, 1.4692129356752721, 0.07742142658842374, 0.07795671742170873, -0.006385358908773677, -2.894614803336125, 2.884678641083406
flux1:, 1.470195292545876, 0.07732809324043817, 0.0778616101051639, -0.006477029529253283, -2.9201705174746704, 2.9103166924024824
flux1:, 1.47117764941648, 0.07719942032189071, 0.07773080313559216, -0.0065667419763328575, -2.9448953946840715, 2.9351239236707194
flux1:, 1.472160006287084, 0.07703553787756943, 0.07756443225701794, -0.006654239550651213, -2.9687025218231637, 2.9590133525837663
flux1:, 1.473142363157688, 0.07683662695231717, 0.07736268472565203, -0.00673926330214493, -2.991506490292228, 2.9818995033725706
flux1:, 1.4741247200282919, 0.0766029189622778, 0.07712579866319118, -0.006821553152097205, -3.013223714188699, 3.0036987252207883
flux1:, 1.4751070768988959, 0.0763346949564792, 0.07685406229953964, -0.006900849036130643, -3.0337727411836433, 3.0243295033984423
flux1:, 1.4760894337694999, 0.07603228477182274, 0.0765478131080838, -0.00697689206216862, -3.053074554747063, 3.043712761737954
flux1:, 1.4770717906401039, 0.07569606608480713, 0.07620743683691202, -0.007049425677286842, -3.0710528664016916, 3.06177215513076
flux1:, 1.4780541475107078, 0.07532646336360463, 0.07583336643965698, -0.007118196837309184, -3.087634396735164, 3.078434350773224
flux1:, 1.4790365043813116, 0.07492394672431772, 0.0754260809098585, -0.0071829571729672805, -3.102749143965494, 3.0936292969532393
flux1:, 1.4800188612519156, 0.07448903069552082, 0.07498610402301487, -0.007243464146453915, -3.1163306389183543, 3.1072904782364317
flux1:, 1.4810012181225196, 0.07402227289536131, 0.07451400299066122, -0.0072994821922332375, -3.1283161853481634, 3.119355155981807
flux1:, 1.4819835749931236, 0.07352427262572417, 0.07401038703105248, -0.007350783836056187, -3.1386470846136887, 3.1297645931946896
flux1:, 1.4829659318637276, 0.07299566938812344, 0.0734759058611748, -0.00739715078623337, -3.1472688437977463, 3.1384642628079966
flux1:, 1.4839482887343314, 0.07243714132616418, 0.07291124811500231, -0.007438374991370895, -3.154131366450588, 3.1454040385670305
flux1:, 1.4849306456049354, 0.0718494035995506, 0.07231713969303767, -0.007474259658951889, -3.1591891252222055, 3.150538367784669
flux1:, 1.4859130024755394, 0.07123320669474371, 0.07169434204831138, -0.007504620229357386, -3.162401315744995, 3.1538264253251125
flux1:, 1.4868953593461434, 0.07058933467749227, 0.07104365041412582, -0.007529285300169922, -3.163731991220816, 3.1552322482712563
flux1:, 1.4878777162167474, 0.06991860339252065, 0.07036589197889655, -0.007548097495869325, -3.163150177265759, 3.154724850826514
flux1:, 1.4888600730873511, 0.0692218586157843, 0.06966192401356597, -0.007560914278336998, -3.1606299666623587, 3.1522783191020634
flux1:, 1.4898424299579551, 0.06849997416467256, 0.06893263195703093, -0.0075676086939071765, -3.1561505937709526, 3.1478718855388914
flux1:, 1.4908247868285591, 0.06775384997167093, 0.06817892746516169, -0.007568070053058045, -3.149696488448394, 3.141489982813811
flux1:, 1.4918071436991631, 0.06698441012692288, 0.06740174642891154, -0.0075622045392040056, -3.141257309425009, 3.133122277180237
flux1:, 1.4927895005697671, 0.06619260089519681, 0.06660204696708209, -0.007549935743443337, -3.1308279571872863, 3.122763681289765
flux1:, 1.4937718574403709, 0.06537938871269994, 0.06578080739924455, -0.0075312051225222935, -3.11840856651002, 3.110414346640473
flux1:, 1.4947542143109749, 0.06454575816917507, 0.06493902420430789, -0.007505972377697749, -3.1040044788802, 3.0960796358933793
flux1:, 1.4957365711815789, 0.06369270998064509, 0.0640777099701522, -0.00747421575261632, -3.0876261951444413, 3.0797700753881796
flux1:, 1.4967189280521829, 0.06282125895811916, 0.06319789133969368, -0.0074359322487653244, -3.0692893088034454, 3.061501288285972
flux1:, 1.4977012849227869, 0.061932431977468054, 0.062300606958636, -0.007391137757502355, -3.0490144204635308, 3.041293908844761
flux1:, 1.4986836417933906, 0.06102726595560378, 0.06138690543009083, -0.007339867108120883, -3.0268270340374053, 3.0191734784252207
flux1:, 1.4996659986639946, 0.0601068058379648, 0.060457843281113616, -0.007282174031860032, -3.0027574353657807, 2.9951703238966187
flux1:, 1.5006483555345986, 0.05917210260219383, 0.0595144829460813, -0.007218131042217788, -2.976840554005473, 2.9693194191908985
flux1:, 1.5016307124052026, 0.058224211282749634, 0.05855789077169324, -0.007147829232369803, -2.949115808997978, 2.941660230819608
flux1:, 1.5026130692758066, 0.05726418902104455, 0.05758913504822359, -0.007071377990937057, -2.919626939497895, 2.9122365482343677
flux1:, 1.5035954261464104, 0.05629309314553851, 0.05660928407148744, -0.006988904637767973, -2.888421821198013, 2.881096299969442
flux1:, 1.5045777830170146, 0.05531197928604776, 0.05561940423981106, -0.006900553981821115, -2.8555522695407944, 2.848291356557828
flux1:, 1.5055601398876184, 0.0543218995263316, 0.05462055819009599, -0.006806487803630097, -2.8210738307540137, 2.813877321258968
flux1:, 1.5065424967582224, 0.05332390059884637, 0.05361380297689057, -0.0067068842652170165, -2.785045561787157, 2.7779133096783064
flux1:, 1.5075248536288264, 0.052319022125342805, 0.052600188298167434, -0.006601937250686406, -2.747529800261365, 2.7404617193914733
flux1:, 1.5085072104994304, 0.05130829490678449, 0.05158075477130275, -0.006491855641069385, -2.7085919255737325, 2.7015879907168086
flux1:, 1.5094895673700344, 0.050292739265834635, 0.050556532262520805, -0.006376862527311851, -2.6683001123178203, 2.661360359798962
flux1:, 1.5104719242406381, 0.04927336344496335, 0.04952853827286812, -0.0062571943655921804, -2.6267250771997213, 2.6198496051850926
flux1:, 1.5114542811112421, 0.0482511620629873, 0.04849777638353926, -0.006133100079421984, -2.5839398206353623, 2.5771287890820123
flux1:, 1.5124366379818461, 0.04722711463262609, 0.047465234763146805, -0.006004840113226891, -2.5400193642218705, 2.533272994487378
flux1:, 1.5134189948524501, 0.04620218414144629, 0.046431884739309266, -0.005872685442311748, -2.495040485268621, 2.4883590593832783
flux1:, 1.5144013517230541, 0.0451773156983007, 0.045398679436666894, -0.005736916544301408, -2.44908144956755, 2.442465309173817
flux1:, 1.515383708593658, 0.04415343524717566, 0.04436655248323757, -0.005597822337296367, -2.402221743565776, 2.3956712885302354
flux1:, 1.516366065464262, 0.04313144835009197, 0.04333641678675263, -0.005455699090105335, -2.3545418070836828, 2.348057493790432
flux1:, 1.5173484223348659, 0.042112239040495346, 0.042309163382407, -0.005310849310005819, -2.3061227676951632, 2.2997051070289656
flux1:, 1.5183307792054699, 0.04109666874832679, 0.04128566035319803, -0.005163580613540784, -2.257046177856511, 2.2506957328874373
flux1:, 1.5193131360760739, 0.0400855752977333, 0.04026675182381037, -0.0050142045858879965, -2.2073937558330226, 2.201111139214741
flux1:, 1.5202954929466777, 0.03907977197817053, 0.03925325702877863, -0.004863035634332395, -2.157247131433256, 2.1510330025290325
flux1:, 1.5212778498172816, 0.03808004668939782, 0.03824596945541795, -0.00471038984133545, -2.1066875975149792, 2.1005426592663854
flux1:, 1.5222602066878856, 0.03708716116066914, 0.03724565606180392, -0.004556583822634973, -2.0557958681783814, 2.049720863733963
flux1:, 1.5232425635584896, 0.0361018502441998, 0.03625305656986621, -0.004401933595707174, -2.004651844510809, 1.99864755363092
flux1:, 1.5242249204290936, 0.03512482128277374, 0.03526888283343642, -0.004246753463805563, -1.9533343886891523, 1.9474016239475018
flux1:, 1.5252072772996974, 0.03415675355117524, 0.0342938182809128, -0.0040913549206376175, -1.901921107191793, 1.8960607099914042
flux1:, 1.5261896341703014, 0.033198297770894, 0.033328517431965125, -0.003936045580564519, -1.850488143806683, 1.8447009802317247
flux1:, 1.5271719910409054, 0.03225007569740874, 0.03237360548755901, -0.0037811281390116103, -1.7991099830634196, 1.7933969395878608
flux1:, 1.5281543479115094, 0.031312679779129916, 0.03142967799235304, -0.0036268993675479372, -1.7478592646498572, 1.7422212437241795
flux1:, 1.5291367047821134, 0.03038667288693942, 0.030497300568377277, -0.003473649147853828, -1.6968066093104408, 1.6912445248481678
flux1:, 1.5301190616527172, 0.029472588113075272, 0.029577008718711394, -0.0033216595485289447, -1.6460204566545824, 1.6405352294419786
flux1:, 1.5311014185233212, 0.02857092863797262, 0.02866930769974335, -0.0031712039484103924, -1.5955669152392764, 1.5901594682891789
flux1:, 1.5320837753939252, 0.02768216766349868, 0.027774672460414034, -0.003022546209775977, -1.5455096252203957, 1.5401808790942384
flux1:, 1.5330661322645291, 0.026806748410908906, 0.02689354764674239, -0.002875939904492222, -1.495909633802355, 1.4906605019214942
flux1:, 1.5340484891351331, 0.025945084181690798, 0.02602634766976519, -0.002731627595850004, -1.4468252836490376, 1.4416566676183584
flux1:, 1.535030846005737, 0.02509755847936427, 0.025173456834925962, -0.0025898401784915344, -1.3983121143530448, 1.3932248993185534
flux1:, 1.536013202876341, 0.024264525190178514, 0.024335229530818958, -0.0024507962784987036, -1.3504227769984187, 1.3454178270605002
flux1:, 1.536995559746945, 0.023446308820560362, 0.023511990475109906, -0.002314701715366134, -1.3032069617880613, 1.2982851154908985
flux1:, 1.537977916617549, 0.022643204789054818, 0.02270403501533829, -0.0021817490272324444, -1.256711338647675, 1.2518734045656912
flux1:, 1.538960273488153, 0.02185547977043916, 0.021911629482249208, -0.0020521170603975208, -1.2109795106600887, 1.2062262631005494
flux1:, 1.5399426303587567, 0.02108337208960148, 0.02113501159321086, -0.001925970623804314, -1.1660519801283815, 1.1613841549691544
flux1:, 1.5409249872293607, 0.020327092162717723, 0.020374390903217326, -0.0018034602088183667, -1.1219661270127659, 1.1173844176930166
flux1:, 1.5419073440999647, 0.019586822983208543, 0.019629949300924158, -0.0016847217743001062, -1.0787561994375663, 1.0742612531179465
flux1:, 1.5428897009705687, 0.018862720649910906, 0.01890184154711813, -0.001569876596630567, -1.0364533159158609, 1.0320457298243015
flux1:, 1.5438720578411727, 0.018154914934866054, 0.0181901958529896, -0.0014590311840284955, -0.9950854788982673, 0.9907657968757316
flux1:, 1.5448544147117764, 0.01746350988809099, 0.017495114495541687, -0.0013522772541815665, -0.9546775992096996, 0.9504463084694272
flux1:, 1.5458367715823806, 0.016788584476698183, 0.01681667446746948, -0.0012496917739149701, -0.9152515309033954, 0.9111090590156082
flux1:, 1.5468191284529844, 0.016130193255710586, 0.01615492815882478, -0.0011513370593301511, -0.8768261160269853, 0.8727728281402541
flux1:, 1.5478014853235884, 0.015488367067910916, 0.015509904067774747, -0.0010572609345746752, -0.8394172387667866, 0.8354534350752654
flux1:, 1.5487838421941924, 0.014863113770089753, 0.014881607537789792, -0.0009674969471475472, -0.8030378884107058, 0.7991638018756548
flux1:, 1.5497661990647964, 0.014254418983063587, 0.014270021518602556, -0.0008820646374035079, -0.7676982305481911, 0.7639140248806333
flux1:, 1.5507485559354004, 0.013662246862848526, 0.013675107348296191, -0.0008009698596990606, -0.7334056859074095, 0.7297114538172594
flux1:, 1.5517309128060042, 0.013086540890421664, 0.013096805553927273, -0.000724205152421429, -0.700165016215338, 0.6965607779314046
flux1:, 1.5527132696766082, 0.012527224677530913, 0.012535036668118177, -0.0006517501539581573, -0.6679784164563286, 0.6644641185194485
flux1:, 1.5536956265472122, 0.011984202786053345, 0.011989702059094746, -0.0005835720615047343, -0.6368456128959744, 0.6334211272273131
flux1:, 1.5546779834178162, 0.011457361558462534, 0.01146068477170585, -0.0005196261294658398, -0.6067639662353235, 0.6034290894793799
flux1:, 1.5556603402884202, 0.010946569957008928, 0.010947850377007243, -0.00045985620408721037, -0.5777285792586362, 0.5744830324000343
flux1:, 1.556642697159024, 0.010451680409288528, 0.010451047828063267, -0.0004041952908559358, -0.54973240834171, 0.5465758365932012
flux1:, 1.557625054029628, 0.009972529657931637, 0.009970110319678843, -0.00035256615113200547, -0.522766378193749, 0.5196983511516229
flux1:, 1.558607410900232, 0.009508939612219724, 0.009504856149851092, -0.00030488192441755467, -0.4968194992147804, 0.49383951127701176
flux1:, 1.559589767770836, 0.009060718199508228, 0.009055089580801022, -0.0002610467726359923, -0.4718789868628592, 0.46898645790384097
flux1:, 1.56057212464144, 0.008627660214414665, 0.0086206016975287, -0.0002209565427816133, -0.44793038243990074, 0.44512465873466445
flux1:, 1.5615544815120437, 0.008209548163808629, 0.008201171261913581, -0.00018449944430511827, -0.42495767472194035, 0.4222380301119792
flux1:, 1.5625368383826477, 0.007806153105727945, 0.007796565560471081, -0.00015155673762891204, -0.4029434218795247, 0.4003090591709639
flux1:, 1.5635191952532517, 0.007417235480430118, 0.007406541243961832, -0.00012200343023111793, -0.38186887315511464, 0.3793189257395343
flux1:, 1.5645015521238557, 0.007042545931874439, 0.00703084515713833, -9.570897680093274e-05, -0.36171408978794545, 0.3592476234751884
flux1:, 1.5654839089944597, 0.006681826118027693, 0.006669215157012139, -7.253798005110753e-05, -0.3424580647022901, 0.3400740797536599
flux1:, 1.5664662658650634, 0.006334809508468897, 0.006321380918108283, -5.235088886776545e-05, -0.324078840501154, 0.3217762738512302
flux1:, 1.5674486227356674, 0.006001222167870869, 0.005987064723277671, -3.5004690594823344e-05, -0.3065536253358317, 0.3043313529901076
flux1:, 1.5684309796062714, 0.0056807835240233135, 0.005665982238725865, -2.03535943749873e-05, -0.28985890625077343, 0.28771574584609977
flux1:, 1.5694133364768754, 0.005373207119158245, 0.005357843272014033, -8.24970261036835e-06, -0.2739705596326386, 0.2719052731469388
flux1:, 1.5703956933474794, 0.005078201343433764, 0.0050623525118843075, 1.4563322410420521e-06, -0.25886395842341103, 0.25687525502083836
flux1:, 1.5713780502180832, 0.004795470149526388, 0.004779210248856908, 8.914668154799303e-06, -0.24451407578839773, 0.24260061478587813
flux1:, 1.5723604070886872, 0.004524713747371207, 0.0045081130756365944, 1.4275653764407344e-05, -0.2308955849608289, 0.2290559789016805
flux1:, 1.5733427639592912, 0.004265629278188325, 0.0042487545664662224, 1.7689230588591884e-05, -0.21798295501671, 0.21621577283696394
flux1:, 1.5743251208298952, 0.004017911467016796, 0.004000825934648873, 1.9304359343617393e-05, -0.2057505423642054, 0.20405431263732218
flux1:, 1.5753074777004992, 0.0037812532530777086, 0.003764016667561395, 1.9268472228501954e-05, -0.19417267776339597, 0.1925458920089557
flux1:, 1.576289834571103, 0.0035553463973653616, 0.003538015138560476, 1.7726952875540624e-05, -0.18322374872230604, 0.1816648647644948
flux1:, 1.577272191441707, 0.0033398820669581814, 0.003322509195275832, 1.4822645457561107e-05, -0.1728782771453549, 0.17138572250718187
flux1:, 1.578254548312311, 0.003134551395628226, 0.0031171867238731932, 1.0695394243066644e-05, -0.16311099213955652, 0.16168316745904948
flux1:, 1.579236905182915, 0.002939046020399381, 0.002921736188941621, 5.481614688095844e-06, -0.15389689791195346, 0.1525321803668203
flux1:, 1.580219262053519, 0.002753058593796496, 0.002735847148752885, -6.861030473931112e-07, -0.14521133671938397, 0.14390808344702324
flux1:, 1.5812016189241227, 0.0025762832715970738, 0.0025592107457102506, -7.679357469143613e-06, -0.1370300468578103, 0.13578659835800994
flux1:, 1.5821839757947267, 0.0024084161759714835, 0.0023915201718793973, -1.5374265511801915e-05, -0.1293292157034764, 0.12814389921149594
flux1:, 1.5831663326653307, 0.002249155833977212, 0.0022324711095740063, -2.365175839360293e-05, -0.12208552784205297, 0.12095666066044693
flux1:, 1.5841486895359347, 0.0020982035914262403, 0.0020817621470229438, -3.239784344862205e-05, -0.11527620834412251, 0.11420210112207166
flux1:, 1.5851310464065387, 0.0019552640022291435, 0.0019390951692307068, -4.150383200243286e-05, -0.10887906126666148, 0.10785802121625972
flux1:, 1.5861134032771425, 0.0018200451933635127, 0.0018041757241874052, -5.086653353148971e-05, -0.10287250347935296, 0.10190283751887053
flux1:, 1.5870957601477467, 0.0016922592056863796, 0.0016767133646570281, -6.038841651228756e-05, -0.09723559393274755, 0.09631561174754433
flux1:, 1.5880781170183504, 0.0015716223108604903, 0.0015564219658231653, -6.997773652468198e-05, -0.09194805850167596, 0.09107607551411732
flux1:, 1.5890604738889544, 0.0014578553047163315, 0.0014430200191238086, -7.954863232250874e-05, -0.08699031055208914, 0.08616465079250857
flux1:, 1.5900428307595584, 0.0013506837774248646, 0.0013362309026601134, -8.902119072409902e-05, -0.08234346739297364, 0.08156246626438379
flux1:, 1.5910251876301624, 0.0012498383608981335, 0.0012357831286065452, -9.832148130447006e-05, -0.07798936278647332, 0.07725136971649489
flux1:, 1.5920075445007664, 0.0011550549538781151, 0.0011414105680930243, -0.00010738156199066347, -0.07391055569966622, 0.07321393667381929
flux1:, 1.5929899013713702, 0.0010660749252161233, 0.0010528526540719868, -0.00011613945676919318, -0.07009033548991109, 0.06943347546114148
flux1:, 1.5939722582419742, 0.0009826452958769316, 0.0009698545627150662, -0.00012453910681261556, -0.06651272372286243, 0.06589402889290236
flux1:, 1.5949546151125782, 0.0009045189002377464, 0.000892167373920249, -0.00013253029641838247, -0.0631624728277933, 0.0625803727966399
flux1:, 1.5959369719831822, 0.0008314545272793385, 0.000819548211537491, -0.00014006855522820846, -0.06002506179899729, 0.05947801157950793
flux1:, 1.5969193288537862, 0.0007632170422947789, 0.0007517603639489265, -0.00014711503825996542, -0.05708668915490872, 0.05657317105019853
flux1:, 1.59790168572439, 0.0006995774897623254, 0.0006885733856609317, -0.00015363638533744987, -0.0543342633679374, 0.053852788709926575
flux1:, 1.598884042594994, 0.0006403131780509729, 0.0006297631805870995, -0.00015960456154463443, -0.0517553909782605, 0.05130450172637583
flux1:, 1.599866399465598, 0.0005852077466434349, 0.0005751120677174337, -0.00016499668036227663, -0.04933836260377749, 0.04891663280342773
flux1:, 1.600848756336202, 0.0005340512165754309, 0.0005244088298829827, -0.00016979481116509573, -0.04707213705628045, 0.04667817415736408
flux1:, 1.601831113206806, 0.0004866400248023806, 0.00047744874633727556, -0.00017398577276787734, -0.04494632377070128, 0.0445787698069344
flux1:, 1.6028134700774097, 0.00044277704321197446, 0.00043403360988304496, -0.00017756091470918174, -0.04295116375013531, 0.04260869638059071
flux1:, 1.6037958269480137, 0.00040227158300962327, 0.00039397172928112617, -0.00018051588795185233, -0.04107750922425997, 0.04075884263898797
flux1:, 1.6047781838186177, 0.0003649393852057039, 0.00035707791768006353, -0.00018285040666139938, -0.039316802212892805, 0.03902068790501229
flux1:, 1.6057605406892217, 0.00033060259793422935, 0.00032317346780547145, -0.00018456800269632713, -0.03766105217974565, 0.037386279586827574
flux1:, 1.6067428975598257, 0.0002990897413352878, 0.00029208611465061593, -0.00018567577440940428, -0.03610281295427571, 0.03584820997228813
flux1:, 1.6077252544304295, 0.00027023566072536506, 0.00026364998640123833, -0.00018618413131669606, -0.03463515909155904, 0.03439959246501764
flux1:, 1.6087076113010335, 0.0002438814687793546, 0.00023770554432698214, -0.00018610653614142, -0.03325166183183057, 0.033034037424152084
flux1:, 1.6096899681716375, 0.00021987447743847483, 0.00021409951236196027, -0.00018545924568400527, -0.03194636481259777, 0.03174562776098196
flux1:, 1.6106723250422414, 0.00019806812024983762, 0.00019268479708817589, -0.00018426105190855917, -0.0307137596770782, 0.03052889443652385
flux1:, 1.6116546819128454, 0.00017832186583369958, 0.00017332039882551008, -0.00018253302456878139, -0.029548761713417703, 0.029378791994733314
flux1:, 1.6126370387834492, 0.00016050112316217982, 0.00015587131451939065, -0.00018029825662575639, -0.028446685649586276, 0.028290674256454228
flux1:, 1.6136193956540532, 0.0001444771393193248, 0.0001402084331030394, -0.00017758161363457602, -0.027403221719187465, 0.027260270289542747
flux1:, 1.6146017525246572, 0.00013012689039833055, 0.00012620842399678215, -0.00017440948819894944, -0.02641441210369488, 0.026283660760813957
flux1:, 1.6155841093952612, 0.00011733296617545948, 0.00011375361939029523, -0.0001708095605117614, -0.02547662784699215, 0.025357254765803035
flux1:, 1.6165664662658652, 0.00010598344918349131, 0.0001027318909366075, -0.00016681056591659493, -0.02458654632838503, 0.024477767222592657
flux1:, 1.617548823136469, 9.597178878861061e-05, 9.30365214674262e-05, -0.0001624420703410666, -0.02374112937082555, 0.023642196906506686
flux1:, 1.618531180007073, 8.719667085727655e-05, 8.456607232162542e-05, -0.00015773425436726147, -0.022937602051700003, 0.02284780519303471
flux1:, 1.619513536877677, 7.956188357892775e-05, 7.72242468577055e-05, -0.00015271770661929912, -0.02217343227454091, 0.022092095567339494
flux1:, 1.620495893748281, 7.297617998988719e-05, 7.091975070023166e-05, -0.00014742322706236434, -0.0214463111510452, 0.021372793949719956
flux1:, 1.621478250618885, 6.735313772465898e-05, 6.556614925070107e-05, -0.0001418816407231286, -0.020754134234433126, 0.02068782987797903
flux1:, 1.6224606074894887, 6.261101649695712e-05, 6.108172296915777e-05, -0.0001361236222577595, -0.0200949836368358, 0.020035318579323426
flux1:, 1.6234429643600927, 5.867261379386783e-05, 5.738932091355984e-05, -0.00013017953171207334, -0.01946711105571922, 0.019413543956696415
flux1:, 1.6244253212306967, 5.546511924256719e-05, 5.441621299963975e-05, -0.0001240792617385387, -0.018868921726870665, 0.018820942506946634
flux1:, 1.6254076781013007, 5.291996808816292e-05, 5.209394142280789e-05, -0.00011785209645736154, -0.018298959314480178, 0.018256088181222513
flux1:, 1.6263900349719047, 5.097269419838534e-05, 5.03581716605081e-05, -0.00011152658207441408, -0.01775589174233744, 0.01771767819146486
flux1:, 1.6273723918425085, 4.956278298897302e-05, 4.9148543451253614e-05, -0.00010513040929725975, -0.01723849796398576, 0.017204519760657094
flux1:, 1.6283547487131127, 4.863352464125446e-05, 4.840852212393539e-05, -9.869030752246246e-05, -0.016745655664071105, 0.016715517808891092
flux1:, 1.6293371055837165, 4.8131867961497695e-05, 4.8085250628784746e-05, -9.223195070280136e-05, -0.01627632987792039, 0.016249663562085872
flux1:, 1.6303194624543205, 4.8008275209497835e-05, 4.8129402598999046e-05, -8.577987474250696e-05, -0.015829562511648906, 0.015806024065455334
flux1:, 1.6313018193249245, 4.821657820278149e-05, 4.849503675068167e-05, -7.935740621194626e-05, -0.015404462740845457, 0.015383732579547593
flux1:, 1.6322841761955285, 4.871383598070612e-05, 4.9139452906406665e-05, -7.29866021207752e-05, -0.015000198262093619, 0.01498197983290897
flux1:, 1.6332665330661325, 4.9460194292511724e-05, 5.0023049907231375e-05, -6.668820044040708e-05, -0.01461598736824214, 0.014600006102047067
flux1:, 1.6342488899367362, 5.041874715242798e-05, 5.11091856568311e-05, -6.0481581022762616e-05, -0.014251091815423512, 0.014237094086465243
flux1:, 1.6352312468073402, 5.1555400684821473e-05, 5.236403952105899e-05, -5.4384736522933144e-05, -0.013904810447383464, 0.013892562544103535
flux1:, 1.6362136036779442, 5.2838739462968015e-05, 5.375647728664112e-05, -4.841425289829593e-05, -0.013576473540621503, 0.013565760650444519
flux1:, 1.6371959605485482, 5.42398955257464e-05, 5.525791886323612e-05, -4.258529902600118e-05, -0.013265437832208586, 0.013256063042926237
flux1:, 1.6381783174191522, 5.573242023813625e-05, 5.6842208894472394e-05, -3.691162495453558e-05, -0.012971082190867655, 0.012962865511010948
flux1:, 1.639160674289756, 5.729215914328164e-05, 5.8485490425296036e-05, -3.140556828301917e-05, -0.012692803891062237, 0.01268558129142885
flux1:, 1.64014303116036, 5.889712993673619e-05, 6.016608175564032e-05, -2.6078068144163923e-05, -0.012430015449235854, 0.012423637927518051
flux1:, 1.641125388030964, 6.052740367675982e-05, 6.186435659354196e-05, -2.093868625317443e-05, -0.012182141981172295, 0.01217647465140514
flux1:, 1.642107744901568, 6.216498932822694e-05, 6.356262760436263e-05, -1.599563447494253e-05, -0.011948619039478353, 0.011943540247819037
flux1:, 1.643090101772172, 6.379372172274181e-05, 6.52450334376902e-05, -1.12558083562762e-05, -0.01172889089062033, 0.011724291358762316
flux1:, 1.6440724586427757, 6.539915300248254e-05, 6.689742929829789e-05, -6.724826067238358e-06, -0.011522409191469128, 0.011518191188789495
flux1:, 1.6450548155133797, 6.69684476013945e-05, 6.850728111352413e-05, -2.4070721971453975e-06, -0.011328632026253288, 0.011324708571603849
flux1:, 1.6460371723839837, 6.849028080401932e-05, 7.006356333600675e-05, 1.6942541449884802e-06, -0.011147023265792347, 0.011143317359662631
flux1:, 1.6470195292545877, 6.995474090952334e-05, 7.155666040788871e-05, 5.577087468346702e-06, -0.010977052212200368, 0.010973496099792673
flux1:, 1.6480018861251917, 7.135323501661364e-05, 7.297827190066257e-05, 9.240440808820765e-06, -0.010818193493578184, 0.010814727959189417
flux1:, 1.6489842429957955, 7.267839843382388e-05, 7.432132133354337e-05, 1.2684347927709215e-05, -0.010669927174831001, 0.010666500867755592
flux1:, 1.6499665998663995, 7.392400770866713e-05, 7.557986866220101e-05, 1.5909803304769125e-05, -0.010531739052358288, 0.010528307844397913
flux1:, 1.6509489567370035, 7.508489725995067e-05, 7.674902642045584e-05, 1.891870041225984e-05, -0.010403121102145044, 0.010399647476660914
flux1:, 1.6519313136076075, 7.615687958738362e-05, 7.782487948729494e-05, 2.1713768737352275e-05, -0.010283572052638818, 0.010280024524960844
flux1:, 1.6529136704782115, 7.713666902522503e-05, 7.880440844418966e-05, 2.429850999899614e-05, -0.010172598055639456, 0.010168950624524347
flux1:, 1.6538960273488152, 7.80218089973735e-05, 7.968541647828085e-05, 2.667713398296644e-05, -0.01006971343042171, 0.010065945060146972
flux1:, 1.6548783842194192, 7.881060272526774e-05, 8.046645978097504e-05, 2.885449439469009e-05, -0.009974441458220405, 0.009970535590799301
flux1:, 1.6558607410900232, 7.950204733260821e-05, 8.114678138410466e-05, 3.083602510497004e-05, -0.009886315206197994, 0.00988225930311415
flux1:, 1.6568430979606272, 8.009577128486547e-05, 8.17262483697626e-05, 3.262767713774254e-05, -0.009804878361944148, 0.009800663474722405
flux1:, 1.6578254548312312, 8.059197509627894e-05, 8.220529238465073e-05, 3.423585672292328e-05, -0.009729686061488284, 0.009725306430347337
flux1:, 1.658807811701835, 8.099137523200263e-05, 8.258485338475106e-05, 3.5667364710663026e-05, -0.009660305695712041, 0.009655758375486968
flux1:, 1.659790168572439, 8.129515112861203e-05, 8.286632653168325e-05, 3.692933761651727e-05, -0.009596317681852852, 0.009591602194314205
flux1:, 1.660772525443043, 8.15048952524185e-05, 8.305151215837296e-05, 3.8029190540123506e-05, -0.009537316188618344, 0.009532434200275951
flux1:, 1.661754882313647, 8.16225661117025e-05, 8.314256871832959e-05, 3.89745621731914e-05, -0.009482909805113942, 0.009477864829555198
flux1:, 1.662737239184251, 8.165044413584246e-05, 8.314196862972956e-05, 3.977326208627472e-05, -0.009432722145435507, 0.00942751926921289
flux1:, 1.6637195960548548, 8.159109033241167e-05, 8.305245692362565e-05, 4.043322045773683e-05, -0.009386392382366368, 0.009381038013433027
flux1:, 1.6647019529254587, 8.144730763100713e-05, 8.28770126033273e-05, 4.096244038298384e-05, -0.009343575705019008, 0.009338077342688428
flux1:, 1.6656843097960627, 8.122210482068599e-05, 8.261881262013577e-05, 4.136895287743699e-05, -0.00930394369673594, 0.009298309722137722
flux1:, 1.6666666666666667, 8.091866298781097e-05, 8.228119837059936e-05, 4.16607746627875e-05, -0.00926718463077867, 0.009261424116773314

Elapsed run time = 377.4856 s
