Using MPI version 4.0, 2 processes
-----------
Initializing structure...
Padding x to even number of grid points.
Halving computational cell along direction x
Halving computational cell along direction z
Splitting into 2 chunks by voxels
time for choose_chunkdivision = 0.000878811 s
Working in 3D dimensions.
Computational cell is 12.5 x 5.22 x 4.84 with resolution 50
     block, center = (0,0.381,0)
          size (1e+20,0.462,0.14)
          axes (1,0,0), (0,1,0), (0,0,1)
          dielectric constant epsilon diagonal = (4,4,4)
     block, center = (0,-0.381,0)
          size (1e+20,0.462,0.14)
          axes (1,0,0), (0,1,0), (0,0,1)
          dielectric constant epsilon diagonal = (4,4,4)
     cylinder, center = (1.29643,0.381,0)
          radius 0.1155, height 1e+20, axis (0, 0, 1)
          dielectric constant epsilon diagonal = (1,1,1)
     cylinder, center = (-1.29643,0.381,0)
          radius 0.1155, height 1e+20, axis (0, 0, 1)
          dielectric constant epsilon diagonal = (1,1,1)
     cylinder, center = (1.62643,0.381,0)
          radius 0.1155, height 1e+20, axis (0, 0, 1)
          dielectric constant epsilon diagonal = (1,1,1)
     cylinder, center = (-1.62643,0.381,0)
          radius 0.1155, height 1e+20, axis (0, 0, 1)
          dielectric constant epsilon diagonal = (1,1,1)
     cylinder, center = (1.95643,0.381,0)
          radius 0.1155, height 1e+20, axis (0, 0, 1)
          dielectric constant epsilon diagonal = (1,1,1)
     cylinder, center = (-1.95643,0.381,0)
          radius 0.1155, height 1e+20, axis (0, 0, 1)
          dielectric constant epsilon diagonal = (1,1,1)
     cylinder, center = (2.28643,0.381,0)
          radius 0.1155, height 1e+20, axis (0, 0, 1)
          dielectric constant epsilon diagonal = (1,1,1)
     cylinder, center = (-2.28643,0.381,0)
          radius 0.1155, height 1e+20, axis (0, 0, 1)
          dielectric constant epsilon diagonal = (1,1,1)
     ...(+ 68 objects not shown)...
time for set_epsilon = 17.5361 s
-----------
Meep progress: 0.01/20.499999618530275 = 0.0% done in 7.6s, 15655.4s to go
on time step 1 (time=0.01), 7.64036 s/step
Meep progress: 0.25/20.499999618530275 = 1.2% done in 11.6s, 943.2s to go
on time step 25 (time=0.25), 0.166823 s/step
Meep progress: 0.48/20.499999618530275 = 2.3% done in 15.7s, 655.1s to go
on time step 48 (time=0.48), 0.176666 s/step
Meep progress: 0.71/20.499999618530275 = 3.5% done in 19.8s, 553.1s to go
on time step 71 (time=0.71), 0.179791 s/step
Meep progress: 0.9400000000000001/20.499999618530275 = 4.6% done in 24.0s, 498.7s to go
on time step 94 (time=0.94), 0.179278 s/step
     block, center = (0,0.381,0)
          size (1e+20,0.462,0.14)
          axes (1,0,0), (0,1,0), (0,0,1)
          dielectric constant epsilon diagonal = (4,4,4)
     block, center = (0,-0.381,0)
          size (1e+20,0.462,0.14)
          axes (1,0,0), (0,1,0), (0,0,1)
          dielectric constant epsilon diagonal = (4,4,4)
     cylinder, center = (1.29643,0.381,0)
          radius 0.1155, height 1e+20, axis (0, 0, 1)
          dielectric constant epsilon diagonal = (1,1,1)
     cylinder, center = (-1.29643,0.381,0)
          radius 0.1155, height 1e+20, axis (0, 0, 1)
          dielectric constant epsilon diagonal = (1,1,1)
     cylinder, center = (1.62643,0.381,0)
          radius 0.1155, height 1e+20, axis (0, 0, 1)
          dielectric constant epsilon diagonal = (1,1,1)
     cylinder, center = (-1.62643,0.381,0)
          radius 0.1155, height 1e+20, axis (0, 0, 1)
          dielectric constant epsilon diagonal = (1,1,1)
     cylinder, center = (1.95643,0.381,0)
          radius 0.1155, height 1e+20, axis (0, 0, 1)
          dielectric constant epsilon diagonal = (1,1,1)
     cylinder, center = (-1.95643,0.381,0)
          radius 0.1155, height 1e+20, axis (0, 0, 1)
          dielectric constant epsilon diagonal = (1,1,1)
     cylinder, center = (2.28643,0.381,0)
          radius 0.1155, height 1e+20, axis (0, 0, 1)
          dielectric constant epsilon diagonal = (1,1,1)
     cylinder, center = (-2.28643,0.381,0)
          radius 0.1155, height 1e+20, axis (0, 0, 1)
          dielectric constant epsilon diagonal = (1,1,1)
     ...(+ 68 objects not shown)...
Meep progress: 1.16/20.499999618530275 = 5.7% done in 28.1s, 468.7s to go
on time step 116 (time=1.16), 0.188521 s/step
Meep progress: 1.4000000000000001/20.499999618530275 = 6.8% done in 32.4s, 441.7s to go
on time step 140 (time=1.4), 0.177527 s/step
Meep progress: 1.6500000000000001/20.499999618530275 = 8.0% done in 36.5s, 417.4s to go
on time step 165 (time=1.65), 0.166543 s/step
Meep progress: 1.8800000000000001/20.499999618530275 = 9.2% done in 40.6s, 402.3s to go
on time step 188 (time=1.88), 0.177375 s/step
Meep progress: 2.1/20.499999618530275 = 10.2% done in 44.7s, 391.9s to go
on time step 210 (time=2.1), 0.18694 s/step
Meep progress: 2.33/20.499999618530275 = 11.4% done in 48.8s, 380.5s to go
on time step 233 (time=2.33), 0.176335 s/step
Meep progress: 2.56/20.499999618530275 = 12.5% done in 52.9s, 370.5s to go
on time step 256 (time=2.56), 0.177712 s/step
Meep progress: 2.8000000000000003/20.499999618530275 = 13.7% done in 57.1s, 361.2s to go
on time step 280 (time=2.8), 0.177365 s/step
Meep progress: 3.04/20.499999618530275 = 14.8% done in 61.3s, 352.1s to go
on time step 304 (time=3.04), 0.174197 s/step
Meep progress: 3.27/20.499999618530275 = 16.0% done in 65.4s, 344.5s to go
on time step 327 (time=3.27), 0.177168 s/step
Meep progress: 3.5/20.499999618530275 = 17.1% done in 69.5s, 337.4s to go
on time step 350 (time=3.5), 0.177739 s/step
Meep progress: 3.73/20.499999618530275 = 18.2% done in 73.6s, 330.8s to go
on time step 373 (time=3.73), 0.178528 s/step
Meep progress: 3.96/20.499999618530275 = 19.3% done in 77.7s, 324.3s to go
on time step 396 (time=3.96), 0.177136 s/step
Meep progress: 4.2/20.499999618530275 = 20.5% done in 82.1s, 318.5s to go
on time step 420 (time=4.2), 0.183673 s/step
Meep progress: 4.44/20.499999618530275 = 21.7% done in 86.1s, 311.4s to go
on time step 444 (time=4.44), 0.16743 s/step
Meep progress: 4.67/20.499999618530275 = 22.8% done in 90.1s, 305.6s to go
on time step 467 (time=4.67), 0.176768 s/step
Meep progress: 4.9/20.499999618530275 = 23.9% done in 94.2s, 300.0s to go
on time step 490 (time=4.9), 0.178093 s/step
Meep progress: 5.12/20.499999618530275 = 25.0% done in 98.3s, 295.3s to go
on time step 512 (time=5.12), 0.18472 s/step
Meep progress: 5.3500000000000005/20.499999618530275 = 26.1% done in 102.4s, 290.1s to go
on time step 535 (time=5.35), 0.179131 s/step
Meep progress: 5.6000000000000005/20.499999618530275 = 27.3% done in 106.8s, 284.2s to go
on time step 560 (time=5.6), 0.175368 s/step
Meep progress: 5.8500000000000005/20.499999618530275 = 28.5% done in 111.0s, 277.9s to go
on time step 585 (time=5.85), 0.166522 s/step
Meep progress: 6.07/20.499999618530275 = 29.6% done in 115.1s, 273.5s to go
on time step 607 (time=6.07), 0.185492 s/step
Meep progress: 6.3/20.499999618530275 = 30.7% done in 119.1s, 268.5s to go
on time step 630 (time=6.3), 0.176704 s/step
Meep progress: 6.53/20.499999618530275 = 31.9% done in 123.2s, 263.6s to go
on time step 653 (time=6.53), 0.177414 s/step
Meep progress: 6.76/20.499999618530275 = 33.0% done in 127.3s, 258.7s to go
on time step 676 (time=6.76), 0.177778 s/step
Meep progress: 7.0/20.499999618530275 = 34.1% done in 131.7s, 254.1s to go
on time step 700 (time=7), 0.185321 s/step
Meep progress: 7.25/20.499999618530275 = 35.4% done in 135.9s, 248.3s to go
on time step 725 (time=7.25), 0.16586 s/step
Meep progress: 7.48/20.499999618530275 = 36.5% done in 140.0s, 243.7s to go
on time step 748 (time=7.48), 0.178013 s/step
Meep progress: 7.71/20.499999618530275 = 37.6% done in 144.1s, 239.0s to go
on time step 771 (time=7.71), 0.17822 s/step
Meep progress: 7.94/20.499999618530275 = 38.7% done in 148.2s, 234.4s to go
on time step 794 (time=7.94), 0.177666 s/step
Meep progress: 8.16/20.499999618530275 = 39.8% done in 152.2s, 230.2s to go
on time step 816 (time=8.16), 0.184777 s/step
Meep progress: 8.4/20.499999618530275 = 41.0% done in 156.5s, 225.4s to go
on time step 840 (time=8.4), 0.177935 s/step
Meep progress: 8.64/20.499999618530275 = 42.1% done in 160.5s, 220.3s to go
on time step 864 (time=8.64), 0.167483 s/step
Meep progress: 8.9/20.499999618530275 = 43.4% done in 164.6s, 214.5s to go
on time step 890 (time=8.9), 0.156712 s/step
Meep progress: 9.17/20.499999618530275 = 44.7% done in 168.7s, 208.5s to go
on time step 917 (time=9.17), 0.152973 s/step
Meep progress: 9.44/20.499999618530275 = 46.0% done in 172.8s, 202.5s to go
on time step 944 (time=9.44), 0.152768 s/step
Meep progress: 9.700000000000001/20.499999618530275 = 47.3% done in 177.0s, 197.1s to go
on time step 970 (time=9.7), 0.159361 s/step
Meep progress: 9.950000000000001/20.499999618530275 = 48.5% done in 181.1s, 192.0s to go
on time step 995 (time=9.95), 0.162736 s/step
Meep progress: 10.19/20.499999618530275 = 49.7% done in 185.1s, 187.3s to go
on time step 1019 (time=10.19), 0.16847 s/step
Meep progress: 10.44/20.499999618530275 = 50.9% done in 189.1s, 182.3s to go
on time step 1044 (time=10.44), 0.161572 s/step
Meep progress: 10.69/20.499999618530275 = 52.1% done in 193.2s, 177.3s to go
on time step 1069 (time=10.69), 0.161707 s/step
Meep progress: 10.94/20.499999618530275 = 53.4% done in 197.3s, 172.4s to go
on time step 1094 (time=10.94), 0.162984 s/step
Meep progress: 11.200000000000001/20.499999618530275 = 54.6% done in 201.6s, 167.4s to go
on time step 1120 (time=11.2), 0.166822 s/step
Meep progress: 11.47/20.499999618530275 = 56.0% done in 205.7s, 162.0s to go
on time step 1147 (time=11.47), 0.152738 s/step
Meep progress: 11.72/20.499999618530275 = 57.2% done in 209.8s, 157.2s to go
on time step 1172 (time=11.72), 0.162942 s/step
Meep progress: 11.97/20.499999618530275 = 58.4% done in 213.8s, 152.4s to go
on time step 1197 (time=11.97), 0.161272 s/step
Meep progress: 12.21/20.499999618530275 = 59.6% done in 217.9s, 147.9s to go
on time step 1221 (time=12.21), 0.168699 s/step
Meep progress: 12.46/20.499999618530275 = 60.8% done in 221.9s, 143.2s to go
on time step 1246 (time=12.46), 0.162008 s/step
Meep progress: 12.71/20.499999618530275 = 62.0% done in 226.0s, 138.5s to go
on time step 1271 (time=12.71), 0.162056 s/step
Meep progress: 12.96/20.499999618530275 = 63.2% done in 230.0s, 133.8s to go
on time step 1296 (time=12.96), 0.160472 s/step
Meep progress: 13.200000000000001/20.499999618530275 = 64.4% done in 234.0s, 129.4s to go
on time step 1320 (time=13.2), 0.168643 s/step
Meep progress: 13.450000000000001/20.499999618530275 = 65.6% done in 238.1s, 124.8s to go
on time step 1345 (time=13.45), 0.162143 s/step
Meep progress: 13.72/20.499999618530275 = 66.9% done in 242.4s, 119.8s to go
on time step 1372 (time=13.72), 0.159903 s/step
Meep progress: 13.99/20.499999618530275 = 68.2% done in 246.6s, 114.7s to go
on time step 1399 (time=13.99), 0.15347 s/step
Meep progress: 14.23/20.499999618530275 = 69.4% done in 250.6s, 110.4s to go
on time step 1423 (time=14.23), 0.168968 s/step
Meep progress: 14.48/20.499999618530275 = 70.6% done in 254.6s, 105.9s to go
on time step 1448 (time=14.48), 0.161325 s/step
Meep progress: 14.73/20.499999618530275 = 71.9% done in 258.7s, 101.3s to go
on time step 1473 (time=14.73), 0.161007 s/step
Meep progress: 14.98/20.499999618530275 = 73.1% done in 262.7s, 96.8s to go
on time step 1498 (time=14.98), 0.162457 s/step
Meep progress: 15.22/20.499999618530275 = 74.2% done in 266.8s, 92.6s to go
on time step 1522 (time=15.22), 0.169045 s/step
Meep progress: 15.47/20.499999618530275 = 75.5% done in 270.8s, 88.1s to go
on time step 1547 (time=15.47), 0.160704 s/step
Meep progress: 15.72/20.499999618530275 = 76.7% done in 274.9s, 83.6s to go
on time step 1572 (time=15.72), 0.162322 s/step
Meep progress: 15.97/20.499999618530275 = 77.9% done in 278.9s, 79.1s to go
on time step 1597 (time=15.97), 0.161519 s/step
Meep progress: 16.23/20.499999618530275 = 79.2% done in 283.0s, 74.5s to go
on time step 1623 (time=16.23), 0.158832 s/step
Meep progress: 16.48/20.499999618530275 = 80.4% done in 287.1s, 70.0s to go
on time step 1648 (time=16.48), 0.161036 s/step
Meep progress: 16.73/20.499999618530275 = 81.6% done in 291.1s, 65.6s to go
on time step 1673 (time=16.73), 0.162462 s/step
Meep progress: 16.98/20.499999618530275 = 82.8% done in 295.1s, 61.2s to go
on time step 1698 (time=16.98), 0.161013 s/step
Meep progress: 17.22/20.499999618530275 = 84.0% done in 299.2s, 57.0s to go
on time step 1722 (time=17.22), 0.168666 s/step
Meep progress: 17.47/20.499999618530275 = 85.2% done in 303.2s, 52.6s to go
on time step 1747 (time=17.47), 0.161979 s/step
Meep progress: 17.72/20.499999618530275 = 86.4% done in 307.3s, 48.2s to go
on time step 1772 (time=17.72), 0.163405 s/step
Meep progress: 17.990000000000002/20.499999618530275 = 87.8% done in 311.4s, 43.4s to go
on time step 1799 (time=17.99), 0.150173 s/step
Meep progress: 18.21/20.499999618530275 = 88.8% done in 315.5s, 39.7s to go
on time step 1821 (time=18.21), 0.185111 s/step
Meep progress: 18.46/20.499999618530275 = 90.0% done in 319.5s, 35.3s to go
on time step 1846 (time=18.46), 0.162933 s/step
Meep progress: 18.69/20.499999618530275 = 91.2% done in 323.6s, 31.3s to go
on time step 1869 (time=18.69), 0.176776 s/step
Meep progress: 18.92/20.499999618530275 = 92.3% done in 327.7s, 27.4s to go
on time step 1892 (time=18.92), 0.177175 s/step
Meep progress: 19.14/20.499999618530275 = 93.4% done in 331.8s, 23.6s to go
on time step 1914 (time=19.14), 0.18682 s/step
Meep progress: 19.37/20.499999618530275 = 94.5% done in 335.8s, 19.6s to go
on time step 1937 (time=19.37), 0.176082 s/step
Meep progress: 19.6/20.499999618530275 = 95.6% done in 339.9s, 15.6s to go
on time step 1960 (time=19.6), 0.176495 s/step
Meep progress: 19.84/20.499999618530275 = 96.8% done in 343.9s, 11.4s to go
on time step 1984 (time=19.84), 0.167849 s/step
Meep progress: 20.06/20.499999618530275 = 97.9% done in 348.0s, 7.6s to go
on time step 2006 (time=20.06), 0.185248 s/step
Meep progress: 20.29/20.499999618530275 = 99.0% done in 352.1s, 3.6s to go
on time step 2029 (time=20.29), 0.176605 s/step
creating output file "./nanobeam-eps-000020.50.h5"...
creating output file "./nanobeam-ey-000020.50.h5"...
harminv0:, frequency, imag. freq., Q, |amp|, amplitude, error
harminv0:, frequency, imag. freq., Q, |amp|, amplitude, error
run 0 finished at t = 20.5 (2050 timesteps)
Generating MP4...
flux1:, 1.1764705882352942, 0.0003541253612966542, 0.0003496389201363937, 1.0149481669051008e-05, -0.014963097311504858, 0.01497835659568048
flux1:, 1.1774529451058982, 0.00036232576402344204, 0.0003577741045572655, 1.0287429876375234e-05, -0.015050654166562358, 0.015066046804924776
flux1:, 1.1784353019765021, 0.0003706186077075745, 0.00036600157237662767, 1.044251092043189e-05, -0.01513907813904582, 0.015154609017077495
flux1:, 1.179417658847106, 0.00037899708047833206, 0.00037431460062218707, 1.0616002770904282e-05, -0.015228404083646506, 0.015244078091336818
flux1:, 1.18040001571771, 0.0003874538833570205, 0.0003827059844554881, 1.0809211718707386e-05, -0.015318669601136018, 0.0153344915967205
flux1:, 1.181382372588314, 0.0003959812229508938, 0.00039116802993223855, 1.1023468433717162e-05, -0.015409915181755092, 0.01542588995174957
flux1:, 1.182364729458918, 0.0004045708051277496, 0.0003996925477316483, 1.1260123590997895e-05, -0.015502184355096992, 0.015518316570530447
flux1:, 1.183347086329522, 0.0004132138297437778, 0.0004082708479264541, 1.1520543055168242e-05, -0.015595523847295428, 0.015611818016063036
flux1:, 1.1843294432001257, 0.00042190098649879195, 0.0004168937358668684, 1.1806102614151512e-05, -0.015689983746348234, 0.015706444161618635
flux1:, 1.1853118000707297, 0.0004306224519927815, 0.00042555150925145386, 1.2118182255245252e-05, -0.01578561767658809, 0.01580224836121852
flux1:, 1.1862941569413337, 0.0004393678880583466, 0.00043423395645857897, 1.2458159978301563e-05, -0.01588248298341261, 0.0158992876303519
flux1:, 1.1872765138119377, 0.0004481264414434493, 0.00044293035621195237, 1.282740514285223e-05, -0.015980640929476136, 0.015997622838149032
flux1:, 1.1882588706825417, 0.00045688674491782793, 0.0004516294786526484, 1.3227271348188084e-05, -0.016080156903730155, 0.016097318912425964
flux1:, 1.1892412275531457, 0.00046563691987677107, 0.00046031958789040877, 1.3659088847725945e-05, -0.01618110064477303, 0.016198445059086977
flux1:, 1.1902235844237494, 0.00047436458051495773, 0.0004689884461059978, 1.412415650148923e-05, -0.016283546480162486, 0.016301074997563694
flux1:, 1.1912059412943534, 0.0004830568396407865, 0.0004776233192741219, 1.4623733273170396e-05, -0.016387573583473574, 0.016405287214098955
flux1:, 1.1921882981649574, 0.0004917003162017344, 0.0004862109845765699, 1.5159029281012223e-05, -0.016493266251008266, 0.016511165234820876
flux1:, 1.1931706550355614, 0.0005002811445881398, 0.0004947377395720721, 1.5731196414678324e-05, -0.01660071420025571, 0.01661879792072838
flux1:, 1.1941530119061654, 0.0005087849857817859, 0.0005031894131884214, 1.6341318533320165e-05, -0.016710012892347473, 0.01672827978686688
flux1:, 1.1951353687767692, 0.0005171970404124315, 0.0005115513785991467, 1.6990401263206996e-05, -0.016821263880899013, 0.016839711348123294
flux1:, 1.1961177256473732, 0.0005255020637827294, 0.0005198085680443996, 1.767936141663247e-05, -0.01693457518980972, 0.016953199494243922
flux1:, 1.1971000825179772, 0.0005336843829197339, 0.0005279454896534807, 1.8409016057129787e-05, -0.017050061722730752, 0.01706885789681643
flux1:, 1.1980824393885812, 0.000541727915706854, 0.0005359462463221423, 1.9180071239526992e-05, -0.017167845707109546, 0.017186807451168223
flux1:, 1.1990647962591852, 0.0005496161921467006, 0.0005437945566944257, 1.99931104569789e-05, -0.01728805717583807, 0.017307176756238683
flux1:, 1.200047153129789, 0.0005573323778011172, 0.0005514737782947095, 2.0848582830686495e-05, -0.017410834489721007, 0.017430102635677215
flux1:, 1.201029510000393, 0.0005648592994503273, 0.0005589669328513052, 2.1746791081680826e-05, -0.01753632490409952, 0.017555730703542893
flux1:, 1.202011866870997, 0.0005721794730085588, 0.0005662567338484685, 2.2687879327758812e-05, -0.017664685183178323, 0.017684215978187826
flux1:, 1.202994223741601, 0.0005792751337274079, 0.0005733256163376057, 2.3671820752402864e-05, -0.01779608226562573, 0.01781572354792359
flux1:, 1.203976580612205, 0.0005861282687145082, 0.0005801557690348956, 2.4698405196117015e-05, -0.017930693985298007, 0.01795042929236578
flux1:, 1.2049589374828087, 0.0005927206517872454, 0.0005867291687247217, 2.5767226724388198e-05, -0.01806870985091951, 0.018088520663315556
flux1:, 1.2059412943534127, 0.0005990338806766285, 0.0005930276169838515, 2.6877671230014415e-05, -0.018210331888744612, 0.018230197529231076
flux1:, 1.2069236512240167, 0.0006050494165895635, 0.0005990327792343985, 2.802890413110634e-05, -0.01835577555231156, 0.018375673087439984
flux1:, 1.2079060080946207, 0.00061074862613099, 0.0006047262261270521, 2.9219858229515906e-05, -0.01850527070340365, 0.018525174848224666
flux1:, 1.2088883649652247, 0.0006161128255801297, 0.0006100894772488061, 3.044922179772321e-05, -0.0186590626685114, 0.0186789456951058
flux1:, 1.2098707218358287, 0.0006211233275083733, 0.0006151040471429073, 3.171542696536871e-05, -0.018817413375020017, 0.018837245025564216
flux1:, 1.2108530787064324, 0.0006257614897181783, 0.0006197514936206117, 3.301663847962564e-05, -0.018980602571427578, 0.019000349976533007
flux1:, 1.2118354355770364, 0.0006300087664750623, 0.0006240134683372295, 3.435074291630132e-05, -0.0191489291358537, 0.019168556738923193
flux1:, 1.2128177924476404, 0.0006338467619964775, 0.0006278717695966751, 3.571533842115722e-05, -0.019322712477121553, 0.01934218196549446
flux1:, 1.2138001493182444, 0.0006372572861527026, 0.0006313083973403033, 3.710772506312721e-05, -0.01950229403254624, 0.019521564276182096
flux1:, 1.2147825061888484, 0.0006402224123282513, 0.0006343056102692215, 3.852489588311958e-05, -0.01968803886655035, 0.01970706586504182
flux1:, 1.2157648630594522, 0.0006427245373807381, 0.0006368459850378624, 3.9963528723725036e-05, -0.019880337374090697, 0.01989907421274703
flux1:, 1.2167472199300562, 0.0006447464436286198, 0.0006389124774512246, 4.1419978926402834e-05, -0.020079607092661315, 0.020098003908441436
flux1:, 1.2177295768006602, 0.000646271362788067, 0.0006404884855871412, 4.2890272983704554e-05, -0.02028629462651218, 0.020304298584530884
flux1:, 1.2187119336712642, 0.0006472830417720138, 0.0006415579147578606, 4.437010323444412e-05, -0.02050087768649937, 0.02051843296784027
flux1:, 1.2196942905418682, 0.0006477658102537595, 0.0006421052442147243, 4.5854823690019056e-05, -0.020723867248590613, 0.02074091505011011
flux1:, 1.220676647412472, 0.0006477046498908805, 0.0006421155954932055, 4.733944707943015e-05, -0.02095580983392474, 0.020972288380715524
flux1:, 1.221659004283076, 0.0006470852650933151, 0.0006415748022838475, 4.881864319985975e-05, -0.021197289912794674, 0.02121313448391831
flux1:, 1.22264136115368, 0.0006458941552140756, 0.0006404694817093977, 5.028673865819295e-05, -0.021448932434613776, 0.02146407540268068
flux1:, 1.223623718024284, 0.0006441186880288448, 0.0006387871068763185, 5.1737718086928186e-05, -0.021711405485481585, 0.021725776370588163
flux1:, 1.224606074894888, 0.0006417471743646125, 0.0006365160805629839, 5.316522691553462e-05, -0.02198542307442226, 0.02199894861289969
flux1:, 1.2255884317654917, 0.0006387689437280093, 0.0006336458098974417, 5.456257577514222e-05, -0.02227174804887143, 0.022284352277221437
flux1:, 1.2265707886360957, 0.0006351744207750059, 0.0006301667818688351, 5.59227466109775e-05, -0.022571195139394668, 0.022582799493724628
flux1:, 1.2275531455066997, 0.000630955202456954, 0.0006260706395100154, 5.723840057263719e-05, -0.02288463413295433, 0.022895157564113984
flux1:, 1.2285355023773037, 0.0006261041356694756, 0.0006213502585805091, 5.8501887747449324e-05, -0.0232129931734349, 0.02322235227798382
flux1:, 1.2295178592479077, 0.0006206153952231248, 0.0006159998245716522, 5.97052587968765e-05, -0.023557262187263103, 0.023565371354284586
flux1:, 1.2305002161185117, 0.0006144845619470211, 0.0006100149098480143, 6.084027854968726e-05, -0.023918496431376092, 0.023925268005043243
flux1:, 1.2314825729891155, 0.0006077087007322666, 0.0006033925507350752, 6.1898441599095e-05, -0.024297820159767638, 0.024303164617454617
flux1:, 1.2324649298597194, 0.0006002864383121025, 0.0005961313243533065, 6.287098994368212e-05, -0.02469643040414175, 0.02470025654974494
flux1:, 1.2334472867303234, 0.000592218040573683, 0.0005882314249969514, 6.374893270418126e-05, -0.025115600863122905, 0.025117816035118458
flux1:, 1.2344296436009274, 0.0005835054891872469, 0.00057969473984673, 6.452306793948008e-05, -0.02555668589369509, 0.025557196187341216
flux1:, 1.2354120004715314, 0.0005741525573377505, 0.0005705249238051566, 6.518400657646397e-05, -0.026021124597371513, 0.026019835100286586
flux1:, 1.2363943573421352, 0.0005641648843356926, 0.0005607274732349003, 6.572219845845413e-05, -0.026510444992684932, 0.02650726003291089
flux1:, 1.2373767142127392, 0.0005535500488837705, 0.0005503097983806588, 6.612796050695948e-05, -0.027026268264476537, 0.027021091669959554
flux1:, 1.2383590710833432, 0.0005423176407709338, 0.0005392812942499789, 6.639150698081514e-05, -0.027570313079304683, 0.02756304844758483
flux1:, 1.2393414279539472, 0.0005304793307639657, 0.0005276534097271856, 6.650298180562714e-05, -0.02814439995531296, 0.02813495093202071
flux1:, 1.2403237848245512, 0.000518048938465439, 0.0005154397146932924, 6.645249293487949e-05, -0.02875045567354164, 0.028738726238161663
flux1:, 1.241306141695155, 0.0005050424979054189, 0.000502655964923412, 6.623014869219917e-05, -0.029390517716735204, 0.029376412473898272
flux1:, 1.242288498565759, 0.0004914783206346839, 0.0004893201645336049, 6.582609603180235e-05, -0.030066738720237938, 0.030050163194652577
flux1:, 1.243270855436363, 0.0004773770560888285, 0.00047545262575076654, 6.523056064171751e-05, -0.030781390918658454, 0.03076225185160045
flux1:, 1.244253212306967, 0.0004627617489926422, 0.00046107602577917463, 6.443388880145806e-05, -0.03153687057057165, 0.03151507621569373
flux1:, 1.245235569177571, 0.00044765789357772295, 0.00044621546054093744, 6.342659089275883e-05, -0.032335702342438634, 0.032311162758469195
flux1:, 1.2462179260481747, 0.0004320934843903988, 0.0004308984950716945, 6.219938644898751e-05, -0.03318054363171059, 0.03315317096946982
flux1:, 1.2472002829187787, 0.0004160990634686375, 0.00041515521035448216, 6.074325061540245e-05, -0.03407418880794058, 0.034043897588900834
flux1:, 1.2481826397893827, 0.00039970776367521965, 0.0003990182463833007, 5.904946187949561e-05, -0.03501957334951991, 0.0349862807330018
flux1:, 1.2491649966599867, 0.00038295534797754373, 0.0003825228412509261, 5.7109650917404854e-05, -0.03601977785263487, 0.0359834038885692
flux1:, 1.2501473535305907, 0.00036588024447328023, 0.0003657068660643383, 5.4915850389437686e-05, -0.03707803188786221, 0.03703849975189471
flux1:, 1.2511297104011945, 0.0003485235769674706, 0.000348610855497413, 5.2460545505133756e-05, -0.03819771767886067, 0.03815495388642985
flux1:, 1.2521120672717985, 0.0003309291909167529, 0.0003312780338005486, 4.973672516587485e-05, -0.039382373576662306, 0.03933630817256855
flux1:, 1.2530944241424025, 0.00031314367456580127, 0.00031375433609618107, 4.673793348111551e-05, -0.040635697301996766, 0.040586264021851816
flux1:, 1.2540767810130065, 0.0002952163751094363, 0.00029608842479739904, 4.345832144271977e-05, -0.04196154892747831, 0.04190868532731584
flux1:, 1.2550591378836105, 0.0002771994097294197, 0.00027833170100228664, 3.989269853118228e-05, -0.043363953570512204, 0.04330760112074223
flux1:, 1.2560414947542144, 0.00025914767136309304, 0.0002605383107246069, 3.6036584017108584e-05, -0.044847103767190574, 0.04478720790703653
flux1:, 1.2570238516248182, 0.00024111882907636392, 0.0002427651458366049, 3.1886257711900444e-05, -0.04641536149689593, 0.046351871645329654
flux1:, 1.2580062084954222, 0.0002231733229269588, 0.0002250718396129529, 2.743880991297438e-05, -0.04807325982674766, 0.04800612934597609
flux1:, 1.2589885653660262, 0.0002053743532182644, 0.00020752075677901876, 2.2692190280958842e-05, -0.049825504144803606, 0.049754690252258885
flux1:, 1.2599709222366302, 0.00018778786405962232, 0.000190176977981994, 1.7645255379862698e-05, -0.05167697295053222, 0.05160243657536729
flux1:, 1.2609532791072342, 0.0001704825211649701, 0.00017310827861915902, 1.2297814605110633e-05, -0.05363271817111756, 0.05355442375120954
flux1:, 1.261935635977838, 0.00015352968383871188, 0.000156385101974327, 6.6506742203138585e-06, -0.055697964972021494, 0.05561588018752756
flux1:, 1.262917992848442, 0.0001370033711144002, 0.0001400805266298998, 7.056792200258454e-07, -0.05787811103055374, 0.05779220647012271
flux1:, 1.263900349719046, 0.00012098022203050594, 0.00012427022814038243, -5.534247266018803e-06, -0.06017872524136578, 0.06008897399721167
flux1:, 1.26488270658965, 0.00010553945004515496, 0.00010903243497047913, -1.2065067312455864e-05, -0.06260554582339224, 0.06251192301155385
flux1:, 1.265865063460254, 9.076279161128398e-05, 9.444787872014854e-05, -1.888159456580777e-05, -0.0651644777983504, 0.06506696000056812
flux1:, 1.266847420330858, 7.673444895222563e-05, 8.059973867719709e-05, -2.5977463922122437e-05, -0.06786158981165705, 0.06776015443553521
flux1:, 1.2678297772014617, 6.354102709733475e-05, 6.757358075723915e-05, -3.334510479275694e-05, -0.07070311026780142, 0.07059773482203675
flux1:, 1.2688121340720657, 5.127146525750043e-05, 5.5457290910701095e-05, -4.097571823103466e-05, -0.07369542275308771, 0.07358608403484104
flux1:, 1.2697944909426697, 4.001696263973819e-05, 4.434100309551807e-05, -4.885925818537956e-05, -0.07684506072034626, 0.0767317339120604
flux1:, 1.2707768478132737, 2.9870898819908066e-05, 3.431702193360923e-05, -5.698441713586565e-05, -0.08015870141145985, 0.08004135908467888
flux1:, 1.2717592046838777, 2.0928748813499482e-05, 2.5479740189708775e-05, -6.533861636065166e-05, -0.0836431589954626, 0.0835217700195742
flux1:, 1.2727415615544815, 1.3287993003007964e-05, 1.792555122928834e-05, -7.390800106689726e-05, -0.08730537690177742, 0.08717990525590431
flux1:, 1.2737239184250855, 7.0480221015528225e-06, 1.175275663298848e-05, -8.267744060688696e-05, -0.0911524193303785, 0.09102282281699062
flux1:, 1.2747062752956895, 2.3100373504108394e-06, 7.0614691625674085e-06, -9.163053398478681e-05, -0.09519146192279299, 0.09505769078206262
flux1:, 1.2756886321662935, -8.230538309623563e-07, 3.9535112938232835e-06, -0.00010074962084234774, -0.09942978158050969, 0.09929177700479055
flux1:, 1.2766709890368975, -2.246746506721519e-06, 2.532309548608664e-06, -0.00011001579809335076, -0.10387474541993456, 0.10373243796822589
flux1:, 1.2776533459075012, -1.855050943628273e-06, 2.902784876504387e-06, -0.00011940894235622282, -0.1085337988558927, 0.10838710676861965
flux1:, 1.2786357027781052, 4.5939088590296684e-07, 5.17123935481016e-06, -0.00012890773831256388, -0.11341445280870911, 0.11326328022360982
flux1:, 1.2796180596487092, 4.805185304563917e-06, 9.4452394897336e-06, -0.00013848971309594877, -0.1185242700331195, 0.11836850510359624
flux1:, 1.2806004165193132, 1.1292063741802028e-05, 1.583349642041931e-05, -0.00014813127679101586, -0.1238708505706287, 0.12371036348837586
flux1:, 1.2815827733899172, 2.0030756675797842e-05, 2.444574333936132e-05, -0.00015780776909650156, -0.12946181633035503, 0.12929645725474082
flux1:, 1.282565130260521, 3.113286504138119e-05, 3.5392610458426094e-05, -0.0001674935121788859, -0.13530479480717686, 0.13513439170429814
flux1:, 1.283547487131125, 4.471072945285817e-05, 4.878549786263736e-05, -0.00017716186971511417, -0.14140740194979026, 0.1412317583448067
flux1:, 1.284529844001729, 6.0877297602123744e-05, 6.473644660481326e-05, -0.0001867853120930017, -0.14777722419507158, 0.1475961168419559
flux1:, 1.285512200872333, 7.974599020372617e-05, 8.335800840498439e-05, -0.00019633548770834385, -0.15442179968936914, 0.15423497616282814
flux1:, 1.286494557742937, 0.00010143056586902103, 0.00010476311432856713, -0.00020578330026617026, -0.16134859872132146, 0.16115577493626684
flux1:, 1.2874769146135407, 0.00012604498529874842, 0.00012906494282403363, -0.00021509899196215073, -0.16856500339509806, 0.16836586105965237
flux1:, 1.2884592714841447, 0.00015370327519216462, 0.00015637678750919797, -0.0002242522323880881, -0.17607828657718694, 0.17587247058578848
flux1:, 1.2894416283547487, 0.00018451939227393966, 0.00018681192509793158, -0.00023321221297273534, -0.18389559015423465, 0.18368270592808725
flux1:, 1.2904239852253527, 0.00021860708784724895, 0.0002204834838659407, -0.00024194774673692783, -0.19202390264378674, 0.19180351342642465
flux1:, 1.2914063420959567, 0.0002560797732798068, 0.00025750431305220724, -0.0002504273731088916, -0.20047003620413323, 0.20024166032051896
flux1:, 1.2923886989665605, 0.0002970503868357029, 0.00029798685359846766, -0.0002586194675136902, -0.2092406030938345, 0.20900371118198383
flux1:, 1.2933710558371645, 0.0003416312622587769, 0.0003420430106216321, -0.00026649235541834483, -0.21834199163589965, 0.2180960038605591
flux1:, 1.2943534127077685, 0.00038993399951581275, 0.00038978402801633026, -0.00027401443048272737, -0.22778034174585154, 0.22752462500433113
flux1:, 1.2953357695783725, 0.0004420693381011874, 0.00044132036557782375, -0.0002811542764356824, -0.23756152008703504, 0.23729538521786417
flux1:, 1.2963181264489765, 0.0004981470332978669, 0.0004967615790285374, -0.00028788079226589526, -0.24769109492096847, 0.24741379392640317
flux1:, 1.2973004833195805, 0.0005582757357842, 0.0005562162033258415, -0.00029416332028810746, -0.2581743107241453, 0.25788503401820756
flux1:, 1.2982828401901843, 0.0006225628749616451, 0.000619791639614137, -0.00029997177661832293, -0.2690160626469409, 0.26871393634091095
flux1:, 1.2992651970607882, 0.000691114546372318, 0.0006875940461779795, -0.0003052767835652261, -0.28022087089382364, 0.2799049541316917
flux1:, 1.3002475539313922, 0.0007640354035597592, 0.0007597282337373139, -0.00031004980342116164, -0.2917928551077163, 0.2914621374642392
flux1:, 1.3012299108019962, 0.0008414285547066828, 0.0008362975654061669, -0.0003142632731134467, -0.3037357088444979, 0.3033891077990934
flux1:, 1.3022122676726002, 0.0009233954643764712, 0.0009174038616291205, -0.0003178907391566483, -0.3160526742271931, 0.315689032726842
flux1:, 1.303194624543204, 0.0010100358606547535, 0.0010031473103794188, -0.00032090699232820694, -0.3287465168717556, 0.32836460099655657
flux1:, 1.304176981413808, 0.0011014476479786152, 0.0010936263828938422, -0.00032328820147421543, -0.34181950117925164, 0.3414179979243636
flux1:, 1.305159338284412, 0.001197726825906942, 0.0011889377551853868, -0.00032501204583901743, -0.35527336609163185, 0.3548508812792934
flux1:, 1.306141695155016, 0.0012989674140746208, 0.0012891762355642775, -0.00032605784530162393, -0.3691093014099765, 0.3686643577455832
flux1:, 1.30712405202562, 0.0014052613835367064, 0.0013944346983612037, -0.0003264066878946397, -0.38332792477613387, 0.3828589600621468
flux1:, 1.308106408896224, 0.0015166985946896143, 0.0015048040240279047, -0.00032604155397653533, -0.3979292594196021, 0.39743462494106957
flux1:, 1.3090887657668278, 0.0016333667419252682, 0.0016203730457592734, -0.00032494743642630126, -0.41291271277296054, 0.41239067186823875
flux1:, 1.3100711226374318, 0.001755351305144975, 0.001741228502752304, -0.00032311145623178017, -0.42827705605907984, 0.4277257828892031
flux1:, 1.3110534795080357, 0.0018827355082311947, 0.0018674550001888236, -0.0003205229728467017, -0.4440204049541726, 0.44343798348395125
flux1:, 1.3120358363786397, 0.002015600284541923, 0.001999134975995981, -0.0003171736887006998, -0.4601402014299509, 0.4595246246336442
flux1:, 1.3130181932492437, 0.0021540242494608843, 0.002136348674407177, -0.00031305774725727607, -0.47663319687792316, 0.47598236618177825
flux1:, 1.3140005501198475, 0.0022980836800034782, 0.002279174126313433, -0.0003081718240299707, -0.49349543661737344, 0.49280716159096294
flux1:, 1.3149829069904515, 0.0024478525014442806, 0.00242768713636151, -0.0003025152099851004, -0.5107222458873626, 0.5099942441950595
flux1:, 1.3159652638610555, 0.002603402280895764, 0.0025819612767193027, -0.0002960898867814769, -0.528308217420676, 0.5275381150439401
flux1:, 1.3169476207316595, 0.002764802227739393, 0.002742067887401389, -0.0002889005933218926, -0.5462472006957232, 0.5454325324362442
flux1:, 1.3179299776022635, 0.0029321192007638708, 0.002908076083001509, -0.0002809548831205287, -0.5645322929588898, 0.5636705032318655
flux1:, 1.3189123344728673, 0.0031054177218411846, 0.003080052765655508, -0.0002722631720215359, -0.5831558321067861, 0.582244276032754
flux1:, 1.3198946913434713, 0.0032847599959251513, 0.003258062644012778, -0.0002628387758387593, -0.6021093915140375, 0.6011453363168451
flux1:, 1.3208770482140753, 0.003470205937136384, 0.0034421682579744094, -0.0002526979375253467, -0.6213837768875959, 0.6203644036051945
flux1:, 1.3218594050846793, 0.0036618132006420367, 0.003632430008901185, -0.00024185984352207224, -0.64096902522423, 0.6398914307378123
flux1:, 1.3228417619552832, 0.003859637220027226, 0.003828906194984055, -0.00023034662897730078, -0.6608544059423531, 0.6597156053284146
flux1:, 1.323824118825887, 0.0040637312498006326, 0.004031653051416072, -0.0002181833715781459, -0.6810284242535615, 0.6798253534625073
flux1:, 1.324806475696491, 0.004274146412660987, 0.004240724794989761, -0.000205398073780369, -0.7014788268337375, 0.7002083456971974
flux1:, 1.325788832567095, 0.004490931751104767, 0.004456173672698462, -0.00019202163327678757, -0.7221926098463712, 0.7208515054143939
flux1:, 1.326771189437699, 0.004714134282937241, 0.004678050013902827, -0.00017808780159639476, -0.743156029364623, 0.7417410195726439
flux1:, 1.327753546308303, 0.004943799060207496, 0.004906402285583059, -0.00016363313078060807, -0.7643546142303612, 0.7628623518946283
flux1:, 1.3287359031789068, 0.005179969231074059, 0.005141277150184479, -0.00014869690814178112, -0.7857731813823452, 0.7842002585210116
flux1:, 1.3297182600495108, 0.005422686104064184, 0.0053827195255211875, -0.00013332107916335907, -0.8073958536758209, 0.8057388061518636
flux1:, 1.3307006169201148, 0.005671989214182912, 0.005630772646196954, -0.00011755015866361472, -0.8292060802094271, 0.8274613926900444
flux1:, 1.3316829737907188, 0.0059279163902927565, 0.005885478125967748, -0.0001014311304003541, -0.8511866591653524, 0.8493507703910785
flux1:, 1.3326653306613228, 0.006190503823169847, 0.00614687602045662, -8.501333535720372e-05, -0.8733197631608827, 0.8713890715165271
flux1:, 1.3336476875319265, 0.006459786133624362, 0.006415004889614606, -6.834834900919156e-05, -0.8955869670995529, 0.8935578364776543
flux1:, 1.3346300444025305, 0.006735796440054501, 0.006689901859303433, -5.1489847925813244e-05, -0.9179692785019471, 0.9158380444479267
flux1:, 1.3356124012731345, 0.007018566424792149, 0.006971602681366157, -3.4493466129519074e-05, -0.9404471702859148, 0.9382101464128246
flux1:, 1.3365947581437385, 0.007308126398587092, 0.007260141791541164, -1.741664168335603e-05, -0.963000615956725, 0.9606541006166319
flux1:, 1.3375771150143425, 0.007604505362567364, 0.00755555236456695, -3.1845404025539117e-07, -0.9856091271588439, 0.9831494103558562
flux1:, 1.3385594718849465, 0.007907731067012572, 0.007857866365825068, 1.6740547260895406e-05, -1.008251793529985, 1.0056751640592483
flux1:, 1.3395418287555503, 0.008217830066266871, 0.008167114598859828, 3.3698521910624054e-05, -1.0309073247900382, 1.028210077585579
flux1:, 1.3405241856261543, 0.008534827769126086, 0.008483326748121469, 5.049252546841117e-05, -1.0535540949863378, 1.0507325386596444
flux1:, 1.3415065424967583, 0.008858748484037046, 0.008806531416284891, 6.705870258581802e-05, -1.0761701888087654, 1.0732206533586264
flux1:, 1.3424888993673623, 0.009189615458447162, 0.009136756155495864, 8.333248603142502e-05, -1.0987334498770467, 1.0956522945504616
flux1:, 1.3434712562379663, 0.009527450911660344, 0.009474027491916634, 9.924880069214878e-05, -1.1212215308952973, 1.118005152177653
flux1:, 1.34445361310857, 0.009872276060567547, 0.009818370942954964, 0.00011474227168699303, -1.1436119455574758, 1.1402567852705174
flux1:, 1.345435969979174, 0.010224111137627648, 0.010169811026569645, 0.00012974743569683429, -1.1658821220808795, 1.1623846755645886
flux1:, 1.346418326849778, 0.010582975400509804, 0.010528371262080938, 0.0001441989545811331, -1.1880094582344656, 1.1843662825892292
flux1:, 1.347400683720382, 0.010948887132817026, 0.010894074161924899, 0.00015803183032884961, -1.2099713777213168, 1.2061791000861333
flux1:, 1.348383040590986, 0.011321863635343885, 0.011266941213822749, 0.00017118162036754158, -1.231745387766618, 1.2278007136078533
flux1:, 1.34936539746159, 0.011701921207351033, 0.011646992852868729, 0.00018358465223990101, -1.2533091377545729, 1.249208859139623
flux1:, 1.3503477543321938, 0.012089075117370248, 0.012034248423070108, 0.00019517823664508732, -1.2746404787510006, 1.2703814825813962
flux1:, 1.3513301112027978, 0.012483339563081251, 0.01242872612790177, 0.000205900877834819, -1.2957175237412335, 1.2912967999182332
flux1:, 1.3523124680734018, 0.012884727619859291, 0.012830442969495834, 0.00021569248035445667, -1.3165187084075443, 1.3119333579041117
flux1:, 1.3532948249440058, 0.013293251177614542, 0.013239414676109562, 0.00022449455112460997, -1.33702285226319, 1.3322700950759574
flux1:, 1.3542771818146098, 0.013708920865593808, 0.013655655617564103, 0.00023225039586559614, -1.3572092199571404, 1.3522864029114305
flux1:, 1.3552595386852135, 0.014131745964867179, 0.014079178708399786, 0.0002389053088861636, -1.3770575825571767, 1.3719621869390253
flux1:, 1.3562418955558175, 0.014561734308269273, 0.014509995298540386, 0.0002444067552757466, -1.3965482786159935, 1.3912779276050458
flux1:, 1.3572242524264215, 0.014998892167605572, 0.014948115051300098, 0.00024870454457044466, -1.41566227482196, 1.4102147406992336
flux1:, 1.3582066092970255, 0.015443224128005348, 0.015393545808638168, 0.00025175099498677127, -1.434381226032739, 1.428754437138444
flux1:, 1.3591889661676295, 0.015894732949341045, 0.015846293443604404, 0.0002535010873660531, -1.4526875344888686, 1.4468795819050582
flux1:, 1.3601713230382333, 0.01635341941470907, 0.016306361699994176, 0.0002539126080047977, -1.4705644080029803, 1.4645735519372458
flux1:, 1.3611536799088373, 0.01681928216600255, 0.01677375201926654, 0.0002529462795989312, -1.4879959169189192, 1.4818205927662018
flux1:, 1.3621360367794413, 0.017292317526690536, 0.017248463354863557, 0.00025056587958293536, -1.504967049637404, 1.4986058736970946
flux1:, 1.3631183936500453, 0.017772519311964958, 0.017730491974115296, 0.0002467383452001088, -1.5214637665030704, 1.5149155413302704
flux1:, 1.3641007505206493, 0.018259878626481638, 0.018219831247979212, 0.00024143386470459527, -1.5374730518519126, 1.530736771222806
flux1:, 1.365083107391253, 0.018754383649987452, 0.01871647142892916, 0.0002346259541592405, -1.5529829640188242, 1.546057817490962
flux1:, 1.366065464261857, 0.019256019411183992, 0.01922039941736588, 0.00022629151936699854, -1.5679826831093102, 1.5608680601587455
flux1:, 1.367047821132461, 0.019764767550246008, 0.019731598516989714, 0.00021641090254214627, -1.5824625563427013, 1.5751580500621754
flux1:, 1.368030178003065, 0.020280606070481662, 0.020250048179642786, 0.00020496791341181598, -1.5964141407793897, 1.588919551121859
flux1:, 1.369012534873669, 0.020803509079659877, 0.020775723740167455, 0.00019194984450965376, -1.6098302432491922, 1.6021455798039266
flux1:, 1.3699948917442728, 0.02133344652163075, 0.02130859614192584, 0.0001773474705118961, -1.6227049573056207, 1.6148304415940429
flux1:, 1.3709772486148768, 0.021870383898897453, 0.021848631653659325, 0.00016115503154771725, -1.6350336970360495, 1.6269697643178882
flux1:, 1.3719596054854808, 0.022414281986854346, 0.02239579157841996, 0.00014337020050225573, -1.6468132275658938, 1.6385605281462083
flux1:, 1.3729419623560848, 0.02296509654050776, 0.022950031955408137, 0.00012399403441446888, -1.6580416921042522, 1.649601092135162
flux1:, 1.3739243192266888, 0.023522777994489957, 0.023511303255544437, 0.00010303091016442238, -1.6687186353855457, 1.6600912171565483
flux1:, 1.3749066760972926, 0.02408727115728758, 0.024079550071711045, 8.04884447289461e-05, -1.6788450233721919, 1.6700320850864405
flux1:, 1.3758890329678966, 0.024658514900627853, 0.0246547108046223, 5.63774003695049e-05, -1.688423259093916, 1.6794263141282548
flux1:, 1.3768713898385005, 0.02523644184502549, 0.02523671734534003, 3.071157520795165e-05, -1.6974571945083337, 1.6882779701576323
flux1:, 1.3778537467091045, 0.025820978042542388, 0.025825494755498092, 3.5076797260474667e-06, -1.7059521382811604, 1.6965925739885734
flux1:, 1.3788361035797085, 0.026412042657854608, 0.026420960946342293, -2.5214800192556198e-05, -1.7139148593933584, 1.7043771044703733
flux1:, 1.3798184604503125, 0.027009547648761123, 0.027023026357730757, -5.543375297440995e-05, -1.7213535864967322, 1.7116399973386696
flux1:, 1.3808008173209163, 0.02761339744731838, 0.027631593638286257, -8.712460304773846e-05, -1.7282780029518352, 1.7183911397558593
flux1:, 1.3817831741915203, 0.028223488642795162, 0.02824655732790385, -0.00012026048365770718, -1.734699237493883, 1.7246418604887597
flux1:, 1.3827655310621243, 0.02883970966770613, 0.02886780354387816, -0.00015481241988716014, -1.7406298504872681, 1.7304049156852288
flux1:, 1.3837478879327283, 0.029461940488176953, 0.029495209671907625, -0.0001907495208907208, -1.7460838157416858, 1.7356944702253778
flux1:, 1.3847302448033323, 0.030090052299941317, 0.030128644063280287, -0.00022803918029490997, -1.7510764978780935, 1.74052607463569
flux1:, 1.3857126016739363, 0.03072390723126791, 0.03076796573954104, -0.0002666472836582112, -1.7556246252453342, 1.7449166375700833
flux1:, 1.38669495854454, 0.0313633580541495, 0.031413024105973186, -0.0003065384218353029, -1.7597462584039771, 1.7488843938749
flux1:, 1.387677315415144, 0.03200824790507623, 0.032063658675216176, -0.00034767610904500805, -1.7634607542078535, 1.7524488682695056
flux1:, 1.388659672285748, 0.032658410016731435, 0.03271969880235546, -0.0003900230044028379, -1.7667887255274757, 1.7556308346890874
flux1:, 1.389642029156352, 0.03331366746194827, 0.03338096343281927, -0.00043354113564892586, -1.7697519966759852, 1.7584522713502397
flux1:, 1.390624386026956, 0.03397383291123711, 0.034047260864388154, -0.0004781921237744546, -1.7723735546101962, 1.760936311614388
flux1:, 1.3916067428975598, 0.034638708405235176, 0.03471838852466117, -0.0005239374072355322, -1.7746774959965628, 1.7631071907384677
flux1:, 1.3925890997681638, 0.035308085143337546, 0.03539413276523158, -0.0005707384644298443, -1.776688970243627, 1.7649901886162915
flux1:, 1.3935714566387678, 0.03598174328982958, 0.036074268673882075, -0.0006185570331095817, -1.7784341186181516, 1.7666115686290347
flux1:, 1.3945538135093718, 0.03665945179875009, 0.03675855990601885, -0.0006673553254094955, -1.7799400095760862, 1.767998512735341
flux1:, 1.3955361703799758, 0.03734096825871639, 0.03744675853656387, -0.0007170962371785456, -1.7812345704520631, 1.7691790529464861
flux1:, 1.3965185272505796, 0.03802603875890752, 0.038138604933488474, -0.0007677435503251896, -1.7823465156653004, 1.7701819993449788
flux1:, 1.3975008841211836, 0.0387143977773361, 0.03883382765410412, -0.0008192621269143564, -1.783305271612786, 1.7710368648171577
flux1:, 1.3984832409917876, 0.039405768092524336, 0.03953214336521159, -0.0008716180937844464, -1.7841408984323968, 1.771773786683434
flux1:, 1.3994655978623916, 0.040099860719628434, 0.0402332567881331, -0.0009247790165008975, -1.7848840088316518, 1.7724234454216699
flux1:, 1.4004479547329955, 0.04079637487200896, 0.040936860669610525, -0.0009787140615068533, -1.7855656841884395, 1.7730169806902347
flux1:, 1.4014303116035993, 0.04149499794917292, 0.04164263577947323, -0.0010333941453922531, -1.78621738814154, 1.7735859048688007
flux1:, 1.4024126684742033, 0.04219540555197116, 0.042350250935941684, -0.0010887920702610675, -1.786870877899308, 1.7741620143443466
flux1:, 1.4033950253448073, 0.04289726152585096, 0.04305936305934238, -0.001144882644252892, -1.787558113504856, 1.7747772987813182
flux1:, 1.4043773822154113, 0.04360021803288535, 0.04376961725493667, -0.0012016427863417345, -1.788311165303829, 1.7754638486212349
flux1:, 1.4053597390860153, 0.04430391565323854, 0.04448064692549736, -0.0012590516146274914, -1.789162119871744, 1.7762537610680649
flux1:, 1.406342095956619, 0.045007983516646366, 0.04519207391418907, -0.0013170905174124644, -1.7901429846631531, 1.7771790448216993
flux1:, 1.407324452827223, 0.045712039464399216, 0.04590350867821578, -0.001375743206454521, -1.7912855916539048, 1.7782715238294184
flux1:, 1.408306809697827, 0.04641569024221903, 0.04661455049359943, -0.0014349957518828061, -1.792621500251475, 1.7795627403304433
flux1:, 1.409289166568431, 0.04711853172437832, 0.04732478769141504, -0.0014948365983601163, -1.7941818997577594, 1.7810838574759267
flux1:, 1.410271523439035, 0.04782014916924783, 0.04803379792563869, -0.0015552565621848099, -1.795997511667533, 1.7828655618082496
flux1:, 1.4112538803096388, 0.04852011750643915, 0.04874114847274952, -0.0016162488091279882, -1.798098492095478, 1.78493796588991
flux1:, 1.4122362371802428, 0.04921800165555157, 0.04944639656306837, -0.0016778088129132962, -1.8005143346226276, 1.7873305113732767
flux1:, 1.4132185940508468, 0.04991335687647873, 0.05014908974375805, -0.0017399342943554585, -1.803273773857919, 1.7900718728048999
flux1:, 1.4142009509214508, 0.05060572915110808, 0.05084876627329204, -0.001802625141289089, -1.8064046900102468, 1.7931898624586293
flux1:, 1.4151833077920548, 0.05129465559616121, 0.05154495554711201, -0.001865883309527352, -1.8099340147664527, 1.796711336492478
flux1:, 1.4161656646626586, 0.051979664906815104, 0.05223717855408304, -0.0019297127052064818, -1.8138876387707699, 1.8006621027226988
flux1:, 1.4171480215332626, 0.05266027783064273, 0.052924948363259346, -0.0019941190489804854, -1.8182903209980086, 1.8050668303066368
flux1:, 1.4181303784038666, 0.05333600767133072, 0.053607770640388276, -0.002059109722642019, -1.8231656003112553, 1.8099489616234157
flux1:, 1.4191127352744706, 0.0540063608215005, 0.05428514419345034, -0.002124693598853078, -1.8285357094904642, 1.8153306266380425
flux1:, 1.4200950921450746, 0.05467083732389822, 0.054956561546474283, -0.0021908808547733832, -1.8344214920140403, 1.8212325600288906
flux1:, 1.4210774490156786, 0.05532893146009318, 0.05562150954073696, -0.002257682770476315, -1.840842321869504, 1.8276740213543239
flux1:, 1.4220598058862823, 0.05598013236573766, 0.05627946996237497, -0.0023251115131425297, -1.8478160266639787, 1.834672718526982
flux1:, 1.4230421627568863, 0.05662392467136523, 0.056929920195356906, -0.00239317990810831, -1.8553588142958755, 1.8422447348562947
flux1:, 1.4240245196274903, 0.057259789167585846, 0.05757233389864898, -0.0024619011979415397, -1.8634852034436438, 1.850404459913098
flux1:, 1.4250068764980943, 0.05788720349345454, 0.05820618170632453, -0.00253128879079463, -1.8722079581148139, 1.859164524459736
flux1:, 1.4259892333686983, 0.05850564284674028, 0.05883093194931774, -0.0026013559993623833, -1.8815380264928778, 1.8685357396796984
flux1:, 1.4269715902393023, 0.059114580714683625, 0.059446051397387165, -0.0026721157718421454, -1.8914844843042806, 1.8785270409297385
flux1:, 1.427953947109906, 0.05971348962378228, 0.060051006019802705, -0.002743580416354741, -1.9020544829190555, 1.889145436226296
flux1:, 1.42893630398051, 0.06030184190709512, 0.0606452617632252, -0.0028157613203417227, -1.9132532023862212, 1.9003959596650635
flux1:, 1.429918660851114, 0.06087911048742509, 0.06122828534511462, -0.0028886686664989715, -1.9250838095897775, 1.912281629959833
flux1:, 1.430901017721718, 0.06144476967472782, 0.061799545060995026, -0.0029623111468469283, -1.9375474216993522, 1.9248034142730768
flux1:, 1.431883374592322, 0.06199829597600607, 0.06235851160381435, -0.0030366956765676602, -1.9506430750743893, 1.9379601974954737
flux1:, 1.4328657314629258, 0.06253916891590279, 0.06290465889359348, -0.0031118271092599203, -1.9643676997651653, 1.9517487571177474
flux1:, 1.4338480883335298, 0.0630668718661556, 0.06343746491550903, -0.0031877079552774146, -1.9787160997388675, 1.9661637438212178
flux1:, 1.4348304452041338, 0.06358089288201009, 0.06395641256449065, -0.003264338104816778, -1.9936809389418335, 1.981197667897571
flux1:, 1.4358128020747378, 0.06408072554369076, 0.06446099049441502, -0.003341714557418211, -2.009252733293189, 1.9968408915928335
flux1:, 1.4367951589453418, 0.06456586980094932, 0.06495069396990384, -0.0034198311595269835, -2.0254198486872217, 2.0130816274509753
flux1:, 1.4377775158159456, 0.0650358328187067, 0.06542502571872538, -0.0034986783517377347, -2.042168505064217, 2.0299059427168964
flux1:, 1.4387598726865496, 0.06549012982178437, 0.06588349678278695, -0.003578242927314569, -2.059482786591689, 2.0472977698405606
flux1:, 1.4397422295571536, 0.06592828493668708, 0.06632562736566655, -0.003658507803534645, -2.077344657979588, 2.0652389231038804
flux1:, 1.4407245864277576, 0.06634983202839938, 0.06675094767463986, -0.0037394518073542095, -2.095733986934273, 2.0837091213759997
flux1:, 1.4417069432983616, 0.06675431553017144, 0.06715899875516546, -0.0038210494768374215, -2.1146285727376344, 2.1026860169821653
flux1:, 1.4426893001689653, 0.0671412912642195, 0.06754933331575219, -0.0039032708797188988, -2.1340041809185646, 2.122145230653123
flux1:, 1.4436716570395693, 0.06751032725135196, 0.06792151654121013, -0.003986081450398952, -2.1538345839655135, 2.142060392503677
flux1:, 1.4446540139101733, 0.06786100450746137, 0.06827512689222358, -0.0040694418465843304, -2.174091608009116, 2.162403188968536
flux1:, 1.4456363707807773, 0.06819291782492944, 0.06860975688928928, -0.004153307826700688, -2.19474518538608, 2.183143415607348
flux1:, 1.4466187276513813, 0.06850567653693478, 0.06892501387900928, -0.004237630149104189, -2.2157634129756696, 2.2042490356692572
flux1:, 1.447601084521985, 0.06879890526276339, 0.06922052078083796, -0.004322354494018592, -2.2371126161828343, 2.2256862442909835
flux1:, 1.448583441392589, 0.0690722446322014, 0.06949591681236417, -0.004407421409014582, -2.2587574184218644, 2.247419538182659
flux1:, 1.449565798263193, 0.06932535198717193, 0.06975085819129227, -0.004492766278736251, -2.2806608159384405, 2.2694117906394506
flux1:, 1.450548155133797, 0.06955790205880864, 0.06998501881231997, -0.004578319319461635, -2.3027842577888253, 2.2916243316962577
flux1:, 1.451530512004401, 0.06976958761822792, 0.0701980908971795, -0.004664005598960408, -2.3250877307785105, 2.3140170332303995
flux1:, 1.4525128688750049, 0.06996012009931306, 0.07038978561616038, -0.004749745081991574, -2.3475298491457184, 2.3365483987945748
flux1:, 1.4534952257456089, 0.07012923019189804, 0.07055983367951278, -0.004835452701652044, -2.37006794875829, 2.359175657952301
flux1:, 1.4544775826162128, 0.07027666840379844, 0.07070798589718325, -0.004921038456659887, -2.3926581855785694, 2.3818548648667246
flux1:, 1.4554599394868168, 0.0704022055902397, 0.07083401370544684, -0.005006407534527754, -2.4152556381338077, 2.404541000884722
flux1:, 1.4564422963574208, 0.07050563344927845, 0.0709377096590401, -0.005091460460447029, -2.4378144137179145, 2.4271880808380724
flux1:, 1.4574246532280246, 0.07058676498192777, 0.07101888788751877, -0.005176093271575124, -2.4602877580343985, 2.449749262775316
flux1:, 1.4584070100986286, 0.07064543491576578, 0.07107738451463332, -0.005260197716290902, -2.4826281679803714, 2.4721769608217965
flux1:, 1.4593893669692326, 0.07068150009092201, 0.07111305803962936, -0.005343661477849412, -2.5047875072574306, 2.4944229608558657
flux1:, 1.4603717238398366, 0.07069483980740174, 0.07112578967944964, -0.0054263684217488554, -2.526717124486958, 2.5164385386776185
flux1:, 1.4613540807104406, 0.07068535613283126, 0.07111548367093573, -0.005508198865992706, -2.548367973495235, 2.5381745803365474
flux1:, 1.4623364375810444, 0.07065297416981219, 0.07108206753223438, -0.0055890298733186575, -2.5696907354271246, 2.559581704276867
flux1:, 1.4633187944516486, 0.07059764228214559, 0.07102549228268691, -0.005668735564342723, -2.5906359423378125, 2.580610384950997
flux1:, 1.4643011513222524, 0.0705193322793313, 0.07094573262062509, -0.005747187450467092, -2.6111541019069517, 2.6012110775439137
flux1:, 1.4652835081928564, 0.07041803955883243, 0.07084278705858266, -0.005824254785285689, -2.6311958229134977, 2.6213343434490635
flux1:, 1.4662658650634603, 0.07029378320569786, 0.07071667801553386, -0.005899804933132518, -2.650711941104135, 2.6409309761285584
flux1:, 1.4672482219340643, 0.07014660604927786, 0.0705674518659144, -0.005973703753319529, -2.669653645088385, 2.659952126988932
flux1:, 1.4682305788046683, 0.06997657467684242, 0.07039517894525664, -0.006045815998529535, -2.6879726018878545, 2.678349430903127
flux1:, 1.4692129356752721, 0.06978377940403195, 0.07019995351238584, -0.006116005725752388, -2.705621081768713, 2.6960751310063458
flux1:, 1.470195292545876, 0.06956833420221104, 0.06998189366827257, -0.006184136718082066, -2.722552081987084, 2.7130822023955816
flux1:, 1.47117764941648, 0.06933037658284955, 0.0697411412316852, -0.006250072915632527, -2.738719449078036, 2.729324474364341
flux1:, 1.472160006287084, 0.069070067439214, 0.069477861571948, -0.00631367885377871, -2.754077999322201, 2.744756750806882
flux1:, 1.473142363157688, 0.0687875908457428, 0.06919224339920023, -0.006374820106882575, -2.7685836370290837, 2.75933492843046
flux1:, 1.4741247200282919, 0.06848315381557546, 0.0688844985126465, -0.006433363735632642, -2.7821934702810216, 2.773016112420521
flux1:, 1.4751070768988959, 0.06815698601682216, 0.06855486150740989, -0.006489178736099815, -2.794865923788898, 2.7857587292096193
flux1:, 1.4760894337694999, 0.06780933944826734, 0.06820358944070011, -0.006542136488594191, -2.8065608485187408, 2.797522636009588
flux1:, 1.4770717906401039, 0.06744048807527987, 0.06783096145809442, -0.00659211120440416, -2.817239627757587, 2.8082692267755207
flux1:, 1.4780541475107078, 0.06705072742682949, 0.06743727838084955, -0.006638980368498598, -2.826865279297324, 2.817961534280515
flux1:, 1.4790365043813116, 0.06664037415456697, 0.06702286225522502, -0.0066826251762897295, -2.8354025534271696, 2.826564327991404
flux1:, 1.4800188612519156, 0.06620976555505957, 0.06658805586493269, -0.0067229309625703735, -2.842818026437493, 2.8340442074494434
flux1:, 1.4810012181225196, 0.06575925905631712, 0.06613322220786438, -0.006759787620775408, -2.8490801893518376, 2.840369690871715
flux1:, 1.4819835749931236, 0.06528923166986277, 0.06565874393837776, -0.006793090010752553, -2.8541595316188153, 2.845511298706049
flux1:, 1.4829659318637276, 0.06480007940965218, 0.06516502277645865, -0.006822738353279092, -2.8580286195109834, 2.849441631886778
flux1:, 1.4839482887343314, 0.06429221667924977, 0.06465247888519382, -0.006848638609616451, -2.8606621689946246, 2.8521354445538294
flux1:, 1.4849306456049354, 0.06376607562871595, 0.06412155021802372, -0.006870702844459695, -2.862037112851695, 2.853569711018872
flux1:, 1.4859130024755394, 0.06322210548273552, 0.0635726918373258, -0.0068888495707131875, -2.8621326618537384, 2.8537236867770903
flux1:, 1.4868953593461434, 0.06266077184158865, 0.06300637520594758, -0.006903004074600995, -2.860930359806765, 2.852578963383625
flux1:, 1.4878777162167474, 0.06208255595658821, 0.06242308745333153, -0.0069130987197116136, -2.858414132304648, 2.850119517033796
flux1:, 1.4888600730873511, 0.061487953981719246, 0.061823330617983764, -0.006919073228665272, -2.854570329050636, 2.846331750705396
flux1:, 1.4898424299579551, 0.06087747620317694, 0.06120762086800026, -0.006920874941197386, -2.8493877596266484, 2.8412045297429884
flux1:, 1.4908247868285591, 0.06025164624863414, 0.06057648770149588, -0.006918459047550466, -2.842857722609922, 2.834729210786384
flux1:, 1.4918071436991631, 0.05961100027802132, 0.059930473128736374, -0.006911788796180984, -2.8349740279604916, 2.826899663963715
flux1:, 1.4927895005697671, 0.058956086157694675, 0.05927013083786008, -0.006900835674901445, -2.8257330126244065, 2.817712288296296
flux1:, 1.4937718574403709, 0.058287462619847026, 0.05859602534606145, -0.006885579564690516, -2.8151335493176606, 2.807166020280273
flux1:, 1.4947542143109749, 0.057605698409066916, 0.05790873113814998, -0.0068660088655339326, -2.8031770484804426, 2.7952623356351043
flux1:, 1.4957365711815789, 0.056911371417944, 0.057208831794398715, -0.006842120593772159, -2.7898674534133217, 2.782005244229904
flux1:, 1.4967189280521829, 0.05620506781364322, 0.05649691910961261, -0.006813920450562983, -2.775211228627594, 2.767401278221614
flux1:, 1.4977012849227869, 0.05548738115735282, 0.05577359220533376, -0.006781422861190685, -2.7592173414655994, 2.751459473460099
flux1:, 1.4986836417933906, 0.054758911518531336, 0.05503945663711809, -0.006744650985079822, -2.741897237068968, 2.734191344239048
flux1:, 1.4996659986639946, 0.054020264585854, 0.05429512349879135, -0.0067036366964980795, -2.7232648067921312, 2.715610851491022
flux1:, 1.5006483555345986, 0.05327205077675237, 0.05354120852558644, -0.006658420536060533, -2.7033363501830108, 2.695734364547388
flux1:, 1.5016307124052026, 0.0525148843474232, 0.052778331198045855, -0.00660905163327037, -2.682130530670559, 2.674580616604952
flux1:, 1.5026130692758066, 0.05174938250515627, 0.052007113848543327, -0.006555587600453174, -2.6596683251200597, 2.6521706540601273
flux1:, 1.5035954261464104, 0.05097616452480771, 0.051228180772257784, -0.006498094398564526, -2.6359729674374512, 2.628527779892381
flux1:, 1.5045777830170146, 0.05019585087121226, 0.05044215734439614, -0.006436646175463896, -2.611069886421727, 2.603677491296121
flux1:, 1.5055601398876184, 0.04940906232928124, 0.04964966914541662, -0.006371325077365581, -2.5849866380829702, 2.5776474117803647
flux1:, 1.5065424967582224, 0.048616419143508456, 0.0488513410959762, -0.0063022210342814815, -2.5577528326606487, 2.550467217969799
flux1:, 1.5075248536288264, 0.047818540168547384, 0.04804779660326822, -0.006229431520379755, -2.5294000565931056, 2.522168561360643
flux1:, 1.5085072104994304, 0.047016042032485106, 0.0472396567203762, -0.006153061290279745, -2.4999617897060746, 2.492784985297701
flux1:, 1.5094895673700344, 0.04620953831436744, 0.04642753932019911, -0.006073222092396517, -2.4694733178984185, 2.4623518374529247
flux1:, 1.5104719242406381, 0.0453996387374971, 0.045612058285469596, -0.005990032360541077, -2.437971641621963, 2.4309061781026418
flux1:, 1.5114542811112421, 0.04458694837995132, 0.04479382271630925, -0.005903616885056117, -2.4054953804592065, 2.398486684507587
flux1:, 1.5124366379818461, 0.04377206690370139, 0.04397343615670318, -0.005814106464851757, -2.3720846741183688, 2.365133551715344
flux1:, 1.5134189948524501, 0.04295558780367162, 0.043151495841227745, -0.0057216375417601635, -2.337781080169687, 2.330888390111795
flux1:, 1.5144013517230541, 0.0421380976779701, 0.04232859196326119, -0.005626351818706097, -2.3026274688620036, 2.2957941200580523
flux1:, 1.515383708593658, 0.04132017552049821, 0.04150530696587927, -0.005528395863226367, -2.266667915358547, 2.259894863955193
flux1:, 1.516366065464262, 0.0405023920370365, 0.040682214856530716, -0.005427920697927885, -2.229947589743, 2.2232358360870528
flux1:, 1.5173484223348659, 0.03968530898585401, 0.03985988054653268, -0.0053250813795095425, -2.192512645147432, 2.1858632305939305
flux1:, 1.5183307792054699, 0.038869478543800996, 0.03903885921634217, -0.005220036568001766, -2.154410104359479, 2.1478241079341442
flux1:, 1.5193131360760739, 0.0380554426987661, 0.038219695707477463, -0.005112948087900933, -2.115687745266045, 2.109166280192463
flux1:, 1.5202954929466777, 0.037243732669321246, 0.03740292394190593, -0.005003980482891133, -2.0763939854935844, 2.0699381955950127
flux1:, 1.5212778498172816, 0.03643486835226905, 0.03658906636960705, -0.004893300565852261, -2.0365777666015927, 2.0301888225888307
flux1:, 1.5222602066878856, 0.03562935779875378, 0.03577863344496287, -0.004781076965852852, -1.9962884381875006, 1.9899675338429714
flux1:, 1.5232425635584896, 0.034827696719505745, 0.03497212313253945, -0.00466747967381598, -1.9555756422533412, 1.9493239905245587
flux1:, 1.5242249204290936, 0.03403036801970749, 0.03417002044273729, -0.004552679588534839, -1.914489198185084, 1.9083080271978017
flux1:, 1.5252072772996974, 0.03323784136390775, 0.03337279699773007, -0.0044368480646859235, -1.8730789886846293, 1.8669695376896998
flux1:, 1.5261896341703014, 0.032450572771300666, 0.03258091062799909, -0.004320156464463136, -1.831394846991196, 1.8253583622564888
flux1:, 1.5271719910409054, 0.031669004241645586, 0.03179480499973025, -0.004202775714415458, -1.7894864457189996, 1.7835241763804879
flux1:, 1.5281543479115094, 0.03089356341199453, 0.031014909273230456, -0.004084875869029193, -1.7474031876284895, 1.7415163815125387
flux1:, 1.5291367047821134, 0.03012466324433986, 0.03024163779246691, -0.003966625682546593, -1.7051940986388432, 1.6993839980699441
flux1:, 1.5301190616527172, 0.02936270174420574, 0.029475389805743216, -0.003848192190455888, -1.6629077233776435, 1.6571755609842909
flux1:, 1.5311014185233212, 0.028608061710147122, 0.02871654921746544, -0.0037297403020283807, -1.6205920235505988, 1.6149390180835337
flux1:, 1.5320837753939252, 0.027861110514031236, 0.02796548437086317, -0.0036114324052123246, -1.5782942794021235, 1.572721631577529
flux1:, 1.5330661322645291, 0.027122199911929077, 0.027222547861483804, -0.0034934279851209916, -1.536060994521982, 1.530569882904106
flux1:, 1.5340484891351331, 0.026391665885353827, 0.026488076381185235, -0.0033758832572803286, -1.4939378042392972, 1.4885293811749238
flux1:, 1.535030846005737, 0.02566982851253553, 0.025762390592307127, -0.0032589508167200254, -1.4519693878290438, 1.4466447754475071
flux1:, 1.536013202876341, 0.024956991869345743, 0.02504579503162402, -0.00314277930391258, -1.41019938473963, 1.4049596710314267
flux1:, 1.536995559746945, 0.024253443959437748, 0.024338578043635366, -0.0030275130884771274, -1.3686703150342672, 1.3635165500206343
flux1:, 1.537977916617549, 0.023559456673093157, 0.02364101174267303, -0.00291329197148024, -1.3274235042199285, 1.3223566962263287
flux1:, 1.538960273488153, 0.022875285774228003, 0.022953352003269797, -0.002800250907072941, -1.2864990126213316, 1.2815201246662102
flux1:, 1.5399426303587567, 0.02220117091494595, 0.022275838478165975, -0.0026885197441165708, -1.2459355694386165, 1.241045515750136
flux1:, 1.5409249872293607, 0.021537335676980962, 0.021608694643286536, -0.002578222988353358, -1.205770511608892, 1.2009701542795743
flux1:, 1.5419073440999647, 0.020883987639324034, 0.020952127868974067, -0.00246947958558828, -1.166039727573752, 1.1613298733650583
flux1:, 1.5428897009705687, 0.020241318471288697, 0.02030632951672194, -0.0023624027262534766, -1.1267776060357604, 1.1221590033416804
flux1:, 1.5438720578411727, 0.019609504050222614, 0.019671475060606385, -0.002257099671636133, -1.0880169897689085, 1.0834903257487032
flux1:, 1.5448544147117764, 0.018988704603035117, 0.019047724232577248, -0.0021536716019558066, -1.049789134528199, 1.0453550324173737
flux1:, 1.5458367715823806, 0.018379064870683335, 0.018435221190741886, -0.002052213486388968, -1.012123673087185, 1.007782689694409
flux1:, 1.5468191284529844, 0.017780714294724526, 0.01783409470974025, -0.0019528139750474341, -0.9750485844113617, 0.970801207809579
flux1:, 1.5478014853235884, 0.017193767225002047, 0.017244458392270585, -0.0018555553128303264, -0.938590167959971, 0.9344368153780997
flux1:, 1.5487838421941924, 0.016618323147528112, 0.016666410900820366, -0.001760513274984234, -0.9027730230892468, 0.898714039010723
flux1:, 1.5497661990647964, 0.016054466931592116, 0.01610003620862335, -0.0016677571241233262, -0.8676200335138984, 0.8636556879876109
flux1:, 1.5507485559354004, 0.015502269095099025, 0.015545403868839326, -0.0015773495883813205, -0.8331523567668843, 0.8292828439347795
flux1:, 1.5517309128060042, 0.014961786087139769, 0.015002569300951073, -0.0014893468602909649, -0.7993894185810548, 0.7956148554261407
flux1:, 1.5527132696766082, 0.014433060586776002, 0.014471574093354016, -0.0014037986159142573, -0.7663489121007739, 0.7626693374187364
flux1:, 1.5536956265472122, 0.01391612181700692, 0.013952446321099016, -0.0013207480536764882, -0.7340468018170956, 0.7304621754132969
flux1:, 1.5546779834178162, 0.013410985872890581, 0.01344520087775443, -0.0012402319522927512, -0.7024973321054714, 0.6990075342186656
flux1:, 1.5556603402884202, 0.012917656062773975, 0.012949839820335514, -0.0011622807471152552, -0.6717130402316892, 0.668317871184945
flux1:, 1.556642697159024, 0.01243612326159976, 0.012466352726263001, -0.0010869186241714685, -0.6417047736791438, 0.6384039537575459
flux1:, 1.557625054029628, 0.011966366275245666, 0.011994717061301355, -0.0010141636311138279, -0.6124817116388526, 0.6092748811924759
flux1:, 1.558607410900232, 0.01150835221486604, 0.011534898557441001, -0.0009440278042522411, -0.5840513904923021, 0.5809381102627704
flux1:, 1.559589767770836, 0.011062036880206207, 0.01108685159969025, -0.0008765173107994837, -0.5564197331076556, 0.5533994847752027
flux1:, 1.56057212464144, 0.010627365150873229, 0.010650519620755701, -0.0008116326054219903, -0.5295910817605827, 0.5266632687078739
flux1:, 1.5615544815120437, 0.01020427138455462, 0.01022583550259882, -0.0007493686001551747, -0.5035682344823149, 0.5007321827708235
flux1:, 1.5625368383826477, 0.009792679821193539, 0.009812721983872825, -0.0006897148467158343, -0.4783524846311461, 0.4756074441848538
flux1:, 1.5635191952532517, 0.009392504992143839, 0.009411092072259989, -0.0006326557302205495, -0.4539436634767717, 0.45128880946725897
flux1:, 1.5645015521238557, 0.009003652133342697, 0.00902084946074354, -0.0005781706733013559, -0.4303401855813583, 0.42777462000783395
flux1:, 1.5654839089944597, 0.008626017601566801, 0.008641888946877294, -0.0005262343495979586, -0.40753909675767436, 0.40506185021472
flux1:, 1.5664662658650634, 0.008259489292849054, 0.008274096854127225, -0.0004768169055955626, -0.3855361243804112, 0.38314615800565854
flux1:, 1.5674486227356674, 0.007903947062166499, 0.007917351454393283, -0.00042988418977579925, -0.36432572982480377, 0.36202193741819316
flux1:, 1.5684309796062714, 0.007559263143527529, 0.007571523390837578, -0.0003853979880488108, -0.3439011628053389, 0.34168237311108285
flux1:, 1.5694133364768754, 0.007225302569615295, 0.007236476100173846, -0.0003433162644389451, -0.32425451738634176, 0.3221194965281631
flux1:, 1.5703956933474794, 0.006901923590172694, 0.006912066233602355, -0.0003035934060078848, -0.30537678943685065, 0.3033242434967724
flux1:, 1.5713780502180832, 0.006588978088344191, 0.006598144075603879, -0.0002661804710118455, -0.28725793530359073, 0.28528651303398406
flux1:, 1.5723604070886872, 0.006286311994214564, 0.006294553959832421, -0.0002310254393074518, -0.26988693147742504, 0.2679952271358809
flux1:, 1.5733427639592912, 0.005993765694823242, 0.006001134681384112, -0.00019807346404301669, -0.25325183503228343, 0.25143839132830587
flux1:, 1.5743251208298952, 0.005711174439955272, 0.0057177199047432565, -0.00016726712369603136, -0.23733984461849525, 0.23560315576107882
flux1:, 1.5753074777004992, 0.005438368743054101, 0.005444138566750266, -0.00013854667354663104, -0.2221373617976853, 0.22047587663231566
flux1:, 1.576289834571103, 0.005175174776622442, 0.005180215273958029, -0.0001118502957079787, -0.2076300525108746, 0.20604217773468203
flux1:, 1.577272191441707, 0.00492141476151703, 0.004925770693782463, -8.711434686874857e-05, -0.1938029084777485, 0.1922870119211205
flux1:, 1.578254548312311, 0.004676907349582074, 0.004680621938892858, -6.427360293934452e-05, -0.18064030833142206, 0.17919472229456165
flux1:, 1.579236905182915, 0.004441467999086483, 0.004444582944307411, -4.3261499832667285e-05, -0.16812607829984577, 0.16674910293263467
flux1:, 1.580219262053519, 0.00421490934247878, 0.004217464836709067, -2.401036965153741e-05, -0.1562435522529433, 0.1549334589666047
flux1:, 1.5812016189241227, 0.003997041546000018, 0.003999076295522707, -6.451671597294475e-06, -0.14497563094252125, 0.1437306658415323
flux1:, 1.5821839757947267, 0.0037876726607284465, 0.0037892239053288843, 9.483783041092764e-06, -0.13430484027032094, 0.13312322759335232
flux1:, 1.5831663326653307, 0.0035866089646733536, 0.003587712499232752, 2.386561241267379e-05, -0.1242133884289302, 0.12309333398762064
flux1:, 1.5841486895359347, 0.003393655295552622, 0.00339434549282435, 3.676365269356271e-05, -0.11468322176908075, 0.11362291637369959
flux1:, 1.5851310464065387, 0.0032086153739437177, 0.003208925208421498, 4.8247754240089344e-05, -0.1056960792567411, 0.10469370211816972
flux1:, 1.5861134032771425, 0.003031292116509981, 0.003031253189299152, 5.8387585759435336e-05, -0.09723354539301686, 0.09628726749061546
flux1:, 1.5870957601477467, 0.002861487939052229, 0.0028611305036569433, 6.725244690244791e-05, -0.08927710147994963, 0.08838508888536149
flux1:, 1.5880781170183504, 0.0026990050491608963, 0.0026983580381022723, 7.491108963525518e-05, -0.08180817512539493, 0.08096859227262417
flux1:, 1.5890604738889544, 0.00254364572827507, 0.0025427367804574095, 8.143154869796697e-05, -0.07480818789032752, 0.0740192007828729
flux1:, 1.5900428307595584, 0.00239521260299037, 0.002394068091734726, 8.688098141136185e-05, -0.06825860099230599, 0.06751838033856933
flux1:, 1.5910251876301624, 0.002253508905483328, 0.0022521539671500656, 9.132551704516544e-05, -0.06214095898897406, 0.06144768325759185
flux1:, 1.5920075445007664, 0.002118338722949848, 0.0021167972860741337, 9.483011591510688e-05, -0.05643693137573079, 0.05578878976300858
flux1:, 1.5929899013713702, 0.0019895072359874836, 0.001987802050854107, 9.745843833119277e-05, -0.05112835204183712, 0.050523547343940864
flux1:, 1.5939722582419742, 0.0018668209458739197, 0.0018649736144603398, 9.927272347486503e-05, -0.04619725653922773, 0.045634007922323507
flux1:, 1.5949546151125782, 0.001750087890724073, 0.0017481188969430204, 0.00010033367824021954, -0.04162591712810197, 0.04110246279017296
flux1:, 1.5959369719831822, 0.001639117850532289, 0.001637046590707952, 0.00010070037603334919, -0.03739687557297439, 0.03691147529160434
flux1:, 1.5969193288537862, 0.0015337225411319515, 0.0015315673546461978, 0.00010043016548397125, -0.03349297367230343, 0.033043911233275346
flux1:, 1.59790168572439, 0.0014337157971267703, 0.0014314939971746326, 9.957858898551248e-05, -0.029897381513836203, 0.029482967015960863
flux1:, 1.598884042594994, 0.0013389137438720032, 0.0013366416482681117, 9.819931094389868e-05, -0.026593623456668724, 0.026212195488844854
flux1:, 1.599866399465598, 0.0012491349586054485, 0.0012468279205858548, 9.6344055581164e-05, -0.02356560184945704, 0.023215529536525746
flux1:, 1.600848756336202, 0.0011642006208462245, 0.0011618730598126066, 9.406255410779465e-05, -0.020797618502311887, 0.020477303416858918
flux1:, 1.601831113206806, 0.001083934652202017, 0.0010816000843578975, 9.140250104785737e-05, -0.01827439393762676, 0.01798227187544839
flux1:, 1.6028134700774097, 0.0010081638457392337, 0.001005834914570459, 8.840951947295592e-05, -0.015981084452448068, 0.01571562706996138
flux1:, 1.6037958269480137, 0.0009367179850919699, 0.0009344064916462669, 8.512713487573348e-05, -0.013903297031828828, 0.01366301334426992
flux1:, 1.6047781838186177, 0.0008694299534994185, 0.0008671468864224181, 8.159675738993191e-05, -0.012027102159145483, 0.011810539898940644
flux1:, 1.6057605406892217, 0.0008061358329731652, 0.000803891398260806, 7.785767204312816e-05, -0.01033904457529322, 0.010144791410519854
flux1:, 1.6067428975598257, 0.0007466749938169747, 0.0007444786442467119, 7.394703670931792e-05, -0.00882615204431377, 0.00865283665769041
flux1:, 1.6077252544304295, 0.0006908901747247749, 0.0006887506389304527, 6.989988741186818e-05, -0.0074759421880476965, 0.007322235217386181
flux1:, 1.6087076113010335, 0.0006386275537018682, 0.0006365528648595729, 6.574915061299878e-05, -0.006276427457048546, 0.00614104229858797
flux1:, 1.6096899681716375, 0.0005897368100602287, 0.000587734334154761, 6.152566211403365e-05, -0.0052161183091607236, 0.005097811785661175
flux1:, 1.6106723250422414, 0.0005440711777489628, 0.0005421476413929185, 5.725819218021527e-05, -0.004284024670828017, 0.004181597566740946
flux1:, 1.6116546819128454, 0.0005014874902897677, 0.0004996490080694835, 5.2973476496501194e-05, -0.0034696557594247356, 0.0033819532258741744
flux1:, 1.6126370387834492, 0.0004618462175942891, 0.0004600983189190933, 4.8696252554705227e-05, -0.002763018347652026, 0.002688930180349199
flux1:, 1.6136193956540532, 0.00042501149494547744, 0.00042335915037887255, 4.444930106878902e-05, -0.002154613553314736, 0.0020930743468944163
flux1:, 1.6146017525246572, 0.0003908511444312966, 0.0003892987914847609, 4.025349201308087e-05, -0.0016354322396632593, 0.0015854214222729285
flux1:, 1.6155841093952612, 0.00035923668912320146, 0.0003577882574953423, 3.6127834878385604e-05, -0.001196949112872812, 0.0011574908651509534
flux1:, 1.6165664662658652, 0.0003300433602947769, 0.00032870229654052336, 3.208953274291751e-05, -0.0008311156042018096, 0.0008012786670715459
flux1:, 1.617548823136469, 0.0003031500979781475, 0.0003019193895945691, 2.8154039758176408e-05, -0.0005303516249413535, 0.0005092490008991612
flux1:, 1.618531180007073, 0.0002784395451582136, 0.0002773217440753776, 2.433512165548094e-05, -0.0002875362824249152, 0.00027432483523182104
flux1:, 1.619513536877677, 0.00025579803590544654, 0.0002547952813724883, 2.0644918885046392e-05, -9.599764516864725e-05, 8.987760305162722e-05
flux1:, 1.620495893748281, 0.00023511557774621785, 0.00023422961860449778, 1.7094012007957016e-05, 5.049835541499816e-05, -5.028398777115646e-05
flux1:, 1.621478250618885, 0.00021628582857234003, 0.00021551804490915936, 1.3691488970413945e-05, 0.00015775980015287705, -0.0001519259154049192
flux1:, 1.6224606074894887, 0.0001992060683858053, 0.00019855749256373633, 1.044501390054823e-05, 0.0002311813488568965, -0.00022040149105421016
flux1:, 1.6234429643600927, 0.00018377716617658254, 0.0001832485032349227, 7.360897079330518e-06, 0.00027575741491158226, -0.00026066460817324296
flux1:, 1.6244253212306967, 0.00016990354222565972, 0.00016949518965194446, 4.444165750061366e-06, 0.0002960958658459515, -0.00027728351198094475
flux1:, 1.6254076781013007, 0.0001574931261236508, 0.00015720519299450118, 1.6986354443200365e-06, 0.0002964321701238062, -0.00027445500946981236
flux1:, 1.6263900349719047, 0.00014645731079080356, 0.00014628963628264885, -8.730184834000098e-07, 0.00028064391272865884, -0.00025601904248095074
flux1:, 1.6273723918425085, 0.0001367109027799817, 0.00013666307405141282, -3.2691894052751607e-06, 0.00025226560469902024, -0.00022547354900940208
flux1:, 1.6283547487131127, 0.00012817206913918653, 0.00012824343858781981, -5.489268331273589e-06, 0.0002145037145418983, -0.00018598954071210368
flux1:, 1.6293371055837165, 0.00012076228110472678, 0.00012095198300253686, -7.533573443028668e-06, 0.00017025185237453267, -0.00014042632752373006
flux1:, 1.6303194624543205, 0.00011440625489025723, 0.00011471322140233478, -9.403280495507905e-06, 0.00012210604079891533, -9.13468234676044e-05
flux1:, 1.6313018193249245, 0.00010903188983115523, 0.00010945486642378008, -1.1100354314744984e-05, 7.238000964512859e-05, -4.103287090062601e-05
flux1:, 1.6322841761955285, 0.00010457020413632913, 0.00010510776438113739, -1.2627481603134057e-05, 2.3120455165640593e-05, 8.499476108739376e-06
flux1:, 1.6332665330661325, 0.00010095526849360938, 0.00010160582827542419, -1.398800524685862e-05, -2.387779238161589e-05, 5.54847651896926e-05
flux1:, 1.6342488899367362, 9.812413776708901e-05, 9.888596890375805e-05, -1.5185860303148464e-05, -6.705674530941425e-05, 9.839310826492871e-05
flux1:, 1.6352312468073402, 9.601678101752792e-05, 9.688802430078766e-05, -1.6225511828148218e-05, -0.00010508042821421888, 0.00013591534213879463
flux1:, 1.6362136036779442, 9.457601006954364e-05, 9.55546877365672e-05, -1.7111894689605665e-05, -0.00013682028626036107, 0.00016694843233111068
flux1:, 1.6371959605485482, 9.374740684137505e-05, 9.483143448724914e-05, -1.7850355492015318e-05, -0.00016134087387316984, 0.00019058116180254749
flux1:, 1.6381783174191522, 9.347924964493582e-05, 9.466644758681867e-05, -1.844659672577283e-05, -0.0001778858620803726, 0.0002060801426035973
flux1:, 1.639160674289756, 9.37224386561695e-05, 9.501054276037271e-05, -1.8906623235994047e-05, -0.00018586439922334838, 0.0002128761849589252
flux1:, 1.64014303116036, 9.443042074712604e-05, 9.58170927307676e-05, -1.9236691091314326e-05, -0.0001848378561773137, 0.00021055105470164622
flux1:, 1.641125388030964, 9.555911386337062e-05, 9.704195108262968e-05, -1.944325891807346e-05, -0.00017450698384363292, 0.0001988246465958192
flux1:, 1.642107744901568, 9.706683112167698e-05, 9.864337585900065e-05, -1.9532941750674834e-05, -0.00015469950717898187, 0.00017754259757691735
flux1:, 1.643090101772172, 9.891420479504866e-05, 0.00010058195305794206, -1.9512467435314216e-05, -0.00012535817678917282, 0.0001466643607041351
flux1:, 1.6440724586427757, 0.00010106411034340658, 0.00010282052018767463, -1.9388635610717533e-05, -8.652929584103256e-05, 0.00010625175733605793
flux1:, 1.6450548155133797, 0.00010348159064064977, 0.000105324090031155, -1.916827927705358e-05, -3.8351736956157394e-05, 5.6458021956216475e-05
flux1:, 1.6460371723839837, 0.00010613378053949175, 0.0001080597747616441, -1.8858228952088355e-05, 1.8953539316535813e-05, -2.4826489977126075e-06
flux1:, 1.6470195292545877, 0.00010898983190900425, 0.00011099671054432907, -1.846527940228998e-05, 8.50934556649236e-05, -7.026503575297558e-05
flux1:, 1.6480018861251917, 0.00011202083926972879, 0.00011410598274892075, -1.799615892603968e-05, 0.00015971227287377436, -0.00014652231556842063
flux1:, 1.6489842429957955, 0.00011519976614524382, 0.00011736055189219026, -1.7457501156084018e-05, 0.0002424005250145269, -0.00023083496171477213
flux1:, 1.6499665998663995, 0.00011850137223948298, 0.0001207351804197305, -1.6855819339170035e-05, 0.00033270343412124953, -0.00032273912045493775
flux1:, 1.6509489567370035, 0.00012190214154297012, 0.0001242063604301177, -1.619748304230542e-05, 0.0004301288058383649, -0.00042173446773697545
flux1:, 1.6519313136076075, 0.00012538021146212976, 0.0001277522424355722, -1.54886972273148e-05, 0.0005341544097189346, -0.0005272915494951679
flux1:, 1.6529136704782115, 0.00012891530305981242, 0.00013135256524720473, -1.473548362827316e-05, 0.0006442348499508998, -0.0006388586115514425
flux1:, 1.6538960273488152, 0.0001324886524868335, 0.00013498858706454005, -1.3943664360125725e-05, 0.0007598079340825803, -0.0007558679268930175
flux1:, 1.6548783842194192, 0.0001360829436778338, 0.00013864301784252228, -1.3118847681078543e-05, 0.0008803005492204411, -0.000877741629997282
flux1:, 1.6558607410900232, 0.00013968224237828416, 0.0001422999530026791, -1.2266415826466716e-05, 0.001005134056576186, -0.0010038970692702216
flux1:, 1.6568430979606272, 0.00014327193156154117, 0.00014594480854719546, -1.1391514827547858e-05, 0.0011337292168800395, -0.0011337516902955353
flux1:, 1.6578254548312312, 0.00014683864829028817, 0.00014956425763005757, -1.0499046224975708e-05, 0.0012655106602931598, -0.0012667274636993635
flux1:, 1.658807811701835, 0.00015037022206861356, 0.00015314616863132608, -9.593660583908349e-06, 0.0013999109157552992, -0.0014022548727274323
flux1:, 1.659790168572439, 0.00015385561472644715, 0.0001566795447760482, -8.679752715235869e-06, 0.0015363740155647345, -0.001539776476483734
flux1:, 1.660772525443043, 0.00015728486187126172, 0.00016015446533249636, -7.761458505649303e-06, 0.0016743586919741428, -0.0016787500657561485
flux1:, 1.661754882313647, 0.0001606490159372924, 0.00016356202841975406, -6.842653258272533e-06, 0.0018133411832309126, -0.001818651428988286
flux1:, 1.662737239184251, 0.0001639400908562613, 0.00016689429544838305, -5.926951444718249e-06, 0.0019528176671160876, -0.0019589767465740893
flux1:, 1.6637195960548548, 0.0001671510083694876, 0.0001701442372138061, -5.017707769469847e-06, 0.0020923063405197447, -0.002099244632122372
flux1:, 1.6647019529254587, 0.00017027554599576887, 0.00017330568165652087, -4.118019447793262e-06, 0.0022313491638981733, -0.002238997839636451
flux1:, 1.6656843097960627, 0.00017330828666473923, 0.00017637326329857306, -3.23072959921976e-06, 0.002369513289735086, -0.002377804655823982
flux1:, 1.6666666666666667, 0.00017624457002210535, 0.00017934237436243174, -2.3584316598341834e-06, 0.002506392194229064, -0.002515259996835404

Elapsed run time = 389.9987 s
