-----------
Initializing structure...
Padding x to even number of grid points.
Halving computational cell along direction x
Halving computational cell along direction z
time for choose_chunkdivision = 0.000637054 s
Working in 3D dimensions.
Computational cell is 12.4875 x 5.5875 x 4.125 with resolution 80
     block, center = (0,0.5475,0)
          size (1e+20,0.495,0.13)
          axes (1,0,0), (0,1,0), (0,0,1)
          dielectric constant epsilon diagonal = (4,4,4)
     block, center = (0,-0.5475,0)
          size (1e+20,0.495,0.13)
          axes (1,0,0), (0,1,0), (0,0,1)
          dielectric constant epsilon diagonal = (4,4,4)
     cylinder, center = (1.29643,0.5475,0)
          radius 0.1155, height 1e+20, axis (0, 0, 1)
          dielectric constant epsilon diagonal = (1,1,1)
     cylinder, center = (-1.29643,0.5475,0)
          radius 0.1155, height 1e+20, axis (0, 0, 1)
          dielectric constant epsilon diagonal = (1,1,1)
     cylinder, center = (1.62643,0.5475,0)
          radius 0.1155, height 1e+20, axis (0, 0, 1)
          dielectric constant epsilon diagonal = (1,1,1)
     cylinder, center = (-1.62643,0.5475,0)
          radius 0.1155, height 1e+20, axis (0, 0, 1)
          dielectric constant epsilon diagonal = (1,1,1)
     cylinder, center = (1.95643,0.5475,0)
          radius 0.1155, height 1e+20, axis (0, 0, 1)
          dielectric constant epsilon diagonal = (1,1,1)
     cylinder, center = (-1.95643,0.5475,0)
          radius 0.1155, height 1e+20, axis (0, 0, 1)
          dielectric constant epsilon diagonal = (1,1,1)
     cylinder, center = (0.127286,0.5475,0)
          radius 0.0891, height 1e+20, axis (0, 0, 1)
          dielectric constant epsilon diagonal = (1,1,1)
     cylinder, center = (-0.127286,0.5475,0)
          radius 0.0891, height 1e+20, axis (0, 0, 1)
          dielectric constant epsilon diagonal = (1,1,1)
     ...(+ 44 objects not shown)...
subpixel-averaging is 44.8179% done, 4.92524 s remaining
subpixel-averaging is 90.1523% done, 0.436964 s remaining
subpixel-averaging is 41.1399% done, 5.72311 s remaining
subpixel-averaging is 83.1392% done, 0.811294 s remaining
subpixel-averaging is 44.7774% done, 4.93365 s remaining
subpixel-averaging is 90.0713% done, 0.441007 s remaining
subpixel-averaging is 40.9854% done, 5.76077 s remaining
subpixel-averaging is 82.6371% done, 0.840593 s remaining
subpixel-averaging is 44.8077% done, 4.92783 s remaining
subpixel-averaging is 90.1422% done, 0.437504 s remaining
subpixel-averaging is 41.0916% done, 5.7347 s remaining
subpixel-averaging is 83.0427% done, 0.81688 s remaining
time for set_epsilon = 102.234 s
-----------
