-----------
Initializing structure...
Padding x to even number of grid points.
Halving computational cell along direction x
Halving computational cell along direction z
time for choose_chunkdivision = 0.000463009 s
Working in 3D dimensions.
Computational cell is 14.7 x 5.58 x 4.84 with resolution 50
     block, center = (0,0.556,0)
          size (1e+20,0.462,0.14)
          axes (1,0,0), (0,1,0), (0,0,1)
          dielectric constant epsilon diagonal = (4,4,4)
     block, center = (0,-0.556,0)
          size (1e+20,0.462,0.14)
          axes (1,0,0), (0,1,0), (0,0,1)
          dielectric constant epsilon diagonal = (4,4,4)
     cylinder, center = (1.29643,0.556,0)
          radius 0.1155, height 1e+20, axis (0, 0, 1)
          dielectric constant epsilon diagonal = (1,1,1)
     cylinder, center = (-1.29643,0.556,0)
          radius 0.1155, height 1e+20, axis (0, 0, 1)
          dielectric constant epsilon diagonal = (1,1,1)
     cylinder, center = (1.62643,0.556,0)
          radius 0.1155, height 1e+20, axis (0, 0, 1)
          dielectric constant epsilon diagonal = (1,1,1)
     cylinder, center = (-1.62643,0.556,0)
          radius 0.1155, height 1e+20, axis (0, 0, 1)
          dielectric constant epsilon diagonal = (1,1,1)
     cylinder, center = (1.95643,0.556,0)
          radius 0.1155, height 1e+20, axis (0, 0, 1)
          dielectric constant epsilon diagonal = (1,1,1)
     cylinder, center = (-1.95643,0.556,0)
          radius 0.1155, height 1e+20, axis (0, 0, 1)
          dielectric constant epsilon diagonal = (1,1,1)
     cylinder, center = (2.28643,0.556,0)
          radius 0.1155, height 1e+20, axis (0, 0, 1)
          dielectric constant epsilon diagonal = (1,1,1)
     cylinder, center = (-2.28643,0.556,0)
          radius 0.1155, height 1e+20, axis (0, 0, 1)
          dielectric constant epsilon diagonal = (1,1,1)
     ...(+ 48 objects not shown)...
time for set_epsilon = 34.5995 s
-----------
Meep progress: 0.01/70.39999961853027 = 0.0% done in 9.3s, 65685.5s to go
on time step 1 (time=0.01), 9.3316 s/step
Meep progress: 0.13/70.39999961853027 = 0.2% done in 13.6s, 7350.9s to go
on time step 13 (time=0.13), 0.355625 s/step
Meep progress: 0.25/70.39999961853027 = 0.4% done in 17.8s, 5007.5s to go
on time step 25 (time=0.25), 0.353865 s/step
Meep progress: 0.36/70.39999961853027 = 0.5% done in 22.2s, 4312.3s to go
on time step 36 (time=0.36), 0.392674 s/step
Meep progress: 0.48/70.39999961853027 = 0.7% done in 26.4s, 3844.8s to go
on time step 48 (time=0.48), 0.352475 s/step
Meep progress: 0.59/70.39999961853027 = 0.8% done in 30.7s, 3633.7s to go
on time step 59 (time=0.59), 0.392343 s/step
Meep progress: 0.71/70.39999961853027 = 1.0% done in 35.0s, 3432.6s to go
on time step 71 (time=0.71), 0.355058 s/step
Meep progress: 0.8300000000000001/70.39999961853027 = 1.2% done in 39.2s, 3284.9s to go
on time step 83 (time=0.83), 0.351599 s/step
Meep progress: 0.9400000000000001/70.39999961853027 = 1.3% done in 43.5s, 3213.6s to go
on time step 94 (time=0.94), 0.390817 s/step
     block, center = (0,0.556,0)
          size (1e+20,0.462,0.14)
          axes (1,0,0), (0,1,0), (0,0,1)
          dielectric constant epsilon diagonal = (4,4,4)
     block, center = (0,-0.556,0)
          size (1e+20,0.462,0.14)
          axes (1,0,0), (0,1,0), (0,0,1)
          dielectric constant epsilon diagonal = (4,4,4)
     cylinder, center = (1.29643,0.556,0)
          radius 0.1155, height 1e+20, axis (0, 0, 1)
          dielectric constant epsilon diagonal = (1,1,1)
     cylinder, center = (-1.29643,0.556,0)
          radius 0.1155, height 1e+20, axis (0, 0, 1)
          dielectric constant epsilon diagonal = (1,1,1)
     cylinder, center = (1.62643,0.556,0)
          radius 0.1155, height 1e+20, axis (0, 0, 1)
          dielectric constant epsilon diagonal = (1,1,1)
     cylinder, center = (-1.62643,0.556,0)
          radius 0.1155, height 1e+20, axis (0, 0, 1)
          dielectric constant epsilon diagonal = (1,1,1)
     cylinder, center = (1.95643,0.556,0)
          radius 0.1155, height 1e+20, axis (0, 0, 1)
          dielectric constant epsilon diagonal = (1,1,1)
     cylinder, center = (-1.95643,0.556,0)
          radius 0.1155, height 1e+20, axis (0, 0, 1)
          dielectric constant epsilon diagonal = (1,1,1)
     cylinder, center = (2.28643,0.556,0)
          radius 0.1155, height 1e+20, axis (0, 0, 1)
          dielectric constant epsilon diagonal = (1,1,1)
     cylinder, center = (-2.28643,0.556,0)
          radius 0.1155, height 1e+20, axis (0, 0, 1)
          dielectric constant epsilon diagonal = (1,1,1)
     ...(+ 48 objects not shown)...
Meep progress: 1.05/70.39999961853027 = 1.5% done in 47.6s, 3144.2s to go
on time step 105 (time=1.05), 0.374148 s/step
Meep progress: 1.16/70.39999961853027 = 1.6% done in 51.9s, 3098.3s to go
on time step 116 (time=1.16), 0.391052 s/step
Meep progress: 1.28/70.39999961853027 = 1.8% done in 56.1s, 3030.8s to go
on time step 128 (time=1.28), 0.351606 s/step
Meep progress: 1.4000000000000001/70.39999961853027 = 2.0% done in 60.8s, 2996.8s to go
on time step 140 (time=1.4), 0.389884 s/step
Meep progress: 1.52/70.39999961853027 = 2.2% done in 65.0s, 2946.7s to go
on time step 152 (time=1.52), 0.351816 s/step
Meep progress: 1.6400000000000001/70.39999961853027 = 2.3% done in 69.2s, 2903.3s to go
on time step 164 (time=1.64), 0.351635 s/step
Meep progress: 1.75/70.39999961853027 = 2.5% done in 73.6s, 2885.3s to go
on time step 175 (time=1.75), 0.391456 s/step
Meep progress: 1.87/70.39999961853027 = 2.7% done in 77.8s, 2850.7s to go
on time step 187 (time=1.87), 0.352975 s/step
Meep progress: 1.98/70.39999961853027 = 2.8% done in 82.1s, 2836.9s to go
on time step 198 (time=1.98), 0.391705 s/step
Meep progress: 2.09/70.39999961853027 = 3.0% done in 86.1s, 2814.5s to go
on time step 209 (time=2.09), 0.365083 s/step
Meep progress: 2.21/70.39999961853027 = 3.1% done in 90.3s, 2787.7s to go
on time step 221 (time=2.21), 0.352845 s/step
Meep progress: 2.32/70.39999961853027 = 3.3% done in 94.7s, 2777.9s to go
on time step 232 (time=2.32), 0.392579 s/step
Meep progress: 2.44/70.39999961853027 = 3.5% done in 98.9s, 2753.8s to go
on time step 244 (time=2.44), 0.35046 s/step
Meep progress: 2.5500000000000003/70.39999961853027 = 3.6% done in 103.2s, 2745.4s to go
on time step 255 (time=2.55), 0.391697 s/step
Meep progress: 2.67/70.39999961853027 = 3.8% done in 107.4s, 2724.5s to go
on time step 267 (time=2.67), 0.3519 s/step
Meep progress: 2.79/70.39999961853027 = 4.0% done in 111.6s, 2705.4s to go
on time step 279 (time=2.79), 0.353126 s/step
Meep progress: 2.9/70.39999961853027 = 4.1% done in 115.9s, 2698.7s to go
on time step 290 (time=2.9), 0.391367 s/step
Meep progress: 3.0100000000000002/70.39999961853027 = 4.3% done in 120.0s, 2685.7s to go
on time step 301 (time=3.01), 0.36472 s/step
Meep progress: 3.12/70.39999961853027 = 4.4% done in 124.3s, 2679.6s to go
on time step 312 (time=3.12), 0.391558 s/step
Meep progress: 3.24/70.39999961853027 = 4.6% done in 128.5s, 2663.0s to go
on time step 324 (time=3.24), 0.350603 s/step
Meep progress: 3.35/70.39999961853027 = 4.8% done in 132.6s, 2653.8s to go
on time step 335 (time=3.35), 0.374676 s/step
Meep progress: 3.46/70.39999961853027 = 4.9% done in 136.9s, 2648.4s to go
on time step 346 (time=3.46), 0.390727 s/step
Meep progress: 3.58/70.39999961853027 = 5.1% done in 141.1s, 2633.5s to go
on time step 358 (time=3.58), 0.350315 s/step
Meep progress: 3.69/70.39999961853027 = 5.2% done in 145.4s, 2629.0s to go
on time step 369 (time=3.69), 0.393096 s/step
Meep progress: 3.81/70.39999961853027 = 5.4% done in 149.6s, 2615.1s to go
on time step 381 (time=3.81), 0.350639 s/step
Meep progress: 3.92/70.39999961853027 = 5.6% done in 153.9s, 2610.3s to go
on time step 392 (time=3.92), 0.389942 s/step
Meep progress: 4.04/70.39999961853027 = 5.7% done in 158.2s, 2599.0s to go
on time step 404 (time=4.04), 0.359341 s/step
Meep progress: 4.16/70.39999961853027 = 5.9% done in 162.5s, 2586.7s to go
on time step 416 (time=4.16), 0.352112 s/step
Meep progress: 4.2700000000000005/70.39999961853027 = 6.1% done in 166.8s, 2582.7s to go
on time step 427 (time=4.27), 0.391891 s/step
Meep progress: 4.39/70.39999961853027 = 6.2% done in 171.0s, 2570.8s to go
on time step 439 (time=4.39), 0.350773 s/step
Meep progress: 4.5/70.39999961853027 = 6.4% done in 175.3s, 2567.0s to go
on time step 450 (time=4.5), 0.392079 s/step
Meep progress: 4.62/70.39999961853027 = 6.6% done in 179.5s, 2555.8s to go
on time step 462 (time=4.62), 0.351379 s/step
Meep progress: 4.74/70.39999961853027 = 6.7% done in 183.7s, 2544.9s to go
on time step 474 (time=4.74), 0.351429 s/step
Meep progress: 4.8500000000000005/70.39999961853027 = 6.9% done in 188.0s, 2541.1s to go
on time step 485 (time=4.85), 0.390571 s/step
Meep progress: 4.97/70.39999961853027 = 7.1% done in 192.3s, 2531.0s to go
on time step 497 (time=4.97), 0.353102 s/step
Meep progress: 5.07/70.39999961853027 = 7.2% done in 196.3s, 2529.9s to go
on time step 507 (time=5.07), 0.408316 s/step
Meep progress: 5.19/70.39999961853027 = 7.4% done in 200.5s, 2519.7s to go
on time step 519 (time=5.19), 0.350444 s/step
Meep progress: 5.3100000000000005/70.39999961853027 = 7.5% done in 204.7s, 2509.8s to go
on time step 531 (time=5.31), 0.350689 s/step
Meep progress: 5.42/70.39999961853027 = 7.7% done in 209.0s, 2506.3s to go
on time step 542 (time=5.42), 0.390904 s/step
Meep progress: 5.54/70.39999961853027 = 7.9% done in 213.3s, 2496.9s to go
on time step 554 (time=5.54), 0.352115 s/step
Meep progress: 5.65/70.39999961853027 = 8.0% done in 217.6s, 2493.4s to go
on time step 565 (time=5.65), 0.390556 s/step
Meep progress: 5.7700000000000005/70.39999961853027 = 8.2% done in 221.8s, 2484.2s to go
on time step 577 (time=5.77), 0.350811 s/step
Meep progress: 5.88/70.39999961853027 = 8.4% done in 226.1s, 2480.7s to go
on time step 588 (time=5.88), 0.390389 s/step
Meep progress: 6.0/70.39999961853027 = 8.5% done in 230.4s, 2473.2s to go
on time step 600 (time=6), 0.36198 s/step
Meep progress: 6.12/70.39999961853027 = 8.7% done in 234.6s, 2464.5s to go
on time step 612 (time=6.12), 0.352029 s/step
Meep progress: 6.23/70.39999961853027 = 8.8% done in 239.0s, 2461.2s to go
on time step 623 (time=6.23), 0.391565 s/step
Meep progress: 6.3500000000000005/70.39999961853027 = 9.0% done in 243.2s, 2452.7s to go
on time step 635 (time=6.35), 0.351 s/step
Meep progress: 6.46/70.39999961853027 = 9.2% done in 247.5s, 2449.3s to go
on time step 646 (time=6.46), 0.390271 s/step
Meep progress: 6.58/70.39999961853027 = 9.3% done in 251.7s, 2440.9s to go
on time step 658 (time=6.58), 0.350908 s/step
Meep progress: 6.7/70.39999961853027 = 9.5% done in 255.9s, 2432.9s to go
on time step 670 (time=6.7), 0.35263 s/step
Meep progress: 6.8100000000000005/70.39999961853027 = 9.7% done in 260.2s, 2429.6s to go
on time step 681 (time=6.81), 0.390077 s/step
Meep progress: 6.93/70.39999961853027 = 9.8% done in 264.4s, 2421.7s to go
on time step 693 (time=6.93), 0.351768 s/step
Meep progress: 7.03/70.39999961853027 = 10.0% done in 268.5s, 2420.2s to go
on time step 703 (time=7.03), 0.407252 s/step
Meep progress: 7.15/70.39999961853027 = 10.2% done in 272.7s, 2412.1s to go
on time step 715 (time=7.15), 0.349417 s/step
Meep progress: 7.2700000000000005/70.39999961853027 = 10.3% done in 276.9s, 2404.4s to go
on time step 727 (time=7.27), 0.350769 s/step
Meep progress: 7.38/70.39999961853027 = 10.5% done in 281.2s, 2401.1s to go
on time step 738 (time=7.38), 0.390446 s/step
Meep progress: 7.5/70.39999961853027 = 10.7% done in 285.4s, 2393.4s to go
on time step 750 (time=7.5), 0.350628 s/step
Meep progress: 7.61/70.39999961853027 = 10.8% done in 289.7s, 2390.1s to go
on time step 761 (time=7.61), 0.390076 s/step
Meep progress: 7.73/70.39999961853027 = 11.0% done in 293.9s, 2382.7s to go
on time step 773 (time=7.73), 0.351397 s/step
Meep progress: 7.84/70.39999961853027 = 11.1% done in 298.2s, 2379.5s to go
on time step 784 (time=7.84), 0.390826 s/step
Meep progress: 7.96/70.39999961853027 = 11.3% done in 302.4s, 2372.1s to go
on time step 796 (time=7.96), 0.350914 s/step
Meep progress: 8.07/70.39999961853027 = 11.5% done in 306.4s, 2366.7s to go
on time step 807 (time=8.07), 0.365098 s/step
Meep progress: 8.18/70.39999961853027 = 11.6% done in 310.7s, 2363.5s to go
on time step 818 (time=8.18), 0.391472 s/step
Meep progress: 8.3/70.39999961853027 = 11.8% done in 315.0s, 2356.6s to go
on time step 830 (time=8.3), 0.353197 s/step
Meep progress: 8.41/70.39999961853027 = 11.9% done in 319.3s, 2353.5s to go
on time step 841 (time=8.41), 0.392877 s/step
Meep progress: 8.53/70.39999961853027 = 12.1% done in 323.5s, 2346.6s to go
on time step 853 (time=8.53), 0.35347 s/step
Meep progress: 8.65/70.39999961853027 = 12.3% done in 327.7s, 2339.7s to go
on time step 865 (time=8.65), 0.351445 s/step
Meep progress: 8.76/70.39999961853027 = 12.4% done in 332.0s, 2336.5s to go
on time step 876 (time=8.76), 0.391117 s/step
Meep progress: 8.88/70.39999961853027 = 12.6% done in 336.3s, 2329.7s to go
on time step 888 (time=8.88), 0.352791 s/step
Meep progress: 8.99/70.39999961853027 = 12.8% done in 340.6s, 2326.6s to go
on time step 899 (time=8.99), 0.392148 s/step
Meep progress: 9.1/70.39999961853027 = 12.9% done in 344.8s, 2322.9s to go
on time step 910 (time=9.1), 0.384976 s/step
Meep progress: 9.22/70.39999961853027 = 13.1% done in 349.0s, 2316.1s to go
on time step 922 (time=9.22), 0.351508 s/step
Meep progress: 9.33/70.39999961853027 = 13.3% done in 353.4s, 2312.9s to go
on time step 933 (time=9.33), 0.391193 s/step
Meep progress: 9.450000000000001/70.39999961853027 = 13.4% done in 357.6s, 2306.2s to go
on time step 945 (time=9.45), 0.351713 s/step
Meep progress: 9.56/70.39999961853027 = 13.6% done in 361.9s, 2303.0s to go
on time step 956 (time=9.56), 0.391211 s/step
Meep progress: 9.68/70.39999961853027 = 13.8% done in 366.1s, 2296.7s to go
on time step 968 (time=9.68), 0.35489 s/step
Meep progress: 9.8/70.39999961853027 = 13.9% done in 370.8s, 2292.8s to go
on time step 980 (time=9.8), 0.387848 s/step
Meep progress: 9.92/70.39999961853027 = 14.1% done in 375.0s, 2286.5s to go
on time step 992 (time=9.92), 0.354235 s/step
Meep progress: 10.040000000000001/70.39999961853027 = 14.3% done in 379.4s, 2280.8s to go
on time step 1004 (time=10.04), 0.361879 s/step
Meep progress: 10.15/70.39999961853027 = 14.4% done in 383.7s, 2277.6s to go
on time step 1015 (time=10.15), 0.391653 s/step
Meep progress: 10.27/70.39999961853027 = 14.6% done in 387.9s, 2271.2s to go
on time step 1027 (time=10.27), 0.351839 s/step
Meep progress: 10.38/70.39999961853027 = 14.7% done in 392.2s, 2267.9s to go
on time step 1038 (time=10.38), 0.391426 s/step
Meep progress: 10.5/70.39999961853027 = 14.9% done in 396.4s, 2261.6s to go
on time step 1050 (time=10.5), 0.352192 s/step
Meep progress: 10.620000000000001/70.39999961853027 = 15.1% done in 400.7s, 2255.3s to go
on time step 1062 (time=10.62), 0.3505 s/step
Meep progress: 10.73/70.39999961853027 = 15.2% done in 404.9s, 2251.9s to go
on time step 1073 (time=10.73), 0.39066 s/step
Meep progress: 10.85/70.39999961853027 = 15.4% done in 409.2s, 2245.7s to go
on time step 1085 (time=10.85), 0.351441 s/step
Meep progress: 10.96/70.39999961853027 = 15.6% done in 413.5s, 2242.4s to go
on time step 1096 (time=10.96), 0.39084 s/step
Meep progress: 11.08/70.39999961853027 = 15.7% done in 417.8s, 2236.9s to go
on time step 1108 (time=11.08), 0.362275 s/step
Meep progress: 11.200000000000001/70.39999961853027 = 15.9% done in 422.5s, 2233.0s to go
on time step 1120 (time=11.2), 0.387184 s/step
Meep progress: 11.32/70.39999961853027 = 16.1% done in 426.7s, 2226.8s to go
on time step 1132 (time=11.32), 0.350464 s/step
Meep progress: 11.44/70.39999961853027 = 16.3% done in 430.9s, 2220.7s to go
on time step 1144 (time=11.44), 0.352029 s/step
Meep progress: 11.55/70.39999961853027 = 16.4% done in 435.2s, 2217.6s to go
on time step 1155 (time=11.55), 0.394922 s/step
Meep progress: 11.67/70.39999961853027 = 16.6% done in 439.5s, 2211.7s to go
on time step 1167 (time=11.67), 0.353684 s/step
Meep progress: 11.78/70.39999961853027 = 16.7% done in 443.8s, 2208.4s to go
on time step 1178 (time=11.78), 0.392068 s/step
Meep progress: 11.9/70.39999961853027 = 16.9% done in 448.0s, 2202.4s to go
on time step 1190 (time=11.9), 0.351703 s/step
Meep progress: 12.01/70.39999961853027 = 17.1% done in 452.0s, 2197.6s to go
on time step 1201 (time=12.01), 0.364431 s/step
Meep progress: 12.120000000000001/70.39999961853027 = 17.2% done in 456.3s, 2194.3s to go
on time step 1212 (time=12.12), 0.391615 s/step
Meep progress: 12.24/70.39999961853027 = 17.4% done in 460.6s, 2188.4s to go
on time step 1224 (time=12.24), 0.352826 s/step
Meep progress: 12.35/70.39999961853027 = 17.5% done in 464.9s, 2185.1s to go
on time step 1235 (time=12.35), 0.39204 s/step
Meep progress: 12.47/70.39999961853027 = 17.7% done in 469.1s, 2179.1s to go
on time step 1247 (time=12.47), 0.350664 s/step
Meep progress: 12.59/70.39999961853027 = 17.9% done in 473.3s, 2173.3s to go
on time step 1259 (time=12.59), 0.351961 s/step
Meep progress: 12.700000000000001/70.39999961853027 = 18.0% done in 477.6s, 2169.9s to go
on time step 1270 (time=12.7), 0.390814 s/step
Meep progress: 12.82/70.39999961853027 = 18.2% done in 481.8s, 2164.0s to go
on time step 1282 (time=12.82), 0.350957 s/step
Meep progress: 12.93/70.39999961853027 = 18.4% done in 486.1s, 2160.6s to go
on time step 1293 (time=12.93), 0.390086 s/step
Meep progress: 13.05/70.39999961853027 = 18.5% done in 490.4s, 2155.3s to go
on time step 1305 (time=13.05), 0.361961 s/step
Meep progress: 13.16/70.39999961853027 = 18.7% done in 494.8s, 2152.0s to go
on time step 1316 (time=13.16), 0.391799 s/step
Meep progress: 13.280000000000001/70.39999961853027 = 18.9% done in 499.0s, 2146.2s to go
on time step 1328 (time=13.28), 0.35125 s/step
Meep progress: 13.4/70.39999961853027 = 19.0% done in 503.2s, 2140.4s to go
on time step 1340 (time=13.4), 0.351286 s/step
Meep progress: 13.51/70.39999961853027 = 19.2% done in 507.5s, 2137.0s to go
on time step 1351 (time=13.51), 0.390941 s/step
Meep progress: 13.63/70.39999961853027 = 19.4% done in 511.7s, 2131.3s to go
on time step 1363 (time=13.63), 0.350713 s/step
Meep progress: 13.74/70.39999961853027 = 19.5% done in 516.0s, 2127.8s to go
on time step 1374 (time=13.74), 0.390847 s/step
Meep progress: 13.86/70.39999961853027 = 19.7% done in 520.2s, 2122.1s to go
on time step 1386 (time=13.86), 0.350753 s/step
Meep progress: 13.98/70.39999961853027 = 19.9% done in 524.4s, 2116.4s to go
on time step 1398 (time=13.98), 0.35116 s/step
Meep progress: 14.08/70.39999961853027 = 20.0% done in 528.5s, 2114.0s to go
on time step 1408 (time=14.08), 0.408095 s/step
Meep progress: 14.200000000000001/70.39999961853027 = 20.2% done in 532.7s, 2108.3s to go
on time step 1420 (time=14.2), 0.351019 s/step
Meep progress: 14.31/70.39999961853027 = 20.3% done in 537.0s, 2104.9s to go
on time step 1431 (time=14.31), 0.390815 s/step
Meep progress: 14.43/70.39999961853027 = 20.5% done in 541.2s, 2099.3s to go
on time step 1443 (time=14.43), 0.351148 s/step
Meep progress: 14.55/70.39999961853027 = 20.7% done in 545.4s, 2093.7s to go
on time step 1455 (time=14.55), 0.351136 s/step
Meep progress: 14.66/70.39999961853027 = 20.8% done in 549.7s, 2090.2s to go
on time step 1466 (time=14.66), 0.391227 s/step
Meep progress: 14.780000000000001/70.39999961853027 = 21.0% done in 554.0s, 2084.8s to go
on time step 1478 (time=14.78), 0.354148 s/step
Meep progress: 14.89/70.39999961853027 = 21.2% done in 558.5s, 2082.1s to go
on time step 1489 (time=14.89), 0.410359 s/step
Meep progress: 15.0/70.39999961853027 = 21.3% done in 562.5s, 2077.6s to go
on time step 1500 (time=15), 0.366014 s/step
Meep progress: 15.120000000000001/70.39999961853027 = 21.5% done in 567.2s, 2073.6s to go
on time step 1512 (time=15.12), 0.386589 s/step
Meep progress: 15.24/70.39999961853027 = 21.6% done in 571.4s, 2068.1s to go
on time step 1524 (time=15.24), 0.351286 s/step
Meep progress: 15.36/70.39999961853027 = 21.8% done in 575.6s, 2062.6s to go
on time step 1536 (time=15.36), 0.351293 s/step
Meep progress: 15.47/70.39999961853027 = 22.0% done in 579.9s, 2059.1s to go
on time step 1547 (time=15.47), 0.391572 s/step
Meep progress: 15.59/70.39999961853027 = 22.1% done in 584.1s, 2053.6s to go
on time step 1559 (time=15.59), 0.350045 s/step
Meep progress: 15.700000000000001/70.39999961853027 = 22.3% done in 588.5s, 2050.2s to go
on time step 1570 (time=15.7), 0.394634 s/step
Meep progress: 15.82/70.39999961853027 = 22.5% done in 592.7s, 2044.7s to go
on time step 1582 (time=15.82), 0.351232 s/step
Meep progress: 15.94/70.39999961853027 = 22.6% done in 596.9s, 2039.2s to go
on time step 1594 (time=15.94), 0.350239 s/step
Meep progress: 16.04/70.39999961853027 = 22.8% done in 601.0s, 2036.7s to go
on time step 1604 (time=16.04), 0.409973 s/step
Meep progress: 16.16/70.39999961853027 = 23.0% done in 605.2s, 2031.3s to go
on time step 1616 (time=16.16), 0.351064 s/step
Meep progress: 16.27/70.39999961853027 = 23.1% done in 609.5s, 2027.7s to go
on time step 1627 (time=16.27), 0.390503 s/step
Meep progress: 16.39/70.39999961853027 = 23.3% done in 613.7s, 2022.4s to go
on time step 1639 (time=16.39), 0.352538 s/step
Meep progress: 16.51/70.39999961853027 = 23.5% done in 617.9s, 2017.0s to go
on time step 1651 (time=16.51), 0.352415 s/step
Meep progress: 16.62/70.39999961853027 = 23.6% done in 622.2s, 2013.5s to go
on time step 1662 (time=16.62), 0.391508 s/step
Meep progress: 16.740000000000002/70.39999961853027 = 23.8% done in 626.5s, 2008.2s to go
on time step 1674 (time=16.74), 0.352546 s/step
Meep progress: 16.85/70.39999961853027 = 23.9% done in 630.8s, 2004.7s to go
on time step 1685 (time=16.85), 0.392094 s/step
Meep progress: 16.97/70.39999961853027 = 24.1% done in 635.0s, 1999.3s to go
on time step 1697 (time=16.97), 0.351276 s/step
Meep progress: 17.080000000000002/70.39999961853027 = 24.3% done in 639.5s, 1996.3s to go
on time step 1708 (time=17.08), 0.405867 s/step
Meep progress: 17.2/70.39999961853027 = 24.4% done in 643.7s, 1990.9s to go
on time step 1720 (time=17.2), 0.351353 s/step
Meep progress: 17.32/70.39999961853027 = 24.6% done in 647.9s, 1985.6s to go
on time step 1732 (time=17.32), 0.350898 s/step
Meep progress: 17.43/70.39999961853027 = 24.8% done in 652.2s, 1982.1s to go
on time step 1743 (time=17.43), 0.391646 s/step
Meep progress: 17.55/70.39999961853027 = 24.9% done in 656.4s, 1976.7s to go
on time step 1755 (time=17.55), 0.351253 s/step
Meep progress: 17.66/70.39999961853027 = 25.1% done in 660.7s, 1973.2s to go
on time step 1766 (time=17.66), 0.390587 s/step
Meep progress: 17.78/70.39999961853027 = 25.3% done in 664.9s, 1967.9s to go
on time step 1778 (time=17.78), 0.352068 s/step
Meep progress: 17.900000000000002/70.39999961853027 = 25.4% done in 669.2s, 1962.6s to go
on time step 1790 (time=17.9), 0.351992 s/step
Meep progress: 18.0/70.39999961853027 = 25.6% done in 673.3s, 1960.0s to go
on time step 1800 (time=18), 0.412417 s/step
Meep progress: 18.12/70.39999961853027 = 25.7% done in 677.5s, 1954.7s to go
on time step 1812 (time=18.12), 0.350901 s/step
Meep progress: 18.23/70.39999961853027 = 25.9% done in 681.8s, 1951.1s to go
on time step 1823 (time=18.23), 0.390226 s/step
Meep progress: 18.35/70.39999961853027 = 26.1% done in 686.0s, 1945.9s to go
on time step 1835 (time=18.35), 0.351361 s/step
Meep progress: 18.47/70.39999961853027 = 26.2% done in 690.2s, 1940.6s to go
on time step 1847 (time=18.47), 0.351182 s/step
Meep progress: 18.580000000000002/70.39999961853027 = 26.4% done in 694.5s, 1937.0s to go
on time step 1858 (time=18.58), 0.39058 s/step
Meep progress: 18.7/70.39999961853027 = 26.6% done in 698.7s, 1931.7s to go
on time step 1870 (time=18.7), 0.350034 s/step
Meep progress: 18.81/70.39999961853027 = 26.7% done in 703.0s, 1928.2s to go
on time step 1881 (time=18.81), 0.390985 s/step
Meep progress: 18.93/70.39999961853027 = 26.9% done in 707.2s, 1922.9s to go
on time step 1893 (time=18.93), 0.351188 s/step
Meep progress: 19.04/70.39999961853027 = 27.0% done in 711.7s, 1919.7s to go
on time step 1904 (time=19.04), 0.404003 s/step
Meep progress: 19.16/70.39999961853027 = 27.2% done in 715.9s, 1914.5s to go
on time step 1916 (time=19.16), 0.35097 s/step
Meep progress: 19.28/70.39999961853027 = 27.4% done in 720.1s, 1909.3s to go
on time step 1928 (time=19.28), 0.351334 s/step
Meep progress: 19.39/70.39999961853027 = 27.5% done in 724.4s, 1905.7s to go
on time step 1939 (time=19.39), 0.391647 s/step
Meep progress: 19.51/70.39999961853027 = 27.7% done in 728.6s, 1900.6s to go
on time step 1951 (time=19.51), 0.351815 s/step
Meep progress: 19.62/70.39999961853027 = 27.9% done in 733.0s, 1897.0s to go
on time step 1962 (time=19.62), 0.392799 s/step
Meep progress: 19.740000000000002/70.39999961853027 = 28.0% done in 737.2s, 1891.9s to go
on time step 1974 (time=19.74), 0.353077 s/step
Meep progress: 19.86/70.39999961853027 = 28.2% done in 741.4s, 1886.8s to go
on time step 1986 (time=19.86), 0.352118 s/step
Meep progress: 19.97/70.39999961853027 = 28.4% done in 745.7s, 1883.2s to go
on time step 1997 (time=19.97), 0.391185 s/step
Meep progress: 20.080000000000002/70.39999961853027 = 28.5% done in 749.7s, 1878.8s to go
on time step 2008 (time=20.08), 0.365628 s/step
Meep progress: 20.19/70.39999961853027 = 28.7% done in 754.0s, 1875.2s to go
on time step 2019 (time=20.19), 0.391205 s/step
Meep progress: 20.31/70.39999961853027 = 28.8% done in 758.3s, 1870.1s to go
on time step 2031 (time=20.31), 0.350984 s/step
Meep progress: 20.43/70.39999961853027 = 29.0% done in 762.5s, 1865.0s to go
on time step 2043 (time=20.43), 0.352477 s/step
Meep progress: 20.54/70.39999961853027 = 29.2% done in 766.8s, 1861.4s to go
on time step 2054 (time=20.54), 0.391698 s/step
Meep progress: 20.66/70.39999961853027 = 29.3% done in 771.0s, 1856.2s to go
on time step 2066 (time=20.66), 0.350764 s/step
Meep progress: 20.76/70.39999961853027 = 29.5% done in 775.2s, 1853.6s to go
on time step 2076 (time=20.76), 0.419711 s/step
Meep progress: 20.88/70.39999961853027 = 29.7% done in 779.4s, 1848.5s to go
on time step 2088 (time=20.88), 0.352477 s/step
Meep progress: 21.0/70.39999961853027 = 29.8% done in 784.3s, 1844.9s to go
on time step 2100 (time=21), 0.402871 s/step
Meep progress: 21.12/70.39999961853027 = 30.0% done in 788.5s, 1839.8s to go
on time step 2112 (time=21.12), 0.350797 s/step
Meep progress: 21.240000000000002/70.39999961853027 = 30.2% done in 792.7s, 1834.7s to go
on time step 2124 (time=21.24), 0.352451 s/step
Meep progress: 21.35/70.39999961853027 = 30.3% done in 797.0s, 1831.1s to go
on time step 2135 (time=21.35), 0.39302 s/step
Meep progress: 21.47/70.39999961853027 = 30.5% done in 801.2s, 1826.0s to go
on time step 2147 (time=21.47), 0.350632 s/step
Meep progress: 21.580000000000002/70.39999961853027 = 30.7% done in 805.6s, 1822.4s to go
on time step 2158 (time=21.58), 0.393119 s/step
Meep progress: 21.7/70.39999961853027 = 30.8% done in 809.8s, 1817.3s to go
on time step 2170 (time=21.7), 0.350061 s/step
Meep progress: 21.82/70.39999961853027 = 31.0% done in 814.0s, 1812.2s to go
on time step 2182 (time=21.82), 0.350779 s/step
Meep progress: 21.93/70.39999961853027 = 31.2% done in 818.3s, 1808.5s to go
on time step 2193 (time=21.93), 0.390202 s/step
Meep progress: 22.04/70.39999961853027 = 31.3% done in 822.3s, 1804.2s to go
on time step 2204 (time=22.04), 0.365518 s/step
Meep progress: 22.150000000000002/70.39999961853027 = 31.5% done in 826.6s, 1800.6s to go
on time step 2215 (time=22.15), 0.39023 s/step
Meep progress: 22.27/70.39999961853027 = 31.6% done in 830.8s, 1795.5s to go
on time step 2227 (time=22.27), 0.350196 s/step
Meep progress: 22.39/70.39999961853027 = 31.8% done in 835.0s, 1790.5s to go
on time step 2239 (time=22.39), 0.352285 s/step
Meep progress: 22.5/70.39999961853027 = 32.0% done in 839.3s, 1786.8s to go
on time step 2250 (time=22.5), 0.390198 s/step
Meep progress: 22.62/70.39999961853027 = 32.1% done in 843.5s, 1781.8s to go
on time step 2262 (time=22.62), 0.352577 s/step
Meep progress: 22.73/70.39999961853027 = 32.3% done in 847.8s, 1778.1s to go
on time step 2273 (time=22.73), 0.390071 s/step
Meep progress: 22.85/70.39999961853027 = 32.5% done in 852.1s, 1773.1s to go
on time step 2285 (time=22.85), 0.353319 s/step
Meep progress: 22.96/70.39999961853027 = 32.6% done in 856.4s, 1769.5s to go
on time step 2296 (time=22.96), 0.39544 s/step
Meep progress: 23.07/70.39999961853027 = 32.8% done in 860.4s, 1765.3s to go
on time step 2307 (time=23.07), 0.366513 s/step
Meep progress: 23.19/70.39999961853027 = 32.9% done in 864.7s, 1760.3s to go
on time step 2319 (time=23.19), 0.353138 s/step
Meep progress: 23.3/70.39999961853027 = 33.1% done in 869.0s, 1756.6s to go
on time step 2330 (time=23.3), 0.390145 s/step
Meep progress: 23.42/70.39999961853027 = 33.3% done in 873.2s, 1751.6s to go
on time step 2342 (time=23.42), 0.353263 s/step
Meep progress: 23.53/70.39999961853027 = 33.4% done in 877.5s, 1747.9s to go
on time step 2353 (time=23.53), 0.390921 s/step
Meep progress: 23.650000000000002/70.39999961853027 = 33.6% done in 881.7s, 1742.9s to go
on time step 2365 (time=23.65), 0.350363 s/step
Meep progress: 23.77/70.39999961853027 = 33.8% done in 885.9s, 1737.9s to go
on time step 2377 (time=23.77), 0.351244 s/step
Meep progress: 23.88/70.39999961853027 = 33.9% done in 890.2s, 1734.2s to go
on time step 2388 (time=23.88), 0.390459 s/step
Meep progress: 24.0/70.39999961853027 = 34.1% done in 894.6s, 1729.5s to go
on time step 2400 (time=24), 0.36334 s/step
Meep progress: 24.11/70.39999961853027 = 34.2% done in 898.9s, 1725.8s to go
on time step 2411 (time=24.11), 0.390728 s/step
Meep progress: 24.23/70.39999961853027 = 34.4% done in 903.1s, 1720.9s to go
on time step 2423 (time=24.23), 0.353554 s/step
Meep progress: 24.35/70.39999961853027 = 34.6% done in 907.3s, 1715.9s to go
on time step 2435 (time=24.35), 0.351337 s/step
Meep progress: 24.46/70.39999961853027 = 34.7% done in 911.6s, 1712.2s to go
on time step 2446 (time=24.46), 0.390559 s/step
Meep progress: 24.580000000000002/70.39999961853027 = 34.9% done in 915.9s, 1707.3s to go
on time step 2458 (time=24.58), 0.352301 s/step
Meep progress: 24.69/70.39999961853027 = 35.1% done in 920.2s, 1703.6s to go
on time step 2469 (time=24.69), 0.392244 s/step
Meep progress: 24.810000000000002/70.39999961853027 = 35.2% done in 924.4s, 1698.7s to go
on time step 2481 (time=24.81), 0.35257 s/step
Meep progress: 24.92/70.39999961853027 = 35.4% done in 928.7s, 1695.0s to go
on time step 2492 (time=24.92), 0.391904 s/step
Meep progress: 25.03/70.39999961853027 = 35.6% done in 932.7s, 1690.7s to go
on time step 2503 (time=25.03), 0.363936 s/step
Meep progress: 25.150000000000002/70.39999961853027 = 35.7% done in 936.9s, 1685.7s to go
on time step 2515 (time=25.15), 0.350102 s/step
Meep progress: 25.26/70.39999961853027 = 35.9% done in 941.2s, 1682.0s to go
on time step 2526 (time=25.26), 0.391049 s/step
Meep progress: 25.38/70.39999961853027 = 36.1% done in 945.4s, 1677.1s to go
on time step 2538 (time=25.38), 0.351072 s/step
Meep progress: 25.490000000000002/70.39999961853027 = 36.2% done in 949.7s, 1673.3s to go
on time step 2549 (time=25.49), 0.391631 s/step
Meep progress: 25.61/70.39999961853027 = 36.4% done in 954.0s, 1668.4s to go
on time step 2561 (time=25.61), 0.35239 s/step
Meep progress: 25.73/70.39999961853027 = 36.5% done in 958.2s, 1663.5s to go
on time step 2573 (time=25.73), 0.351785 s/step
Meep progress: 25.84/70.39999961853027 = 36.7% done in 962.5s, 1659.8s to go
on time step 2584 (time=25.84), 0.391603 s/step
Meep progress: 25.96/70.39999961853027 = 36.9% done in 966.7s, 1654.9s to go
on time step 2596 (time=25.96), 0.352012 s/step
Meep progress: 26.060000000000002/70.39999961853027 = 37.0% done in 970.8s, 1651.8s to go
on time step 2606 (time=26.06), 0.410343 s/step
Meep progress: 26.18/70.39999961853027 = 37.2% done in 975.1s, 1647.0s to go
on time step 2618 (time=26.18), 0.354649 s/step
Meep progress: 26.3/70.39999961853027 = 37.4% done in 979.3s, 1642.1s to go
on time step 2630 (time=26.3), 0.352089 s/step
Meep progress: 26.41/70.39999961853027 = 37.5% done in 983.6s, 1638.4s to go
on time step 2641 (time=26.41), 0.391642 s/step
Meep progress: 26.53/70.39999961853027 = 37.7% done in 987.8s, 1633.5s to go
on time step 2653 (time=26.53), 0.350325 s/step
Meep progress: 26.64/70.39999961853027 = 37.8% done in 992.1s, 1629.7s to go
on time step 2664 (time=26.64), 0.392177 s/step
Meep progress: 26.75/70.39999961853027 = 38.0% done in 996.3s, 1625.7s to go
on time step 2675 (time=26.75), 0.375154 s/step
Meep progress: 26.87/70.39999961853027 = 38.2% done in 1000.5s, 1620.8s to go
on time step 2687 (time=26.87), 0.351904 s/step
Meep progress: 26.98/70.39999961853027 = 38.3% done in 1004.8s, 1617.0s to go
on time step 2698 (time=26.98), 0.390909 s/step
Meep progress: 27.09/70.39999961853027 = 38.5% done in 1008.8s, 1612.8s to go
on time step 2709 (time=27.09), 0.365193 s/step
Meep progress: 27.2/70.39999961853027 = 38.6% done in 1013.1s, 1609.0s to go
on time step 2720 (time=27.2), 0.390476 s/step
Meep progress: 27.32/70.39999961853027 = 38.8% done in 1017.3s, 1604.2s to go
on time step 2732 (time=27.32), 0.350568 s/step
Meep progress: 27.44/70.39999961853027 = 39.0% done in 1022.0s, 1600.0s to go
on time step 2744 (time=27.44), 0.387524 s/step
Meep progress: 27.560000000000002/70.39999961853027 = 39.1% done in 1026.2s, 1595.1s to go
on time step 2756 (time=27.56), 0.351325 s/step
Meep progress: 27.68/70.39999961853027 = 39.3% done in 1030.4s, 1590.2s to go
on time step 2768 (time=27.68), 0.35045 s/step
Meep progress: 27.79/70.39999961853027 = 39.5% done in 1034.7s, 1586.5s to go
on time step 2779 (time=27.79), 0.39488 s/step
Meep progress: 27.91/70.39999961853027 = 39.6% done in 1039.0s, 1581.7s to go
on time step 2791 (time=27.91), 0.353 s/step
Meep progress: 28.01/70.39999961853027 = 39.8% done in 1043.1s, 1578.6s to go
on time step 2801 (time=28.01), 0.41111 s/step
Meep progress: 28.13/70.39999961853027 = 40.0% done in 1047.3s, 1573.7s to go
on time step 2813 (time=28.13), 0.35046 s/step
Meep progress: 28.25/70.39999961853027 = 40.1% done in 1051.5s, 1568.9s to go
on time step 2825 (time=28.25), 0.351259 s/step
Meep progress: 28.36/70.39999961853027 = 40.3% done in 1055.8s, 1565.1s to go
on time step 2836 (time=28.36), 0.390416 s/step
Meep progress: 28.48/70.39999961853027 = 40.5% done in 1060.0s, 1560.2s to go
on time step 2848 (time=28.48), 0.350987 s/step
Meep progress: 28.59/70.39999961853027 = 40.6% done in 1064.3s, 1556.4s to go
on time step 2859 (time=28.59), 0.391282 s/step
Meep progress: 28.71/70.39999961853027 = 40.8% done in 1068.5s, 1551.6s to go
on time step 2871 (time=28.71), 0.351073 s/step
Meep progress: 28.830000000000002/70.39999961853027 = 41.0% done in 1072.7s, 1546.8s to go
on time step 2883 (time=28.83), 0.351216 s/step
Meep progress: 28.94/70.39999961853027 = 41.1% done in 1077.0s, 1543.0s to go
on time step 2894 (time=28.94), 0.390902 s/step
Meep progress: 29.05/70.39999961853027 = 41.3% done in 1081.1s, 1538.8s to go
on time step 2905 (time=29.05), 0.36554 s/step
Meep progress: 29.16/70.39999961853027 = 41.4% done in 1085.4s, 1535.0s to go
on time step 2916 (time=29.16), 0.392028 s/step
Meep progress: 29.28/70.39999961853027 = 41.6% done in 1089.6s, 1530.2s to go
on time step 2928 (time=29.28), 0.351155 s/step
Meep progress: 29.400000000000002/70.39999961853027 = 41.8% done in 1094.3s, 1526.0s to go
on time step 2940 (time=29.4), 0.389915 s/step
Meep progress: 29.52/70.39999961853027 = 41.9% done in 1098.5s, 1521.2s to go
on time step 2952 (time=29.52), 0.352038 s/step
Meep progress: 29.64/70.39999961853027 = 42.1% done in 1102.7s, 1516.4s to go
on time step 2964 (time=29.64), 0.351197 s/step
Meep progress: 29.75/70.39999961853027 = 42.3% done in 1107.0s, 1512.6s to go
on time step 2975 (time=29.75), 0.390591 s/step
Meep progress: 29.87/70.39999961853027 = 42.4% done in 1111.2s, 1507.8s to go
on time step 2987 (time=29.87), 0.350631 s/step
Meep progress: 29.98/70.39999961853027 = 42.6% done in 1115.5s, 1503.9s to go
on time step 2998 (time=29.98), 0.390428 s/step
Meep progress: 30.09/70.39999961853027 = 42.7% done in 1119.5s, 1499.8s to go
on time step 3009 (time=30.09), 0.365187 s/step
Meep progress: 30.21/70.39999961853027 = 42.9% done in 1123.7s, 1494.9s to go
on time step 3021 (time=30.21), 0.350315 s/step
Meep progress: 30.32/70.39999961853027 = 43.1% done in 1128.0s, 1491.1s to go
on time step 3032 (time=30.32), 0.391481 s/step
Meep progress: 30.44/70.39999961853027 = 43.2% done in 1132.2s, 1486.3s to go
on time step 3044 (time=30.44), 0.351091 s/step
Meep progress: 30.55/70.39999961853027 = 43.4% done in 1136.5s, 1482.5s to go
on time step 3055 (time=30.55), 0.390355 s/step
Meep progress: 30.67/70.39999961853027 = 43.6% done in 1140.7s, 1477.7s to go
on time step 3067 (time=30.67), 0.35176 s/step
Meep progress: 30.79/70.39999961853027 = 43.7% done in 1145.0s, 1472.9s to go
on time step 3079 (time=30.79), 0.350757 s/step
Meep progress: 30.900000000000002/70.39999961853027 = 43.9% done in 1149.3s, 1469.1s to go
on time step 3090 (time=30.9), 0.390492 s/step
Meep progress: 31.01/70.39999961853027 = 44.0% done in 1153.3s, 1464.9s to go
on time step 3101 (time=31.01), 0.365725 s/step
Meep progress: 31.12/70.39999961853027 = 44.2% done in 1157.6s, 1461.1s to go
on time step 3112 (time=31.12), 0.391524 s/step
Meep progress: 31.240000000000002/70.39999961853027 = 44.4% done in 1161.8s, 1456.4s to go
on time step 3124 (time=31.24), 0.352469 s/step
Meep progress: 31.36/70.39999961853027 = 44.5% done in 1166.5s, 1452.2s to go
on time step 3136 (time=31.36), 0.390317 s/step
Meep progress: 31.48/70.39999961853027 = 44.7% done in 1170.7s, 1447.4s to go
on time step 3148 (time=31.48), 0.352215 s/step
Meep progress: 31.6/70.39999961853027 = 44.9% done in 1174.9s, 1442.6s to go
on time step 3160 (time=31.6), 0.350929 s/step
Meep progress: 31.71/70.39999961853027 = 45.0% done in 1179.2s, 1438.8s to go
on time step 3171 (time=31.71), 0.390412 s/step
Meep progress: 31.830000000000002/70.39999961853027 = 45.2% done in 1183.4s, 1434.0s to go
on time step 3183 (time=31.83), 0.351178 s/step
Meep progress: 31.94/70.39999961853027 = 45.4% done in 1187.8s, 1430.2s to go
on time step 3194 (time=31.94), 0.393227 s/step
Meep progress: 32.05/70.39999961853027 = 45.5% done in 1191.8s, 1426.1s to go
on time step 3205 (time=32.05), 0.364947 s/step
Meep progress: 32.17/70.39999961853027 = 45.7% done in 1196.0s, 1421.3s to go
on time step 3217 (time=32.17), 0.351686 s/step
Meep progress: 32.27/70.39999961853027 = 45.8% done in 1200.2s, 1418.1s to go
on time step 3227 (time=32.27), 0.4187 s/step
Meep progress: 32.39/70.39999961853027 = 46.0% done in 1204.4s, 1413.4s to go
on time step 3239 (time=32.39), 0.353168 s/step
Meep progress: 32.5/70.39999961853027 = 46.2% done in 1208.7s, 1409.6s to go
on time step 3250 (time=32.5), 0.389919 s/step
Meep progress: 32.62/70.39999961853027 = 46.3% done in 1213.0s, 1404.8s to go
on time step 3262 (time=32.62), 0.354038 s/step
Meep progress: 32.74/70.39999961853027 = 46.5% done in 1217.2s, 1400.1s to go
on time step 3274 (time=32.74), 0.351783 s/step
Meep progress: 32.85/70.39999961853027 = 46.7% done in 1221.5s, 1396.3s to go
on time step 3285 (time=32.85), 0.391142 s/step
Meep progress: 32.97/70.39999961853027 = 46.8% done in 1225.7s, 1391.5s to go
on time step 3297 (time=32.97), 0.35288 s/step
Meep progress: 33.07/70.39999961853027 = 47.0% done in 1229.8s, 1388.2s to go
on time step 3307 (time=33.07), 0.408439 s/step
Meep progress: 33.19/70.39999961853027 = 47.1% done in 1234.0s, 1383.5s to go
on time step 3319 (time=33.19), 0.349904 s/step
Meep progress: 33.31/70.39999961853027 = 47.3% done in 1238.2s, 1378.7s to go
on time step 3331 (time=33.31), 0.351839 s/step
Meep progress: 33.42/70.39999961853027 = 47.5% done in 1242.5s, 1374.9s to go
on time step 3342 (time=33.42), 0.390662 s/step
Meep progress: 33.54/70.39999961853027 = 47.6% done in 1246.7s, 1370.2s to go
on time step 3354 (time=33.54), 0.351564 s/step
Meep progress: 33.65/70.39999961853027 = 47.8% done in 1251.0s, 1366.3s to go
on time step 3365 (time=33.65), 0.389997 s/step
Meep progress: 33.77/70.39999961853027 = 48.0% done in 1255.3s, 1361.6s to go
on time step 3377 (time=33.77), 0.354713 s/step
Meep progress: 33.88/70.39999961853027 = 48.1% done in 1259.6s, 1357.8s to go
on time step 3388 (time=33.88), 0.391875 s/step
Meep progress: 34.0/70.39999961853027 = 48.3% done in 1264.0s, 1353.2s to go
on time step 3400 (time=34), 0.364184 s/step
Meep progress: 34.12/70.39999961853027 = 48.5% done in 1268.2s, 1348.5s to go
on time step 3412 (time=34.12), 0.350402 s/step
Meep progress: 34.230000000000004/70.39999961853027 = 48.6% done in 1272.5s, 1344.6s to go
on time step 3423 (time=34.23), 0.391433 s/step
Meep progress: 34.35/70.39999961853027 = 48.8% done in 1276.7s, 1339.9s to go
on time step 3435 (time=34.35), 0.351507 s/step
Meep progress: 34.46/70.39999961853027 = 48.9% done in 1281.0s, 1336.0s to go
on time step 3446 (time=34.46), 0.39087 s/step
Meep progress: 34.58/70.39999961853027 = 49.1% done in 1285.2s, 1331.3s to go
on time step 3458 (time=34.58), 0.351261 s/step
Meep progress: 34.7/70.39999961853027 = 49.3% done in 1289.4s, 1326.6s to go
on time step 3470 (time=34.7), 0.351945 s/step
Meep progress: 34.81/70.39999961853027 = 49.4% done in 1293.8s, 1322.7s to go
on time step 3481 (time=34.81), 0.391863 s/step
Meep progress: 34.93/70.39999961853027 = 49.6% done in 1298.0s, 1318.0s to go
on time step 3493 (time=34.93), 0.351254 s/step
Meep progress: 35.03/70.39999961853027 = 49.8% done in 1302.1s, 1314.7s to go
on time step 3503 (time=35.03), 0.409879 s/step
Meep progress: 35.15/70.39999961853027 = 49.9% done in 1306.3s, 1310.0s to go
on time step 3515 (time=35.15), 0.351204 s/step
Meep progress: 35.27/70.39999961853027 = 50.1% done in 1310.5s, 1305.3s to go
on time step 3527 (time=35.27), 0.350298 s/step
Meep progress: 35.38/70.39999961853027 = 50.3% done in 1314.8s, 1301.4s to go
on time step 3538 (time=35.38), 0.39149 s/step
Meep progress: 35.5/70.39999961853027 = 50.4% done in 1319.0s, 1296.7s to go
on time step 3550 (time=35.5), 0.351531 s/step
Meep progress: 35.61/70.39999961853027 = 50.6% done in 1323.3s, 1292.8s to go
on time step 3561 (time=35.61), 0.391292 s/step
Meep progress: 35.730000000000004/70.39999961853027 = 50.8% done in 1327.5s, 1288.1s to go
on time step 3573 (time=35.73), 0.350869 s/step
Meep progress: 35.84/70.39999961853027 = 50.9% done in 1331.8s, 1284.3s to go
on time step 3584 (time=35.84), 0.390926 s/step
Meep progress: 35.96/70.39999961853027 = 51.1% done in 1336.1s, 1279.6s to go
on time step 3596 (time=35.96), 0.354509 s/step
Meep progress: 36.07/70.39999961853027 = 51.2% done in 1340.1s, 1275.4s to go
on time step 3607 (time=36.07), 0.364315 s/step
Meep progress: 36.18/70.39999961853027 = 51.4% done in 1344.4s, 1271.6s to go
on time step 3618 (time=36.18), 0.392811 s/step
Meep progress: 36.300000000000004/70.39999961853027 = 51.6% done in 1348.6s, 1266.9s to go
on time step 3630 (time=36.3), 0.352376 s/step
Meep progress: 36.410000000000004/70.39999961853027 = 51.7% done in 1353.0s, 1263.0s to go
on time step 3641 (time=36.41), 0.392433 s/step
Meep progress: 36.53/70.39999961853027 = 51.9% done in 1357.2s, 1258.4s to go
on time step 3653 (time=36.53), 0.352361 s/step
Meep progress: 36.65/70.39999961853027 = 52.1% done in 1361.4s, 1253.7s to go
on time step 3665 (time=36.65), 0.351829 s/step
Meep progress: 36.76/70.39999961853027 = 52.2% done in 1365.7s, 1249.8s to go
on time step 3676 (time=36.76), 0.390578 s/step
Meep progress: 36.88/70.39999961853027 = 52.4% done in 1369.9s, 1245.1s to go
on time step 3688 (time=36.88), 0.35169 s/step
Meep progress: 36.99/70.39999961853027 = 52.5% done in 1374.2s, 1241.2s to go
on time step 3699 (time=36.99), 0.392279 s/step
Meep progress: 37.1/70.39999961853027 = 52.7% done in 1378.3s, 1237.1s to go
on time step 3710 (time=37.1), 0.36697 s/step
Meep progress: 37.22/70.39999961853027 = 52.9% done in 1382.5s, 1232.4s to go
on time step 3722 (time=37.22), 0.352783 s/step
Meep progress: 37.33/70.39999961853027 = 53.0% done in 1386.8s, 1228.6s to go
on time step 3733 (time=37.33), 0.393993 s/step
Meep progress: 37.45/70.39999961853027 = 53.2% done in 1391.1s, 1223.9s to go
on time step 3745 (time=37.45), 0.351518 s/step
Meep progress: 37.550000000000004/70.39999961853027 = 53.3% done in 1395.3s, 1220.6s to go
on time step 3755 (time=37.55), 0.420971 s/step
Meep progress: 37.67/70.39999961853027 = 53.5% done in 1399.5s, 1216.0s to go
on time step 3767 (time=37.67), 0.352574 s/step
Meep progress: 37.79/70.39999961853027 = 53.7% done in 1403.7s, 1211.3s to go
on time step 3779 (time=37.79), 0.353062 s/step
Meep progress: 37.9/70.39999961853027 = 53.8% done in 1408.0s, 1207.4s to go
on time step 3790 (time=37.9), 0.39101 s/step
Meep progress: 38.01/70.39999961853027 = 54.0% done in 1412.0s, 1203.3s to go
on time step 3801 (time=38.01), 0.36488 s/step
Meep progress: 38.12/70.39999961853027 = 54.1% done in 1416.4s, 1199.4s to go
on time step 3812 (time=38.12), 0.391459 s/step
Meep progress: 38.24/70.39999961853027 = 54.3% done in 1420.6s, 1194.7s to go
on time step 3824 (time=38.24), 0.35084 s/step
Meep progress: 38.36/70.39999961853027 = 54.5% done in 1425.2s, 1190.4s to go
on time step 3836 (time=38.36), 0.387765 s/step
Meep progress: 38.480000000000004/70.39999961853027 = 54.7% done in 1429.4s, 1185.7s to go
on time step 3848 (time=38.48), 0.351306 s/step
Meep progress: 38.6/70.39999961853027 = 54.8% done in 1433.6s, 1181.1s to go
on time step 3860 (time=38.6), 0.350708 s/step
Meep progress: 38.71/70.39999961853027 = 55.0% done in 1437.9s, 1177.2s to go
on time step 3871 (time=38.71), 0.391183 s/step
Meep progress: 38.83/70.39999961853027 = 55.2% done in 1442.2s, 1172.5s to go
on time step 3883 (time=38.83), 0.353019 s/step
Meep progress: 38.94/70.39999961853027 = 55.3% done in 1446.5s, 1168.6s to go
on time step 3894 (time=38.94), 0.391341 s/step
Meep progress: 39.050000000000004/70.39999961853027 = 55.5% done in 1450.5s, 1164.5s to go
on time step 3905 (time=39.05), 0.364033 s/step
Meep progress: 39.17/70.39999961853027 = 55.6% done in 1454.7s, 1159.8s to go
on time step 3917 (time=39.17), 0.351694 s/step
Meep progress: 39.28/70.39999961853027 = 55.8% done in 1459.0s, 1155.9s to go
on time step 3928 (time=39.28), 0.391781 s/step
Meep progress: 39.4/70.39999961853027 = 56.0% done in 1463.3s, 1151.3s to go
on time step 3940 (time=39.4), 0.352734 s/step
Meep progress: 39.51/70.39999961853027 = 56.1% done in 1467.6s, 1147.4s to go
on time step 3951 (time=39.51), 0.394405 s/step
Meep progress: 39.63/70.39999961853027 = 56.3% done in 1471.8s, 1142.8s to go
on time step 3963 (time=39.63), 0.353043 s/step
Meep progress: 39.75/70.39999961853027 = 56.5% done in 1476.0s, 1138.1s to go
on time step 3975 (time=39.75), 0.351463 s/step
Meep progress: 39.86/70.39999961853027 = 56.6% done in 1480.3s, 1134.2s to go
on time step 3986 (time=39.86), 0.390093 s/step
Meep progress: 39.980000000000004/70.39999961853027 = 56.8% done in 1484.6s, 1129.6s to go
on time step 3998 (time=39.98), 0.351218 s/step
Meep progress: 40.08/70.39999961853027 = 56.9% done in 1488.6s, 1126.1s to go
on time step 4008 (time=40.08), 0.409424 s/step
Meep progress: 40.2/70.39999961853027 = 57.1% done in 1492.9s, 1121.5s to go
on time step 4020 (time=40.2), 0.352577 s/step
Meep progress: 40.32/70.39999961853027 = 57.3% done in 1497.5s, 1117.2s to go
on time step 4032 (time=40.32), 0.387232 s/step
Meep progress: 40.44/70.39999961853027 = 57.4% done in 1501.7s, 1112.6s to go
on time step 4044 (time=40.44), 0.351819 s/step
Meep progress: 40.56/70.39999961853027 = 57.6% done in 1506.0s, 1107.9s to go
on time step 4056 (time=40.56), 0.351298 s/step
Meep progress: 40.67/70.39999961853027 = 57.8% done in 1510.3s, 1104.0s to go
on time step 4067 (time=40.67), 0.391227 s/step
Meep progress: 40.79/70.39999961853027 = 57.9% done in 1514.5s, 1099.4s to go
on time step 4079 (time=40.79), 0.351942 s/step
Meep progress: 40.9/70.39999961853027 = 58.1% done in 1518.8s, 1095.5s to go
on time step 4090 (time=40.9), 0.391814 s/step
Meep progress: 41.01/70.39999961853027 = 58.3% done in 1522.8s, 1091.3s to go
on time step 4101 (time=41.01), 0.366252 s/step
Meep progress: 41.13/70.39999961853027 = 58.4% done in 1527.0s, 1086.7s to go
on time step 4113 (time=41.13), 0.350569 s/step
Meep progress: 41.24/70.39999961853027 = 58.6% done in 1531.4s, 1082.8s to go
on time step 4124 (time=41.24), 0.39347 s/step
Meep progress: 41.36/70.39999961853027 = 58.8% done in 1535.6s, 1078.2s to go
on time step 4136 (time=41.36), 0.352064 s/step
Meep progress: 41.47/70.39999961853027 = 58.9% done in 1539.9s, 1074.2s to go
on time step 4147 (time=41.47), 0.390031 s/step
Meep progress: 41.59/70.39999961853027 = 59.1% done in 1544.1s, 1069.6s to go
on time step 4159 (time=41.59), 0.352392 s/step
Meep progress: 41.71/70.39999961853027 = 59.2% done in 1548.3s, 1065.0s to go
on time step 4171 (time=41.71), 0.350766 s/step
Meep progress: 41.82/70.39999961853027 = 59.4% done in 1552.6s, 1061.1s to go
on time step 4182 (time=41.82), 0.390951 s/step
Meep progress: 41.94/70.39999961853027 = 59.6% done in 1556.8s, 1056.4s to go
on time step 4194 (time=41.94), 0.350547 s/step
Meep progress: 42.04/70.39999961853027 = 59.7% done in 1560.9s, 1053.0s to go
on time step 4204 (time=42.04), 0.408172 s/step
Meep progress: 42.160000000000004/70.39999961853027 = 59.9% done in 1565.1s, 1048.4s to go
on time step 4216 (time=42.16), 0.349954 s/step
Meep progress: 42.28/70.39999961853027 = 60.1% done in 1569.7s, 1044.0s to go
on time step 4228 (time=42.28), 0.38677 s/step
Meep progress: 42.4/70.39999961853027 = 60.2% done in 1574.0s, 1039.4s to go
on time step 4240 (time=42.4), 0.353053 s/step
Meep progress: 42.51/70.39999961853027 = 60.4% done in 1578.1s, 1035.3s to go
on time step 4251 (time=42.51), 0.372725 s/step
Meep progress: 42.61/70.39999961853027 = 60.5% done in 1582.1s, 1031.8s to go
on time step 4261 (time=42.61), 0.400662 s/step
Meep progress: 42.730000000000004/70.39999961853027 = 60.7% done in 1586.3s, 1027.2s to go
on time step 4273 (time=42.73), 0.352776 s/step
Meep progress: 42.84/70.39999961853027 = 60.9% done in 1590.6s, 1023.3s to go
on time step 4284 (time=42.84), 0.391351 s/step
Meep progress: 42.96/70.39999961853027 = 61.0% done in 1594.8s, 1018.7s to go
on time step 4296 (time=42.96), 0.351071 s/step
Meep progress: 43.07/70.39999961853027 = 61.2% done in 1598.9s, 1014.5s to go
on time step 4307 (time=43.07), 0.365048 s/step
Meep progress: 43.18/70.39999961853027 = 61.3% done in 1603.2s, 1010.6s to go
on time step 4318 (time=43.18), 0.391131 s/step
Meep progress: 43.300000000000004/70.39999961853027 = 61.5% done in 1607.4s, 1006.0s to go
on time step 4330 (time=43.3), 0.350765 s/step
Meep progress: 43.410000000000004/70.39999961853027 = 61.7% done in 1611.7s, 1002.1s to go
on time step 4341 (time=43.41), 0.391691 s/step
Meep progress: 43.53/70.39999961853027 = 61.8% done in 1615.9s, 997.5s to go
on time step 4353 (time=43.53), 0.351764 s/step
Meep progress: 43.65/70.39999961853027 = 62.0% done in 1620.1s, 992.9s to go
on time step 4365 (time=43.65), 0.353719 s/step
Meep progress: 43.76/70.39999961853027 = 62.2% done in 1624.5s, 988.9s to go
on time step 4376 (time=43.76), 0.392995 s/step
Meep progress: 43.88/70.39999961853027 = 62.3% done in 1628.7s, 984.3s to go
on time step 4388 (time=43.88), 0.350949 s/step
Meep progress: 43.99/70.39999961853027 = 62.5% done in 1633.0s, 980.4s to go
on time step 4399 (time=43.99), 0.393507 s/step
Meep progress: 44.1/70.39999961853027 = 62.6% done in 1637.0s, 976.3s to go
on time step 4410 (time=44.1), 0.36598 s/step
Meep progress: 44.22/70.39999961853027 = 62.8% done in 1641.3s, 971.7s to go
on time step 4422 (time=44.22), 0.352628 s/step
Meep progress: 44.33/70.39999961853027 = 63.0% done in 1645.6s, 967.7s to go
on time step 4433 (time=44.33), 0.392254 s/step
Meep progress: 44.45/70.39999961853027 = 63.1% done in 1649.8s, 963.2s to go
on time step 4445 (time=44.45), 0.351329 s/step
Meep progress: 44.56/70.39999961853027 = 63.3% done in 1654.1s, 959.2s to go
on time step 4456 (time=44.56), 0.392736 s/step
Meep progress: 44.68/70.39999961853027 = 63.5% done in 1658.3s, 954.6s to go
on time step 4468 (time=44.68), 0.350852 s/step
Meep progress: 44.800000000000004/70.39999961853027 = 63.6% done in 1663.0s, 950.3s to go
on time step 4480 (time=44.8), 0.388991 s/step
Meep progress: 44.92/70.39999961853027 = 63.8% done in 1667.2s, 945.7s to go
on time step 4492 (time=44.92), 0.351792 s/step
Meep progress: 45.03/70.39999961853027 = 64.0% done in 1671.2s, 941.6s to go
on time step 4503 (time=45.03), 0.364459 s/step
Meep progress: 45.14/70.39999961853027 = 64.1% done in 1675.5s, 937.6s to go
on time step 4514 (time=45.14), 0.391172 s/step
Meep progress: 45.26/70.39999961853027 = 64.3% done in 1679.8s, 933.0s to go
on time step 4526 (time=45.26), 0.352642 s/step
Meep progress: 45.37/70.39999961853027 = 64.4% done in 1684.1s, 929.1s to go
on time step 4537 (time=45.37), 0.392607 s/step
Meep progress: 45.49/70.39999961853027 = 64.6% done in 1688.3s, 924.5s to go
on time step 4549 (time=45.49), 0.352957 s/step
Meep progress: 45.61/70.39999961853027 = 64.8% done in 1692.5s, 919.9s to go
on time step 4561 (time=45.61), 0.352936 s/step
Meep progress: 45.72/70.39999961853027 = 64.9% done in 1696.9s, 916.0s to go
on time step 4572 (time=45.72), 0.393939 s/step
Meep progress: 45.84/70.39999961853027 = 65.1% done in 1701.1s, 911.4s to go
on time step 4584 (time=45.84), 0.354099 s/step
Meep progress: 45.95/70.39999961853027 = 65.3% done in 1705.4s, 907.5s to go
on time step 4595 (time=45.95), 0.392962 s/step
Meep progress: 46.06/70.39999961853027 = 65.4% done in 1709.5s, 903.3s to go
on time step 4606 (time=46.06), 0.364604 s/step
Meep progress: 46.18/70.39999961853027 = 65.6% done in 1713.7s, 898.8s to go
on time step 4618 (time=46.18), 0.350705 s/step
Meep progress: 46.29/70.39999961853027 = 65.8% done in 1718.0s, 894.8s to go
on time step 4629 (time=46.29), 0.391845 s/step
Meep progress: 46.410000000000004/70.39999961853027 = 65.9% done in 1722.2s, 890.2s to go
on time step 4641 (time=46.41), 0.351983 s/step
Meep progress: 46.52/70.39999961853027 = 66.1% done in 1726.5s, 886.3s to go
on time step 4652 (time=46.52), 0.39004 s/step
Meep progress: 46.64/70.39999961853027 = 66.3% done in 1730.7s, 881.7s to go
on time step 4664 (time=46.64), 0.35118 s/step
Meep progress: 46.76/70.39999961853027 = 66.4% done in 1735.4s, 877.3s to go
on time step 4676 (time=46.76), 0.388286 s/step
Meep progress: 46.88/70.39999961853027 = 66.6% done in 1739.6s, 872.8s to go
on time step 4688 (time=46.88), 0.351314 s/step
Meep progress: 47.0/70.39999961853027 = 66.8% done in 1744.0s, 868.3s to go
on time step 4700 (time=47), 0.36401 s/step
Meep progress: 47.11/70.39999961853027 = 66.9% done in 1748.2s, 864.3s to go
on time step 4711 (time=47.11), 0.390341 s/step
Meep progress: 47.230000000000004/70.39999961853027 = 67.1% done in 1752.5s, 859.7s to go
on time step 4723 (time=47.23), 0.352147 s/step
Meep progress: 47.34/70.39999961853027 = 67.2% done in 1756.8s, 855.7s to go
on time step 4734 (time=47.34), 0.391203 s/step
Meep progress: 47.46/70.39999961853027 = 67.4% done in 1761.0s, 851.2s to go
on time step 4746 (time=47.46), 0.35105 s/step
Meep progress: 47.58/70.39999961853027 = 67.6% done in 1765.2s, 846.6s to go
on time step 4758 (time=47.58), 0.351265 s/step
Meep progress: 47.69/70.39999961853027 = 67.7% done in 1769.5s, 842.6s to go
on time step 4769 (time=47.69), 0.392099 s/step
Meep progress: 47.81/70.39999961853027 = 67.9% done in 1773.7s, 838.1s to go
on time step 4781 (time=47.81), 0.350475 s/step
Meep progress: 47.910000000000004/70.39999961853027 = 68.1% done in 1777.9s, 834.6s to go
on time step 4791 (time=47.91), 0.418868 s/step
Meep progress: 48.02/70.39999961853027 = 68.2% done in 1781.9s, 830.5s to go
on time step 4802 (time=48.02), 0.366019 s/step
Meep progress: 48.14/70.39999961853027 = 68.4% done in 1786.1s, 825.9s to go
on time step 4814 (time=48.14), 0.350334 s/step
Meep progress: 48.25/70.39999961853027 = 68.5% done in 1790.4s, 821.9s to go
on time step 4825 (time=48.25), 0.391531 s/step
Meep progress: 48.370000000000005/70.39999961853027 = 68.7% done in 1794.7s, 817.4s to go
on time step 4837 (time=48.37), 0.35265 s/step
Meep progress: 48.480000000000004/70.39999961853027 = 68.9% done in 1799.0s, 813.4s to go
on time step 4848 (time=48.48), 0.390732 s/step
Meep progress: 48.6/70.39999961853027 = 69.0% done in 1803.2s, 808.8s to go
on time step 4860 (time=48.6), 0.351883 s/step
Meep progress: 48.72/70.39999961853027 = 69.2% done in 1807.9s, 804.5s to go
on time step 4872 (time=48.72), 0.388498 s/step
Meep progress: 48.84/70.39999961853027 = 69.4% done in 1812.1s, 799.9s to go
on time step 4884 (time=48.84), 0.352013 s/step
Meep progress: 48.96/70.39999961853027 = 69.5% done in 1816.3s, 795.4s to go
on time step 4896 (time=48.96), 0.354642 s/step
Meep progress: 49.06/70.39999961853027 = 69.7% done in 1820.4s, 791.9s to go
on time step 4906 (time=49.06), 0.410409 s/step
Meep progress: 49.18/70.39999961853027 = 69.9% done in 1824.7s, 787.3s to go
on time step 4918 (time=49.18), 0.353375 s/step
Meep progress: 49.29/70.39999961853027 = 70.0% done in 1829.0s, 783.3s to go
on time step 4929 (time=49.29), 0.392021 s/step
Meep progress: 49.410000000000004/70.39999961853027 = 70.2% done in 1833.2s, 778.8s to go
on time step 4941 (time=49.41), 0.352391 s/step
Meep progress: 49.53/70.39999961853027 = 70.4% done in 1837.4s, 774.2s to go
on time step 4953 (time=49.53), 0.350474 s/step
Meep progress: 49.63/70.39999961853027 = 70.5% done in 1841.4s, 770.6s to go
on time step 4963 (time=49.63), 0.400835 s/step
Meep progress: 49.75/70.39999961853027 = 70.7% done in 1845.7s, 766.1s to go
on time step 4975 (time=49.75), 0.350936 s/step
Meep progress: 49.86/70.39999961853027 = 70.8% done in 1850.0s, 762.1s to go
on time step 4986 (time=49.86), 0.391703 s/step
Meep progress: 49.980000000000004/70.39999961853027 = 71.0% done in 1854.2s, 757.6s to go
on time step 4998 (time=49.98), 0.351716 s/step
Meep progress: 50.09/70.39999961853027 = 71.2% done in 1858.2s, 753.4s to go
on time step 5009 (time=50.09), 0.364076 s/step
Meep progress: 50.2/70.39999961853027 = 71.3% done in 1862.5s, 749.4s to go
on time step 5020 (time=50.2), 0.390591 s/step
Meep progress: 50.32/70.39999961853027 = 71.5% done in 1866.7s, 744.9s to go
on time step 5032 (time=50.32), 0.35042 s/step
Meep progress: 50.43/70.39999961853027 = 71.6% done in 1871.0s, 740.9s to go
on time step 5043 (time=50.43), 0.389773 s/step
Meep progress: 50.550000000000004/70.39999961853027 = 71.8% done in 1875.2s, 736.4s to go
on time step 5055 (time=50.55), 0.352111 s/step
Meep progress: 50.67/70.39999961853027 = 72.0% done in 1879.4s, 731.8s to go
on time step 5067 (time=50.67), 0.350163 s/step
Meep progress: 50.78/70.39999961853027 = 72.1% done in 1883.7s, 727.8s to go
on time step 5078 (time=50.78), 0.390501 s/step
Meep progress: 50.9/70.39999961853027 = 72.3% done in 1887.9s, 723.3s to go
on time step 5090 (time=50.9), 0.350495 s/step
Meep progress: 51.0/70.39999961853027 = 72.4% done in 1892.0s, 719.7s to go
on time step 5100 (time=51), 0.408193 s/step
Meep progress: 51.120000000000005/70.39999961853027 = 72.6% done in 1896.2s, 715.2s to go
on time step 5112 (time=51.12), 0.352253 s/step
Meep progress: 51.24/70.39999961853027 = 72.8% done in 1900.9s, 710.8s to go
on time step 5124 (time=51.24), 0.387302 s/step
Meep progress: 51.36/70.39999961853027 = 73.0% done in 1905.1s, 706.2s to go
on time step 5136 (time=51.36), 0.351511 s/step
Meep progress: 51.480000000000004/70.39999961853027 = 73.1% done in 1909.3s, 701.7s to go
on time step 5148 (time=51.48), 0.35037 s/step
Meep progress: 51.59/70.39999961853027 = 73.3% done in 1913.6s, 697.7s to go
on time step 5159 (time=51.59), 0.390215 s/step
Meep progress: 51.71/70.39999961853027 = 73.5% done in 1917.8s, 693.2s to go
on time step 5171 (time=51.71), 0.352642 s/step
Meep progress: 51.82/70.39999961853027 = 73.6% done in 1922.2s, 689.2s to go
on time step 5182 (time=51.82), 0.395173 s/step
Meep progress: 51.94/70.39999961853027 = 73.8% done in 1926.4s, 684.7s to go
on time step 5194 (time=51.94), 0.352427 s/step
Meep progress: 52.050000000000004/70.39999961853027 = 73.9% done in 1930.4s, 680.5s to go
on time step 5205 (time=52.05), 0.364093 s/step
Meep progress: 52.160000000000004/70.39999961853027 = 74.1% done in 1934.7s, 676.6s to go
on time step 5216 (time=52.16), 0.394543 s/step
Meep progress: 52.28/70.39999961853027 = 74.3% done in 1939.0s, 672.0s to go
on time step 5228 (time=52.28), 0.353734 s/step
Meep progress: 52.39/70.39999961853027 = 74.4% done in 1943.3s, 668.0s to go
on time step 5239 (time=52.39), 0.391723 s/step
Meep progress: 52.51/70.39999961853027 = 74.6% done in 1947.5s, 663.5s to go
on time step 5251 (time=52.51), 0.351405 s/step
Meep progress: 52.63/70.39999961853027 = 74.8% done in 1951.7s, 659.0s to go
on time step 5263 (time=52.63), 0.353571 s/step
Meep progress: 52.74/70.39999961853027 = 74.9% done in 1956.1s, 655.0s to go
on time step 5274 (time=52.74), 0.392224 s/step
Meep progress: 52.85/70.39999961853027 = 75.1% done in 1960.2s, 650.9s to go
on time step 5285 (time=52.85), 0.374778 s/step
Meep progress: 52.96/70.39999961853027 = 75.2% done in 1964.5s, 646.9s to go
on time step 5296 (time=52.96), 0.393804 s/step
Meep progress: 53.07/70.39999961853027 = 75.4% done in 1968.5s, 642.8s to go
on time step 5307 (time=53.07), 0.363983 s/step
Meep progress: 53.19/70.39999961853027 = 75.6% done in 1972.7s, 638.3s to go
on time step 5319 (time=53.19), 0.351238 s/step
Meep progress: 53.300000000000004/70.39999961853027 = 75.7% done in 1977.0s, 634.3s to go
on time step 5330 (time=53.3), 0.391526 s/step
Meep progress: 53.42/70.39999961853027 = 75.9% done in 1981.3s, 629.8s to go
on time step 5342 (time=53.42), 0.352168 s/step
Meep progress: 53.53/70.39999961853027 = 76.0% done in 1985.6s, 625.7s to go
on time step 5353 (time=53.53), 0.390449 s/step
Meep progress: 53.65/70.39999961853027 = 76.2% done in 1989.8s, 621.2s to go
on time step 5365 (time=53.65), 0.352794 s/step
Meep progress: 53.76/70.39999961853027 = 76.4% done in 1994.1s, 617.2s to go
on time step 5376 (time=53.76), 0.392922 s/step
Meep progress: 53.88/70.39999961853027 = 76.5% done in 1998.4s, 612.7s to go
on time step 5388 (time=53.88), 0.353351 s/step
Meep progress: 54.0/70.39999961853027 = 76.7% done in 2002.7s, 608.2s to go
on time step 5400 (time=54), 0.362244 s/step
Meep progress: 54.11/70.39999961853027 = 76.9% done in 2007.0s, 604.2s to go
on time step 5411 (time=54.11), 0.390147 s/step
Meep progress: 54.230000000000004/70.39999961853027 = 77.0% done in 2011.2s, 599.7s to go
on time step 5423 (time=54.23), 0.351345 s/step
Meep progress: 54.34/70.39999961853027 = 77.2% done in 2015.5s, 595.7s to go
on time step 5434 (time=54.34), 0.39012 s/step
Meep progress: 54.46/70.39999961853027 = 77.4% done in 2019.7s, 591.2s to go
on time step 5446 (time=54.46), 0.350567 s/step
Meep progress: 54.58/70.39999961853027 = 77.5% done in 2023.9s, 586.6s to go
on time step 5458 (time=54.58), 0.351323 s/step
Meep progress: 54.69/70.39999961853027 = 77.7% done in 2028.2s, 582.6s to go
on time step 5469 (time=54.69), 0.391838 s/step
Meep progress: 54.81/70.39999961853027 = 77.9% done in 2032.5s, 578.1s to go
on time step 5481 (time=54.81), 0.352252 s/step
Meep progress: 54.92/70.39999961853027 = 78.0% done in 2036.8s, 574.1s to go
on time step 5492 (time=54.92), 0.390895 s/step
Meep progress: 55.04/70.39999961853027 = 78.2% done in 2041.1s, 569.6s to go
on time step 5504 (time=55.04), 0.362488 s/step
Meep progress: 55.160000000000004/70.39999961853027 = 78.4% done in 2045.8s, 565.2s to go
on time step 5516 (time=55.16), 0.387344 s/step
Meep progress: 55.28/70.39999961853027 = 78.5% done in 2050.0s, 560.7s to go
on time step 5528 (time=55.28), 0.350959 s/step
Meep progress: 55.4/70.39999961853027 = 78.7% done in 2054.2s, 556.2s to go
on time step 5540 (time=55.4), 0.353308 s/step
Meep progress: 55.51/70.39999961853027 = 78.8% done in 2058.5s, 552.2s to go
on time step 5551 (time=55.51), 0.392048 s/step
Meep progress: 55.63/70.39999961853027 = 79.0% done in 2062.7s, 547.7s to go
on time step 5563 (time=55.63), 0.352379 s/step
Meep progress: 55.74/70.39999961853027 = 79.2% done in 2067.1s, 543.7s to go
on time step 5574 (time=55.74), 0.391938 s/step
Meep progress: 55.86/70.39999961853027 = 79.3% done in 2071.3s, 539.1s to go
on time step 5586 (time=55.86), 0.352123 s/step
Meep progress: 55.980000000000004/70.39999961853027 = 79.5% done in 2075.5s, 534.6s to go
on time step 5598 (time=55.98), 0.352593 s/step
Meep progress: 56.08/70.39999961853027 = 79.7% done in 2079.6s, 531.0s to go
on time step 5608 (time=56.08), 0.410397 s/step
Meep progress: 56.2/70.39999961853027 = 79.8% done in 2083.8s, 526.5s to go
on time step 5620 (time=56.2), 0.352231 s/step
Meep progress: 56.31/70.39999961853027 = 80.0% done in 2088.1s, 522.5s to go
on time step 5631 (time=56.31), 0.390247 s/step
Meep progress: 56.43/70.39999961853027 = 80.2% done in 2092.4s, 518.0s to go
on time step 5643 (time=56.43), 0.352002 s/step
Meep progress: 56.550000000000004/70.39999961853027 = 80.3% done in 2096.6s, 513.5s to go
on time step 5655 (time=56.55), 0.350639 s/step
Meep progress: 56.660000000000004/70.39999961853027 = 80.5% done in 2100.9s, 509.5s to go
on time step 5666 (time=56.66), 0.390598 s/step
Meep progress: 56.78/70.39999961853027 = 80.7% done in 2105.1s, 505.0s to go
on time step 5678 (time=56.78), 0.351915 s/step
Meep progress: 56.89/70.39999961853027 = 80.8% done in 2109.4s, 500.9s to go
on time step 5689 (time=56.89), 0.39199 s/step
Meep progress: 57.0/70.39999961853027 = 81.0% done in 2113.4s, 496.8s to go
on time step 5700 (time=57), 0.366244 s/step
Meep progress: 57.120000000000005/70.39999961853027 = 81.1% done in 2118.1s, 492.4s to go
on time step 5712 (time=57.12), 0.386884 s/step
Meep progress: 57.24/70.39999961853027 = 81.3% done in 2122.3s, 487.9s to go
on time step 5724 (time=57.24), 0.352213 s/step
Meep progress: 57.36/70.39999961853027 = 81.5% done in 2126.5s, 483.4s to go
on time step 5736 (time=57.36), 0.352654 s/step
Meep progress: 57.47/70.39999961853027 = 81.6% done in 2130.8s, 479.4s to go
on time step 5747 (time=57.47), 0.391031 s/step
Meep progress: 57.59/70.39999961853027 = 81.8% done in 2135.1s, 474.9s to go
on time step 5759 (time=57.59), 0.351674 s/step
Meep progress: 57.7/70.39999961853027 = 82.0% done in 2139.4s, 470.9s to go
on time step 5770 (time=57.7), 0.395108 s/step
Meep progress: 57.82/70.39999961853027 = 82.1% done in 2143.6s, 466.4s to go
on time step 5782 (time=57.82), 0.351869 s/step
Meep progress: 57.94/70.39999961853027 = 82.3% done in 2147.8s, 461.9s to go
on time step 5794 (time=57.94), 0.351649 s/step
Meep progress: 58.04/70.39999961853027 = 82.4% done in 2151.9s, 458.3s to go
on time step 5804 (time=58.04), 0.408709 s/step
Meep progress: 58.160000000000004/70.39999961853027 = 82.6% done in 2156.2s, 453.8s to go
on time step 5816 (time=58.16), 0.353172 s/step
Meep progress: 58.26/70.39999961853027 = 82.8% done in 2160.4s, 450.2s to go
on time step 5826 (time=58.26), 0.420613 s/step
Meep progress: 58.38/70.39999961853027 = 82.9% done in 2164.6s, 445.7s to go
on time step 5838 (time=58.38), 0.352094 s/step
Meep progress: 58.5/70.39999961853027 = 83.1% done in 2168.8s, 441.2s to go
on time step 5850 (time=58.5), 0.351611 s/step
Meep progress: 58.61/70.39999961853027 = 83.3% done in 2173.1s, 437.1s to go
on time step 5861 (time=58.61), 0.392887 s/step
Meep progress: 58.730000000000004/70.39999961853027 = 83.4% done in 2177.4s, 432.7s to go
on time step 5873 (time=58.73), 0.35196 s/step
Meep progress: 58.84/70.39999961853027 = 83.6% done in 2181.7s, 428.6s to go
on time step 5884 (time=58.84), 0.391019 s/step
Meep progress: 58.96/70.39999961853027 = 83.8% done in 2185.9s, 424.1s to go
on time step 5896 (time=58.96), 0.352738 s/step
Meep progress: 59.07/70.39999961853027 = 83.9% done in 2189.9s, 420.0s to go
on time step 5907 (time=59.07), 0.364378 s/step
Meep progress: 59.18/70.39999961853027 = 84.1% done in 2194.2s, 416.0s to go
on time step 5918 (time=59.18), 0.390427 s/step
Meep progress: 59.300000000000004/70.39999961853027 = 84.2% done in 2198.4s, 411.5s to go
on time step 5930 (time=59.3), 0.35085 s/step
Meep progress: 59.410000000000004/70.39999961853027 = 84.4% done in 2202.7s, 407.5s to go
on time step 5941 (time=59.41), 0.392044 s/step
Meep progress: 59.53/70.39999961853027 = 84.6% done in 2206.9s, 403.0s to go
on time step 5953 (time=59.53), 0.351846 s/step
Meep progress: 59.64/70.39999961853027 = 84.7% done in 2211.2s, 398.9s to go
on time step 5964 (time=59.64), 0.391139 s/step
Meep progress: 59.76/70.39999961853027 = 84.9% done in 2215.5s, 394.5s to go
on time step 5976 (time=59.76), 0.351715 s/step
Meep progress: 59.88/70.39999961853027 = 85.1% done in 2219.7s, 390.0s to go
on time step 5988 (time=59.88), 0.350697 s/step
Meep progress: 59.99/70.39999961853027 = 85.2% done in 2224.0s, 385.9s to go
on time step 5999 (time=59.99), 0.391832 s/step
Meep progress: 60.11/70.39999961853027 = 85.4% done in 2228.3s, 381.5s to go
on time step 6011 (time=60.11), 0.362036 s/step
Meep progress: 60.22/70.39999961853027 = 85.5% done in 2232.7s, 377.4s to go
on time step 6022 (time=60.22), 0.392955 s/step
Meep progress: 60.34/70.39999961853027 = 85.7% done in 2236.9s, 372.9s to go
on time step 6034 (time=60.34), 0.352645 s/step
Meep progress: 60.46/70.39999961853027 = 85.9% done in 2241.1s, 368.5s to go
on time step 6046 (time=60.46), 0.351647 s/step
Meep progress: 60.57/70.39999961853027 = 86.0% done in 2245.4s, 364.4s to go
on time step 6057 (time=60.57), 0.392448 s/step
Meep progress: 60.69/70.39999961853027 = 86.2% done in 2249.7s, 359.9s to go
on time step 6069 (time=60.69), 0.352541 s/step
Meep progress: 60.800000000000004/70.39999961853027 = 86.4% done in 2254.0s, 355.9s to go
on time step 6080 (time=60.8), 0.391808 s/step
Meep progress: 60.92/70.39999961853027 = 86.5% done in 2258.2s, 351.4s to go
on time step 6092 (time=60.92), 0.352125 s/step
Meep progress: 61.03/70.39999961853027 = 86.7% done in 2262.2s, 347.3s to go
on time step 6103 (time=61.03), 0.364526 s/step
Meep progress: 61.14/70.39999961853027 = 86.8% done in 2266.5s, 343.3s to go
on time step 6114 (time=61.14), 0.391727 s/step
Meep progress: 61.26/70.39999961853027 = 87.0% done in 2270.7s, 338.8s to go
on time step 6126 (time=61.26), 0.351879 s/step
Meep progress: 61.370000000000005/70.39999961853027 = 87.2% done in 2275.1s, 334.8s to go
on time step 6137 (time=61.37), 0.39314 s/step
Meep progress: 61.49/70.39999961853027 = 87.3% done in 2279.3s, 330.3s to go
on time step 6149 (time=61.49), 0.351081 s/step
Meep progress: 61.6/70.39999961853027 = 87.5% done in 2283.6s, 326.2s to go
on time step 6160 (time=61.6), 0.390976 s/step
Meep progress: 61.72/70.39999961853027 = 87.7% done in 2287.8s, 321.7s to go
on time step 6172 (time=61.72), 0.351765 s/step
Meep progress: 61.84/70.39999961853027 = 87.8% done in 2292.0s, 317.3s to go
on time step 6184 (time=61.84), 0.351344 s/step
Meep progress: 61.95/70.39999961853027 = 88.0% done in 2296.3s, 313.2s to go
on time step 6195 (time=61.95), 0.394399 s/step
Meep progress: 62.06/70.39999961853027 = 88.2% done in 2300.4s, 309.1s to go
on time step 6206 (time=62.06), 0.364985 s/step
Meep progress: 62.17/70.39999961853027 = 88.3% done in 2304.7s, 305.1s to go
on time step 6217 (time=62.17), 0.393604 s/step
Meep progress: 62.29/70.39999961853027 = 88.5% done in 2308.9s, 300.6s to go
on time step 6229 (time=62.29), 0.354164 s/step
Meep progress: 62.410000000000004/70.39999961853027 = 88.7% done in 2313.2s, 296.1s to go
on time step 6241 (time=62.41), 0.351165 s/step
Meep progress: 62.52/70.39999961853027 = 88.8% done in 2317.5s, 292.1s to go
on time step 6252 (time=62.52), 0.393206 s/step
Meep progress: 62.64/70.39999961853027 = 89.0% done in 2321.7s, 287.6s to go
on time step 6264 (time=62.64), 0.351346 s/step
Meep progress: 62.75/70.39999961853027 = 89.1% done in 2326.0s, 283.6s to go
on time step 6275 (time=62.75), 0.390208 s/step
Meep progress: 62.870000000000005/70.39999961853027 = 89.3% done in 2330.2s, 279.1s to go
on time step 6287 (time=62.87), 0.350227 s/step
Meep progress: 62.99/70.39999961853027 = 89.5% done in 2334.4s, 274.6s to go
on time step 6299 (time=62.99), 0.35015 s/step
Meep progress: 63.09/70.39999961853027 = 89.6% done in 2338.5s, 270.9s to go
on time step 6309 (time=63.09), 0.407193 s/step
Meep progress: 63.21/70.39999961853027 = 89.8% done in 2342.7s, 266.5s to go
on time step 6321 (time=63.21), 0.351352 s/step
Meep progress: 63.32/70.39999961853027 = 89.9% done in 2347.0s, 262.4s to go
on time step 6332 (time=63.32), 0.389839 s/step
Meep progress: 63.43/70.39999961853027 = 90.1% done in 2351.1s, 258.3s to go
on time step 6343 (time=63.43), 0.372723 s/step
Meep progress: 63.550000000000004/70.39999961853027 = 90.3% done in 2355.3s, 253.9s to go
on time step 6355 (time=63.55), 0.353227 s/step
Meep progress: 63.660000000000004/70.39999961853027 = 90.4% done in 2359.6s, 249.8s to go
on time step 6366 (time=63.66), 0.390603 s/step
Meep progress: 63.78/70.39999961853027 = 90.6% done in 2363.9s, 245.4s to go
on time step 6378 (time=63.78), 0.35521 s/step
Meep progress: 63.89/70.39999961853027 = 90.8% done in 2368.2s, 241.3s to go
on time step 6389 (time=63.89), 0.391563 s/step
Meep progress: 64.0/70.39999961853027 = 90.9% done in 2372.2s, 237.2s to go
on time step 6400 (time=64), 0.366377 s/step
Meep progress: 64.12/70.39999961853027 = 91.1% done in 2376.9s, 232.8s to go
on time step 6412 (time=64.12), 0.387491 s/step
Meep progress: 64.24/70.39999961853027 = 91.3% done in 2381.1s, 228.3s to go
on time step 6424 (time=64.24), 0.351297 s/step
Meep progress: 64.36/70.39999961853027 = 91.4% done in 2385.3s, 223.9s to go
on time step 6436 (time=64.36), 0.351676 s/step
Meep progress: 64.47/70.39999961853027 = 91.6% done in 2389.6s, 219.8s to go
on time step 6447 (time=64.47), 0.390079 s/step
Meep progress: 64.59/70.39999961853027 = 91.7% done in 2393.8s, 215.3s to go
on time step 6459 (time=64.59), 0.35158 s/step
Meep progress: 64.7/70.39999961853027 = 91.9% done in 2398.1s, 211.3s to go
on time step 6470 (time=64.7), 0.391355 s/step
Meep progress: 64.82000000000001/70.39999961853027 = 92.1% done in 2402.3s, 206.8s to go
on time step 6482 (time=64.82), 0.351383 s/step
Meep progress: 64.94/70.39999961853027 = 92.2% done in 2406.5s, 202.3s to go
on time step 6494 (time=64.94), 0.351138 s/step
Meep progress: 65.04/70.39999961853027 = 92.4% done in 2410.6s, 198.7s to go
on time step 6504 (time=65.04), 0.408313 s/step
Meep progress: 65.16/70.39999961853027 = 92.6% done in 2414.9s, 194.2s to go
on time step 6516 (time=65.16), 0.354437 s/step
Meep progress: 65.27/70.39999961853027 = 92.7% done in 2419.2s, 190.1s to go
on time step 6527 (time=65.27), 0.391429 s/step
Meep progress: 65.39/70.39999961853027 = 92.9% done in 2423.4s, 185.7s to go
on time step 6539 (time=65.39), 0.351223 s/step
Meep progress: 65.51/70.39999961853027 = 93.1% done in 2427.6s, 181.2s to go
on time step 6551 (time=65.51), 0.351362 s/step
Meep progress: 65.62/70.39999961853027 = 93.2% done in 2431.9s, 177.1s to go
on time step 6562 (time=65.62), 0.391419 s/step
Meep progress: 65.74/70.39999961853027 = 93.4% done in 2436.1s, 172.7s to go
on time step 6574 (time=65.74), 0.351608 s/step
Meep progress: 65.85/70.39999961853027 = 93.5% done in 2440.4s, 168.6s to go
on time step 6585 (time=65.85), 0.390551 s/step
Meep progress: 65.97/70.39999961853027 = 93.7% done in 2444.7s, 164.2s to go
on time step 6597 (time=65.97), 0.35209 s/step
Meep progress: 66.08/70.39999961853027 = 93.9% done in 2449.1s, 160.1s to go
on time step 6608 (time=66.08), 0.405017 s/step
Meep progress: 66.2/70.39999961853027 = 94.0% done in 2453.3s, 155.6s to go
on time step 6620 (time=66.2), 0.351513 s/step
Meep progress: 66.32000000000001/70.39999961853027 = 94.2% done in 2457.6s, 151.2s to go
on time step 6632 (time=66.32), 0.352402 s/step
Meep progress: 66.43/70.39999961853027 = 94.4% done in 2461.9s, 147.1s to go
on time step 6643 (time=66.43), 0.391223 s/step
Meep progress: 66.55/70.39999961853027 = 94.5% done in 2466.1s, 142.7s to go
on time step 6655 (time=66.55), 0.350076 s/step
Meep progress: 66.66/70.39999961853027 = 94.7% done in 2470.4s, 138.6s to go
on time step 6666 (time=66.66), 0.390434 s/step
Meep progress: 66.78/70.39999961853027 = 94.9% done in 2474.6s, 134.1s to go
on time step 6678 (time=66.78), 0.353763 s/step
Meep progress: 66.9/70.39999961853027 = 95.0% done in 2478.8s, 129.7s to go
on time step 6690 (time=66.9), 0.352285 s/step
Meep progress: 67.0/70.39999961853027 = 95.2% done in 2482.9s, 126.0s to go
on time step 6700 (time=67), 0.412126 s/step
Meep progress: 67.12/70.39999961853027 = 95.3% done in 2487.1s, 121.5s to go
on time step 6712 (time=67.12), 0.349981 s/step
Meep progress: 67.23/70.39999961853027 = 95.5% done in 2491.5s, 117.5s to go
on time step 6723 (time=67.23), 0.392299 s/step
Meep progress: 67.35/70.39999961853027 = 95.7% done in 2495.7s, 113.0s to go
on time step 6735 (time=67.35), 0.351346 s/step
Meep progress: 67.47/70.39999961853027 = 95.8% done in 2499.9s, 108.6s to go
on time step 6747 (time=67.47), 0.352217 s/step
Meep progress: 67.58/70.39999961853027 = 96.0% done in 2504.2s, 104.5s to go
on time step 6758 (time=67.58), 0.392009 s/step
Meep progress: 67.7/70.39999961853027 = 96.2% done in 2508.4s, 100.0s to go
on time step 6770 (time=67.7), 0.35166 s/step
Meep progress: 67.81/70.39999961853027 = 96.3% done in 2512.7s, 96.0s to go
on time step 6781 (time=67.81), 0.391958 s/step
Meep progress: 67.93/70.39999961853027 = 96.5% done in 2517.0s, 91.5s to go
on time step 6793 (time=67.93), 0.351733 s/step
Meep progress: 68.04/70.39999961853027 = 96.6% done in 2521.4s, 87.5s to go
on time step 6804 (time=68.04), 0.403974 s/step
Meep progress: 68.16/70.39999961853027 = 96.8% done in 2525.6s, 83.0s to go
on time step 6816 (time=68.16), 0.351074 s/step
Meep progress: 68.28/70.39999961853027 = 97.0% done in 2529.9s, 78.5s to go
on time step 6828 (time=68.28), 0.353427 s/step
Meep progress: 68.39/70.39999961853027 = 97.1% done in 2534.2s, 74.5s to go
on time step 6839 (time=68.39), 0.394197 s/step
Meep progress: 68.51/70.39999961853027 = 97.3% done in 2538.7s, 70.0s to go
on time step 6851 (time=68.51), 0.371789 s/step
Meep progress: 68.62/70.39999961853027 = 97.5% done in 2543.0s, 66.0s to go
on time step 6862 (time=68.62), 0.394419 s/step
Meep progress: 68.74/70.39999961853027 = 97.6% done in 2547.3s, 61.5s to go
on time step 6874 (time=68.74), 0.35472 s/step
Meep progress: 68.86/70.39999961853027 = 97.8% done in 2551.5s, 57.1s to go
on time step 6886 (time=68.86), 0.353061 s/step
Meep progress: 68.97/70.39999961853027 = 98.0% done in 2555.8s, 53.0s to go
on time step 6897 (time=68.97), 0.393014 s/step
Meep progress: 69.08/70.39999961853027 = 98.1% done in 2559.8s, 48.9s to go
on time step 6908 (time=69.08), 0.365783 s/step
Meep progress: 69.19/70.39999961853027 = 98.3% done in 2564.2s, 44.8s to go
on time step 6919 (time=69.19), 0.392191 s/step
Meep progress: 69.31/70.39999961853027 = 98.5% done in 2568.4s, 40.4s to go
on time step 6931 (time=69.31), 0.351263 s/step
Meep progress: 69.43/70.39999961853027 = 98.6% done in 2572.6s, 35.9s to go
on time step 6943 (time=69.43), 0.352822 s/step
Meep progress: 69.54/70.39999961853027 = 98.8% done in 2576.9s, 31.9s to go
on time step 6954 (time=69.54), 0.39251 s/step
Meep progress: 69.66/70.39999961853027 = 98.9% done in 2581.2s, 27.4s to go
on time step 6966 (time=69.66), 0.352981 s/step
Meep progress: 69.77/70.39999961853027 = 99.1% done in 2585.5s, 23.3s to go
on time step 6977 (time=69.77), 0.393361 s/step
Meep progress: 69.89/70.39999961853027 = 99.3% done in 2589.7s, 18.9s to go
on time step 6989 (time=69.89), 0.351927 s/step
Meep progress: 70.0/70.39999961853027 = 99.4% done in 2594.2s, 14.8s to go
on time step 7000 (time=70), 0.405488 s/step
Meep progress: 70.12/70.39999961853027 = 99.6% done in 2598.4s, 10.4s to go
on time step 7012 (time=70.12), 0.351954 s/step
Meep progress: 70.24/70.39999961853027 = 99.8% done in 2602.6s, 5.9s to go
on time step 7024 (time=70.24), 0.351761 s/step
Meep progress: 70.35000000000001/70.39999961853027 = 99.9% done in 2606.9s, 1.9s to go
on time step 7035 (time=70.35), 0.391591 s/step
creating output file "./nanobeam-eps-000070.40.h5"...

Elapsed run time = 2645.3286 s
