Using MPI version 4.0, 2 processes
-----------
Initializing structure...
Padding x to even number of grid points.
Halving computational cell along direction x
Halving computational cell along direction z
Splitting into 2 chunks by voxels
time for choose_chunkdivision = 0.00114202 s
Working in 3D dimensions.
Computational cell is 14.7 x 5.22 x 4.84 with resolution 50
     block, center = (0,0.381,0)
          size (1e+20,0.462,0.14)
          axes (1,0,0), (0,1,0), (0,0,1)
          dielectric constant epsilon diagonal = (4,4,4)
     block, center = (0,-0.381,0)
          size (1e+20,0.462,0.14)
          axes (1,0,0), (0,1,0), (0,0,1)
          dielectric constant epsilon diagonal = (4,4,4)
     cylinder, center = (1.29643,0.381,0)
          radius 0.1155, height 1e+20, axis (0, 0, 1)
          dielectric constant epsilon diagonal = (1,1,1)
     cylinder, center = (-1.29643,0.381,0)
          radius 0.1155, height 1e+20, axis (0, 0, 1)
          dielectric constant epsilon diagonal = (1,1,1)
     cylinder, center = (0.127286,0.381,0)
          radius 0.0891, height 1e+20, axis (0, 0, 1)
          dielectric constant epsilon diagonal = (1,1,1)
     cylinder, center = (-0.127286,0.381,0)
          radius 0.0891, height 1e+20, axis (0, 0, 1)
          dielectric constant epsilon diagonal = (1,1,1)
     cylinder, center = (0.391286,0.381,0)
          radius 0.0957, height 1e+20, axis (0, 0, 1)
          dielectric constant epsilon diagonal = (1,1,1)
     cylinder, center = (-0.391286,0.381,0)
          radius 0.0957, height 1e+20, axis (0, 0, 1)
          dielectric constant epsilon diagonal = (1,1,1)
     cylinder, center = (0.674143,0.381,0)
          radius 0.1023, height 1e+20, axis (0, 0, 1)
          dielectric constant epsilon diagonal = (1,1,1)
     cylinder, center = (-0.674143,0.381,0)
          radius 0.1023, height 1e+20, axis (0, 0, 1)
          dielectric constant epsilon diagonal = (1,1,1)
     ...(+ 40 objects not shown)...
time for set_epsilon = 18.151 s
-----------
Meep progress: 0.01/45.39999961853027 = 0.0% done in 8.6s, 38883.3s to go
on time step 1 (time=0.01), 8.56637 s/step
Meep progress: 0.27/45.39999961853027 = 0.6% done in 12.7s, 2119.0s to go
on time step 27 (time=0.27), 0.158098 s/step
Meep progress: 0.51/45.39999961853027 = 1.1% done in 16.7s, 1468.4s to go
on time step 51 (time=0.51), 0.166914 s/step
Meep progress: 0.75/45.39999961853027 = 1.7% done in 20.7s, 1232.2s to go
on time step 75 (time=0.75), 0.167267 s/step
Meep progress: 0.99/45.39999961853027 = 2.2% done in 24.7s, 1108.2s to go
on time step 99 (time=0.99), 0.166976 s/step
     block, center = (0,0.381,0)
          size (1e+20,0.462,0.14)
          axes (1,0,0), (0,1,0), (0,0,1)
          dielectric constant epsilon diagonal = (4,4,4)
     block, center = (0,-0.381,0)
          size (1e+20,0.462,0.14)
          axes (1,0,0), (0,1,0), (0,0,1)
          dielectric constant epsilon diagonal = (4,4,4)
     cylinder, center = (1.29643,0.381,0)
          radius 0.1155, height 1e+20, axis (0, 0, 1)
          dielectric constant epsilon diagonal = (1,1,1)
     cylinder, center = (-1.29643,0.381,0)
          radius 0.1155, height 1e+20, axis (0, 0, 1)
          dielectric constant epsilon diagonal = (1,1,1)
     cylinder, center = (0.127286,0.381,0)
          radius 0.0891, height 1e+20, axis (0, 0, 1)
          dielectric constant epsilon diagonal = (1,1,1)
     cylinder, center = (-0.127286,0.381,0)
          radius 0.0891, height 1e+20, axis (0, 0, 1)
          dielectric constant epsilon diagonal = (1,1,1)
     cylinder, center = (0.391286,0.381,0)
          radius 0.0957, height 1e+20, axis (0, 0, 1)
          dielectric constant epsilon diagonal = (1,1,1)
     cylinder, center = (-0.391286,0.381,0)
          radius 0.0957, height 1e+20, axis (0, 0, 1)
          dielectric constant epsilon diagonal = (1,1,1)
     cylinder, center = (0.674143,0.381,0)
          radius 0.1023, height 1e+20, axis (0, 0, 1)
          dielectric constant epsilon diagonal = (1,1,1)
     cylinder, center = (-0.674143,0.381,0)
          radius 0.1023, height 1e+20, axis (0, 0, 1)
          dielectric constant epsilon diagonal = (1,1,1)
     ...(+ 40 objects not shown)...
Meep progress: 1.22/45.39999961853027 = 2.7% done in 28.8s, 1044.0s to go
on time step 122 (time=1.22), 0.179287 s/step
Meep progress: 1.47/45.39999961853027 = 3.2% done in 33.0s, 985.0s to go
on time step 147 (time=1.47), 0.165223 s/step
Meep progress: 1.72/45.39999961853027 = 3.8% done in 37.1s, 942.9s to go
on time step 172 (time=1.72), 0.166729 s/step
Meep progress: 1.97/45.39999961853027 = 4.3% done in 41.3s, 909.8s to go
on time step 197 (time=1.97), 0.165698 s/step
Meep progress: 2.22/45.39999961853027 = 4.9% done in 45.4s, 882.7s to go
on time step 222 (time=2.22), 0.16446 s/step
Meep progress: 2.46/45.39999961853027 = 5.4% done in 49.4s, 862.4s to go
on time step 246 (time=2.46), 0.167782 s/step
Meep progress: 2.71/45.39999961853027 = 6.0% done in 53.6s, 843.8s to go
on time step 271 (time=2.71), 0.166193 s/step
Meep progress: 2.95/45.39999961853027 = 6.5% done in 57.6s, 828.6s to go
on time step 295 (time=2.95), 0.16735 s/step
Meep progress: 3.18/45.39999961853027 = 7.0% done in 61.6s, 817.8s to go
on time step 318 (time=3.18), 0.174476 s/step
Meep progress: 3.42/45.39999961853027 = 7.5% done in 65.6s, 805.2s to go
on time step 342 (time=3.42), 0.166884 s/step
Meep progress: 3.66/45.39999961853027 = 8.1% done in 69.6s, 793.9s to go
on time step 366 (time=3.66), 0.167186 s/step
Meep progress: 3.92/45.39999961853027 = 8.6% done in 73.9s, 782.0s to go
on time step 392 (time=3.92), 0.164947 s/step
Meep progress: 4.17/45.39999961853027 = 9.2% done in 78.0s, 771.2s to go
on time step 417 (time=4.17), 0.164144 s/step
Meep progress: 4.42/45.39999961853027 = 9.7% done in 82.2s, 761.7s to go
on time step 442 (time=4.42), 0.165966 s/step
Meep progress: 4.67/45.39999961853027 = 10.3% done in 86.3s, 752.6s to go
on time step 467 (time=4.67), 0.165746 s/step
Meep progress: 4.92/45.39999961853027 = 10.8% done in 90.4s, 744.1s to go
on time step 492 (time=4.92), 0.165787 s/step
Meep progress: 5.16/45.39999961853027 = 11.4% done in 94.6s, 737.6s to go
on time step 516 (time=5.16), 0.172741 s/step
Meep progress: 5.4/45.39999961853027 = 11.9% done in 98.6s, 730.3s to go
on time step 540 (time=5.4), 0.166679 s/step
Meep progress: 5.65/45.39999961853027 = 12.4% done in 102.7s, 722.7s to go
on time step 565 (time=5.65), 0.165682 s/step
Meep progress: 5.9/45.39999961853027 = 13.0% done in 106.9s, 715.5s to go
on time step 590 (time=5.9), 0.165682 s/step
Meep progress: 6.15/45.39999961853027 = 13.5% done in 111.0s, 708.2s to go
on time step 615 (time=6.15), 0.163944 s/step
Meep progress: 6.4/45.39999961853027 = 14.1% done in 115.1s, 701.6s to go
on time step 640 (time=6.4), 0.16647 s/step
Meep progress: 6.65/45.39999961853027 = 14.6% done in 119.3s, 695.0s to go
on time step 665 (time=6.65), 0.165243 s/step
Meep progress: 6.890000000000001/45.39999961853027 = 15.2% done in 123.3s, 689.0s to go
on time step 689 (time=6.89), 0.166732 s/step
Meep progress: 7.13/45.39999961853027 = 15.7% done in 127.4s, 683.9s to go
on time step 713 (time=7.13), 0.172675 s/step
Meep progress: 7.38/45.39999961853027 = 16.3% done in 131.5s, 677.7s to go
on time step 738 (time=7.38), 0.1654 s/step
Meep progress: 7.63/45.39999961853027 = 16.8% done in 135.7s, 671.6s to go
on time step 763 (time=7.63), 0.16498 s/step
Meep progress: 7.87/45.39999961853027 = 17.3% done in 139.7s, 666.1s to go
on time step 787 (time=7.87), 0.16674 s/step
Meep progress: 8.120000000000001/45.39999961853027 = 17.9% done in 144.0s, 661.0s to go
on time step 812 (time=8.12), 0.17198 s/step
Meep progress: 8.38/45.39999961853027 = 18.5% done in 148.1s, 654.1s to go
on time step 838 (time=8.38), 0.157473 s/step
Meep progress: 8.63/45.39999961853027 = 19.0% done in 152.2s, 648.5s to go
on time step 863 (time=8.63), 0.165726 s/step
Meep progress: 8.88/45.39999961853027 = 19.6% done in 156.4s, 643.1s to go
on time step 888 (time=8.88), 0.166182 s/step
Meep progress: 9.120000000000001/45.39999961853027 = 20.1% done in 160.5s, 638.5s to go
on time step 912 (time=9.12), 0.172551 s/step
Meep progress: 9.370000000000001/45.39999961853027 = 20.6% done in 164.7s, 633.1s to go
on time step 937 (time=9.37), 0.165996 s/step
Meep progress: 9.620000000000001/45.39999961853027 = 21.2% done in 168.8s, 627.9s to go
on time step 962 (time=9.62), 0.166177 s/step
Meep progress: 9.870000000000001/45.39999961853027 = 21.7% done in 172.9s, 622.6s to go
on time step 987 (time=9.87), 0.165669 s/step
Meep progress: 10.1/45.39999961853027 = 22.2% done in 177.0s, 618.5s to go
on time step 1010 (time=10.1), 0.174032 s/step
Meep progress: 10.36/45.39999961853027 = 22.8% done in 181.2s, 613.0s to go
on time step 1036 (time=10.36), 0.165218 s/step
Meep progress: 10.620000000000001/45.39999961853027 = 23.4% done in 185.3s, 607.0s to go
on time step 1062 (time=10.62), 0.157233 s/step
Meep progress: 10.86/45.39999961853027 = 23.9% done in 189.3s, 602.2s to go
on time step 1086 (time=10.86), 0.166803 s/step
Meep progress: 11.1/45.39999961853027 = 24.4% done in 193.5s, 597.9s to go
on time step 1110 (time=11.1), 0.17274 s/step
Meep progress: 11.35/45.39999961853027 = 25.0% done in 197.6s, 592.9s to go
on time step 1135 (time=11.35), 0.165496 s/step
Meep progress: 11.59/45.39999961853027 = 25.5% done in 201.6s, 588.2s to go
on time step 1159 (time=11.59), 0.166731 s/step
Meep progress: 11.84/45.39999961853027 = 26.1% done in 205.8s, 583.2s to go
on time step 1184 (time=11.84), 0.165416 s/step
Meep progress: 12.08/45.39999961853027 = 26.6% done in 209.9s, 578.9s to go
on time step 1208 (time=12.08), 0.171394 s/step
Meep progress: 12.33/45.39999961853027 = 27.2% done in 214.0s, 573.9s to go
on time step 1233 (time=12.33), 0.164254 s/step
Meep progress: 12.59/45.39999961853027 = 27.7% done in 218.1s, 568.3s to go
on time step 1259 (time=12.59), 0.157501 s/step
Meep progress: 12.84/45.39999961853027 = 28.3% done in 222.2s, 563.4s to go
on time step 1284 (time=12.84), 0.164664 s/step
Meep progress: 13.08/45.39999961853027 = 28.8% done in 226.3s, 559.3s to go
on time step 1308 (time=13.08), 0.172564 s/step
Meep progress: 13.33/45.39999961853027 = 29.4% done in 230.5s, 554.5s to go
on time step 1333 (time=13.33), 0.165273 s/step
Meep progress: 13.58/45.39999961853027 = 29.9% done in 234.6s, 549.7s to go
on time step 1358 (time=13.58), 0.165444 s/step
Meep progress: 13.83/45.39999961853027 = 30.5% done in 238.7s, 545.0s to go
on time step 1383 (time=13.83), 0.165143 s/step
Meep progress: 14.06/45.39999961853027 = 31.0% done in 242.7s, 541.1s to go
on time step 1406 (time=14.06), 0.174061 s/step
Meep progress: 14.31/45.39999961853027 = 31.5% done in 246.9s, 536.4s to go
on time step 1431 (time=14.31), 0.165857 s/step
Meep progress: 14.56/45.39999961853027 = 32.1% done in 251.0s, 531.6s to go
on time step 1456 (time=14.56), 0.164504 s/step
Meep progress: 14.82/45.39999961853027 = 32.6% done in 255.1s, 526.3s to go
on time step 1482 (time=14.82), 0.157265 s/step
Meep progress: 15.05/45.39999961853027 = 33.1% done in 259.1s, 522.5s to go
on time step 1505 (time=15.05), 0.174284 s/step
Meep progress: 15.3/45.39999961853027 = 33.7% done in 263.2s, 517.9s to go
on time step 1530 (time=15.3), 0.165844 s/step
Meep progress: 15.55/45.39999961853027 = 34.3% done in 267.4s, 513.3s to go
on time step 1555 (time=15.55), 0.165775 s/step
Meep progress: 15.8/45.39999961853027 = 34.8% done in 271.5s, 508.7s to go
on time step 1580 (time=15.8), 0.165774 s/step
Meep progress: 16.03/45.39999961853027 = 35.3% done in 275.5s, 504.8s to go
on time step 1603 (time=16.03), 0.174153 s/step
Meep progress: 16.28/45.39999961853027 = 35.9% done in 279.7s, 500.2s to go
on time step 1628 (time=16.28), 0.165288 s/step
Meep progress: 16.53/45.39999961853027 = 36.4% done in 283.8s, 495.7s to go
on time step 1653 (time=16.53), 0.165991 s/step
Meep progress: 16.79/45.39999961853027 = 37.0% done in 287.9s, 490.6s to go
on time step 1679 (time=16.79), 0.156671 s/step
Meep progress: 17.02/45.39999961853027 = 37.5% done in 291.9s, 486.7s to go
on time step 1702 (time=17.02), 0.174582 s/step
Meep progress: 17.27/45.39999961853027 = 38.0% done in 296.0s, 482.2s to go
on time step 1727 (time=17.27), 0.164878 s/step
Meep progress: 17.52/45.39999961853027 = 38.6% done in 300.2s, 477.7s to go
on time step 1752 (time=17.52), 0.165402 s/step
Meep progress: 17.77/45.39999961853027 = 39.1% done in 304.3s, 473.2s to go
on time step 1777 (time=17.77), 0.165833 s/step
Meep progress: 18.0/45.39999961853027 = 39.6% done in 308.3s, 469.3s to go
on time step 1800 (time=18), 0.173997 s/step
Meep progress: 18.25/45.39999961853027 = 40.2% done in 312.4s, 464.8s to go
on time step 1825 (time=18.25), 0.165377 s/step
Meep progress: 18.5/45.39999961853027 = 40.7% done in 316.6s, 460.3s to go
on time step 1850 (time=18.5), 0.164909 s/step
Meep progress: 18.76/45.39999961853027 = 41.3% done in 320.9s, 455.6s to go
on time step 1876 (time=18.76), 0.165298 s/step
Meep progress: 19.01/45.39999961853027 = 41.9% done in 324.9s, 451.1s to go
on time step 1901 (time=19.01), 0.162834 s/step
Meep progress: 19.26/45.39999961853027 = 42.4% done in 329.1s, 446.6s to go
on time step 1926 (time=19.26), 0.166059 s/step
Meep progress: 19.51/45.39999961853027 = 43.0% done in 333.2s, 442.2s to go
on time step 1951 (time=19.51), 0.166155 s/step
Meep progress: 19.76/45.39999961853027 = 43.5% done in 337.4s, 437.8s to go
on time step 1976 (time=19.76), 0.165813 s/step
Meep progress: 20.0/45.39999961853027 = 44.1% done in 341.5s, 433.7s to go
on time step 2000 (time=20), 0.172536 s/step
Meep progress: 20.25/45.39999961853027 = 44.6% done in 345.7s, 429.3s to go
on time step 2025 (time=20.25), 0.165946 s/step
Meep progress: 20.5/45.39999961853027 = 45.2% done in 349.8s, 424.9s to go
on time step 2050 (time=20.5), 0.165808 s/step
Meep progress: 20.740000000000002/45.39999961853027 = 45.7% done in 353.8s, 420.7s to go
on time step 2074 (time=20.74), 0.166814 s/step
Meep progress: 21.0/45.39999961853027 = 46.3% done in 358.3s, 416.3s to go
on time step 2100 (time=21), 0.171958 s/step
Meep progress: 21.26/45.39999961853027 = 46.8% done in 362.4s, 411.5s to go
on time step 2126 (time=21.26), 0.157406 s/step
Meep progress: 21.51/45.39999961853027 = 47.4% done in 366.5s, 407.1s to go
on time step 2151 (time=21.51), 0.166055 s/step
Meep progress: 21.76/45.39999961853027 = 47.9% done in 370.7s, 402.7s to go
on time step 2176 (time=21.76), 0.165613 s/step
Meep progress: 22.0/45.39999961853027 = 48.5% done in 374.8s, 398.7s to go
on time step 2200 (time=22), 0.173239 s/step
Meep progress: 22.25/45.39999961853027 = 49.0% done in 379.0s, 394.3s to go
on time step 2225 (time=22.25), 0.165323 s/step
Meep progress: 22.5/45.39999961853027 = 49.6% done in 383.1s, 389.9s to go
on time step 2250 (time=22.5), 0.166417 s/step
Meep progress: 22.75/45.39999961853027 = 50.1% done in 387.3s, 385.6s to go
on time step 2275 (time=22.75), 0.165803 s/step
Meep progress: 23.0/45.39999961853027 = 50.7% done in 391.6s, 381.4s to go
on time step 2300 (time=23), 0.172785 s/step
Meep progress: 23.25/45.39999961853027 = 51.2% done in 395.7s, 377.0s to go
on time step 2325 (time=23.25), 0.165304 s/step
Meep progress: 23.51/45.39999961853027 = 51.8% done in 399.8s, 372.3s to go
on time step 2351 (time=23.51), 0.157979 s/step
Meep progress: 23.76/45.39999961853027 = 52.3% done in 404.0s, 367.9s to go
on time step 2376 (time=23.76), 0.165123 s/step
Meep progress: 24.0/45.39999961853027 = 52.9% done in 408.1s, 363.9s to go
on time step 2400 (time=24), 0.172963 s/step
Meep progress: 24.240000000000002/45.39999961853027 = 53.4% done in 412.1s, 359.8s to go
on time step 2424 (time=24.24), 0.166921 s/step
Meep progress: 24.490000000000002/45.39999961853027 = 53.9% done in 416.3s, 355.4s to go
on time step 2449 (time=24.49), 0.16602 s/step
Meep progress: 24.740000000000002/45.39999961853027 = 54.5% done in 420.4s, 351.1s to go
on time step 2474 (time=24.74), 0.165429 s/step
Meep progress: 24.990000000000002/45.39999961853027 = 55.0% done in 424.5s, 346.7s to go
on time step 2499 (time=24.99), 0.165645 s/step
Meep progress: 25.23/45.39999961853027 = 55.6% done in 428.7s, 342.7s to go
on time step 2523 (time=25.23), 0.172848 s/step
Meep progress: 25.48/45.39999961853027 = 56.1% done in 432.8s, 338.4s to go
on time step 2548 (time=25.48), 0.165748 s/step
Meep progress: 25.740000000000002/45.39999961853027 = 56.7% done in 436.9s, 333.7s to go
on time step 2574 (time=25.74), 0.156674 s/step
Meep progress: 25.98/45.39999961853027 = 57.2% done in 440.9s, 329.6s to go
on time step 2598 (time=25.98), 0.166839 s/step
Meep progress: 26.21/45.39999961853027 = 57.7% done in 444.9s, 325.8s to go
on time step 2621 (time=26.21), 0.174103 s/step
Meep progress: 26.46/45.39999961853027 = 58.3% done in 449.1s, 321.4s to go
on time step 2646 (time=26.46), 0.165163 s/step
Meep progress: 26.71/45.39999961853027 = 58.8% done in 453.2s, 317.1s to go
on time step 2671 (time=26.71), 0.165998 s/step
Meep progress: 26.96/45.39999961853027 = 59.4% done in 457.3s, 312.8s to go
on time step 2696 (time=26.96), 0.165002 s/step
Meep progress: 27.2/45.39999961853027 = 59.9% done in 461.5s, 308.8s to go
on time step 2720 (time=27.2), 0.172645 s/step
Meep progress: 27.45/45.39999961853027 = 60.5% done in 465.6s, 304.5s to go
on time step 2745 (time=27.45), 0.16551 s/step
Meep progress: 27.71/45.39999961853027 = 61.0% done in 469.7s, 299.8s to go
on time step 2771 (time=27.71), 0.156862 s/step
Meep progress: 27.96/45.39999961853027 = 61.6% done in 473.8s, 295.6s to go
on time step 2796 (time=27.96), 0.166092 s/step
Meep progress: 28.2/45.39999961853027 = 62.1% done in 478.0s, 291.5s to go
on time step 2820 (time=28.2), 0.17278 s/step
Meep progress: 28.45/45.39999961853027 = 62.7% done in 482.1s, 287.2s to go
on time step 2845 (time=28.45), 0.165829 s/step
Meep progress: 28.69/45.39999961853027 = 63.2% done in 486.1s, 283.1s to go
on time step 2869 (time=28.69), 0.167149 s/step
Meep progress: 28.94/45.39999961853027 = 63.7% done in 490.3s, 278.9s to go
on time step 2894 (time=28.94), 0.165531 s/step
Meep progress: 29.17/45.39999961853027 = 64.3% done in 494.3s, 275.0s to go
on time step 2917 (time=29.17), 0.174547 s/step
Meep progress: 29.41/45.39999961853027 = 64.8% done in 498.3s, 270.9s to go
on time step 2941 (time=29.41), 0.166781 s/step
Meep progress: 29.67/45.39999961853027 = 65.4% done in 502.4s, 266.3s to go
on time step 2967 (time=29.67), 0.157098 s/step
Meep progress: 29.91/45.39999961853027 = 65.9% done in 506.4s, 262.3s to go
on time step 2991 (time=29.91), 0.167088 s/step
Meep progress: 30.150000000000002/45.39999961853027 = 66.4% done in 510.5s, 258.2s to go
on time step 3015 (time=30.15), 0.172703 s/step
Meep progress: 30.400000000000002/45.39999961853027 = 67.0% done in 514.7s, 253.9s to go
on time step 3040 (time=30.4), 0.16479 s/step
Meep progress: 30.650000000000002/45.39999961853027 = 67.5% done in 518.8s, 249.7s to go
on time step 3065 (time=30.65), 0.165038 s/step
Meep progress: 30.900000000000002/45.39999961853027 = 68.1% done in 522.9s, 245.4s to go
on time step 3090 (time=30.9), 0.166128 s/step
Meep progress: 31.13/45.39999961853027 = 68.6% done in 526.9s, 241.6s to go
on time step 3113 (time=31.13), 0.174363 s/step
Meep progress: 31.38/45.39999961853027 = 69.1% done in 531.1s, 237.3s to go
on time step 3138 (time=31.38), 0.165096 s/step
Meep progress: 31.64/45.39999961853027 = 69.7% done in 535.4s, 232.8s to go
on time step 3164 (time=31.64), 0.165842 s/step
Meep progress: 31.900000000000002/45.39999961853027 = 70.3% done in 539.5s, 228.3s to go
on time step 3190 (time=31.9), 0.157463 s/step
Meep progress: 32.13/45.39999961853027 = 70.8% done in 543.5s, 224.5s to go
on time step 3213 (time=32.13), 0.174159 s/step
Meep progress: 32.38/45.39999961853027 = 71.3% done in 547.6s, 220.2s to go
on time step 3238 (time=32.38), 0.166148 s/step
Meep progress: 32.62/45.39999961853027 = 71.9% done in 551.6s, 216.1s to go
on time step 3262 (time=32.62), 0.166851 s/step
Meep progress: 32.86/45.39999961853027 = 72.4% done in 555.7s, 212.0s to go
on time step 3286 (time=32.86), 0.166837 s/step
Meep progress: 33.09/45.39999961853027 = 72.9% done in 559.7s, 208.2s to go
on time step 3309 (time=33.09), 0.173989 s/step
Meep progress: 33.34/45.39999961853027 = 73.4% done in 563.8s, 203.9s to go
on time step 3334 (time=33.34), 0.165225 s/step
Meep progress: 33.6/45.39999961853027 = 74.0% done in 568.1s, 199.5s to go
on time step 3360 (time=33.6), 0.165907 s/step
Meep progress: 33.86/45.39999961853027 = 74.6% done in 572.2s, 195.0s to go
on time step 3386 (time=33.86), 0.157022 s/step
Meep progress: 34.09/45.39999961853027 = 75.1% done in 576.2s, 191.2s to go
on time step 3409 (time=34.09), 0.174704 s/step
Meep progress: 34.34/45.39999961853027 = 75.6% done in 580.3s, 186.9s to go
on time step 3434 (time=34.34), 0.165818 s/step
Meep progress: 34.59/45.39999961853027 = 76.2% done in 584.5s, 182.7s to go
on time step 3459 (time=34.59), 0.164448 s/step
Meep progress: 34.84/45.39999961853027 = 76.7% done in 588.6s, 178.4s to go
on time step 3484 (time=34.84), 0.165774 s/step
Meep progress: 35.07/45.39999961853027 = 77.2% done in 592.6s, 174.6s to go
on time step 3507 (time=35.07), 0.174716 s/step
Meep progress: 35.32/45.39999961853027 = 77.8% done in 596.7s, 170.3s to go
on time step 3532 (time=35.32), 0.165089 s/step
Meep progress: 35.57/45.39999961853027 = 78.3% done in 600.9s, 166.1s to go
on time step 3557 (time=35.57), 0.165596 s/step
Meep progress: 35.83/45.39999961853027 = 78.9% done in 605.0s, 161.6s to go
on time step 3583 (time=35.83), 0.157848 s/step
Meep progress: 36.06/45.39999961853027 = 79.4% done in 609.0s, 157.7s to go
on time step 3606 (time=36.06), 0.17476 s/step
Meep progress: 36.31/45.39999961853027 = 80.0% done in 613.1s, 153.5s to go
on time step 3631 (time=36.31), 0.165592 s/step
Meep progress: 36.56/45.39999961853027 = 80.5% done in 617.3s, 149.3s to go
on time step 3656 (time=36.56), 0.166208 s/step
Meep progress: 36.81/45.39999961853027 = 81.1% done in 621.5s, 145.0s to go
on time step 3681 (time=36.81), 0.166106 s/step
Meep progress: 37.04/45.39999961853027 = 81.6% done in 625.5s, 141.2s to go
on time step 3704 (time=37.04), 0.174878 s/step
Meep progress: 37.29/45.39999961853027 = 82.1% done in 629.6s, 136.9s to go
on time step 3729 (time=37.29), 0.165883 s/step
Meep progress: 37.53/45.39999961853027 = 82.7% done in 633.6s, 132.9s to go
on time step 3753 (time=37.53), 0.166871 s/step
Meep progress: 37.79/45.39999961853027 = 83.2% done in 637.7s, 128.4s to go
on time step 3779 (time=37.79), 0.157354 s/step
Meep progress: 38.02/45.39999961853027 = 83.7% done in 641.7s, 124.6s to go
on time step 3802 (time=38.02), 0.174414 s/step
Meep progress: 38.27/45.39999961853027 = 84.3% done in 645.9s, 120.3s to go
on time step 3827 (time=38.27), 0.165981 s/step
Meep progress: 38.52/45.39999961853027 = 84.8% done in 650.0s, 116.1s to go
on time step 3852 (time=38.52), 0.165456 s/step
Meep progress: 38.77/45.39999961853027 = 85.4% done in 654.2s, 111.9s to go
on time step 3877 (time=38.77), 0.165744 s/step
Meep progress: 39.0/45.39999961853027 = 85.9% done in 658.2s, 108.0s to go
on time step 3900 (time=39), 0.174206 s/step
Meep progress: 39.24/45.39999961853027 = 86.4% done in 662.2s, 103.9s to go
on time step 3924 (time=39.24), 0.166716 s/step
Meep progress: 39.49/45.39999961853027 = 87.0% done in 666.3s, 99.7s to go
on time step 3949 (time=39.49), 0.166125 s/step
Meep progress: 39.75/45.39999961853027 = 87.6% done in 670.4s, 95.3s to go
on time step 3975 (time=39.75), 0.157473 s/step
Meep progress: 40.0/45.39999961853027 = 88.1% done in 674.7s, 91.1s to go
on time step 4000 (time=40), 0.172688 s/step
Meep progress: 40.25/45.39999961853027 = 88.7% done in 678.9s, 86.9s to go
on time step 4025 (time=40.25), 0.165997 s/step
Meep progress: 40.5/45.39999961853027 = 89.2% done in 683.0s, 82.6s to go
on time step 4050 (time=40.5), 0.165956 s/step
Meep progress: 40.75/45.39999961853027 = 89.8% done in 687.2s, 78.4s to go
on time step 4075 (time=40.75), 0.165595 s/step
Meep progress: 40.99/45.39999961853027 = 90.3% done in 691.2s, 74.4s to go
on time step 4099 (time=40.99), 0.166667 s/step
Meep progress: 41.22/45.39999961853027 = 90.8% done in 695.2s, 70.5s to go
on time step 4122 (time=41.22), 0.174491 s/step
Meep progress: 41.47/45.39999961853027 = 91.3% done in 699.3s, 66.3s to go
on time step 4147 (time=41.47), 0.166072 s/step
Meep progress: 41.72/45.39999961853027 = 91.9% done in 703.5s, 62.1s to go
on time step 4172 (time=41.72), 0.165359 s/step
Meep progress: 41.980000000000004/45.39999961853027 = 92.5% done in 707.6s, 57.6s to go
on time step 4198 (time=41.98), 0.157779 s/step
Meep progress: 42.21/45.39999961853027 = 93.0% done in 711.6s, 53.8s to go
on time step 4221 (time=42.21), 0.174596 s/step
Meep progress: 42.46/45.39999961853027 = 93.5% done in 715.7s, 49.6s to go
on time step 4246 (time=42.46), 0.165802 s/step
Meep progress: 42.71/45.39999961853027 = 94.1% done in 719.9s, 45.3s to go
on time step 4271 (time=42.71), 0.165759 s/step
Meep progress: 42.96/45.39999961853027 = 94.6% done in 724.0s, 41.1s to go
on time step 4296 (time=42.96), 0.16616 s/step
Meep progress: 43.19/45.39999961853027 = 95.1% done in 728.0s, 37.3s to go
on time step 4319 (time=43.19), 0.174024 s/step
Meep progress: 43.44/45.39999961853027 = 95.7% done in 732.2s, 33.0s to go
on time step 4344 (time=43.44), 0.165989 s/step
Meep progress: 43.68/45.39999961853027 = 96.2% done in 736.2s, 29.0s to go
on time step 4368 (time=43.68), 0.166776 s/step
Meep progress: 43.94/45.39999961853027 = 96.8% done in 740.3s, 24.6s to go
on time step 4394 (time=43.94), 0.157027 s/step
Meep progress: 44.18/45.39999961853027 = 97.3% done in 744.4s, 20.6s to go
on time step 4418 (time=44.18), 0.172771 s/step
Meep progress: 44.43/45.39999961853027 = 97.9% done in 748.6s, 16.3s to go
on time step 4443 (time=44.43), 0.165246 s/step
Meep progress: 44.67/45.39999961853027 = 98.4% done in 752.6s, 12.3s to go
on time step 4467 (time=44.67), 0.166745 s/step
Meep progress: 44.910000000000004/45.39999961853027 = 98.9% done in 756.6s, 8.3s to go
on time step 4491 (time=44.91), 0.166692 s/step
Meep progress: 45.15/45.39999961853027 = 99.4% done in 760.7s, 4.2s to go
on time step 4515 (time=45.15), 0.172765 s/step
Meep progress: 45.39/45.39999961853027 = 100.0% done in 764.7s, 0.2s to go
on time step 4539 (time=45.39), 0.167172 s/step
creating output file "./nanobeam-eps-000045.40.h5"...
creating output file "./nanobeam-ey-000045.40.h5"...
harminv0:, frequency, imag. freq., Q, |amp|, amplitude, error
harminv0:, 1.3344681389836188, -0.005600574430297831, 119.13672031251387, 0.05652831283834784, 0.007574597508524148-0.05601852929999128i, 0.006703583630698279+0.0i
harminv0:, 1.3676074236913511, -0.0017837515167739514, 383.3514396009518, 5.944324980860393, -0.26028314884216947-5.938623759804094i, 0.00054741712536989+0.0i
harminv0:, 1.4411215305689393, -0.01179007405108245, 61.115881220297744, 1.5870851339444263, 0.02198868239362343+1.5869328026838407i, 0.0003280539522478476+0.0i
harminv0:, 1.4892480019718508, -0.006597476643328055, 112.86496963031378, 0.5411020014400847, 0.29861403597865455-0.4512438736193592i, 2.787192045464541e-05+0.0i
harminv0:, frequency, imag. freq., Q, |amp|, amplitude, error
harminv0:, 1.3632891645684324, -0.004756033588718698, 143.3220707063709, 3.3088059811978487, 0.21794441172653928-3.301620398320775i, 7.931793135997769e-05+0.0i
harminv0:, 1.3765826380613528, -0.008648745378862307, 79.58279367466096, 6.297373094988775, -6.167239114522223+1.2736049630068387i, 7.370916765129242e-05+0.0i
run 0 finished at t = 45.4 (4540 timesteps)
Generating MP4...
flux1:, 1.1764705882352942, 0.0005749187956308924, 0.00037058634388155377, 0.015945375302254827, -0.007641114180189452, 0.004879066213162955
flux1:, 1.1774529451058982, 0.0005383288107390956, 0.0003608025740914805, 0.01610475840334411, -0.008118088283243369, 0.005106236186551393
flux1:, 1.1784353019765021, 0.0004929251631859529, 0.0003463739687084585, 0.01604540190842716, -0.008857955330137522, 0.005365132244241604
flux1:, 1.179417658847106, 0.000439993077510045, 0.00032751123288240867, 0.015767197358415207, -0.009888775931956568, 0.005665990373624144
flux1:, 1.18040001571771, 0.00038121893226784886, 0.00030459245398285154, 0.015282661655306012, -0.011229974477686535, 0.006019642179428261
flux1:, 1.181382372588314, 0.00031866435733664646, 0.00027816270942469925, 0.01461768527278366, -0.012890786215924153, 0.006437184869503283
flux1:, 1.182364729458918, 0.000254724458929202, 0.0002489278038604709, 0.01381167321452681, -0.014869088168347599, 0.0069296194135049765
flux1:, 1.183347086329522, 0.0001920703692760606, 0.00021774191913195577, 0.012917011573340974, -0.017150710476207063, 0.007507472447677044
flux1:, 1.1843294432001257, 0.00013357691994026738, 0.00018558916273550522, 0.011997821039163126, -0.019709309426920053, 0.008180419749216615
flux1:, 1.1853118000707297, 8.22368612321101e-05, 0.00015355921825498713, 0.011127991999754158, -0.02250686246539104, 0.008956930683293306
flux1:, 1.1862941569413337, 4.106367336033775e-05, 0.00012281752740397585, 0.010388532696524667, -0.0254948195231378, 0.009843953796955516
flux1:, 1.1872765138119377, 1.2985614170020678e-05, 9.4570660294322e-05, 0.009864300650782417, -0.028615914870627795, 0.010846663587772655
flux1:, 1.1882588706825417, 7.34198871278262e-07, 7.002775008591649e-05, 0.00964022642254796, -0.031806610580327056, 0.011968287336761583
flux1:, 1.1892412275531457, 6.730784087461892e-06, 5.035907169504567e-05, 0.00979717568314508, -0.03500010800770518, 0.013210028734058375
flux1:, 1.1902235844237494, 3.2975307585106164e-05, 3.665302320187325e-05, 0.01040762846171849, -0.03812982909363065, 0.01457110185821471
flux1:, 1.1912059412943534, 8.094149364633351e-05, 2.9872914731804474e-05, 0.01153138116424127, -0.041133236546812155, 0.016048884963514972
flux1:, 1.1921882981649574, 0.0001514829523139894, 3.0815075302206916e-05, 0.01321149558356628, -0.04395583292778539, 0.01763919860412512
flux1:, 1.1931706550355614, 0.0002447545625258185, 4.006984675694058e-05, 0.015470727883427224, -0.04655515515054583, 0.01933670705023521
flux1:, 1.1941530119061654, 0.0003601533228684276, 5.7987040121595925e-05, 0.018308668060727576, -0.04890456464586631, 0.021135435946285572
flux1:, 1.1951353687767692, 0.0004962824732166804, 8.46473796866276e-05, 0.021699805743149555, -0.05099662587394802, 0.023029392983496103
flux1:, 1.1961177256473732, 0.0006509421358577798, 0.0001198413518959977, 0.025592710983847956, -0.05284586819914958, 0.02501327229524684
flux1:, 1.1971000825179772, 0.0008211490024790835, 0.0001630567096954033, 0.02991047921352374, -0.054490739105115, 0.027083217642411478
flux1:, 1.1980824393885812, 0.0010031867171556327, 0.0002134756605497528, 0.03455253861062011, -0.05599458061599766, 0.029237614550128327
flux1:, 1.1990647962591852, 0.0011926875957366924, 0.0002699824922179308, 0.03939785743449627, -0.05744549534168819, 0.03147787768891475
flux1:, 1.200047153129789, 0.0013847452060662619, 0.00033118207111269344, 0.04430952057788183, -0.058955012953882245, 0.03380919724349951
flux1:, 1.201029510000393, 0.0015740561448025678, 0.0003954292922878514, 0.04914057157433451, -0.06065552072241787, 0.036241207015960994
flux1:, 1.202011866870997, 0.0017550881242557157, 0.0004608691782725104, 0.053740941890170556, -0.06269648103529465, 0.03878853774967414
flux1:, 1.202994223741601, 0.0019222702700499312, 0.0005254869282351309, 0.057965217263489216, -0.06523952212953667, 0.041471221747129555
flux1:, 1.203976580612205, 0.0020702003741905365, 0.0005871668227258826, 0.06168092506463546, -0.06845255269196426, 0.04431491931847559
flux1:, 1.2049589374828087, 0.0021938627963460707, 0.0006437585067412466, 0.06477697111349236, -0.0725031133605448, 0.04735094387994283
flux1:, 1.2059412943534127, 0.002288849807034548, 0.000693148819757078, 0.06717181289611668, -0.07755123511266376, 0.05061607046737051
flux1:, 1.2069236512240167, 0.002351578465974633, 0.0007333370302053284, 0.06882093208377894, -0.08374212269965993, 0.05415212179433639
flux1:, 1.2079060080946207, 0.002379494669385418, 0.0007625110774864059, 0.06972316548292258, -0.09119901747458656, 0.05800533642758482
flux1:, 1.2088883649652247, 0.0023712558180172274, 0.000779122239638301, 0.06992547204258141, -0.10001661529876507, 0.062225534757067075
flux1:, 1.2098707218358287, 0.0023268836819060473, 0.000781955540155706, 0.06952575535498305, -0.11025541935818732, 0.0668651097181375
flux1:, 1.2108530787064324, 0.002247879487848322, 0.0007701931917445664, 0.06867342612534126, -0.12193739300891956, 0.07197788014547774
flux1:, 1.2118354355770364, 0.002137294040013882, 0.0007434684539773461, 0.0675674760739506, -0.13504324336066906, 0.07761785464102534
flux1:, 1.2128177924476404, 0.001999746799693225, 0.0007019074586746749, 0.06645194113418958, -0.1495116122972283, 0.08383796235972896
flux1:, 1.2138001493182444, 0.0018413892807400815, 0.0006461568308813276, 0.0656087538672996, -0.1652403791249403, 0.09068881362190188
flux1:, 1.2147825061888484, 0.001669809833654034, 0.0005773953003992356, 0.06534811783590734, -0.1820901901778389, 0.09821755726641329
flux1:, 1.2157648630594522, 0.0014938788509284864, 0.0004973279513472589, 0.06599667438894911, -0.19989022864307718, 0.1064669027677742
flux1:, 1.2167472199300562, 0.0013235355745879445, 0.0004081622838783679, 0.06788386827635227, -0.2184461266892277, 0.11547437306018958
flux1:, 1.2177295768006602, 0.0011695199573674812, 0.00031256584849881716, 0.07132704561214234, -0.23754980656958263, 0.12527184858315366
flux1:, 1.2187119336712642, 0.0010430553459484656, 0.00021360584186083914, 0.07661592866502911, -0.2569909232376965, 0.13588545427904808
flux1:, 1.2196942905418682, 0.0009554900344421894, 0.00011467170345199364, 0.08399719970331733, -0.27656947403619925, 0.14733582928260172
flux1:, 1.220676647412472, 0.0009179078905000695, 1.9382403318688155e-05, 0.09365998417624274, -0.29610904720919917, 0.1596388041680365
flux1:, 1.221659004283076, 0.0009407201943644744, -6.851926129577298e-05, 0.10572304636496616, -0.3154701061555835, 0.17280649334553774
flux1:, 1.22264136115368, 0.0010332524637966035, -0.00014528246136505504, 0.12022449411402567, -0.3345626558106685, 0.18684879116730346
flux1:, 1.223623718024284, 0.0012033412804455773, -0.0002072708131710201, 0.13711473085599607, -0.35335761582915026, 0.20177524028764862
flux1:, 1.224606074894888, 0.0014569569097657507, -0.0002510877071490509, 0.15625329229903331, -0.3718962357528536, 0.21759722071219445
flux1:, 1.2255884317654917, 0.001797867752602861, -0.00027370035066814707, 0.17741006342134436, -0.39029693213006655, 0.23433038872140177
flux1:, 1.2265707886360957, 0.002227362332768177, -0.00027255820763655254, 0.20027119259268422, -0.4087590070742075, 0.25199727746533657
flux1:, 1.2275531455066997, 0.002744043580189736, -0.0002457014803259447, 0.22444980971872278, -0.42756282075004665, 0.27062995647502824
flux1:, 1.2285355023773037, 0.003343708602987302, -0.00019185539198859151, 0.24950142237023362, -0.447066133696481, 0.2902726365485805
flux1:, 1.2295178592479077, 0.004019324966147694, -0.00011050629658521657, 0.2749436178503076, -0.46769650389495826, 0.31098410025869355
flux1:, 1.2305002161185117, 0.004761111745142106, -1.9560628624339523e-06, 0.3002794514919649, -0.4899398115500822, 0.3328398373477683
flux1:, 1.2314825729891155, 0.00555673035985039, 0.00013264825282351876, 0.32502366461652243, -0.5143251836725625, 0.355933768985202
flux1:, 1.2324649298597194, 0.006391586501184939, 0.00029131172967313196, 0.3487306624340822, -0.5414067915622166, 0.3803794554740745
flux1:, 1.2334472867303234, 0.007249240445732364, 0.00047121736967628406, 0.37102300549808287, -0.5717431871978556, 0.4063106984623037
flux1:, 1.2344296436009274, 0.00811191883848158, 0.0006687809074544479, 0.3916190400790388, -0.6058750190015646, 0.4338814707030672
flux1:, 1.2354120004715314, 0.008961116752654662, 0.0008797342263133907, 0.4103582234426491, -0.6443021132478118, 0.4632651332943318
flux1:, 1.2363943573421352, 0.009778274663808945, 0.0010992359547583974, 0.42722269780139505, -0.6874610149862378, 0.494652931203451
flux1:, 1.2373767142127392, 0.01054551106520742, 0.0013220068078964816, 0.4423537371982512, -0.7357041433994062, 0.5282517915793316
flux1:, 1.2383590710833432, 0.011246387967561491, 0.001542486263304891, 0.4560618370711982, -0.7892817243962849, 0.5642814844853132
flux1:, 1.2393414279539472, 0.011866683629093574, 0.0017550062571219031, 0.46882943540194144, -0.848327613506421, 0.6029712406831987
flux1:, 1.2403237848245512, 0.012395144701843898, 0.001953976788555085, 0.4813055419888726, -0.9128500129208625, 0.6445559542886515
flux1:, 1.241306141695155, 0.012824188690787738, 0.0021340776627724023, 0.49429189943364377, -0.9827279188177787, 0.6892721277845721
flux1:, 1.242288498565759, 0.013150527314661712, 0.00229045011325245, 0.508720693086438, -1.057713912932723, 0.7373537413464283
flux1:, 1.243270855436363, 0.01337568211359879, 0.0024188817500475834, 0.5256242512874189, -1.137443642757885, 0.7890282461476574
flux1:, 1.244253212306967, 0.013506365517668581, 0.002515978199955342, 0.5460976127742075, -1.22145202776844, 0.8445128909272458
flux1:, 1.245235569177571, 0.013554703583174307, 0.002579314950928742, 0.571255264045809, -1.3091958972903661, 0.9040115915509805
flux1:, 1.2462179260481747, 0.013538280690127412, 0.002607563291854, 0.6021837435636256, -1.4000824238507308, 0.9677125438781183
flux1:, 1.2472002829187787, 0.013479991602671078, 0.0026005848476489063, 0.6398921495971075, -1.4935023804808485, 1.0357867606658184
flux1:, 1.2481826397893827, 0.01340769230902384, 0.0025594900377825416, 0.6852628529567681, -1.5888669387594472, 1.1083876836719107
flux1:, 1.2491649966599867, 0.013353647822225957, 0.0024866568150964134, 0.7390048856338403, -1.685646453748844, 1.1856519832138037
flux1:, 1.2501473535305907, 0.013353782442679197, 0.002385707244370781, 0.8016125356274939, -1.783409468951993, 1.2677016103454597
flux1:, 1.2511297104011945, 0.013446745628845028, 0.0022614408225312085, 0.8733316154798918, -1.8818600338817806, 1.3546471131444162
flux1:, 1.2521120672717985, 0.013672814336901755, 0.0021197248841998777, 0.9541356810283924, -1.980871371093802, 1.4465921703983617
flux1:, 1.2530944241424025, 0.014072660196422308, 0.0019673439318505723, 1.043714157382788, -2.0805139675399795, 1.543639235646206
flux1:, 1.2540767810130065, 0.014686016898821782, 0.0018118112294118222, 1.141473887351494, -2.1810763017317467, 1.6458961247405066
flux1:, 1.2550591378836105, 0.015550289398214375, 0.001661147449982786, 1.2465550663153881, -2.283076653742305, 1.7534833236977063
flux1:, 1.2560414947542144, 0.016699151679528162, 0.0015236325197400475, 1.3578618861913314, -2.3872647748751077, 1.8665417434706777
flux1:, 1.2570238516248182, 0.018161183674770952, 0.0014075379999219234, 1.4741075049363621, -2.4946126081600113, 1.9852406072186763
flux1:, 1.2580062084954222, 0.019958600174850943, 0.001320848348686244, 1.5938722174740974, -2.6062937350666426, 2.109785126219385
flux1:, 1.2589885653660262, 0.022106125101754224, 0.0012709801613197504, 1.7156729634301002, -2.723651758761718, 2.240423604981106
flux1:, 1.2599709222366302, 0.024610063135859436, 0.0012645089639825302, 1.8380416036654625, -2.848158396802941, 2.3774536160725046
flux1:, 1.2609532791072342, 0.027467617355674448, 0.0013069133042834303, 1.9596087692198159, -2.9813626202662, 2.5212269017998934
flux1:, 1.261935635977838, 0.030666496229315412, 0.0014023457223849103, 2.079189569861893, -3.1248327139339036, 2.6721526935263187
flux1:, 1.262917992848442, 0.03418484605473747, 0.0015534396904412246, 2.1958670791087815, -3.2800936147098785, 2.8306991897876403
flux1:, 1.263900349719046, 0.03799153590964521, 0.0017611607786359217, 2.3090693175748305, -3.4485622849563176, 2.9973930002287354
flux1:, 1.26488270658965, 0.0420468115445085, 0.0020247091572005898, 2.4186354595397197, -3.6314841683143686, 3.1728164418124445
flux1:, 1.265865063460254, 0.046303322706741236, 0.002341479101420728, 2.5248672030904746, -3.8298739357077536, 3.3576026639847507
flux1:, 1.266847420330858, 0.050707515458830975, 0.002707079467801438, 2.628561676981298, -4.044463741615069, 3.5524286771006155
flux1:, 1.2678297772014617, 0.0552013675427288, 0.0031154172016378957, 2.7310229018458716, -4.27566206446771, 3.7580064594169666
flux1:, 1.2688121340720657, 0.0597244311885023, 0.0035588438755924864, 2.834049663005068, -4.523525896504386, 3.975072417914305
flux1:, 1.2697944909426697, 0.06421613444094017, 0.004028363109550573, 2.939898659328196, -4.787748581729385, 4.204375572433129
flux1:, 1.2707768478132737, 0.06861827957662217, 0.004513894553514214, 3.051222929608998, -5.067664988081596, 4.4466649163847425
flux1:, 1.2717592046838777, 0.07287766599965204, 0.005004588000570772, 3.1709867776792198, -5.362274961926009, 4.702676476035459
flux1:, 1.2727415615544815, 0.07694875561647492, 0.005489179210199812, 3.3023596655126255, -5.670285177531797, 4.973120639910407
flux1:, 1.2737239184250855, 0.08079629154375795, 0.005956377235865544, 3.448592760087928, -5.990168596105256, 5.258670356646287
flux1:, 1.2747062752956895, 0.08439777649247818, 0.0063952715338706275, 3.6128829422626456, -6.320239828368813, 5.5599508008655825
flux1:, 1.2756886321662935, 0.08774571562217125, 0.006795745944917735, 3.7982300521215446, -6.658743795722738, 5.877531080615935
flux1:, 1.2766709890368975, 0.09084953031378529, 0.007148885839399322, 4.0072938962479085, -7.003954253595289, 6.211918505953523
flux1:, 1.2776533459075012, 0.0937370543129767, 0.007447364344533904, 4.242258025687451, -7.35427802233992, 6.563555856981551
flux1:, 1.2786357027781052, 0.09645553208559592, 0.007685793656001967, 4.504707466134161, -7.708360209092844, 6.9328219829700135
flux1:, 1.2796180596487092, 0.09907205092596456, 0.007861027994192617, 4.795527413509939, -8.065185336578605, 7.320035935282299
flux1:, 1.2806004165193132, 0.10167335316985131, 0.007972405795790442, 5.1148293827666205, -8.424169153074915, 7.72546469008596
flux1:, 1.2815827733899172, 0.10436499247296316, 0.00802192021971375, 5.461910416065435, -8.785236003678131, 8.149334357782733
flux1:, 1.282565130260521, 0.10726981809332105, 0.00801430896065668, 5.835249736736191, -9.1488770078936, 8.591844611107316
flux1:, 1.283547487131125, 0.11052579292716039, 0.007957056657030793, 6.232545713753525, -9.51618491161, 9.053185900059862
flux1:, 1.284529844001729, 0.11428317406647673, 0.007860305791326173, 6.6507942314148245, -9.888862349107919, 9.533558866691894
flux1:, 1.285512200872333, 0.11870110816855328, 0.007736674835858613, 7.086407609906598, -10.269201336387944, 10.033195233854864
flux1:, 1.286494557742937, 0.1239437171955675, 0.007600985410394383, 7.53537117748832, -10.660033081697852, 10.55237932662662
flux1:, 1.2874769146135407, 0.13017577230452254, 0.007469903296844851, 7.993432547548555, -11.064648592397978, 11.091469299968407
flux1:, 1.2884592714841447, 0.13755807404639628, 0.007361501201128066, 8.456316703700626, -11.48669201912785, 11.650917096944822
flux1:, 1.2894416283547487, 0.14624267479065337, 0.007294754061935703, 8.91995824547421, -11.93003014151235, 12.231286153108787
flux1:, 1.2904239852253527, 0.15636809369632115, 0.007288980379782812, 9.380740695182851, -12.398602792548001, 12.833265897269705
flux1:, 1.2914063420959567, 0.16805468494806977, 0.007363245380921854, 9.835731704690156, -12.896260268635066, 13.457682178058421
flux1:, 1.2923886989665605, 0.1814003258087806, 0.00753574375031351, 10.282902407647127, -13.426594808336384, 14.105502868698533
flux1:, 1.2933710558371645, 0.19647659187845604, 0.007823181087574892, 10.72131909944755, -13.992773980851346, 14.777838066407272
flux1:, 1.2943534127077685, 0.21332558250318956, 0.00824017409482354, 11.15129593319285, -14.597384249732173, 15.475934503159666
flux1:, 1.2953357695783725, 0.23195754942206026, 0.008798689747068298, 11.574498409865038, -15.24229302626076, 16.201164014426077
flux1:, 1.2963181264489765, 0.25234946651590373, 0.009507543293957168, 11.993989101956881, -15.928537173447342, 16.955006163648374
flux1:, 1.2973004833195805, 0.2744446581528741, 0.010371973885952566, 12.41420924071291, -16.656245157084808, 17.739025382711368
flux1:, 1.2982828401901843, 0.29815357850876084, 0.011393314918879176, 12.840892448308523, -17.424598875445664, 18.554843251714722
flux1:, 1.2992651970607882, 0.32335580494639576, 0.012568773880135246, 13.280909911361233, -18.231839664941408, 19.40410679331617
flux1:, 1.3002475539313922, 0.3499032757948734, 0.013891333610231272, 13.742049550741188, -19.075321126251964, 20.28845388607972
flux1:, 1.3012299108019962, 0.37762476754832525, 0.015349783537379657, 14.232735104847936, -19.95160931355374, 21.20947709624398
flux1:, 1.3022122676726002, 0.40633156958917477, 0.016928885691036462, 14.76169435512599, -20.85662856455351, 22.168687377534972
flux1:, 1.303194624543204, 0.43582427711064536, 0.018609676259155463, 15.337588821854103, -21.785848920278383, 23.167479184932656
flux1:, 1.304176981413808, 0.4659005860974032, 0.02036989924222104, 15.968619982792223, -22.734508799616258, 24.207098583337256
flux1:, 1.305159338284412, 0.49636393917478755, 0.02218456450371522, 16.662129262303694, -23.697864467596336, 25.28861590081076
flux1:, 1.306141695155016, 0.527032838990971, 0.024026618354827906, 17.424210564155903, -24.671455980935967, 26.41290437608652
flux1:, 1.30712405202562, 0.5577506176313867, 0.02586771087634708, 18.25935486043534, -25.65137781608959, 27.58062608176392
flux1:, 1.308106408896224, 0.5883954273700472, 0.02767904060445489, 19.170146214553597, -26.634541378894134, 28.792226171590865
flux1:, 1.3090887657668278, 0.6188902006943439, 0.02943225411404242, 20.157027556701845, -27.618916139127805, 30.047936208766558
flux1:, 1.3100711226374318, 0.6492123166991216, 0.031100375535792476, 21.218152534150537, -28.603736284571532, 31.34778699187732
flux1:, 1.3110534795080357, 0.6794027071427179, 0.03265873923859471, 22.34933685872157, -29.589660578480764, 32.69163091765566
flux1:, 1.3120358363786397, 0.7095741389930244, 0.03408589787428752, 23.544118846365738, -30.57887453423791, 34.07917351965691
flux1:, 1.3130181932492437, 0.739918421243441, 0.03536447777246194, 24.793934409341492, -31.57512606340641, 35.510013414966814
flux1:, 1.3140005501198475, 0.7707123019899117, 0.03648195431919605, 26.088406780895806, -32.58368834954505, 36.983689494410555
flux1:, 1.3149829069904515, 0.8023218468443287, 0.03743132145888338, 27.415745921992837, -33.6112467613799, 38.49973382290462
flux1:, 1.3159652638610555, 0.8352051211027037, 0.03821163179869736, 28.763247104084844, -34.66571002892535, 40.057728392713855
flux1:, 1.3169476207316595, 0.8699130348697774, 0.038828386919791194, 30.117872825594624, -35.75594952541237, 41.65736360980955
flux1:, 1.3179299776022635, 0.9070882515586933, 0.03929376132974694, 31.466897256086344, -36.891474168295304, 43.29849620637661
flux1:, 1.3189123344728673, 0.9474621046778261, 0.03962664792484713, 32.79858806285403, -38.08205200450298, 44.98120417275997
flux1:, 1.3198946913434713, 0.9918495143092558, 0.03985251774366432, 34.10289699773308, -39.33729280405562, 46.705836298346654
flux1:, 1.3208770482140753, 1.0411419418252237, 0.040003092041791664, 35.37212821999539, -40.666208781245444, 48.473054008012035
flux1:, 1.3218594050846793, 1.0962984677961016, 0.04011583014390517, 36.6015521798858, -42.07677273459035, 50.283863379749675
flux1:, 1.3228417619552832, 1.1583351223503098, 0.04023324196615956, 37.78993311572764, -43.57549430604687, 52.13963552631933
flux1:, 1.323824118825887, 1.2283126381500347, 0.04040203937779444, 38.93993989915025, -45.16703559454385, 54.042113911737154
flux1:, 1.324806475696491, 1.3073228324515969, 0.040672145515105375, 40.05841310947303, -46.853886940731215, 55.993407639712096
flux1:, 1.325788832567095, 1.396473855380021, 0.041095585610263656, 41.15646577566813, -48.636122290732445, 57.99597028009346
flux1:, 1.326771189437699, 1.49687456571003, 0.04172528670067253, 42.24940107184258, -50.5112511521024, 60.052564371483584
flux1:, 1.327753546308303, 1.609618312470695, 0.042613816608611625, 43.356437203877924, -52.47418082631217, 62.16621233124389
flux1:, 1.3287359031789068, 1.735766410184511, 0.043812094715233, 44.50023753527596, -54.51729843619211, 64.34013509431519
flux1:, 1.3297182600495108, 1.8763315973766828, 0.0453681082147009, 45.70625237167632, -56.63067740488492, 66.57768036425834
flux1:, 1.3307006169201148, 2.0322617622718258, 0.04732566767018321, 47.00188741711485, -58.80240766608459, 68.8822428690625
flux1:, 1.3316829737907188, 2.204424206718898, 0.04972323478461427, 48.41552236425909, -61.01904320796809, 71.2571794463846
flux1:, 1.3326653306613228, 2.393590699975335, 0.05259285336046388, 49.97541100569271, -63.26615481557775, 73.70572211642639
flux1:, 1.3336476875319265, 2.6004235488964005, 0.055959211504708964, 51.70850127775314, -65.52897033428269, 76.23089251706405
flux1:, 1.3346300444025305, 2.8254628813445777, 0.05983885932235379, 53.63921941665253, -67.7930796914497, 78.83542116063535
flux1:, 1.3356124012731345, 3.0691153064538907, 0.064239601750859, 55.788266600240455, -70.04517753900127, 81.52167491556371
flux1:, 1.3365947581437385, 3.331644080041783, 0.06916008096485562, 58.17147880301467, -72.27381295219618, 84.29159591454243
flux1:, 1.3375771150143425, 3.613160867305675, 0.07458955709577043, 60.79880090939041, -74.47011334551968, 87.1466547464445
flux1:, 1.3385594718849465, 3.9136191593130807, 0.08050789005448232, 63.67342429341639, -76.62844881028222, 90.08782030927532
flux1:, 1.3395418287555503, 4.232809365987791, 0.08688571922013234, 66.79113305283477, -78.74700355472912, 93.11554810030401
flux1:, 1.3405241856261543, 4.570355577496873, 0.09368483187393555, 70.13989794651533, -80.82822309338414, 96.22978801690176
flux1:, 1.3415065424967583, 4.9257139591741685, 0.10085870572196615, 73.69974898669176, -82.87910928075601, 99.43001196195243
flux1:, 1.3424888993673623, 5.2981727232213895, 0.10835320586513676, 77.44294783343145, -84.91134014349088, 102.7152607202883
flux1:, 1.3434712562379663, 5.686853603994037, 0.11610741232267831, 81.33446996581222, -86.94119759533001, 106.08420872957254
flux1:, 1.34445361310857, 6.090714753048909, 0.12405455085733527, 85.33279447402137, -88.98929331987672, 109.53524454452867
flux1:, 1.345435969979174, 6.508554965361573, 0.1321229975186203, 89.39098669971223, -91.08009111877142, 113.06656402258028
flux1:, 1.346418326849778, 6.939019148996788, 0.14023732610975706, 93.45804636012261, -93.24123254131987, 116.67627257582706
flux1:, 1.347400683720382, 7.380604956531907, 0.1483193677508454, 97.48048175696307, -95.50268129333195, 120.36249227095017
flux1:, 1.348383040590986, 7.831670506940532, 0.15628925286750825, 101.40405972371876, -97.89571040196896, 124.12346914355479
flux1:, 1.34936539746159, 8.29044314045576, 0.164066408247491, 105.17567160986044, -100.45176401647221, 127.9576758502651
flux1:, 1.3503477543321938, 8.755029164992333, 0.17157048519966125, 108.745248294332, -103.2012326857244, 131.8639047280097
flux1:, 1.3513301112027978, 9.223424569684061, 0.17872219919660012, 112.06765235075567, -106.17218663200161, 135.84134647607698
flux1:, 1.3523124680734018, 9.69352669762335, 0.18544406652053996, 115.10447335133202, -109.3891156351307, 139.88965002545575
flux1:, 1.3532948249440058, 10.163146884547277, 0.1916610291614756, 117.82565308864221, -112.87172640716543, 144.00895970670274
flux1:, 1.3542771818146098, 10.630024081636217, 0.19730096530553956, 120.21087129058864, -116.63384859734532, 148.1999265585394
flux1:, 1.3552595386852135, 11.091839487525398, 0.20229508894799406, 122.25062915499039, -120.68249872156422, 152.4636915134762
flux1:, 1.3562418955558175, 11.546232215992903, 0.20657824820176393, 123.94697756255698, -125.0171473471153, 156.80183922546016
flux1:, 1.3572242524264215, 11.99081602071326, 0.2100891374786454, 125.31384884127688, -129.62922885875398, 161.216322432366
flux1:, 1.3582066092970255, 12.423197086394934, 0.2127704436325026, 126.37696504017453, -134.50192525298363, 165.7093579333794
flux1:, 1.3591889661676295, 12.840992876285394, 0.21456895012512295, 127.17331131246888, -139.61024590640312, 170.28329646309098
flux1:, 1.3601713230382333, 13.24185199952324, 0.21543562608668532, 127.75017961384083, -144.92141447187498, 174.94046991425452
flux1:, 1.3611536799088373, 13.623475028601659, 0.21532572861316118, 128.16380483820762, -150.39556237106547, 179.68302045292168
flux1:, 1.3621360367794413, 13.983636158099824, 0.21419894663702901, 128.4776320564708, -155.98671622301933, 184.51271703675528
flux1:, 1.3631183936500453, 14.320205552004252, 0.2120196131454848, 128.76026900441119, -161.64405446070936, 189.43076564830014
flux1:, 1.3641007505206493, 14.631172179867368, 0.2087570093810906, 129.08319172167626, -167.31339684033435, 194.4376201514988
flux1:, 1.365083107391253, 14.91466689350243, 0.20438577998833615, 129.5182826648106, -172.93888003540286, 199.5328010414844
flux1:, 1.366065464261857, 15.168985447867156, 0.1988864719753884, 130.13528917752575, -178.46476349673597, 204.7147294615442
flux1:, 1.367047821132461, 15.392611124366201, 0.19224620301965178, 130.99929547854734, -183.83730266925022, 209.98058369327538
flux1:, 1.368030178003065, 15.584236574208159, 0.1844594562964148, 132.1683030284018, -189.00662184019052, 215.32618488263935
flux1:, 1.369012534873669, 15.742784465857037, 0.17552898994670588, 133.69101210778243, -193.92851661968277, 220.7459180520503
flux1:, 1.3699948917442728, 15.86742649609607, 0.16546683986691058, 135.60489168242796, -198.56611649425298, 226.23269348366105
flux1:, 1.3709772486148768, 15.957600310652813, 0.1542953850802334, 137.9346152966869, -202.8913411115636, 231.77795236887266
flux1:, 1.3719596054854808, 16.013023879315647, 0.14204843594595412, 140.6909281377819, -206.88608989949975, 237.37171923886885
flux1:, 1.3729419623560848, 16.033706883238523, 0.12877229729567238, 143.86999499301783, -210.54311313171362, 243.00270216623983
flux1:, 1.3739243192266888, 16.019958699495657, 0.1145267516716079, 147.45326115857802, -213.86652334979604, 248.65844010813007
flux1:, 1.3749066760972926, 15.972392610231731, 0.09938590257585928, 151.40783912861053, -216.87191876366327, 254.3254951031344
flux1:, 1.3758890329678966, 15.891925920759132, 0.083438814380833, 155.68741385310187, -219.5861044117464, 259.9896853964826
flux1:, 1.3768713898385005, 15.779775741927269, 0.0667898846072838, 160.23363930399879, -222.04641193546092, 265.6363540093305
flux1:, 1.3778537467091045, 15.637450275741774, 0.049558885888025025, 164.97797984583718, -224.29963422215644, 271.25066584717644
flux1:, 1.3788361035797085, 15.46673553770385, 0.03188061926278279, 169.8439322632847, -226.40060628408887, 276.8179252138031
flux1:, 1.3798184604503125, 15.269677552356669, 0.013904127562023525, 174.7495489920624, -228.41047795268395, 282.3239046090139
flux1:, 1.3808008173209163, 15.048560167305874, -0.004208572495591513, 179.61017078133366, -230.39473668637646, 287.755174982666
flux1:, 1.3817831741915203, 14.805878742409863, -0.0222842683825061, 184.34126822134508, -232.42104947332604, 293.0994272252025
flux1:, 1.3827655310621243, 14.544310081533476, -0.040140854047166524, 188.86128669229169, -234.55700098757077, 298.34577461798966
flux1:, 1.3837478879327283, 14.266679080691796, -0.05759015354378487, 193.09438856586917, -236.86781045158534, 303.48502625470684
flux1:, 1.3847302448033323, 13.975922665001775, -0.07444124467398959, 196.97298998425663, -239.4141118033767, 308.5099220750726
flux1:, 1.3857126016739363, 13.675051674121688, -0.09050424178943497, 200.43999714166526, -242.24988062055994, 313.41532111037367
flux1:, 1.38669495854454, 13.367111428513024, -0.10559447695061673, 203.45065841931077, -245.42058680622264, 318.1983357997441
flux1:, 1.387677315415144, 13.055141763958623, -0.11953699891993902, 205.97396353013565, -248.96164441684812, 322.8584067591493
flux1:, 1.388659672285748, 12.742137356832679, -0.13217129069326267, 207.99353842699, -252.89721946604976, 327.3973141252543
flux1:, 1.389642029156352, 12.431009175689681, -0.14335608917066636, 209.50800440709105, -257.2394434491068, 331.81912349671245
flux1:, 1.390624386026956, 12.12454788455078, -0.15297417585018128, 210.53079080641865, -261.9880651890824, 336.13006649536266
flux1:, 1.3916067428975598, 11.825389989223833, -0.16093699578178178, 211.08941206236764, -267.130556985319, 340.3383580027886
flux1:, 1.3925890997681638, 11.535987460293423, -0.16718895406656042, 211.2242408513348, -272.64267359407836, 344.4539541252161
flux1:, 1.3935714566387678, 11.258581486042424, -0.17171123546821163, 210.98682861843528, -278.4894449784141, 348.4882568353779
flux1:, 1.3945538135093718, 10.995180907242311, -0.174524993652044, 210.43784229735687, -284.6265667314139, 352.45377296865195
flux1:, 1.3955361703799758, 10.747545766019929, -0.17569376248440371, 209.6447006492663, -291.0021362914872, 356.363736753578
flux1:, 1.3965185272505796, 10.517176266027858, -0.17532495286845787, 208.67900482734552, -297.5586691748562, 360.2317062816867
flux1:, 1.3975008841211836, 10.305307294735663, -0.17357031475760965, 207.61386504093346, -304.23531802259447, 364.0711452264564
flux1:, 1.3984832409917876, 10.112908505113321, -0.17062526510184312, 206.52122825940063, -310.9702087774067, 367.8950016736574
flux1:, 1.3994655978623916, 9.940689797948208, -0.16672700819970138, 205.46931064717091, -317.70280313361695, 371.71529610586146
flux1:, 1.4004479547329955, 9.789111892425167, -0.1621514047325606, 204.52023292820516, -324.3761947756848, 375.5427303852529
flux1:, 1.4014303116035993, 9.65840152633856, -0.1572085789691321, 203.7279473913826, -330.9392489290512, 379.38632900615556
flux1:, 1.4024126684742033, 9.548570693259679, -0.15223728941820222, 203.1365321882085, -337.3485003375121, 383.25312296088805
flux1:, 1.4033950253448073, 9.45943920672245, -0.14759812561771768, 202.7789125124958, -343.5697337545388, 387.14788530959044
flux1:, 1.4043773822154113, 9.3906597851755, -0.14366563171630814, 202.67604988686765, -349.57918305615675, 391.0729260072691
flux1:, 1.4053597390860153, 9.341744779650547, -0.14081949488787696, 202.83662090700193, -355.36429968703663, 395.02795177131986
flux1:, 1.406342095956619, 9.31209362166997, -0.1394349722418226, 203.25718626721536, -360.9240577741934, 399.00999482736887
flux1:, 1.407324452827223, 9.301020053886138, -0.1398727625597495, 203.92283058991998, -366.2687812305823, 403.01341231499
flux1:, 1.408306809697827, 9.30777822141537, -0.14246855774918618, 204.80823437120398, -371.41949681772195, 407.0299560349813
flux1:, 1.409289166568431, 9.331586747913335, -0.14752253226749107, 205.87912204861072, -376.40683570445066, 411.0489101442423
flux1:, 1.410271523439035, 9.371649996252792, -0.15528904595594115, 207.0940155200342, -381.26952381338873, 415.0572924205073
flux1:, 1.4112538803096388, 9.42717581729493, -0.16596684589991736, 208.406211000932, -386.0525174843042, 419.04011288966643
flux1:, 1.4122362371802428, 9.497389218831621, -0.17969005543684818, 209.76588936178135, -390.8048550607809, 422.98068199137697
flux1:, 1.4132185940508468, 9.581541536541884, -0.19652023281648537, 211.12226633570168, -395.5773063658225, 426.8609591032168
flux1:, 1.4142009509214508, 9.678914855192208, -0.21643976805323453, 212.42568934693892, -400.4199102259052, 430.6619311906401
flux1:, 1.4151833077920548, 9.788821606097304, -0.23934686421673643, 213.62959212320197, -405.3794949094245, 434.3640106289175
flux1:, 1.4161656646626586, 9.91059945031641, -0.2650523190598376, 214.69222647923456, -410.49727738231184, 437.94744087229225
flux1:, 1.4171480215332626, 10.043601740155658, -0.29327828501175995, 215.5781022913889, -415.80663461645344, 441.39269863181164
flux1:, 1.4181303784038666, 10.187184028094553, -0.32365914094764603, 216.25908117110637, -421.33113392645794, 444.6808815600342
flux1:, 1.4191127352744706, 10.340687256171034, -0.35574455879761685, 216.71508601592728, -427.082899711847, 447.79407111170576
flux1:, 1.4200950921450746, 10.503418404309269, -0.38900479320421794, 216.93440670619984, -433.06138143141726, 450.71566122623403
flux1:, 1.4210774490156786, 10.674629497735182, -0.4228381644834456, 216.9136009035739, -439.2525726323459, 453.43064472255463
flux1:, 1.4220598058862823, 10.853495966802642, -0.45658064564231166, 216.65700735396635, -445.6287139960932, 455.92585076438405
flux1:, 1.4230421627568863, 11.039095413428814, -0.4895174048109883, 216.1759064820196, -452.148495307173, 458.1901283910134
flux1:, 1.4240245196274903, 11.230387864029794, -0.5208960968639885, 215.48737861906193, -458.7577527069064, 460.2144728596306
flux1:, 1.4250068764980943, 11.426198577611071, -0.54994164394957, 214.61292325510414, -465.3906392805307, 461.99209334948574
flux1:, 1.4259892333686983, 11.62520442890037, -0.5758721957807247, 213.5769126866801, -471.97122964638277, 463.51842237746206
flux1:, 1.4269715902393023, 11.82592480074823, -0.5979159184305836, 212.4049599305493, -478.4155034291933, 464.79106900959783
flux1:, 1.427953947109906, 12.026717799322526, -0.6153282264345389, 211.12228352983644, -484.6336388961106, 465.8097195698374
flux1:, 1.42893630398051, 12.225782452926476, -0.6274090484464026, 209.75215080841156, -490.5325371110077, 466.57599099713696
flux1:, 1.429918660851114, 12.421167374734226, -0.6335197025037225, 208.31447631598377, -496.0184891057348, 467.09324324185326
flux1:, 1.430901017721718, 12.610786166524672, -0.6330989538293643, 206.82464390528693, -500.9998940372818, 467.3663580887173
flux1:, 1.431883374592322, 12.79243962060286, -0.6256778364291673, 205.29260950106226, -505.38993522467257, 467.4014925216147
flux1:, 1.4328657314629258, 12.963844547220154, -0.6108928396125126, 203.7223277027131, -509.10912332820675, 467.2058151895477
flux1:, 1.4338480883335298, 13.12266882208811, -0.5884970917045241, 202.11152956180968, -512.0876216043263, 466.78723468828485
flux1:, 1.4348304452041338, 13.266572020425436, -0.5583692150415378, 200.45186192420326, -514.2672768703628, 466.1541282431898
flux1:, 1.4358128020747378, 13.393250787811256, -0.5205195779289169, 198.72938140392907, -515.6032911635252, 465.3150789790556
flux1:, 1.4367951589453418, 13.500487901125169, -0.47509372937344596, 196.92537915052455, -516.0654825983074, 464.2786293161783
flux1:, 1.4377775158159456, 13.586203801786176, -0.42237286959030357, 195.0174968472374, -515.6390990641166, 463.05305716687474
flux1:, 1.4387598726865496, 13.648509244427872, -0.3627712818005591, 192.98108053956128, -514.3251645563126, 461.6461805622065
flux1:, 1.4397422295571536, 13.685757602239372, -0.2968307267705949, 190.79070755571968, -512.1403544693254, 460.0651951537934
flux1:, 1.4407245864277576, 13.696595309608362, -0.22521187885285432, 188.42181344089585, -509.11641247083213, 458.3165477570535
flux1:, 1.4417069432983616, 13.680008906326892, -0.14868295885182314, 185.85234084339208, -505.29913701695114, 456.40584777482115
flux1:, 1.4426893001689653, 13.635367177091956, -0.06810579272585392, 183.06433086986962, -500.7469796025766, 454.3378170119067
flux1:, 1.4436716570395693, 13.562456955559162, 0.015580406135073534, 180.04537961213168, -495.5293089839023, 452.1162771047061
flux1:, 1.4446540139101733, 13.461511282614287, 0.10137717151369595, 176.78988822377912, -489.7244054593423, 449.74417258912257
flux1:, 1.4456363707807773, 13.33322877122938, 0.18824642323664817, 173.30004381819543, -483.4172565531342, 447.223626550033
flux1:, 1.4466187276513813, 13.178783231355883, 0.2751311549169147, 169.58648015851907, -476.69722992164606, 444.55602486931116
flux1:, 1.447601084521985, 12.999822842639405, 0.3609766839870341, 165.66858107983848, -469.65570091987894, 441.74212434140907
flux1:, 1.448583441392589, 12.79845842409213, 0.44475195882784413, 161.57440519404844, -462.3837110607623, 438.78217937407084
flux1:, 1.449565798263193, 12.577240631100738, 0.5254704123819488, 157.3402269801309, -454.96972971931865, 435.6760816468323
flux1:, 1.450548155133797, 12.339126203449391, 0.6022098596874882, 153.00970612410643, -447.4975851180738, 432.42350696581485
flux1:, 1.451530512004401, 12.087433685102129, 0.6741309581518163, 148.63271320662025, -440.0446222116298, 429.0240636232909
flux1:, 1.4525128688750049, 11.825789328803799, 0.7404937836064287, 144.26385483645956, -432.68013496262574, 425.4774368361227
flux1:, 1.4534952257456089, 11.558064177637103, 0.800672121373757, 139.9607544493521, -425.4641091186487, 421.7835242775262
flux1:, 1.4544775826162128, 11.288303573333383, 0.8541651285223373, 135.78215567678546, -418.44629944035063, 417.9425583114342
flux1:, 1.4554599394868168, 11.020650569717306, 0.9006060896612262, 131.78592299410136, -411.6656528840868, 413.9552112580706
flux1:, 1.4564422963574208, 10.759264922307024, 0.9397680622419098, 128.02701896696163, -405.15007698942486, 409.8226808344251
flux1:, 1.4574246532280246, 10.508239475885183, 0.9715662863860051, 124.55553865785957, -398.91654111389425, 405.5467537886864
flux1:, 1.4584070100986286, 10.271515876075023, 0.9960573165802341, 121.41487960571203, -392.97148760002875, 401.12984665251764
flux1:, 1.4593893669692326, 10.052801585182428, 1.0134349159165879, 118.64012037498887, -387.3115207990067, 396.5750234328988
flux1:, 1.4603717238398366, 9.855490184783852, 1.0240228356221293, 116.25667224816294, -381.92433438469675, 391.8859909265324
flux1:, 1.4613540807104406, 9.682586897227559, 1.0282646811717702, 114.27925759543662, -376.78983176589026, 387.06707313390064
flux1:, 1.4623364375810444, 9.536641156342737, 1.0267111391656403, 112.71125529382452, -371.8813907535674, 382.1231669519238
flux1:, 1.4633187944516486, 9.419687906653524, 1.0200049044052344, 111.54443886308094, -367.1672219912063, 377.059681911795
flux1:, 1.4643011513222524, 9.33319911411891, 1.0088637024654181, 110.7591173751321, -362.6117709543505, 371.8824671863998
flux1:, 1.4652835081928564, 9.278046734996648, 0.9940618480542301, 110.32467334152231, -358.1771154408613, 366.5977294075547
flux1:, 1.4662658650634603, 9.25447811913007, 0.9764108124160678, 110.20047635442387, -353.82431421255035, 361.2119450022716
flux1:, 1.4672482219340643, 9.262104527003203, 0.956739293150847, 110.33713688541982, -349.5146675601647, 355.73177077934355
flux1:, 1.4682305788046683, 9.299903124277893, 0.9358732866459007, 110.67805191133628, -345.2108567603612, 350.1639563768261
flux1:, 1.4692129356752721, 9.366232491690969, 0.9146166567838556, 111.1611834357762, -340.8779363568956, 344.5152619292798
flux1:, 1.470195292545876, 9.45886136089692, 0.8937326740103616, 111.72100290677622, -336.48416060191767, 338.7923839444291
flux1:, 1.47117764941648, 9.575009966847338, 0.8739269669010378, 112.29052927838754, -332.00163291270184, 333.00189191000936
flux1:, 1.472160006287084, 9.711403103121878, 0.8558322850791427, 112.80338618443884, -327.40677452413104, 327.1501776058507
flux1:, 1.473142363157688, 9.864333686293676, 0.8399954190381963, 113.19580441641205, -322.6806153702858, 321.24341849483596
flux1:, 1.4741247200282919, 10.029735386264457, 0.8268665607163468, 113.40849952580709, -317.80891636601973, 315.28755593553893
flux1:, 1.4751070768988959, 10.20326266794256, 0.8167913203710817, 113.38836068768506, -312.78213748970626, 309.28828832209615
flux1:, 1.4760894337694999, 10.380376420997843, 0.8100055423938844, 113.08989564065298, -307.5952702473052, 303.25107863826446
flux1:, 1.4770717906401039, 10.55643323282015, 0.8066329872671131, 112.47638714435212, -302.2475561402011, 297.1811753348697
flux1:, 1.4780541475107078, 10.726776287996056, 0.8066858710230421, 111.52072848155606, -296.7421146329053, 291.083644922766
flux1:, 1.4790365043813116, 10.886825856987578, 0.8100681794166381, 110.20591854465447, -291.0855048425507, 284.96341423437076
flux1:, 1.4800188612519156, 11.03216736723009, 0.8165816035869511, 108.5252104278501, -285.28724482208077, 278.8253199607337
flux1:, 1.4810012181225196, 11.158635130110968, 0.8259338791311338, 106.48192064005065, -279.3593109932087, 272.6741628262373
flux1:, 1.4819835749931236, 11.262389924513489, 0.8377492529332908, 104.08891852793964, -273.31563815213383, 266.51476362695365
flux1:, 1.4829659318637276, 11.339988807799715, 0.8515807532196, 101.3678267688394, -267.17163769056395, 260.3520183325239
flux1:, 1.4839482887343314, 11.388445733168748, 0.8669238993175943, 98.34797344055217, -260.9437484358787, 254.1909495332185
flux1:, 1.4849306456049354, 11.405281792219021, 0.8832314593425832, 95.06514386372159, -254.6490310085522, 248.03675169749428
flux1:, 1.4859130024755394, 11.388564166468619, 0.899928847051856, 91.56018589913205, -248.3048130132945, 241.89482798137894
flux1:, 1.4868953593461434, 11.33693315419799, 0.916429743602189, 87.8775255258667, -241.92838889928268, 235.77081668654196
flux1:, 1.4878777162167474, 11.249616931589689, 0.9321515357864634, 84.06365028912347, -235.53677510228002, 229.67060588425161
flux1:, 1.4888600730873511, 11.126434001956977, 0.946530179061044, 80.1656166522772, -229.14651824964426, 223.60033519011643
flux1:, 1.4898424299579551, 10.967783576183452, 0.9590341205559884, 76.22963357585564, -222.77355186926619, 217.56638417111665
flux1:, 1.4908247868285591, 10.77462440398119, 0.9691769532612895, 72.29976902068955, -216.4330952648916, 211.57534737421
flux1:, 1.4918071436991631, 10.548442832351054, 0.9765285164499283, 68.41681884840894, -210.13958703696608, 205.63399646445035
flux1:, 1.4927895005697671, 10.291211098559913, 0.9807242076808316, 64.61736914040651, -203.90664514263418, 199.74923043380647
flux1:, 1.4937718574403709, 10.005337064716983, 0.9814723268323249, 60.933073682222776, -197.74704537058216, 193.92801527236466
flux1:, 1.4947542143109749, 9.693606765333147, 0.9785593308613826, 57.39015868911335, -191.67271060033636, 188.17731486723625
flux1:, 1.4957365711815789, 9.359121264810746, 0.9718529376393287, 54.00915720195534, -185.69470414195573, 182.50401519944953
flux1:, 1.4967189280521829, 9.00522940653912, 0.9613030765645891, 50.80486636416202, -179.82322171551274, 176.9148441357906
flux1:, 1.4977012849227869, 8.63545807819686, 0.9469407410417223, 47.7865123651623, -174.06757812341715, 171.41628925538444
flux1:, 1.4986836417933906, 8.253441619189063, 0.9288748517964217, 44.95810051971551, -168.43618628258838, 166.01451620601736
flux1:, 1.4996659986639946, 7.862851957182716, 0.9072872889718903, 42.31892199665085, -162.93652790720068, 160.71529005409414
flux1:, 1.5006483555345986, 7.467330983814449, 0.8824262938127808, 39.8641842973329, -157.5751166658877, 155.523901976701
flux1:, 1.5016307124052026, 7.070426568114551, 0.8545984764969774, 37.58572981859927, -152.35745598883648, 150.44510345177832
flux1:, 1.5026130692758066, 6.675533464156558, 0.8241596945683086, 35.47280574583904, -147.28799479733502, 145.48304984071933
flux1:, 1.5035954261464104, 6.285840201699243, 0.7915050859566158, 33.51284906347561, -142.370085216892, 140.6412549385627
flux1:, 1.5045777830170146, 5.904282860457865, 0.7570585515039786, 31.692252527181775, -137.605946780997, 135.92255770193069
flux1:, 1.5055601398876184, 5.533506425813012, 0.7212619842673904, 29.997080839068268, -132.99664172434257, 131.3291019686445
flux1:, 1.5065424967582224, 5.175834212089389, 0.6845645369036635, 28.41371077794969, -128.54206571132755, 126.86232956977433
flux1:, 1.5075248536288264, 4.833245624914698, 0.6474122046629105, 26.929374398672895, -124.24095777528876, 122.52298681895127
flux1:, 1.5085072104994304, 4.5073623222952675, 0.6102379806261269, 25.532590339969275, -120.09093240229494, 118.311143960279
flux1:, 1.5094895673700344, 4.1994426303722285, 0.5734528127097281, 24.21347447294695, -116.08853563849799, 114.22622677749773
flux1:, 1.5104719242406381, 3.910383879311015, 0.5374375596562951, 22.96392728915319, -112.22932590035782, 110.26705922612413
flux1:, 1.5114542811112421, 3.6407321518372573, 0.5025361068793852, 21.777701292664943, -108.50797889664672, 106.4319156569784
flux1:, 1.5124366379818461, 3.390698785311522, 0.46904976384554875, 20.65035697804189, -104.91841480450641, 102.71858096224553
flux1:, 1.5134189948524501, 3.160182840925924, 0.4372330239040881, 19.579120536770812, -101.45394465202604, 99.12441680021824
flux1:, 1.5144013517230541, 2.9487986528128647, 0.4072907263565168, 18.56266007675786, -98.10743181193844, 95.64643194583668
flux1:, 1.515383708593658, 2.7559074969459316, 0.3793766202872704, 17.60079975116119, -94.87146366150715, 92.28135477203735
flux1:, 1.516366065464262, 2.58065237524244, 0.35359329137668977, 16.694192716610466, -91.73852785608294, 89.02570589111038
flux1:, 1.5173484223348659, 2.421994893982125, 0.32999337759746367, 15.843974272223129, -88.70118732739704, 85.87586907180959
flux1:, 1.5183307792054699, 2.278753226517099, 0.3085819682340422, 15.051415916095909, -85.75224806707892, 82.82815869181975
flux1:, 1.5193131360760739, 2.1496401865502928, 0.2893200537859088, 14.317599487462608, -82.88491398972721, 79.87888217879963
flux1:, 1.5202954929466777, 2.0333004976684466, 0.2721288725748844, 13.64312817197486, -80.09292367264504, 77.02439612799719
flux1:, 1.5212778498172816, 1.9283464244739335, 0.25689498364896096, 13.027888097076934, -77.37066451154223, 74.26115505052802
flux1:, 1.5222602066878856, 1.8333910273100607, 0.2434758850576415, 12.470870718723662, -74.71326077295242, 71.58575199332957
flux1:, 1.5232425635584896, 1.7470784126362413, 0.23170599178004636, 11.97006239596364, -72.11663311486657, 68.99495056862179
flux1:, 1.5242249204290936, 1.6681104708464987, 0.22140278836369773, 11.522403664896203, -69.57752833194021, 66.48570822696298
flux1:, 1.5252072772996974, 1.5952697189075904, 0.21237297736406266, 11.123816949427294, -67.0935193017819, 64.05519089326842
flux1:, 1.5261896341703014, 1.527437992859095, 0.20441845550864712, 10.769297958574292, -64.6629763056547, 61.70077935028796
flux1:, 1.5271719910409054, 1.463610861344963, 0.1973419645690179, 10.45306297082608, -62.28501201481682, 59.42006799074163
flux1:, 1.5281543479115094, 1.4029077525599636, 0.19095228253781257, 10.168741718141884, -59.95940342254029, 57.210856760826864
flux1:, 1.5291367047821134, 1.3445779002636478, 0.1850688421313404, 9.909603744730891, -57.68649481939105, 55.071137278992346
flux1:, 1.5301190616527172, 1.288002317191347, 0.17952568708349154, 9.668804982157768, -55.46708652313195, 52.99907423117213
flux1:, 1.5311014185233212, 1.2326920941026946, 0.17417470135450586, 9.439640869068606, -53.302314462818735, 50.99298321538791
flux1:, 1.5320837753939252, 1.1782833981572758, 0.1688880714491856, 9.215792632206592, -51.19352586940631, 49.051306234804656
flux1:, 1.5330661322645291, 1.1245296041253634, 0.16355996675264095, 8.991554283679312, -49.14215624367058, 47.17258602059847
flux1:, 1.5340484891351331, 1.0712910354714964, 0.15810744643212676, 8.762029397659308, -47.14961246913119, 45.35544030759861
flux1:, 1.535030846005737, 1.0185228194436406, 0.15247062337645195, 8.523288704473996, -45.2171664353517, 43.598537091110174
flux1:, 1.536013202876341, 0.9662613712995809, 0.14661213529511402, 8.272481861108702, -43.345862866425065, 41.90057176818021
flux1:, 1.536995559746945, 0.9146100184837305, 0.1405159900223833, 8.00789929372991, -41.53644424826687, 40.26024691743972
flux1:, 1.537977916617549, 0.8637242571072131, 0.13418586592233045, 7.728982625692667, -39.78929485859792, 38.676255305253925
flux1:, 1.538960273488153, 0.8137971019979406, 0.12764295883766524, 7.43628477239609, -38.10440496975355, 37.14726652980352
flux1:, 1.5399426303587567, 0.7650449496524172, 0.12092347415168964, 7.131383180240738, -36.48135536115599, 35.671917535807886
flux1:, 1.5409249872293607, 0.7176943226253535, 0.11407586623408679, 6.81675180337398, -34.91932138796603, 34.248807058052556
flux1:, 1.5419073440999647, 0.6719698063507484, 0.10715792791866212, 6.495599160407357, -33.41709504359665, 32.876493887730526
flux1:, 1.5428897009705687, 0.6280834272665398, 0.10023382991171033, 6.171681127608298, -31.973122759247378, 31.553498707806156
flux1:, 1.5438720578411727, 0.5862256565816704, 0.09337120443572651, 5.8490979632573525, -30.58555612936172, 30.278309116338725
flux1:, 1.5448544147117764, 0.5465581591596567, 0.08663835932731949, 5.532085403000339, -29.252312355977466, 29.049387353946443
flux1:, 1.5458367715823806, 0.5092083437566599, 0.0801016986389411, 5.224809525728608, -27.971140977048258, 27.865180175403225
flux1:, 1.5468191284529844, 0.47426571100820936, 0.07382341398939728, 4.931174494365888, -26.739693385388605, 26.724130257193316
flux1:, 1.5478014853235884, 0.44177994065762793, 0.06785949793856275, 4.65465127672811, -25.55559174924769, 25.624688512624406
flux1:, 1.5487838421941924, 0.4117606108462032, 0.062258117005465824, 4.398134115958489, -24.4164941987382, 24.56532669285108
flux1:, 1.5497661990647964, 0.3841784008478728, 0.0570583680740058, 4.163829928187939, -23.32015352420053, 23.54454968379819
flux1:, 1.5507485559354004, 0.3589675951480354, 0.05228942828351989, 3.953184045480999, -22.264467117983692, 22.560906962585626
flux1:, 1.5517309128060042, 0.3360296816573679, 0.04797009549186559, 3.7668438866915976, -21.247516451368444, 21.61300274913102
flux1:, 1.5527132696766082, 0.31523782025330627, 0.04410870439030535, 3.6046603184640458, -20.267594982929133, 20.699504474874967
flux1:, 1.5536956265472122, 0.29644194961546494, 0.04070339265056675, 3.465724748678597, -19.323224012463534, 19.819149286777815
flux1:, 1.5546779834178162, 0.27947430008110374, 0.0377426823423114, 3.3484384514699825, -18.413156596051344, 18.970748406165324
flux1:, 1.5556603402884202, 0.26415508738615445, 0.03520633445457683, 3.250609320413251, -17.536370195351076, 18.153189264293328
flux1:, 1.556642697159024, 0.2502981758815308, 0.03306642880292433, 3.1695702337316036, -16.692049224345748, 17.365435435327136
flux1:, 1.557625054029628, 0.23771651918485912, 0.03128861795222808, 3.102312525204727, -15.879559060309042, 16.606524478981992
flux1:, 1.558607410900232, 0.22622721019208214, 0.029833502018377638, 3.0456277026396696, -15.098413388962975, 15.875563886095897
flux1:, 1.559589767770836, 0.21565599981496292, 0.028658071255443653, 2.996250541109017, -14.348236948452806, 15.17172538811143
flux1:, 1.56057212464144, 0.20584117358308263, 0.027717165061353334, 2.9509969836579435, -13.6287258203243, 14.494237944026933
flux1:, 1.5615544815120437, 0.19663670621702228, 0.026964899272073174, 2.906890876428365, -12.939607391148208, 13.842379754505602
flux1:, 1.5625368383826477, 0.18791464535310082, 0.02635601815271408, 2.861274404845574, -12.280601983715167, 13.215469672126737
flux1:, 1.5635191952532517, 0.179566705766486, 0.025847133097582513, 2.811898129988024, -11.651387944118005, 12.612858379433629
flux1:, 1.5645015521238557, 0.17150508378972482, 0.025397816465351167, 2.756987690634413, -11.051571686329572, 12.033919693483169
flux1:, 1.5654839089944597, 0.163662527375122, 0.02497152593768738, 2.6952854746792743, -10.480663857310185, 11.478042328489378
flux1:, 1.5664662658650634, 0.1559917197600098, 0.02453634203701181, 2.6260668116335415, -9.938062412959846, 10.94462240897106
flux1:, 1.5674486227356674, 0.1484640534758109, 0.024065508719007537, 2.5491314366716766, -9.423043008559057, 10.43305697688484
flux1:, 1.5684309796062714, 0.1410678861628726, 0.023537774030723164, 2.464772072700886, -8.934756726244572, 9.942738680300918
flux1:, 1.5694133364768754, 0.1338063801394285, 0.022937534482780242, 2.3737229245762492, -8.47223480459033, 9.473051770915482
flux1:, 1.5703956933474794, 0.1266950339007374, 0.022254792839221868, 2.2770916428279, -8.034399717348093, 9.023369476007463
flux1:, 1.5713780502180832, 0.11975901581240926, 0.021484944328559193, 2.1762788678043012, -7.6200816826528515, 8.593052749911275
flux1:, 1.5723604070886872, 0.11303040845428595, 0.02062841070793011, 2.072889795022176, -7.228039480014478, 8.181450353188655
flux1:, 1.5733427639592912, 0.10654546672432137, 0.01969014508839003, 1.9686423062026979, -6.856984316144746, 7.7879001565870425
flux1:, 1.5743251208298952, 0.10034198437113939, 0.018679032909701312, 1.8652760962006831, -6.505605414238718, 7.4117315233155985
flux1:, 1.5753074777004992, 0.09445685260502781, 0.01760721592956536, 1.76446691194356, -6.172596003482411, 7.052268588505764
flux1:, 1.576289834571103, 0.08892388140292658, 0.016489366590134353, 1.6677495320519962, -5.856678451643877, 6.7088342298211865
flux1:, 1.577272191441707, 0.08377193966235391, 0.01534193969930782, 1.5764524881939437, -5.556627406225245, 6.380754508444068
flux1:, 1.578254548312311, 0.07902345506500266, 0.014182427097129795, 1.4916467992503626, -5.271289979120901, 6.067363355063994
flux1:, 1.579236905182915, 0.07469329896033415, 0.013028638971629565, 1.4141101974774763, -4.999602214639943, 5.768007280530524
flux1:, 1.580219262053519, 0.07078806631709053, 0.011898032863466437, 1.344307513037222, -4.740601308819922, 5.482049904693382
flux1:, 1.5812016189241227, 0.06730574631041648, 0.010807108285842032, 1.2823870890155051, -4.493433286467523, 5.208876118441277
flux1:, 1.5821839757947267, 0.06423576584747247, 0.009770881423035307, 1.228192359640119, -4.257356078987372, 4.947895721680175
flux1:, 1.5831663326653307, 0.061559376644930705, 0.00880245069650603, 1.1812870713380488, -4.0317381693872205, 4.698546412373859
flux1:, 1.5841486895359347, 0.05925034663963093, 0.00791266023735025, 1.1409920849807937, -3.816053170832531, 4.460296037121087
flux1:, 1.5851310464065387, 0.05727590873786619, 0.007109864606282682, 1.1064312868404769, -3.6098708736121385, 4.232644050400013
flux1:, 1.5861134032771425, 0.05559791430429403, 0.006399794573810937, 1.076583866674639, -3.4128454262342554, 4.015122165918187
flux1:, 1.5870957601477467, 0.0541741353935062, 0.005785520516856098, 1.0503400979157025, -3.2247014058202037, 3.807294217986622
flux1:, 1.5880781170183504, 0.05295965849191351, 0.005267507089429372, 1.02655777386921, -3.0452185794279085, 3.6087552821419875
flux1:, 1.5890604738889544, 0.05190831335380481, 0.004843750352168863, 1.0041166053411557, -2.8742161621597333, 3.419130131294412
flux1:, 1.5900428307595584, 0.05097408320855915, 0.004509986547187738, 0.9819681537164537, -2.7115373425964666, 3.238071125629065
flux1:, 1.5910251876301624, 0.05011244696237152, 0.0042599602102831174, 0.9591792391278123, -2.5570347757747434, 3.0652556507732456
flux1:, 1.5920075445007664, 0.04928160975227626, 0.004085738332688489, 0.9349672025597763, -2.410557644499104, 2.900383229075095
flux1:, 1.5929899013713702, 0.04844358504132245, 0.003978056812234159, 0.9087258880978956, -2.2719407682183914, 2.74317243321916
flux1:, 1.5939722582419742, 0.04756509906117388, 0.003926685445591847, 0.8800417209312729, -2.140996102562515, 2.593357730066128
flux1:, 1.5949546151125782, 0.04661829650001446, 0.0039207981718889975, 0.8486997626553353, -2.0175068296868854, 2.450686376028942
flux1:, 1.5959369719831822, 0.045581234590554305, 0.00394933613401314, 0.8146801042044794, -1.9012240973771122, 2.3149154741424587
flux1:, 1.5969193288537862, 0.0444381608844453, 0.0040013523187744935, 0.7781453874515114, -1.7918663304006168, 2.18580928806636
flux1:, 1.59790168572439, 0.04317957773791875, 0.0040663280054722105, 0.7394206119139214, -1.689120916962457, 2.0631368904874847
flux1:, 1.598884042594994, 0.04180210364454908, 0.004134452925031552, 0.6989666700308083, -1.5926479713241375, 1.9466702037360655
flux1:, 1.599866399465598, 0.04030814783672972, 0.004196862838107334, 0.6573492546829358, -1.502085794349865, 1.8361824698672842
flux1:, 1.600848756336202, 0.038705419882296185, 0.004245830110783695, 0.6152048922080849, -1.4170575992663277, 1.731447166944052
flux1:, 1.601831113206806, 0.03700630021477539, 0.004274904734497444, 0.5732058739098449, -1.3371790411463989, 1.6322373686466023
flux1:, 1.6028134700774097, 0.03522710058750779, 0.004279005041508978, 0.5320257939547649, -1.2620660850996046, 1.5383255264045115
flux1:, 1.6037958269480137, 0.03338724531029833, 0.0042544590544698, 0.492307260302661, -1.1913427681736442, 1.4494836376284095
flux1:, 1.6047781838186177, 0.031508404829897425, 0.0041989989324187115, 0.4546331396768416, -1.1246484507957126, 1.3654837508000321
flux1:, 1.6057605406892217, 0.029613612808753086, 0.0041117122987367714, 0.419502441580249, -1.061644211606016, 1.286098748485081
flux1:, 1.6067428975598257, 0.027726396429560755, 0.003992955331849155, 0.38731165549441715, -1.002018110552969, 1.2111033429272318
flux1:, 1.6077252544304295, 0.02586994732364554, 0.003844233348916388, 0.3583420457740059, -0.9454891245835438, 1.140275215785451
flux1:, 1.6087076113010335, 0.024066357428925947, 0.003668055208175576, 0.3327530962963719, -0.891809643519056, 1.0733962336278327
flux1:, 1.6096899681716375, 0.022335940384034834, 0.0034677681977875125, 0.31058199661109603, -0.8407664962667569, 1.01025367376502
flux1:, 1.6106723250422414, 0.020696654924125354, 0.0032473801770238854, 0.29174878655727005, -0.7921805552421878, 0.9506414004951652
flux1:, 1.6116546819128454, 0.01916364232991696, 0.0030113756058919887, 0.2760665383239634, -0.7459050361907416, 0.8943609394105715
flux1:, 1.6126370387834492, 0.017748885460752924, 0.002764531764365374, 0.2632557624597208, -0.7018226686019006, 0.8412224065681481
flux1:, 1.6136193956540532, 0.016460992432931917, 0.0025117409498693955, 0.2529620833614275, -0.6598419565088651, 0.791045259521329
flux1:, 1.6146017525246572, 0.015305103732152894, 0.0022578437827244467, 0.2447761433887403, -0.619892779392166, 0.7436588479210472
flux1:, 1.6155841093952612, 0.014282917602287564, 0.002007477977361156, 0.23825466325796324, -0.5819215977375928, 0.6989027520962523
flux1:, 1.6165664662658652, 0.01339282504084951, 0.0017649460868015112, 0.23294160741483627, -0.5458865279128232, 0.6566269082565189
flux1:, 1.617548823136469, 0.012630142741686622, 0.0015341048333459676, 0.22838847199940102, -0.5117525375313291, 0.6166915283154771
flux1:, 1.618531180007073, 0.011987429920682151, 0.0013182777326127026, 0.2241728231588205, -0.4794869870782751, 0.5789668304727237
flux1:, 1.619513536877677, 0.011454873180501864, 0.0011201918315444767, 0.219914356718678, -0.44905570848871595, 0.5433326033685945
flux1:, 1.620495893748281, 0.01102072243133857, 0.0009419385412019369, 0.21528791745264153, -0.4204197691181714, 0.5096776316750781
flux1:, 1.621478250618885, 0.0106717603798862, 0.0007849577756781872, 0.21003309779182963, -0.39353302285347946, 0.47789901433307896
flux1:, 1.6224606074894887, 0.010393788201162973, 0.0006500439286667607, 0.20396022215608756, -0.3683405017073452, 0.4479014082961369
flux1:, 1.6234429643600927, 0.010172110671812742, 0.0005373716438237733, 0.19695270503662188, -0.34477765375840635, 0.419596230679959
flux1:, 1.6244253212306967, 0.009992005208270786, 0.00044653887420406267, 0.1889659402199937, -0.32277038911380207, 0.3929008507949418
flux1:, 1.6254076781013007, 0.009839160845483051, 0.0003766243851644545, 0.18002302804968015, -0.3022358567259882, 0.3677378008551167
flux1:, 1.6263900349719047, 0.009700075129111758, 0.0003262566352662307, 0.17020777174906687, -0.28308384299511874, 0.344034030457158
flux1:, 1.6273723918425085, 0.009562399088826234, 0.0002936908678500417, 0.15965546857917895, -0.26521865926617877, 0.3217202254697512
flux1:, 1.6283547487131127, 0.009415222821712511, 0.00027689125539229485, 0.1485420846727673, -0.2485413702171428, 0.3007302070449688
flux1:, 1.6293371055837165, 0.009249296653871752, 0.00027361504973786406, 0.1370724331391448, -0.23295220886352666, 0.2810004213326807
flux1:, 1.6303194624543205, 0.009057185279391457, 0.0002814958915032638, 0.1254679744389858, -0.21835302614227642, 0.26246952539836166
flux1:, 1.6313018193249245, 0.008833354619526118, 0.0002981237071705325, 0.11395482845966538, -0.2046496330368602, 0.24507807005035892
flux1:, 1.6322841761955285, 0.008574193330841652, 0.000321118957174447, 0.10275253276602286, -0.19175390986709662, 0.22876827596412372
flux1:, 1.6332665330661325, 0.00827797285859743, 0.00034819937652215595, 0.09206400568255467, -0.17958557933419964, 0.21348389580293575
flux1:, 1.6342488899367362, 0.007944751631930804, 0.0003772377550133373, 0.0820670813559548, -0.1680735656482343, 0.19917015208967534
flux1:, 1.6352312468073402, 0.007576230394257873, 0.0004063097212914708, 0.0729078822831407, -0.1571568899547065, 0.18577373843945552
flux1:, 1.6362136036779442, 0.0071755667315277945, 0.00043373090905346587, 0.06469618856294773, -0.14678508071153248, 0.17324287044512
flux1:, 1.6371959605485482, 0.006747157591483316, 0.00045808328147409726, 0.05750285771748736, -0.1369181051237154, 0.16152737198652306
flux1:, 1.6381783174191522, 0.006296398979704208, 0.0004782307596209612, 0.05135924926507431, -0.1275258528700989, 0.15057878295770627
flux1:, 1.639160674289756, 0.005829432084374881, 0.0004933246327080447, 0.04625851857360263, -0.11858722501028733, 0.1403504752811694
flux1:, 1.64014303116036, 0.005352884843579649, 0.0005027995148385122, 0.042158568350209084, -0.11008889827402271, 0.13079776549459785
flux1:, 1.641125388030964, 0.004873617456275547, 0.0005063608490400447, 0.03898638596880836, -0.10202384731989175, 0.1218780140255923
flux1:, 1.642107744901568, 0.004398479588106205, 0.000503965141611754, 0.03664345228734831, -0.09438971472456276, 0.11355070337877043
flux1:, 1.643090101772172, 0.0039340860777628385, 0.000495794236903389, 0.035011883270411305, -0.08718712042745187, 0.10577748971154541
flux1:, 1.6440724586427757, 0.003486616854302884, 0.0004822250153796681, 0.033960959310548246, -0.08041799938973235, 0.09852222454156666
flux1:, 1.6450548155133797, 0.003061645577306655, 0.0004637959186763905, 0.03335370748819809, -0.074084048835774, 0.09175094549309075
flux1:, 1.6460371723839837, 0.0026640002571012475, 0.0004411716782842482, 0.0330532272824831, -0.06818535533608892, 0.08543183695150942
flux1:, 1.6470195292545877, 0.002297657846457556, 0.00041510755477455107, 0.03292848802368724, -0.0627192580047148, 0.0795351631748615
flux1:, 1.6480018861251917, 0.0019656735604666816, 0.0003864142882110655, 0.03285937384605052, -0.05767948815408044, 0.07403317775258018
flux1:, 1.6489842429957955, 0.0016701445154975597, 0.0003559248244643795, 0.03274080600226564, -0.05305560883936237, 0.06890001426900463
flux1:, 1.6499665998663995, 0.0014122062141587843, 0.00032446372373056884, 0.0324858300161456, -0.048832760779132955, 0.06411156361255813
flux1:, 1.6509489567370035, 0.0011920594678995395, 0.0002928199839595148, 0.03202761324117203, -0.044991705035835834, 0.05964534357983297
flux1:, 1.6519313136076075, 0.0010090245629398222, 0.0002617238302852851, 0.03132035415322912, -0.041509138350756515, 0.055480366286279816
flux1:, 1.6529136704782115, 0.0008616188528678424, 0.00023182783867120888, 0.03033915567258925, -0.03835824478506188, 0.051597008454785306
flux1:, 1.6538960273488152, 0.0007476535100328557, 0.0002036925840388696, 0.02907895895342527, -0.03550943779106966, 0.04797688896811267
flux1:, 1.6548783842194192, 0.0006643448894381379, 0.00017777683561717147, 0.027552669870227392, -0.03293124032263012, 0.044602757200687154
flux1:, 1.6558607410900232, 0.0006084358486691243, 0.00015443216972984276, 0.025788636868046864, -0.030591247210211493, 0.04145839466090619
flux1:, 1.6568430979606272, 0.000576322416162642, 0.00013390173644718716, 0.02382765546241672, -0.02845711372473524, 0.038528531441477804
flux1:, 1.6578254548312312, 0.0005641813936017083, 0.0001163228041815696, 0.021719681522055355, -0.026497516829818137, 0.035798777955723955
flux1:, 1.658807811701835, 0.0005680947989100373, 0.00010173261716361346, 0.019520433057610396, -0.024683040737861064, 0.033255571490919844
flux1:, 1.659790168572439, 0.0005841674835767595, 9.00770356316233e-05, 0.017288049489045273, -0.02298694559788485, 0.030886136280749783
flux1:, 1.660772525443043, 0.0006086347696177229, 8.122138740991476e-05, 0.015079959514205465, -0.02138578693436529, 0.028678455126394234
flux1:, 1.661754882313647, 0.0006379575238997629, 7.496294150587893e-05, 0.012950085228675143, -0.019859863265581063, 0.026621250103650372
flux1:, 1.662737239184251, 0.0006689026973323685, 7.104441783586334e-05, 0.01094648267307382, -0.018393479585025848, 0.02470396959484656
flux1:, 1.6637195960548548, 0.0006986079806626456, 6.916797006694208e-05, 0.009109489182844576, -0.016975024537328808, 0.022916778779785
flux1:, 1.6647019529254587, 0.0007246298457721463, 6.900911822542278e-05, 0.0074704174267535475, -0.015596868653971354, 0.021250550799989856
flux1:, 1.6656843097960627, 0.0007449748318982033, 7.023016125402586e-05, 0.00605080637543594, -0.014255099495979267, 0.01969685605546618
flux1:, 1.6666666666666667, 0.0007581144829296912, 7.249266396830098e-05, 0.004862211992341959, -0.012949116627143197, 0.01824794747570561

Elapsed run time = 800.0303 s
