Using MPI version 4.0, 2 processes
-----------
Initializing structure...
Padding x to even number of grid points.
Halving computational cell along direction x
Halving computational cell along direction z
Splitting into 2 chunks by voxels
time for choose_chunkdivision = 0.00102496 s
Working in 3D dimensions.
Computational cell is 14.7 x 5.32 x 4.84 with resolution 50
     block, center = (0,0.431,0)
          size (1e+20,0.462,0.14)
          axes (1,0,0), (0,1,0), (0,0,1)
          dielectric constant epsilon diagonal = (4,4,4)
     block, center = (0,-0.431,0)
          size (1e+20,0.462,0.14)
          axes (1,0,0), (0,1,0), (0,0,1)
          dielectric constant epsilon diagonal = (4,4,4)
     cylinder, center = (1.29643,0.431,0)
          radius 0.1155, height 1e+20, axis (0, 0, 1)
          dielectric constant epsilon diagonal = (1,1,1)
     cylinder, center = (-1.29643,0.431,0)
          radius 0.1155, height 1e+20, axis (0, 0, 1)
          dielectric constant epsilon diagonal = (1,1,1)
     cylinder, center = (0.127286,0.431,0)
          radius 0.0891, height 1e+20, axis (0, 0, 1)
          dielectric constant epsilon diagonal = (1,1,1)
     cylinder, center = (-0.127286,0.431,0)
          radius 0.0891, height 1e+20, axis (0, 0, 1)
          dielectric constant epsilon diagonal = (1,1,1)
     cylinder, center = (0.391286,0.431,0)
          radius 0.0957, height 1e+20, axis (0, 0, 1)
          dielectric constant epsilon diagonal = (1,1,1)
     cylinder, center = (-0.391286,0.431,0)
          radius 0.0957, height 1e+20, axis (0, 0, 1)
          dielectric constant epsilon diagonal = (1,1,1)
     cylinder, center = (0.674143,0.431,0)
          radius 0.1023, height 1e+20, axis (0, 0, 1)
          dielectric constant epsilon diagonal = (1,1,1)
     cylinder, center = (-0.674143,0.431,0)
          radius 0.1023, height 1e+20, axis (0, 0, 1)
          dielectric constant epsilon diagonal = (1,1,1)
     ...(+ 40 objects not shown)...
time for set_epsilon = 20.036 s
-----------
Meep progress: 0.01/45.39999961853027 = 0.0% done in 9.2s, 41775.9s to go
on time step 1 (time=0.01), 9.20368 s/step
Meep progress: 0.24/45.39999961853027 = 0.5% done in 13.3s, 2494.0s to go
on time step 24 (time=0.24), 0.176107 s/step
Meep progress: 0.46/45.39999961853027 = 1.0% done in 17.4s, 1695.1s to go
on time step 46 (time=0.46), 0.186223 s/step
Meep progress: 0.68/45.39999961853027 = 1.5% done in 21.4s, 1409.1s to go
on time step 68 (time=0.68), 0.185205 s/step
Meep progress: 0.9/45.39999961853027 = 2.0% done in 25.5s, 1261.9s to go
on time step 90 (time=0.9), 0.186191 s/step
     block, center = (0,0.431,0)
          size (1e+20,0.462,0.14)
          axes (1,0,0), (0,1,0), (0,0,1)
          dielectric constant epsilon diagonal = (4,4,4)
     block, center = (0,-0.431,0)
          size (1e+20,0.462,0.14)
          axes (1,0,0), (0,1,0), (0,0,1)
          dielectric constant epsilon diagonal = (4,4,4)
     cylinder, center = (1.29643,0.431,0)
          radius 0.1155, height 1e+20, axis (0, 0, 1)
          dielectric constant epsilon diagonal = (1,1,1)
     cylinder, center = (-1.29643,0.431,0)
          radius 0.1155, height 1e+20, axis (0, 0, 1)
          dielectric constant epsilon diagonal = (1,1,1)
     cylinder, center = (0.127286,0.431,0)
          radius 0.0891, height 1e+20, axis (0, 0, 1)
          dielectric constant epsilon diagonal = (1,1,1)
     cylinder, center = (-0.127286,0.431,0)
          radius 0.0891, height 1e+20, axis (0, 0, 1)
          dielectric constant epsilon diagonal = (1,1,1)
     cylinder, center = (0.391286,0.431,0)
          radius 0.0957, height 1e+20, axis (0, 0, 1)
          dielectric constant epsilon diagonal = (1,1,1)
     cylinder, center = (-0.391286,0.431,0)
          radius 0.0957, height 1e+20, axis (0, 0, 1)
          dielectric constant epsilon diagonal = (1,1,1)
     cylinder, center = (0.674143,0.431,0)
          radius 0.1023, height 1e+20, axis (0, 0, 1)
          dielectric constant epsilon diagonal = (1,1,1)
     cylinder, center = (-0.674143,0.431,0)
          radius 0.1023, height 1e+20, axis (0, 0, 1)
          dielectric constant epsilon diagonal = (1,1,1)
     ...(+ 40 objects not shown)...
Meep progress: 1.12/45.39999961853027 = 2.5% done in 29.8s, 1179.9s to go
on time step 112 (time=1.12), 0.196388 s/step
Meep progress: 1.35/45.39999961853027 = 3.0% done in 33.9s, 1106.6s to go
on time step 135 (time=1.35), 0.177033 s/step
Meep progress: 1.57/45.39999961853027 = 3.5% done in 38.0s, 1060.6s to go
on time step 157 (time=1.57), 0.185319 s/step
Meep progress: 1.79/45.39999961853027 = 3.9% done in 42.1s, 1024.5s to go
on time step 179 (time=1.79), 0.184591 s/step
Meep progress: 2.0/45.39999961853027 = 4.4% done in 46.1s, 1000.8s to go
on time step 200 (time=2), 0.19373 s/step
Meep progress: 2.23/45.39999961853027 = 4.9% done in 50.1s, 970.8s to go
on time step 223 (time=2.23), 0.175158 s/step
Meep progress: 2.45/45.39999961853027 = 5.4% done in 54.2s, 950.7s to go
on time step 245 (time=2.45), 0.185425 s/step
Meep progress: 2.67/45.39999961853027 = 5.9% done in 58.3s, 932.8s to go
on time step 267 (time=2.67), 0.184429 s/step
Meep progress: 2.89/45.39999961853027 = 6.4% done in 62.4s, 917.4s to go
on time step 289 (time=2.89), 0.185459 s/step
Meep progress: 3.1/45.39999961853027 = 6.8% done in 66.4s, 906.2s to go
on time step 310 (time=3.1), 0.192455 s/step
Meep progress: 3.33/45.39999961853027 = 7.3% done in 70.5s, 890.3s to go
on time step 333 (time=3.33), 0.176521 s/step
Meep progress: 3.5500000000000003/45.39999961853027 = 7.8% done in 74.5s, 878.8s to go
on time step 355 (time=3.55), 0.185302 s/step
Meep progress: 3.77/45.39999961853027 = 8.3% done in 78.6s, 867.9s to go
on time step 377 (time=3.77), 0.184026 s/step
Meep progress: 3.99/45.39999961853027 = 8.8% done in 82.7s, 858.0s to go
on time step 399 (time=3.99), 0.185482 s/step
Meep progress: 4.2/45.39999961853027 = 9.3% done in 86.7s, 850.7s to go
on time step 420 (time=4.2), 0.192715 s/step
Meep progress: 4.43/45.39999961853027 = 9.8% done in 90.8s, 839.6s to go
on time step 443 (time=4.43), 0.176458 s/step
Meep progress: 4.65/45.39999961853027 = 10.2% done in 94.8s, 831.1s to go
on time step 465 (time=4.65), 0.184362 s/step
Meep progress: 4.87/45.39999961853027 = 10.7% done in 98.9s, 823.3s to go
on time step 487 (time=4.87), 0.185723 s/step
Meep progress: 5.08/45.39999961853027 = 11.2% done in 103.0s, 817.5s to go
on time step 508 (time=5.08), 0.194245 s/step
Meep progress: 5.3100000000000005/45.39999961853027 = 11.7% done in 107.0s, 808.2s to go
on time step 531 (time=5.31), 0.175823 s/step
Meep progress: 5.53/45.39999961853027 = 12.2% done in 111.1s, 801.2s to go
on time step 553 (time=5.53), 0.185777 s/step
Meep progress: 5.75/45.39999961853027 = 12.7% done in 115.2s, 794.5s to go
on time step 575 (time=5.75), 0.18545 s/step
Meep progress: 5.97/45.39999961853027 = 13.1% done in 119.3s, 788.0s to go
on time step 597 (time=5.97), 0.186525 s/step
Meep progress: 6.18/45.39999961853027 = 13.6% done in 123.4s, 783.0s to go
on time step 618 (time=6.18), 0.193505 s/step
Meep progress: 6.41/45.39999961853027 = 14.1% done in 127.4s, 775.2s to go
on time step 641 (time=6.41), 0.176642 s/step
Meep progress: 6.63/45.39999961853027 = 14.6% done in 131.5s, 769.2s to go
on time step 663 (time=6.63), 0.186578 s/step
Meep progress: 6.8500000000000005/45.39999961853027 = 15.1% done in 135.6s, 763.3s to go
on time step 685 (time=6.85), 0.185519 s/step
Meep progress: 7.0600000000000005/45.39999961853027 = 15.6% done in 139.7s, 758.7s to go
on time step 706 (time=7.06), 0.194291 s/step
Meep progress: 7.28/45.39999961853027 = 16.0% done in 143.8s, 752.8s to go
on time step 728 (time=7.28), 0.184844 s/step
Meep progress: 7.51/45.39999961853027 = 16.5% done in 147.8s, 745.9s to go
on time step 751 (time=7.51), 0.177022 s/step
Meep progress: 7.73/45.39999961853027 = 17.0% done in 151.9s, 740.4s to go
on time step 773 (time=7.73), 0.185424 s/step
Meep progress: 7.95/45.39999961853027 = 17.5% done in 156.0s, 734.9s to go
on time step 795 (time=7.95), 0.185113 s/step
Meep progress: 8.16/45.39999961853027 = 18.0% done in 160.1s, 730.5s to go
on time step 816 (time=8.16), 0.193991 s/step
Meep progress: 8.39/45.39999961853027 = 18.5% done in 164.1s, 723.9s to go
on time step 839 (time=8.39), 0.175568 s/step
Meep progress: 8.61/45.39999961853027 = 19.0% done in 168.2s, 718.7s to go
on time step 861 (time=8.61), 0.185738 s/step
Meep progress: 8.83/45.39999961853027 = 19.4% done in 172.2s, 713.4s to go
on time step 883 (time=8.83), 0.18412 s/step
Meep progress: 9.040000000000001/45.39999961853027 = 19.9% done in 176.3s, 709.1s to go
on time step 904 (time=9.04), 0.193221 s/step
Meep progress: 9.26/45.39999961853027 = 20.4% done in 180.4s, 704.0s to go
on time step 926 (time=9.26), 0.184983 s/step
Meep progress: 9.49/45.39999961853027 = 20.9% done in 184.4s, 697.9s to go
on time step 949 (time=9.49), 0.17595 s/step
Meep progress: 9.71/45.39999961853027 = 21.4% done in 188.5s, 692.9s to go
on time step 971 (time=9.71), 0.185541 s/step
Meep progress: 9.93/45.39999961853027 = 21.9% done in 192.6s, 687.9s to go
on time step 993 (time=9.93), 0.184708 s/step
Meep progress: 10.14/45.39999961853027 = 22.3% done in 196.6s, 683.8s to go
on time step 1014 (time=10.14), 0.194221 s/step
Meep progress: 10.36/45.39999961853027 = 22.8% done in 200.7s, 678.8s to go
on time step 1036 (time=10.36), 0.184436 s/step
Meep progress: 10.59/45.39999961853027 = 23.3% done in 204.8s, 673.1s to go
on time step 1059 (time=10.59), 0.176193 s/step
Meep progress: 10.81/45.39999961853027 = 23.8% done in 208.8s, 668.2s to go
on time step 1081 (time=10.81), 0.185031 s/step
Meep progress: 11.02/45.39999961853027 = 24.3% done in 212.9s, 664.2s to go
on time step 1102 (time=11.02), 0.193554 s/step
Meep progress: 11.24/45.39999961853027 = 24.8% done in 217.0s, 659.4s to go
on time step 1124 (time=11.24), 0.185512 s/step
Meep progress: 11.47/45.39999961853027 = 25.3% done in 221.0s, 653.8s to go
on time step 1147 (time=11.47), 0.175766 s/step
Meep progress: 11.69/45.39999961853027 = 25.7% done in 225.1s, 649.1s to go
on time step 1169 (time=11.69), 0.185188 s/step
Meep progress: 11.91/45.39999961853027 = 26.2% done in 229.2s, 644.4s to go
on time step 1191 (time=11.91), 0.184902 s/step
Meep progress: 12.120000000000001/45.39999961853027 = 26.7% done in 233.2s, 640.4s to go
on time step 1212 (time=12.12), 0.193611 s/step
Meep progress: 12.34/45.39999961853027 = 27.2% done in 237.3s, 635.7s to go
on time step 1234 (time=12.34), 0.184361 s/step
Meep progress: 12.57/45.39999961853027 = 27.7% done in 241.3s, 630.3s to go
on time step 1257 (time=12.57), 0.17661 s/step
Meep progress: 12.790000000000001/45.39999961853027 = 28.2% done in 245.4s, 625.7s to go
on time step 1279 (time=12.79), 0.185182 s/step
Meep progress: 13.0/45.39999961853027 = 28.6% done in 249.5s, 621.8s to go
on time step 1300 (time=13), 0.193204 s/step
Meep progress: 13.22/45.39999961853027 = 29.1% done in 253.6s, 617.2s to go
on time step 1322 (time=13.22), 0.185778 s/step
Meep progress: 13.44/45.39999961853027 = 29.6% done in 257.6s, 612.6s to go
on time step 1344 (time=13.44), 0.184766 s/step
Meep progress: 13.67/45.39999961853027 = 30.1% done in 261.7s, 607.4s to go
on time step 1367 (time=13.67), 0.17605 s/step
Meep progress: 13.89/45.39999961853027 = 30.6% done in 265.7s, 602.8s to go
on time step 1389 (time=13.89), 0.184534 s/step
Meep progress: 14.1/45.39999961853027 = 31.1% done in 269.8s, 599.0s to go
on time step 1410 (time=14.1), 0.194469 s/step
Meep progress: 14.32/45.39999961853027 = 31.5% done in 273.9s, 594.5s to go
on time step 1432 (time=14.32), 0.185417 s/step
Meep progress: 14.55/45.39999961853027 = 32.0% done in 277.9s, 589.3s to go
on time step 1455 (time=14.55), 0.1755 s/step
Meep progress: 14.77/45.39999961853027 = 32.5% done in 282.0s, 584.9s to go
on time step 1477 (time=14.77), 0.185889 s/step
Meep progress: 14.99/45.39999961853027 = 33.0% done in 286.1s, 580.4s to go
on time step 1499 (time=14.99), 0.184711 s/step
Meep progress: 15.200000000000001/45.39999961853027 = 33.5% done in 290.2s, 576.5s to go
on time step 1520 (time=15.2), 0.194215 s/step
Meep progress: 15.42/45.39999961853027 = 34.0% done in 294.2s, 572.0s to go
on time step 1542 (time=15.42), 0.184248 s/step
Meep progress: 15.65/45.39999961853027 = 34.5% done in 298.3s, 567.0s to go
on time step 1565 (time=15.65), 0.17651 s/step
Meep progress: 15.870000000000001/45.39999961853027 = 35.0% done in 302.4s, 562.6s to go
on time step 1587 (time=15.87), 0.18581 s/step
Meep progress: 16.080000000000002/45.39999961853027 = 35.4% done in 306.4s, 558.8s to go
on time step 1608 (time=16.08), 0.194009 s/step
Meep progress: 16.3/45.39999961853027 = 35.9% done in 310.5s, 554.4s to go
on time step 1630 (time=16.3), 0.185522 s/step
Meep progress: 16.52/45.39999961853027 = 36.4% done in 314.6s, 549.9s to go
on time step 1652 (time=16.52), 0.184406 s/step
Meep progress: 16.75/45.39999961853027 = 36.9% done in 318.6s, 545.0s to go
on time step 1675 (time=16.75), 0.176496 s/step
Meep progress: 16.97/45.39999961853027 = 37.4% done in 322.7s, 540.6s to go
on time step 1697 (time=16.97), 0.184147 s/step
Meep progress: 17.18/45.39999961853027 = 37.8% done in 326.8s, 536.8s to go
on time step 1718 (time=17.18), 0.194521 s/step
Meep progress: 17.400000000000002/45.39999961853027 = 38.3% done in 330.9s, 532.4s to go
on time step 1740 (time=17.4), 0.185692 s/step
Meep progress: 17.63/45.39999961853027 = 38.8% done in 334.9s, 527.5s to go
on time step 1763 (time=17.63), 0.175339 s/step
Meep progress: 17.85/45.39999961853027 = 39.3% done in 339.0s, 523.2s to go
on time step 1785 (time=17.85), 0.185707 s/step
Meep progress: 18.06/45.39999961853027 = 39.8% done in 343.0s, 519.3s to go
on time step 1806 (time=18.06), 0.193746 s/step
Meep progress: 18.28/45.39999961853027 = 40.3% done in 347.1s, 515.0s to go
on time step 1828 (time=18.28), 0.185131 s/step
Meep progress: 18.5/45.39999961853027 = 40.7% done in 351.2s, 510.6s to go
on time step 1850 (time=18.5), 0.18467 s/step
Meep progress: 18.73/45.39999961853027 = 41.3% done in 355.2s, 505.8s to go
on time step 1873 (time=18.73), 0.175849 s/step
Meep progress: 18.95/45.39999961853027 = 41.7% done in 359.3s, 501.5s to go
on time step 1895 (time=18.95), 0.185833 s/step
Meep progress: 19.16/45.39999961853027 = 42.2% done in 363.4s, 497.7s to go
on time step 1916 (time=19.16), 0.194242 s/step
Meep progress: 19.38/45.39999961853027 = 42.7% done in 367.5s, 493.4s to go
on time step 1938 (time=19.38), 0.186214 s/step
Meep progress: 19.6/45.39999961853027 = 43.2% done in 371.6s, 489.1s to go
on time step 1960 (time=19.6), 0.184909 s/step
Meep progress: 19.830000000000002/45.39999961853027 = 43.7% done in 375.6s, 484.4s to go
on time step 1983 (time=19.83), 0.176661 s/step
Meep progress: 20.04/45.39999961853027 = 44.1% done in 379.7s, 480.5s to go
on time step 2004 (time=20.04), 0.194073 s/step
Meep progress: 20.26/45.39999961853027 = 44.6% done in 383.8s, 476.2s to go
on time step 2026 (time=20.26), 0.186051 s/step
Meep progress: 20.48/45.39999961853027 = 45.1% done in 387.9s, 472.0s to go
on time step 2048 (time=20.48), 0.185877 s/step
Meep progress: 20.71/45.39999961853027 = 45.6% done in 391.9s, 467.3s to go
on time step 2071 (time=20.71), 0.176426 s/step
Meep progress: 20.93/45.39999961853027 = 46.1% done in 396.0s, 463.0s to go
on time step 2093 (time=20.93), 0.186464 s/step
Meep progress: 21.14/45.39999961853027 = 46.6% done in 400.1s, 459.2s to go
on time step 2114 (time=21.14), 0.19452 s/step
Meep progress: 21.36/45.39999961853027 = 47.0% done in 404.2s, 454.9s to go
on time step 2136 (time=21.36), 0.186464 s/step
Meep progress: 21.580000000000002/45.39999961853027 = 47.5% done in 408.3s, 450.7s to go
on time step 2158 (time=21.58), 0.185354 s/step
Meep progress: 21.81/45.39999961853027 = 48.0% done in 412.4s, 446.0s to go
on time step 2181 (time=21.81), 0.177119 s/step
Meep progress: 22.02/45.39999961853027 = 48.5% done in 416.5s, 442.2s to go
on time step 2202 (time=22.02), 0.194599 s/step
Meep progress: 22.240000000000002/45.39999961853027 = 49.0% done in 420.6s, 438.0s to go
on time step 2224 (time=22.24), 0.185687 s/step
Meep progress: 22.46/45.39999961853027 = 49.5% done in 424.6s, 433.7s to go
on time step 2246 (time=22.46), 0.185822 s/step
Meep progress: 22.68/45.39999961853027 = 50.0% done in 428.7s, 429.5s to go
on time step 2268 (time=22.68), 0.185585 s/step
Meep progress: 22.91/45.39999961853027 = 50.5% done in 432.8s, 424.9s to go
on time step 2291 (time=22.91), 0.176946 s/step
Meep progress: 23.12/45.39999961853027 = 50.9% done in 436.9s, 421.0s to go
on time step 2312 (time=23.12), 0.19531 s/step
Meep progress: 23.34/45.39999961853027 = 51.4% done in 441.0s, 416.8s to go
on time step 2334 (time=23.34), 0.185143 s/step
Meep progress: 23.56/45.39999961853027 = 51.9% done in 445.1s, 412.6s to go
on time step 2356 (time=23.56), 0.186045 s/step
Meep progress: 23.79/45.39999961853027 = 52.4% done in 449.1s, 408.0s to go
on time step 2379 (time=23.79), 0.175702 s/step
Meep progress: 24.0/45.39999961853027 = 52.9% done in 453.2s, 404.1s to go
on time step 2400 (time=24), 0.194451 s/step
Meep progress: 24.22/45.39999961853027 = 53.3% done in 457.3s, 399.9s to go
on time step 2422 (time=24.22), 0.185378 s/step
Meep progress: 24.44/45.39999961853027 = 53.8% done in 461.4s, 395.7s to go
on time step 2444 (time=24.44), 0.185844 s/step
Meep progress: 24.66/45.39999961853027 = 54.3% done in 465.4s, 391.5s to go
on time step 2466 (time=24.66), 0.186042 s/step
Meep progress: 24.89/45.39999961853027 = 54.8% done in 469.5s, 386.9s to go
on time step 2489 (time=24.89), 0.175835 s/step
Meep progress: 25.1/45.39999961853027 = 55.3% done in 473.6s, 383.0s to go
on time step 2510 (time=25.1), 0.195028 s/step
Meep progress: 25.32/45.39999961853027 = 55.8% done in 477.7s, 378.8s to go
on time step 2532 (time=25.32), 0.185404 s/step
Meep progress: 25.54/45.39999961853027 = 56.3% done in 481.8s, 374.6s to go
on time step 2554 (time=25.54), 0.185671 s/step
Meep progress: 25.76/45.39999961853027 = 56.7% done in 485.8s, 370.4s to go
on time step 2576 (time=25.76), 0.184952 s/step
Meep progress: 25.990000000000002/45.39999961853027 = 57.2% done in 489.9s, 365.9s to go
on time step 2599 (time=25.99), 0.176977 s/step
Meep progress: 26.2/45.39999961853027 = 57.7% done in 494.0s, 362.0s to go
on time step 2620 (time=26.2), 0.194503 s/step
Meep progress: 26.42/45.39999961853027 = 58.2% done in 498.0s, 357.8s to go
on time step 2642 (time=26.42), 0.184482 s/step
Meep progress: 26.64/45.39999961853027 = 58.7% done in 502.1s, 353.6s to go
on time step 2664 (time=26.64), 0.186132 s/step
Meep progress: 26.87/45.39999961853027 = 59.2% done in 506.2s, 349.1s to go
on time step 2687 (time=26.87), 0.176133 s/step
Meep progress: 27.080000000000002/45.39999961853027 = 59.6% done in 510.3s, 345.2s to go
on time step 2708 (time=27.08), 0.194846 s/step
Meep progress: 27.3/45.39999961853027 = 60.1% done in 514.3s, 341.0s to go
on time step 2730 (time=27.3), 0.184864 s/step
Meep progress: 27.52/45.39999961853027 = 60.6% done in 518.4s, 336.8s to go
on time step 2752 (time=27.52), 0.186135 s/step
Meep progress: 27.740000000000002/45.39999961853027 = 61.1% done in 522.5s, 332.7s to go
on time step 2774 (time=27.74), 0.185723 s/step
Meep progress: 27.97/45.39999961853027 = 61.6% done in 526.6s, 328.1s to go
on time step 2797 (time=27.97), 0.176126 s/step
Meep progress: 28.18/45.39999961853027 = 62.1% done in 530.7s, 324.3s to go
on time step 2818 (time=28.18), 0.194831 s/step
Meep progress: 28.400000000000002/45.39999961853027 = 62.6% done in 534.7s, 320.1s to go
on time step 2840 (time=28.4), 0.18515 s/step
Meep progress: 28.62/45.39999961853027 = 63.0% done in 538.8s, 315.9s to go
on time step 2862 (time=28.62), 0.186124 s/step
Meep progress: 28.84/45.39999961853027 = 63.5% done in 542.9s, 311.7s to go
on time step 2884 (time=28.84), 0.184887 s/step
Meep progress: 29.060000000000002/45.39999961853027 = 64.0% done in 547.0s, 307.6s to go
on time step 2906 (time=29.06), 0.185182 s/step
Meep progress: 29.28/45.39999961853027 = 64.5% done in 551.1s, 303.4s to go
on time step 2928 (time=29.28), 0.185501 s/step
Meep progress: 29.5/45.39999961853027 = 65.0% done in 555.1s, 299.2s to go
on time step 2950 (time=29.5), 0.185234 s/step
Meep progress: 29.72/45.39999961853027 = 65.5% done in 559.2s, 295.0s to go
on time step 2972 (time=29.72), 0.185883 s/step
Meep progress: 29.95/45.39999961853027 = 66.0% done in 563.3s, 290.6s to go
on time step 2995 (time=29.95), 0.176136 s/step
Meep progress: 30.16/45.39999961853027 = 66.4% done in 567.4s, 286.7s to go
on time step 3016 (time=30.16), 0.19471 s/step
Meep progress: 30.38/45.39999961853027 = 66.9% done in 571.4s, 282.5s to go
on time step 3038 (time=30.38), 0.18387 s/step
Meep progress: 30.6/45.39999961853027 = 67.4% done in 575.5s, 278.3s to go
on time step 3060 (time=30.6), 0.18567 s/step
Meep progress: 30.82/45.39999961853027 = 67.9% done in 579.6s, 274.2s to go
on time step 3082 (time=30.82), 0.186024 s/step
Meep progress: 31.04/45.39999961853027 = 68.4% done in 583.6s, 270.0s to go
on time step 3104 (time=31.04), 0.183775 s/step
Meep progress: 31.26/45.39999961853027 = 68.9% done in 587.7s, 265.8s to go
on time step 3126 (time=31.26), 0.184989 s/step
Meep progress: 31.48/45.39999961853027 = 69.3% done in 591.8s, 261.7s to go
on time step 3148 (time=31.48), 0.184971 s/step
Meep progress: 31.7/45.39999961853027 = 69.8% done in 595.9s, 257.5s to go
on time step 3170 (time=31.7), 0.185766 s/step
Meep progress: 31.92/45.39999961853027 = 70.3% done in 599.9s, 253.4s to go
on time step 3192 (time=31.92), 0.185068 s/step
Meep progress: 32.14/45.39999961853027 = 70.8% done in 604.0s, 249.2s to go
on time step 3214 (time=32.14), 0.184239 s/step
Meep progress: 32.36/45.39999961853027 = 71.3% done in 608.0s, 245.0s to go
on time step 3236 (time=32.36), 0.185141 s/step
Meep progress: 32.58/45.39999961853027 = 71.8% done in 612.1s, 240.9s to go
on time step 3258 (time=32.58), 0.184915 s/step
Meep progress: 32.8/45.39999961853027 = 72.2% done in 616.2s, 236.7s to go
on time step 3280 (time=32.8), 0.186066 s/step
Meep progress: 33.02/45.39999961853027 = 72.7% done in 620.3s, 232.5s to go
on time step 3302 (time=33.02), 0.183721 s/step
Meep progress: 33.24/45.39999961853027 = 73.2% done in 624.3s, 228.4s to go
on time step 3324 (time=33.24), 0.184811 s/step
Meep progress: 33.46/45.39999961853027 = 73.7% done in 628.4s, 224.2s to go
on time step 3346 (time=33.46), 0.184535 s/step
Meep progress: 33.68/45.39999961853027 = 74.2% done in 632.5s, 220.1s to go
on time step 3368 (time=33.68), 0.185602 s/step
Meep progress: 33.9/45.39999961853027 = 74.7% done in 636.5s, 215.9s to go
on time step 3390 (time=33.9), 0.185799 s/step
Meep progress: 34.12/45.39999961853027 = 75.2% done in 640.6s, 211.8s to go
on time step 3412 (time=34.12), 0.184205 s/step
Meep progress: 34.34/45.39999961853027 = 75.6% done in 644.7s, 207.6s to go
on time step 3434 (time=34.34), 0.184955 s/step
Meep progress: 34.56/45.39999961853027 = 76.1% done in 648.7s, 203.5s to go
on time step 3456 (time=34.56), 0.184777 s/step
Meep progress: 34.78/45.39999961853027 = 76.6% done in 652.8s, 199.3s to go
on time step 3478 (time=34.78), 0.186279 s/step
Meep progress: 35.0/45.39999961853027 = 77.1% done in 657.1s, 195.3s to go
on time step 3500 (time=35), 0.194982 s/step
Meep progress: 35.230000000000004/45.39999961853027 = 77.6% done in 661.2s, 190.9s to go
on time step 3523 (time=35.23), 0.17592 s/step
Meep progress: 35.45/45.39999961853027 = 78.1% done in 665.2s, 186.7s to go
on time step 3545 (time=35.45), 0.184956 s/step
Meep progress: 35.67/45.39999961853027 = 78.6% done in 669.3s, 182.6s to go
on time step 3567 (time=35.67), 0.184917 s/step
Meep progress: 35.89/45.39999961853027 = 79.1% done in 673.4s, 178.4s to go
on time step 3589 (time=35.89), 0.185411 s/step
Meep progress: 36.11/45.39999961853027 = 79.5% done in 677.4s, 174.3s to go
on time step 3611 (time=36.11), 0.184084 s/step
Meep progress: 36.33/45.39999961853027 = 80.0% done in 681.5s, 170.1s to go
on time step 3633 (time=36.33), 0.185449 s/step
Meep progress: 36.550000000000004/45.39999961853027 = 80.5% done in 685.6s, 166.0s to go
on time step 3655 (time=36.55), 0.185571 s/step
Meep progress: 36.77/45.39999961853027 = 81.0% done in 689.7s, 161.9s to go
on time step 3677 (time=36.77), 0.18479 s/step
Meep progress: 36.99/45.39999961853027 = 81.5% done in 693.7s, 157.7s to go
on time step 3699 (time=36.99), 0.185615 s/step
Meep progress: 37.21/45.39999961853027 = 82.0% done in 697.8s, 153.6s to go
on time step 3721 (time=37.21), 0.183641 s/step
Meep progress: 37.43/45.39999961853027 = 82.4% done in 701.9s, 149.5s to go
on time step 3743 (time=37.43), 0.185698 s/step
Meep progress: 37.65/45.39999961853027 = 82.9% done in 705.9s, 145.3s to go
on time step 3765 (time=37.65), 0.184909 s/step
Meep progress: 37.87/45.39999961853027 = 83.4% done in 710.0s, 141.2s to go
on time step 3787 (time=37.87), 0.185109 s/step
Meep progress: 38.08/45.39999961853027 = 83.9% done in 714.1s, 137.3s to go
on time step 3808 (time=38.08), 0.195716 s/step
Meep progress: 38.31/45.39999961853027 = 84.4% done in 718.2s, 132.9s to go
on time step 3831 (time=38.31), 0.175905 s/step
Meep progress: 38.53/45.39999961853027 = 84.9% done in 722.2s, 128.8s to go
on time step 3853 (time=38.53), 0.184727 s/step
Meep progress: 38.75/45.39999961853027 = 85.4% done in 726.3s, 124.6s to go
on time step 3875 (time=38.75), 0.184421 s/step
Meep progress: 38.97/45.39999961853027 = 85.8% done in 730.4s, 120.5s to go
on time step 3897 (time=38.97), 0.184967 s/step
Meep progress: 39.19/45.39999961853027 = 86.3% done in 734.4s, 116.4s to go
on time step 3919 (time=39.19), 0.185143 s/step
Meep progress: 39.410000000000004/45.39999961853027 = 86.8% done in 738.5s, 112.2s to go
on time step 3941 (time=39.41), 0.184865 s/step
Meep progress: 39.63/45.39999961853027 = 87.3% done in 742.6s, 108.1s to go
on time step 3963 (time=39.63), 0.184918 s/step
Meep progress: 39.85/45.39999961853027 = 87.8% done in 746.6s, 104.0s to go
on time step 3985 (time=39.85), 0.184944 s/step
Meep progress: 40.06/45.39999961853027 = 88.2% done in 750.7s, 100.1s to go
on time step 4006 (time=40.06), 0.192629 s/step
Meep progress: 40.29/45.39999961853027 = 88.7% done in 754.7s, 95.7s to go
on time step 4029 (time=40.29), 0.175333 s/step
Meep progress: 40.51/45.39999961853027 = 89.2% done in 758.8s, 91.6s to go
on time step 4051 (time=40.51), 0.184475 s/step
Meep progress: 40.730000000000004/45.39999961853027 = 89.7% done in 762.8s, 87.5s to go
on time step 4073 (time=40.73), 0.184861 s/step
Meep progress: 40.95/45.39999961853027 = 90.2% done in 766.9s, 83.3s to go
on time step 4095 (time=40.95), 0.184733 s/step
Meep progress: 41.160000000000004/45.39999961853027 = 90.7% done in 771.0s, 79.4s to go
on time step 4116 (time=41.16), 0.193272 s/step
Meep progress: 41.39/45.39999961853027 = 91.2% done in 775.0s, 75.1s to go
on time step 4139 (time=41.39), 0.175867 s/step
Meep progress: 41.61/45.39999961853027 = 91.7% done in 779.1s, 71.0s to go
on time step 4161 (time=41.61), 0.185188 s/step
Meep progress: 41.83/45.39999961853027 = 92.1% done in 783.2s, 66.8s to go
on time step 4183 (time=41.83), 0.185331 s/step
Meep progress: 42.04/45.39999961853027 = 92.6% done in 787.2s, 62.9s to go
on time step 4204 (time=42.04), 0.19359 s/step
Meep progress: 42.27/45.39999961853027 = 93.1% done in 791.3s, 58.6s to go
on time step 4227 (time=42.27), 0.175409 s/step
Meep progress: 42.49/45.39999961853027 = 93.6% done in 795.3s, 54.5s to go
on time step 4249 (time=42.49), 0.183948 s/step
Meep progress: 42.71/45.39999961853027 = 94.1% done in 799.4s, 50.3s to go
on time step 4271 (time=42.71), 0.185403 s/step
Meep progress: 42.93/45.39999961853027 = 94.6% done in 803.5s, 46.2s to go
on time step 4293 (time=42.93), 0.184804 s/step
Meep progress: 43.14/45.39999961853027 = 95.0% done in 807.5s, 42.3s to go
on time step 4314 (time=43.14), 0.193657 s/step
Meep progress: 43.37/45.39999961853027 = 95.5% done in 811.6s, 38.0s to go
on time step 4337 (time=43.37), 0.176295 s/step
Meep progress: 43.59/45.39999961853027 = 96.0% done in 815.6s, 33.9s to go
on time step 4359 (time=43.59), 0.184651 s/step
Meep progress: 43.81/45.39999961853027 = 96.5% done in 819.7s, 29.7s to go
on time step 4381 (time=43.81), 0.184981 s/step
Meep progress: 44.02/45.39999961853027 = 97.0% done in 823.8s, 25.8s to go
on time step 4402 (time=44.02), 0.192981 s/step
Meep progress: 44.24/45.39999961853027 = 97.4% done in 827.8s, 21.7s to go
on time step 4424 (time=44.24), 0.184658 s/step
Meep progress: 44.47/45.39999961853027 = 98.0% done in 831.9s, 17.4s to go
on time step 4447 (time=44.47), 0.175898 s/step
Meep progress: 44.69/45.39999961853027 = 98.4% done in 835.9s, 13.3s to go
on time step 4469 (time=44.69), 0.18511 s/step
Meep progress: 44.910000000000004/45.39999961853027 = 98.9% done in 840.0s, 9.2s to go
on time step 4491 (time=44.91), 0.185013 s/step
Meep progress: 45.12/45.39999961853027 = 99.4% done in 844.1s, 5.2s to go
on time step 4512 (time=45.12), 0.193775 s/step
Meep progress: 45.35/45.39999961853027 = 99.9% done in 848.1s, 0.9s to go
on time step 4535 (time=45.35), 0.175651 s/step
creating output file "./nanobeam-eps-000045.40.h5"...
creating output file "./nanobeam-ey-000045.40.h5"...
harminv0:, frequency, imag. freq., Q, |amp|, amplitude, error
harminv0:, 1.3639763534868974, 0.00138124906079192, -493.74743201811856, 3.2365466323638796, 0.2347499357287326+3.22802208343458i, 1.9921030541478005e-05+0.0i
harminv0:, 1.374967458924603, -0.00012640067610133796, 5438.924463593312, 1.8518598947445948, 1.8203551438965107-0.3401355903944422i, 0.0001675543489450085+0.0i
harminv0:, frequency, imag. freq., Q, |amp|, amplitude, error
harminv0:, 1.3493419145899659, 0.005757292929857632, -117.18544904951821, 0.1537988015872611, -0.11969577551309246-0.09657635680640003i, 0.0010667157946553818+0.0i
run 0 finished at t = 45.4 (4540 timesteps)
Generating MP4...
flux1:, 1.1764705882352942, 0.00010210419810962117, 0.00019936698423956913, 0.008442582684898316, -0.006950915016022894, 0.005982030969490714
flux1:, 1.1774529451058982, 0.00013607481028962004, 0.00019881942664213344, 0.00915672517908915, -0.007215891873538828, 0.006395301773351987
flux1:, 1.1784353019765021, 0.00017552682488551998, 0.00019650424983011999, 0.009812926730245955, -0.007605462023562497, 0.006843451056737967
flux1:, 1.179417658847106, 0.00021983330295451803, 0.0001924100731365367, 0.010397494812081319, -0.008145038672257703, 0.007334247192191858
flux1:, 1.18040001571771, 0.000268160761285802, 0.0001865832490617237, 0.010901012490010652, -0.008857447273203627, 0.007876312675242034
flux1:, 1.181382372588314, 0.0003194830048552039, 0.00017913048128264313, 0.011319364510525834, -0.009761742772366777, 0.008478962673976525
flux1:, 1.182364729458918, 0.00037260327257091603, 0.00017021957965773651, 0.011654603508194878, -0.01087212353001986, 0.009152009350710703
flux1:, 1.183347086329522, 0.0004261846070876207, 0.00016007819228620076, 0.011915598623798172, -0.01219700617376124, 0.009905539326001463
flux1:, 1.1843294432001257, 0.0004787880463801982, 0.00014899041393000054, 0.012118414652096733, -0.01373832317802414, 0.010749673641310754
flux1:, 1.1853118000707297, 0.0005289179092934763, 0.00013729123710427355, 0.012286378844271592, -0.015491099128319408, 0.011694321278122076
flux1:, 1.1862941569413337, 0.0005750731205414949, 0.0001253588850526508, 0.012449804504408902, -0.017443352416378555, 0.01274893859976275
flux1:, 1.1872765138119377, 0.0006158032048816851, 0.00011360514246257274, 0.012645355194321266, -0.0195763567038825, 0.013922307901424685
flux1:, 1.1882588706825417, 0.0006497672882948945, 0.00010246387769435492, 0.012915050182503131, -0.021865281247017657, 0.015222348501561359
flux1:, 1.1892412275531457, 0.0006757941890942473, 9.23780268150042e-05, 0.01330493006953083, -0.024280211629382042, 0.01665597342478566
flux1:, 1.1902235844237494, 0.0006929414768076832, 8.378538205614221e-05, 0.013863420487030844, -0.026787533310602903, 0.018229003678456604
flux1:, 1.1912059412943534, 0.0007005512335710141, 7.710359260444239e-05, 0.01463945048717928, -0.029351640508728797, 0.01994615040862684
flux1:, 1.1921882981649574, 0.0006983001823977624, 7.271484111986261e-05, 0.015680399734021435, -0.031936913254944785, 0.021811072864487
flux1:, 1.1931706550355614, 0.0006862418580964371, 7.095070243467036e-05, 0.017029963873050696, -0.034509887019685916, 0.023826517167170103
flux1:, 1.1941530119061654, 0.0006648385964250888, 7.207771918426963e-05, 0.018726039514175383, -0.037041523163377735, 0.02599453746408865
flux1:, 1.1951353687767692, 0.0006349813092165594, 7.628424067169087e-05, 0.02079873821881349, -0.03950947563848762, 0.02831679728297011
flux1:, 1.1961177256473732, 0.0005979952983757903, 8.366906456557659e-05, 0.023268641971125388, -0.04190024080361128, 0.030794944934799152
flux1:, 1.1971000825179772, 0.0005556307371002101, 9.423239510211864e-05, 0.026145410255792367, -0.04421107370434828, 0.03343105283053795
flux1:, 1.1980824393885812, 0.000510036905956564, 0.000107869585953071, 0.029426840712603573, -0.04645155633728968, 0.0362281067670988
flux1:, 1.1990647962591852, 0.0004637198043666655, 0.00012436807114295814, 0.033098471308827676, -0.048644711606333345, 0.03919052780091044
flux1:, 1.200047153129789, 0.000419483350778958, 0.0001434078043521364, 0.03713379227817384, -0.050827570988428356, 0.04232470646484731
flux1:, 1.201029510000393, 0.0003803550199227416, 0.00016456542734215795, 0.04149511124290936, -0.05305112412390823, 0.04563952697798661
flux1:, 1.202011866870997, 0.0003494974226678434, 0.0001873222744714936, 0.046135085794509846, -0.05537960408635572, 0.04914685791319445
flux1:, 1.202994223741601, 0.0003301079900375518, 0.00021107619537923117, 0.050998905479587846, -0.05788909209826034, 0.052861985655213196
flux1:, 1.203976580612205, 0.00032530955290606243, 0.00023515704551647524, 0.056027071004071435, -0.06066545877174878, 0.056803967990607676
flux1:, 1.2049589374828087, 0.00033803518666570046, 0.0002588455584022643, 0.06115868411635009, -0.0638016941268614, 0.06099588736264332
flux1:, 1.2059412943534127, 0.00037091118934332615, 0.000281395178745738, 0.0663351287937889, -0.06739471402270952, 0.06546498668231124
flux1:, 1.2069236512240167, 0.0004261424566226602, 0.0003020563066325536, 0.07150399483440235, -0.07154176442937818, 0.07024267504113157
flux1:, 1.2079060080946207, 0.0005054047841427184, 0.00032010228462290815, 0.07662307052635675, -0.07633657530860091, 0.07536439608760744
flux1:, 1.2088883649652247, 0.0006097487453509797, 0.0003348563565779816, 0.0816642133947206, -0.08186544092219888, 0.08086935801896164
flux1:, 1.2098707218358287, 0.0007395197449757332, 0.00034571874383831664, 0.08661689856463017, -0.08820342143810649, 0.08680013086057192
flux1:, 1.2108530787064324, 0.0008942986217199652, 0.0003521929250870495, 0.09149124418513271, -0.0954108702660103, 0.09320212367033721
flux1:, 1.2118354355770364, 0.00107286676265437, 0.0003539101743771603, 0.0963203233970782, -0.10353049145707371, 0.10012296119390876
flux1:, 1.2128177924476404, 0.0012731990961381652, 0.0003506514101648012, 0.10116159281556213, -0.11258512098082242, 0.1076117859672384
flux1:, 1.2138001493182444, 0.0014924875571126377, 0.0003423654386963761, 0.10609729823360164, -0.12257640445561536, 0.11571851757015807
flux1:, 1.2147825061888484, 0.0017271966828994439, 0.00032918273869035153, 0.11123375850529109, -0.13348451219908827, 0.12449310534060397
flux1:, 1.2157648630594522, 0.0019731519211896114, 0.00031142403080402614, 0.1166994770487168, -0.14526899107866859, 0.13398481406026358
flux1:, 1.2167472199300562, 0.0022256600440611176, 0.00028960300362809596, 0.1226420853192396, -0.15787080294189496, 0.1442415836560618
flux1:, 1.2177295768006602, 0.002479659798561199, 0.0002644227254949356, 0.12922418166231484, -0.17121554328640415, 0.15530950362819976
flux1:, 1.2187119336712642, 0.002729899627571566, 0.00023676545468914536, 0.13661818949427124, -0.1852177736677557, 0.16723244059750086
flux1:, 1.2196942905418682, 0.0029711380110135016, 0.00020767576507051854, 0.14500041782006928, -0.1997863399064918, 0.1800518530219504
flux1:, 1.220676647412472, 0.0031983607571066464, 0.00017833712407074604, 0.1545445615691887, -0.21483048849843395, 0.19380682083320316
flux1:, 1.221659004283076, 0.0034070084681096023, 0.000150042289022743, 0.16541492598561375, -0.23026653894750507, 0.20853430964850128
flux1:, 1.22264136115368, 0.0035932064666958897, 0.0001241581186964616, 0.17775969537622027, -0.24602482321802271, 0.22426967958561364
flux1:, 1.223623718024284, 0.003753988747389442, 0.00010208562209296984, 0.1917045892404782, -0.26205656815558415, 0.24104743790411784
flux1:, 1.224606074894888, 0.0038875070579507493, 8.52162781210135e-05, 0.20734725598879966, -0.2783403752218974, 0.258902223158622
flux1:, 1.2255884317654917, 0.0039932160574904126, 7.488584983173703e-05, 0.22475274454513824, -0.2948879463904575, 0.27786999678071705
flux1:, 1.2265707886360957, 0.004072025672375505, 7.232707778808527e-05, 0.2439503663115526, -0.31174871705928375, 0.2979894065685705
flux1:, 1.2275531455066997, 0.004126412298533081, 7.862276176999674e-05, 0.2649322142874997, -0.3290130870680452, 0.3193032760291659
flux1:, 1.2285355023773037, 0.004160481388462844, 9.466082204040202e-05, 0.2876535435392823, -0.3468139891919395, 0.34186016446700496
flux1:, 1.2295178592479077, 0.004179975209086385, 0.00012109296553473712, 0.3120351395937527, -0.3653265997133179, 0.36571593568952443
flux1:, 1.2305002161185117, 0.0041922211441540866, 0.00015829856457920069, 0.33796771148017907, -0.38476607577347904, 0.39093526868239653
flux1:, 1.2314825729891155, 0.0042060178096079434, 0.00020635528357342394, 0.365318247697549, -0.4053832961992757, 0.41759304199784864
flux1:, 1.2324649298597194, 0.004231458404791472, 0.0002650178616076426, 0.3939381706813194, -0.42745868254955705, 0.44577552517213387
flux1:, 1.2334472867303234, 0.004279693075564528, 0.00033370627713037965, 0.42367302326550904, -0.4512942807158013, 0.47558131538895876
flux1:, 1.2344296436009274, 0.004362634543514196, 0.00041150428726675534, 0.4543733244027978, -0.47720438548949234, 0.507121965829096
flux1:, 1.2354120004715314, 0.0044926137738902526, 0.000497169053826757, 0.48590614631621826, -0.5055050857331496, 0.5405222635162815
flux1:, 1.2363943573421352, 0.004681994920538159, 0.0005891522468236413, 0.5181668964474168, -0.5365031907747874, 0.575920128653676
flux1:, 1.2373767142127392, 0.004942761100196704, 0.0006856326625813319, 0.551090739718175, -0.5704850642292855, 0.6134661239437738
flux1:, 1.2383590710833432, 0.005286084610082417, 0.0007845600168962866, 0.5846630736907297, -0.6077059349916338, 0.6533225805551696
flux1:, 1.2393414279539472, 0.005721896912038488, 0.00088370918519589, 0.6189284741828974, -0.6483802727952034, 0.6956623664714932
flux1:, 1.2403237848245512, 0.006258474969487411, 0.0009807437732317155, 0.6539975635440115, -0.6926738046805506, 0.7406673420672868
flux1:, 1.241306141695155, 0.006902061255088533, 0.0010732875262143607, 0.6900513185260831, -0.7406977074452334, 0.7885265659755217
flux1:, 1.242288498565759, 0.00765653487607303, 0.0011590017345651303, 0.7273424283906244, -0.7925054395509467, 0.8394343306985251
flux1:, 1.243270855436363, 0.008523150736468003, 0.0012356664834714249, 0.7661934339215389, -0.8480925755156801, 0.8935881210509729
flux1:, 1.244253212306967, 0.009500362437676695, 0.00130126333379608, 0.8069915201806258, -0.9073998795650865, 0.9511865985656829
flux1:, 1.245235569177571, 0.010583742701452696, 0.001354056825052077, 0.8501799945386473, -0.9703197078577775, 1.0124277207132544
flux1:, 1.2462179260481747, 0.011766012498737979, 0.001392672067354155, 0.8962466498853274, -1.0367056659567997, 1.0775071046273066
flux1:, 1.2472002829187787, 0.013037186828195988, 0.0014161656469627046, 0.945709383137726, -1.1063852776286562, 1.1466167406228926
flux1:, 1.2481826397893827, 0.014384841281668757, 0.0014240871154986875, 0.9990996027415112, -1.1791752506764128, 1.219944151021655
flux1:, 1.2491649966599867, 0.015794499259949003, 0.0014165284700448108, 1.056944107050124, -1.2548987640969151, 1.2976720747760004
flux1:, 1.2501473535305907, 0.01725013508710507, 0.0013941592612309547, 1.1197462396902458, -1.3334040572983423, 1.3799787385073994
flux1:, 1.2511297104011945, 0.018734783464069864, 0.0013582452872677017, 1.1879672203052443, -1.4145834850513344, 1.467038750490815
flux1:, 1.2521120672717985, 0.020231240871084955, 0.0013106492388710387, 1.2620086025144797, -1.498392119153735, 1.559024626726197
flux1:, 1.2530944241424025, 0.02172283985701986, 0.0012538121452253849, 1.3421968201073329, -1.5848649361474176, 1.6561089286588169
flux1:, 1.2540767810130065, 0.023194272833694435, 0.001190715023629592, 1.4287707438757062, -1.6741316348796276, 1.7584669616341524
flux1:, 1.2550591378836105, 0.02463243821915337, 0.001124820741545314, 1.5218730836979966, -1.7664281812891323, 1.86627995322807
flux1:, 1.2560414947542144, 0.026027278734608895, 0.0010599967431042542, 1.6215463345733312, -1.8621042812590343, 1.9797386026546842
flux1:, 1.2570238516248182, 0.02737257953168486, 0.0010004199542462749, 1.727733784811261, -1.9616261339328473, 2.099046868018506
flux1:, 1.2580062084954222, 0.028666692765493784, 0.0009504658413308146, 1.8402858855787714, -2.065574013187303, 2.224425838632911
flux1:, 1.2589885653660262, 0.02991315536247661, 0.0009145842358581168, 1.9589720319257964, -2.1746344570749194, 2.356117526237683
flux1:, 1.2599709222366302, 0.031121168152500125, 0.0008971651308673856, 2.083497536797545, -2.2895871047153746, 2.494388402743273
flux1:, 1.2609532791072342, 0.03230590729250073, 0.000902398180725311, 2.2135253036526636, -2.4112864959872993, 2.639532513847293
flux1:, 1.261935635977838, 0.033488643008520155, 0.0009341300742602625, 2.348701433601159, -2.540639428474248, 2.7918740079240107
flux1:, 1.262917992848442, 0.034696646076235155, 0.000995724281947999, 2.488683753531854, -2.6785787344321488, 2.951768937995419
flux1:, 1.263900349719046, 0.03596286904740256, 0.0010899278837437443, 2.633172036501533, -2.826034583590893, 3.1196062209697994
flux1:, 1.26488270658965, 0.03732539685637754, 0.0012187502507851194, 2.7819385179310543, -2.983904621225155, 3.295807671892566
flux1:, 1.265865063460254, 0.03882666990119636, 0.0013833582707076986, 2.9348572025845128, -3.1530244019630587, 3.480827070487342
flux1:, 1.266847420330858, 0.04051249173285857, 0.0015839925660619696, 3.0919304173946833, -3.334139666905973, 3.675148261226887
flux1:, 1.2678297772014617, 0.04243084280674703, 0.0018199087562554834, 3.2533111005833297, -3.52788202590099, 3.879282334684563
flux1:, 1.2688121340720657, 0.04463053101971944, 0.002089347258470334, 3.419319431496335, -3.734749542473295, 4.093763984875213
flux1:, 1.2697944909426697, 0.04715971861743738, 0.0023895344203397023, 3.5904525976393713, -3.9550935738138917, 4.319147182443831
flux1:, 1.2707768478132737, 0.05006437313845958, 0.0027167169401752316, 3.767386761096456, -4.189112994138788, 4.556000344599143
flux1:, 1.2717592046838777, 0.053386696992500315, 0.0030662305778194543, 3.950970617340135, -4.436856632644437, 4.80490121737223
flux1:, 1.2727415615544815, 0.057163595692216886, 0.003432603114315726, 4.14221032301479, -4.698234397261848, 5.066431712051607
flux1:, 1.2737239184250855, 0.06142524834058015, 0.0038096904093601934, 4.342245989756789, -4.973037146454671, 5.341172953729845
flux1:, 1.2747062752956895, 0.06619384543163148, 0.004190843263878093, 4.5523203796809275, -5.260964930824443, 5.629700804394089
flux1:, 1.2756886321662935, 0.0714825581210569, 0.0045691016556986775, 4.773740873879803, -5.561662774529393, 5.932582115032272
flux1:, 1.2766709890368975, 0.07729479970375988, 0.004937411816293552, 5.0078361959252575, -5.874762725659464, 6.250371940430601
flux1:, 1.2776533459075012, 0.08362383402039272, 0.005288860593728242, 5.255909735513117, -6.199930497863707, 6.583611916997366
flux1:, 1.2786357027781052, 0.09045277691631186, 0.005616920639372491, 5.519191611548031, -6.536914675713762, 6.932829958917632
flux1:, 1.2796180596487092, 0.09775502580624504, 0.005915699199934981, 5.79879181967558, -6.885596185123822, 7.298541372783804
flux1:, 1.2806004165193132, 0.10549513906916208, 0.006180182725981384, 6.0956569102466025, -7.246035556782962, 7.681251427581394
flux1:, 1.2815827733899172, 0.11363017172614806, 0.006406469153269876, 6.4105326269040575, -7.6185154504543995, 8.08145934822541
flux1:, 1.282565130260521, 0.12211145705392872, 0.006591979598847579, 6.743934796408885, -8.003575971932184, 8.4996636296966
flux1:, 1.283547487131125, 0.13088680596356453, 0.006735641358592837, 7.096130495801996, -8.4020405076589, 8.93636849859487
flux1:, 1.284529844001729, 0.1399030777132234, 0.006838034508087271, 7.467131138515718, -8.815030123529846, 9.39209128303337
flux1:, 1.285512200872333, 0.14910905747594724, 0.006901495097753753, 7.85669862802955, -9.243965016756986, 9.867370393722608
flux1:, 1.286494557742937, 0.15845855914338236, 0.006930168890667163, 8.264365143659438, -9.690552058713532, 10.362773572097813
flux1:, 1.2874769146135407, 0.16791365623414595, 0.006930010802952553, 8.689466471448615, -10.156758102006245, 10.87890602834785
flux1:, 1.2884592714841447, 0.1774479306090576, 0.006908726648652127, 9.131188102117182, -10.644769420474136, 11.416418075589089
flux1:, 1.2894416283547487, 0.18704961856616126, 0.006875655430876699, 9.58862261975481, -11.156938375428126, 11.976011867958691
flux1:, 1.2904239852253527, 0.19672452743233895, 0.006841592218017072, 10.06083623394793, -11.695719120803414, 12.558446871003849
flux1:, 1.2914063420959567, 0.20649859353916505, 0.0068185535493037385, 10.546941699821469, -12.263594837407892, 13.164543732463175
flux1:, 1.2923886989665605, 0.21641995491272717, 0.006819489273046303, 11.046174359715707, -12.862999585340836, 13.795186279580163
flux1:, 1.2933710558371645, 0.22656041943137958, 0.006857946673455244, 11.557967658964207, -13.496238348482242, 14.451321443554123
flux1:, 1.2943534127077685, 0.2370162217648182, 0.006947694624652554, 12.082024264240282, -14.165409183762783, 15.133956999988328
flux1:, 1.2953357695783725, 0.2479079800844646, 0.0071023172583960115, 12.618378867879137, -14.87233155380846, 15.844157112653292
flux1:, 1.2963181264489765, 0.2593797861203856, 0.0073347881808322885, 13.167448909679333, -15.61848489460343, 16.583035772310257
flux1:, 1.2973004833195805, 0.27159738923386334, 0.0076570375616556285, 13.730069794465239, -16.40496123824461, 17.3517483279966
flux1:, 1.2982828401901843, 0.28474546617978047, 0.008079525389571733, 14.307511725240838, -17.23243527247833, 18.151481409890806
flux1:, 1.2992651970607882, 0.299024002363485, 0.008610834791385313, 14.901475994161897, -18.101154581326934, 18.983441635571097
flux1:, 1.3002475539313922, 0.31464384668918793, 0.009257299507646082, 15.514069453108176, -19.010951993009893, 19.84884356997973
flux1:, 1.3012299108019962, 0.33182153943362697, 0.01002267937613458, 16.147756889324096, -19.961280991009158, 20.74889746920177
flux1:, 1.3022122676726002, 0.3507735497103216, 0.01090789697840385, 16.805292118081635, -20.95127405930498, 21.684797375189078
flux1:, 1.303194624543204, 0.3717100946746677, 0.011910847451059497, 17.48962972557091, -21.97982267962395, 22.657710139813684
flux1:, 1.304176981413808, 0.3948287452595886, 0.013026291863861679, 18.203820498335965, -23.04567652923094, 23.66876594004783
flux1:, 1.305159338284412, 0.42030805151634437, 0.014245842547968514, 18.95089460512129, -24.14755829914995, 24.719050800985638
flux1:, 1.306141695155016, 0.4483014431941854, 0.015558046361309601, 19.733737497560288, -25.28428952285442, 25.80960157043359
flux1:, 1.30712405202562, 0.47893167674030424, 0.01694856916067582, 20.554964215063617, -26.45492193175745, 26.94140368991058
flux1:, 1.308106408896224, 0.5122861072937366, 0.018400481781395535, 21.416798269282477, -27.658868189579575, 28.115391985639146
flux1:, 1.3090887657668278, 0.5484130625240957, 0.019894644686988563, 22.320961505543398, -28.89602544929493, 29.332454564074816
flux1:, 1.3100711226374318, 0.5873195836062747, 0.021410185234417293, 23.26858126401399, -30.166885060937663, 30.593439745703748
flux1:, 1.3110534795080357, 0.6289707767799492, 0.02292505830405924, 24.26012077598497, -31.4726219611957, 31.8991658149614
flux1:, 1.3120358363786397, 0.6732909866829794, 0.024416677970105317, 25.29533802846077, -32.81515780759699, 33.25043321068739
flux1:, 1.3130181932492437, 0.7201669601793641, 0.02586260504093091, 26.373277326311097, -34.197192777266935, 34.64803863826001
flux1:, 1.3140005501198475, 0.7694531172866038, 0.027241272781547397, 27.49229650373206, -35.62220211251927, 36.092790459228276
flux1:, 1.3149829069904515, 0.8209789849761868, 0.02853273103762979, 28.650131229028368, -37.09439492699149, 37.58552461413971
flux1:, 1.3159652638610555, 0.8745587813594033, 0.029719387399181677, 29.843996165438195, -38.61863443503334, 39.127120265947426
flux1:, 1.3169476207316595, 0.9300030637128266, 0.03078672304591762, 31.070720964770995, -40.20032056871911, 40.71851432007869
flux1:, 1.3179299776022635, 0.9871322758852384, 0.031723960563918595, 32.32691725769216, -41.8452378244508, 42.36071398706527
flux1:, 1.3189123344728673, 1.0457919510757328, 0.03252466135424935, 33.60917104867855, -43.559373049603174, 44.05480660635624
flux1:, 1.3198946913434713, 1.1058692472115315, 0.033187231288447784, 34.914253311234006, -45.348709649338865, 45.80196604597485
flux1:, 1.3208770482140753, 1.1673104167680963, 0.03371531500041939, 36.239340194904514, -47.21900627350755, 47.60345512987982
flux1:, 1.3218594050846793, 1.2301387435242153, 0.03411806161393709, 37.582233178994414, -49.1755693463334, 49.46062371915179
flux1:, 1.3228417619552832, 1.2944724180913165, 0.03441024774097494, 38.94156880852327, -51.22302974760182, 51.37490227839321
flux1:, 1.323824118825887, 1.3605417746718609, 0.034612247177620195, 40.31700738163102, -53.36513447572078, 53.34779098673209
flux1:, 1.324806475696491, 1.4287052757828143, 0.03474984077939264, 41.70939016391998, -55.60456416881807, 55.380844694001475
flux1:, 1.325788832567095, 1.4994636117576643, 0.03485386440593599, 43.120855403341835, -57.94278689732173, 57.4756542660674
flux1:, 1.326771189437699, 1.5734712795012613, 0.03495969746013558, 44.55490460739278, -60.379957660089545, 59.63382509688149
flux1:, 1.327753546308303, 1.6515450215714307, 0.035106599270343056, 46.016412197538145, -62.91487152923374, 61.85695377689649
flux1:, 1.3287359031789068, 1.7346685430616784, 0.03533690523081103, 47.511573726425496, -65.5449764340909, 64.14660408575081
flux1:, 1.3297182600495108, 1.8239929802698405, 0.03569509907543841, 49.04779026200651, -68.26644921411902, 66.50428361072663
flux1:, 1.3307006169201148, 1.9208326714687018, 0.03622678176619139, 50.63348921985605, -71.07433588814848, 68.93142237176215
flux1:, 1.3316829737907188, 2.026655875337061, 0.036977561089857884, 52.277884754785106, -73.96275418753523, 71.42935485066286
flux1:, 1.3326653306613228, 2.1430701952181987, 0.03799188904659169, 53.99068368636143, -76.92515340371934, 73.99930677157177
flux1:, 1.3336476875319265, 2.2718025951910863, 0.03931187636932067, 55.781745703686106, -79.95462363803789, 76.6423878587734
flux1:, 1.3346300444025305, 2.4146740342100568, 0.0409761149439065, 57.660709143242904, -83.04424375123811, 79.35959160698808
flux1:, 1.3356124012731345, 2.573568894010839, 0.043018539440070135, 59.636595833854976, -86.18745482935226, 82.15180284244317
flux1:, 1.3365947581437385, 2.7503995313362184, 0.04546735907479632, 61.71741023798599, -89.37844394277943, 85.01981353652056
flux1:, 1.3375771150143425, 2.9470664411776273, 0.04834408910507383, 63.90974928636922, -92.61252149459278, 87.96434696837272
flux1:, 1.3385594718849465, 3.165414670754374, 0.051662709408761394, 66.21843982191444, -95.88647463212932, 90.98608993106951
flux1:, 1.3395418287555503, 3.4071872693089182, 0.055428974415424354, 68.64622038161345, -99.19887910735228, 94.08573225325259
flux1:, 1.3405241856261543, 3.673976691911814, 0.059639894777764955, 71.19348312398014, -102.55035266249408, 97.26401248223401
flux1:, 1.3415065424967583, 3.9671751918722076, 0.06428340664114494, 73.85809005685661, -105.94373450112973, 100.52176816356702
flux1:, 1.3424888993673623, 4.287925331843522, 0.06933823931070028, 76.63527537245224, -109.3841776593117, 103.85998877564012
flux1:, 1.3434712562379663, 4.637071814472007, 0.0747739866907022, 79.51764272056504, -112.87914405925464, 107.27986905458545
flux1:, 1.34445361310857, 5.015115876169817, 0.08055138225128489, 82.49526274662578, -116.4382956167998, 110.78286019246691
flux1:, 1.345435969979174, 5.4221734996560915, 0.08662277164649866, 85.55587231487111, -120.07327885879673, 114.37071622644844
flux1:, 1.346418326849778, 5.857938680407958, 0.09293277164990572, 88.6851726786441, -123.79740493440481, 118.04553287107332
flux1:, 1.347400683720382, 6.321652928046987, 0.09941909897181139, 91.86721961789941, -127.6252314988798, 121.80977608999197
flux1:, 1.348383040590986, 6.812082095817686, 0.10601354794773238, 95.08489441636348, -131.57205751775555, 125.66629786281761
flux1:, 1.34936539746159, 7.327501510506271, 0.11264309219556515, 98.32044068096207, -135.65334638306962, 129.61833687823957
flux1:, 1.3503477543321938, 7.865690223197173, 0.11923108226253598, 101.55604859097566, -139.88409665114517, 133.66950227300225
flux1:, 1.3513301112027978, 8.4239350208899, 0.12569850912593739, 104.77446537031885, -144.27818301286663, 137.82373902844486
flux1:, 1.3523124680734018, 8.999044633882622, 0.13196530224692463, 107.95960874830452, -148.84769261967222, 142.08527421962305
flux1:, 1.3532948249440058, 9.587374348453366, 0.13795163074012678, 111.0971590304128, -153.6022834651765, 146.4585439682618
flux1:, 1.3542771818146098, 10.184860993978395, 0.14357917711237195, 114.17510522539439, -158.5485920518342, 150.94810165862143
flux1:, 1.3552595386852135, 10.787068024088567, 0.1487723549018764, 117.18422151433924, -163.68971698242063, 155.5585087098945
flux1:, 1.3562418955558175, 11.389240159110196, 0.15345944433763417, 120.11845220511682, -169.02480338193539, 160.29420993287096
flux1:, 1.3572242524264215, 11.986366808486242, 0.15757362372481046, 122.9751861522842, -174.5487501982027, 165.1593962039248
flux1:, 1.3582066092970255, 12.573253253910565, 0.16105387850264496, 125.75540535477397, -180.2520585216393, 170.15785783683452
flux1:, 1.3591889661676295, 13.144598353199356, 0.16384577464577804, 128.4636969476553, -186.12083422566891, 175.2928325953811
flux1:, 1.3601713230382333, 13.695077327901547, 0.16590208809844223, 131.10812291744605, -192.13695262416465, 180.56685274068712
flux1:, 1.3611536799088373, 14.219428030288066, 0.1671832870403454, 133.69994740068435, -198.27838667533683, 185.9815958247567
flux1:, 1.3621360367794413, 14.71253895297755, 0.16765786877527988, 136.2532271549855, -204.51969376903594, 191.53774410714385
flux1:, 1.3631183936500453, 15.169537151572365, 0.16730255770418145, 138.78427648772708, -210.8326495754751, 197.23485747193567
flux1:, 1.3641007505206493, 15.585874200839589, 0.16610237500019487, 141.311023352015, -217.187011080429, 203.07126454980596
flux1:, 1.365083107391253, 15.957408300636256, 0.16405059407252573, 143.85227823730906, -223.55138505717267, 209.0439764035869
flux1:, 1.366065464261857, 16.28048069022124, 0.16114859854233549, 146.4269416741568, -229.8941730926913, 215.1486266213543
flux1:, 1.367047821132461, 16.55198461880975, 0.15740566114778012, 149.05317944262427, -236.1845601342036, 221.3794409899115
flux1:, 1.368030178003065, 16.76942525496226, 0.15283866267539997, 151.74759676043612, -242.39351056018148, 227.7292391127119
flux1:, 1.369012534873669, 16.930969095082865, 0.14747176965461473, 154.52444370891794, -248.49473417078602, 234.18946941343592
flux1:, 1.3699948917442728, 17.03548164815649, 0.14133608817078017, 157.39488385880722, -254.46558434904878, 240.75027795886555
flux1:, 1.3709772486148768, 17.08255242494001, 0.13446930881636182, 160.3663564628844, -260.28785201960574, 247.40061047581207
flux1:, 1.3719596054854808, 17.072506539167726, 0.12691535462128412, 163.44205972084808, -265.94842191866854, 254.12834586267178
flux1:, 1.3729419623560848, 17.006402529079875, 0.11872403993643176, 166.62057858027117, -271.4397620150447, 260.92045844416725
flux1:, 1.3739243192266888, 16.886016322180474, 0.109950743879687, 169.8956754542846, -276.7602225528072, 267.7632052268096
flux1:, 1.3749066760972926, 16.713811586518098, 0.1006560973127382, 173.25625629645276, -281.91412792891197, 274.6423335176337
flux1:, 1.3758890329678966, 16.492897029627766, 0.09090567764161832, 176.68651790122902, -286.9116522278072, 281.54330350590556
flux1:, 1.3768713898385005, 16.226971513191693, 0.08076970127910953, 180.1662753494722, -291.76847742248293, 288.4515198044764
flux1:, 1.3778537467091045, 15.920258139289759, 0.07032269962788221, 183.67146147030948, -296.50524169671235, 295.35256553119154
flux1:, 1.3788361035797085, 15.577428725057853, 0.05964316118540233, 187.17478332822802, -301.1467937075283, 302.23243229766246
flux1:, 1.3798184604503125, 15.203520309558698, 0.0488131200594902, 190.6465143518312, -305.72127654562934, 309.0777394759898
flux1:, 1.3808008173209163, 14.803845523464277, 0.03791767000944964, 194.05539506622085, -310.259072329394, 315.87593633609544
flux1:, 1.3817831741915203, 14.383898793566393, 0.027044383242599557, 197.3696107178682, -314.7916444740108, 322.6154810840328
flux1:, 1.3827655310621243, 13.949260446224336, 0.016282614699636034, 200.55781059289217, -319.3503194364959, 329.2859914723904
flux1:, 1.3837478879327283, 13.505500813977719, 0.0057226754971185945, 203.59013168794, -323.96505292632907, 335.87836247915607
flux1:, 1.3847302448033323, 13.058086436510072, -0.004545136458848474, 206.4391887003511, -328.66322702606925, 342.38484753421784
flux1:, 1.3857126016739363, 12.612290381199562, -0.014431655002537125, 209.080993109393, -333.4685242919044, 348.7991008809955
flux1:, 1.38669495854454, 12.173108591371195, -0.023850112850798546, 211.49576640592917, -338.3999226784671, 355.1161798586008
flux1:, 1.387677315415144, 11.745184005222411, -0.03271754901969447, 213.66861621852752, -343.4708511129123, 361.33250713537274
flux1:, 1.388659672285748, 11.332739979751375, -0.04095633968083288, 215.59004904210514, -348.688539858892, 367.4457941772463
flux1:, 1.389642029156352, 10.93952430756593, -0.0484958267576234, 217.25629931173788, -354.05359266568615, 373.4549284493012
flux1:, 1.390624386026956, 10.56876483700368, -0.05527400968816313, 218.66946144201253, -359.5597993576506, 379.35982798653544
flux1:, 1.3916067428975598, 10.223137405159425, -0.061239257288066264, 219.83741889836563, -365.1941983050588, 385.16126798981435
flux1:, 1.3925890997681638, 9.90474647750035, -0.06635198893356324, 220.77357208233502, -370.9373884915221, 390.8606849709977
flux1:, 1.3935714566387678, 9.61511856544348, -0.07058626775227815, 221.4963744860712, -376.7640810456281, 396.4599646579635
flux1:, 1.3945538135093718, 9.355208173388279, -0.07393124353623824, 222.0286938911871, -382.6438705347123, 401.961220352448
flux1:, 1.3955361703799758, 9.125415718020733, -0.07639238002582294, 222.3970220551934, -388.54219742217623, 407.36656869591286
flux1:, 1.3965185272505796, 8.925616573567124, -0.07799240035043302, 222.6305620738352, -394.42146523872333, 412.67790983266474
flux1:, 1.3975008841211836, 8.7552001348746, -0.07877188598378203, 222.76022719508686, -400.24226954686895, 417.89671876613926
flux1:, 1.3984832409917876, 8.613117562672828, -0.07878946873272794, 222.817588105117, -405.9646909683263, 423.0238542910228
flux1:, 1.3994655978623916, 8.497936688032231, -0.07812156209518177, 222.83380747744664, -411.54960161148557, 428.0593912673017
flux1:, 1.4004479547329955, 8.407902410610001, -0.07686158776472024, 222.8386008058705, -416.95993332378396, 433.0024812047057
flux1:, 1.4014303116035993, 8.341000831137048, -0.0751186649975773, 222.85926122527218, -422.161857358042, 437.8512451765314
flux1:, 1.4024126684742033, 8.295025314724205, -0.07301574475973562, 222.9197832230102, -427.1258282599085, 442.60270201477056
flux1:, 1.4033950253448073, 8.267642688428241, -0.0706871867078173, 223.04011598017348, -431.8274499417507, 447.25273359015523
flux1:, 1.4043773822154113, 8.256457833140805, -0.06827579470479835, 223.2355717358685, -436.2481288161084, 451.79608779294534
flux1:, 1.4053597390860153, 8.259075033814621, -0.06592934522470278, 223.51640826748474, -440.37548725166533, 456.2264186416371
flux1:, 1.406342095956619, 8.273154599543183, -0.06379666208702743, 223.88759759274285, -444.20352015701263, 460.5363617981939
flux1:, 1.407324452827223, 8.296463451052785, -0.06202330985528634, 224.3487856199259, -447.73248781269433, 464.7176426979603
flux1:, 1.408306809697827, 8.326918591671905, -0.060746996278251475, 224.8944400095686, -450.9685487428393, 468.7612135429906
flux1:, 1.409289166568431, 8.362622621854717, -0.06009279067878157, 225.51417627474947, -453.92314701429865, 472.65741459023616
flux1:, 1.410271523439035, 8.401890719241148, -0.060168279547334336, 226.19324543504734, -456.61217843715525, 476.39615451405876
flux1:, 1.4112538803096388, 8.44326877799214, -0.061058792156143016, 226.91316062366744, -459.0549693043388, 479.96710415359564
flux1:, 1.4122362371802428, 8.485542674533965, -0.06282283721384216, 227.65243516401455, -461.27310916778174, 483.3598976809797
flux1:, 1.4132185940508468, 8.5277388937343, -0.06548789595012947, 228.3874009697078, -463.28918537844595, 486.5643351497244
flux1:, 1.4142009509214508, 8.569117002092938, -0.06904671717833796, 229.09307381473795, -465.12547145325914, 489.5705805007675
flux1:, 1.4151833077920548, 8.609154685492204, -0.07345425557226246, 229.74403114246235, -466.802623589175, 492.36934940725826
flux1:, 1.4161656646626586, 8.647526271907958, -0.07862538548879358, 230.31526864450666, -468.3384397197753, 494.9520818119409
flux1:, 1.4171480215332626, 8.68407582868955, -0.08443350919006298, 230.78300379290596, -469.7467333919755, 497.3110946324397
flux1:, 1.4181303784038666, 8.718786055132199, -0.09071016043821287, 231.12539773927324, -471.03637050535474, 499.4397108536783
flux1:, 1.4191127352744706, 8.751744280890964, -0.09724568247468626, 231.32317133954388, -472.21051076808766, 501.3323620648649
flux1:, 1.4200950921450746, 8.78310692742693, -0.10379103382163946, 231.3600963103646, -473.26608782574175, 502.98466239997964
flux1:, 1.4210774490156786, 8.813063792602517, -0.11006074676239842, 231.2233484262725, -474.1935527249913, 504.3934527730309
flux1:, 1.4220598058862823, 8.841803478564307, -0.11573703249886386, 230.9037159536505, -474.97689505490655, 505.5568152316267
flux1:, 1.4230421627568863, 8.869481202295974, -0.12047499468094992, 230.3956629036442, -475.5939451761276, 506.4740581537531
flux1:, 1.4240245196274903, 8.896190110025671, -0.12390888016943502, 229.69725288760682, -476.0169498405538, 507.14567385494524
flux1:, 1.4250068764980943, 8.921937065483121, -0.12565926349950285, 228.80994510557477, -476.21340266508616, 507.57327093231623
flux1:, 1.4259892333686983, 8.94662370320067, -0.12534103055124884, 227.73827904421853, -476.1471007845769, 507.7594843261775
flux1:, 1.4269715902393023, 8.970033337794215, -0.12257199839412326, 226.48946859797326, -475.7793899763677, 507.70786661406055
flux1:, 1.427953947109906, 8.991824105158404, -0.1169819831066355, 225.07292938984742, -475.0705529776014, 507.4227644536257
flux1:, 1.42893630398051, 9.011528488810715, -0.10822210646139374, 223.49976494537674, -473.98128990634996, 506.90918435418
flux1:, 1.429918660851114, 9.028559161403674, -0.0959741164922653, 221.78223800711163, -472.47423587324374, 506.1726520797976
flux1:, 1.430901017721718, 9.042220854744864, -0.07995948677985128, 219.93325267009217, -470.51545917728856, 505.21906997287675
flux1:, 1.431883374592322, 9.051727768269982, -0.05994805530738333, 217.96587122862803, -468.0758839769122, 504.05457634434396
flux1:, 1.4328657314629258, 9.056225841994872, -0.03576596628268881, 215.8928867644676, -465.1325839856122, 502.68541081551876
flux1:, 1.4338480883335298, 9.054819061031274, -0.0073026875373957715, 213.72646873397025, -461.6698984456118, 501.11778913216534
flux1:, 1.4348304452041338, 9.046598829386753, 0.02548310805065978, 211.47789432787724, -457.68032818715733, 499.35779052041397
flux1:, 1.4358128020747378, 9.03067535459452, 0.06255898646604624, 209.15737340873113, -453.1651777166909, 497.4112601355276
flux1:, 1.4367951589453418, 9.006209924232436, 0.10381568303436012, 206.77396962636922, -448.1349186664197, 495.283728588139
flux1:, 1.4377775158159456, 8.97244693193509, 0.14906564731982744, 204.33561512467486, -442.6092602045397, 492.9803499372264
flux1:, 1.4387598726865496, 8.928744524238049, 0.19804329243888988, 201.8492113324304, -436.6169227449977, 490.5058589360895
flux1:, 1.4397422295571536, 8.874602789501772, 0.2504069974364999, 199.3208039102192, -430.19512208673956, 487.86454772332524
flux1:, 1.4407245864277576, 8.80968849412993, 0.30574286761549746, 196.75581620910174, -423.3887815393862, 485.06026158333054
flux1:, 1.4417069432983616, 8.733855486152276, 0.3635702127304274, 194.15932275439826, -416.24949925659604, 482.096412874786
flux1:, 1.4426893001689653, 8.647160027929907, 0.42334865800342214, 191.53634242407048, -408.8343065405372, 478.97601175215476
flux1:, 1.4436716570395693, 8.549870483414024, 0.48448675925890566, 188.89213022194724, -401.20425998723147, 475.70171189669105
flux1:, 1.4446540139101733, 8.442470965612364, 0.5463519523616911, 186.23244687488443, -393.4229157638726, 472.2758691342268
flux1:, 1.4456363707807773, 8.325658740819762, 0.6082816297834671, 183.56378688075242, -385.55473786535356, 468.7006105542657
flux1:, 1.4466187276513813, 8.200335381662365, 0.669595104624068, 180.89354802154034, -377.6634937840887, 464.97791156026125
flux1:, 1.447601084521985, 8.067591854948489, 0.7296061957682929, 178.23012860652176, -369.810690621452, 461.1096781726541
flux1:, 1.448583441392589, 7.928687916736731, 0.7876361478954222, 175.58294265848284, -362.05410232368786, 457.0978318754753
flux1:, 1.449565798263193, 7.785026360284229, 0.8430265874248913, 172.96234770399792, -354.446434570037, 452.94439433729906
flux1:, 1.450548155133797, 7.638122817487425, 0.8951522106234885, 170.3794845569107, -347.03416807248857, 448.6515694443929
flux1:, 1.451530512004401, 7.4895719465979145, 0.9434329032392228, 167.84603326103849, -339.85661392101747, 444.22182025099755
flux1:, 1.4525128688750049, 7.341010944692043, 0.987345002159715, 165.37389395261033, -332.945206427648, 439.65793867150717
flux1:, 1.4534952257456089, 7.194081399778399, 1.0264314284834444, 162.97480559249414, -326.32305002402643, 434.9631060042808
flux1:, 1.4544775826162128, 7.050390542678568, 1.0603104475805798, 160.65991910315987, -320.0047275058951, 430.1409426781288
flux1:, 1.4554599394868168, 6.911472972036417, 1.0886828445301646, 158.4393442532431, -313.99636765423645, 425.1955459416805
flux1:, 1.4564422963574208, 6.7787539071191425, 1.1113373418880241, 156.32169153034874, -308.2959613478947, 420.13151456537946
flux1:, 1.4574246532280246, 6.6535149735541745, 1.1281541300246354, 154.31363114000862, -302.8939070421384, 414.95395998597746
flux1:, 1.4584070100986286, 6.53686344880145, 1.1391064271016003, 152.41949112170414, -297.77375921313666, 409.6685036875195
flux1:, 1.4593893669692326, 6.4297057898277385, 1.1442600348464715, 150.6409153878202, -292.9131473028344, 404.2812609719327
flux1:, 1.4603717238398366, 6.332726138686396, 1.143770906293047, 148.9766003208683, -288.28482803160455, 398.7988116203375
flux1:, 1.4613540807104406, 6.246370356676018, 1.137880791203355, 147.42212550812303, -283.8578308043197, 393.22815827503797
flux1:, 1.4623364375810444, 6.1708359790794995, 1.1269110726173475, 145.9698903890245, -279.59865438304377, 387.5766736760728
flux1:, 1.4633187944516486, 6.106068315094523, 1.1112549525811848, 144.60916421200685, -275.47247303575836, 381.852038158869
flux1:, 1.4643011513222524, 6.051762746544812, 1.0913681853696593, 143.32625194175347, -271.4443119316402, 376.06216905532733
flux1:, 1.4652835081928564, 6.007373109368978, 1.0677585913560452, 142.10477383874152, -267.4801545191395, 370.21514383507133
flux1:, 1.4662658650634603, 5.972125878638515, 1.0409746131668833, 140.92605156995168, -263.5479488224362, 364.3191189719187
flux1:, 1.4672482219340643, 5.94503972554759, 1.011593197147214, 139.76958911984, -259.61848481145756, 358.3822466194769
flux1:, 1.4682305788046683, 5.924949877613642, 0.9802072969190224, 138.6136326548602, -255.6661209965862, 352.4125912269884
flux1:, 1.4692129356752721, 5.910536594829508, 0.9474133016286682, 137.4357900344605, -251.6693449066461, 346.4180482189969
flux1:, 1.470195292545876, 5.900356977681374, 0.9137986892612936, 136.21368800461084, -247.61115885421103, 340.40626680213177
flux1:, 1.47117764941648, 5.892879250026286, 0.8799301952967662, 134.9256433698745, -243.47928910513988, 334.38457884639075
flux1:, 1.472160006287084, 5.886518612290198, 0.8463427693577491, 133.5513236875205, -239.2662229922747, 328.35993562219807
flux1:, 1.473142363157688, 5.879673738984316, 0.8135295679345655, 132.07237328968506, -234.96908441284694, 322.33885395870993
flux1:, 1.4741247200282919, 5.870762999052632, 0.7819332005284586, 130.47298169904406, -230.58936332389874, 316.3273731295753
flux1:, 1.4751070768988959, 5.858259507193252, 0.7519384105697757, 128.74037369955306, -226.13251913697292, 310.3310234750196
flux1:, 1.4760894337694999, 5.84072416748284, 0.7238663323090242, 126.86520335530658, -221.6074811935018, 304.354807440975
flux1:, 1.4770717906401039, 5.816835945166137, 0.6979704217186297, 124.84183800150598, -217.0260717036387, 298.40319336593564
flux1:, 1.4780541475107078, 5.785418695596677, 0.674434114522969, 122.6685224985113, -212.4023776275882, 292.4801219831485
flux1:, 1.4790365043813116, 5.745463987814296, 0.6533702190618429, 120.34741865683446, -207.75209799171344, 286.58902524057333
flux1:, 1.4800188612519156, 5.696149480575322, 0.6348220070503494, 117.88451951168805, -203.0918921248215, 280.7328566839839
flux1:, 1.4810012181225196, 5.636852537026642, 0.6187659226429741, 115.28944284888257, -198.43875237465352, 274.91413231073057
flux1:, 1.4819835749931236, 5.567158896762657, 0.6051157906777115, 112.57511286481711, -193.80942215452447, 269.13498049407997
flux1:, 1.4829659318637276, 5.486866356860989, 0.5937283695933802, 109.7573429004809, -189.21987683305485, 263.39719930998194
flux1:, 1.4839482887343314, 5.395983542920266, 0.5844100641638703, 106.85433566294711, -184.68488119025102, 257.7023193798369
flux1:, 1.4849306456049354, 5.294723973635895, 0.5769245886007384, 103.88612010610895, -180.21763310425834, 252.05167018111075
flux1:, 1.4859130024755394, 5.1834957348758035, 0.5710013522804946, 100.87394608651341, -175.8294989873999, 246.44644767963072
flux1:, 1.4868953593461434, 5.062887178812707, 0.5663443287046299, 97.83965897816324, -171.52984243299318, 240.88778110632833
flux1:, 1.4878777162167474, 4.933649148163532, 0.5626411634485614, 94.80507659839292, -167.32594372726143, 235.3767967401211
flux1:, 1.4888600730873511, 4.796674293235467, 0.5595722787514742, 91.79139008096223, -163.22300446244262, 229.91467666637308
flux1:, 1.4898424299579551, 4.652974099095975, 0.5568197408019434, 88.81860878368674, -159.22422857362776, 224.50271065460637
flux1:, 1.4908247868285591, 4.5036542711661465, 0.5540756702623106, 85.90506702311488, -155.33096879782804, 219.14233953516057
flux1:, 1.4918071436991631, 4.349889139818811, 0.551049996564, 83.06700750226437, -151.54292587494382, 213.83518874378206
flux1:, 1.4927895005697671, 4.192895738653013, 0.5474773812691045, 80.31825287852116, -147.85838680000523, 208.58309103807386
flux1:, 1.4937718574403709, 4.033908187998307, 0.5431231644878245, 77.66997316225878, -144.27448808737813, 203.38809775715941
flux1:, 1.4947542143109749, 3.8741529763316667, 0.5377882200359033, 75.13055270803181, -140.78749028653263, 198.25247838515955
flux1:, 1.4957365711815789, 3.7148256794979866, 0.5313126387203929, 72.70555662597953, -137.39305083438614, 193.1787085755475
flux1:, 1.4967189280521829, 3.557069593064436, 0.5235781938403866, 70.39779266367148, -134.0864836623705, 188.16944718368774
flux1:, 1.4977012849227869, 3.4019566792007527, 0.5145095776679266, 68.20746113789146, -130.86299569935966, 183.22750322523044
flux1:, 1.4986836417933906, 3.250471148699641, 0.5040744313541756, 66.13238246376552, -127.71789241971341, 178.3557940153102
flux1:, 1.4996659986639946, 3.1034959137511517, 0.49228222246960474, 64.16828934387532, -124.64674676562487, 173.55729603541565
flux1:, 1.5006483555345986, 2.961802060467982, 0.4791820534034348, 62.309168824337945, -121.6455280151058, 168.83499031149915
flux1:, 1.5016307124052026, 2.8260414044338074, 0.4648595093953419, 60.54763824992367, -118.71068936424331, 164.1918042594584
flux1:, 1.5026130692758066, 2.6967421100805913, 0.44943267645605145, 58.87533867726606, -115.83921504959176, 159.6305520568559
flux1:, 1.5035954261464104, 2.574307277624488, 0.4330474763979327, 57.283329524278514, -113.02862967063835, 155.15387562905852
flux1:, 1.5045777830170146, 2.4590163314669735, 0.4158724783349671, 55.76246910593926, -110.27697391736208, 150.7641882932008
flux1:, 1.5055601398876184, 2.351028982950742, 0.3980933531701004, 54.303767166502226, -107.58275211554788, 146.4636229867412
flux1:, 1.5065424967582224, 2.2503914893451977, 0.379907139763648, 52.89869747790453, -104.94485784451504, 142.25398682341313
flux1:, 1.5075248536288264, 2.1570448907768127, 0.3615164888134283, 51.539460928069744, -102.36248434810454, 138.13672347577585
flux1:, 1.5085072104994304, 2.0708348779754573, 0.343124043254152, 50.21919215274721, -99.83502655923675, 134.11288458942104
flux1:, 1.5094895673700344, 1.9915229263052348, 0.3249271026032781, 48.93210554546359, -97.36198131631498, 130.18311110098978
flux1:, 1.5104719242406381, 1.9187983253492826, 0.30711270365049453, 47.67357928610572, -94.942851805581, 126.34762497309652
flux1:, 1.5114542811112421, 1.8522907377739852, 0.2898532318020709, 46.44017873804109, -92.57706146842439, 122.6062314877221
flux1:, 1.5124366379818461, 1.7915829354830701, 0.2733026569088336, 45.229623064716186, -90.26388162534829, 118.95833186950256
flux1:, 1.5134189948524501, 1.7362233841099592, 0.2575934652281398, 44.040701111648204, -88.00237595283257, 115.40294565575351
flux1:, 1.5144013517230541, 1.6857383774292776, 0.24283433601747395, 42.87314440909747, -85.79136377061154, 111.93874190360494
flux1:, 1.515383708593658, 1.6396434598831862, 0.2291085878471007, 41.72746651517734, -83.62940291828997, 108.56407803830919
flux1:, 1.516366065464262, 1.5974539166241803, 0.21647339674501492, 40.60477880210468, -81.51479188019636, 105.27704491058613
flux1:, 1.5173484223348659, 1.5586941547301436, 0.20495976639805252, 39.5065931760554, -79.44558980682322, 102.0755164525514
flux1:, 1.5183307792054699, 1.5229058450298667, 0.19457321041408604, 38.434622122258034, -77.41965222239226, 98.9572022072115
flux1:, 1.5193131360760739, 1.4896547398149211, 0.18529508861201072, 37.39058591167376, -75.43467953190438, 95.9197009581467
flux1:, 1.5202954929466777, 1.4585361262403145, 0.17708452386836862, 36.37603584247042, -73.48827496734083, 92.96055370470128
flux1:, 1.5212778498172816, 1.429178917195174, 0.16988081353444456, 35.39220108314407, -71.57800834991012, 90.0772943109012
flux1:, 1.5222602066878856, 1.401248419790275, 0.16360624006582586, 34.4398651110872, -69.70148199014113, 87.26749629902837
flux1:, 1.5232425635584896, 1.3744478554751607, 0.1581691793915059, 33.5192759854254, -67.85639518730059, 84.52881445399417
flux1:, 1.5242249204290936, 1.3485187344913518, 0.15346740270436027, 32.630092844816105, -66.04060410185309, 81.85902014354006
flux1:, 1.5252072772996974, 1.323240210415524, 0.14939146769142925, 31.771369167755033, -64.25217423068042, 79.25602953120091
flux1:, 1.5261896341703014, 1.2984275576952842, 0.1458280985632636, 30.941571559160533, -62.489423279967916, 76.717924152704
flux1:, 1.5271719910409054, 1.273929926275688, 0.14266346032753696, 30.138631208634163, -60.75095286810268, 74.24296362951303
flux1:, 1.5281543479115094, 1.249627532795625, 0.1397862412545391, 29.36002376838151, -59.03566816217109, 71.82959059375395
flux1:, 1.5291367047821134, 1.2254284477170163, 0.13709046801774488, 28.602872274057358, -57.342785219671754, 69.47642818493864
flux1:, 1.5301190616527172, 1.2012651325990211, 0.13447799013631442, 27.86406691699637, -55.6718264375424, 67.18227074000093
flux1:, 1.5311014185233212, 1.1770908721379323, 0.1318605836478277, 27.140394992015203, -54.02260507366206, 64.94606852448514
flux1:, 1.5320837753939252, 1.1528762322509998, 0.12916163793782132, 26.428674196316603, -52.3952002775389, 62.766907536963664
flux1:, 1.5330661322645291, 1.1286056591468578, 0.12631740389089435, 25.725882630922168, -50.789924429036816, 60.64398555447974
flux1:, 1.5340484891351331, 1.1042743157935013, 0.12327779556765864, 25.029279331719916, -49.20728482612276, 58.57658567091344
flux1:, 1.535030846005737, 1.0798852322739174, 0.12000675104425024, 24.3365098949269, -47.64794188090828, 56.56404861071526
flux1:, 1.536013202876341, 1.0554468259975631, 0.11648217051022725, 23.645692714141763, -46.112665980725325, 54.60574507855648
flux1:, 1.536995559746945, 1.0309708273597482, 0.11269546088996123, 22.955482458233277, -44.60229505674462, 52.701049333841084
flux1:, 1.537977916617549, 1.0064706268914172, 0.10865072587372594, 22.26510863159477, -43.11769469091437, 50.849315062578675
flux1:, 1.538960273488153, 0.9819600418198902, 0.10436364812138528, 21.574388310037644, -41.65972230147701, 49.04985446442968
flux1:, 1.5399426303587567, 0.9574524837679732, 0.09986011640192362, 20.883713377033104, -40.22919659894778, 47.30192128753706
flux1:, 1.5409249872293607, 0.9329604954514015, 0.0951746544901708, 20.194013740760038, -38.82687312133293, 45.60469833706058
flux1:, 1.5419073440999647, 0.908495612980059, 0.0903487107546164, 19.506699043220788, -37.453426262554515, 43.95728976443626
flux1:, 1.5428897009705687, 0.8840685018930957, 0.08542886759413844, 18.82358223773466, -36.10943782350768, 42.35871822291163
flux1:, 1.5438720578411727, 0.859689309428665, 0.08046502832807176, 18.146789079278275, -34.79539176114225, 40.80792676022478
flux1:, 1.5448544147117764, 0.8353681726964964, 0.07550863597236392, 17.478658023020046, -33.511674504135705, 39.303785120034355
flux1:, 1.5458367715823806, 0.8111158222514581, 0.07061097374353498, 16.82163525060663, -32.25857995764739, 37.84509994757336
flux1:, 1.5468191284529844, 0.7869442228313567, 0.06582159135203584, 16.17816954284245, -31.036318143167943, 36.430628248534035
flux1:, 1.5478014853235884, 0.7628671974351164, 0.061186894429602005, 15.550611503194173, -29.84502631737664, 35.05909333814806
flux1:, 1.5487838421941924, 0.7389009871293747, 0.056748927046893584, 14.941121229910266, -28.684781386544433, 33.729202443253044
flux1:, 1.5497661990647964, 0.7150647065993005, 0.05254436948656462, 14.351587964279878, -27.555612476422816, 32.43966508526188
flux1:, 1.5507485559354004, 0.6913806640975798, 0.048603765507522594, 13.783564543142566, -26.45751262451537, 31.18921137622529
flux1:, 1.5517309128060042, 0.6678745236826726, 0.04495098551930897, 13.238218693988454, -25.39044872151729, 29.97660940176307
flux1:, 1.5527132696766082, 0.6445752970719053, 0.041602924612603294, 12.716302371513642, -24.354369029000512, 28.800680940118013
flux1:, 1.5536956265472122, 0.6215151616862907, 0.03856942746808028, 12.21813948609579, -23.349207826847312, 27.660314871300667
flux1:, 1.5546779834178162, 0.5987291101898224, 0.03585342596570312, 11.743631556254295, -22.374886982001385, 26.554477758525863
flux1:, 1.5556603402884202, 0.5762544447253488, 0.03345126998031407, 11.292280064152324, -21.43131446517995, 25.482221229294904
flux1:, 1.556642697159024, 0.5541301358737281, 0.03135322748102686, 10.863223636016357, -20.518380061019055, 24.44268593865532
flux1:, 1.557625054029628, 0.5323960719251033, 0.029544126718136037, 10.45528763228334, -19.635948707986543, 23.43510205523294
flux1:, 1.558607410900232, 0.5110922282180955, 0.028004111011872567, 10.067043332870668, -18.783852057764214, 22.4587863645634
flux1:, 1.559589767770836, 0.490257789007004, 0.026709475446804045, 9.69687365125514, -17.961878952906293, 21.513136227712177
flux1:, 1.56057212464144, 0.46993025554776696, 0.02563355458609378, 9.343042209970921, -17.169765582442018, 20.597620760275667
flux1:, 1.5615544815120437, 0.45014457389596246, 0.02474763108352545, 9.003762655388233, -16.407186086545888, 19.7117697028921
flux1:, 1.5625368383826477, 0.43093231437941654, 0.02402183669590268, 8.677265270589656, -15.673744345330396, 18.855160535620506
flux1:, 1.5635191952532517, 0.41232093198236436, 0.02342601957119093, 8.361858245543987, -14.968967607346066, 18.027404442559263
flux1:, 1.5645015521238557, 0.39433313313119916, 0.02293055468039237, 8.055981362855979, -14.292302497137698, 17.228131758666148
flux1:, 1.5654839089944597, 0.3769863698042785, 0.022507077735292595, 7.75825033114404, -13.643113796330933, 16.456977528029945
flux1:, 1.5664662658650634, 0.3602924767173694, 0.022129126746288374, 7.467490520556313, -13.020686228631279, 15.713567773192569
flux1:, 1.5674486227356674, 0.34425746178977196, 0.021772679381247634, 7.182759399508473, -12.424229305827996, 14.997507020930001
flux1:, 1.5684309796062714, 0.32888145439980393, 0.02141657834834598, 6.903357512365079, -11.85288511948699, 14.308367554611243
flux1:, 1.5694133364768754, 0.3141588103112786, 0.021042841012941366, 6.628828350349932, -11.30573880100545, 13.645680771019796
flux1:, 1.5703956933474794, 0.3000783667974346, 0.02063685325236175, 6.35894793102087, -10.781831229695998, 13.00893091504918
flux1:, 1.5713780502180832, 0.2866238365870863, 0.020187451049664847, 6.09370529743419, -10.280173451727359, 12.397551354068852
flux1:, 1.5723604070886872, 0.2737743249628752, 0.019686896442161556, 5.833275463087534, -9.799762187467016, 11.810923440037087
flux1:, 1.5733427639592912, 0.26150495077780356, 0.019130757105234056, 5.577986553921096, -9.339595754615576, 11.248377896705144
flux1:, 1.5743251208298952, 0.24978754941268735, 0.01851770101900681, 5.328283029778681, -8.898689720922444, 10.709198566056376
flux1:, 1.5753074777004992, 0.2385914338301671, 0.017849219306264184, 5.084686905176371, -8.476091622714103, 10.192628256614334
flux1:, 1.576289834571103, 0.22788418891110745, 0.01712929143521022, 4.847758837596841, -8.070894141519497, 9.697876359799734
flux1:, 1.577272191441707, 0.2176324741749271, 0.016364007558585553, 4.618060819287074, -7.682246216629033, 9.22412784172976
flux1:, 1.578254548312311, 0.2078028107445476, 0.015561162835580705, 4.396122007273674, -7.309361681015928, 8.770553178436018
flux1:, 1.579236905182915, 0.19836232994906156, 0.014729838193508937, 4.182408970019822, -6.951525135117454, 8.336318783199024
flux1:, 1.580219262053519, 0.18927946317084013, 0.013879981182383783, 3.977301333445032, -6.608094910424465, 7.920597475470122
flux1:, 1.5812016189241227, 0.1805245553267183, 0.013021999416776429, 3.7810734902596526, -6.278503115195165, 7.522578560650967
flux1:, 1.5821839757947267, 0.17207038760101043, 0.012166377651371312, 3.5938827110255884, -5.962252890703765, 7.141477127094156
flux1:, 1.5831663326653307, 0.16389259858804367, 0.011323327869194207, 3.415763678540254, -5.658913131502973, 6.7765422186155195
flux1:, 1.5841486895359347, 0.1559699967175915, 0.010502479945427802, 3.2466291730181633, -5.368111031373561, 6.427063604664637
flux1:, 1.5851310464065387, 0.14828476059388446, 0.009712618554900694, 3.0862763760949656, -5.089522903187689, 6.092376942707537
flux1:, 1.5861134032771425, 0.1408225275487807, 0.00896147008411815, 2.934398046346002, -4.822863782366196, 5.771867204846353
flux1:, 1.5870957601477467, 0.1335723741762216, 0.008255541450477605, 2.790597654578477, -4.567876357952722, 5.464970319648753
flux1:, 1.5880781170183504, 0.12652669577168607, 0.007600010976428745, 2.6544074574632277, -4.324319781965238, 5.171173057119175
flux1:, 1.5890604738889544, 0.11968099436239386, 0.006998669861466102, 2.5253084341733247, -4.091958887484864, 4.890011256541212
flux1:, 1.5900428307595584, 0.11303358731032961, 0.006453911377559168, 2.402751010906072, -3.8705543010539003, 4.62106656072281
flux1:, 1.5910251876301624, 0.1065852502529037, 0.005966763712414975, 2.2861755484037234, -3.6598538686917537, 4.363961873698812
flux1:, 1.5920075445007664, 0.10033880938567873, 0.005536961418710476, 2.1750316616919543, -3.4595857313831035, 4.118355800395125
flux1:, 1.5929899013713702, 0.0942986987795498, 0.005163049705941579, 2.0687955714751407, -3.269453290180955, 3.883936355053014
flux1:, 1.5939722582419742, 0.08847049857060842, 0.004842515335667588, 1.9669848440534328, -3.089132198293649, 3.66041423979282
flux1:, 1.5949546151125782, 0.08286046949276692, 0.004571937643713399, 1.8691700517356025, -2.918269413100693, 3.447515995715156
flux1:, 1.5959369719831822, 0.07747509838371662, 0.004347153200090999, 1.774983068892418, -2.756484240125631, 3.244977317078979
flux1:, 1.5969193288537862, 0.07232066804034178, 0.004163427808942008, 1.684121900687832, -2.6033712083525877, 3.052536795568976
flux1:, 1.59790168572439, 0.06740286319638866, 0.004015629921697634, 1.5963521136520744, -2.458504536025413, 2.8699303281419524
flux1:, 1.598884042594994, 0.06272642251738553, 0.003898400058420922, 1.511505092164725, -2.321443881511513, 2.6968863804064958
flux1:, 1.599866399465598, 0.058294844433316284, 0.003806311474199571, 1.4294734766057724, -2.191741027314732, 2.5331222501828123
flux1:, 1.600848756336202, 0.05411015243855958, 0.0037340180376364386, 1.3502042429320675, -2.0689471182277344, 2.378341425171239
flux1:, 1.601831113206806, 0.050172723259597464, 0.0036763860752204985, 1.2736899569962292, -1.9526200672626934, 2.23223207689797
flux1:, 1.6028134700774097, 0.046481179098938875, 0.003628607748064857, 1.1999587789227493, -1.8423317547244014, 2.0944666825877345
flux1:, 1.6037958269480137, 0.04303234307696005, 0.003586294337589347, 1.1290638038219685, -1.737674675034204, 1.9647027194422955
flux1:, 1.6047781838186177, 0.03982125507314111, 0.0035455485984812562, 1.0610723070121804, -1.638267730332609, 1.8425843338008068
flux1:, 1.6057605406892217, 0.03684124346535623, 0.0035030160682823206, 0.9960554179592974, -1.5437609265330217, 1.7277448523315575
flux1:, 1.6067428975598257, 0.0340840468211843, 0.0034559158847580753, 0.9340786815415085, -1.4538387929495182, 1.6198099748720296
flux1:, 1.6077252544304295, 0.03153997843841238, 0.003402052240228128, 0.8751938829523187, -1.3682224172471988, 1.518401469519507
flux1:, 1.6087076113010335, 0.029198125780191535, 0.0033398080860788746, 0.8194324189094538, -1.2866700595396126, 1.4231411803612766
flux1:, 1.6096899681716375, 0.02704657631144644, 0.003268123084443193, 0.7668003983306119, -1.2089763794208428, 1.3336551567536759
flux1:, 1.6106723250422414, 0.025072661011883695, 0.0031864580853037485, 0.7172755555974104, -1.1349703742843928, 1.2495777198108453
flux1:, 1.6116546819128454, 0.023263206904317876, 0.0030947485873200047, 0.6708059638866734, -1.0645121836212434, 1.170555295964035
flux1:, 1.6126370387834492, 0.021604790271757525, 0.0029933497240520806, 0.6273104491162449, -0.9974889598233816, 1.0962498680186774
flux1:, 1.6136193956540532, 0.020083982812976138, 0.002882975311221917, 0.5866805303826638, -0.9338100397207616, 1.0263419197720665
flux1:, 1.6146017525246572, 0.018687583768235486, 0.002764633404666225, 0.5487836530001116, -0.873401671690151, 0.9605327795502161
flux1:, 1.6155841093952612, 0.017402831994264838, 0.0026395606638972505, 0.5134674371035509, -0.8162015604388501, 0.8985462994575383
flux1:, 1.6165664662658652, 0.016217593037858618, 0.002509157604946728, 0.4805646389815087, -0.7621534858841881, 0.8401298392243595
flux1:, 1.617548823136469, 0.015120517406814643, 0.002374926571325987, 0.4498985136985468, -0.7112022349375363, 0.7850545548541188
flux1:, 1.618531180007073, 0.01410116742224128, 0.0022384139664863825, 0.42128827512707673, -0.6632890569830222, 0.733115021499801
flux1:, 1.619513536877677, 0.013150111216408189, 0.002101157987723857, 0.3945543715179441, -0.6183478173760573, 0.6841282460210707
flux1:, 1.620495893748281, 0.012258983577099366, 0.0019646427919355657, 0.369523328872111, -0.5763019806035657, 0.6379321465670532
flux1:, 1.621478250618885, 0.01142051439930688, 0.0018302597188451458, 0.3460319579315732, -0.5370625082789593, 0.5943835936215236
flux1:, 1.6224606074894887, 0.010628526459191519, 0.0016992759067165726, 0.32393077059626574, -0.500526709327479, 0.5533561188225654
flux1:, 1.6234429643600927, 0.009877905050476057, 0.0015728103672069584, 0.3030865049671351, -0.4665780329371377, 0.5147374043586788
flux1:, 1.6244253212306967, 0.009164542702757855, 0.0014518173461807932, 0.2833837120374101, -0.4350867512826656, 0.4784266669383054
flux1:, 1.6254076781013007, 0.0084852627237078, 0.0013370765907383896, 0.2647254085700095, -0.40591144056885026, 0.4443320465382454
flux1:, 1.6263900349719047, 0.00783772566770066, 0.001229189972454086, 0.2470328475096082, -0.3789011371224234, 0.41236810186910133
flux1:, 1.6273723918425085, 0.00722032303310385, 0.0011285837843187237, 0.23024449741716155, -0.35389802119855074, 0.38245350242559406
flux1:, 1.6283547487131127, 0.00663206253511235, 0.0010355159342038992, 0.21431435442907026, -0.3307404655432385, 0.3545089919080695
flux1:, 1.6293371055837165, 0.006072449201671442, 0.0009500871995194725, 0.19920973318950683, -0.3092662787853735, 0.3284556805825585
flux1:, 1.6303194624543205, 0.005541366311194529, 0.0008722556837608069, 0.18490869670294677, -0.2893159752211141, 0.30421370569174094
flux1:, 1.6313018193249245, 0.005038959850533237, 0.0008018536226021096, 0.17139728920994812, -0.2707359118989044, 0.28170128023779395
flux1:, 1.6322841761955285, 0.004565529740040701, 0.0007386057211080106, 0.15866673159515254, -0.253381150174141, 0.2608341321791908
flux1:, 1.6332665330661325, 0.0041214305713445165, 0.0006821482601407308, 0.1467107264654594, -0.2371179208682899, 0.24152531907491742
flux1:, 1.6342488899367362, 0.0037069840548137733, 0.0006320482844486723, 0.13552300118680116, -0.22182559842544688, 0.22368538813985595
flux1:, 1.6352312468073402, 0.0033224047997345916, 0.0005878222725202036, 0.12509519335310917, -0.20739811848768724, 0.20722283904964675
flux1:, 1.6362136036779442, 0.0029677404720245782, 0.0005489537844601054, 0.11541515603008556, -0.19374480354803064, 0.1920448370438516
flux1:, 1.6371959605485482, 0.0026428268115109843, 0.0005149096845397656, 0.1064657313391712, -0.180790591268926, 0.17805811713300534
flux1:, 1.6381783174191522, 0.002347257460766005, 0.00048515463572404866, 0.09822401215408157, -0.16847568827795326, 0.16517001659655903
flux1:, 1.639160674289756, 0.0020803680752204405, 0.0004591636608945466, 0.09066108435003915, -0.15675469753675844, 0.15328957238967597
flux1:, 1.64014303116036, 0.0018412337618078083, 0.0004364326567372794, 0.08374221747287505, -0.14559528872574135, 0.142328622351799
flux1:, 1.641125388030964, 0.0016286785398052007, 0.000416486828982676, 0.07742745090966953, -0.13497649774137843, 0.1322028539161098
flux1:, 1.642107744901568, 0.001441295238816007, 0.0003988870901322202, 0.07167250641046179, -0.12488675289627138, 0.12283275094926013
flux1:, 1.643090101772172, 0.001277474047951422, 0.0003832345218022029, 0.06642994658079379, -0.11532173154404236, 0.1141443979361567
flux1:, 1.6440724586427757, 0.0011354378072375463, 0.00036917305276941225, 0.061650492908418834, -0.10628215170433457, 0.10607011045513606
flux1:, 1.6450548155133797, 0.0010132820845478844, 0.000356390540613016, 0.05728441587512932, -0.09777159915351155, 0.09854887124466734
flux1:, 1.6460371723839837, 0.0009090181039784198, 0.0003446184698646831, 0.05328291337394381, -0.08979448191804591, 0.0915265616306234
flux1:, 1.6470195292545877, 0.0008206166776552485, 0.00033363049356116255, 0.04959940141169774, -0.08235419186892876, 0.08495598818825367
flux1:, 1.6480018861251917, 0.0007460514339588286, 0.0003232400490485629, 0.04619065218549912, -0.07545153800767007, 0.07879671383030701
flux1:, 1.6489842429957955, 0.0006833398214744537, 0.00031329727412451864, 0.043017728215039276, -0.06908349897589981, 0.07301471068591428
flux1:, 1.6499665998663995, 0.0006305805892058416, 0.00030368543750685593, 0.040046676375407285, -0.06324232425754389, 0.06758185888569707
flux1:, 1.6509489567370035, 0.0005859866891065824, 0.000294317079709665, 0.037248961481443466, -0.0579149954009266, 0.06247532050623576
flux1:, 1.6519313136076075, 0.0005479128061506316, 0.00028513003818114615, 0.034601634643504006, -0.05308304123336232, 0.05767682134608365
flux1:, 1.6529136704782115, 0.0005148769838922615, 0.00027608350548682367, 0.032087246150195516, -0.04872268523631862, 0.05317187488663574
flux1:, 1.6538960273488152, 0.0004855760703499528, 0.00026715424276033486, 0.029693525457313946, -0.04480528963006879, 0.04894898279802151
flux1:, 1.6548783842194192, 0.00045889495178505984, 0.0002583330438292429, 0.02741286144303341, -0.04129804976582056, 0.04499884481103128
flux1:, 1.6558607410900232, 0.0004339097633413447, 0.00024962151941934857, 0.02524162405557325, -0.038164884462711136, 0.04131360788644749
flux1:, 1.6568430979606272, 0.00040988545990622635, 0.0002410292465185276, 0.023179373626386973, -0.03536746310915657, 0.03788618060885919
flux1:, 1.6578254548312312, 0.0003862682935520522, 0.00023257130603919292, 0.021228006410069507, -0.03286630866633593, 0.03470963388235554
flux1:, 1.658807811701835, 0.00036267387276484644, 0.00022426621283991497, 0.019390884454033325, -0.030621917008343644, 0.03177670359899865
flux1:, 1.659790168572439, 0.0003388715719249963, 0.00021613422626663522, 0.017671994943815852, -0.02859583702126937, 0.02907940527456104
flux1:, 1.660772525443043, 0.00031476611720735934, 0.00020819601677671184, 0.016075179072377085, -0.026751662167564486, 0.02660876497939073
flux1:, 1.661754882313647, 0.000290377198417094, 0.00020047165490355345, 0.014603463684381899, -0.025055892327954386, 0.024354665490918567
flux1:, 1.662737239184251, 0.00026581794760918134, 0.0001929798826446096, 0.01325852094457695, -0.023478634136136437, 0.022305801680490553
flux1:, 1.6637195960548548, 0.00024127308790897837, 0.00018573762406081184, 0.01204027258968846, -0.021994118174269783, 0.0204497349046363
flux1:, 1.6647019529254587, 0.00021697749372564894, 0.00017875969111068952, 0.010946646458027466, -0.02058102175976802, 0.01877303273678955
flux1:, 1.6656843097960627, 0.0001931958209861865, 0.00017205864212381094, 0.00997348443000371, -0.0192225961185363, 0.01726147783891084
flux1:, 1.6666666666666667, 0.0001702037679470749, 0.0001656447534036669, 0.009114593080009349, -0.017906606051072572, 0.015900328175373065

Elapsed run time = 889.3146 s
